2024-06-14 16:00:37,242 - INFO - Loading configuration files...
2024-06-14 16:00:37,727 - INFO - Loading model configuration
args:
  backbone: resnet101
  num_classes: 20
class: DeepLabV3

2024-06-14 16:00:37,737 - INFO - Loading train_dataset configuration
args:
  num_labeled: 70
  root: /data/auto/kitti
  train_val_test_split:
  - 0.7
  - 0.1
  - 0.2
class: SemiSupervisedKittiSeg

2024-06-14 16:00:37,816 - INFO - Loading val_dataset configuration
args:
  root: /data/auto/kitti
  train_val_test_split:
  - 0.7
  - 0.1
  - 0.2
class: KittiSeg

2024-06-14 16:00:37,823 - INFO - Loading optimizer configuration
args:
  lr: 0.001
class: Adam

2024-06-14 16:00:37,824 - INFO - Loading loss configuration
args:
  ignore_index: 0
class: CrossEntropyLoss

2024-06-14 16:00:37,838 - INFO - Loading metrics configuration
kitti_dice:
  args:
    average: micro
    ignore_index: 0
    num_classes: 20
  class: Dice
kitti_jaccard_macro:
  args:
    average: macro
    ignore_index: 0
    num_classes: 20
    task: multiclass
    validate_args: false
  class: JaccardIndex
kitti_jaccard_micro:
  args:
    average: micro
    ignore_index: 0
    num_classes: 20
    task: multiclass
    validate_args: false
  class: JaccardIndex

2024-06-14 16:00:37,838 - INFO - Loading hyperparameters configuration
batch_size: 8
ema_decay: null
epochs: 60
num_workers: 4
save_freq: 5

2024-06-14 16:00:37,849 - INFO - Using device: cuda
2024-06-14 16:00:37,949 - INFO - Training for 60 epochs
2024-06-14 16:00:37,949 - INFO - Epoch 1/60
2024-06-14 16:00:54,310 - INFO - Train Stats
Loss:
  total: 1.4641665750079684
Metrics:
  kitti_dice: 0.6168447869519392
  kitti_jaccard_macro: 0.17455671996706063
  kitti_jaccard_micro: 0.4914234158479505

2024-06-14 16:00:55,697 - INFO - Validation Stats
Loss:
  total: 35.93116315205892
Metrics:
  kitti_dice: 0.21441848576068878
  kitti_jaccard_macro: 0.033573090409239136
  kitti_jaccard_micro: 0.12281321982542674

2024-06-14 16:00:56,220 - INFO - Epoch 2/60
2024-06-14 16:01:12,082 - INFO - Train Stats
Loss:
  total: 0.8075339992841085
Metrics:
  kitti_dice: 0.7608748939302232
  kitti_jaccard_macro: 0.2409201661745707
  kitti_jaccard_micro: 0.6390795244110955

2024-06-14 16:01:13,477 - INFO - Validation Stats
Loss:
  total: 2.193376580874125
Metrics:
  kitti_dice: 0.5750416914621989
  kitti_jaccard_macro: 0.12988738467295965
  kitti_jaccard_micro: 0.41878847281138104

2024-06-14 16:01:14,393 - INFO - Epoch 3/60
2024-06-14 16:01:30,471 - INFO - Train Stats
Loss:
  total: 0.7359221312734816
Metrics:
  kitti_dice: 0.7689298126432631
  kitti_jaccard_macro: 0.245169535279274
  kitti_jaccard_micro: 0.6502838134765625

2024-06-14 16:01:31,875 - INFO - Validation Stats
Loss:
  total: 0.919573167959849
Metrics:
  kitti_dice: 0.7460296948750814
  kitti_jaccard_macro: 0.24620209137598673
  kitti_jaccard_micro: 0.6138892571131388

2024-06-14 16:01:32,711 - INFO - Epoch 4/60
2024-06-14 16:01:48,962 - INFO - Train Stats
Loss:
  total: 0.6922117008103265
Metrics:
  kitti_dice: 0.7806451188193427
  kitti_jaccard_macro: 0.25732309288448757
  kitti_jaccard_micro: 0.6671809090508355

2024-06-14 16:01:50,382 - INFO - Validation Stats
Loss:
  total: 0.7867357134819031
Metrics:
  kitti_dice: 0.7756812373797098
  kitti_jaccard_macro: 0.26075030366579693
  kitti_jaccard_micro: 0.6539294123649597

2024-06-14 16:01:51,215 - INFO - Epoch 5/60
2024-06-14 16:02:07,678 - INFO - Train Stats
Loss:
  total: 0.5800180600749122
Metrics:
  kitti_dice: 0.8157906598514981
  kitti_jaccard_macro: 0.277126004298528
  kitti_jaccard_micro: 0.7196010814772712

2024-06-14 16:02:09,112 - INFO - Validation Stats
Loss:
  total: 0.8695639769236246
Metrics:
  kitti_dice: 0.7616720398267111
  kitti_jaccard_macro: 0.24909537533919016
  kitti_jaccard_micro: 0.6348180373509725

2024-06-14 16:02:09,619 - INFO - Epoch 6/60
2024-06-14 16:02:26,211 - INFO - Train Stats
Loss:
  total: 0.5623806416988373
Metrics:
  kitti_dice: 0.8169493410322402
  kitti_jaccard_macro: 0.2831876857413186
  kitti_jaccard_micro: 0.7203121450212266

2024-06-14 16:02:27,656 - INFO - Validation Stats
Loss:
  total: 0.8558509945869446
Metrics:
  kitti_dice: 0.7545804182688395
  kitti_jaccard_macro: 0.25133217374483746
  kitti_jaccard_micro: 0.6252342263857523

2024-06-14 16:02:27,656 - INFO - Epoch 7/60
2024-06-14 16:02:44,412 - INFO - Train Stats
Loss:
  total: 0.5372509956359863
Metrics:
  kitti_dice: 0.8204207817713419
  kitti_jaccard_macro: 0.29199621743626064
  kitti_jaccard_micro: 0.7253563205401102

2024-06-14 16:02:45,869 - INFO - Validation Stats
Loss:
  total: 0.7122102379798889
Metrics:
  kitti_dice: 0.7897434631983439
  kitti_jaccard_macro: 0.2690911889076233
  kitti_jaccard_micro: 0.6738788882891337

2024-06-14 16:02:46,755 - INFO - Epoch 8/60
2024-06-14 16:03:03,638 - INFO - Train Stats
Loss:
  total: 0.484843416346444
Metrics:
  kitti_dice: 0.8402049740155538
  kitti_jaccard_macro: 0.3050825231605106
  kitti_jaccard_micro: 0.7557983862029182

2024-06-14 16:03:05,096 - INFO - Validation Stats
Loss:
  total: 0.7106986045837402
Metrics:
  kitti_dice: 0.7954487601915995
  kitti_jaccard_macro: 0.28437373538812
  kitti_jaccard_micro: 0.6817741990089417

2024-06-14 16:03:05,937 - INFO - Epoch 9/60
2024-06-14 16:03:22,950 - INFO - Train Stats
Loss:
  total: 0.4463859796524048
Metrics:
  kitti_dice: 0.8478133281071981
  kitti_jaccard_macro: 0.31797754764556885
  kitti_jaccard_micro: 0.7686593333880106

2024-06-14 16:03:24,421 - INFO - Validation Stats
Loss:
  total: 0.6827372709910074
Metrics:
  kitti_dice: 0.792953352133433
  kitti_jaccard_macro: 0.28286051750183105
  kitti_jaccard_micro: 0.6788127422332764

2024-06-14 16:03:25,313 - INFO - Epoch 10/60
2024-06-14 16:03:42,394 - INFO - Train Stats
Loss:
  total: 0.44028153353267246
Metrics:
  kitti_dice: 0.8518964714474149
  kitti_jaccard_macro: 0.32459134525722927
  kitti_jaccard_micro: 0.774102959367964

2024-06-14 16:03:43,867 - INFO - Validation Stats
Loss:
  total: 0.7128489216168722
Metrics:
  kitti_dice: 0.7959000468254089
  kitti_jaccard_macro: 0.283475120862325
  kitti_jaccard_micro: 0.6832510034243265

2024-06-14 16:03:44,695 - INFO - Epoch 11/60
2024-06-14 16:04:01,883 - INFO - Train Stats
Loss:
  total: 0.4277760187784831
Metrics:
  kitti_dice: 0.8507254189915128
  kitti_jaccard_macro: 0.32227479418118793
  kitti_jaccard_micro: 0.7719870011011759

2024-06-14 16:04:03,360 - INFO - Validation Stats
Loss:
  total: 0.6959055066108704
Metrics:
  kitti_dice: 0.796470026175181
  kitti_jaccard_macro: 0.2845155696074168
  kitti_jaccard_micro: 0.6837319930394491

2024-06-14 16:04:03,360 - INFO - Epoch 12/60
2024-06-14 16:04:20,599 - INFO - Train Stats
Loss:
  total: 0.40647216306792366
Metrics:
  kitti_dice: 0.8562155101034377
  kitti_jaccard_macro: 0.3314186930656433
  kitti_jaccard_micro: 0.7813070482677884

2024-06-14 16:04:22,072 - INFO - Validation Stats
Loss:
  total: 0.7421700358390808
Metrics:
  kitti_dice: 0.7891132036844889
  kitti_jaccard_macro: 0.28804920117060345
  kitti_jaccard_micro: 0.6737238168716431

2024-06-14 16:04:22,072 - INFO - Epoch 13/60
2024-06-14 16:04:39,373 - INFO - Train Stats
Loss:
  total: 0.3964731991291046
Metrics:
  kitti_dice: 0.8607307606273227
  kitti_jaccard_macro: 0.33185916145642597
  kitti_jaccard_micro: 0.7882183392842611

2024-06-14 16:04:40,865 - INFO - Validation Stats
Loss:
  total: 0.7593361934026083
Metrics:
  kitti_dice: 0.7865249911944071
  kitti_jaccard_macro: 0.2791261027256648
  kitti_jaccard_micro: 0.6690721909205118

2024-06-14 16:04:40,865 - INFO - Epoch 14/60
2024-06-14 16:04:58,383 - INFO - Train Stats
Loss:
  total: 0.3805813855595059
Metrics:
  kitti_dice: 0.862285746468438
  kitti_jaccard_macro: 0.32623915208710563
  kitti_jaccard_micro: 0.7913909090889825

2024-06-14 16:04:59,867 - INFO - Validation Stats
Loss:
  total: 0.6856210231781006
Metrics:
  kitti_dice: 0.804673433303833
  kitti_jaccard_macro: 0.2952757080396016
  kitti_jaccard_micro: 0.6952423652013143

2024-06-14 16:04:59,867 - INFO - Epoch 15/60
2024-06-14 16:05:17,515 - INFO - Train Stats
Loss:
  total: 0.3603197866015964
Metrics:
  kitti_dice: 0.8703397181298997
  kitti_jaccard_macro: 0.35056430101394653
  kitti_jaccard_micro: 0.804928375615014

2024-06-14 16:05:19,017 - INFO - Validation Stats
Loss:
  total: 0.6779507597287496
Metrics:
  kitti_dice: 0.811008632183075
  kitti_jaccard_macro: 0.31069280703862506
  kitti_jaccard_micro: 0.7049928307533264

2024-06-14 16:05:25,444 - INFO - Epoch 16/60
2024-06-14 16:05:42,753 - INFO - Train Stats
Loss:
  total: 0.3396822214126587
Metrics:
  kitti_dice: 0.8742455045382181
  kitti_jaccard_macro: 0.35984183351198834
  kitti_jaccard_micro: 0.8112292687098185

2024-06-14 16:05:44,248 - INFO - Validation Stats
Loss:
  total: 0.6819280783335367
Metrics:
  kitti_dice: 0.8080487052599589
  kitti_jaccard_macro: 0.30953408281008404
  kitti_jaccard_micro: 0.699777623017629

2024-06-14 16:05:44,248 - INFO - Epoch 17/60
2024-06-14 16:06:01,760 - INFO - Train Stats
Loss:
  total: 0.3087945183118184
Metrics:
  kitti_dice: 0.8838475479020013
  kitti_jaccard_macro: 0.3893294268184238
  kitti_jaccard_micro: 0.8283024032910665

2024-06-14 16:06:03,250 - INFO - Validation Stats
Loss:
  total: 0.685865561167399
Metrics:
  kitti_dice: 0.8092228571573893
  kitti_jaccard_macro: 0.30492239197095233
  kitti_jaccard_micro: 0.7014696598052979

2024-06-14 16:06:03,250 - INFO - Epoch 18/60
2024-06-14 16:06:20,934 - INFO - Train Stats
Loss:
  total: 0.32332079609235126
Metrics:
  kitti_dice: 0.8801429271697998
  kitti_jaccard_macro: 0.378738628493415
  kitti_jaccard_micro: 0.8211145732137892

2024-06-14 16:06:22,435 - INFO - Validation Stats
Loss:
  total: 0.7029176155726115
Metrics:
  kitti_dice: 0.8188005487124125
  kitti_jaccard_macro: 0.3230753540992737
  kitti_jaccard_micro: 0.7152338822682699

2024-06-14 16:06:22,435 - INFO - Epoch 19/60
2024-06-14 16:06:40,211 - INFO - Train Stats
Loss:
  total: 0.3109171407090293
Metrics:
  kitti_dice: 0.8819707896974351
  kitti_jaccard_macro: 0.4099285999933879
  kitti_jaccard_micro: 0.8238945338461134

2024-06-14 16:06:41,709 - INFO - Validation Stats
Loss:
  total: 0.6865336100260416
Metrics:
  kitti_dice: 0.8114259441693624
  kitti_jaccard_macro: 0.31692179044087726
  kitti_jaccard_micro: 0.7047436038653055

2024-06-14 16:06:41,709 - INFO - Epoch 20/60
2024-06-14 16:06:59,573 - INFO - Train Stats
Loss:
  total: 0.3059554745753606
Metrics:
  kitti_dice: 0.8837129208776686
  kitti_jaccard_macro: 0.3876504765616523
  kitti_jaccard_micro: 0.8269476360744901

2024-06-14 16:07:01,067 - INFO - Validation Stats
Loss:
  total: 0.6144857406616211
Metrics:
  kitti_dice: 0.8233433365821838
  kitti_jaccard_macro: 0.32815971970558167
  kitti_jaccard_micro: 0.7230427265167236

2024-06-14 16:07:02,692 - INFO - Epoch 21/60
2024-06-14 16:07:20,499 - INFO - Train Stats
Loss:
  total: 0.2747643076711231
Metrics:
  kitti_dice: 0.8908711473147074
  kitti_jaccard_macro: 0.42949965596199036
  kitti_jaccard_micro: 0.8393090234862434

2024-06-14 16:07:21,993 - INFO - Validation Stats
Loss:
  total: 0.6219149728616079
Metrics:
  kitti_dice: 0.8238606452941895
  kitti_jaccard_macro: 0.32897334297498065
  kitti_jaccard_micro: 0.7233025630315145

2024-06-14 16:07:21,993 - INFO - Epoch 22/60
2024-06-14 16:07:39,889 - INFO - Train Stats
Loss:
  total: 0.30302869776884717
Metrics:
  kitti_dice: 0.8803249730004205
  kitti_jaccard_macro: 0.40171923571162754
  kitti_jaccard_micro: 0.8219101627667745

2024-06-14 16:07:41,386 - INFO - Validation Stats
Loss:
  total: 0.6436012585957845
Metrics:
  kitti_dice: 0.814037561416626
  kitti_jaccard_macro: 0.3283754487832387
  kitti_jaccard_micro: 0.7088199655214945

2024-06-14 16:07:41,386 - INFO - Epoch 23/60
2024-06-14 16:07:59,286 - INFO - Train Stats
Loss:
  total: 0.2698466016186608
Metrics:
  kitti_dice: 0.8939418925179375
  kitti_jaccard_macro: 0.4285536441538069
  kitti_jaccard_micro: 0.8449909687042236

2024-06-14 16:08:00,795 - INFO - Validation Stats
Loss:
  total: 0.6465855638186137
Metrics:
  kitti_dice: 0.8165639440218607
  kitti_jaccard_macro: 0.32534367839495343
  kitti_jaccard_micro: 0.7129188179969788

2024-06-14 16:08:00,795 - INFO - Epoch 24/60
2024-06-14 16:08:18,701 - INFO - Train Stats
Loss:
  total: 0.2538541505734126
Metrics:
  kitti_dice: 0.8981057074334886
  kitti_jaccard_macro: 0.43940403395228916
  kitti_jaccard_micro: 0.8521240618493822

2024-06-14 16:08:20,205 - INFO - Validation Stats
Loss:
  total: 0.6504440307617188
Metrics:
  kitti_dice: 0.8183589577674866
  kitti_jaccard_macro: 0.34618882338205975
  kitti_jaccard_micro: 0.7143881718317667

2024-06-14 16:08:20,205 - INFO - Epoch 25/60
2024-06-14 16:08:38,095 - INFO - Train Stats
Loss:
  total: 0.2426631814903683
Metrics:
  kitti_dice: 0.9003622598118253
  kitti_jaccard_macro: 0.43773898151185775
  kitti_jaccard_micro: 0.8558039334085252

2024-06-14 16:08:39,603 - INFO - Validation Stats
Loss:
  total: 0.6071823835372925
Metrics:
  kitti_dice: 0.8190381328264872
  kitti_jaccard_macro: 0.34272579352060956
  kitti_jaccard_micro: 0.7159509261449178

2024-06-14 16:08:41,250 - INFO - Epoch 26/60
2024-06-14 16:08:59,157 - INFO - Train Stats
Loss:
  total: 0.22469810479217106
Metrics:
  kitti_dice: 0.9060192969110277
  kitti_jaccard_macro: 0.4552193780740102
  kitti_jaccard_micro: 0.8654363022910224

2024-06-14 16:09:00,654 - INFO - Validation Stats
Loss:
  total: 0.6094231009483337
Metrics:
  kitti_dice: 0.8303684592247009
  kitti_jaccard_macro: 0.35569780071576435
  kitti_jaccard_micro: 0.7336470286051432

2024-06-14 16:09:00,654 - INFO - Epoch 27/60
2024-06-14 16:09:18,554 - INFO - Train Stats
Loss:
  total: 0.2091769576072693
Metrics:
  kitti_dice: 0.9085207117928399
  kitti_jaccard_macro: 0.4676125976774428
  kitti_jaccard_micro: 0.8727833959791396

2024-06-14 16:09:20,055 - INFO - Validation Stats
Loss:
  total: 0.6065753300984701
Metrics:
  kitti_dice: 0.8345029354095459
  kitti_jaccard_macro: 0.3630295197168986
  kitti_jaccard_micro: 0.7402473092079163

2024-06-14 16:09:20,872 - INFO - Epoch 28/60
2024-06-14 16:09:38,740 - INFO - Train Stats
Loss:
  total: 0.2148655272192425
Metrics:
  kitti_dice: 0.9074188934432136
  kitti_jaccard_macro: 0.46351443396674263
  kitti_jaccard_micro: 0.8684750133090549

2024-06-14 16:09:40,234 - INFO - Validation Stats
Loss:
  total: 0.6341175436973572
Metrics:
  kitti_dice: 0.8345345457394918
  kitti_jaccard_macro: 0.35974498589833576
  kitti_jaccard_micro: 0.7394078572591146

2024-06-14 16:09:40,234 - INFO - Epoch 29/60
2024-06-14 16:09:58,049 - INFO - Train Stats
Loss:
  total: 0.20676594310336643
Metrics:
  kitti_dice: 0.9100517630577087
  kitti_jaccard_macro: 0.4612988597816891
  kitti_jaccard_micro: 0.8731228245629205

2024-06-14 16:09:59,550 - INFO - Validation Stats
Loss:
  total: 0.6512871185938517
Metrics:
  kitti_dice: 0.826116939385732
  kitti_jaccard_macro: 0.3596879740556081
  kitti_jaccard_micro: 0.7274692257245382

2024-06-14 16:09:59,550 - INFO - Epoch 30/60
2024-06-14 16:10:17,311 - INFO - Train Stats
Loss:
  total: 0.20697197980350918
Metrics:
  kitti_dice: 0.9086529678768582
  kitti_jaccard_macro: 0.47753481401337516
  kitti_jaccard_micro: 0.8711500830120511

2024-06-14 16:10:18,803 - INFO - Validation Stats
Loss:
  total: 0.598397692044576
Metrics:
  kitti_dice: 0.8275402585665385
  kitti_jaccard_macro: 0.3558686276276906
  kitti_jaccard_micro: 0.7291269501050314

2024-06-14 16:10:23,324 - INFO - Epoch 31/60
2024-06-14 16:10:40,699 - INFO - Train Stats
Loss:
  total: 0.19390485518508488
Metrics:
  kitti_dice: 0.9126676188574897
  kitti_jaccard_macro: 0.4938730796178182
  kitti_jaccard_micro: 0.8783876895904541

2024-06-14 16:10:42,183 - INFO - Validation Stats
Loss:
  total: 0.6586857239405314
Metrics:
  kitti_dice: 0.8290538986523946
  kitti_jaccard_macro: 0.3576817512512207
  kitti_jaccard_micro: 0.7310877839724222

2024-06-14 16:10:42,183 - INFO - Epoch 32/60
2024-06-14 16:10:59,707 - INFO - Train Stats
Loss:
  total: 0.2001121524307463
Metrics:
  kitti_dice: 0.9106407430436876
  kitti_jaccard_macro: 0.4948841896322038
  kitti_jaccard_micro: 0.8751022550794814

2024-06-14 16:11:01,200 - INFO - Validation Stats
Loss:
  total: 0.676549901564916
Metrics:
  kitti_dice: 0.8319278756777445
  kitti_jaccard_macro: 0.3633561929066976
  kitti_jaccard_micro: 0.7360569636027018

2024-06-14 16:11:01,200 - INFO - Epoch 33/60
2024-06-14 16:11:18,784 - INFO - Train Stats
Loss:
  total: 0.19953636162810856
Metrics:
  kitti_dice: 0.9110262327724032
  kitti_jaccard_macro: 0.49420856104956734
  kitti_jaccard_micro: 0.875486327542199

2024-06-14 16:11:20,285 - INFO - Validation Stats
Loss:
  total: 0.6017107566197714
Metrics:
  kitti_dice: 0.8327078819274902
  kitti_jaccard_macro: 0.3721079130967458
  kitti_jaccard_micro: 0.7373901009559631

2024-06-14 16:11:20,285 - INFO - Epoch 34/60
2024-06-14 16:11:37,991 - INFO - Train Stats
Loss:
  total: 0.20936918589803907
Metrics:
  kitti_dice: 0.9069081412421333
  kitti_jaccard_macro: 0.47657857007450527
  kitti_jaccard_micro: 0.8682379325230917

2024-06-14 16:11:39,488 - INFO - Validation Stats
Loss:
  total: 0.7117471694946289
Metrics:
  kitti_dice: 0.8140934705734253
  kitti_jaccard_macro: 0.35531866550445557
  kitti_jaccard_micro: 0.708665649096171

2024-06-14 16:11:39,488 - INFO - Epoch 35/60
2024-06-14 16:11:57,196 - INFO - Train Stats
Loss:
  total: 0.2123206936650806
Metrics:
  kitti_dice: 0.905659728580051
  kitti_jaccard_macro: 0.48779024680455524
  kitti_jaccard_micro: 0.8653249144554138

2024-06-14 16:11:58,694 - INFO - Validation Stats
Loss:
  total: 0.7014282941818237
Metrics:
  kitti_dice: 0.8213262359301249
  kitti_jaccard_macro: 0.3518429199854533
  kitti_jaccard_micro: 0.7199111779530843

2024-06-14 16:11:59,526 - INFO - Epoch 36/60
2024-06-14 16:12:17,222 - INFO - Train Stats
Loss:
  total: 0.20619791083865696
Metrics:
  kitti_dice: 0.9086538354555765
  kitti_jaccard_macro: 0.4836678405602773
  kitti_jaccard_micro: 0.8711936010254754

2024-06-14 16:12:18,722 - INFO - Validation Stats
Loss:
  total: 0.7217674056688944
Metrics:
  kitti_dice: 0.8200060725212097
  kitti_jaccard_macro: 0.35718834400177
  kitti_jaccard_micro: 0.7177360852559408

2024-06-14 16:12:18,722 - INFO - Epoch 37/60
2024-06-14 16:12:36,384 - INFO - Train Stats
Loss:
  total: 0.18724176949924892
Metrics:
  kitti_dice: 0.9126537972026401
  kitti_jaccard_macro: 0.506923132472568
  kitti_jaccard_micro: 0.8792995876736112

2024-06-14 16:12:37,877 - INFO - Validation Stats
Loss:
  total: 0.6210198799769083
Metrics:
  kitti_dice: 0.8319418629010519
  kitti_jaccard_macro: 0.37371695041656494
  kitti_jaccard_micro: 0.7357162833213806

2024-06-14 16:12:37,877 - INFO - Epoch 38/60
2024-06-14 16:12:55,585 - INFO - Train Stats
Loss:
  total: 0.17946353223588732
Metrics:
  kitti_dice: 0.9161676830715604
  kitti_jaccard_macro: 0.5090945363044739
  kitti_jaccard_micro: 0.8835131128629049

2024-06-14 16:12:57,095 - INFO - Validation Stats
Loss:
  total: 0.5985289812088013
Metrics:
  kitti_dice: 0.8350746035575867
  kitti_jaccard_macro: 0.3689040044943492
  kitti_jaccard_micro: 0.7405543724695841

2024-06-14 16:12:57,095 - INFO - Epoch 39/60
2024-06-14 16:13:14,854 - INFO - Train Stats
Loss:
  total: 0.17167959610621134
Metrics:
  kitti_dice: 0.9184491435686747
  kitti_jaccard_macro: 0.5240715112951067
  kitti_jaccard_micro: 0.8890713188383315

2024-06-14 16:13:16,339 - INFO - Validation Stats
Loss:
  total: 0.5963659485181173
Metrics:
  kitti_dice: 0.8394595583279928
  kitti_jaccard_macro: 0.3708406488100688
  kitti_jaccard_micro: 0.7479124069213867

2024-06-14 16:13:17,236 - INFO - Epoch 40/60
2024-06-14 16:13:34,894 - INFO - Train Stats
Loss:
  total: 0.1610316683848699
Metrics:
  kitti_dice: 0.9223334921730889
  kitti_jaccard_macro: 0.5354844397968717
  kitti_jaccard_micro: 0.8947020967801412

2024-06-14 16:13:36,395 - INFO - Validation Stats
Loss:
  total: 0.6023254493872324
Metrics:
  kitti_dice: 0.8396370013554891
  kitti_jaccard_macro: 0.3778010606765747
  kitti_jaccard_micro: 0.7481387853622437

2024-06-14 16:13:37,270 - INFO - Epoch 41/60
2024-06-14 16:13:54,902 - INFO - Train Stats
Loss:
  total: 0.16093703276581234
Metrics:
  kitti_dice: 0.9224930339389377
  kitti_jaccard_macro: 0.5403790672620138
  kitti_jaccard_micro: 0.8954837719599406

2024-06-14 16:13:56,399 - INFO - Validation Stats
Loss:
  total: 0.6520090103149414
Metrics:
  kitti_dice: 0.8360229333241781
  kitti_jaccard_macro: 0.37556572755177814
  kitti_jaccard_micro: 0.7423498233159384

2024-06-14 16:13:56,399 - INFO - Epoch 42/60
2024-06-14 16:14:14,102 - INFO - Train Stats
Loss:
  total: 0.15669877496030596
Metrics:
  kitti_dice: 0.9233737389246622
  kitti_jaccard_macro: 0.563622448179457
  kitti_jaccard_micro: 0.8969370656543307

2024-06-14 16:14:15,594 - INFO - Validation Stats
Loss:
  total: 0.632636308670044
Metrics:
  kitti_dice: 0.8364652991294861
  kitti_jaccard_macro: 0.37102098266283673
  kitti_jaccard_micro: 0.7427173455556234

2024-06-14 16:14:15,594 - INFO - Epoch 43/60
2024-06-14 16:14:33,258 - INFO - Train Stats
Loss:
  total: 0.15180940760506523
Metrics:
  kitti_dice: 0.924819118446774
  kitti_jaccard_macro: 0.56621253490448
  kitti_jaccard_micro: 0.8994698723157247

2024-06-14 16:14:34,748 - INFO - Validation Stats
Loss:
  total: 0.6605247656504313
Metrics:
  kitti_dice: 0.8357071876525879
  kitti_jaccard_macro: 0.3762349784374237
  kitti_jaccard_micro: 0.7420571645100912

2024-06-14 16:14:34,748 - INFO - Epoch 44/60
2024-06-14 16:14:52,443 - INFO - Train Stats
Loss:
  total: 0.1472630732589298
Metrics:
  kitti_dice: 0.9248124162356058
  kitti_jaccard_macro: 0.5685233540005155
  kitti_jaccard_micro: 0.8998858332633972

2024-06-14 16:14:53,937 - INFO - Validation Stats
Loss:
  total: 0.6293949087460836
Metrics:
  kitti_dice: 0.8378899296124777
  kitti_jaccard_macro: 0.3724527359008789
  kitti_jaccard_micro: 0.7452282110850016

2024-06-14 16:14:53,937 - INFO - Epoch 45/60
2024-06-14 16:15:11,697 - INFO - Train Stats
Loss:
  total: 0.1472808900806639
Metrics:
  kitti_dice: 0.9259091880586412
  kitti_jaccard_macro: 0.5593996908929613
  kitti_jaccard_micro: 0.901575055387285

2024-06-14 16:15:13,191 - INFO - Validation Stats
Loss:
  total: 0.6479688882827759
Metrics:
  kitti_dice: 0.8354808489481608
  kitti_jaccard_macro: 0.3827025691668193
  kitti_jaccard_micro: 0.7408770124117533

2024-06-14 16:15:14,007 - INFO - Epoch 46/60
2024-06-14 16:15:31,572 - INFO - Train Stats
Loss:
  total: 0.14176026814513737
Metrics:
  kitti_dice: 0.9268189271291097
  kitti_jaccard_macro: 0.5810878905985091
  kitti_jaccard_micro: 0.9035991099145677

2024-06-14 16:15:33,061 - INFO - Validation Stats
Loss:
  total: 0.676339328289032
Metrics:
  kitti_dice: 0.8365540901819865
  kitti_jaccard_macro: 0.3708696862061818
  kitti_jaccard_micro: 0.7432859937349955

2024-06-14 16:15:33,062 - INFO - Epoch 47/60
2024-06-14 16:15:50,695 - INFO - Train Stats
Loss:
  total: 0.13712725126081043
Metrics:
  kitti_dice: 0.9284875326686435
  kitti_jaccard_macro: 0.578062441613939
  kitti_jaccard_micro: 0.9069970779948764

2024-06-14 16:15:52,195 - INFO - Validation Stats
Loss:
  total: 0.677483340104421
Metrics:
  kitti_dice: 0.83303435643514
  kitti_jaccard_macro: 0.3757058580716451
  kitti_jaccard_micro: 0.7373287677764893

2024-06-14 16:15:52,195 - INFO - Epoch 48/60
2024-06-14 16:16:09,804 - INFO - Train Stats
Loss:
  total: 0.1361822634935379
Metrics:
  kitti_dice: 0.9286051723692152
  kitti_jaccard_macro: 0.5998789999220107
  kitti_jaccard_micro: 0.9068087538083395

2024-06-14 16:16:11,299 - INFO - Validation Stats
Loss:
  total: 0.6785202622413635
Metrics:
  kitti_dice: 0.8342982133229574
  kitti_jaccard_macro: 0.3679356276988983
  kitti_jaccard_micro: 0.7396223743756613

2024-06-14 16:16:11,300 - INFO - Epoch 49/60
2024-06-14 16:16:28,972 - INFO - Train Stats
Loss:
  total: 0.12864729265371957
Metrics:
  kitti_dice: 0.931083447403378
  kitti_jaccard_macro: 0.598684032758077
  kitti_jaccard_micro: 0.9116372929679023

2024-06-14 16:16:30,458 - INFO - Validation Stats
Loss:
  total: 0.6480157574017843
Metrics:
  kitti_dice: 0.8395240108172098
  kitti_jaccard_macro: 0.38821787635485333
  kitti_jaccard_micro: 0.7472838163375854

2024-06-14 16:16:30,458 - INFO - Epoch 50/60
2024-06-14 16:16:48,111 - INFO - Train Stats
Loss:
  total: 0.16491145143906275
Metrics:
  kitti_dice: 0.9213118288252089
  kitti_jaccard_macro: 0.6135791076554192
  kitti_jaccard_micro: 0.8936402930153741

2024-06-14 16:16:49,612 - INFO - Validation Stats
Loss:
  total: 1.644560972849528
Metrics:
  kitti_dice: 0.6576841870943705
  kitti_jaccard_macro: 0.2639815956354141
  kitti_jaccard_micro: 0.5040065546830496

2024-06-14 16:16:50,415 - INFO - Epoch 51/60
2024-06-14 16:17:08,045 - INFO - Train Stats
Loss:
  total: 0.34537064532438916
Metrics:
  kitti_dice: 0.8770719965298971
  kitti_jaccard_macro: 0.4737675024403466
  kitti_jaccard_micro: 0.8160461187362671

2024-06-14 16:17:09,537 - INFO - Validation Stats
Loss:
  total: 1.8283942143122356
Metrics:
  kitti_dice: 0.5912574927012125
  kitti_jaccard_macro: 0.1907489001750946
  kitti_jaccard_micro: 0.43117383122444153

2024-06-14 16:17:09,537 - INFO - Epoch 52/60
2024-06-14 16:17:27,173 - INFO - Train Stats
Loss:
  total: 0.34887368149227566
Metrics:
  kitti_dice: 0.8619665768411424
  kitti_jaccard_macro: 0.41020158926645917
  kitti_jaccard_micro: 0.7914246188269721

2024-06-14 16:17:28,661 - INFO - Validation Stats
Loss:
  total: 2.3936018149058023
Metrics:
  kitti_dice: 0.49094852805137634
  kitti_jaccard_macro: 0.1607277790705363
  kitti_jaccard_micro: 0.33455854654312134

2024-06-14 16:17:28,661 - INFO - Epoch 53/60
2024-06-14 16:17:46,334 - INFO - Train Stats
Loss:
  total: 0.4345364405049218
Metrics:
  kitti_dice: 0.8384979234801399
  kitti_jaccard_macro: 0.3671509921550751
  kitti_jaccard_micro: 0.7538853685061137

2024-06-14 16:17:47,832 - INFO - Validation Stats
Loss:
  total: 2.314443667729696
Metrics:
  kitti_dice: 0.592055598894755
  kitti_jaccard_macro: 0.17836953699588776
  kitti_jaccard_micro: 0.434905081987381

2024-06-14 16:17:47,832 - INFO - Epoch 54/60
2024-06-14 16:18:05,490 - INFO - Train Stats
Loss:
  total: 0.4487263328499264
Metrics:
  kitti_dice: 0.8297273847791884
  kitti_jaccard_macro: 0.3584108783139123
  kitti_jaccard_micro: 0.7409493327140808

2024-06-14 16:18:06,984 - INFO - Validation Stats
Loss:
  total: 0.9079363743464152
Metrics:
  kitti_dice: 0.767866869767507
  kitti_jaccard_macro: 0.2800558805465698
  kitti_jaccard_micro: 0.6426171859105428

2024-06-14 16:18:06,984 - INFO - Epoch 55/60
2024-06-14 16:18:24,673 - INFO - Train Stats
Loss:
  total: 0.3380882210201687
Metrics:
  kitti_dice: 0.8696035676532321
  kitti_jaccard_macro: 0.4031869073708852
  kitti_jaccard_micro: 0.8030123909314474

2024-06-14 16:18:26,166 - INFO - Validation Stats
Loss:
  total: 0.7684243122736613
Metrics:
  kitti_dice: 0.8004643321037292
  kitti_jaccard_macro: 0.3317159612973531
  kitti_jaccard_micro: 0.689682126045227

2024-06-14 16:18:26,992 - INFO - Epoch 56/60
2024-06-14 16:18:44,605 - INFO - Train Stats
Loss:
  total: 0.2899827327993181
Metrics:
  kitti_dice: 0.8833444913228353
  kitti_jaccard_macro: 0.4254968629943
  kitti_jaccard_micro: 0.8262126048405966

2024-06-14 16:18:46,098 - INFO - Validation Stats
Loss:
  total: 0.6238250732421875
Metrics:
  kitti_dice: 0.8196095824241638
  kitti_jaccard_macro: 0.3458009560902913
  kitti_jaccard_micro: 0.7173465689023336

2024-06-14 16:18:46,098 - INFO - Epoch 57/60
2024-06-14 16:19:03,687 - INFO - Train Stats
Loss:
  total: 0.25217410259776646
Metrics:
  kitti_dice: 0.8953095475832621
  kitti_jaccard_macro: 0.48993663324250114
  kitti_jaccard_micro: 0.8472172220547994

2024-06-14 16:19:05,173 - INFO - Validation Stats
Loss:
  total: 0.5679725607236227
Metrics:
  kitti_dice: 0.8252559304237366
  kitti_jaccard_macro: 0.34588853518168133
  kitti_jaccard_micro: 0.7258305152257284

2024-06-14 16:19:06,041 - INFO - Epoch 58/60
2024-06-14 16:19:23,679 - INFO - Train Stats
Loss:
  total: 0.2165094862381617
Metrics:
  kitti_dice: 0.9048393368721008
  kitti_jaccard_macro: 0.5065435502264235
  kitti_jaccard_micro: 0.8635285496711731

2024-06-14 16:19:25,170 - INFO - Validation Stats
Loss:
  total: 0.6972334583600363
Metrics:
  kitti_dice: 0.8200098474820455
  kitti_jaccard_macro: 0.3486522038777669
  kitti_jaccard_micro: 0.7173600196838379

2024-06-14 16:19:25,170 - INFO - Epoch 59/60
2024-06-14 16:19:42,869 - INFO - Train Stats
Loss:
  total: 0.1930081927114063
Metrics:
  kitti_dice: 0.9099353750546774
  kitti_jaccard_macro: 0.5007175107796987
  kitti_jaccard_micro: 0.8766005569034152

2024-06-14 16:19:44,358 - INFO - Validation Stats
Loss:
  total: 0.6448835929234823
Metrics:
  kitti_dice: 0.8264320691426595
  kitti_jaccard_macro: 0.35793667038281757
  kitti_jaccard_micro: 0.7275198698043823

2024-06-14 16:19:44,358 - INFO - Epoch 60/60
2024-06-14 16:20:02,053 - INFO - Train Stats
Loss:
  total: 0.1837193618218104
Metrics:
  kitti_dice: 0.9144094453917609
  kitti_jaccard_macro: 0.5322043531470828
  kitti_jaccard_micro: 0.8818056119812859

2024-06-14 16:20:03,554 - INFO - Validation Stats
Loss:
  total: 0.617058515548706
Metrics:
  kitti_dice: 0.8331791559855143
  kitti_jaccard_macro: 0.3775806228319804
  kitti_jaccard_micro: 0.7380707263946533

2024-06-14 16:20:06,682 - INFO - Best validation loss: 0.5679725607236227
2024-06-14 16:20:07,097 - INFO - Best model saved to /home/up201905337/exploring-label-efficiency/weights/sl_kitti_deeplabv3_70l.pth
2024-06-14 16:20:07,098 - INFO - Training took 1168.733491897583 seconds to complete
