2024-06-24 20:41:57,952 - INFO - Loading configuration files...
2024-06-24 20:42:03,387 - INFO - Loading model configuration
args:
  backbone: mobilenet_v3_large
  num_classes: 20
  weights_backbone: DEFAULT
class: DeepLabV3

2024-06-24 20:42:03,423 - INFO - Loading train_dataset configuration
args:
  num_labeled: 77
  root: /data/auto/cityscapes
  train_val_split: 2475
class: SemiSupervisedCityscapesSeg

2024-06-24 20:42:03,577 - INFO - Loading val_dataset configuration
args:
  mode: fine
  root: /data/auto/cityscapes
  train_val_split: 2475
class: CityscapesSeg

2024-06-24 20:42:03,588 - INFO - Loading optimizer configuration
args:
  lr: 0.007
  momentum: 0.9
  weight_decay: 0.0005
class: SGD

2024-06-24 20:42:03,589 - INFO - Loading loss configuration
args:
  ignore_index: 0
class: CrossEntropyLoss

2024-06-24 20:42:03,612 - INFO - Loading metrics configuration
cityscapes_dice:
  args:
    average: micro
    ignore_index: 0
    num_classes: 20
  class: Dice
cityscapes_jaccard_macro:
  args:
    average: macro
    ignore_index: 0
    num_classes: 20
    task: multiclass
    validate_args: false
  class: JaccardIndex
cityscapes_jaccard_micro:
  args:
    average: micro
    ignore_index: 0
    num_classes: 20
    task: multiclass
    validate_args: false
  class: JaccardIndex

2024-06-24 20:42:03,617 - INFO - Loading scheduler configuration
args:
  power: 0.9
  total_iters: 120
class: PolynomialLR

2024-06-24 20:42:03,617 - INFO - Loading hyperparameters configuration
batch_size: 16
ema_decay: null
epochs: 120
num_workers: 4
save_freq: 10

2024-06-24 20:42:04,010 - INFO - Using device: cuda
2024-06-24 20:42:04,293 - INFO - Training for 120 epochs
2024-06-24 20:42:04,293 - INFO - Epoch 1/120
2024-06-24 20:42:09,816 - INFO - Train Stats
Loss:
  total: 2.881360912322998
Metrics:
  cityscapes_dice: 0.186811114102602
  cityscapes_jaccard_macro: 0.026304144784808157
  cityscapes_jaccard_micro: 0.1197313480079174

2024-06-24 20:42:32,287 - INFO - Validation Stats
Loss:
  total: 2.908611088991165
Metrics:
  cityscapes_dice: 0.48943581338971853
  cityscapes_jaccard_macro: 0.05531140847597271
  cityscapes_jaccard_micro: 0.34702862706035376

2024-06-24 20:42:33,820 - INFO - Epoch 2/120
2024-06-24 20:42:39,250 - INFO - Train Stats
Loss:
  total: 1.9197540521621703
Metrics:
  cityscapes_dice: 0.5378173232078552
  cityscapes_jaccard_macro: 0.06283143609762191
  cityscapes_jaccard_micro: 0.3974269270896912

2024-06-24 20:43:01,413 - INFO - Validation Stats
Loss:
  total: 2.4527439698576927
Metrics:
  cityscapes_dice: 0.5448973597958684
  cityscapes_jaccard_macro: 0.059871761593967676
  cityscapes_jaccard_micro: 0.4025130486115813

2024-06-24 20:43:02,902 - INFO - Epoch 3/120
2024-06-24 20:43:08,158 - INFO - Train Stats
Loss:
  total: 1.3381919622421266
Metrics:
  cityscapes_dice: 0.5962238907814026
  cityscapes_jaccard_macro: 0.079203400015831
  cityscapes_jaccard_micro: 0.45596388578414915

2024-06-24 20:43:30,907 - INFO - Validation Stats
Loss:
  total: 1.6515259258449078
Metrics:
  cityscapes_dice: 0.5853864550590515
  cityscapes_jaccard_macro: 0.07280827965587378
  cityscapes_jaccard_micro: 0.44480086117982864

2024-06-24 20:43:32,115 - INFO - Epoch 4/120
2024-06-24 20:43:37,575 - INFO - Train Stats
Loss:
  total: 1.1340551614761352
Metrics:
  cityscapes_dice: 0.663806140422821
  cityscapes_jaccard_macro: 0.10833215266466141
  cityscapes_jaccard_micro: 0.5385647177696228

2024-06-24 20:44:01,904 - INFO - Validation Stats
Loss:
  total: 1.2579830698668957
Metrics:
  cityscapes_dice: 0.6723182518035173
  cityscapes_jaccard_macro: 0.12503280979581177
  cityscapes_jaccard_micro: 0.5468095503747463

2024-06-24 20:44:03,777 - INFO - Epoch 5/120
2024-06-24 20:44:09,775 - INFO - Train Stats
Loss:
  total: 0.9352999448776245
Metrics:
  cityscapes_dice: 0.7122783780097961
  cityscapes_jaccard_macro: 0.1313333362340927
  cityscapes_jaccard_micro: 0.601526427268982

2024-06-24 20:44:33,031 - INFO - Validation Stats
Loss:
  total: 1.0620696637779474
Metrics:
  cityscapes_dice: 0.706255704164505
  cityscapes_jaccard_macro: 0.13876180979423225
  cityscapes_jaccard_micro: 0.5916470503434539

2024-06-24 20:44:34,497 - INFO - Epoch 6/120
2024-06-24 20:44:40,093 - INFO - Train Stats
Loss:
  total: 0.8863710403442383
Metrics:
  cityscapes_dice: 0.719229543209076
  cityscapes_jaccard_macro: 0.14715946316719056
  cityscapes_jaccard_micro: 0.6115378618240357

2024-06-24 20:45:03,293 - INFO - Validation Stats
Loss:
  total: 0.9753251485526562
Metrics:
  cityscapes_dice: 0.7159312441945076
  cityscapes_jaccard_macro: 0.15061758365482092
  cityscapes_jaccard_micro: 0.6057349909096956

2024-06-24 20:45:04,793 - INFO - Epoch 7/120
2024-06-24 20:45:10,187 - INFO - Train Stats
Loss:
  total: 0.8022047877311707
Metrics:
  cityscapes_dice: 0.7424306988716125
  cityscapes_jaccard_macro: 0.17462502419948578
  cityscapes_jaccard_micro: 0.6408991694450379

2024-06-24 20:45:32,911 - INFO - Validation Stats
Loss:
  total: 0.9248484373092651
Metrics:
  cityscapes_dice: 0.7162694279104471
  cityscapes_jaccard_macro: 0.16024236753582954
  cityscapes_jaccard_micro: 0.6045557390898466

2024-06-24 20:45:34,446 - INFO - Epoch 8/120
2024-06-24 20:45:39,780 - INFO - Train Stats
Loss:
  total: 0.7306717276573181
Metrics:
  cityscapes_dice: 0.7632299542427063
  cityscapes_jaccard_macro: 0.1924587994813919
  cityscapes_jaccard_micro: 0.6707072973251342

2024-06-24 20:46:02,946 - INFO - Validation Stats
Loss:
  total: 0.8621362987905741
Metrics:
  cityscapes_dice: 0.7175821270793676
  cityscapes_jaccard_macro: 0.1618476463481784
  cityscapes_jaccard_micro: 0.606627942994237

2024-06-24 20:46:04,167 - INFO - Epoch 9/120
2024-06-24 20:46:09,549 - INFO - Train Stats
Loss:
  total: 0.6875867962837219
Metrics:
  cityscapes_dice: 0.7729538798332214
  cityscapes_jaccard_macro: 0.1969637006521225
  cityscapes_jaccard_micro: 0.6879630446434021

2024-06-24 20:46:32,465 - INFO - Validation Stats
Loss:
  total: 0.7779702264815569
Metrics:
  cityscapes_dice: 0.7468038331717253
  cityscapes_jaccard_macro: 0.17970214877277613
  cityscapes_jaccard_micro: 0.646357761695981

2024-06-24 20:46:34,026 - INFO - Epoch 10/120
2024-06-24 20:46:39,283 - INFO - Train Stats
Loss:
  total: 0.6496856570243835
Metrics:
  cityscapes_dice: 0.7797946691513061
  cityscapes_jaccard_macro: 0.2048986792564392
  cityscapes_jaccard_micro: 0.6987671494483948

2024-06-24 20:47:02,007 - INFO - Validation Stats
Loss:
  total: 0.7395753972232342
Metrics:
  cityscapes_dice: 0.7566414047032595
  cityscapes_jaccard_macro: 0.19158068299293518
  cityscapes_jaccard_micro: 0.6620599515736103

2024-06-24 20:47:05,111 - INFO - Epoch 11/120
2024-06-24 20:47:10,537 - INFO - Train Stats
Loss:
  total: 0.6492695450782776
Metrics:
  cityscapes_dice: 0.7797340035438538
  cityscapes_jaccard_macro: 0.20992717146873474
  cityscapes_jaccard_micro: 0.6998893737792968

2024-06-24 20:47:32,935 - INFO - Validation Stats
Loss:
  total: 0.7135763615369797
Metrics:
  cityscapes_dice: 0.7627532258629799
  cityscapes_jaccard_macro: 0.1961741615086794
  cityscapes_jaccard_micro: 0.6694917883723974

2024-06-24 20:47:34,551 - INFO - Epoch 12/120
2024-06-24 20:47:39,905 - INFO - Train Stats
Loss:
  total: 0.6018763065338135
Metrics:
  cityscapes_dice: 0.7953308343887329
  cityscapes_jaccard_macro: 0.2212757110595703
  cityscapes_jaccard_micro: 0.7236915469169617

2024-06-24 20:48:02,771 - INFO - Validation Stats
Loss:
  total: 0.6820687633007765
Metrics:
  cityscapes_dice: 0.7664484716951847
  cityscapes_jaccard_macro: 0.19684584252536297
  cityscapes_jaccard_micro: 0.6738811582326889

2024-06-24 20:48:04,482 - INFO - Epoch 13/120
2024-06-24 20:48:10,200 - INFO - Train Stats
Loss:
  total: 0.5891652464866638
Metrics:
  cityscapes_dice: 0.7921003460884094
  cityscapes_jaccard_macro: 0.22364163696765899
  cityscapes_jaccard_micro: 0.7173697710037231

2024-06-24 20:48:33,123 - INFO - Validation Stats
Loss:
  total: 0.6983519271016121
Metrics:
  cityscapes_dice: 0.7582988832145929
  cityscapes_jaccard_macro: 0.19710780773311853
  cityscapes_jaccard_micro: 0.662951223552227

2024-06-24 20:48:33,123 - INFO - Epoch 14/120
2024-06-24 20:48:38,483 - INFO - Train Stats
Loss:
  total: 0.5880019307136536
Metrics:
  cityscapes_dice: 0.7930591821670532
  cityscapes_jaccard_macro: 0.22168764770030974
  cityscapes_jaccard_micro: 0.7196348786354065

2024-06-24 20:49:01,857 - INFO - Validation Stats
Loss:
  total: 0.6760861771181226
Metrics:
  cityscapes_dice: 0.7650611363351345
  cityscapes_jaccard_macro: 0.2048483327962458
  cityscapes_jaccard_micro: 0.6732871942222118

2024-06-24 20:49:03,549 - INFO - Epoch 15/120
2024-06-24 20:49:09,101 - INFO - Train Stats
Loss:
  total: 0.5351084053516388
Metrics:
  cityscapes_dice: 0.8053297400474548
  cityscapes_jaccard_macro: 0.2320044904947281
  cityscapes_jaccard_micro: 0.7394295811653138

2024-06-24 20:49:32,309 - INFO - Validation Stats
Loss:
  total: 0.6465390734374523
Metrics:
  cityscapes_dice: 0.773545429110527
  cityscapes_jaccard_macro: 0.20991893485188484
  cityscapes_jaccard_micro: 0.6859393399208784

2024-06-24 20:49:33,894 - INFO - Epoch 16/120
2024-06-24 20:49:39,262 - INFO - Train Stats
Loss:
  total: 0.5372637569904327
Metrics:
  cityscapes_dice: 0.8048741340637207
  cityscapes_jaccard_macro: 0.24232268333435059
  cityscapes_jaccard_micro: 0.7371931791305542

2024-06-24 20:50:01,794 - INFO - Validation Stats
Loss:
  total: 0.6271179551258683
Metrics:
  cityscapes_dice: 0.7810709271579981
  cityscapes_jaccard_macro: 0.22015438321977854
  cityscapes_jaccard_micro: 0.6974358819425106

2024-06-24 20:50:03,344 - INFO - Epoch 17/120
2024-06-24 20:50:08,638 - INFO - Train Stats
Loss:
  total: 0.5313322961330413
Metrics:
  cityscapes_dice: 0.8078503966331482
  cityscapes_jaccard_macro: 0.2479865998029709
  cityscapes_jaccard_micro: 0.7440572261810303

2024-06-24 20:50:31,919 - INFO - Validation Stats
Loss:
  total: 0.6193852601572871
Metrics:
  cityscapes_dice: 0.7865696623921394
  cityscapes_jaccard_macro: 0.2246281709522009
  cityscapes_jaccard_micro: 0.7039754316210747

2024-06-24 20:50:33,789 - INFO - Epoch 18/120
2024-06-24 20:50:39,565 - INFO - Train Stats
Loss:
  total: 0.490117746591568
Metrics:
  cityscapes_dice: 0.818326449394226
  cityscapes_jaccard_macro: 0.2538371741771698
  cityscapes_jaccard_micro: 0.7591081023216247

2024-06-24 20:51:03,635 - INFO - Validation Stats
Loss:
  total: 0.5987640032544732
Metrics:
  cityscapes_dice: 0.7918961197137833
  cityscapes_jaccard_macro: 0.22781232371926308
  cityscapes_jaccard_micro: 0.714164100587368

2024-06-24 20:51:06,809 - INFO - Epoch 19/120
2024-06-24 20:51:12,294 - INFO - Train Stats
Loss:
  total: 0.5242670714855194
Metrics:
  cityscapes_dice: 0.8115284085273743
  cityscapes_jaccard_macro: 0.2645301103591919
  cityscapes_jaccard_micro: 0.7426146626472473

2024-06-24 20:51:35,276 - INFO - Validation Stats
Loss:
  total: 0.5926969526335597
Metrics:
  cityscapes_dice: 0.7930688038468361
  cityscapes_jaccard_macro: 0.23628136003389955
  cityscapes_jaccard_micro: 0.7151816319674253

2024-06-24 20:51:37,186 - INFO - Epoch 20/120
2024-06-24 20:51:43,311 - INFO - Train Stats
Loss:
  total: 0.4968587219715118
Metrics:
  cityscapes_dice: 0.8164602041244506
  cityscapes_jaccard_macro: 0.2580870449542999
  cityscapes_jaccard_micro: 0.7549447417259216

2024-06-24 20:52:08,346 - INFO - Validation Stats
Loss:
  total: 0.5873027667403221
Metrics:
  cityscapes_dice: 0.7932241186499596
  cityscapes_jaccard_macro: 0.2362557053565979
  cityscapes_jaccard_micro: 0.7150728013366461

2024-06-24 20:52:12,532 - INFO - Epoch 21/120
2024-06-24 20:52:18,974 - INFO - Train Stats
Loss:
  total: 0.47929500341415404
Metrics:
  cityscapes_dice: 0.8214107751846313
  cityscapes_jaccard_macro: 0.26692052781581876
  cityscapes_jaccard_micro: 0.7653048753738403

2024-06-24 20:52:44,913 - INFO - Validation Stats
Loss:
  total: 0.5826708553358912
Metrics:
  cityscapes_dice: 0.7939507681876421
  cityscapes_jaccard_macro: 0.23818759806454182
  cityscapes_jaccard_micro: 0.7180877085775137

2024-06-24 20:52:46,971 - INFO - Epoch 22/120
2024-06-24 20:52:53,086 - INFO - Train Stats
Loss:
  total: 0.501203978061676
Metrics:
  cityscapes_dice: 0.8110699653625488
  cityscapes_jaccard_macro: 0.26090222895145415
  cityscapes_jaccard_micro: 0.7494395136833191

2024-06-24 20:53:17,613 - INFO - Validation Stats
Loss:
  total: 0.5519910668954253
Metrics:
  cityscapes_dice: 0.8040097057819366
  cityscapes_jaccard_macro: 0.24273177236318588
  cityscapes_jaccard_micro: 0.7313695568591356

2024-06-24 20:53:20,116 - INFO - Epoch 23/120
2024-06-24 20:53:26,723 - INFO - Train Stats
Loss:
  total: 0.46419594883918763
Metrics:
  cityscapes_dice: 0.8246380805969238
  cityscapes_jaccard_macro: 0.2574943244457245
  cityscapes_jaccard_micro: 0.7679437875747681

2024-06-24 20:53:52,401 - INFO - Validation Stats
Loss:
  total: 0.5652684448286891
Metrics:
  cityscapes_dice: 0.8008875101804733
  cityscapes_jaccard_macro: 0.24511190550401807
  cityscapes_jaccard_micro: 0.7269391901791096

2024-06-24 20:53:52,402 - INFO - Epoch 24/120
2024-06-24 20:53:58,571 - INFO - Train Stats
Loss:
  total: 0.5136374950408935
Metrics:
  cityscapes_dice: 0.8077565908432007
  cityscapes_jaccard_macro: 0.2594627350568771
  cityscapes_jaccard_micro: 0.7396926879882812

2024-06-24 20:54:21,222 - INFO - Validation Stats
Loss:
  total: 0.5495735723525286
Metrics:
  cityscapes_dice: 0.8006420433521271
  cityscapes_jaccard_macro: 0.2453698767349124
  cityscapes_jaccard_micro: 0.7282376792281866

2024-06-24 20:54:23,127 - INFO - Epoch 25/120
2024-06-24 20:54:28,525 - INFO - Train Stats
Loss:
  total: 0.44161558151245117
Metrics:
  cityscapes_dice: 0.8262951850891114
  cityscapes_jaccard_macro: 0.2878443658351898
  cityscapes_jaccard_micro: 0.7766419529914856

2024-06-24 20:54:51,191 - INFO - Validation Stats
Loss:
  total: 0.5541165545582771
Metrics:
  cityscapes_dice: 0.8001772984862328
  cityscapes_jaccard_macro: 0.24964469810947776
  cityscapes_jaccard_micro: 0.7258770354092121

2024-06-24 20:54:51,191 - INFO - Epoch 26/120
2024-06-24 20:54:56,407 - INFO - Train Stats
Loss:
  total: 0.46226443648338317
Metrics:
  cityscapes_dice: 0.8230808854103089
  cityscapes_jaccard_macro: 0.2721808910369873
  cityscapes_jaccard_micro: 0.7639756560325622

2024-06-24 20:55:19,089 - INFO - Validation Stats
Loss:
  total: 0.5380209134891629
Metrics:
  cityscapes_dice: 0.8066519163548946
  cityscapes_jaccard_macro: 0.24903790652751923
  cityscapes_jaccard_micro: 0.7351248618215322

2024-06-24 20:55:22,378 - INFO - Epoch 27/120
2024-06-24 20:55:27,850 - INFO - Train Stats
Loss:
  total: 0.45182050466537477
Metrics:
  cityscapes_dice: 0.8245591163635254
  cityscapes_jaccard_macro: 0.2663983225822449
  cityscapes_jaccard_micro: 0.7681091547012329

2024-06-24 20:55:50,862 - INFO - Validation Stats
Loss:
  total: 0.5254586394876242
Metrics:
  cityscapes_dice: 0.8086820226162672
  cityscapes_jaccard_macro: 0.2507992023602128
  cityscapes_jaccard_micro: 0.7383756451308727

2024-06-24 20:55:52,640 - INFO - Epoch 28/120
2024-06-24 20:55:58,455 - INFO - Train Stats
Loss:
  total: 0.44544934034347533
Metrics:
  cityscapes_dice: 0.8256908178329467
  cityscapes_jaccard_macro: 0.2583054304122925
  cityscapes_jaccard_micro: 0.7731413960456848

2024-06-24 20:56:20,806 - INFO - Validation Stats
Loss:
  total: 0.531989629380405
Metrics:
  cityscapes_dice: 0.8036908451467752
  cityscapes_jaccard_macro: 0.2504331050440669
  cityscapes_jaccard_micro: 0.7330271583050489

2024-06-24 20:56:20,806 - INFO - Epoch 29/120
2024-06-24 20:56:26,202 - INFO - Train Stats
Loss:
  total: 0.427328622341156
Metrics:
  cityscapes_dice: 0.8321727275848388
  cityscapes_jaccard_macro: 0.278617662191391
  cityscapes_jaccard_micro: 0.777905285358429

2024-06-24 20:56:49,284 - INFO - Validation Stats
Loss:
  total: 0.5248340032994747
Metrics:
  cityscapes_dice: 0.8082009386271238
  cityscapes_jaccard_macro: 0.25212236028164625
  cityscapes_jaccard_micro: 0.7390381656587124

2024-06-24 20:56:50,881 - INFO - Epoch 30/120
2024-06-24 20:56:56,333 - INFO - Train Stats
Loss:
  total: 0.4370792984962463
Metrics:
  cityscapes_dice: 0.828032624721527
  cityscapes_jaccard_macro: 0.28144376277923583
  cityscapes_jaccard_micro: 0.7745241165161133

2024-06-24 20:57:19,486 - INFO - Validation Stats
Loss:
  total: 0.5133334128186107
Metrics:
  cityscapes_dice: 0.8104681447148323
  cityscapes_jaccard_macro: 0.25664348155260086
  cityscapes_jaccard_micro: 0.741633165627718

2024-06-24 20:57:23,404 - INFO - Epoch 31/120
2024-06-24 20:57:29,006 - INFO - Train Stats
Loss:
  total: 0.4119132995605469
Metrics:
  cityscapes_dice: 0.8341809034347534
  cityscapes_jaccard_macro: 0.2793903321027756
  cityscapes_jaccard_micro: 0.7838149666786194

2024-06-24 20:57:52,868 - INFO - Validation Stats
Loss:
  total: 0.5143454447388649
Metrics:
  cityscapes_dice: 0.8102916032075882
  cityscapes_jaccard_macro: 0.254440407268703
  cityscapes_jaccard_micro: 0.7417133711278439

2024-06-24 20:57:52,868 - INFO - Epoch 32/120
2024-06-24 20:57:58,727 - INFO - Train Stats
Loss:
  total: 0.42913646101951597
Metrics:
  cityscapes_dice: 0.8276796460151672
  cityscapes_jaccard_macro: 0.28948778510093687
  cityscapes_jaccard_micro: 0.776481568813324

2024-06-24 20:58:21,353 - INFO - Validation Stats
Loss:
  total: 0.5120469331741333
Metrics:
  cityscapes_dice: 0.8102880492806435
  cityscapes_jaccard_macro: 0.2567134443670511
  cityscapes_jaccard_micro: 0.7424931302666664

2024-06-24 20:58:24,799 - INFO - Epoch 33/120
2024-06-24 20:58:30,456 - INFO - Train Stats
Loss:
  total: 0.4128619134426117
Metrics:
  cityscapes_dice: 0.8343590259552002
  cityscapes_jaccard_macro: 0.2754048615694046
  cityscapes_jaccard_micro: 0.7811293125152587

2024-06-24 20:58:54,053 - INFO - Validation Stats
Loss:
  total: 0.5022582290694118
Metrics:
  cityscapes_dice: 0.8128607347607613
  cityscapes_jaccard_macro: 0.26139829447492957
  cityscapes_jaccard_micro: 0.7488829642534256

2024-06-24 20:58:56,667 - INFO - Epoch 34/120
2024-06-24 20:59:02,485 - INFO - Train Stats
Loss:
  total: 0.3987434864044189
Metrics:
  cityscapes_dice: 0.8370470643043518
  cityscapes_jaccard_macro: 0.2812559545040131
  cityscapes_jaccard_micro: 0.7907061338424682

2024-06-24 20:59:27,002 - INFO - Validation Stats
Loss:
  total: 0.5075863730162382
Metrics:
  cityscapes_dice: 0.8123713247478008
  cityscapes_jaccard_macro: 0.25756822898983955
  cityscapes_jaccard_micro: 0.745976984500885

2024-06-24 20:59:27,002 - INFO - Epoch 35/120
2024-06-24 20:59:32,443 - INFO - Train Stats
Loss:
  total: 0.4143604338169098
Metrics:
  cityscapes_dice: 0.8349462866783142
  cityscapes_jaccard_macro: 0.2899328887462616
  cityscapes_jaccard_micro: 0.7829483270645141

2024-06-24 20:59:55,311 - INFO - Validation Stats
Loss:
  total: 0.5221036607399583
Metrics:
  cityscapes_dice: 0.8067712616175413
  cityscapes_jaccard_macro: 0.2600560956634581
  cityscapes_jaccard_micro: 0.7380018979310989

2024-06-24 20:59:55,311 - INFO - Epoch 36/120
2024-06-24 21:00:00,596 - INFO - Train Stats
Loss:
  total: 0.4210584282875061
Metrics:
  cityscapes_dice: 0.8321131587028503
  cityscapes_jaccard_macro: 0.31034108996391296
  cityscapes_jaccard_micro: 0.7818510413169861

2024-06-24 21:00:23,019 - INFO - Validation Stats
Loss:
  total: 0.5057812836021185
Metrics:
  cityscapes_dice: 0.8130652494728565
  cityscapes_jaccard_macro: 0.2662924728356302
  cityscapes_jaccard_micro: 0.7462182678282261

2024-06-24 21:00:23,019 - INFO - Epoch 37/120
2024-06-24 21:00:28,424 - INFO - Train Stats
Loss:
  total: 0.41685184836387634
Metrics:
  cityscapes_dice: 0.8359159469604492
  cityscapes_jaccard_macro: 0.2889750421047211
  cityscapes_jaccard_micro: 0.7837208151817322

2024-06-24 21:00:54,357 - INFO - Validation Stats
Loss:
  total: 0.4954801583662629
Metrics:
  cityscapes_dice: 0.8168248347938061
  cityscapes_jaccard_macro: 0.2704985048621893
  cityscapes_jaccard_micro: 0.7505353800952435

2024-06-24 21:00:56,344 - INFO - Epoch 38/120
2024-06-24 21:01:01,611 - INFO - Train Stats
Loss:
  total: 0.4162506103515625
Metrics:
  cityscapes_dice: 0.8310643076896668
  cityscapes_jaccard_macro: 0.3057272136211395
  cityscapes_jaccard_micro: 0.7805721998214722

2024-06-24 21:01:23,742 - INFO - Validation Stats
Loss:
  total: 0.49415425583720207
Metrics:
  cityscapes_dice: 0.81644899956882
  cityscapes_jaccard_macro: 0.2693657670170069
  cityscapes_jaccard_micro: 0.7504374887794256

2024-06-24 21:01:25,346 - INFO - Epoch 39/120
2024-06-24 21:01:30,843 - INFO - Train Stats
Loss:
  total: 0.3986691176891327
Metrics:
  cityscapes_dice: 0.8354926347732544
  cityscapes_jaccard_macro: 0.2977121651172638
  cityscapes_jaccard_micro: 0.7911607027053833

2024-06-24 21:01:54,094 - INFO - Validation Stats
Loss:
  total: 0.49644341971725225
Metrics:
  cityscapes_dice: 0.8140044901520014
  cityscapes_jaccard_macro: 0.2707411302253604
  cityscapes_jaccard_micro: 0.7487119548022747

2024-06-24 21:01:54,094 - INFO - Epoch 40/120
2024-06-24 21:01:59,362 - INFO - Train Stats
Loss:
  total: 0.3889858961105347
Metrics:
  cityscapes_dice: 0.8402529001235962
  cityscapes_jaccard_macro: 0.32075283527374265
  cityscapes_jaccard_micro: 0.7961462259292602

2024-06-24 21:02:22,029 - INFO - Validation Stats
Loss:
  total: 0.5035496177151799
Metrics:
  cityscapes_dice: 0.8134759813547134
  cityscapes_jaccard_macro: 0.2708799783140421
  cityscapes_jaccard_micro: 0.7478032894432545

2024-06-24 21:02:23,780 - INFO - Epoch 41/120
2024-06-24 21:02:29,430 - INFO - Train Stats
Loss:
  total: 0.3845262110233307
Metrics:
  cityscapes_dice: 0.839852797985077
  cityscapes_jaccard_macro: 0.3026555716991425
  cityscapes_jaccard_micro: 0.7960498213768006

2024-06-24 21:02:53,590 - INFO - Validation Stats
Loss:
  total: 0.4880316313356161
Metrics:
  cityscapes_dice: 0.8168131783604622
  cityscapes_jaccard_macro: 0.27159268455579877
  cityscapes_jaccard_micro: 0.7534262612462044

2024-06-24 21:02:55,058 - INFO - Epoch 42/120
2024-06-24 21:03:01,007 - INFO - Train Stats
Loss:
  total: 0.3797196686267853
Metrics:
  cityscapes_dice: 0.842973792552948
  cityscapes_jaccard_macro: 0.31649412512779235
  cityscapes_jaccard_micro: 0.7997842311859131

2024-06-24 21:03:24,815 - INFO - Validation Stats
Loss:
  total: 0.4985198378562927
Metrics:
  cityscapes_dice: 0.8131753355264664
  cityscapes_jaccard_macro: 0.27557633724063635
  cityscapes_jaccard_micro: 0.7477983552962542

2024-06-24 21:03:24,816 - INFO - Epoch 43/120
2024-06-24 21:03:30,284 - INFO - Train Stats
Loss:
  total: 0.3974535048007965
Metrics:
  cityscapes_dice: 0.8369432210922241
  cityscapes_jaccard_macro: 0.30751854181289673
  cityscapes_jaccard_micro: 0.7921175003051758

2024-06-24 21:03:53,150 - INFO - Validation Stats
Loss:
  total: 0.4861704958602786
Metrics:
  cityscapes_dice: 0.8169259857386351
  cityscapes_jaccard_macro: 0.2798971300944686
  cityscapes_jaccard_micro: 0.7531238831579685

2024-06-24 21:03:54,747 - INFO - Epoch 44/120
2024-06-24 21:04:00,217 - INFO - Train Stats
Loss:
  total: 0.38394778966903687
Metrics:
  cityscapes_dice: 0.8382969856262207
  cityscapes_jaccard_macro: 0.3140121638774872
  cityscapes_jaccard_micro: 0.7972972512245178

2024-06-24 21:04:23,267 - INFO - Validation Stats
Loss:
  total: 0.4872102867811918
Metrics:
  cityscapes_dice: 0.8180399220436811
  cityscapes_jaccard_macro: 0.2779656001366675
  cityscapes_jaccard_micro: 0.754106417298317

2024-06-24 21:04:23,267 - INFO - Epoch 45/120
2024-06-24 21:04:28,653 - INFO - Train Stats
Loss:
  total: 0.3789602220058441
Metrics:
  cityscapes_dice: 0.843235182762146
  cityscapes_jaccard_macro: 0.33338395953178407
  cityscapes_jaccard_micro: 0.8011966466903686

2024-06-24 21:04:52,606 - INFO - Validation Stats
Loss:
  total: 0.4833277342841029
Metrics:
  cityscapes_dice: 0.8177435249090195
  cityscapes_jaccard_macro: 0.2778265355154872
  cityscapes_jaccard_micro: 0.7565651647746563

2024-06-24 21:04:54,070 - INFO - Epoch 46/120
2024-06-24 21:04:59,438 - INFO - Train Stats
Loss:
  total: 0.3851899683475494
Metrics:
  cityscapes_dice: 0.8413234114646911
  cityscapes_jaccard_macro: 0.32457488775253296
  cityscapes_jaccard_micro: 0.7999128580093384

2024-06-24 21:05:22,480 - INFO - Validation Stats
Loss:
  total: 0.4920484032481909
Metrics:
  cityscapes_dice: 0.8165332488715649
  cityscapes_jaccard_macro: 0.274736434686929
  cityscapes_jaccard_micro: 0.7525172401219606

2024-06-24 21:05:22,480 - INFO - Epoch 47/120
2024-06-24 21:05:27,712 - INFO - Train Stats
Loss:
  total: 0.3852559745311737
Metrics:
  cityscapes_dice: 0.8405950188636779
  cityscapes_jaccard_macro: 0.31946386098861695
  cityscapes_jaccard_micro: 0.7962600231170655

2024-06-24 21:05:51,138 - INFO - Validation Stats
Loss:
  total: 0.48194723669439554
Metrics:
  cityscapes_dice: 0.8185915760695934
  cityscapes_jaccard_macro: 0.2830187324434519
  cityscapes_jaccard_micro: 0.7554107941687107

2024-06-24 21:05:52,729 - INFO - Epoch 48/120
2024-06-24 21:05:58,216 - INFO - Train Stats
Loss:
  total: 0.3845171511173248
Metrics:
  cityscapes_dice: 0.8379649519920349
  cityscapes_jaccard_macro: 0.32540262341499326
  cityscapes_jaccard_micro: 0.7933953285217286

2024-06-24 21:06:22,724 - INFO - Validation Stats
Loss:
  total: 0.4828633824363351
Metrics:
  cityscapes_dice: 0.8187753688544035
  cityscapes_jaccard_macro: 0.282073063775897
  cityscapes_jaccard_micro: 0.7552284523844719

2024-06-24 21:06:22,724 - INFO - Epoch 49/120
2024-06-24 21:06:28,389 - INFO - Train Stats
Loss:
  total: 0.39784060716629027
Metrics:
  cityscapes_dice: 0.8334106802940369
  cityscapes_jaccard_macro: 0.31086722016334534
  cityscapes_jaccard_micro: 0.7893436908721924

2024-06-24 21:06:51,119 - INFO - Validation Stats
Loss:
  total: 0.46610805578529835
Metrics:
  cityscapes_dice: 0.823158485814929
  cityscapes_jaccard_macro: 0.2929356135427952
  cityscapes_jaccard_micro: 0.7616346888244152

2024-06-24 21:06:52,676 - INFO - Epoch 50/120
2024-06-24 21:06:58,094 - INFO - Train Stats
Loss:
  total: 0.3888504981994629
Metrics:
  cityscapes_dice: 0.8385456442832947
  cityscapes_jaccard_macro: 0.3344037890434265
  cityscapes_jaccard_micro: 0.7927176594734192

2024-06-24 21:07:21,327 - INFO - Validation Stats
Loss:
  total: 0.48873796965926886
Metrics:
  cityscapes_dice: 0.8155883960425854
  cityscapes_jaccard_macro: 0.28875267691910267
  cityscapes_jaccard_micro: 0.7516033686697483

2024-06-24 21:07:23,011 - INFO - Epoch 51/120
2024-06-24 21:07:29,847 - INFO - Train Stats
Loss:
  total: 0.34910363554954527
Metrics:
  cityscapes_dice: 0.8498247981071472
  cityscapes_jaccard_macro: 0.35077561140060426
  cityscapes_jaccard_micro: 0.8123480081558228

2024-06-24 21:07:52,370 - INFO - Validation Stats
Loss:
  total: 0.4840049035847187
Metrics:
  cityscapes_dice: 0.8177752438932657
  cityscapes_jaccard_macro: 0.2887580022215843
  cityscapes_jaccard_micro: 0.7549157273024321

2024-06-24 21:07:52,370 - INFO - Epoch 52/120
2024-06-24 21:07:57,806 - INFO - Train Stats
Loss:
  total: 0.38339745402336123
Metrics:
  cityscapes_dice: 0.8381238222122193
  cityscapes_jaccard_macro: 0.3535431146621704
  cityscapes_jaccard_micro: 0.7964661955833435

2024-06-24 21:08:19,855 - INFO - Validation Stats
Loss:
  total: 0.48268544487655163
Metrics:
  cityscapes_dice: 0.8176948539912701
  cityscapes_jaccard_macro: 0.29251347202807665
  cityscapes_jaccard_micro: 0.7556322030723095

2024-06-24 21:08:19,855 - INFO - Epoch 53/120
2024-06-24 21:08:25,143 - INFO - Train Stats
Loss:
  total: 0.3883049011230469
Metrics:
  cityscapes_dice: 0.8407325625419617
  cityscapes_jaccard_macro: 0.359775698184967
  cityscapes_jaccard_micro: 0.7973005414009094

2024-06-24 21:08:48,167 - INFO - Validation Stats
Loss:
  total: 0.4755497071892023
Metrics:
  cityscapes_dice: 0.8216420505195856
  cityscapes_jaccard_macro: 0.2977345436811447
  cityscapes_jaccard_micro: 0.7592918816953897

2024-06-24 21:08:48,167 - INFO - Epoch 54/120
2024-06-24 21:08:54,276 - INFO - Train Stats
Loss:
  total: 0.3621168971061707
Metrics:
  cityscapes_dice: 0.8467797636985779
  cityscapes_jaccard_macro: 0.3548733234405518
  cityscapes_jaccard_micro: 0.8095247626304627

2024-06-24 21:09:16,898 - INFO - Validation Stats
Loss:
  total: 0.4706588592380285
Metrics:
  cityscapes_dice: 0.8221770990639925
  cityscapes_jaccard_macro: 0.2969959140755236
  cityscapes_jaccard_micro: 0.760452825576067

2024-06-24 21:09:16,898 - INFO - Epoch 55/120
2024-06-24 21:09:22,199 - INFO - Train Stats
Loss:
  total: 0.3650289475917816
Metrics:
  cityscapes_dice: 0.8472773432731628
  cityscapes_jaccard_macro: 0.317638099193573
  cityscapes_jaccard_micro: 0.8074332356452942

2024-06-24 21:09:45,126 - INFO - Validation Stats
Loss:
  total: 0.4697714801877737
Metrics:
  cityscapes_dice: 0.821538258343935
  cityscapes_jaccard_macro: 0.2972391312941909
  cityscapes_jaccard_micro: 0.7599633987993002

2024-06-24 21:09:45,126 - INFO - Epoch 56/120
2024-06-24 21:09:50,402 - INFO - Train Stats
Loss:
  total: 0.35161606669425965
Metrics:
  cityscapes_dice: 0.8513253808021546
  cityscapes_jaccard_macro: 0.3418136537075043
  cityscapes_jaccard_micro: 0.813716471195221

2024-06-24 21:10:13,811 - INFO - Validation Stats
Loss:
  total: 0.4701570300385356
Metrics:
  cityscapes_dice: 0.8214926552027464
  cityscapes_jaccard_macro: 0.2988634933717549
  cityscapes_jaccard_micro: 0.7612435091286898

2024-06-24 21:10:13,812 - INFO - Epoch 57/120
2024-06-24 21:10:19,134 - INFO - Train Stats
Loss:
  total: 0.35571451783180236
Metrics:
  cityscapes_dice: 0.8521564483642579
  cityscapes_jaccard_macro: 0.33871373534202576
  cityscapes_jaccard_micro: 0.8116929054260253

2024-06-24 21:10:41,676 - INFO - Validation Stats
Loss:
  total: 0.4767990708351135
Metrics:
  cityscapes_dice: 0.8211912978440523
  cityscapes_jaccard_macro: 0.2944904323667288
  cityscapes_jaccard_micro: 0.7587679289281368

2024-06-24 21:10:41,676 - INFO - Epoch 58/120
2024-06-24 21:10:46,910 - INFO - Train Stats
Loss:
  total: 0.36627376079559326
Metrics:
  cityscapes_dice: 0.8453262567520141
  cityscapes_jaccard_macro: 0.34143224358558655
  cityscapes_jaccard_micro: 0.80385901927948

2024-06-24 21:11:09,586 - INFO - Validation Stats
Loss:
  total: 0.47765469551086426
Metrics:
  cityscapes_dice: 0.8181805498898029
  cityscapes_jaccard_macro: 0.29876846354454756
  cityscapes_jaccard_micro: 0.7568159103393555

2024-06-24 21:11:09,586 - INFO - Epoch 59/120
2024-06-24 21:11:14,876 - INFO - Train Stats
Loss:
  total: 0.3583820939064026
Metrics:
  cityscapes_dice: 0.8478411912918091
  cityscapes_jaccard_macro: 0.33488401770591736
  cityscapes_jaccard_micro: 0.8083649516105652

2024-06-24 21:11:38,319 - INFO - Validation Stats
Loss:
  total: 0.47216262482106686
Metrics:
  cityscapes_dice: 0.8198434859514236
  cityscapes_jaccard_macro: 0.2989385677501559
  cityscapes_jaccard_micro: 0.7598659694194794

2024-06-24 21:11:38,319 - INFO - Epoch 60/120
2024-06-24 21:11:43,672 - INFO - Train Stats
Loss:
  total: 0.3757568895816803
Metrics:
  cityscapes_dice: 0.8433444380760193
  cityscapes_jaccard_macro: 0.35817723870277407
  cityscapes_jaccard_micro: 0.7991534829139709

2024-06-24 21:12:06,427 - INFO - Validation Stats
Loss:
  total: 0.47114310692995787
Metrics:
  cityscapes_dice: 0.8213694989681244
  cityscapes_jaccard_macro: 0.29984423890709877
  cityscapes_jaccard_micro: 0.7606575693935156

2024-06-24 21:12:07,940 - INFO - Epoch 61/120
2024-06-24 21:12:13,182 - INFO - Train Stats
Loss:
  total: 0.3482320487499237
Metrics:
  cityscapes_dice: 0.8528150200843811
  cityscapes_jaccard_macro: 0.36237037777900694
  cityscapes_jaccard_micro: 0.812882399559021

2024-06-24 21:12:35,972 - INFO - Validation Stats
Loss:
  total: 0.4655568599700928
Metrics:
  cityscapes_dice: 0.8232401143759489
  cityscapes_jaccard_macro: 0.2983757760375738
  cityscapes_jaccard_micro: 0.7635458670556545

2024-06-24 21:12:37,414 - INFO - Epoch 62/120
2024-06-24 21:12:42,759 - INFO - Train Stats
Loss:
  total: 0.34366058707237246
Metrics:
  cityscapes_dice: 0.8531338572502136
  cityscapes_jaccard_macro: 0.36492717266082764
  cityscapes_jaccard_micro: 0.8169837236404419

2024-06-24 21:13:05,766 - INFO - Validation Stats
Loss:
  total: 0.4538144934922457
Metrics:
  cityscapes_dice: 0.8260630387812853
  cityscapes_jaccard_macro: 0.3016169713810086
  cityscapes_jaccard_micro: 0.7678723614662886

2024-06-24 21:13:07,345 - INFO - Epoch 63/120
2024-06-24 21:13:12,627 - INFO - Train Stats
Loss:
  total: 0.35009554624557493
Metrics:
  cityscapes_dice: 0.8521584868431091
  cityscapes_jaccard_macro: 0.3468568742275238
  cityscapes_jaccard_micro: 0.8109372615814209

2024-06-24 21:13:35,435 - INFO - Validation Stats
Loss:
  total: 0.454650329425931
Metrics:
  cityscapes_dice: 0.8230993840843439
  cityscapes_jaccard_macro: 0.3036010880023241
  cityscapes_jaccard_micro: 0.765448585152626

2024-06-24 21:13:35,435 - INFO - Epoch 64/120
2024-06-24 21:13:40,909 - INFO - Train Stats
Loss:
  total: 0.3408670127391815
Metrics:
  cityscapes_dice: 0.8545214176177979
  cityscapes_jaccard_macro: 0.3448837220668793
  cityscapes_jaccard_micro: 0.8159257888793945

2024-06-24 21:14:03,653 - INFO - Validation Stats
Loss:
  total: 0.46986258402466774
Metrics:
  cityscapes_dice: 0.8197552319616079
  cityscapes_jaccard_macro: 0.2982676364481449
  cityscapes_jaccard_micro: 0.7606242168694735

2024-06-24 21:14:03,653 - INFO - Epoch 65/120
2024-06-24 21:14:09,053 - INFO - Train Stats
Loss:
  total: 0.34312676787376406
Metrics:
  cityscapes_dice: 0.85602867603302
  cityscapes_jaccard_macro: 0.3595838248729706
  cityscapes_jaccard_micro: 0.8139417886734008

2024-06-24 21:14:32,019 - INFO - Validation Stats
Loss:
  total: 0.47261095978319645
Metrics:
  cityscapes_dice: 0.8203906882554293
  cityscapes_jaccard_macro: 0.302275856025517
  cityscapes_jaccard_micro: 0.7596434932202101

2024-06-24 21:14:32,019 - INFO - Epoch 66/120
2024-06-24 21:14:37,366 - INFO - Train Stats
Loss:
  total: 0.341015487909317
Metrics:
  cityscapes_dice: 0.853603994846344
  cityscapes_jaccard_macro: 0.3547574579715729
  cityscapes_jaccard_micro: 0.816313099861145

2024-06-24 21:15:00,161 - INFO - Validation Stats
Loss:
  total: 0.4594176197424531
Metrics:
  cityscapes_dice: 0.8243048544973135
  cityscapes_jaccard_macro: 0.30558416433632374
  cityscapes_jaccard_micro: 0.7638064045459032

2024-06-24 21:15:00,161 - INFO - Epoch 67/120
2024-06-24 21:15:05,590 - INFO - Train Stats
Loss:
  total: 0.3598364174365997
Metrics:
  cityscapes_dice: 0.8452849864959717
  cityscapes_jaccard_macro: 0.3670624792575836
  cityscapes_jaccard_micro: 0.8058208584785461

2024-06-24 21:15:28,671 - INFO - Validation Stats
Loss:
  total: 0.44711220543831587
Metrics:
  cityscapes_dice: 0.8253888916224241
  cityscapes_jaccard_macro: 0.306467616930604
  cityscapes_jaccard_micro: 0.7691892478615046

2024-06-24 21:15:30,158 - INFO - Epoch 68/120
2024-06-24 21:15:40,498 - INFO - Train Stats
Loss:
  total: 0.3535228967666626
Metrics:
  cityscapes_dice: 0.8505157589912414
  cityscapes_jaccard_macro: 0.37314448952674867
  cityscapes_jaccard_micro: 0.8109341263771057

2024-06-24 21:16:02,982 - INFO - Validation Stats
Loss:
  total: 0.4584777485579252
Metrics:
  cityscapes_dice: 0.8239361271262169
  cityscapes_jaccard_macro: 0.30748928897082806
  cityscapes_jaccard_micro: 0.7649025358259678

2024-06-24 21:16:02,982 - INFO - Epoch 69/120
2024-06-24 21:16:08,531 - INFO - Train Stats
Loss:
  total: 0.3528952896595001
Metrics:
  cityscapes_dice: 0.850662624835968
  cityscapes_jaccard_macro: 0.3548688590526581
  cityscapes_jaccard_micro: 0.811840009689331

2024-06-24 21:16:34,041 - INFO - Validation Stats
Loss:
  total: 0.4621944595128298
Metrics:
  cityscapes_dice: 0.8240416254848242
  cityscapes_jaccard_macro: 0.30246293917298317
  cityscapes_jaccard_micro: 0.7634212430566549

2024-06-24 21:16:34,041 - INFO - Epoch 70/120
2024-06-24 21:16:39,204 - INFO - Train Stats
Loss:
  total: 0.3384347140789032
Metrics:
  cityscapes_dice: 0.854629123210907
  cityscapes_jaccard_macro: 0.36362600326538086
  cityscapes_jaccard_micro: 0.8168770432472229

2024-06-24 21:17:01,944 - INFO - Validation Stats
Loss:
  total: 0.4650417361408472
Metrics:
  cityscapes_dice: 0.822724835947156
  cityscapes_jaccard_macro: 0.30802625976502895
  cityscapes_jaccard_micro: 0.7609614953398705

2024-06-24 21:17:05,285 - INFO - Epoch 71/120
2024-06-24 21:17:11,300 - INFO - Train Stats
Loss:
  total: 0.352780282497406
Metrics:
  cityscapes_dice: 0.8478121995925904
  cityscapes_jaccard_macro: 0.3828886985778809
  cityscapes_jaccard_micro: 0.8092896461486816

2024-06-24 21:17:35,497 - INFO - Validation Stats
Loss:
  total: 0.453139397315681
Metrics:
  cityscapes_dice: 0.824988316744566
  cityscapes_jaccard_macro: 0.30616973992437124
  cityscapes_jaccard_micro: 0.7664429768919945

2024-06-24 21:17:35,497 - INFO - Epoch 72/120
2024-06-24 21:17:40,950 - INFO - Train Stats
Loss:
  total: 0.33170124888420105
Metrics:
  cityscapes_dice: 0.8547239065170288
  cityscapes_jaccard_macro: 0.3688781261444092
  cityscapes_jaccard_micro: 0.820322597026825

2024-06-24 21:18:03,366 - INFO - Validation Stats
Loss:
  total: 0.45803027879446745
Metrics:
  cityscapes_dice: 0.8247024044394493
  cityscapes_jaccard_macro: 0.30494228936731815
  cityscapes_jaccard_micro: 0.764691561460495

2024-06-24 21:18:03,367 - INFO - Epoch 73/120
2024-06-24 21:18:08,655 - INFO - Train Stats
Loss:
  total: 0.34649800658226015
Metrics:
  cityscapes_dice: 0.8475932240486145
  cityscapes_jaccard_macro: 0.3790254831314087
  cityscapes_jaccard_micro: 0.8095158219337464

2024-06-24 21:18:31,488 - INFO - Validation Stats
Loss:
  total: 0.45198837760835886
Metrics:
  cityscapes_dice: 0.824495917186141
  cityscapes_jaccard_macro: 0.30995161924511194
  cityscapes_jaccard_micro: 0.7659171596169472

2024-06-24 21:18:31,488 - INFO - Epoch 74/120
2024-06-24 21:18:36,918 - INFO - Train Stats
Loss:
  total: 0.33963364362716675
Metrics:
  cityscapes_dice: 0.8508477568626404
  cityscapes_jaccard_macro: 0.3793279051780701
  cityscapes_jaccard_micro: 0.8159870505332947

2024-06-24 21:18:59,433 - INFO - Validation Stats
Loss:
  total: 0.46123597864061594
Metrics:
  cityscapes_dice: 0.8240488059818745
  cityscapes_jaccard_macro: 0.31053245440125465
  cityscapes_jaccard_micro: 0.7639457006007433

2024-06-24 21:18:59,433 - INFO - Epoch 75/120
2024-06-24 21:19:04,643 - INFO - Train Stats
Loss:
  total: 0.3381779134273529
Metrics:
  cityscapes_dice: 0.8512571215629577
  cityscapes_jaccard_macro: 0.37572641372680665
  cityscapes_jaccard_micro: 0.8164556741714477

2024-06-24 21:19:28,234 - INFO - Validation Stats
Loss:
  total: 0.4659894881770015
Metrics:
  cityscapes_dice: 0.8232006672769785
  cityscapes_jaccard_macro: 0.31049778312444687
  cityscapes_jaccard_micro: 0.761759415268898

2024-06-24 21:19:28,234 - INFO - Epoch 76/120
2024-06-24 21:19:33,694 - INFO - Train Stats
Loss:
  total: 0.34198257327079773
Metrics:
  cityscapes_dice: 0.8520935535430908
  cityscapes_jaccard_macro: 0.38388620018959047
  cityscapes_jaccard_micro: 0.8142269968986511

2024-06-24 21:19:56,817 - INFO - Validation Stats
Loss:
  total: 0.47139460779726505
Metrics:
  cityscapes_dice: 0.8215836435556412
  cityscapes_jaccard_macro: 0.3076971787959337
  cityscapes_jaccard_micro: 0.7598548475652933

2024-06-24 21:19:56,818 - INFO - Epoch 77/120
2024-06-24 21:20:02,153 - INFO - Train Stats
Loss:
  total: 0.33705592155456543
Metrics:
  cityscapes_dice: 0.8514260292053223
  cityscapes_jaccard_macro: 0.3982205867767334
  cityscapes_jaccard_micro: 0.8167037963867188

2024-06-24 21:20:24,820 - INFO - Validation Stats
Loss:
  total: 0.4461817303672433
Metrics:
  cityscapes_dice: 0.825740072876215
  cityscapes_jaccard_macro: 0.3077700734138489
  cityscapes_jaccard_micro: 0.7688288167119026

2024-06-24 21:20:26,467 - INFO - Epoch 78/120
2024-06-24 21:20:31,926 - INFO - Train Stats
Loss:
  total: 0.33795552849769595
Metrics:
  cityscapes_dice: 0.8528025627136231
  cityscapes_jaccard_macro: 0.37928406000137327
  cityscapes_jaccard_micro: 0.8167207717895508

2024-06-24 21:20:54,751 - INFO - Validation Stats
Loss:
  total: 0.45345306023955345
Metrics:
  cityscapes_dice: 0.8264938853681087
  cityscapes_jaccard_macro: 0.3138220487162471
  cityscapes_jaccard_micro: 0.768730241805315

2024-06-24 21:20:54,752 - INFO - Epoch 79/120
2024-06-24 21:20:59,965 - INFO - Train Stats
Loss:
  total: 0.32935179471969606
Metrics:
  cityscapes_dice: 0.8539846181869507
  cityscapes_jaccard_macro: 0.3837223470211029
  cityscapes_jaccard_micro: 0.8213272571563721

2024-06-24 21:21:23,410 - INFO - Validation Stats
Loss:
  total: 0.4563057068735361
Metrics:
  cityscapes_dice: 0.8252499885857105
  cityscapes_jaccard_macro: 0.3137942859902978
  cityscapes_jaccard_micro: 0.7655782531946898

2024-06-24 21:21:23,410 - INFO - Epoch 80/120
2024-06-24 21:21:28,870 - INFO - Train Stats
Loss:
  total: 0.332881897687912
Metrics:
  cityscapes_dice: 0.8569687247276306
  cityscapes_jaccard_macro: 0.38391333222389223
  cityscapes_jaccard_micro: 0.8191663026809692

2024-06-24 21:21:51,672 - INFO - Validation Stats
Loss:
  total: 0.4398089572787285
Metrics:
  cityscapes_dice: 0.828427704051137
  cityscapes_jaccard_macro: 0.3106046300381422
  cityscapes_jaccard_micro: 0.7724268846213818

2024-06-24 21:21:54,958 - INFO - Epoch 81/120
2024-06-24 21:22:00,222 - INFO - Train Stats
Loss:
  total: 0.33186579346656797
Metrics:
  cityscapes_dice: 0.8517380237579346
  cityscapes_jaccard_macro: 0.36546432971954346
  cityscapes_jaccard_micro: 0.8152164220809937

2024-06-24 21:22:22,982 - INFO - Validation Stats
Loss:
  total: 0.45763622131198645
Metrics:
  cityscapes_dice: 0.8251360952854156
  cityscapes_jaccard_macro: 0.3083776878193021
  cityscapes_jaccard_micro: 0.7653110958635807

2024-06-24 21:22:22,982 - INFO - Epoch 82/120
2024-06-24 21:22:29,417 - INFO - Train Stats
Loss:
  total: 0.34102323055267336
Metrics:
  cityscapes_dice: 0.8463900804519653
  cityscapes_jaccard_macro: 0.3863533914089203
  cityscapes_jaccard_micro: 0.812887704372406

2024-06-24 21:22:52,009 - INFO - Validation Stats
Loss:
  total: 0.4631834579631686
Metrics:
  cityscapes_dice: 0.8218289595097303
  cityscapes_jaccard_macro: 0.312729996163398
  cityscapes_jaccard_micro: 0.7617244459688663

2024-06-24 21:22:52,009 - INFO - Epoch 83/120
2024-06-24 21:22:57,085 - INFO - Train Stats
Loss:
  total: 0.33662156462669374
Metrics:
  cityscapes_dice: 0.8542324542999268
  cityscapes_jaccard_macro: 0.37981699109077455
  cityscapes_jaccard_micro: 0.8155528783798218

2024-06-24 21:23:19,236 - INFO - Validation Stats
Loss:
  total: 0.4454129533842206
Metrics:
  cityscapes_dice: 0.8264620788395405
  cityscapes_jaccard_macro: 0.3119627507403493
  cityscapes_jaccard_micro: 0.7688171956688166

2024-06-24 21:23:19,236 - INFO - Epoch 84/120
2024-06-24 21:23:24,764 - INFO - Train Stats
Loss:
  total: 0.3264638602733612
Metrics:
  cityscapes_dice: 0.8538639783859253
  cityscapes_jaccard_macro: 0.3878058850765228
  cityscapes_jaccard_micro: 0.8212585210800171

2024-06-24 21:23:48,205 - INFO - Validation Stats
Loss:
  total: 0.4373327950015664
Metrics:
  cityscapes_dice: 0.8275960516184568
  cityscapes_jaccard_macro: 0.31506604235619307
  cityscapes_jaccard_micro: 0.7717109173536301

2024-06-24 21:23:51,066 - INFO - Epoch 85/120
2024-06-24 21:23:56,283 - INFO - Train Stats
Loss:
  total: 0.3561032712459564
Metrics:
  cityscapes_dice: 0.8495405077934265
  cityscapes_jaccard_macro: 0.35920085906982424
  cityscapes_jaccard_micro: 0.8092523455619812

2024-06-24 21:24:18,748 - INFO - Validation Stats
Loss:
  total: 0.4425687035545707
Metrics:
  cityscapes_dice: 0.8274054694920778
  cityscapes_jaccard_macro: 0.3111813636496663
  cityscapes_jaccard_micro: 0.769821310415864

2024-06-24 21:24:18,749 - INFO - Epoch 86/120
2024-06-24 21:24:23,959 - INFO - Train Stats
Loss:
  total: 0.3282660245895386
Metrics:
  cityscapes_dice: 0.8578306674957276
  cityscapes_jaccard_macro: 0.39540390968322753
  cityscapes_jaccard_micro: 0.8213816523551941

2024-06-24 21:24:46,453 - INFO - Validation Stats
Loss:
  total: 0.4400027310475707
Metrics:
  cityscapes_dice: 0.8277627434581518
  cityscapes_jaccard_macro: 0.31471436843276024
  cityscapes_jaccard_micro: 0.7709516696631908

2024-06-24 21:24:46,453 - INFO - Epoch 87/120
2024-06-24 21:24:51,726 - INFO - Train Stats
Loss:
  total: 0.3390624701976776
Metrics:
  cityscapes_dice: 0.8509026527404785
  cityscapes_jaccard_macro: 0.3654509663581848
  cityscapes_jaccard_micro: 0.8152492642402649

2024-06-24 21:25:15,091 - INFO - Validation Stats
Loss:
  total: 0.4578475020825863
Metrics:
  cityscapes_dice: 0.8226829785853624
  cityscapes_jaccard_macro: 0.31031544134020805
  cityscapes_jaccard_micro: 0.7636573892086744

2024-06-24 21:25:15,091 - INFO - Epoch 88/120
2024-06-24 21:25:20,455 - INFO - Train Stats
Loss:
  total: 0.3243521749973297
Metrics:
  cityscapes_dice: 0.8555207133293152
  cityscapes_jaccard_macro: 0.39606366157531736
  cityscapes_jaccard_micro: 0.8221906661987305

2024-06-24 21:25:42,784 - INFO - Validation Stats
Loss:
  total: 0.4450777592137456
Metrics:
  cityscapes_dice: 0.8263904899358749
  cityscapes_jaccard_macro: 0.3151951963081956
  cityscapes_jaccard_micro: 0.7684665005654097

2024-06-24 21:25:42,784 - INFO - Epoch 89/120
2024-06-24 21:25:48,000 - INFO - Train Stats
Loss:
  total: 0.3280121862888336
Metrics:
  cityscapes_dice: 0.8562639713287353
  cityscapes_jaccard_macro: 0.3796050548553467
  cityscapes_jaccard_micro: 0.8195497870445252

2024-06-24 21:26:10,625 - INFO - Validation Stats
Loss:
  total: 0.4298177808523178
Metrics:
  cityscapes_dice: 0.8299624659121037
  cityscapes_jaccard_macro: 0.31333519145846367
  cityscapes_jaccard_micro: 0.7754304707050323

2024-06-24 21:26:12,154 - INFO - Epoch 90/120
2024-06-24 21:26:17,652 - INFO - Train Stats
Loss:
  total: 0.3263412952423096
Metrics:
  cityscapes_dice: 0.8556721925735473
  cityscapes_jaccard_macro: 0.39502582550048826
  cityscapes_jaccard_micro: 0.8196375489234924

2024-06-24 21:26:40,547 - INFO - Validation Stats
Loss:
  total: 0.43426444567739964
Metrics:
  cityscapes_dice: 0.8296702168881893
  cityscapes_jaccard_macro: 0.3157871998846531
  cityscapes_jaccard_micro: 0.775380864739418

2024-06-24 21:26:42,005 - INFO - Epoch 91/120
2024-06-24 21:26:47,288 - INFO - Train Stats
Loss:
  total: 0.3280328333377838
Metrics:
  cityscapes_dice: 0.8527400016784668
  cityscapes_jaccard_macro: 0.3837365984916687
  cityscapes_jaccard_micro: 0.8206135869026184

2024-06-24 21:27:11,058 - INFO - Validation Stats
Loss:
  total: 0.4543135901913047
Metrics:
  cityscapes_dice: 0.8252671621739864
  cityscapes_jaccard_macro: 0.31377490796148777
  cityscapes_jaccard_micro: 0.7661779709160328

2024-06-24 21:27:11,058 - INFO - Epoch 92/120
2024-06-24 21:27:16,318 - INFO - Train Stats
Loss:
  total: 0.31394436955451965
Metrics:
  cityscapes_dice: 0.8563634514808655
  cityscapes_jaccard_macro: 0.3958596706390381
  cityscapes_jaccard_micro: 0.825472605228424

2024-06-24 21:27:39,275 - INFO - Validation Stats
Loss:
  total: 0.45078461710363626
Metrics:
  cityscapes_dice: 0.8254133146256208
  cityscapes_jaccard_macro: 0.313865227624774
  cityscapes_jaccard_micro: 0.7667040005326271

2024-06-24 21:27:39,275 - INFO - Epoch 93/120
2024-06-24 21:27:44,622 - INFO - Train Stats
Loss:
  total: 0.33590025305747984
Metrics:
  cityscapes_dice: 0.8546773195266724
  cityscapes_jaccard_macro: 0.399072527885437
  cityscapes_jaccard_micro: 0.8167435050010681

2024-06-24 21:28:08,819 - INFO - Validation Stats
Loss:
  total: 0.4536762870848179
Metrics:
  cityscapes_dice: 0.8258126117289066
  cityscapes_jaccard_macro: 0.31649686209857464
  cityscapes_jaccard_micro: 0.7665860094130039

2024-06-24 21:28:08,819 - INFO - Epoch 94/120
2024-06-24 21:28:14,124 - INFO - Train Stats
Loss:
  total: 0.31981809735298156
Metrics:
  cityscapes_dice: 0.8560741424560547
  cityscapes_jaccard_macro: 0.3787289559841156
  cityscapes_jaccard_micro: 0.825011920928955

2024-06-24 21:28:36,964 - INFO - Validation Stats
Loss:
  total: 0.4535577641800046
Metrics:
  cityscapes_dice: 0.8256165143102407
  cityscapes_jaccard_macro: 0.31323526147753
  cityscapes_jaccard_micro: 0.7659428678452969

2024-06-24 21:28:36,964 - INFO - Epoch 95/120
2024-06-24 21:28:42,196 - INFO - Train Stats
Loss:
  total: 0.3082961618900299
Metrics:
  cityscapes_dice: 0.8591092705726624
  cityscapes_jaccard_macro: 0.3840539813041687
  cityscapes_jaccard_micro: 0.8308869481086731

2024-06-24 21:29:05,357 - INFO - Validation Stats
Loss:
  total: 0.44054601434618235
Metrics:
  cityscapes_dice: 0.8285229299217463
  cityscapes_jaccard_macro: 0.31615566089749336
  cityscapes_jaccard_micro: 0.7709351442754269

2024-06-24 21:29:05,357 - INFO - Epoch 96/120
2024-06-24 21:29:11,084 - INFO - Train Stats
Loss:
  total: 0.33509973287582395
Metrics:
  cityscapes_dice: 0.8536185264587403
  cityscapes_jaccard_macro: 0.3865871250629425
  cityscapes_jaccard_micro: 0.8146653532981872

2024-06-24 21:29:33,657 - INFO - Validation Stats
Loss:
  total: 0.4401510851457715
Metrics:
  cityscapes_dice: 0.8272526860237122
  cityscapes_jaccard_macro: 0.3178315032273531
  cityscapes_jaccard_micro: 0.7718205135315657

2024-06-24 21:29:33,657 - INFO - Epoch 97/120
2024-06-24 21:29:38,814 - INFO - Train Stats
Loss:
  total: 0.31313261687755584
Metrics:
  cityscapes_dice: 0.853792691230774
  cityscapes_jaccard_macro: 0.38961960673332213
  cityscapes_jaccard_micro: 0.825959050655365

2024-06-24 21:30:01,521 - INFO - Validation Stats
Loss:
  total: 0.4446819853037596
Metrics:
  cityscapes_dice: 0.8280497007071972
  cityscapes_jaccard_macro: 0.31355887930840254
  cityscapes_jaccard_micro: 0.7702644001692533

2024-06-24 21:30:01,521 - INFO - Epoch 98/120
2024-06-24 21:30:06,869 - INFO - Train Stats
Loss:
  total: 0.31014413237571714
Metrics:
  cityscapes_dice: 0.8570968031883239
  cityscapes_jaccard_macro: 0.39487635493278506
  cityscapes_jaccard_micro: 0.8288509011268616

2024-06-24 21:30:28,913 - INFO - Validation Stats
Loss:
  total: 0.44326962903141975
Metrics:
  cityscapes_dice: 0.827788382768631
  cityscapes_jaccard_macro: 0.313330321572721
  cityscapes_jaccard_micro: 0.7708474509418011

2024-06-24 21:30:28,913 - INFO - Epoch 99/120
2024-06-24 21:30:34,658 - INFO - Train Stats
Loss:
  total: 0.33204585313796997
Metrics:
  cityscapes_dice: 0.8549826741218567
  cityscapes_jaccard_macro: 0.3705268085002899
  cityscapes_jaccard_micro: 0.8187740206718445

2024-06-24 21:30:57,135 - INFO - Validation Stats
Loss:
  total: 0.44013500586152077
Metrics:
  cityscapes_dice: 0.8289182744920254
  cityscapes_jaccard_macro: 0.3117783907800913
  cityscapes_jaccard_micro: 0.7715700268745422

2024-06-24 21:30:57,136 - INFO - Epoch 100/120
2024-06-24 21:31:02,516 - INFO - Train Stats
Loss:
  total: 0.3093430697917938
Metrics:
  cityscapes_dice: 0.8643132328987122
  cityscapes_jaccard_macro: 0.42718820571899413
  cityscapes_jaccard_micro: 0.8301059246063233

2024-06-24 21:31:25,060 - INFO - Validation Stats
Loss:
  total: 0.442869964055717
Metrics:
  cityscapes_dice: 0.8270636033266783
  cityscapes_jaccard_macro: 0.3152627246454358
  cityscapes_jaccard_micro: 0.7713494654744864

2024-06-24 21:31:26,863 - INFO - Epoch 101/120
2024-06-24 21:31:32,180 - INFO - Train Stats
Loss:
  total: 0.3314924716949463
Metrics:
  cityscapes_dice: 0.8538004279136657
  cityscapes_jaccard_macro: 0.3716472566127777
  cityscapes_jaccard_micro: 0.8156164765357972

2024-06-24 21:31:55,236 - INFO - Validation Stats
Loss:
  total: 0.44204431772232056
Metrics:
  cityscapes_dice: 0.8272990137338638
  cityscapes_jaccard_macro: 0.315383561886847
  cityscapes_jaccard_micro: 0.7702665124088526

2024-06-24 21:31:55,236 - INFO - Epoch 102/120
2024-06-24 21:32:00,931 - INFO - Train Stats
Loss:
  total: 0.3239099085330963
Metrics:
  cityscapes_dice: 0.8566731214523315
  cityscapes_jaccard_macro: 0.3656060218811035
  cityscapes_jaccard_micro: 0.8225540041923523

2024-06-24 21:32:24,326 - INFO - Validation Stats
Loss:
  total: 0.42899160273373127
Metrics:
  cityscapes_dice: 0.8311221413314342
  cityscapes_jaccard_macro: 0.31924248579889536
  cityscapes_jaccard_micro: 0.7766964584589005

2024-06-24 21:32:26,029 - INFO - Epoch 103/120
2024-06-24 21:32:31,380 - INFO - Train Stats
Loss:
  total: 0.3204141676425934
Metrics:
  cityscapes_dice: 0.8558413743972778
  cityscapes_jaccard_macro: 0.3602126777172089
  cityscapes_jaccard_micro: 0.8221701622009278

2024-06-24 21:32:53,982 - INFO - Validation Stats
Loss:
  total: 0.4291580943390727
Metrics:
  cityscapes_dice: 0.8312961887568235
  cityscapes_jaccard_macro: 0.31058775912970304
  cityscapes_jaccard_micro: 0.7759648617357016

2024-06-24 21:32:53,982 - INFO - Epoch 104/120
2024-06-24 21:32:59,288 - INFO - Train Stats
Loss:
  total: 0.3269127905368805
Metrics:
  cityscapes_dice: 0.8561926364898682
  cityscapes_jaccard_macro: 0.37502715587615965
  cityscapes_jaccard_micro: 0.8195770859718323

2024-06-24 21:33:22,178 - INFO - Validation Stats
Loss:
  total: 0.435586123727262
Metrics:
  cityscapes_dice: 0.8287640046328306
  cityscapes_jaccard_macro: 0.31603360641747713
  cityscapes_jaccard_micro: 0.7727313805371523

2024-06-24 21:33:22,178 - INFO - Epoch 105/120
2024-06-24 21:33:27,589 - INFO - Train Stats
Loss:
  total: 0.30680069923400877
Metrics:
  cityscapes_dice: 0.858922278881073
  cityscapes_jaccard_macro: 0.37259936332702637
  cityscapes_jaccard_micro: 0.829578948020935

2024-06-24 21:33:50,004 - INFO - Validation Stats
Loss:
  total: 0.4511182438582182
Metrics:
  cityscapes_dice: 0.8253266364336014
  cityscapes_jaccard_macro: 0.31295851431787014
  cityscapes_jaccard_micro: 0.7660733200609684

2024-06-24 21:33:50,004 - INFO - Epoch 106/120
2024-06-24 21:33:55,144 - INFO - Train Stats
Loss:
  total: 0.3353561103343964
Metrics:
  cityscapes_dice: 0.8517710447311402
  cityscapes_jaccard_macro: 0.3558838129043579
  cityscapes_jaccard_micro: 0.8145531415939331

2024-06-24 21:34:18,030 - INFO - Validation Stats
Loss:
  total: 0.43573106825351715
Metrics:
  cityscapes_dice: 0.8281540591269732
  cityscapes_jaccard_macro: 0.3190383091568947
  cityscapes_jaccard_micro: 0.771405715495348

2024-06-24 21:34:18,030 - INFO - Epoch 107/120
2024-06-24 21:34:23,440 - INFO - Train Stats
Loss:
  total: 0.30485670566558837
Metrics:
  cityscapes_dice: 0.8606295108795166
  cityscapes_jaccard_macro: 0.39769187569618225
  cityscapes_jaccard_micro: 0.8320773124694825

2024-06-24 21:34:46,263 - INFO - Validation Stats
Loss:
  total: 0.44751237984746695
Metrics:
  cityscapes_dice: 0.8262689933180809
  cityscapes_jaccard_macro: 0.314895685762167
  cityscapes_jaccard_micro: 0.7680610083043575

2024-06-24 21:34:46,264 - INFO - Epoch 108/120
2024-06-24 21:34:51,625 - INFO - Train Stats
Loss:
  total: 0.3339813530445099
Metrics:
  cityscapes_dice: 0.8505802869796752
  cityscapes_jaccard_macro: 0.3916957855224609
  cityscapes_jaccard_micro: 0.8159870386123658

2024-06-24 21:35:15,139 - INFO - Validation Stats
Loss:
  total: 0.4354402096942067
Metrics:
  cityscapes_dice: 0.8294343128800392
  cityscapes_jaccard_macro: 0.31838136119768023
  cityscapes_jaccard_micro: 0.7737493980675936

2024-06-24 21:35:15,139 - INFO - Epoch 109/120
2024-06-24 21:35:20,506 - INFO - Train Stats
Loss:
  total: 0.31723350286483765
Metrics:
  cityscapes_dice: 0.8568421602249146
  cityscapes_jaccard_macro: 0.3798989236354828
  cityscapes_jaccard_micro: 0.8235028624534607

2024-06-24 21:35:42,916 - INFO - Validation Stats
Loss:
  total: 0.4392703305929899
Metrics:
  cityscapes_dice: 0.8269748724997044
  cityscapes_jaccard_macro: 0.3164085168391466
  cityscapes_jaccard_micro: 0.7708740998059511

2024-06-24 21:35:42,916 - INFO - Epoch 110/120
2024-06-24 21:35:48,266 - INFO - Train Stats
Loss:
  total: 0.306059205532074
Metrics:
  cityscapes_dice: 0.8575425744056702
  cityscapes_jaccard_macro: 0.3654221832752228
  cityscapes_jaccard_micro: 0.8278233289718628

2024-06-24 21:36:11,784 - INFO - Validation Stats
Loss:
  total: 0.4478764068335295
Metrics:
  cityscapes_dice: 0.8264647219330072
  cityscapes_jaccard_macro: 0.3184451228007674
  cityscapes_jaccard_micro: 0.767659792676568

2024-06-24 21:36:13,482 - INFO - Epoch 111/120
2024-06-24 21:36:18,918 - INFO - Train Stats
Loss:
  total: 0.3134151041507721
Metrics:
  cityscapes_dice: 0.8588806629180908
  cityscapes_jaccard_macro: 0.37599746584892274
  cityscapes_jaccard_micro: 0.8261857032775879

2024-06-24 21:36:41,852 - INFO - Validation Stats
Loss:
  total: 0.4345003552734852
Metrics:
  cityscapes_dice: 0.8297112509608269
  cityscapes_jaccard_macro: 0.31444548442959785
  cityscapes_jaccard_micro: 0.7748057562857866

2024-06-24 21:36:41,852 - INFO - Epoch 112/120
2024-06-24 21:36:47,178 - INFO - Train Stats
Loss:
  total: 0.3173363506793976
Metrics:
  cityscapes_dice: 0.8530419826507568
  cityscapes_jaccard_macro: 0.3732069730758667
  cityscapes_jaccard_micro: 0.8229872107505798

2024-06-24 21:37:09,633 - INFO - Validation Stats
Loss:
  total: 0.4405748611316085
Metrics:
  cityscapes_dice: 0.8275128249078989
  cityscapes_jaccard_macro: 0.32097914442420006
  cityscapes_jaccard_micro: 0.7708142995834351

2024-06-24 21:37:09,633 - INFO - Epoch 113/120
2024-06-24 21:37:14,936 - INFO - Train Stats
Loss:
  total: 0.32301258444786074
Metrics:
  cityscapes_dice: 0.855392336845398
  cityscapes_jaccard_macro: 0.36197943687438966
  cityscapes_jaccard_micro: 0.8206757307052612

2024-06-24 21:37:38,245 - INFO - Validation Stats
Loss:
  total: 0.44052942283451557
Metrics:
  cityscapes_dice: 0.8283369243144989
  cityscapes_jaccard_macro: 0.3221328454092145
  cityscapes_jaccard_micro: 0.7714407872408628

2024-06-24 21:37:38,245 - INFO - Epoch 114/120
2024-06-24 21:37:43,514 - INFO - Train Stats
Loss:
  total: 0.31260783672332765
Metrics:
  cityscapes_dice: 0.8600156903266907
  cityscapes_jaccard_macro: 0.38878188729286195
  cityscapes_jaccard_micro: 0.8256716370582581

2024-06-24 21:38:05,103 - INFO - Validation Stats
Loss:
  total: 0.42907753121107817
Metrics:
  cityscapes_dice: 0.8291299548000097
  cityscapes_jaccard_macro: 0.3189369132742286
  cityscapes_jaccard_micro: 0.7737379986792803

2024-06-24 21:38:05,103 - INFO - Epoch 115/120
2024-06-24 21:38:10,647 - INFO - Train Stats
Loss:
  total: 0.33213379979133606
Metrics:
  cityscapes_dice: 0.850040876865387
  cityscapes_jaccard_macro: 0.3831357181072235
  cityscapes_jaccard_micro: 0.814018189907074

2024-06-24 21:38:34,372 - INFO - Validation Stats
Loss:
  total: 0.4450566293671727
Metrics:
  cityscapes_dice: 0.8256300296634436
  cityscapes_jaccard_macro: 0.31797835137695074
  cityscapes_jaccard_micro: 0.7675187550485134

2024-06-24 21:38:34,372 - INFO - Epoch 116/120
2024-06-24 21:38:39,658 - INFO - Train Stats
Loss:
  total: 0.31605451107025145
Metrics:
  cityscapes_dice: 0.8601158499717713
  cityscapes_jaccard_macro: 0.3892054080963135
  cityscapes_jaccard_micro: 0.8246788382530212

2024-06-24 21:39:03,881 - INFO - Validation Stats
Loss:
  total: 0.44572576228529215
Metrics:
  cityscapes_dice: 0.827936090528965
  cityscapes_jaccard_macro: 0.31663249526172876
  cityscapes_jaccard_micro: 0.7700937502086163

2024-06-24 21:39:03,881 - INFO - Epoch 117/120
2024-06-24 21:39:09,503 - INFO - Train Stats
Loss:
  total: 0.33421616554260253
Metrics:
  cityscapes_dice: 0.8519159317016601
  cityscapes_jaccard_macro: 0.3982806861400604
  cityscapes_jaccard_micro: 0.8150875568389893

2024-06-24 21:39:32,708 - INFO - Validation Stats
Loss:
  total: 0.44427152071148157
Metrics:
  cityscapes_dice: 0.8284853454679251
  cityscapes_jaccard_macro: 0.317116835154593
  cityscapes_jaccard_micro: 0.7713416777551174

2024-06-24 21:39:32,708 - INFO - Epoch 118/120
2024-06-24 21:39:43,155 - INFO - Train Stats
Loss:
  total: 0.3263402163982391
Metrics:
  cityscapes_dice: 0.8547385692596435
  cityscapes_jaccard_macro: 0.3792059600353241
  cityscapes_jaccard_micro: 0.8176604628562927

2024-06-24 21:40:05,867 - INFO - Validation Stats
Loss:
  total: 0.45020711049437523
Metrics:
  cityscapes_dice: 0.8250830378383398
  cityscapes_jaccard_macro: 0.31521056592464447
  cityscapes_jaccard_micro: 0.7677924912422895

2024-06-24 21:40:05,868 - INFO - Epoch 119/120
2024-06-24 21:40:12,240 - INFO - Train Stats
Loss:
  total: 0.31653879284858705
Metrics:
  cityscapes_dice: 0.8608802080154419
  cityscapes_jaccard_macro: 0.37828888893127444
  cityscapes_jaccard_micro: 0.8254055142402649

2024-06-24 21:40:35,252 - INFO - Validation Stats
Loss:
  total: 0.4270872715860605
Metrics:
  cityscapes_dice: 0.8322856165468693
  cityscapes_jaccard_macro: 0.31790187396109104
  cityscapes_jaccard_micro: 0.7770133949816227

2024-06-24 21:40:37,174 - INFO - Epoch 120/120
2024-06-24 21:40:42,447 - INFO - Train Stats
Loss:
  total: 0.3167253851890564
Metrics:
  cityscapes_dice: 0.8568068861961364
  cityscapes_jaccard_macro: 0.375185889005661
  cityscapes_jaccard_micro: 0.823272979259491

2024-06-24 21:41:04,679 - INFO - Validation Stats
Loss:
  total: 0.42505506705492735
Metrics:
  cityscapes_dice: 0.831204803660512
  cityscapes_jaccard_macro: 0.31724562402814627
  cityscapes_jaccard_micro: 0.7766727115958929

2024-06-24 21:41:08,015 - INFO - Best validation loss: 0.42505506705492735
2024-06-24 21:41:09,042 - INFO - Best model saved to /home/up201905337/exploring-label-efficiency/weights/sl_cityscapes_mobilenet_pretrained_77l.pth
2024-06-24 21:41:09,044 - INFO - Training took 3543.7218432426453 seconds to complete
