2024-05-22 14:41:51,847 - INFO - Loading configuration files...
2024-05-22 14:41:54,013 - INFO - Loading model configuration
args:
  num_classes: 10
class: ResNet50

2024-05-22 14:42:09,983 - INFO - Loading train_dataset configuration
args:
  force_transform: true
  num_labeled: 500
  root: ./data/
  train_val_split: 0.9
class: SemiSupervisedSVHN

2024-05-22 14:42:25,150 - INFO - Loading val_dataset configuration
args:
  root: ./data/
  train_val_split: 0.9
class: SVHN

2024-05-22 14:42:25,265 - INFO - Loading optimizer configuration
args:
  lr: 0.001
class: Adam

2024-05-22 14:42:25,276 - INFO - Loading loss configuration
args: {}
class: CrossEntropyLoss

2024-05-22 14:42:25,395 - INFO - Loading metrics configuration
svhn_top1_accuracy:
  args:
    num_classes: 10
    task: multiclass
    top_k: 1
  class: Accuracy
svhn_top5_accuracy:
  args:
    num_classes: 10
    task: multiclass
    top_k: 5
  class: Accuracy

2024-05-22 14:42:25,398 - INFO - Loading hyperparameters configuration
batch_size: 128
ema_decay: null
epochs: 100
num_workers: 4
save_freq: 30

2024-05-22 14:42:25,925 - INFO - Using device: cuda
2024-05-22 14:42:26,847 - INFO - Training for 100 epochs
2024-05-22 14:42:26,847 - INFO - Epoch 1/100
2024-05-22 14:42:32,825 - INFO - Train Stats
Loss:
  total: 2.9719727635383606
Metrics:
  svhn_top1_accuracy: 0.11651400849223137
  svhn_top5_accuracy: 0.5514547377824783

2024-05-22 14:42:37,767 - INFO - Validation Stats
Loss:
  total: 2.2803877386553535
Metrics:
  svhn_top1_accuracy: 0.12025862071534683
  svhn_top5_accuracy: 0.5971982756565357

2024-05-22 14:42:40,138 - INFO - Epoch 2/100
2024-05-22 14:42:41,679 - INFO - Train Stats
Loss:
  total: 2.9586024284362793
Metrics:
  svhn_top1_accuracy: 0.13759428821504116
  svhn_top5_accuracy: 0.5792025923728943

2024-05-22 14:42:46,150 - INFO - Validation Stats
Loss:
  total: 2.2954459149262
Metrics:
  svhn_top1_accuracy: 0.12554777310840015
  svhn_top5_accuracy: 0.5461386493567763

2024-05-22 14:42:46,150 - INFO - Epoch 3/100
2024-05-22 14:42:47,616 - INFO - Train Stats
Loss:
  total: 2.591482639312744
Metrics:
  svhn_top1_accuracy: 0.13820043206214905
  svhn_top5_accuracy: 0.6092403084039688

2024-05-22 14:42:52,147 - INFO - Validation Stats
Loss:
  total: 2.3473193316624084
Metrics:
  svhn_top1_accuracy: 0.10228089089023656
  svhn_top5_accuracy: 0.5416307469894146

2024-05-22 14:42:52,148 - INFO - Epoch 4/100
2024-05-22 14:42:53,733 - INFO - Train Stats
Loss:
  total: 2.391720235347748
Metrics:
  svhn_top1_accuracy: 0.1718076504766941
  svhn_top5_accuracy: 0.6537580788135529

2024-05-22 14:42:58,628 - INFO - Validation Stats
Loss:
  total: 2.510640185454796
Metrics:
  svhn_top1_accuracy: 0.13144755748839215
  svhn_top5_accuracy: 0.5454382187333601

2024-05-22 14:42:58,628 - INFO - Epoch 5/100
2024-05-22 14:43:00,147 - INFO - Train Stats
Loss:
  total: 2.2134366035461426
Metrics:
  svhn_top1_accuracy: 0.18864493444561958
  svhn_top5_accuracy: 0.6976023763418198

2024-05-22 14:43:04,854 - INFO - Validation Stats
Loss:
  total: 2.4998773089770614
Metrics:
  svhn_top1_accuracy: 0.15013469832724538
  svhn_top5_accuracy: 0.6017780170358461

2024-05-22 14:43:04,855 - INFO - Epoch 6/100
2024-05-22 14:43:06,364 - INFO - Train Stats
Loss:
  total: 2.148950219154358
Metrics:
  svhn_top1_accuracy: 0.24259159713983536
  svhn_top5_accuracy: 0.7211072146892548

2024-05-22 14:43:10,734 - INFO - Validation Stats
Loss:
  total: 2.399762346826751
Metrics:
  svhn_top1_accuracy: 0.16818426729276262
  svhn_top5_accuracy: 0.5982668821153969

2024-05-22 14:43:10,734 - INFO - Epoch 7/100
2024-05-22 14:43:12,242 - INFO - Train Stats
Loss:
  total: 2.145773231983185
Metrics:
  svhn_top1_accuracy: 0.22636045143008232
  svhn_top5_accuracy: 0.7506734877824783

2024-05-22 14:43:16,558 - INFO - Validation Stats
Loss:
  total: 2.468951911761843
Metrics:
  svhn_top1_accuracy: 0.15575610640747795
  svhn_top5_accuracy: 0.6052442532161186

2024-05-22 14:43:16,559 - INFO - Epoch 8/100
2024-05-22 14:43:18,059 - INFO - Train Stats
Loss:
  total: 2.0853570103645325
Metrics:
  svhn_top1_accuracy: 0.23646282404661179
  svhn_top5_accuracy: 0.7718884646892548

2024-05-22 14:43:22,572 - INFO - Validation Stats
Loss:
  total: 2.472940703918194
Metrics:
  svhn_top1_accuracy: 0.15404094832724538
  svhn_top5_accuracy: 0.5990840515186047

2024-05-22 14:43:22,573 - INFO - Epoch 9/100
2024-05-22 14:43:24,175 - INFO - Train Stats
Loss:
  total: 2.0480875968933105
Metrics:
  svhn_top1_accuracy: 0.2976831868290901
  svhn_top5_accuracy: 0.8039466589689255

2024-05-22 14:43:28,473 - INFO - Validation Stats
Loss:
  total: 2.4495238641212724
Metrics:
  svhn_top1_accuracy: 0.14578843399368482
  svhn_top5_accuracy: 0.6020474135875702

2024-05-22 14:43:28,474 - INFO - Epoch 10/100
2024-05-22 14:43:29,992 - INFO - Train Stats
Loss:
  total: 1.9942663311958313
Metrics:
  svhn_top1_accuracy: 0.3220635764300823
  svhn_top5_accuracy: 0.818359375

2024-05-22 14:43:34,776 - INFO - Validation Stats
Loss:
  total: 2.558265505165889
Metrics:
  svhn_top1_accuracy: 0.13970007207886925
  svhn_top5_accuracy: 0.5853717676524458

2024-05-22 14:43:34,777 - INFO - Epoch 11/100
2024-05-22 14:43:36,246 - INFO - Train Stats
Loss:
  total: 1.8727257549762726
Metrics:
  svhn_top1_accuracy: 0.3445581868290901
  svhn_top5_accuracy: 0.8485317826271057

2024-05-22 14:43:40,766 - INFO - Validation Stats
Loss:
  total: 2.466817518760418
Metrics:
  svhn_top1_accuracy: 0.1528645833504611
  svhn_top5_accuracy: 0.6058099855636728

2024-05-22 14:43:40,767 - INFO - Epoch 12/100
2024-05-22 14:43:42,287 - INFO - Train Stats
Loss:
  total: 1.767768144607544
Metrics:
  svhn_top1_accuracy: 0.3895474150776863
  svhn_top5_accuracy: 0.8584321141242981

2024-05-22 14:43:46,768 - INFO - Validation Stats
Loss:
  total: 2.537146095571847
Metrics:
  svhn_top1_accuracy: 0.16100933916609864
  svhn_top5_accuracy: 0.6159572560211708

2024-05-22 14:43:46,769 - INFO - Epoch 13/100
2024-05-22 14:43:48,352 - INFO - Train Stats
Loss:
  total: 1.7677754759788513
Metrics:
  svhn_top1_accuracy: 0.39816810190677643
  svhn_top5_accuracy: 0.8504849076271057

2024-05-22 14:43:52,665 - INFO - Validation Stats
Loss:
  total: 2.531250863239683
Metrics:
  svhn_top1_accuracy: 0.15026939660310745
  svhn_top5_accuracy: 0.6029274422546913

2024-05-22 14:43:52,666 - INFO - Epoch 14/100
2024-05-22 14:43:54,182 - INFO - Train Stats
Loss:
  total: 1.69234237074852
Metrics:
  svhn_top1_accuracy: 0.43521013110876083
  svhn_top5_accuracy: 0.8557381480932236

2024-05-22 14:43:58,661 - INFO - Validation Stats
Loss:
  total: 2.679932043470185
Metrics:
  svhn_top1_accuracy: 0.14454023000495186
  svhn_top5_accuracy: 0.6097252153117081

2024-05-22 14:43:58,662 - INFO - Epoch 15/100
2024-05-22 14:44:00,138 - INFO - Train Stats
Loss:
  total: 1.5807518064975739
Metrics:
  svhn_top1_accuracy: 0.46066810190677643
  svhn_top5_accuracy: 0.9151400923728943

2024-05-22 14:44:04,701 - INFO - Validation Stats
Loss:
  total: 2.7861200036673712
Metrics:
  svhn_top1_accuracy: 0.15056573278431234
  svhn_top5_accuracy: 0.6216415228514836

2024-05-22 14:44:04,702 - INFO - Epoch 16/100
2024-05-22 14:44:06,193 - INFO - Train Stats
Loss:
  total: 1.555812269449234
Metrics:
  svhn_top1_accuracy: 0.4792564660310745
  svhn_top5_accuracy: 0.8897494673728943

2024-05-22 14:44:10,838 - INFO - Validation Stats
Loss:
  total: 2.829410355666588
Metrics:
  svhn_top1_accuracy: 0.15323275867207298
  svhn_top5_accuracy: 0.6154094831696872

2024-05-22 14:44:10,839 - INFO - Epoch 17/100
2024-05-22 14:44:12,440 - INFO - Train Stats
Loss:
  total: 1.3509134948253632
Metrics:
  svhn_top1_accuracy: 0.5455280244350433
  svhn_top5_accuracy: 0.9288119673728943

2024-05-22 14:44:16,759 - INFO - Validation Stats
Loss:
  total: 2.8290506765760224
Metrics:
  svhn_top1_accuracy: 0.1706447557642542
  svhn_top5_accuracy: 0.6314385779972734

2024-05-22 14:44:16,760 - INFO - Epoch 18/100
2024-05-22 14:44:18,232 - INFO - Train Stats
Loss:
  total: 1.2188992202281952
Metrics:
  svhn_top1_accuracy: 0.573747307062149
  svhn_top5_accuracy: 0.9441002160310745

2024-05-22 14:44:22,602 - INFO - Validation Stats
Loss:
  total: 2.8692380272108933
Metrics:
  svhn_top1_accuracy: 0.1805495691710505
  svhn_top5_accuracy: 0.6330549573076183

2024-05-22 14:44:22,603 - INFO - Epoch 19/100
2024-05-22 14:44:24,084 - INFO - Train Stats
Loss:
  total: 1.3562181890010834
Metrics:
  svhn_top1_accuracy: 0.5677532330155373
  svhn_top5_accuracy: 0.9452451467514038

2024-05-22 14:44:28,540 - INFO - Validation Stats
Loss:
  total: 2.9370344219536615
Metrics:
  svhn_top1_accuracy: 0.18081896572277464
  svhn_top5_accuracy: 0.6283405176524458

2024-05-22 14:44:28,541 - INFO - Epoch 20/100
2024-05-22 14:44:30,140 - INFO - Train Stats
Loss:
  total: 1.0703406631946564
Metrics:
  svhn_top1_accuracy: 0.6322737038135529
  svhn_top5_accuracy: 0.9653825461864471

2024-05-22 14:44:34,528 - INFO - Validation Stats
Loss:
  total: 3.2962567806243896
Metrics:
  svhn_top1_accuracy: 0.1583512931548316
  svhn_top5_accuracy: 0.5960488504376905

2024-05-22 14:44:34,529 - INFO - Epoch 21/100
2024-05-22 14:44:36,041 - INFO - Train Stats
Loss:
  total: 1.2114468216896057
Metrics:
  svhn_top1_accuracy: 0.6251346915960312
  svhn_top5_accuracy: 0.9540678858757019

2024-05-22 14:44:40,462 - INFO - Validation Stats
Loss:
  total: 3.2255757923783928
Metrics:
  svhn_top1_accuracy: 0.1697647270971331
  svhn_top5_accuracy: 0.6073006463461909

2024-05-22 14:44:40,463 - INFO - Epoch 22/100
2024-05-22 14:44:41,948 - INFO - Train Stats
Loss:
  total: 1.201094627380371
Metrics:
  svhn_top1_accuracy: 0.6144935339689255
  svhn_top5_accuracy: 0.9618803858757019

2024-05-22 14:44:46,407 - INFO - Validation Stats
Loss:
  total: 3.1675132554152916
Metrics:
  svhn_top1_accuracy: 0.17276400867207298
  svhn_top5_accuracy: 0.6214080463195669

2024-05-22 14:44:46,408 - INFO - Epoch 23/100
2024-05-22 14:44:47,860 - INFO - Train Stats
Loss:
  total: 1.1577360779047012
Metrics:
  svhn_top1_accuracy: 0.6512661576271057
  svhn_top5_accuracy: 0.944841057062149

2024-05-22 14:44:52,420 - INFO - Validation Stats
Loss:
  total: 3.652086878645009
Metrics:
  svhn_top1_accuracy: 0.17515265813161587
  svhn_top5_accuracy: 0.6282776583885324

2024-05-22 14:44:52,421 - INFO - Epoch 24/100
2024-05-22 14:44:53,875 - INFO - Train Stats
Loss:
  total: 1.0718530118465424
Metrics:
  svhn_top1_accuracy: 0.6622440665960312
  svhn_top5_accuracy: 0.9601293057203293

2024-05-22 14:44:58,359 - INFO - Validation Stats
Loss:
  total: 3.7534010903588655
Metrics:
  svhn_top1_accuracy: 0.20849497128149558
  svhn_top5_accuracy: 0.6536637935145148

2024-05-22 14:44:58,360 - INFO - Epoch 25/100
2024-05-22 14:44:59,845 - INFO - Train Stats
Loss:
  total: 1.2198414951562881
Metrics:
  svhn_top1_accuracy: 0.6233162730932236
  svhn_top5_accuracy: 0.9405980557203293

2024-05-22 14:45:04,313 - INFO - Validation Stats
Loss:
  total: 3.178662185011239
Metrics:
  svhn_top1_accuracy: 0.19562679606265035
  svhn_top5_accuracy: 0.6704382187333601

2024-05-22 14:45:04,314 - INFO - Epoch 26/100
2024-05-22 14:45:05,955 - INFO - Train Stats
Loss:
  total: 0.9879536926746368
Metrics:
  svhn_top1_accuracy: 0.6712015122175217
  svhn_top5_accuracy: 0.9694908410310745

2024-05-22 14:45:10,650 - INFO - Validation Stats
Loss:
  total: 3.2185024680762457
Metrics:
  svhn_top1_accuracy: 0.19435165231597834
  svhn_top5_accuracy: 0.6628951152850842

2024-05-22 14:45:10,651 - INFO - Epoch 27/100
2024-05-22 14:45:12,147 - INFO - Train Stats
Loss:
  total: 1.022078201174736
Metrics:
  svhn_top1_accuracy: 0.6496497839689255
  svhn_top5_accuracy: 0.9692887961864471

2024-05-22 14:45:16,598 - INFO - Validation Stats
Loss:
  total: 3.451369593883383
Metrics:
  svhn_top1_accuracy: 0.21034482763759021
  svhn_top5_accuracy: 0.67157866420417

2024-05-22 14:45:16,599 - INFO - Epoch 28/100
2024-05-22 14:45:18,172 - INFO - Train Stats
Loss:
  total: 0.9925571531057358
Metrics:
  svhn_top1_accuracy: 0.6758486032485962
  svhn_top5_accuracy: 0.9720501005649567

2024-05-22 14:45:23,086 - INFO - Validation Stats
Loss:
  total: 3.3788855528009347
Metrics:
  svhn_top1_accuracy: 0.217115660936668
  svhn_top5_accuracy: 0.6652747844827587

2024-05-22 14:45:23,087 - INFO - Epoch 29/100
2024-05-22 14:45:24,652 - INFO - Train Stats
Loss:
  total: 0.7764509320259094
Metrics:
  svhn_top1_accuracy: 0.7380118519067764
  svhn_top5_accuracy: 0.9837688505649567

2024-05-22 14:45:29,144 - INFO - Validation Stats
Loss:
  total: 3.3461713832000206
Metrics:
  svhn_top1_accuracy: 0.20465158054540897
  svhn_top5_accuracy: 0.6512751435411388

2024-05-22 14:45:29,145 - INFO - Epoch 30/100
2024-05-22 14:45:30,666 - INFO - Train Stats
Loss:
  total: 0.7663074880838394
Metrics:
  svhn_top1_accuracy: 0.7623248994350433
  svhn_top5_accuracy: 0.98828125

2024-05-22 14:45:35,415 - INFO - Validation Stats
Loss:
  total: 3.2584225514839433
Metrics:
  svhn_top1_accuracy: 0.22261135074599037
  svhn_top5_accuracy: 0.6714170256565357

2024-05-22 14:45:37,698 - INFO - Epoch 31/100
2024-05-22 14:45:39,214 - INFO - Train Stats
Loss:
  total: 0.6670556217432022
Metrics:
  svhn_top1_accuracy: 0.7930361032485962
  svhn_top5_accuracy: 0.984375

2024-05-22 14:45:44,009 - INFO - Validation Stats
Loss:
  total: 3.556585796948137
Metrics:
  svhn_top1_accuracy: 0.19300466955735765
  svhn_top5_accuracy: 0.6558908049402565

2024-05-22 14:45:44,010 - INFO - Epoch 32/100
2024-05-22 14:45:45,517 - INFO - Train Stats
Loss:
  total: 0.7975347936153412
Metrics:
  svhn_top1_accuracy: 0.7472386807203293
  svhn_top5_accuracy: 0.9818157255649567

2024-05-22 14:45:50,243 - INFO - Validation Stats
Loss:
  total: 3.686481311403472
Metrics:
  svhn_top1_accuracy: 0.21307471266080594
  svhn_top5_accuracy: 0.6709051728248596

2024-05-22 14:45:50,244 - INFO - Epoch 33/100
2024-05-22 14:45:51,702 - INFO - Train Stats
Loss:
  total: 0.6904986500740051
Metrics:
  svhn_top1_accuracy: 0.8043507486581802
  svhn_top5_accuracy: 0.9839709103107452

2024-05-22 14:45:56,274 - INFO - Validation Stats
Loss:
  total: 3.7869685888290405
Metrics:
  svhn_top1_accuracy: 0.221192528975421
  svhn_top5_accuracy: 0.6783135779972734

2024-05-22 14:45:56,275 - INFO - Epoch 34/100
2024-05-22 14:45:57,730 - INFO - Train Stats
Loss:
  total: 0.6914319097995758
Metrics:
  svhn_top1_accuracy: 0.7912176698446274
  svhn_top5_accuracy: 0.990234375

2024-05-22 14:46:02,302 - INFO - Validation Stats
Loss:
  total: 3.888210629594737
Metrics:
  svhn_top1_accuracy: 0.2136135057642542
  svhn_top5_accuracy: 0.6610003596749799

2024-05-22 14:46:02,303 - INFO - Epoch 35/100
2024-05-22 14:46:03,822 - INFO - Train Stats
Loss:
  total: 0.6052590906620026
Metrics:
  svhn_top1_accuracy: 0.8267780244350433
  svhn_top5_accuracy: 0.9857219755649567

2024-05-22 14:46:08,126 - INFO - Validation Stats
Loss:
  total: 3.7460384697749696
Metrics:
  svhn_top1_accuracy: 0.23102550311335202
  svhn_top5_accuracy: 0.6803340521352045

2024-05-22 14:46:08,127 - INFO - Epoch 36/100
2024-05-22 14:46:09,643 - INFO - Train Stats
Loss:
  total: 0.6242893189191818
Metrics:
  svhn_top1_accuracy: 0.8089978396892548
  svhn_top5_accuracy: 0.9958917051553726

2024-05-22 14:46:14,033 - INFO - Validation Stats
Loss:
  total: 4.080675828045812
Metrics:
  svhn_top1_accuracy: 0.2161727730056335
  svhn_top5_accuracy: 0.6759518682956696

2024-05-22 14:46:14,034 - INFO - Epoch 37/100
2024-05-22 14:46:15,629 - INFO - Train Stats
Loss:
  total: 0.6061000600457191
Metrics:
  svhn_top1_accuracy: 0.8117591589689255
  svhn_top5_accuracy: 0.9937365353107452

2024-05-22 14:46:19,889 - INFO - Validation Stats
Loss:
  total: 3.9006734675374526
Metrics:
  svhn_top1_accuracy: 0.22038433932024856
  svhn_top5_accuracy: 0.6828573993567763

2024-05-22 14:46:19,889 - INFO - Epoch 38/100
2024-05-22 14:46:21,346 - INFO - Train Stats
Loss:
  total: 0.6012734621763229
Metrics:
  svhn_top1_accuracy: 0.8017914891242981
  svhn_top5_accuracy: 0.9900323301553726

2024-05-22 14:46:25,923 - INFO - Validation Stats
Loss:
  total: 4.231168142680464
Metrics:
  svhn_top1_accuracy: 0.2073545260676022
  svhn_top5_accuracy: 0.6885147269429832

2024-05-22 14:46:25,924 - INFO - Epoch 39/100
2024-05-22 14:46:27,633 - INFO - Train Stats
Loss:
  total: 0.5243135839700699
Metrics:
  svhn_top1_accuracy: 0.848127692937851
  svhn_top5_accuracy: 0.9919854551553726

2024-05-22 14:46:31,961 - INFO - Validation Stats
Loss:
  total: 4.288252748292068
Metrics:
  svhn_top1_accuracy: 0.21951329040116277
  svhn_top5_accuracy: 0.6902298855370489

2024-05-22 14:46:31,962 - INFO - Epoch 40/100
2024-05-22 14:46:33,440 - INFO - Train Stats
Loss:
  total: 0.41747384518384933
Metrics:
  svhn_top1_accuracy: 0.8518318980932236
  svhn_top5_accuracy: 0.9880792051553726

2024-05-22 14:46:37,608 - INFO - Validation Stats
Loss:
  total: 4.287622838184752
Metrics:
  svhn_top1_accuracy: 0.20960847725128307
  svhn_top5_accuracy: 0.6800287355636728

2024-05-22 14:46:37,609 - INFO - Epoch 41/100
2024-05-22 14:46:39,090 - INFO - Train Stats
Loss:
  total: 0.5379726886749268
Metrics:
  svhn_top1_accuracy: 0.8365436494350433
  svhn_top5_accuracy: 0.9956896603107452

2024-05-22 14:46:43,277 - INFO - Validation Stats
Loss:
  total: 4.562266300464499
Metrics:
  svhn_top1_accuracy: 0.22344647990218525
  svhn_top5_accuracy: 0.6924568969627907

2024-05-22 14:46:43,278 - INFO - Epoch 42/100
2024-05-22 14:46:44,838 - INFO - Train Stats
Loss:
  total: 0.4962998256087303
Metrics:
  svhn_top1_accuracy: 0.8332435339689255
  svhn_top5_accuracy: 1.0

2024-05-22 14:46:49,365 - INFO - Validation Stats
Loss:
  total: 4.144828142790959
Metrics:
  svhn_top1_accuracy: 0.2243265088262229
  svhn_top5_accuracy: 0.6991289514919807

2024-05-22 14:46:49,366 - INFO - Epoch 43/100
2024-05-22 14:46:50,900 - INFO - Train Stats
Loss:
  total: 0.40464258193969727
Metrics:
  svhn_top1_accuracy: 0.8725080788135529
  svhn_top5_accuracy: 0.9958917051553726

2024-05-22 14:46:55,335 - INFO - Validation Stats
Loss:
  total: 4.0225898808446425
Metrics:
  svhn_top1_accuracy: 0.22230603468829188
  svhn_top5_accuracy: 0.7072108480437048

2024-05-22 14:46:55,336 - INFO - Epoch 44/100
2024-05-22 14:46:56,841 - INFO - Train Stats
Loss:
  total: 0.4772074744105339
Metrics:
  svhn_top1_accuracy: 0.8531788736581802
  svhn_top5_accuracy: 0.9978448301553726

2024-05-22 14:47:01,328 - INFO - Validation Stats
Loss:
  total: 4.105145939465227
Metrics:
  svhn_top1_accuracy: 0.22921156626323175
  svhn_top5_accuracy: 0.712661638342101

2024-05-22 14:47:01,329 - INFO - Epoch 45/100
2024-05-22 14:47:03,173 - INFO - Train Stats
Loss:
  total: 0.5244302526116371
Metrics:
  svhn_top1_accuracy: 0.834455817937851
  svhn_top5_accuracy: 0.9937365353107452

2024-05-22 14:47:07,933 - INFO - Validation Stats
Loss:
  total: 3.9725834501200707
Metrics:
  svhn_top1_accuracy: 0.24533943986070567
  svhn_top5_accuracy: 0.7118265084151564

2024-05-22 14:47:07,934 - INFO - Epoch 46/100
2024-05-22 14:47:09,513 - INFO - Train Stats
Loss:
  total: 0.49517758935689926
Metrics:
  svhn_top1_accuracy: 0.8451643288135529
  svhn_top5_accuracy: 0.9939385801553726

2024-05-22 14:47:14,139 - INFO - Validation Stats
Loss:
  total: 4.122538842003921
Metrics:
  svhn_top1_accuracy: 0.2315283764539094
  svhn_top5_accuracy: 0.7040768676790697

2024-05-22 14:47:14,140 - INFO - Epoch 47/100
2024-05-22 14:47:15,676 - INFO - Train Stats
Loss:
  total: 0.5481789037585258
Metrics:
  svhn_top1_accuracy: 0.840315192937851
  svhn_top5_accuracy: 0.9900323301553726

2024-05-22 14:47:20,164 - INFO - Validation Stats
Loss:
  total: 3.9803363125899742
Metrics:
  svhn_top1_accuracy: 0.23169899449266237
  svhn_top5_accuracy: 0.6990930314721733

2024-05-22 14:47:20,165 - INFO - Epoch 48/100
2024-05-22 14:47:21,737 - INFO - Train Stats
Loss:
  total: 0.46626459807157516
Metrics:
  svhn_top1_accuracy: 0.8492726236581802
  svhn_top5_accuracy: 0.9898302853107452

2024-05-22 14:47:26,094 - INFO - Validation Stats
Loss:
  total: 4.005056520988202
Metrics:
  svhn_top1_accuracy: 0.25551364956230954
  svhn_top5_accuracy: 0.7186602014919807

2024-05-22 14:47:26,095 - INFO - Epoch 49/100
2024-05-22 14:47:27,671 - INFO - Train Stats
Loss:
  total: 0.37473274394869804
Metrics:
  svhn_top1_accuracy: 0.875471442937851
  svhn_top5_accuracy: 0.998046875

2024-05-22 14:47:32,362 - INFO - Validation Stats
Loss:
  total: 3.8733230582598983
Metrics:
  svhn_top1_accuracy: 0.27187500020553323
  svhn_top5_accuracy: 0.716567888342101

2024-05-22 14:47:32,363 - INFO - Epoch 50/100
2024-05-22 14:47:33,927 - INFO - Train Stats
Loss:
  total: 0.33367977291345596
Metrics:
  svhn_top1_accuracy: 0.8923087269067764
  svhn_top5_accuracy: 0.998046875

2024-05-22 14:47:38,583 - INFO - Validation Stats
Loss:
  total: 4.167675980206194
Metrics:
  svhn_top1_accuracy: 0.2591505030105854
  svhn_top5_accuracy: 0.7156250004110665

2024-05-22 14:47:38,584 - INFO - Epoch 51/100
2024-05-22 14:47:40,076 - INFO - Train Stats
Loss:
  total: 0.3388241156935692
Metrics:
  svhn_top1_accuracy: 0.8983701467514038
  svhn_top5_accuracy: 0.99609375

2024-05-22 14:47:44,562 - INFO - Validation Stats
Loss:
  total: 4.141424433938388
Metrics:
  svhn_top1_accuracy: 0.25776760074599037
  svhn_top5_accuracy: 0.7139457618368084

2024-05-22 14:47:44,562 - INFO - Epoch 52/100
2024-05-22 14:47:46,103 - INFO - Train Stats
Loss:
  total: 0.448467418551445
Metrics:
  svhn_top1_accuracy: 0.873518317937851
  svhn_top5_accuracy: 0.9958917051553726

2024-05-22 14:47:50,823 - INFO - Validation Stats
Loss:
  total: 4.148184961286084
Metrics:
  svhn_top1_accuracy: 0.24991918124001603
  svhn_top5_accuracy: 0.7078484194032078

2024-05-22 14:47:50,824 - INFO - Epoch 53/100
2024-05-22 14:47:52,434 - INFO - Train Stats
Loss:
  total: 0.47901029884815216
Metrics:
  svhn_top1_accuracy: 0.8600484877824783
  svhn_top5_accuracy: 0.9958917051553726

2024-05-22 14:47:56,709 - INFO - Validation Stats
Loss:
  total: 4.57942337414314
Metrics:
  svhn_top1_accuracy: 0.24914691109081794
  svhn_top5_accuracy: 0.6923581176790697

2024-05-22 14:47:56,710 - INFO - Epoch 54/100
2024-05-22 14:47:58,330 - INFO - Train Stats
Loss:
  total: 0.4018320366740227
Metrics:
  svhn_top1_accuracy: 0.8848329782485962
  svhn_top5_accuracy: 0.9958917051553726

2024-05-22 14:48:02,701 - INFO - Validation Stats
Loss:
  total: 4.326566408420431
Metrics:
  svhn_top1_accuracy: 0.24022090537794705
  svhn_top5_accuracy: 0.6909752159283079

2024-05-22 14:48:02,701 - INFO - Epoch 55/100
2024-05-22 14:48:04,238 - INFO - Train Stats
Loss:
  total: 0.4055294692516327
Metrics:
  svhn_top1_accuracy: 0.8678609877824783
  svhn_top5_accuracy: 0.9939385801553726

2024-05-22 14:48:08,658 - INFO - Validation Stats
Loss:
  total: 4.382543789929357
Metrics:
  svhn_top1_accuracy: 0.2399515088262229
  svhn_top5_accuracy: 0.6978807469894146

2024-05-22 14:48:08,659 - INFO - Epoch 56/100
2024-05-22 14:48:10,191 - INFO - Train Stats
Loss:
  total: 0.418123796582222
Metrics:
  svhn_top1_accuracy: 0.8629444986581802
  svhn_top5_accuracy: 0.998046875

2024-05-22 14:48:14,820 - INFO - Validation Stats
Loss:
  total: 4.525030205989706
Metrics:
  svhn_top1_accuracy: 0.240723778975421
  svhn_top5_accuracy: 0.6894576148740177

2024-05-22 14:48:14,821 - INFO - Epoch 57/100
2024-05-22 14:48:16,322 - INFO - Train Stats
Loss:
  total: 0.3214818462729454
Metrics:
  svhn_top1_accuracy: 0.9044315665960312
  svhn_top5_accuracy: 0.998046875

2024-05-22 14:48:20,703 - INFO - Validation Stats
Loss:
  total: 4.411240211848555
Metrics:
  svhn_top1_accuracy: 0.23091774433851242
  svhn_top5_accuracy: 0.6922234194032078

2024-05-22 14:48:20,704 - INFO - Epoch 58/100
2024-05-22 14:48:22,236 - INFO - Train Stats
Loss:
  total: 0.2765406370162964
Metrics:
  svhn_top1_accuracy: 0.9114358872175217
  svhn_top5_accuracy: 1.0

2024-05-22 14:48:26,744 - INFO - Validation Stats
Loss:
  total: 4.3592399071002825
Metrics:
  svhn_top1_accuracy: 0.2358746410443865
  svhn_top5_accuracy: 0.7010506463461909

2024-05-22 14:48:26,745 - INFO - Epoch 59/100
2024-05-22 14:48:28,250 - INFO - Train Stats
Loss:
  total: 0.24585790187120438
Metrics:
  svhn_top1_accuracy: 0.9090786576271057
  svhn_top5_accuracy: 0.998046875

2024-05-22 14:48:32,469 - INFO - Validation Stats
Loss:
  total: 4.225688309505068
Metrics:
  svhn_top1_accuracy: 0.2432830462168003
  svhn_top5_accuracy: 0.7068067532161186

2024-05-22 14:48:32,469 - INFO - Epoch 60/100
2024-05-22 14:48:34,173 - INFO - Train Stats
Loss:
  total: 0.2424713410437107
Metrics:
  svhn_top1_accuracy: 0.9282731711864471
  svhn_top5_accuracy: 1.0

2024-05-22 14:48:38,368 - INFO - Validation Stats
Loss:
  total: 3.955167696393769
Metrics:
  svhn_top1_accuracy: 0.24857219848139533
  svhn_top5_accuracy: 0.7103089083885324

2024-05-22 14:48:41,408 - INFO - Epoch 61/100
2024-05-22 14:48:43,092 - INFO - Train Stats
Loss:
  total: 0.17931758984923363
Metrics:
  svhn_top1_accuracy: 0.9395878165960312
  svhn_top5_accuracy: 1.0

2024-05-22 14:48:47,775 - INFO - Validation Stats
Loss:
  total: 4.056584526752603
Metrics:
  svhn_top1_accuracy: 0.2477640088262229
  svhn_top5_accuracy: 0.7088990663659984

2024-05-22 14:48:47,775 - INFO - Epoch 62/100
2024-05-22 14:48:49,402 - INFO - Train Stats
Loss:
  total: 0.16050320118665695
Metrics:
  svhn_top1_accuracy: 0.9382408410310745
  svhn_top5_accuracy: 1.0

2024-05-22 14:48:53,685 - INFO - Validation Stats
Loss:
  total: 4.097909516301648
Metrics:
  svhn_top1_accuracy: 0.2440912358719727
  svhn_top5_accuracy: 0.7139457618368084

2024-05-22 14:48:53,686 - INFO - Epoch 63/100
2024-05-22 14:48:55,408 - INFO - Train Stats
Loss:
  total: 0.17879930697381496
Metrics:
  svhn_top1_accuracy: 0.9349407255649567
  svhn_top5_accuracy: 0.998046875

2024-05-22 14:48:59,876 - INFO - Validation Stats
Loss:
  total: 4.124970962261331
Metrics:
  svhn_top1_accuracy: 0.24786278759611063
  svhn_top5_accuracy: 0.7262392239323978

2024-05-22 14:48:59,877 - INFO - Epoch 64/100
2024-05-22 14:49:01,485 - INFO - Train Stats
Loss:
  total: 0.17083902936428785
Metrics:
  svhn_top1_accuracy: 0.9419450461864471
  svhn_top5_accuracy: 1.0

2024-05-22 14:49:06,098 - INFO - Validation Stats
Loss:
  total: 4.3670995687616285
Metrics:
  svhn_top1_accuracy: 0.2456088364124298
  svhn_top5_accuracy: 0.720105962506656

2024-05-22 14:49:06,099 - INFO - Epoch 65/100
2024-05-22 14:49:07,660 - INFO - Train Stats
Loss:
  total: 0.22098159044981003
Metrics:
  svhn_top1_accuracy: 0.9276670217514038
  svhn_top5_accuracy: 1.0

2024-05-22 14:49:12,468 - INFO - Validation Stats
Loss:
  total: 4.415461856743385
Metrics:
  svhn_top1_accuracy: 0.2635596266080593
  svhn_top5_accuracy: 0.7254310342772253

2024-05-22 14:49:12,469 - INFO - Epoch 66/100
2024-05-22 14:49:14,082 - INFO - Train Stats
Loss:
  total: 0.2347184717655182
Metrics:
  svhn_top1_accuracy: 0.9421470910310745
  svhn_top5_accuracy: 1.0

2024-05-22 14:49:18,754 - INFO - Validation Stats
Loss:
  total: 4.516577404120873
Metrics:
  svhn_top1_accuracy: 0.269450431240016
  svhn_top5_accuracy: 0.7243175290781876

2024-05-22 14:49:18,754 - INFO - Epoch 67/100
2024-05-22 14:49:20,278 - INFO - Train Stats
Loss:
  total: 0.22390643693506718
Metrics:
  svhn_top1_accuracy: 0.9337284415960312
  svhn_top5_accuracy: 0.998046875

2024-05-22 14:49:25,098 - INFO - Validation Stats
Loss:
  total: 4.6266987570400895
Metrics:
  svhn_top1_accuracy: 0.26937859197115077
  svhn_top5_accuracy: 0.7186871407360866

2024-05-22 14:49:25,099 - INFO - Epoch 68/100
2024-05-22 14:49:26,620 - INFO - Train Stats
Loss:
  total: 0.2132888026535511
Metrics:
  svhn_top1_accuracy: 0.9235587269067764
  svhn_top5_accuracy: 1.0

2024-05-22 14:49:31,231 - INFO - Validation Stats
Loss:
  total: 4.750643553404973
Metrics:
  svhn_top1_accuracy: 0.2604885057642542
  svhn_top5_accuracy: 0.7178789510809142

2024-05-22 14:49:31,232 - INFO - Epoch 69/100
2024-05-22 14:49:32,739 - INFO - Train Stats
Loss:
  total: 0.3043498359620571
Metrics:
  svhn_top1_accuracy: 0.896955817937851
  svhn_top5_accuracy: 0.998046875

2024-05-22 14:49:37,220 - INFO - Validation Stats
Loss:
  total: 4.726207449518401
Metrics:
  svhn_top1_accuracy: 0.24634518679873696
  svhn_top5_accuracy: 0.7163972700464314

2024-05-22 14:49:37,220 - INFO - Epoch 70/100
2024-05-22 14:49:38,741 - INFO - Train Stats
Loss:
  total: 0.3183925412595272
Metrics:
  svhn_top1_accuracy: 0.8977640122175217
  svhn_top5_accuracy: 0.99609375

2024-05-22 14:49:43,148 - INFO - Validation Stats
Loss:
  total: 4.620688101340985
Metrics:
  svhn_top1_accuracy: 0.2352370691710505
  svhn_top5_accuracy: 0.7189565372878107

2024-05-22 14:49:43,149 - INFO - Epoch 71/100
2024-05-22 14:49:44,637 - INFO - Train Stats
Loss:
  total: 0.31617096811532974
Metrics:
  svhn_top1_accuracy: 0.903825432062149
  svhn_top5_accuracy: 0.9958917051553726

2024-05-22 14:49:48,887 - INFO - Validation Stats
Loss:
  total: 4.288504160683731
Metrics:
  svhn_top1_accuracy: 0.2565283765052927
  svhn_top5_accuracy: 0.7330369969894146

2024-05-22 14:49:48,888 - INFO - Epoch 72/100
2024-05-22 14:49:50,409 - INFO - Train Stats
Loss:
  total: 0.2893900163471699
Metrics:
  svhn_top1_accuracy: 0.9172952622175217
  svhn_top5_accuracy: 0.998046875

2024-05-22 14:49:54,778 - INFO - Validation Stats
Loss:
  total: 3.859939953376507
Metrics:
  svhn_top1_accuracy: 0.26996228458552524
  svhn_top5_accuracy: 0.7334051728248596

2024-05-22 14:49:54,779 - INFO - Epoch 73/100
2024-05-22 14:49:56,379 - INFO - Train Stats
Loss:
  total: 0.22215813025832176
Metrics:
  svhn_top1_accuracy: 0.9268588423728943
  svhn_top5_accuracy: 0.9978448301553726

2024-05-22 14:50:00,764 - INFO - Validation Stats
Loss:
  total: 4.055523029689131
Metrics:
  svhn_top1_accuracy: 0.279894037493344
  svhn_top5_accuracy: 0.7211745689655172

2024-05-22 14:50:00,765 - INFO - Epoch 74/100
2024-05-22 14:50:02,384 - INFO - Train Stats
Loss:
  total: 0.2311486266553402
Metrics:
  svhn_top1_accuracy: 0.9282731711864471
  svhn_top5_accuracy: 0.998046875

2024-05-22 14:50:06,983 - INFO - Validation Stats
Loss:
  total: 4.107338190078735
Metrics:
  svhn_top1_accuracy: 0.2728538076425421
  svhn_top5_accuracy: 0.7218839803646351

2024-05-22 14:50:06,983 - INFO - Epoch 75/100
2024-05-22 14:50:08,542 - INFO - Train Stats
Loss:
  total: 0.26914376579225063
Metrics:
  svhn_top1_accuracy: 0.9290140122175217
  svhn_top5_accuracy: 0.9978448301553726

2024-05-22 14:50:13,584 - INFO - Validation Stats
Loss:
  total: 3.959202819857104
Metrics:
  svhn_top1_accuracy: 0.2832884341478348
  svhn_top5_accuracy: 0.7304418107558941

2024-05-22 14:50:13,585 - INFO - Epoch 76/100
2024-05-22 14:50:15,146 - INFO - Train Stats
Loss:
  total: 0.2264065071940422
Metrics:
  svhn_top1_accuracy: 0.9321794211864471
  svhn_top5_accuracy: 1.0

2024-05-22 14:50:19,640 - INFO - Validation Stats
Loss:
  total: 3.921771559221991
Metrics:
  svhn_top1_accuracy: 0.2852460490218524
  svhn_top5_accuracy: 0.7326329021618284

2024-05-22 14:50:19,641 - INFO - Epoch 77/100
2024-05-22 14:50:21,184 - INFO - Train Stats
Loss:
  total: 0.16158407926559448
Metrics:
  svhn_top1_accuracy: 0.9517106711864471
  svhn_top5_accuracy: 1.0

2024-05-22 14:50:25,799 - INFO - Validation Stats
Loss:
  total: 4.585285400522166
Metrics:
  svhn_top1_accuracy: 0.29282507197610264
  svhn_top5_accuracy: 0.7349946118634323

2024-05-22 14:50:25,800 - INFO - Epoch 78/100
2024-05-22 14:50:27,432 - INFO - Train Stats
Loss:
  total: 0.22350866720080376
Metrics:
  svhn_top1_accuracy: 0.9372306019067764
  svhn_top5_accuracy: 0.9978448301553726

2024-05-22 14:50:32,024 - INFO - Validation Stats
Loss:
  total: 4.215652543922951
Metrics:
  svhn_top1_accuracy: 0.2952496409416199
  svhn_top5_accuracy: 0.7345545980437048

2024-05-22 14:50:32,025 - INFO - Epoch 79/100
2024-05-22 14:50:33,589 - INFO - Train Stats
Loss:
  total: 0.2131224349141121
Metrics:
  svhn_top1_accuracy: 0.9300242513418198
  svhn_top5_accuracy: 1.0

2024-05-22 14:50:38,076 - INFO - Validation Stats
Loss:
  total: 4.4664474396870055
Metrics:
  svhn_top1_accuracy: 0.27578125020553323
  svhn_top5_accuracy: 0.7314924566910185

2024-05-22 14:50:38,077 - INFO - Epoch 80/100
2024-05-22 14:50:39,638 - INFO - Train Stats
Loss:
  total: 0.19637804478406906
Metrics:
  svhn_top1_accuracy: 0.9384428858757019
  svhn_top5_accuracy: 1.0

2024-05-22 14:50:43,987 - INFO - Validation Stats
Loss:
  total: 4.678302209952782
Metrics:
  svhn_top1_accuracy: 0.27766702606760224
  svhn_top5_accuracy: 0.7265086204841219

2024-05-22 14:50:43,988 - INFO - Epoch 81/100
2024-05-22 14:50:45,485 - INFO - Train Stats
Loss:
  total: 0.14433437399566174
Metrics:
  svhn_top1_accuracy: 0.9640355557203293
  svhn_top5_accuracy: 0.998046875

2024-05-22 14:50:50,020 - INFO - Validation Stats
Loss:
  total: 4.400787213753009
Metrics:
  svhn_top1_accuracy: 0.272081537493344
  svhn_top5_accuracy: 0.7211835487135525

2024-05-22 14:50:50,021 - INFO - Epoch 82/100
2024-05-22 14:50:51,547 - INFO - Train Stats
Loss:
  total: 0.1385745331645012
Metrics:
  svhn_top1_accuracy: 0.9542699307203293
  svhn_top5_accuracy: 1.0

2024-05-22 14:50:55,988 - INFO - Validation Stats
Loss:
  total: 4.344206201619115
Metrics:
  svhn_top1_accuracy: 0.2658494972977145
  svhn_top5_accuracy: 0.7276221267108259

2024-05-22 14:50:55,989 - INFO - Epoch 83/100
2024-05-22 14:50:57,568 - INFO - Train Stats
Loss:
  total: 0.1176911611109972
Metrics:
  svhn_top1_accuracy: 0.9657866358757019
  svhn_top5_accuracy: 1.0

2024-05-22 14:51:01,932 - INFO - Validation Stats
Loss:
  total: 4.316305366055719
Metrics:
  svhn_top1_accuracy: 0.26901041690645544
  svhn_top5_accuracy: 0.7285650146418604

2024-05-22 14:51:01,933 - INFO - Epoch 84/100
2024-05-22 14:51:03,476 - INFO - Train Stats
Loss:
  total: 0.14753706008195877
Metrics:
  svhn_top1_accuracy: 0.9478044211864471
  svhn_top5_accuracy: 1.0

2024-05-22 14:51:08,569 - INFO - Validation Stats
Loss:
  total: 4.371875676615485
Metrics:
  svhn_top1_accuracy: 0.2779723421253007
  svhn_top5_accuracy: 0.7316271549668806

2024-05-22 14:51:08,570 - INFO - Epoch 85/100
2024-05-22 14:51:10,034 - INFO - Train Stats
Loss:
  total: 0.15362013690173626
Metrics:
  svhn_top1_accuracy: 0.9450431019067764
  svhn_top5_accuracy: 0.998046875

2024-05-22 14:51:14,246 - INFO - Validation Stats
Loss:
  total: 4.419411893548636
Metrics:
  svhn_top1_accuracy: 0.2800556755271451
  svhn_top5_accuracy: 0.7413882900928629

2024-05-22 14:51:14,247 - INFO - Epoch 86/100
2024-05-22 14:51:15,771 - INFO - Train Stats
Loss:
  total: 0.19593998417258263
Metrics:
  svhn_top1_accuracy: 0.948747307062149
  svhn_top5_accuracy: 1.0

2024-05-22 14:51:20,063 - INFO - Validation Stats
Loss:
  total: 4.405006277150121
Metrics:
  svhn_top1_accuracy: 0.27305136518231754
  svhn_top5_accuracy: 0.7463092670358461

2024-05-22 14:51:20,064 - INFO - Epoch 87/100
2024-05-22 14:51:21,712 - INFO - Train Stats
Loss:
  total: 0.1729434933513403
Metrics:
  svhn_top1_accuracy: 0.9507677853107452
  svhn_top5_accuracy: 1.0

2024-05-22 14:51:26,098 - INFO - Validation Stats
Loss:
  total: 4.598311231054109
Metrics:
  svhn_top1_accuracy: 0.27311422418931436
  svhn_top5_accuracy: 0.738119612480032

2024-05-22 14:51:26,099 - INFO - Epoch 88/100
2024-05-22 14:51:27,600 - INFO - Train Stats
Loss:
  total: 0.27890450321137905
Metrics:
  svhn_top1_accuracy: 0.9228178858757019
  svhn_top5_accuracy: 0.994140625

2024-05-22 14:51:32,133 - INFO - Validation Stats
Loss:
  total: 5.008125979324867
Metrics:
  svhn_top1_accuracy: 0.2857489226193264
  svhn_top5_accuracy: 0.7308189653117081

2024-05-22 14:51:32,134 - INFO - Epoch 89/100
2024-05-22 14:51:33,660 - INFO - Train Stats
Loss:
  total: 0.18789294734597206
Metrics:
  svhn_top1_accuracy: 0.942887932062149
  svhn_top5_accuracy: 1.0

2024-05-22 14:51:38,126 - INFO - Validation Stats
Loss:
  total: 4.498314943806879
Metrics:
  svhn_top1_accuracy: 0.2730244254243785
  svhn_top5_accuracy: 0.7260686066643945

2024-05-22 14:51:38,127 - INFO - Epoch 90/100
2024-05-22 14:51:39,724 - INFO - Train Stats
Loss:
  total: 0.1659153662621975
Metrics:
  svhn_top1_accuracy: 0.9345366358757019
  svhn_top5_accuracy: 1.0

2024-05-22 14:51:44,304 - INFO - Validation Stats
Loss:
  total: 4.177751130071179
Metrics:
  svhn_top1_accuracy: 0.2742995691710505
  svhn_top5_accuracy: 0.7272180318832397

2024-05-22 14:51:47,244 - INFO - Epoch 91/100
2024-05-22 14:51:48,867 - INFO - Train Stats
Loss:
  total: 0.2736510671675205
Metrics:
  svhn_top1_accuracy: 0.9284752160310745
  svhn_top5_accuracy: 0.9939385801553726

2024-05-22 14:51:53,371 - INFO - Validation Stats
Loss:
  total: 4.37797971429496
Metrics:
  svhn_top1_accuracy: 0.2851382902470128
  svhn_top5_accuracy: 0.7290678877255012

2024-05-22 14:51:53,372 - INFO - Epoch 92/100
2024-05-22 14:51:54,928 - INFO - Train Stats
Loss:
  total: 0.16315624304115772
Metrics:
  svhn_top1_accuracy: 0.9583782255649567
  svhn_top5_accuracy: 1.0

2024-05-22 14:51:59,239 - INFO - Validation Stats
Loss:
  total: 4.734113787782603
Metrics:
  svhn_top1_accuracy: 0.2857848421253007
  svhn_top5_accuracy: 0.7321569683222935

2024-05-22 14:51:59,240 - INFO - Epoch 93/100
2024-05-22 14:52:00,785 - INFO - Train Stats
Loss:
  total: 0.2929101511836052
Metrics:
  svhn_top1_accuracy: 0.9501616358757019
  svhn_top5_accuracy: 0.9921875

2024-05-22 14:52:05,368 - INFO - Validation Stats
Loss:
  total: 4.1854494645677764
Metrics:
  svhn_top1_accuracy: 0.2754130748839214
  svhn_top5_accuracy: 0.7259967676524458

2024-05-22 14:52:05,369 - INFO - Epoch 94/100
2024-05-22 14:52:06,871 - INFO - Train Stats
Loss:
  total: 0.30131683126091957
Metrics:
  svhn_top1_accuracy: 0.921403557062149
  svhn_top5_accuracy: 0.9958917051553726

2024-05-22 14:52:11,170 - INFO - Validation Stats
Loss:
  total: 4.014161282572253
Metrics:
  svhn_top1_accuracy: 0.26820222725128307
  svhn_top5_accuracy: 0.734823994595429

2024-05-22 14:52:11,171 - INFO - Epoch 95/100
2024-05-22 14:52:12,690 - INFO - Train Stats
Loss:
  total: 0.14405142702162266
Metrics:
  svhn_top1_accuracy: 0.9558189660310745
  svhn_top5_accuracy: 0.9978448301553726

2024-05-22 14:52:17,313 - INFO - Validation Stats
Loss:
  total: 4.197013822095148
Metrics:
  svhn_top1_accuracy: 0.2790499283321973
  svhn_top5_accuracy: 0.7439206180901363

2024-05-22 14:52:17,314 - INFO - Epoch 96/100
2024-05-22 14:52:18,782 - INFO - Train Stats
Loss:
  total: 0.19483688659965992
Metrics:
  svhn_top1_accuracy: 0.9362203627824783
  svhn_top5_accuracy: 0.9978448301553726

2024-05-22 14:52:23,104 - INFO - Validation Stats
Loss:
  total: 4.457937133723292
Metrics:
  svhn_top1_accuracy: 0.2913074714356455
  svhn_top5_accuracy: 0.7407866377255012

2024-05-22 14:52:23,105 - INFO - Epoch 97/100
2024-05-22 14:52:24,724 - INFO - Train Stats
Loss:
  total: 0.1644071489572525
Metrics:
  svhn_top1_accuracy: 0.9387796372175217
  svhn_top5_accuracy: 1.0

2024-05-22 14:52:28,942 - INFO - Validation Stats
Loss:
  total: 4.633806795909487
Metrics:
  svhn_top1_accuracy: 0.28959231335541297
  svhn_top5_accuracy: 0.7361709773540497

2024-05-22 14:52:28,943 - INFO - Epoch 98/100
2024-05-22 14:52:30,506 - INFO - Train Stats
Loss:
  total: 0.19665095955133438
Metrics:
  svhn_top1_accuracy: 0.9382408410310745
  svhn_top5_accuracy: 1.0

2024-05-22 14:52:34,882 - INFO - Validation Stats
Loss:
  total: 4.421205401420593
Metrics:
  svhn_top1_accuracy: 0.27534123587197273
  svhn_top5_accuracy: 0.7220635773806736

2024-05-22 14:52:34,883 - INFO - Epoch 99/100
2024-05-22 14:52:36,435 - INFO - Train Stats
Loss:
  total: 0.23919015005230904
Metrics:
  svhn_top1_accuracy: 0.9313712269067764
  svhn_top5_accuracy: 0.9958917051553726

2024-05-22 14:52:40,930 - INFO - Validation Stats
Loss:
  total: 4.239576635689571
Metrics:
  svhn_top1_accuracy: 0.27393139384943865
  svhn_top5_accuracy: 0.7251975577453087

2024-05-22 14:52:40,931 - INFO - Epoch 100/100
2024-05-22 14:52:42,436 - INFO - Train Stats
Loss:
  total: 0.2552616409957409
Metrics:
  svhn_top1_accuracy: 0.9042295217514038
  svhn_top5_accuracy: 1.0

2024-05-22 14:52:46,638 - INFO - Validation Stats
Loss:
  total: 4.493840883518088
Metrics:
  svhn_top1_accuracy: 0.2651400864124298
  svhn_top5_accuracy: 0.7284662353581396

2024-05-22 14:52:49,470 - INFO - Best validation loss: 2.2803877386553535
2024-05-22 14:52:51,432 - INFO - Best model saved to /home/up201905337/exploring-label-efficiency/weights/sl_svhn_resnet50_500l.pth
2024-05-22 14:52:51,436 - INFO - Training took 622.6254920959473 seconds to complete
