2024-04-24 18:08:28,550 - INFO - Loading configuration files...
2024-04-24 18:08:30,389 - INFO - Loading model configuration
args:
  backbone: resnet101
  num_classes: 20
class: DeepLabV3

2024-04-24 18:08:30,413 - INFO - Loading train_dataset configuration
args:
  num_labeled: 1238
  root: /data/auto/cityscapes
  train_val_split: 2475
class: SemiSupervisedCityscapesSeg

2024-04-24 18:08:30,479 - INFO - Loading train_dataset configuration
args:
  num_labeled: 1238
  root: /data/auto/cityscapes
  train_val_split: 2475
class: SemiSupervisedCityscapesSeg

2024-04-24 18:08:30,503 - INFO - Loading val_dataset configuration
args:
  mode: fine
  root: /data/auto/cityscapes
  train_val_split: 2475
class: CityscapesSeg

2024-04-24 18:08:30,512 - INFO - Loading optimizer configuration
args:
  lr: 0.01
  momentum: 0.9
  nesterov: true
  weight_decay: 0.0005
class: SGD

2024-04-24 18:08:30,522 - INFO - Loading method configuration
args:
  alpha: 0.75
  k: 2
  temperature: 0.5
  unsupervised_weight_rampup_length: 60
  wr: 0.5
  wu1_max: 0.16666666
  wu_max: 0.5
class: ReMixMatchV2CityscapesSeg

2024-04-24 18:08:30,523 - INFO - Loading loss configuration
args:
  ignore_index: 0
class: CrossEntropyLoss

2024-04-24 18:08:30,534 - INFO - Loading metrics configuration
cityscapes_dice:
  args:
    average: micro
    ignore_index: 0
    num_classes: 20
  class: Dice
cityscapes_jaccard_macro:
  args:
    average: macro
    ignore_index: 0
    num_classes: 20
    task: multiclass
    validate_args: false
  class: JaccardIndex
cityscapes_jaccard_micro:
  args:
    average: micro
    ignore_index: 0
    num_classes: 20
    task: multiclass
    validate_args: false
  class: JaccardIndex

2024-04-24 18:08:30,538 - INFO - Loading scheduler configuration
args:
  T_max: 120
class: CosineAnnealingLR

2024-04-24 18:08:30,539 - INFO - Loading hyperparameters configuration
ema_decay: 0.99
epochs: 120
labeled_batch_size: 1
num_workers: 4
save_freq: 10
unlabeled_batch_size: 3

2024-04-24 18:08:30,906 - INFO - Using device: cuda
2024-04-24 18:08:31,973 - INFO - Training for 120 epochs
2024-04-24 18:08:32,048 - INFO - Epoch 1/120
2024-04-24 18:51:58,558 - INFO - Train Stats
Loss:
  rotation: 0.0010521557583946944
  rotation_weighted: 0.0005260778791973472
  supervised: 0.9034674782937872
  total: 0.9039935558456597
  unsupervised: 0.797165475629258
  unsupervised1: 0.9014768484191479
  unsupervised1_weighted: 0.0
  unsupervised_weighted: 0.0
Metrics:
  cityscapes_dice: 0.7748195863778737
  cityscapes_jaccard_macro: 0.30019834821198216
  cityscapes_jaccard_micro: 0.6793503225307087

2024-04-24 18:52:25,766 - INFO - Validation Stats
Loss:
  total: 0.5296446611881256
Metrics:
  cityscapes_dice: 0.8463178124427796
  cityscapes_jaccard_macro: 0.31084495115280153
  cityscapes_jaccard_micro: 0.7645175981521607

2024-04-24 18:52:26,582 - INFO - Epoch 2/120
2024-04-24 19:35:53,120 - INFO - Train Stats
Loss:
  rotation: 3.344535066846054e-08
  rotation_weighted: 1.672267533423027e-08
  supervised: 0.7469542397363698
  total: 0.7558122485972375
  unsupervised: 0.7689173615903192
  unsupervised1: 0.8821255524969255
  unsupervised1_weighted: 0.002450348609819202
  unsupervised_weighted: 0.006407645010985194
Metrics:
  cityscapes_dice: 0.8367312690649357
  cityscapes_jaccard_macro: 0.37253228295143087
  cityscapes_jaccard_micro: 0.7622188235571389

2024-04-24 19:36:17,401 - INFO - Validation Stats
Loss:
  total: 0.42161392319202423
Metrics:
  cityscapes_dice: 0.876452832698822
  cityscapes_jaccard_macro: 0.39577796053886416
  cityscapes_jaccard_micro: 0.8105551319122315

2024-04-24 19:36:18,195 - INFO - Epoch 3/120
2024-04-24 20:19:43,685 - INFO - Train Stats
Loss:
  rotation: 3.872208857546756e-07
  rotation_weighted: 1.936104428773378e-07
  supervised: 0.7158724757600485
  total: 0.7328509470637472
  unsupervised: 0.7364829279879569
  unsupervised1: 0.8466414578848779
  unsupervised1_weighted: 0.004703563367774912
  unsupervised_weighted: 0.012274716106229891
Metrics:
  cityscapes_dice: 0.847423637120327
  cityscapes_jaccard_macro: 0.3897836300964213
  cityscapes_jaccard_micro: 0.7774434905132107

2024-04-24 20:20:10,134 - INFO - Validation Stats
Loss:
  total: 0.4657194082736969
Metrics:
  cityscapes_dice: 0.8710749206542969
  cityscapes_jaccard_macro: 0.39147008872032163
  cityscapes_jaccard_micro: 0.797985417842865

2024-04-24 20:20:10,134 - INFO - Epoch 4/120
2024-04-24 21:03:35,538 - INFO - Train Stats
Loss:
  rotation: 2.6730531523229425e-06
  rotation_weighted: 1.3365265761614713e-06
  supervised: 0.7041650027975512
  total: 0.7285089191043319
  unsupervised: 0.7067006379606651
  unsupervised1: 0.801007730028741
  unsupervised1_weighted: 0.006675064017595979
  unsupervised_weighted: 0.017667516291153547
Metrics:
  cityscapes_dice: 0.8500754717430506
  cityscapes_jaccard_macro: 0.39486488309329276
  cityscapes_jaccard_micro: 0.7797180156137716

2024-04-24 21:04:03,886 - INFO - Validation Stats
Loss:
  total: 0.37927173936367037
Metrics:
  cityscapes_dice: 0.8792916021347046
  cityscapes_jaccard_macro: 0.4070520043373108
  cityscapes_jaccard_micro: 0.8191078367233277

2024-04-24 21:04:04,595 - INFO - Epoch 5/120
2024-04-24 21:47:29,072 - INFO - Train Stats
Loss:
  rotation: 1.1142216981581753e-05
  rotation_weighted: 5.571108490790876e-06
  supervised: 0.6944745229933297
  total: 0.7264989824402891
  unsupervised: 0.6960091209324959
  unsupervised1: 0.7936726477544797
  unsupervised1_weighted: 0.008818584456114529
  unsupervised_weighted: 0.023200305242705277
Metrics:
  cityscapes_dice: 0.8516955094017774
  cityscapes_jaccard_macro: 0.3952280250295202
  cityscapes_jaccard_micro: 0.78266351313747

2024-04-24 21:47:56,845 - INFO - Validation Stats
Loss:
  total: 0.4400930736064911
Metrics:
  cityscapes_dice: 0.8688926749229431
  cityscapes_jaccard_macro: 0.39326904964447024
  cityscapes_jaccard_micro: 0.8013635778427124

2024-04-24 21:47:56,845 - INFO - Epoch 6/120
2024-04-24 22:31:23,337 - INFO - Train Stats
Loss:
  rotation: 3.245560570967178e-05
  rotation_weighted: 1.622780285483589e-05
  supervised: 0.6934416383528941
  total: 0.7326755047999984
  unsupervised: 0.6843343299116957
  unsupervised1: 0.7706670025920251
  unsupervised1_weighted: 0.010703707726217915
  unsupervised_weighted: 0.028513931210404065
Metrics:
  cityscapes_dice: 0.8519200387505607
  cityscapes_jaccard_macro: 0.3991365413420709
  cityscapes_jaccard_micro: 0.7831763795100044

2024-04-24 22:31:46,130 - INFO - Validation Stats
Loss:
  total: 0.3792062863111496
Metrics:
  cityscapes_dice: 0.8833601465225219
  cityscapes_jaccard_macro: 0.40808465957641604
  cityscapes_jaccard_micro: 0.8216397786140441

2024-04-24 22:31:46,765 - INFO - Epoch 7/120
2024-04-24 23:15:10,229 - INFO - Train Stats
Loss:
  rotation: 6.335782051346996e-05
  rotation_weighted: 3.167891025673498e-05
  supervised: 0.6639343082110408
  total: 0.7096622995490597
  unsupervised: 0.6656718737955818
  unsupervised1: 0.7447632051679353
  unsupervised1_weighted: 0.012412719355944261
  unsupervised_weighted: 0.03328359430213496
Metrics:
  cityscapes_dice: 0.8594736357690445
  cityscapes_jaccard_macro: 0.40887463255296425
  cityscapes_jaccard_micro: 0.7923264635158086

2024-04-24 23:15:33,001 - INFO - Validation Stats
Loss:
  total: 0.3988740540742874
Metrics:
  cityscapes_dice: 0.8758949575424194
  cityscapes_jaccard_macro: 0.41767911887168885
  cityscapes_jaccard_micro: 0.8122242064476013

2024-04-24 23:15:33,001 - INFO - Epoch 8/120
2024-04-24 23:58:58,981 - INFO - Train Stats
Loss:
  rotation: 8.889626672547193e-05
  rotation_weighted: 4.444813336273597e-05
  supervised: 0.6861594171776333
  total: 0.739582567961709
  unsupervised: 0.663890601191459
  unsupervised1: 0.7535187330500183
  unsupervised1_weighted: 0.014651752279406361
  unsupervised_weighted: 0.03872695198562447
Metrics:
  cityscapes_dice: 0.8523452557587277
  cityscapes_jaccard_macro: 0.40105733026258394
  cityscapes_jaccard_micro: 0.7837722549916084

2024-04-24 23:59:24,787 - INFO - Validation Stats
Loss:
  total: 0.40704652202129366
Metrics:
  cityscapes_dice: 0.8771054368019104
  cityscapes_jaccard_macro: 0.40726436138153077
  cityscapes_jaccard_micro: 0.811011046409607

2024-04-24 23:59:24,788 - INFO - Epoch 9/120
2024-04-25 00:42:52,369 - INFO - Train Stats
Loss:
  rotation: 0.0001090643390133119
  rotation_weighted: 5.453216950665595e-05
  supervised: 0.6678511126505539
  total: 0.7264269548370496
  unsupervised: 0.6403756956050777
  unsupervised1: 0.7123318171318205
  unsupervised1_weighted: 0.015829594985255446
  unsupervised_weighted: 0.042691715285844006
Metrics:
  cityscapes_dice: 0.8595392824374801
  cityscapes_jaccard_macro: 0.41168055788091773
  cityscapes_jaccard_micro: 0.7932783102132199

2024-04-25 00:43:20,425 - INFO - Validation Stats
Loss:
  total: 0.3489908678531647
Metrics:
  cityscapes_dice: 0.885600823879242
  cityscapes_jaccard_macro: 0.414153315782547
  cityscapes_jaccard_micro: 0.8266995682716369

2024-04-25 00:43:21,155 - INFO - Epoch 10/120
2024-04-25 01:26:47,615 - INFO - Train Stats
Loss:
  rotation: 0.00010964673680484371
  rotation_weighted: 5.482336840242186e-05
  supervised: 0.6564706276277733
  total: 0.721926669949765
  unsupervised: 0.6354000412878582
  unsupervised1: 0.709848576557848
  unsupervised1_weighted: 0.017746213324043015
  unsupervised_weighted: 0.04765500500045945
Metrics:
  cityscapes_dice: 0.8635950430908718
  cityscapes_jaccard_macro: 0.41834751656993635
  cityscapes_jaccard_micro: 0.8003625808756119

2024-04-25 01:27:13,541 - INFO - Validation Stats
Loss:
  total: 0.32991455888748167
Metrics:
  cityscapes_dice: 0.8882226815223694
  cityscapes_jaccard_macro: 0.4291698715686798
  cityscapes_jaccard_micro: 0.8335426316261292

2024-04-25 01:27:15,033 - INFO - Epoch 11/120
2024-04-25 02:10:41,608 - INFO - Train Stats
Loss:
  rotation: 0.0001341269527839977
  rotation_weighted: 6.706347639199885e-05
  supervised: 0.6544655429346785
  total: 0.7253953302715437
  unsupervised: 0.6206925377273791
  unsupervised1: 0.6889804263684977
  unsupervised1_weighted: 0.01913834404973659
  unsupervised_weighted: 0.051724379539176794
Metrics:
  cityscapes_dice: 0.8627105842740163
  cityscapes_jaccard_macro: 0.416177666937159
  cityscapes_jaccard_micro: 0.7980723961080411

2024-04-25 02:11:06,237 - INFO - Validation Stats
Loss:
  total: 0.33273855090141297
Metrics:
  cityscapes_dice: 0.8915990490913391
  cityscapes_jaccard_macro: 0.41195302295684816
  cityscapes_jaccard_micro: 0.8345861845016479

2024-04-25 02:11:06,237 - INFO - Epoch 12/120
2024-04-25 02:54:30,222 - INFO - Train Stats
Loss:
  rotation: 0.00015374549821724716
  rotation_weighted: 7.687274910862358e-05
  supervised: 0.6637075604248027
  total: 0.7419491779534613
  unsupervised: 0.6203164893995387
  unsupervised1: 0.697169448235501
  unsupervised1_weighted: 0.021302398546976496
  unsupervised_weighted: 0.05686234604561271
Metrics:
  cityscapes_dice: 0.8608810994804195
  cityscapes_jaccard_macro: 0.4144688805321499
  cityscapes_jaccard_micro: 0.7962429403825415

2024-04-25 02:54:51,774 - INFO - Validation Stats
Loss:
  total: 0.4567875669002533
Metrics:
  cityscapes_dice: 0.8375854306221008
  cityscapes_jaccard_macro: 0.398650532245636
  cityscapes_jaccard_micro: 0.7501938648223877

2024-04-25 02:54:51,774 - INFO - Epoch 13/120
2024-04-25 03:38:17,758 - INFO - Train Stats
Loss:
  rotation: 0.0001761382520333292
  rotation_weighted: 8.80691260166646e-05
  supervised: 0.653592865426629
  total: 0.7381688591592339
  unsupervised: 0.6144242607815392
  unsupervised1: 0.691364958256435
  unsupervised1_weighted: 0.023045497229518385
  unsupervised_weighted: 0.06144242718370454
Metrics:
  cityscapes_dice: 0.8604104220626427
  cityscapes_jaccard_macro: 0.4126695628264416
  cityscapes_jaccard_micro: 0.7946488704165272

2024-04-25 03:38:41,706 - INFO - Validation Stats
Loss:
  total: 0.3866421570777893
Metrics:
  cityscapes_dice: 0.8757458868026733
  cityscapes_jaccard_macro: 0.42464274454116824
  cityscapes_jaccard_micro: 0.8116654224395752

2024-04-25 03:38:41,706 - INFO - Epoch 14/120
2024-04-25 04:22:07,911 - INFO - Train Stats
Loss:
  rotation: 0.00020241618725297798
  rotation_weighted: 0.00010120809362648899
  supervised: 0.6392733518076348
  total: 0.7280126810194217
  unsupervised: 0.5969053273704595
  unsupervised1: 0.6638782002717882
  unsupervised1_weighted: 0.023973378024074538
  unsupervised_weighted: 0.06466474433870376
Metrics:
  cityscapes_dice: 0.8682118942885869
  cityscapes_jaccard_macro: 0.41861089131221635
  cityscapes_jaccard_micro: 0.8056083609243202

2024-04-25 04:22:30,509 - INFO - Validation Stats
Loss:
  total: 0.39197711312770844
Metrics:
  cityscapes_dice: 0.8825398445129394
  cityscapes_jaccard_macro: 0.41367204785346984
  cityscapes_jaccard_micro: 0.8175142731666565

2024-04-25 04:22:30,509 - INFO - Epoch 15/120
2024-04-25 05:05:54,626 - INFO - Train Stats
Loss:
  rotation: 0.000225575852370473
  rotation_weighted: 0.0001127879261852365
  supervised: 0.6540366290844315
  total: 0.7501727124986047
  unsupervised: 0.6011104353843483
  unsupervised1: 0.6658391186753845
  unsupervised1_weighted: 0.025893741942526884
  unsupervised_weighted: 0.07012955120709004
Metrics:
  cityscapes_dice: 0.8609638578214822
  cityscapes_jaccard_macro: 0.41104215951350564
  cityscapes_jaccard_micro: 0.795898757255087

2024-04-25 05:06:16,396 - INFO - Validation Stats
Loss:
  total: 0.35034403192996977
Metrics:
  cityscapes_dice: 0.8869551868438721
  cityscapes_jaccard_macro: 0.4399094409942627
  cityscapes_jaccard_micro: 0.8302343254089355

2024-04-25 05:06:16,396 - INFO - Epoch 16/120
2024-04-25 05:49:43,716 - INFO - Train Stats
Loss:
  rotation: 0.0002392760481674492
  rotation_weighted: 0.0001196380240837246
  supervised: 0.6436259497396395
  total: 0.7445283816083182
  unsupervised: 0.5886234802604684
  unsupervised1: 0.6529166121427
  unsupervised1_weighted: 0.02720485710025869
  unsupervised_weighted: 0.07357793503255855
Metrics:
  cityscapes_dice: 0.8641473834368254
  cityscapes_jaccard_macro: 0.4129379849537894
  cityscapes_jaccard_micro: 0.7995772093823346

2024-04-25 05:50:10,063 - INFO - Validation Stats
Loss:
  total: 0.32582041835784914
Metrics:
  cityscapes_dice: 0.8884994292259216
  cityscapes_jaccard_macro: 0.43020832109451296
  cityscapes_jaccard_micro: 0.8321525802612305

2024-04-25 05:50:10,821 - INFO - Epoch 17/120
2024-04-25 06:33:36,232 - INFO - Train Stats
Loss:
  rotation: 0.0002762199951965258
  rotation_weighted: 0.0001381099975982629
  supervised: 0.6530256580820184
  total: 0.7604290835547332
  unsupervised: 0.5888156616678145
  unsupervised1: 0.6470225664496614
  unsupervised1_weighted: 0.028756556828598068
  unsupervised_weighted: 0.07850875903781569
Metrics:
  cityscapes_dice: 0.8602122872441959
  cityscapes_jaccard_macro: 0.4122384499776537
  cityscapes_jaccard_micro: 0.7944748293313534

2024-04-25 06:34:00,374 - INFO - Validation Stats
Loss:
  total: 0.37657726407051084
Metrics:
  cityscapes_dice: 0.8842243862152099
  cityscapes_jaccard_macro: 0.4236203336715698
  cityscapes_jaccard_micro: 0.825408921957016

2024-04-25 06:34:00,375 - INFO - Epoch 18/120
2024-04-25 07:17:25,791 - INFO - Train Stats
Loss:
  rotation: 0.0003024278544753234
  rotation_weighted: 0.0001512139272376617
  supervised: 0.6343488963576627
  total: 0.7457972853196264
  unsupervised: 0.5736864416443281
  unsupervised1: 0.6358220539445446
  unsupervised1_weighted: 0.030024928542573204
  unsupervised_weighted: 0.08127224541333938
Metrics:
  cityscapes_dice: 0.8644751375586228
  cityscapes_jaccard_macro: 0.4181344377204944
  cityscapes_jaccard_micro: 0.8003637191744729

2024-04-25 07:17:50,764 - INFO - Validation Stats
Loss:
  total: 0.445753680229187
Metrics:
  cityscapes_dice: 0.8570869951248169
  cityscapes_jaccard_macro: 0.3823303587436676
  cityscapes_jaccard_micro: 0.7828977179527282

2024-04-25 07:17:50,765 - INFO - Epoch 19/120
2024-04-25 08:01:16,207 - INFO - Train Stats
Loss:
  rotation: 0.00034367476393632677
  rotation_weighted: 0.00017183738196816339
  supervised: 0.626053696326755
  total: 0.7438835862043023
  unsupervised: 0.5735231818983358
  unsupervised1: 0.6325914447040858
  unsupervised1_weighted: 0.03162957031373085
  unsupervised_weighted: 0.0860284806314934
Metrics:
  cityscapes_dice: 0.8705003828363965
  cityscapes_jaccard_macro: 0.424815469224349
  cityscapes_jaccard_micro: 0.8095215218975201

2024-04-25 08:01:40,464 - INFO - Validation Stats
Loss:
  total: 0.4207779005765915
Metrics:
  cityscapes_dice: 0.8614888877868653
  cityscapes_jaccard_macro: 0.38641381525993346
  cityscapes_jaccard_micro: 0.7884801893234253

2024-04-25 08:01:40,465 - INFO - Epoch 20/120
2024-04-25 08:45:05,487 - INFO - Train Stats
Loss:
  rotation: 0.0003808342186236259
  rotation_weighted: 0.00019041710931181295
  supervised: 0.6502369839174489
  total: 0.7750532729656515
  unsupervised: 0.5754653602020036
  unsupervised1: 0.6349362963043238
  unsupervised1_weighted: 0.033510524763760305
  unsupervised_weighted: 0.09111534761978081
Metrics:
  cityscapes_dice: 0.856243900292717
  cityscapes_jaccard_macro: 0.4096378410906081
  cityscapes_jaccard_micro: 0.7893894124950654

2024-04-25 08:45:31,574 - INFO - Validation Stats
Loss:
  total: 0.3309255871772766
Metrics:
  cityscapes_dice: 0.8885178208351135
  cityscapes_jaccard_macro: 0.4416732928752899
  cityscapes_jaccard_micro: 0.831646228313446

2024-04-25 08:45:32,345 - INFO - Epoch 21/120
2024-04-25 09:28:59,028 - INFO - Train Stats
Loss:
  rotation: 0.00043262436608466063
  rotation_weighted: 0.00021631218304233031
  supervised: 0.6477780986655509
  total: 0.7774762260894591
  unsupervised: 0.5691802550305842
  unsupervised1: 0.6231319644339443
  unsupervised1_weighted: 0.03461844042719903
  unsupervised_weighted: 0.09486337836308222
Metrics:
  cityscapes_dice: 0.8620821641267598
  cityscapes_jaccard_macro: 0.413512249448621
  cityscapes_jaccard_micro: 0.798011533073443

2024-04-25 09:29:22,754 - INFO - Validation Stats
Loss:
  total: 0.5244110621213913
Metrics:
  cityscapes_dice: 0.8424291176795959
  cityscapes_jaccard_macro: 0.3547205959558487
  cityscapes_jaccard_micro: 0.7599394516944885

2024-04-25 09:29:22,755 - INFO - Epoch 22/120
2024-04-25 10:12:46,989 - INFO - Train Stats
Loss:
  rotation: 0.00047176384262152707
  rotation_weighted: 0.00023588192131076353
  supervised: 0.6310092356230504
  total: 0.7651121206280681
  unsupervised: 0.5583193795168727
  unsupervised1: 0.6199048426309194
  unsupervised1_weighted: 0.03616111365076221
  unsupervised_weighted: 0.0977058901010692
Metrics:
  cityscapes_dice: 0.8696799059917546
  cityscapes_jaccard_macro: 0.42393459776274994
  cityscapes_jaccard_micro: 0.8076090371726692

2024-04-25 10:13:11,297 - INFO - Validation Stats
Loss:
  total: 0.39236382937431336
Metrics:
  cityscapes_dice: 0.8746116800308228
  cityscapes_jaccard_macro: 0.4077376027107239
  cityscapes_jaccard_micro: 0.8087801194190979

2024-04-25 10:13:11,297 - INFO - Epoch 23/120
2024-04-25 10:56:35,728 - INFO - Train Stats
Loss:
  rotation: 0.0005343850177543664
  rotation_weighted: 0.0002671925088771832
  supervised: 0.6471430103028244
  total: 0.7895610923119046
  unsupervised: 0.5688494665605379
  unsupervised1: 0.6195570474463441
  unsupervised1_weighted: 0.03786181730875724
  unsupervised_weighted: 0.10428907116799825
Metrics:
  cityscapes_dice: 0.8607599790146355
  cityscapes_jaccard_macro: 0.41015264160196885
  cityscapes_jaccard_micro: 0.7944022442706182

2024-04-25 10:56:59,584 - INFO - Validation Stats
Loss:
  total: 0.4242741312980652
Metrics:
  cityscapes_dice: 0.8606098909378052
  cityscapes_jaccard_macro: 0.4172194154262543
  cityscapes_jaccard_micro: 0.7874149374961853

2024-04-25 10:56:59,584 - INFO - Epoch 24/120
2024-04-25 11:40:24,556 - INFO - Train Stats
Loss:
  rotation: 0.0005550517682792914
  rotation_weighted: 0.0002775258841396457
  supervised: 0.6455408042847436
  total: 0.7908699283066397
  unsupervised: 0.5547934086069537
  unsupervised1: 0.605992686190012
  unsupervised1_weighted: 0.03871619712218329
  unsupervised_weighted: 0.10633540120704012
Metrics:
  cityscapes_dice: 0.8658227793186277
  cityscapes_jaccard_macro: 0.4183673608945818
  cityscapes_jaccard_micro: 0.8015866368912726

2024-04-25 11:40:48,627 - INFO - Validation Stats
Loss:
  total: 0.30955513179302213
Metrics:
  cityscapes_dice: 0.8981614317893982
  cityscapes_jaccard_macro: 0.4716837611198425
  cityscapes_jaccard_micro: 0.847499460220337

2024-04-25 11:40:49,309 - INFO - Epoch 25/120
2024-04-25 12:24:13,826 - INFO - Train Stats
Loss:
  rotation: 0.000599396349206794
  rotation_weighted: 0.000299698174603397
  supervised: 0.6336154053664746
  total: 0.7846528906164532
  unsupervised: 0.5510196471782416
  unsupervised1: 0.6080078593965301
  unsupervised1_weighted: 0.04053385483976664
  unsupervised_weighted: 0.11020393135787404
Metrics:
  cityscapes_dice: 0.8644047705802663
  cityscapes_jaccard_macro: 0.41645972016952054
  cityscapes_jaccard_micro: 0.8003051236079275

2024-04-25 12:24:37,724 - INFO - Validation Stats
Loss:
  total: 0.45983419513702395
Metrics:
  cityscapes_dice: 0.868622004032135
  cityscapes_jaccard_macro: 0.4310035579204559
  cityscapes_jaccard_micro: 0.7997026159763336

2024-04-25 12:24:37,725 - INFO - Epoch 26/120
2024-04-25 13:08:03,539 - INFO - Train Stats
Loss:
  rotation: 0.0007125402045684833
  rotation_weighted: 0.0003562701022842416
  supervised: 0.6215934858496431
  total: 0.77526832659622
  unsupervised: 0.5380185387775855
  unsupervised1: 0.5937318583417787
  unsupervised1_weighted: 0.04123137659590348
  unsupervised_weighted: 0.11208719297376896
Metrics:
  cityscapes_dice: 0.8698410643129241
  cityscapes_jaccard_macro: 0.4227486720823221
  cityscapes_jaccard_micro: 0.8087195356847396

2024-04-25 13:08:29,794 - INFO - Validation Stats
Loss:
  total: 0.34577577269077303
Metrics:
  cityscapes_dice: 0.8909286270141602
  cityscapes_jaccard_macro: 0.43288945317268374
  cityscapes_jaccard_micro: 0.8341313290596009

2024-04-25 13:08:29,794 - INFO - Epoch 27/120
2024-04-25 13:51:53,781 - INFO - Train Stats
Loss:
  rotation: 0.0007643358346927905
  rotation_weighted: 0.00038216791734639523
  supervised: 0.625516951084137
  total: 0.7876041795161699
  unsupervised: 0.5449502785149992
  unsupervised1: 0.6041423479916591
  unsupervised1_weighted: 0.04363250030845596
  unsupervised_weighted: 0.11807256132689257
Metrics:
  cityscapes_dice: 0.8643417255366176
  cityscapes_jaccard_macro: 0.4192053914395114
  cityscapes_jaccard_micro: 0.8008793639997096

2024-04-25 13:52:16,945 - INFO - Validation Stats
Loss:
  total: 0.5590949091911316
Metrics:
  cityscapes_dice: 0.8286834173202514
  cityscapes_jaccard_macro: 0.3577240530252457
  cityscapes_jaccard_micro: 0.738422419309616

2024-04-25 13:52:16,945 - INFO - Epoch 28/120
2024-04-25 14:35:42,638 - INFO - Train Stats
Loss:
  rotation: 0.0007913870772125684
  rotation_weighted: 0.0003956935386062842
  supervised: 0.6290918126678235
  total: 0.7966886186830832
  unsupervised: 0.5429053655757851
  unsupervised1: 0.6006321486007417
  unsupervised1_weighted: 0.04504740837154991
  unsupervised_weighted: 0.1221537041313862
Metrics:
  cityscapes_dice: 0.8635586632569118
  cityscapes_jaccard_macro: 0.41861119605781383
  cityscapes_jaccard_micro: 0.7992920423218429

2024-04-25 14:36:04,827 - INFO - Validation Stats
Loss:
  total: 0.3276946415901184
Metrics:
  cityscapes_dice: 0.8961269750595092
  cityscapes_jaccard_macro: 0.45503602719306946
  cityscapes_jaccard_micro: 0.8456479687690734

2024-04-25 14:36:04,827 - INFO - Epoch 29/120
2024-04-25 15:19:28,761 - INFO - Train Stats
Loss:
  rotation: 0.0008325390963907683
  rotation_weighted: 0.00041626954819538414
  supervised: 0.621712116220656
  total: 0.7909460431611788
  unsupervised: 0.5290485571389822
  unsupervised1: 0.5833670777149847
  unsupervised1_weighted: 0.04537299221083642
  unsupervised_weighted: 0.12344466417317726
Metrics:
  cityscapes_dice: 0.8665568590380841
  cityscapes_jaccard_macro: 0.42003693873053705
  cityscapes_jaccard_micro: 0.8031621008196632

2024-04-25 15:19:49,792 - INFO - Validation Stats
Loss:
  total: 0.3560086350440979
Metrics:
  cityscapes_dice: 0.8882468976974487
  cityscapes_jaccard_macro: 0.44423073053359985
  cityscapes_jaccard_micro: 0.8295894756317138

2024-04-25 15:19:49,792 - INFO - Epoch 30/120
2024-04-25 16:03:14,727 - INFO - Train Stats
Loss:
  rotation: 0.000898853175629642
  rotation_weighted: 0.000449426587814821
  supervised: 0.621657849682167
  total: 0.8015415773806741
  unsupervised: 0.5417808170561259
  unsupervised1: 0.6021179177095701
  unsupervised1_weighted: 0.04850394051275269
  unsupervised_weighted: 0.13093036031335448
Metrics:
  cityscapes_dice: 0.8719947935595074
  cityscapes_jaccard_macro: 0.42727256595173635
  cityscapes_jaccard_micro: 0.8115145052288191

2024-04-25 16:03:37,827 - INFO - Validation Stats
Loss:
  total: 0.3798723695278168
Metrics:
  cityscapes_dice: 0.870263069152832
  cityscapes_jaccard_macro: 0.3984321994781494
  cityscapes_jaccard_micro: 0.8059039893150329

2024-04-25 16:03:38,516 - INFO - Epoch 31/120
2024-04-25 16:47:03,348 - INFO - Train Stats
Loss:
  rotation: 0.0009385871128551512
  rotation_weighted: 0.0004692935564275756
  supervised: 0.6248045178771211
  total: 0.8105848045697698
  unsupervised: 0.5410514482942459
  unsupervised1: 0.6005775987355697
  unsupervised1_weighted: 0.05004813005735493
  unsupervised_weighted: 0.13526286207356147
Metrics:
  cityscapes_dice: 0.8689956805203862
  cityscapes_jaccard_macro: 0.425444029205402
  cityscapes_jaccard_micro: 0.8068789680411675

2024-04-25 16:47:25,787 - INFO - Validation Stats
Loss:
  total: 0.33299006187915803
Metrics:
  cityscapes_dice: 0.8908517942428589
  cityscapes_jaccard_macro: 0.44911449098587036
  cityscapes_jaccard_micro: 0.8333454899787903

2024-04-25 16:47:25,787 - INFO - Epoch 32/120
2024-04-25 17:30:49,456 - INFO - Train Stats
Loss:
  rotation: 0.0009691430258497698
  rotation_weighted: 0.0004845715129248849
  supervised: 0.6095596940312324
  total: 0.7936936911430228
  unsupervised: 0.5197290422963595
  unsupervised1: 0.5735159704464703
  unsupervised1_weighted: 0.04938609451236074
  unsupervised_weighted: 0.1342633317325487
Metrics:
  cityscapes_dice: 0.8734984926048889
  cityscapes_jaccard_macro: 0.4271336977094749
  cityscapes_jaccard_micro: 0.8128813499876678

2024-04-25 17:31:12,147 - INFO - Validation Stats
Loss:
  total: 0.32720202803611753
Metrics:
  cityscapes_dice: 0.8926930279731751
  cityscapes_jaccard_macro: 0.4493207440376282
  cityscapes_jaccard_micro: 0.8368101229667664

2024-04-25 17:31:12,147 - INFO - Epoch 33/120
2024-04-25 18:14:36,909 - INFO - Train Stats
Loss:
  rotation: 0.0010128296803200078
  rotation_weighted: 0.0005064148401600039
  supervised: 0.6320584773933079
  total: 0.825754959647798
  unsupervised: 0.5281666557820626
  unsupervised1: 0.5888882511339011
  unsupervised1_weighted: 0.052345619256335865
  unsupervised_weighted: 0.14084444885926023
Metrics:
  cityscapes_dice: 0.8631527013414704
  cityscapes_jaccard_macro: 0.413595446392966
  cityscapes_jaccard_micro: 0.7983928306542807

2024-04-25 18:14:58,949 - INFO - Validation Stats
Loss:
  total: 0.307492320895195
Metrics:
  cityscapes_dice: 0.8915600719451904
  cityscapes_jaccard_macro: 0.4479202809333801
  cityscapes_jaccard_micro: 0.8384099478721618

2024-04-25 18:14:59,677 - INFO - Epoch 34/120
2024-04-25 18:58:25,414 - INFO - Train Stats
Loss:
  rotation: 0.0010656727322186186
  rotation_weighted: 0.0005328363661093093
  supervised: 0.6197606235778679
  total: 0.8166243056729074
  unsupervised: 0.5218526322352481
  unsupervised1: 0.5762331398604182
  unsupervised1_weighted: 0.0528213680271956
  unsupervised_weighted: 0.14350947719037244
Metrics:
  cityscapes_dice: 0.8675670865832893
  cityscapes_jaccard_macro: 0.4241222782761629
  cityscapes_jaccard_micro: 0.8052908161321056

2024-04-25 18:58:47,794 - INFO - Validation Stats
Loss:
  total: 0.35174036157131194
Metrics:
  cityscapes_dice: 0.8848401870727539
  cityscapes_jaccard_macro: 0.4354387938976288
  cityscapes_jaccard_micro: 0.8243226184844971

2024-04-25 18:58:47,795 - INFO - Epoch 35/120
2024-04-25 19:42:11,126 - INFO - Train Stats
Loss:
  rotation: 0.001131012809337967
  rotation_weighted: 0.0005655064046689835
  supervised: 0.6129222750326736
  total: 0.8143327482201171
  unsupervised: 0.5176666504996851
  unsupervised1: 0.5735938545791899
  unsupervised1_weighted: 0.05417274972138045
  unsupervised_weighted: 0.14667221673302389
Metrics:
  cityscapes_dice: 0.8713707810505527
  cityscapes_jaccard_macro: 0.4276315529976696
  cityscapes_jaccard_micro: 0.8095093640425094

2024-04-25 19:42:33,421 - INFO - Validation Stats
Loss:
  total: 0.2996837004423141
Metrics:
  cityscapes_dice: 0.8964066424369812
  cityscapes_jaccard_macro: 0.456207985162735
  cityscapes_jaccard_micro: 0.8458285470008851

2024-04-25 19:42:34,090 - INFO - Epoch 36/120
2024-04-25 20:25:59,191 - INFO - Train Stats
Loss:
  rotation: 0.0011782086314595876
  rotation_weighted: 0.0005891043157297938
  supervised: 0.6076679412811176
  total: 0.8150970539821369
  unsupervised: 0.5173901681681442
  unsupervised1: 0.5753268219157451
  unsupervised1_weighted: 0.05593454873457142
  unsupervised_weighted: 0.15090546039608646
Metrics:
  cityscapes_dice: 0.8704989766025004
  cityscapes_jaccard_macro: 0.4291816702855808
  cityscapes_jaccard_micro: 0.8097515491729599

2024-04-25 20:26:26,520 - INFO - Validation Stats
Loss:
  total: 0.28698353803157806
Metrics:
  cityscapes_dice: 0.9025165286064148
  cityscapes_jaccard_macro: 0.47024098825454713
  cityscapes_jaccard_micro: 0.8533995609283447

2024-04-25 20:26:27,187 - INFO - Epoch 37/120
2024-04-25 21:09:53,586 - INFO - Train Stats
Loss:
  rotation: 0.0011999404439360342
  rotation_weighted: 0.0005999702219680171
  supervised: 0.6009088485939533
  total: 0.8123295073892458
  unsupervised: 0.513454144119446
  unsupervised1: 0.5678444361263022
  unsupervised1_weighted: 0.056784440128370424
  unsupervised_weighted: 0.15403624939971478
Metrics:
  cityscapes_dice: 0.8712911251842109
  cityscapes_jaccard_macro: 0.42878454156304213
  cityscapes_jaccard_micro: 0.8103411006523065

2024-04-25 21:10:20,768 - INFO - Validation Stats
Loss:
  total: 0.30996771991252897
Metrics:
  cityscapes_dice: 0.8970262818336486
  cityscapes_jaccard_macro: 0.4448699140548706
  cityscapes_jaccard_micro: 0.8432694878578186

2024-04-25 21:10:20,768 - INFO - Epoch 38/120
2024-04-25 21:53:45,695 - INFO - Train Stats
Loss:
  rotation: 0.001205126053297453
  rotation_weighted: 0.0006025630266487265
  supervised: 0.6021540148908902
  total: 0.8185317989240171
  unsupervised: 0.5104493668998
  unsupervised1: 0.5680864904563339
  unsupervised1_weighted: 0.05838666355721833
  unsupervised_weighted: 0.15738855669446447
Metrics:
  cityscapes_dice: 0.8736167375558027
  cityscapes_jaccard_macro: 0.4320038046013799
  cityscapes_jaccard_micro: 0.812670111884882

2024-04-25 21:54:09,324 - INFO - Validation Stats
Loss:
  total: 0.3031260040998459
Metrics:
  cityscapes_dice: 0.8928461937904358
  cityscapes_jaccard_macro: 0.45803873014450075
  cityscapes_jaccard_micro: 0.8441215047836303

2024-04-25 21:54:09,324 - INFO - Epoch 39/120
2024-04-25 22:37:35,157 - INFO - Train Stats
Loss:
  rotation: 0.0013155736082183839
  rotation_weighted: 0.0006577868041091919
  supervised: 0.611040702207023
  total: 0.8365094772448255
  unsupervised: 0.5161653831962237
  unsupervised1: 0.5812922057504608
  unsupervised1_weighted: 0.06135861809111181
  unsupervised_weighted: 0.1634523694001752
Metrics:
  cityscapes_dice: 0.8705577549189089
  cityscapes_jaccard_macro: 0.4264089669881807
  cityscapes_jaccard_micro: 0.8087069253062585

2024-04-25 22:38:03,736 - INFO - Validation Stats
Loss:
  total: 0.35498279941082
Metrics:
  cityscapes_dice: 0.8860786581039428
  cityscapes_jaccard_macro: 0.45693633794784544
  cityscapes_jaccard_micro: 0.8271500692367554

2024-04-25 22:38:03,737 - INFO - Epoch 40/120
2024-04-25 23:21:29,571 - INFO - Train Stats
Loss:
  rotation: 0.0013201395792567649
  rotation_weighted: 0.0006600697896283824
  supervised: 0.6008696025282578
  total: 0.8271780125014424
  unsupervised: 0.5054913219515842
  unsupervised1: 0.5664338625136985
  unsupervised1_weighted: 0.06136366470998247
  unsupervised_weighted: 0.164284673593156
Metrics:
  cityscapes_dice: 0.8731953963179966
  cityscapes_jaccard_macro: 0.431074167383603
  cityscapes_jaccard_micro: 0.8144059630775875

2024-04-25 23:21:54,362 - INFO - Validation Stats
Loss:
  total: 0.322315101146698
Metrics:
  cityscapes_dice: 0.8985074200630188
  cityscapes_jaccard_macro: 0.46497242951393125
  cityscapes_jaccard_micro: 0.8425978980064392

2024-04-25 23:21:55,049 - INFO - Epoch 41/120
2024-04-26 00:05:19,602 - INFO - Train Stats
Loss:
  rotation: 0.001297373161575966
  rotation_weighted: 0.000648686580787983
  supervised: 0.592219521226858
  total: 0.8210598198104174
  unsupervised: 0.49815977846237686
  unsupervised1: 0.5592451599187342
  unsupervised1_weighted: 0.062138347423098296
  unsupervised_weighted: 0.16605326396101702
Metrics:
  cityscapes_dice: 0.8771517718261972
  cityscapes_jaccard_macro: 0.4362349554938482
  cityscapes_jaccard_micro: 0.8190525401269292

2024-04-26 00:05:44,622 - INFO - Validation Stats
Loss:
  total: 0.3115578018426895
Metrics:
  cityscapes_dice: 0.8944220237731934
  cityscapes_jaccard_macro: 0.4525607490539551
  cityscapes_jaccard_micro: 0.8401612687110901

2024-04-26 00:05:44,622 - INFO - Epoch 42/120
2024-04-26 00:49:10,346 - INFO - Train Stats
Loss:
  rotation: 0.0013253822855847724
  rotation_weighted: 0.0006626911427923862
  supervised: 0.606265383434026
  total: 0.844576643806956
  unsupervised: 0.5077907617936612
  unsupervised1: 0.5632980919664241
  unsupervised1_weighted: 0.06415338998266251
  unsupervised_weighted: 0.17349517779945364
Metrics:
  cityscapes_dice: 0.8699171089346074
  cityscapes_jaccard_macro: 0.4279117925643247
  cityscapes_jaccard_micro: 0.8087998498501994

2024-04-26 00:49:33,945 - INFO - Validation Stats
Loss:
  total: 0.3051178665161133
Metrics:
  cityscapes_dice: 0.8930647168159485
  cityscapes_jaccard_macro: 0.44836318111419676
  cityscapes_jaccard_micro: 0.8396278285980224

2024-04-26 00:49:33,945 - INFO - Epoch 43/120
2024-04-26 01:32:59,222 - INFO - Train Stats
Loss:
  rotation: 0.0014099716747225516
  rotation_weighted: 0.0007049858373612758
  supervised: 0.6038383103317321
  total: 0.8457617731539229
  unsupervised: 0.5022588509446392
  unsupervised1: 0.5608104396136011
  unsupervised1_weighted: 0.06542788074624173
  unsupervised_weighted: 0.175790595375182
Metrics:
  cityscapes_dice: 0.870991795484777
  cityscapes_jaccard_macro: 0.43262134390087237
  cityscapes_jaccard_micro: 0.8093789449391919

2024-04-26 01:33:21,683 - INFO - Validation Stats
Loss:
  total: 0.29965049612522127
Metrics:
  cityscapes_dice: 0.8970963454246521
  cityscapes_jaccard_macro: 0.46758654141426087
  cityscapes_jaccard_micro: 0.843263638496399

2024-04-26 01:33:21,683 - INFO - Epoch 44/120
2024-04-26 02:16:46,597 - INFO - Train Stats
Loss:
  rotation: 0.001367731713738762
  rotation_weighted: 0.000683865856869381
  supervised: 0.5992755229390785
  total: 0.8418058452101632
  unsupervised: 0.49040543761026106
  unsupervised1: 0.553544811543336
  unsupervised1_weighted: 0.06611784869994553
  unsupervised_weighted: 0.17572860835610568
Metrics:
  cityscapes_dice: 0.8717555071502587
  cityscapes_jaccard_macro: 0.4340974855776846
  cityscapes_jaccard_micro: 0.8119950036913975

2024-04-26 02:17:11,203 - INFO - Validation Stats
Loss:
  total: 0.2839380503892899
Metrics:
  cityscapes_dice: 0.8992552337646484
  cityscapes_jaccard_macro: 0.4699803171157837
  cityscapes_jaccard_micro: 0.8502501764297485

2024-04-26 02:17:11,872 - INFO - Epoch 45/120
2024-04-26 03:00:36,971 - INFO - Train Stats
Loss:
  rotation: 0.001386940234458459
  rotation_weighted: 0.0006934701172292295
  supervised: 0.6024535931767189
  total: 0.855780762778249
  unsupervised: 0.5004372326160671
  unsupervised1: 0.5656912992670771
  unsupervised1_weighted: 0.06914004350836375
  unsupervised_weighted: 0.1834936560054877
Metrics:
  cityscapes_dice: 0.8754406438746244
  cityscapes_jaccard_macro: 0.4387512893712386
  cityscapes_jaccard_micro: 0.8164980494220153

2024-04-26 03:00:59,331 - INFO - Validation Stats
Loss:
  total: 0.31760399079322815
Metrics:
  cityscapes_dice: 0.8960510931015014
  cityscapes_jaccard_macro: 0.45661019849777224
  cityscapes_jaccard_micro: 0.840131220817566

2024-04-26 03:00:59,332 - INFO - Epoch 46/120
2024-04-26 03:44:23,066 - INFO - Train Stats
Loss:
  rotation: 0.001422555013206187
  rotation_weighted: 0.0007112775066030935
  supervised: 0.6008123134493057
  total: 0.8538492880701442
  unsupervised: 0.49032610139669625
  unsupervised1: 0.5476273214489655
  unsupervised1_weighted: 0.06845340927421854
  unsupervised_weighted: 0.18387228874594985
Metrics:
  cityscapes_dice: 0.872537653405755
  cityscapes_jaccard_macro: 0.4285076951821709
  cityscapes_jaccard_micro: 0.810734797648255

2024-04-26 03:44:45,756 - INFO - Validation Stats
Loss:
  total: 0.32142547333240507
Metrics:
  cityscapes_dice: 0.8947589941024781
  cityscapes_jaccard_macro: 0.4690623753070831
  cityscapes_jaccard_micro: 0.8333947916030884

2024-04-26 03:44:45,756 - INFO - Epoch 47/120
2024-04-26 04:28:08,190 - INFO - Train Stats
Loss:
  rotation: 0.0015058018424569273
  rotation_weighted: 0.0007529009212284637
  supervised: 0.5895046574907657
  total: 0.8449408657884945
  unsupervised: 0.48250048486019376
  unsupervised1: 0.5456723193359683
  unsupervised1_weighted: 0.06972479213612916
  unsupervised_weighted: 0.18495851545105652
Metrics:
  cityscapes_dice: 0.8776760090485528
  cityscapes_jaccard_macro: 0.43820867357664234
  cityscapes_jaccard_micro: 0.8199788511569742

2024-04-26 04:28:31,295 - INFO - Validation Stats
Loss:
  total: 0.2835830491781235
Metrics:
  cityscapes_dice: 0.9055356369018555
  cityscapes_jaccard_macro: 0.48847519993782046
  cityscapes_jaccard_micro: 0.8551284661293029

2024-04-26 04:28:31,929 - INFO - Epoch 48/120
2024-04-26 05:11:53,601 - INFO - Train Stats
Loss:
  rotation: 0.0014066193419243833
  rotation_weighted: 0.0007033096709621917
  supervised: 0.5851006920484041
  total: 0.8415760682453439
  unsupervised: 0.4748918962738626
  unsupervised1: 0.5344294570687321
  unsupervised1_weighted: 0.06977273437897155
  unsupervised_weighted: 0.18599933260669615
Metrics:
  cityscapes_dice: 0.8759066455054167
  cityscapes_jaccard_macro: 0.44101415695517243
  cityscapes_jaccard_micro: 0.8167875638060115

2024-04-26 05:12:15,381 - INFO - Validation Stats
Loss:
  total: 0.32570350110530855
Metrics:
  cityscapes_dice: 0.894433747291565
  cityscapes_jaccard_macro: 0.4461115252971649
  cityscapes_jaccard_micro: 0.8388928084373474

2024-04-26 05:12:15,381 - INFO - Epoch 49/120
2024-04-26 05:55:38,632 - INFO - Train Stats
Loss:
  rotation: 0.001428133562174874
  rotation_weighted: 0.000714066781087437
  supervised: 0.5922868237958586
  total: 0.8588026451467505
  unsupervised: 0.4835301029807339
  unsupervised1: 0.5429228347438795
  unsupervised1_weighted: 0.07238970696173837
  unsupervised_weighted: 0.1934120444060335
Metrics:
  cityscapes_dice: 0.876346582670204
  cityscapes_jaccard_macro: 0.4384304984218421
  cityscapes_jaccard_micro: 0.8162738193843592

2024-04-26 05:56:05,221 - INFO - Validation Stats
Loss:
  total: 0.3180115650892258
Metrics:
  cityscapes_dice: 0.8883908739089966
  cityscapes_jaccard_macro: 0.4351562218666077
  cityscapes_jaccard_micro: 0.8313734960556031

2024-04-26 05:56:05,221 - INFO - Epoch 50/120
2024-04-26 06:39:30,319 - INFO - Train Stats
Loss:
  rotation: 0.0014672994114133576
  rotation_weighted: 0.0007336497057066788
  supervised: 0.5748192795908894
  total: 0.8417910691320607
  unsupervised: 0.47390991008820943
  unsupervised1: 0.5343055926829047
  unsupervised1_weighted: 0.07272492748006625
  unsupervised_weighted: 0.19351321257807327
Metrics:
  cityscapes_dice: 0.878518885299443
  cityscapes_jaccard_macro: 0.4405742246531227
  cityscapes_jaccard_micro: 0.8200647548948428

2024-04-26 06:39:54,633 - INFO - Validation Stats
Loss:
  total: 0.4112074948549271
Metrics:
  cityscapes_dice: 0.8704979090690613
  cityscapes_jaccard_macro: 0.4213359344005585
  cityscapes_jaccard_micro: 0.8019146909713745

2024-04-26 06:39:55,315 - INFO - Epoch 51/120
2024-04-26 07:23:18,908 - INFO - Train Stats
Loss:
  rotation: 0.0014967976012176898
  rotation_weighted: 0.0007483988006088449
  supervised: 0.5833372820908977
  total: 0.8566011976637247
  unsupervised: 0.475258531051903
  unsupervised1: 0.5363361881820181
  unsupervised1_weighted: 0.07449113287525146
  unsupervised_weighted: 0.1980243834135798
Metrics:
  cityscapes_dice: 0.8791821664966558
  cityscapes_jaccard_macro: 0.4408118236141944
  cityscapes_jaccard_micro: 0.8224837211997328

2024-04-26 07:23:41,610 - INFO - Validation Stats
Loss:
  total: 0.31888566398620605
Metrics:
  cityscapes_dice: 0.8967642283439636
  cityscapes_jaccard_macro: 0.46106494903564454
  cityscapes_jaccard_micro: 0.844071771144867

2024-04-26 07:23:41,610 - INFO - Epoch 52/120
2024-04-26 08:07:07,123 - INFO - Train Stats
Loss:
  rotation: 0.0016016451670503866
  rotation_weighted: 0.0008008225835251933
  supervised: 0.5989703259495521
  total: 0.8782963507924596
  unsupervised: 0.47535015936333064
  unsupervised1: 0.540009729191059
  unsupervised1_weighted: 0.07650137780405737
  unsupervised_weighted: 0.20202382351836018
Metrics:
  cityscapes_dice: 0.8712815041495833
  cityscapes_jaccard_macro: 0.43454134933686606
  cityscapes_jaccard_micro: 0.8110847556196238

2024-04-26 08:07:33,044 - INFO - Validation Stats
Loss:
  total: 0.3314672487974167
Metrics:
  cityscapes_dice: 0.8875177092552186
  cityscapes_jaccard_macro: 0.4413716495037079
  cityscapes_jaccard_micro: 0.8285964155197143

2024-04-26 08:07:33,044 - INFO - Epoch 53/120
2024-04-26 08:50:57,564 - INFO - Train Stats
Loss:
  rotation: 0.0014772915249571554
  rotation_weighted: 0.0007386457624785777
  supervised: 0.5810936193052613
  total: 0.8654850938738067
  unsupervised: 0.47616441144648586
  unsupervised1: 0.5352571348333205
  unsupervised1_weighted: 0.07731491490079147
  unsupervised_weighted: 0.20633791341342525
Metrics:
  cityscapes_dice: 0.8788352069807553
  cityscapes_jaccard_macro: 0.4420909818159552
  cityscapes_jaccard_micro: 0.8212563626359853

2024-04-26 08:51:22,759 - INFO - Validation Stats
Loss:
  total: 0.3258280848264694
Metrics:
  cityscapes_dice: 0.8982061619758606
  cityscapes_jaccard_macro: 0.4622577567100525
  cityscapes_jaccard_micro: 0.8426717414855956

2024-04-26 08:51:22,760 - INFO - Epoch 54/120
2024-04-26 09:34:46,498 - INFO - Train Stats
Loss:
  rotation: 0.0015033027133678713
  rotation_weighted: 0.0007516513566839356
  supervised: 0.5684900219418313
  total: 0.8528214122058887
  unsupervised: 0.46464175900658033
  unsupervised1: 0.5322767401743013
  unsupervised1_weighted: 0.07836296388304677
  unsupervised_weighted: 0.20521677537597055
Metrics:
  cityscapes_dice: 0.8807723603071419
  cityscapes_jaccard_macro: 0.44894649079957183
  cityscapes_jaccard_micro: 0.8234055707402684

2024-04-26 09:35:13,411 - INFO - Validation Stats
Loss:
  total: 0.28627994990348815
Metrics:
  cityscapes_dice: 0.9059340395927429
  cityscapes_jaccard_macro: 0.4971531867980957
  cityscapes_jaccard_micro: 0.8576194095611572

2024-04-26 09:35:13,412 - INFO - Epoch 55/120
2024-04-26 10:18:38,470 - INFO - Train Stats
Loss:
  rotation: 0.0015595129482118603
  rotation_weighted: 0.0007797564741059301
  supervised: 0.5836247634052364
  total: 0.8804063722852359
  unsupervised: 0.47745315131155086
  unsupervised1: 0.5409863094207928
  unsupervised1_weighted: 0.08114794142369741
  unsupervised_weighted: 0.2148539126039707
Metrics:
  cityscapes_dice: 0.872017602988418
  cityscapes_jaccard_macro: 0.44036078477437834
  cityscapes_jaccard_micro: 0.8106060589096465

2024-04-26 10:18:59,799 - INFO - Validation Stats
Loss:
  total: 0.36686670672893523
Metrics:
  cityscapes_dice: 0.8818047728538513
  cityscapes_jaccard_macro: 0.43533883929252626
  cityscapes_jaccard_micro: 0.8227476263046265

2024-04-26 10:18:59,799 - INFO - Epoch 56/120
2024-04-26 11:02:23,774 - INFO - Train Stats
Loss:
  rotation: 0.001570725641235926
  rotation_weighted: 0.000785362820617963
  supervised: 0.5586879247670123
  total: 0.8487639069460898
  unsupervised: 0.4584982394570295
  unsupervised1: 0.5180438517176085
  unsupervised1_weighted: 0.07914558765275316
  unsupervised_weighted: 0.21014503098314144
Metrics:
  cityscapes_dice: 0.8831217919200995
  cityscapes_jaccard_macro: 0.44961783685307705
  cityscapes_jaccard_micro: 0.8268609597604957

2024-04-26 11:02:46,307 - INFO - Validation Stats
Loss:
  total: 0.27893847167491914
Metrics:
  cityscapes_dice: 0.9028452234268188
  cityscapes_jaccard_macro: 0.48388144731521604
  cityscapes_jaccard_micro: 0.8546443128585816

2024-04-26 11:02:47,003 - INFO - Epoch 57/120
2024-04-26 11:46:11,823 - INFO - Train Stats
Loss:
  rotation: 0.0015394072369401537
  rotation_weighted: 0.0007697036184700769
  supervised: 0.5641105819270857
  total: 0.8617641556291857
  unsupervised: 0.4624677303341941
  unsupervised1: 0.5211360035930581
  unsupervised1_weighted: 0.08106559576987257
  unsupervised_weighted: 0.21581827534395773
Metrics:
  cityscapes_dice: 0.8842652107382822
  cityscapes_jaccard_macro: 0.4519022041946794
  cityscapes_jaccard_micro: 0.8280043296263175

2024-04-26 11:46:33,956 - INFO - Validation Stats
Loss:
  total: 0.5540537470579148
Metrics:
  cityscapes_dice: 0.8360470943450927
  cityscapes_jaccard_macro: 0.3977618007659912
  cityscapes_jaccard_micro: 0.7470742144584656

2024-04-26 11:46:33,956 - INFO - Epoch 58/120
2024-04-26 12:29:57,693 - INFO - Train Stats
Loss:
  rotation: 0.001527678550868739
  rotation_weighted: 0.0007638392754343695
  supervised: 0.5657991854314465
  total: 0.8684019661825962
  unsupervised: 0.46073492896864987
  unsupervised1: 0.5241464449029555
  unsupervised1_weighted: 0.0829898528198024
  unsupervised_weighted: 0.2188490883888066
Metrics:
  cityscapes_dice: 0.8849189105008839
  cityscapes_jaccard_macro: 0.4513831233699025
  cityscapes_jaccard_micro: 0.8283033244347919

2024-04-26 12:30:22,065 - INFO - Validation Stats
Loss:
  total: 0.2955684708356857
Metrics:
  cityscapes_dice: 0.9033137326240539
  cityscapes_jaccard_macro: 0.4730154159069061
  cityscapes_jaccard_micro: 0.8499810466766358

2024-04-26 12:30:22,066 - INFO - Epoch 59/120
2024-04-26 13:13:45,657 - INFO - Train Stats
Loss:
  rotation: 0.0015518695019375117
  rotation_weighted: 0.0007759347509687559
  supervised: 0.5778389880870001
  total: 0.8859310311194576
  unsupervised: 0.4610355267352357
  unsupervised1: 0.5243727787366206
  unsupervised1_weighted: 0.08448227593202824
  unsupervised_weighted: 0.22283383156135317
Metrics:
  cityscapes_dice: 0.8800621315812833
  cityscapes_jaccard_macro: 0.448603077320704
  cityscapes_jaccard_micro: 0.820906357650129

2024-04-26 13:14:10,963 - INFO - Validation Stats
Loss:
  total: 0.2820734707117081
Metrics:
  cityscapes_dice: 0.904724687576294
  cityscapes_jaccard_macro: 0.4767698006629944
  cityscapes_jaccard_micro: 0.8520144257545471

2024-04-26 13:14:10,963 - INFO - Epoch 60/120
2024-04-26 13:57:39,044 - INFO - Train Stats
Loss:
  rotation: 0.0015772976790312588
  rotation_weighted: 0.0007886488395156294
  supervised: 0.5606191752656018
  total: 0.8733732506560586
  unsupervised: 0.4591615853623543
  unsupervised1: 0.5260330931026254
  unsupervised1_weighted: 0.08621097778711884
  unsupervised_weighted: 0.225754449652547
Metrics:
  cityscapes_dice: 0.8823428848496546
  cityscapes_jaccard_macro: 0.45408805766668
  cityscapes_jaccard_micro: 0.8254796690119488

2024-04-26 13:58:08,603 - INFO - Validation Stats
Loss:
  total: 0.2626348230838776
Metrics:
  cityscapes_dice: 0.90511545419693
  cityscapes_jaccard_macro: 0.4906779885292053
  cityscapes_jaccard_micro: 0.8584231152534485

2024-04-26 13:58:10,205 - INFO - Epoch 61/120
2024-04-26 14:41:37,648 - INFO - Train Stats
Loss:
  rotation: 0.0016016013540781926
  rotation_weighted: 0.0008008006770390963
  supervised: 0.5478460544566827
  total: 0.8556362042423211
  unsupervised: 0.4444106757905641
  unsupervised1: 0.5087040998703636
  unsupervised1_weighted: 0.08478401125271794
  unsupervised_weighted: 0.22220533789528205
Metrics:
  cityscapes_dice: 0.8907496019210877
  cityscapes_jaccard_macro: 0.46594799080072197
  cityscapes_jaccard_micro: 0.8369265311970849

2024-04-26 14:42:05,756 - INFO - Validation Stats
Loss:
  total: 0.27757544291019437
Metrics:
  cityscapes_dice: 0.9036963291168213
  cityscapes_jaccard_macro: 0.491728786945343
  cityscapes_jaccard_micro: 0.8570475673675537

2024-04-26 14:42:05,756 - INFO - Epoch 62/120
2024-04-26 15:25:30,493 - INFO - Train Stats
Loss:
  rotation: 0.0015626729389664647
  rotation_weighted: 0.0007813364694832323
  supervised: 0.5613655644696152
  total: 0.8778940474250397
  unsupervised: 0.4562424258577227
  unsupervised1: 0.5257556489601082
  unsupervised1_weighted: 0.08762593597613022
  unsupervised_weighted: 0.22812121292886134
Metrics:
  cityscapes_dice: 0.8862321303618744
  cityscapes_jaccard_macro: 0.45889791509253913
  cityscapes_jaccard_micro: 0.8309240501151332

2024-04-26 15:25:56,225 - INFO - Validation Stats
Loss:
  total: 0.3053788015842438
Metrics:
  cityscapes_dice: 0.9035906744003296
  cityscapes_jaccard_macro: 0.47487864637374877
  cityscapes_jaccard_micro: 0.852563989162445

2024-04-26 15:25:56,225 - INFO - Epoch 63/120
2024-04-26 16:09:22,223 - INFO - Train Stats
Loss:
  rotation: 0.0016003229750488825
  rotation_weighted: 0.0008001614875244413
  supervised: 0.5574701321710004
  total: 0.869838484438055
  unsupervised: 0.4500498228701906
  unsupervised1: 0.5192597007291672
  unsupervised1_weighted: 0.08654327798478294
  unsupervised_weighted: 0.2250249114350953
Metrics:
  cityscapes_dice: 0.8858995714701821
  cityscapes_jaccard_macro: 0.4580653323603851
  cityscapes_jaccard_micro: 0.8298598914399671

2024-04-26 16:09:46,519 - INFO - Validation Stats
Loss:
  total: 0.2675961589813232
Metrics:
  cityscapes_dice: 0.9095083088874817
  cityscapes_jaccard_macro: 0.49687177848815917
  cityscapes_jaccard_micro: 0.8628284583091735

2024-04-26 16:09:46,520 - INFO - Epoch 64/120
2024-04-26 16:53:13,189 - INFO - Train Stats
Loss:
  rotation: 0.001580859546478904
  rotation_weighted: 0.000790429773239452
  supervised: 0.5458162030286376
  total: 0.8476302949455905
  unsupervised: 0.43351942844845365
  unsupervised1: 0.5055837216568879
  unsupervised1_weighted: 0.08426394837311137
  unsupervised_weighted: 0.21675971422422682
Metrics:
  cityscapes_dice: 0.8877087782629087
  cityscapes_jaccard_macro: 0.4560276456959606
  cityscapes_jaccard_micro: 0.8322849592889068

2024-04-26 16:53:43,488 - INFO - Validation Stats
Loss:
  total: 0.28698850905895235
Metrics:
  cityscapes_dice: 0.8995409660339355
  cityscapes_jaccard_macro: 0.47208505845069887
  cityscapes_jaccard_micro: 0.847554512500763

2024-04-26 16:53:43,488 - INFO - Epoch 65/120
2024-04-26 17:37:07,686 - INFO - Train Stats
Loss:
  rotation: 0.0016264072315645538
  rotation_weighted: 0.0008132036157822769
  supervised: 0.5533925988297663
  total: 0.8629414215322843
  unsupervised: 0.447205513715744
  unsupervised1: 0.5107972038449398
  unsupervised1_weighted: 0.08513286194473697
  unsupervised_weighted: 0.223602756857872
Metrics:
  cityscapes_dice: 0.886118203184909
  cityscapes_jaccard_macro: 0.4571724700258506
  cityscapes_jaccard_micro: 0.8292324448874001

2024-04-26 17:37:54,630 - INFO - Validation Stats
Loss:
  total: 0.2563159798383713
Metrics:
  cityscapes_dice: 0.9075263352394104
  cityscapes_jaccard_macro: 0.4945899353027344
  cityscapes_jaccard_micro: 0.8607734332084656

2024-04-26 17:37:55,306 - INFO - Epoch 66/120
2024-04-26 18:21:36,641 - INFO - Train Stats
Loss:
  rotation: 0.0015779504822740129
  rotation_weighted: 0.0007889752411370064
  supervised: 0.541820796618843
  total: 0.8459906813978957
  unsupervised: 0.437655307581236
  unsupervised1: 0.5073195742097155
  unsupervised1_weighted: 0.08455325712890685
  unsupervised_weighted: 0.218827653790618
Metrics:
  cityscapes_dice: 0.8894643245779448
  cityscapes_jaccard_macro: 0.4614530911967038
  cityscapes_jaccard_micro: 0.8341531197936162

2024-04-26 18:22:00,676 - INFO - Validation Stats
Loss:
  total: 0.26684752535820006
Metrics:
  cityscapes_dice: 0.9037277207374573
  cityscapes_jaccard_macro: 0.4911157443523407
  cityscapes_jaccard_micro: 0.8574336547851562

2024-04-26 18:22:00,676 - INFO - Epoch 67/120
2024-04-26 19:07:33,898 - INFO - Train Stats
Loss:
  rotation: 0.0016304950886375912
  rotation_weighted: 0.0008152475443187956
  supervised: 0.5460175009615876
  total: 0.8483259805594007
  unsupervised: 0.43568397499320005
  unsupervised1: 0.501907494845943
  unsupervised1_weighted: 0.08365124380381504
  unsupervised_weighted: 0.21784198749660003
Metrics:
  cityscapes_dice: 0.8877392266794245
  cityscapes_jaccard_macro: 0.46330881764531523
  cityscapes_jaccard_micro: 0.8338993264299025

2024-04-26 19:07:57,416 - INFO - Validation Stats
Loss:
  total: 0.5012423090934753
Metrics:
  cityscapes_dice: 0.8430842723846436
  cityscapes_jaccard_macro: 0.40668509697914124
  cityscapes_jaccard_micro: 0.7571274013519287

2024-04-26 19:07:57,417 - INFO - Epoch 68/120
2024-04-26 19:51:23,118 - INFO - Train Stats
Loss:
  rotation: 0.0015969200689617924
  rotation_weighted: 0.0007984600344808962
  supervised: 0.5319202946851057
  total: 0.8348131442084451
  unsupervised: 0.4354625154581517
  unsupervised1: 0.5061788292773225
  unsupervised1_weighted: 0.08436313291081801
  unsupervised_weighted: 0.21773125772907584
Metrics:
  cityscapes_dice: 0.8934285218476864
  cityscapes_jaccard_macro: 0.46553092288614667
  cityscapes_jaccard_micro: 0.8390758910693337

2024-04-26 19:54:15,938 - INFO - Validation Stats
Loss:
  total: 0.2753722581863403
Metrics:
  cityscapes_dice: 0.9046957068443299
  cityscapes_jaccard_macro: 0.48917340326309205
  cityscapes_jaccard_micro: 0.8562058749198913

2024-04-26 19:54:15,938 - INFO - Epoch 69/120
2024-04-26 20:40:42,558 - INFO - Train Stats
Loss:
  rotation: 0.0016167760409696121
  rotation_weighted: 0.0008083880204848061
  supervised: 0.5382763331692805
  total: 0.8460976901149712
  unsupervised: 0.44318952635893527
  unsupervised1: 0.5125092698534972
  unsupervised1_weighted: 0.08541820625442055
  unsupervised_weighted: 0.22159476317946764
Metrics:
  cityscapes_dice: 0.8949258197971616
  cityscapes_jaccard_macro: 0.46993889630755625
  cityscapes_jaccard_micro: 0.8418351354164723

2024-04-26 20:41:07,774 - INFO - Validation Stats
Loss:
  total: 0.2772154667973518
Metrics:
  cityscapes_dice: 0.9094485011100769
  cityscapes_jaccard_macro: 0.49904675340652466
  cityscapes_jaccard_micro: 0.8623041052818299

2024-04-26 20:41:07,775 - INFO - Epoch 70/120
2024-04-26 21:28:00,713 - INFO - Train Stats
Loss:
  rotation: 0.0016093858645970125
  rotation_weighted: 0.0008046929322985063
  supervised: 0.5497793265902746
  total: 0.8603073129361204
  unsupervised: 0.44662417195773474
  unsupervised1: 0.5184672811401102
  unsupervised1_weighted: 0.08641120806029473
  unsupervised_weighted: 0.22331208597886737
Metrics:
  cityscapes_dice: 0.8914957278572108
  cityscapes_jaccard_macro: 0.47025581085166757
  cityscapes_jaccard_micro: 0.8371028808187784

2024-04-26 21:28:52,693 - INFO - Validation Stats
Loss:
  total: 0.2700780956745148
Metrics:
  cityscapes_dice: 0.9094785923957824
  cityscapes_jaccard_macro: 0.5032524135112763
  cityscapes_jaccard_micro: 0.8624414639472961

2024-04-26 21:28:53,382 - INFO - Epoch 71/120
2024-04-26 22:14:39,115 - INFO - Train Stats
Loss:
  rotation: 0.0016197150354785167
  rotation_weighted: 0.0008098575177392583
  supervised: 0.5365101549298967
  total: 0.8366876846489305
  unsupervised: 0.43037997620099006
  unsupervised1: 0.5050661495445907
  unsupervised1_weighted: 0.08417768632430396
  unsupervised_weighted: 0.21518998810049503
Metrics:
  cityscapes_dice: 0.8928498617089045
  cityscapes_jaccard_macro: 0.47082126506503447
  cityscapes_jaccard_micro: 0.8388593692290378

2024-04-26 22:15:04,821 - INFO - Validation Stats
Loss:
  total: 0.28912737250328063
Metrics:
  cityscapes_dice: 0.8992195434570313
  cityscapes_jaccard_macro: 0.4852611255645752
  cityscapes_jaccard_micro: 0.8520788478851319

2024-04-26 22:15:04,822 - INFO - Epoch 72/120
2024-04-26 22:59:17,327 - INFO - Train Stats
Loss:
  rotation: 0.0016099655048535033
  rotation_weighted: 0.0008049827524267516
  supervised: 0.5388645564743072
  total: 0.8421598645905108
  unsupervised: 0.4351567127568849
  unsupervised1: 0.5094718601019009
  unsupervised1_weighted: 0.08491197133644428
  unsupervised_weighted: 0.21757835637844244
Metrics:
  cityscapes_dice: 0.8947712426616995
  cityscapes_jaccard_macro: 0.4748949244413796
  cityscapes_jaccard_micro: 0.8417937059876222

2024-04-26 23:00:06,224 - INFO - Validation Stats
Loss:
  total: 0.39827806758880613
Metrics:
  cityscapes_dice: 0.8967376165390014
  cityscapes_jaccard_macro: 0.47341995072364806
  cityscapes_jaccard_micro: 0.8344312748908996

2024-04-26 23:00:06,224 - INFO - Epoch 73/120
2024-04-26 23:44:13,550 - INFO - Train Stats
Loss:
  rotation: 0.0016594391677457905
  rotation_weighted: 0.0008297195838728953
  supervised: 0.5188393908671686
  total: 0.8228628325346791
  unsupervised: 0.43685262277120535
  unsupervised1: 0.508604496741526
  unsupervised1_weighted: 0.08476741077688331
  unsupervised_weighted: 0.21842631138560267
Metrics:
  cityscapes_dice: 0.8953527498129689
  cityscapes_jaccard_macro: 0.47392502974760936
  cityscapes_jaccard_micro: 0.8413908041544222

2024-04-26 23:44:39,659 - INFO - Validation Stats
Loss:
  total: 0.31962014961242674
Metrics:
  cityscapes_dice: 0.9070545477867127
  cityscapes_jaccard_macro: 0.4746108410358429
  cityscapes_jaccard_micro: 0.8555769081115723

2024-04-26 23:44:39,660 - INFO - Epoch 74/120
2024-04-27 00:28:01,723 - INFO - Train Stats
Loss:
  rotation: 0.0016546000393449069
  rotation_weighted: 0.0008273000196724534
  supervised: 0.5078964885895972
  total: 0.7978077088038833
  unsupervised: 0.4155713256707292
  unsupervised1: 0.4877895813657991
  unsupervised1_weighted: 0.08129825846401911
  unsupervised_weighted: 0.2077856628353646
Metrics:
  cityscapes_dice: 0.9031132243465337
  cityscapes_jaccard_macro: 0.4863897292169115
  cityscapes_jaccard_micro: 0.8517416932278573

2024-04-27 00:28:30,848 - INFO - Validation Stats
Loss:
  total: 0.3017315655946732
Metrics:
  cityscapes_dice: 0.9058669600486755
  cityscapes_jaccard_macro: 0.4917595512866974
  cityscapes_jaccard_micro: 0.8577221369743347

2024-04-27 00:28:30,848 - INFO - Epoch 75/120
2024-04-27 01:14:00,928 - INFO - Train Stats
Loss:
  rotation: 0.0016123031151122887
  rotation_weighted: 0.0008061515575561443
  supervised: 0.5229844528585913
  total: 0.8177507483371818
  unsupervised: 0.42306368854588955
  unsupervised1: 0.49456983221535344
  unsupervised1_weighted: 0.08242830013335714
  unsupervised_weighted: 0.21153184427294477
Metrics:
  cityscapes_dice: 0.8970578558056921
  cityscapes_jaccard_macro: 0.481485905748625
  cityscapes_jaccard_micro: 0.8447085904056787

2024-04-27 01:14:31,599 - INFO - Validation Stats
Loss:
  total: 0.5368167564868928
Metrics:
  cityscapes_dice: 0.874192542552948
  cityscapes_jaccard_macro: 0.40395587229728697
  cityscapes_jaccard_micro: 0.7934575624465943

2024-04-27 01:14:31,599 - INFO - Epoch 76/120
2024-04-27 01:59:07,865 - INFO - Train Stats
Loss:
  rotation: 0.0016361462785102583
  rotation_weighted: 0.0008180731392551291
  supervised: 0.5238112679747368
  total: 0.820909373835331
  unsupervised: 0.42744991656314574
  unsupervised1: 0.4953304970748301
  unsupervised1_weighted: 0.08255507764504298
  unsupervised_weighted: 0.21372495828157287
Metrics:
  cityscapes_dice: 0.9008121573770952
  cityscapes_jaccard_macro: 0.48379873399215
  cityscapes_jaccard_micro: 0.8494258216057148

2024-04-27 01:59:34,560 - INFO - Validation Stats
Loss:
  total: 0.2612899881601334
Metrics:
  cityscapes_dice: 0.9175508861541748
  cityscapes_jaccard_macro: 0.5222167780399323
  cityscapes_jaccard_micro: 0.8698691592216492

2024-04-27 01:59:34,560 - INFO - Epoch 77/120
2024-04-27 02:46:28,169 - INFO - Train Stats
Loss:
  rotation: 0.0016123329349251852
  rotation_weighted: 0.0008061664674625926
  supervised: 0.522809746679707
  total: 0.824300369220712
  unsupervised: 0.43094301483141007
  unsupervised1: 0.5112777306534265
  unsupervised1_weighted: 0.0852129496874736
  unsupervised_weighted: 0.21547150741570503
Metrics:
  cityscapes_dice: 0.8996822232672393
  cityscapes_jaccard_macro: 0.481214759579479
  cityscapes_jaccard_micro: 0.8481647663648949

2024-04-27 02:46:57,532 - INFO - Validation Stats
Loss:
  total: 0.24277503752708435
Metrics:
  cityscapes_dice: 0.915340106010437
  cityscapes_jaccard_macro: 0.511949625492096
  cityscapes_jaccard_micro: 0.873116042137146

2024-04-27 02:46:58,147 - INFO - Epoch 78/120
2024-04-27 03:31:06,567 - INFO - Train Stats
Loss:
  rotation: 0.001628543596123443
  rotation_weighted: 0.0008142717980617215
  supervised: 0.5197912361322389
  total: 0.8171514899549653
  unsupervised: 0.42605087061763197
  unsupervised1: 0.5011233116570794
  unsupervised1_weighted: 0.08352054659012398
  unsupervised_weighted: 0.21302543530881599
Metrics:
  cityscapes_dice: 0.9007557886434487
  cityscapes_jaccard_macro: 0.48115312680602074
  cityscapes_jaccard_micro: 0.8491713085688759

2024-04-27 03:31:33,820 - INFO - Validation Stats
Loss:
  total: 0.24547496193647383
Metrics:
  cityscapes_dice: 0.9156162223815918
  cityscapes_jaccard_macro: 0.5253064513206482
  cityscapes_jaccard_micro: 0.8718879537582398

2024-04-27 03:31:33,821 - INFO - Epoch 79/120
2024-04-27 04:14:58,918 - INFO - Train Stats
Loss:
  rotation: 0.001650053110956899
  rotation_weighted: 0.0008250265554784495
  supervised: 0.5124179525466362
  total: 0.8075747463930404
  unsupervised: 0.42319888944748146
  unsupervised1: 0.4963939727339683
  unsupervised1_weighted: 0.08273232352403813
  unsupervised_weighted: 0.21159944472374073
Metrics:
  cityscapes_dice: 0.8988904730087336
  cityscapes_jaccard_macro: 0.4841001857318863
  cityscapes_jaccard_micro: 0.8463804447039456

2024-04-27 04:15:30,197 - INFO - Validation Stats
Loss:
  total: 0.37246556067466735
Metrics:
  cityscapes_dice: 0.9051213760375977
  cityscapes_jaccard_macro: 0.4879858841896057
  cityscapes_jaccard_micro: 0.8453374962806701

2024-04-27 04:15:30,197 - INFO - Epoch 80/120
2024-04-27 05:02:21,769 - INFO - Train Stats
Loss:
  rotation: 0.0016172117100778805
  rotation_weighted: 0.0008086058550389403
  supervised: 0.4981163474332439
  total: 0.7840445338957529
  unsupervised: 0.4102980367393987
  unsupervised1: 0.4798234092893142
  unsupervised1_weighted: 0.0799705631292225
  unsupervised_weighted: 0.20514901836969934
Metrics:
  cityscapes_dice: 0.9065707123000325
  cityscapes_jaccard_macro: 0.49113552493791013
  cityscapes_jaccard_micro: 0.856297276420624

2024-04-27 05:08:27,049 - INFO - Validation Stats
Loss:
  total: 0.2759442435503006
Metrics:
  cityscapes_dice: 0.9135771446228027
  cityscapes_jaccard_macro: 0.5214731197357177
  cityscapes_jaccard_micro: 0.8636846508979797

2024-04-27 05:08:27,689 - INFO - Epoch 81/120
2024-04-27 05:57:08,498 - INFO - Train Stats
Loss:
  rotation: 0.0015993692539970847
  rotation_weighted: 0.0007996846269985423
  supervised: 0.4991674963144137
  total: 0.7864880897164922
  unsupervised: 0.4100428705791279
  unsupervised1: 0.48899687442067946
  unsupervised1_weighted: 0.08149947387336337
  unsupervised_weighted: 0.20502143528956396
Metrics:
  cityscapes_dice: 0.9058471407759363
  cityscapes_jaccard_macro: 0.4911444820072472
  cityscapes_jaccard_micro: 0.8564874112955106

2024-04-27 05:57:34,513 - INFO - Validation Stats
Loss:
  total: 0.25712119245529175
Metrics:
  cityscapes_dice: 0.9106772289276123
  cityscapes_jaccard_macro: 0.5054140350818634
  cityscapes_jaccard_micro: 0.8653019695281983

2024-04-27 05:57:34,514 - INFO - Epoch 82/120
2024-04-27 06:45:30,190 - INFO - Train Stats
Loss:
  rotation: 0.0016016384198515403
  rotation_weighted: 0.0008008192099257702
  supervised: 0.5073497778704459
  total: 0.8017210369276693
  unsupervised: 0.42174421341093754
  unsupervised1: 0.49619003054904054
  unsupervised1_weighted: 0.08269833320050661
  unsupervised_weighted: 0.21087210670546877
Metrics:
  cityscapes_dice: 0.9022245225353657
  cityscapes_jaccard_macro: 0.48590934607583985
  cityscapes_jaccard_micro: 0.8516782616326805

2024-04-27 06:46:01,586 - INFO - Validation Stats
Loss:
  total: 0.25153403913974764
Metrics:
  cityscapes_dice: 0.9164656620025635
  cityscapes_jaccard_macro: 0.5255152344703674
  cityscapes_jaccard_micro: 0.8748296337127686

2024-04-27 06:46:01,586 - INFO - Epoch 83/120
2024-04-27 07:31:41,216 - INFO - Train Stats
Loss:
  rotation: 0.0015720421214578959
  rotation_weighted: 0.0007860210607289479
  supervised: 0.5059193685042983
  total: 0.8019598993760126
  unsupervised: 0.4241497516150621
  unsupervised1: 0.49907782210431306
  unsupervised1_weighted: 0.08317963181361436
  unsupervised_weighted: 0.21207487580753104
Metrics:
  cityscapes_dice: 0.9020603551906993
  cityscapes_jaccard_macro: 0.4953054650197699
  cityscapes_jaccard_micro: 0.8527746639050459

2024-04-27 07:33:51,264 - INFO - Validation Stats
Loss:
  total: 0.26932442688941954
Metrics:
  cityscapes_dice: 0.9150774569511414
  cityscapes_jaccard_macro: 0.5180296342372894
  cityscapes_jaccard_micro: 0.8682180070877075

2024-04-27 07:33:51,264 - INFO - Epoch 84/120
2024-04-27 08:17:23,700 - INFO - Train Stats
Loss:
  rotation: 0.001591162468996561
  rotation_weighted: 0.0007955812344982805
  supervised: 0.4971286999136932
  total: 0.7876959725227417
  unsupervised: 0.4157934702258792
  unsupervised1: 0.49124975530174897
  unsupervised1_weighted: 0.0818749541598816
  unsupervised_weighted: 0.2078967351129396
Metrics:
  cityscapes_dice: 0.9078950467903125
  cityscapes_jaccard_macro: 0.49536460083164574
  cityscapes_jaccard_micro: 0.8577058658076026

2024-04-27 08:18:15,453 - INFO - Validation Stats
Loss:
  total: 0.28274894165992737
Metrics:
  cityscapes_dice: 0.9121036901473999
  cityscapes_jaccard_macro: 0.4950242881774902
  cityscapes_jaccard_micro: 0.8651519832611084

2024-04-27 08:18:15,453 - INFO - Epoch 85/120
2024-04-27 09:04:13,572 - INFO - Train Stats
Loss:
  rotation: 0.0015876351077837782
  rotation_weighted: 0.0007938175538918891
  supervised: 0.5037071170143915
  total: 0.7920321963354343
  unsupervised: 0.4134182949070495
  unsupervised1: 0.48493272720298974
  unsupervised1_weighted: 0.08082211605590649
  unsupervised_weighted: 0.20670914745352476
Metrics:
  cityscapes_dice: 0.9048647346134525
  cityscapes_jaccard_macro: 0.49233986328992396
  cityscapes_jaccard_micro: 0.8547982566287329

2024-04-27 09:04:50,382 - INFO - Validation Stats
Loss:
  total: 0.2506208429336548
Metrics:
  cityscapes_dice: 0.9166799440383911
  cityscapes_jaccard_macro: 0.5185766177177429
  cityscapes_jaccard_micro: 0.8721181740760803

2024-04-27 09:04:50,382 - INFO - Epoch 86/120
2024-04-27 09:51:16,681 - INFO - Train Stats
Loss:
  rotation: 0.001606770588279896
  rotation_weighted: 0.000803385294139948
  supervised: 0.4949065104626444
  total: 0.7857909093645548
  unsupervised: 0.41531055219026103
  unsupervised1: 0.49455446780618634
  unsupervised1_weighted: 0.0824257394070218
  unsupervised_weighted: 0.20765527609513051
Metrics:
  cityscapes_dice: 0.9073241871566495
  cityscapes_jaccard_macro: 0.5017598012405085
  cityscapes_jaccard_micro: 0.8582347507719462

2024-04-27 09:52:54,119 - INFO - Validation Stats
Loss:
  total: 0.2677619827985764
Metrics:
  cityscapes_dice: 0.9109797592163086
  cityscapes_jaccard_macro: 0.5102335045337677
  cityscapes_jaccard_micro: 0.866231819152832

2024-04-27 09:52:54,120 - INFO - Epoch 87/120
2024-04-27 10:49:51,588 - INFO - Train Stats
Loss:
  rotation: 0.0016211347302018705
  rotation_weighted: 0.0008105673651009353
  supervised: 0.48657270152007437
  total: 0.7695697030362482
  unsupervised: 0.4036834931997086
  unsupervised1: 0.48206816676263853
  unsupervised1_weighted: 0.08034468940587079
  unsupervised_weighted: 0.2018417465998543
Metrics:
  cityscapes_dice: 0.9112490387648489
  cityscapes_jaccard_macro: 0.5116399281051894
  cityscapes_jaccard_micro: 0.8623829425970071

2024-04-27 10:50:35,171 - INFO - Validation Stats
Loss:
  total: 0.2350337091088295
Metrics:
  cityscapes_dice: 0.9228025622367859
  cityscapes_jaccard_macro: 0.5372549579143524
  cityscapes_jaccard_micro: 0.8812962307929992

2024-04-27 10:50:35,804 - INFO - Epoch 88/120
2024-04-27 11:33:57,297 - INFO - Train Stats
Loss:
  rotation: 0.0016129366582017302
  rotation_weighted: 0.0008064683291008651
  supervised: 0.4751990540539891
  total: 0.7555530707386469
  unsupervised: 0.39882488891795304
  unsupervised1: 0.480810663805784
  unsupervised1_weighted: 0.08013510550951558
  unsupervised_weighted: 0.19941244445897652
Metrics:
  cityscapes_dice: 0.9126976500468416
  cityscapes_jaccard_macro: 0.5137377702217303
  cityscapes_jaccard_micro: 0.8659291128855144

2024-04-27 11:34:35,314 - INFO - Validation Stats
Loss:
  total: 0.2860684522986412
Metrics:
  cityscapes_dice: 0.917603036403656
  cityscapes_jaccard_macro: 0.5174910626411438
  cityscapes_jaccard_micro: 0.8698241362571716

2024-04-27 11:34:35,314 - INFO - Epoch 89/120
2024-04-27 12:19:56,690 - INFO - Train Stats
Loss:
  rotation: 0.0015703276788435203
  rotation_weighted: 0.0007851638394217601
  supervised: 0.4765908860741409
  total: 0.7596244071527521
  unsupervised: 0.4039864250321862
  unsupervised1: 0.48153090516108304
  unsupervised1_weighted: 0.08025514580435775
  unsupervised_weighted: 0.2019932125160931
Metrics:
  cityscapes_dice: 0.9128864877202785
  cityscapes_jaccard_macro: 0.5143328004476038
  cityscapes_jaccard_micro: 0.864555263485585

2024-04-27 12:20:38,628 - INFO - Validation Stats
Loss:
  total: 0.22948029083013535
Metrics:
  cityscapes_dice: 0.9222902722358703
  cityscapes_jaccard_macro: 0.5372555727958679
  cityscapes_jaccard_micro: 0.8820131945610047

2024-04-27 12:20:39,266 - INFO - Epoch 90/120
2024-04-27 13:04:42,753 - INFO - Train Stats
Loss:
  rotation: 0.001563063185411522
  rotation_weighted: 0.000781531592705761
  supervised: 0.4767393975703705
  total: 0.7562140283055953
  unsupervised: 0.3976894912395705
  unsupervised1: 0.47909015636764746
  unsupervised1_weighted: 0.07984835427158146
  unsupervised_weighted: 0.19884474561978524
Metrics:
  cityscapes_dice: 0.9136270958214083
  cityscapes_jaccard_macro: 0.5126467787680218
  cityscapes_jaccard_micro: 0.8660478627065464

2024-04-27 13:05:09,738 - INFO - Validation Stats
Loss:
  total: 0.2241196168065071
Metrics:
  cityscapes_dice: 0.9255546360015869
  cityscapes_jaccard_macro: 0.5399316356182099
  cityscapes_jaccard_micro: 0.8864961128234863

2024-04-27 13:05:11,027 - INFO - Epoch 91/120
2024-04-27 13:50:36,563 - INFO - Train Stats
Loss:
  rotation: 0.001536582492033143
  rotation_weighted: 0.0007682912460165715
  supervised: 0.4815152020875202
  total: 0.7606716733877223
  unsupervised: 0.3973779914139353
  unsupervised1: 0.4781951393348335
  unsupervised1_weighted: 0.0796991847590912
  unsupervised_weighted: 0.19868899570696766
Metrics:
  cityscapes_dice: 0.9108342207691396
  cityscapes_jaccard_macro: 0.5106722852019578
  cityscapes_jaccard_micro: 0.8624573662058602

2024-04-27 13:51:07,221 - INFO - Validation Stats
Loss:
  total: 0.24450751715898514
Metrics:
  cityscapes_dice: 0.923595148563385
  cityscapes_jaccard_macro: 0.5428125445842743
  cityscapes_jaccard_micro: 0.8812562670707703

2024-04-27 13:51:07,221 - INFO - Epoch 92/120
2024-04-27 14:36:32,708 - INFO - Train Stats
Loss:
  rotation: 0.0015227913000599837
  rotation_weighted: 0.0007613956500299919
  supervised: 0.47089663050430847
  total: 0.7488308086726507
  unsupervised: 0.3940440754079665
  unsupervised1: 0.48090450414524133
  unsupervised1_weighted: 0.08015074569473167
  unsupervised_weighted: 0.19702203770398324
Metrics:
  cityscapes_dice: 0.9140731115766797
  cityscapes_jaccard_macro: 0.5128313178717128
  cityscapes_jaccard_micro: 0.8675091963784953

2024-04-27 14:37:06,035 - INFO - Validation Stats
Loss:
  total: 0.25139720261096954
Metrics:
  cityscapes_dice: 0.9206973414421081
  cityscapes_jaccard_macro: 0.5414552941322327
  cityscapes_jaccard_micro: 0.878838936328888

2024-04-27 14:37:06,036 - INFO - Epoch 93/120
2024-04-27 15:24:32,509 - INFO - Train Stats
Loss:
  rotation: 0.0015006664894394854
  rotation_weighted: 0.0007503332447197427
  supervised: 0.47915919653782457
  total: 0.7642334892094039
  unsupervised: 0.4052691402723215
  unsupervised1: 0.4901363687267789
  unsupervised1_weighted: 0.08168938959255116
  unsupervised_weighted: 0.20263457013616076
Metrics:
  cityscapes_dice: 0.910886053820419
  cityscapes_jaccard_macro: 0.5085659918701803
  cityscapes_jaccard_micro: 0.8632021842822312

2024-04-27 15:25:05,625 - INFO - Validation Stats
Loss:
  total: 0.2701061438322067
Metrics:
  cityscapes_dice: 0.915853660583496
  cityscapes_jaccard_macro: 0.5216958317756653
  cityscapes_jaccard_micro: 0.8711208519935608

2024-04-27 15:25:05,626 - INFO - Epoch 94/120
2024-04-27 16:08:28,627 - INFO - Train Stats
Loss:
  rotation: 0.0014980397439563289
  rotation_weighted: 0.0007490198719781644
  supervised: 0.46738907618084036
  total: 0.7441108295985878
  unsupervised: 0.3922684082042227
  unsupervised1: 0.4790312119237537
  unsupervised1_weighted: 0.07983853023496242
  unsupervised_weighted: 0.19613420410211135
Metrics:
  cityscapes_dice: 0.9127764860002597
  cityscapes_jaccard_macro: 0.5158813313877447
  cityscapes_jaccard_micro: 0.8647452207562034

2024-04-27 16:08:51,999 - INFO - Validation Stats
Loss:
  total: 0.23688105672597884
Metrics:
  cityscapes_dice: 0.9225744380950928
  cityscapes_jaccard_macro: 0.5333852155208587
  cityscapes_jaccard_micro: 0.8808808279037476

2024-04-27 16:08:52,000 - INFO - Epoch 95/120
2024-04-27 16:52:22,658 - INFO - Train Stats
Loss:
  rotation: 0.0014791902543424729
  rotation_weighted: 0.0007395951271712364
  supervised: 0.4584532628506903
  total: 0.7348300346168832
  unsupervised: 0.3923803209981645
  unsupervised1: 0.4766821272081435
  unsupervised1_weighted: 0.07944701626966068
  unsupervised_weighted: 0.19619016049908225
Metrics:
  cityscapes_dice: 0.9185108608883686
  cityscapes_jaccard_macro: 0.5262497468627327
  cityscapes_jaccard_micro: 0.872428343061099

2024-04-27 16:53:58,271 - INFO - Validation Stats
Loss:
  total: 0.23564739656448364
Metrics:
  cityscapes_dice: 0.9237488880157471
  cityscapes_jaccard_macro: 0.5424428718090057
  cityscapes_jaccard_micro: 0.8840370030403137

2024-04-27 16:53:58,271 - INFO - Epoch 96/120
2024-04-27 17:56:04,651 - INFO - Train Stats
Loss:
  rotation: 0.0014616753602278553
  rotation_weighted: 0.0007308376801139277
  supervised: 0.4625501035711155
  total: 0.7386223455719493
  unsupervised: 0.3926665040518433
  unsupervised1: 0.47404894691339794
  unsupervised1_weighted: 0.07900815277912553
  unsupervised_weighted: 0.19633325202592164
Metrics:
  cityscapes_dice: 0.9161518186764108
  cityscapes_jaccard_macro: 0.5211524152421123
  cityscapes_jaccard_micro: 0.8694563531023428

2024-04-27 18:08:14,623 - INFO - Validation Stats
Loss:
  total: 0.24259045743942262
Metrics:
  cityscapes_dice: 0.9245845847129822
  cityscapes_jaccard_macro: 0.5377444703578949
  cityscapes_jaccard_micro: 0.8824983396530152

2024-04-27 18:08:14,624 - INFO - Epoch 97/120
2024-04-27 18:59:40,330 - INFO - Train Stats
Loss:
  rotation: 0.0014640976143933183
  rotation_weighted: 0.0007320488071966591
  supervised: 0.44884429322570707
  total: 0.7231033447172992
  unsupervised: 0.3889800564525875
  unsupervised1: 0.4742218913248648
  unsupervised1_weighted: 0.0790369768404313
  unsupervised_weighted: 0.19449002822629374
Metrics:
  cityscapes_dice: 0.9197455461171602
  cityscapes_jaccard_macro: 0.5302382078148148
  cityscapes_jaccard_micro: 0.8741543455491736

2024-04-27 19:00:10,253 - INFO - Validation Stats
Loss:
  total: 0.22176575994491576
Metrics:
  cityscapes_dice: 0.9271778321266174
  cityscapes_jaccard_macro: 0.5457112517356872
  cityscapes_jaccard_micro: 0.887861680984497

2024-04-27 19:00:11,019 - INFO - Epoch 98/120
2024-04-27 19:43:44,090 - INFO - Train Stats
Loss:
  rotation: 0.0014649493055025444
  rotation_weighted: 0.0007324746527512722
  supervised: 0.45905408233416195
  total: 0.7373203347062448
  unsupervised: 0.3938646939897576
  unsupervised1: 0.48360863042715485
  unsupervised1_weighted: 0.08060143332362704
  unsupervised_weighted: 0.1969323469948788
Metrics:
  cityscapes_dice: 0.9190475433246384
  cityscapes_jaccard_macro: 0.5268039890536391
  cityscapes_jaccard_micro: 0.8729440011866451

2024-04-27 19:44:41,509 - INFO - Validation Stats
Loss:
  total: 0.256095778465271
Metrics:
  cityscapes_dice: 0.9239278769493103
  cityscapes_jaccard_macro: 0.5347612524032592
  cityscapes_jaccard_micro: 0.8833576235771179

2024-04-27 19:44:41,510 - INFO - Epoch 99/120
2024-04-27 20:28:41,284 - INFO - Train Stats
Loss:
  rotation: 0.001449258876637208
  rotation_weighted: 0.000724629438318604
  supervised: 0.4577974970685694
  total: 0.7325898301644741
  unsupervised: 0.3909596860685622
  unsupervised1: 0.4715271952512384
  unsupervised1_weighted: 0.07858786094852502
  unsupervised_weighted: 0.1954798430342811
Metrics:
  cityscapes_dice: 0.9191748262029472
  cityscapes_jaccard_macro: 0.5274099472651381
  cityscapes_jaccard_micro: 0.8735559122194574

2024-04-27 20:29:32,961 - INFO - Validation Stats
Loss:
  total: 0.268134659409523
Metrics:
  cityscapes_dice: 0.9227051506042481
  cityscapes_jaccard_macro: 0.5406699199676513
  cityscapes_jaccard_micro: 0.8755883173942566

2024-04-27 20:29:32,961 - INFO - Epoch 100/120
2024-04-27 21:14:58,296 - INFO - Train Stats
Loss:
  rotation: 0.001437030295839139
  rotation_weighted: 0.0007185151479195695
  supervised: 0.45991378874850486
  total: 0.7329803474235419
  unsupervised: 0.3888313609185916
  unsupervised1: 0.46759419986355283
  unsupervised1_weighted: 0.07793236186469098
  unsupervised_weighted: 0.1944156804592958
Metrics:
  cityscapes_dice: 0.9193782577221922
  cityscapes_jaccard_macro: 0.5297881339786511
  cityscapes_jaccard_micro: 0.8739613959978008

2024-04-27 21:15:32,852 - INFO - Validation Stats
Loss:
  total: 0.23422444838285447
Metrics:
  cityscapes_dice: 0.9267338552474975
  cityscapes_jaccard_macro: 0.554533285856247
  cityscapes_jaccard_micro: 0.8873864088058472

2024-04-27 21:15:33,437 - INFO - Epoch 101/120
2024-04-27 21:59:24,776 - INFO - Train Stats
Loss:
  rotation: 0.001437895390790359
  rotation_weighted: 0.0007189476953951795
  supervised: 0.4433891920099014
  total: 0.7136192156997944
  unsupervised: 0.3836863542423976
  unsupervised1: 0.46600743431916913
  unsupervised1_weighted: 0.07766790082452515
  unsupervised_weighted: 0.1918431771211988
Metrics:
  cityscapes_dice: 0.9215288744315577
  cityscapes_jaccard_macro: 0.5385610280687859
  cityscapes_jaccard_micro: 0.8766613118651417

2024-04-27 21:59:50,653 - INFO - Validation Stats
Loss:
  total: 0.2215965735912323
Metrics:
  cityscapes_dice: 0.9258844351768494
  cityscapes_jaccard_macro: 0.5590186326503753
  cityscapes_jaccard_micro: 0.8854781107902527

2024-04-27 21:59:51,325 - INFO - Epoch 102/120
2024-04-27 22:43:14,955 - INFO - Train Stats
Loss:
  rotation: 0.0014005143545953156
  rotation_weighted: 0.0007002571772976578
  supervised: 0.4409634790839161
  total: 0.7047156030026314
  unsupervised: 0.374600169539259
  unsupervised1: 0.4545107232662511
  unsupervised1_weighted: 0.07575178249048517
  unsupervised_weighted: 0.1873000847696295
Metrics:
  cityscapes_dice: 0.923703459213354
  cityscapes_jaccard_macro: 0.5381924719436874
  cityscapes_jaccard_micro: 0.8795400734431139

2024-04-27 22:43:58,646 - INFO - Validation Stats
Loss:
  total: 0.24469708317518235
Metrics:
  cityscapes_dice: 0.9265389099121094
  cityscapes_jaccard_macro: 0.5481023864746094
  cityscapes_jaccard_micro: 0.8876912245750427

2024-04-27 22:43:58,646 - INFO - Epoch 103/120
2024-04-27 23:27:21,365 - INFO - Train Stats
Loss:
  rotation: 0.0013974160521128703
  rotation_weighted: 0.0006987080260564351
  supervised: 0.4471103379108698
  total: 0.7153103340760186
  unsupervised: 0.3806987795587599
  unsupervised1: 0.46291141905889566
  unsupervised1_weighted: 0.07715189832703531
  unsupervised_weighted: 0.19034938977937996
Metrics:
  cityscapes_dice: 0.9225268496594637
  cityscapes_jaccard_macro: 0.5351693544338227
  cityscapes_jaccard_micro: 0.8767143526747944

2024-04-27 23:27:49,891 - INFO - Validation Stats
Loss:
  total: 0.22821590864658356
Metrics:
  cityscapes_dice: 0.9248999981880188
  cityscapes_jaccard_macro: 0.5460861668586731
  cityscapes_jaccard_micro: 0.8870217385292053

2024-04-27 23:27:49,892 - INFO - Epoch 104/120
2024-04-28 00:13:19,864 - INFO - Train Stats
Loss:
  rotation: 0.0013691047953158881
  rotation_weighted: 0.0006845523976579441
  supervised: 0.44540221605792957
  total: 0.7142210846980477
  unsupervised: 0.38209532728487916
  unsupervised1: 0.4625199497022902
  unsupervised1_weighted: 0.0770866534407875
  unsupervised_weighted: 0.19104766364243958
Metrics:
  cityscapes_dice: 0.9203485567273154
  cityscapes_jaccard_macro: 0.5366626200303797
  cityscapes_jaccard_micro: 0.8742857907623389

2024-04-28 00:13:47,943 - INFO - Validation Stats
Loss:
  total: 0.248901018679142
Metrics:
  cityscapes_dice: 0.9250037779808045
  cityscapes_jaccard_macro: 0.5492207896709442
  cityscapes_jaccard_micro: 0.8859229402542115

2024-04-28 00:13:47,944 - INFO - Epoch 105/120
2024-04-28 00:57:10,609 - INFO - Train Stats
Loss:
  rotation: 0.0013596223248244054
  rotation_weighted: 0.0006798111624122027
  supervised: 0.4404975569691142
  total: 0.7086219474769563
  unsupervised: 0.3797881604926074
  unsupervised1: 0.46530303742393536
  unsupervised1_weighted: 0.07755050128431139
  unsupervised_weighted: 0.1898940802463037
Metrics:
  cityscapes_dice: 0.9246661343847993
  cityscapes_jaccard_macro: 0.5441939886689475
  cityscapes_jaccard_micro: 0.8804460060278703

2024-04-28 00:57:39,985 - INFO - Validation Stats
Loss:
  total: 0.25348249220848085
Metrics:
  cityscapes_dice: 0.9259520282745362
  cityscapes_jaccard_macro: 0.555854712486267
  cityscapes_jaccard_micro: 0.8864986033439636

2024-04-28 00:57:39,985 - INFO - Epoch 106/120
2024-04-28 01:41:23,878 - INFO - Train Stats
Loss:
  rotation: 0.0013607060339268723
  rotation_weighted: 0.0006803530169634362
  supervised: 0.4411892224289778
  total: 0.709037612864871
  unsupervised: 0.37925066051460044
  unsupervised1: 0.465256271573906
  unsupervised1_weighted: 0.07754270704794128
  unsupervised_weighted: 0.18962533025730022
Metrics:
  cityscapes_dice: 0.9247329791162241
  cityscapes_jaccard_macro: 0.5403586831274826
  cityscapes_jaccard_micro: 0.8801240933538446

2024-04-28 01:45:03,640 - INFO - Validation Stats
Loss:
  total: 0.2408847762942314
Metrics:
  cityscapes_dice: 0.9278314514160156
  cityscapes_jaccard_macro: 0.5579999144077301
  cityscapes_jaccard_micro: 0.8870346927642823

2024-04-28 01:45:03,640 - INFO - Epoch 107/120
2024-04-28 02:28:35,311 - INFO - Train Stats
Loss:
  rotation: 0.0013579585378265884
  rotation_weighted: 0.0006789792689132942
  supervised: 0.4334490429910926
  total: 0.6990287744218968
  unsupervised: 0.3758700258416005
  unsupervised1: 0.4617944657802582
  unsupervised1_weighted: 0.07696573945102379
  unsupervised_weighted: 0.18793501292080025
Metrics:
  cityscapes_dice: 0.9233033387938301
  cityscapes_jaccard_macro: 0.5448222103346627
  cityscapes_jaccard_micro: 0.8789129557151208

2024-04-28 02:29:13,391 - INFO - Validation Stats
Loss:
  total: 0.24068065494298935
Metrics:
  cityscapes_dice: 0.9264283013343811
  cityscapes_jaccard_macro: 0.5602101793289185
  cityscapes_jaccard_micro: 0.8872359108924865

2024-04-28 02:29:13,391 - INFO - Epoch 108/120
2024-04-28 03:12:35,724 - INFO - Train Stats
Loss:
  rotation: 0.001348215656415958
  rotation_weighted: 0.000674107828207979
  supervised: 0.44160880423444343
  total: 0.7081064412156677
  unsupervised: 0.3779566481420605
  unsupervised1: 0.4610712633096584
  unsupervised1_weighted: 0.07684520568084784
  unsupervised_weighted: 0.18897832407103024
Metrics:
  cityscapes_dice: 0.9223390865788128
  cityscapes_jaccard_macro: 0.5364761602175641
  cityscapes_jaccard_micro: 0.8771773099851146

2024-04-28 03:13:18,640 - INFO - Validation Stats
Loss:
  total: 0.21278605723381042
Metrics:
  cityscapes_dice: 0.9299795804023743
  cityscapes_jaccard_macro: 0.5616368689537048
  cityscapes_jaccard_micro: 0.8933977761268616

2024-04-28 03:13:19,283 - INFO - Epoch 109/120
2024-04-28 03:56:41,994 - INFO - Train Stats
Loss:
  rotation: 0.0013482668274383154
  rotation_weighted: 0.0006741334137191577
  supervised: 0.43185599672161223
  total: 0.6994240077179352
  unsupervised: 0.3782298941411957
  unsupervised1: 0.46667362152567204
  unsupervised1_weighted: 0.0777789320366424
  unsupervised_weighted: 0.18911494707059784
Metrics:
  cityscapes_dice: 0.924389615041085
  cityscapes_jaccard_macro: 0.5434459842025319
  cityscapes_jaccard_micro: 0.8802434204684898

2024-04-28 03:57:16,723 - INFO - Validation Stats
Loss:
  total: 0.2267066546678543
Metrics:
  cityscapes_dice: 0.9269856758117676
  cityscapes_jaccard_macro: 0.565594769001007
  cityscapes_jaccard_micro: 0.889493567943573

2024-04-28 03:57:16,723 - INFO - Epoch 110/120
2024-04-28 04:40:37,650 - INFO - Train Stats
Loss:
  rotation: 0.001339728216266768
  rotation_weighted: 0.000669864108133384
  supervised: 0.44173921681098
  total: 0.7087112244019986
  unsupervised: 0.378592742519733
  unsupervised1: 0.4620346749782177
  unsupervised1_weighted: 0.07700577426418927
  unsupervised_weighted: 0.1892963712598665
Metrics:
  cityscapes_dice: 0.9247035872137026
  cityscapes_jaccard_macro: 0.547542723386228
  cityscapes_jaccard_micro: 0.8807778501452845

2024-04-28 04:41:16,483 - INFO - Validation Stats
Loss:
  total: 0.2346409569978714
Metrics:
  cityscapes_dice: 0.9287454056739807
  cityscapes_jaccard_macro: 0.5587388706207276
  cityscapes_jaccard_micro: 0.8891669297218323

2024-04-28 04:41:17,191 - INFO - Epoch 111/120
2024-04-28 05:24:40,954 - INFO - Train Stats
Loss:
  rotation: 0.0013280766412408147
  rotation_weighted: 0.0006640383206204073
  supervised: 0.4343784095445627
  total: 0.7010989286763795
  unsupervised: 0.37847840489281015
  unsupervised1: 0.46090370145820453
  unsupervised1_weighted: 0.07681727868855384
  unsupervised_weighted: 0.18923920244640507
Metrics:
  cityscapes_dice: 0.9271947081668697
  cityscapes_jaccard_macro: 0.5521478132045375
  cityscapes_jaccard_micro: 0.8840479818752008

2024-04-28 05:25:26,395 - INFO - Validation Stats
Loss:
  total: 0.24930022954940795
Metrics:
  cityscapes_dice: 0.9262137985229493
  cityscapes_jaccard_macro: 0.5565163347721099
  cityscapes_jaccard_micro: 0.8853442497253418

2024-04-28 05:25:26,396 - INFO - Epoch 112/120
2024-04-28 06:08:48,383 - INFO - Train Stats
Loss:
  rotation: 0.0013348039949421134
  rotation_weighted: 0.0006674019974710567
  supervised: 0.45029336057591324
  total: 0.7220143631630259
  unsupervised: 0.3843087462741454
  unsupervised1: 0.4733954061767589
  unsupervised1_weighted: 0.07889922939975158
  unsupervised_weighted: 0.1921543731370727
Metrics:
  cityscapes_dice: 0.922493868599223
  cityscapes_jaccard_macro: 0.539784087093851
  cityscapes_jaccard_micro: 0.8763458271404075

2024-04-28 06:09:29,862 - INFO - Validation Stats
Loss:
  total: 0.26429725414514543
Metrics:
  cityscapes_dice: 0.9251041464805603
  cityscapes_jaccard_macro: 0.5498091864585877
  cityscapes_jaccard_micro: 0.8846167902946472

2024-04-28 06:09:29,862 - INFO - Epoch 113/120
2024-04-28 06:52:52,261 - INFO - Train Stats
Loss:
  rotation: 0.0013342678732342524
  rotation_weighted: 0.0006671339366171262
  supervised: 0.4426063540119299
  total: 0.7122160532483184
  unsupervised: 0.3803515705447012
  unsupervised1: 0.472600713986091
  unsupervised1_weighted: 0.07876678080537232
  unsupervised_weighted: 0.1901757852723506
Metrics:
  cityscapes_dice: 0.9252092323848234
  cityscapes_jaccard_macro: 0.544394335816336
  cityscapes_jaccard_micro: 0.8810732167015554

2024-04-28 06:53:36,912 - INFO - Validation Stats
Loss:
  total: 0.23557810270786286
Metrics:
  cityscapes_dice: 0.9275692176818847
  cityscapes_jaccard_macro: 0.5596493391990661
  cityscapes_jaccard_micro: 0.8884971022605896

2024-04-28 06:53:36,912 - INFO - Epoch 114/120
2024-04-28 07:36:58,707 - INFO - Train Stats
Loss:
  rotation: 0.0013290703377907612
  rotation_weighted: 0.0006645351688953806
  supervised: 0.43529283248417694
  total: 0.7003929004891624
  unsupervised: 0.37565733666301543
  unsupervised1: 0.45964122728500306
  unsupervised1_weighted: 0.07660686645148283
  unsupervised_weighted: 0.18782866833150771
Metrics:
  cityscapes_dice: 0.9262751099414317
  cityscapes_jaccard_macro: 0.5474357381342686
  cityscapes_jaccard_micro: 0.8819390669440992

2024-04-28 07:37:36,550 - INFO - Validation Stats
Loss:
  total: 0.2224729180932045
Metrics:
  cityscapes_dice: 0.9309016489982604
  cityscapes_jaccard_macro: 0.5591279971599579
  cityscapes_jaccard_micro: 0.8932819876670838

2024-04-28 07:37:36,551 - INFO - Epoch 115/120
2024-04-28 08:20:58,716 - INFO - Train Stats
Loss:
  rotation: 0.001317688068171876
  rotation_weighted: 0.000658844034085938
  supervised: 0.4285288556405194
  total: 0.6943961035983821
  unsupervised: 0.3754060898993243
  unsupervised1: 0.4650321867984986
  unsupervised1_weighted: 0.07750535954424874
  unsupervised_weighted: 0.18770304494966214
Metrics:
  cityscapes_dice: 0.9263272832639768
  cityscapes_jaccard_macro: 0.5496999848339111
  cityscapes_jaccard_micro: 0.8825196988266774

2024-04-28 08:21:41,606 - INFO - Validation Stats
Loss:
  total: 0.24584162467718124
Metrics:
  cityscapes_dice: 0.9277693576812744
  cityscapes_jaccard_macro: 0.5514588675498963
  cityscapes_jaccard_micro: 0.8889056305885314

2024-04-28 08:21:41,606 - INFO - Epoch 116/120
2024-04-28 09:05:04,915 - INFO - Train Stats
Loss:
  rotation: 0.0013157236033423181
  rotation_weighted: 0.0006578618016711591
  supervised: 0.4332383556083832
  total: 0.698982219041742
  unsupervised: 0.37720571913920425
  unsupervised1: 0.458898893044434
  unsupervised1_weighted: 0.07648314396145126
  unsupervised_weighted: 0.18860285956960213
Metrics:
  cityscapes_dice: 0.9263216934267654
  cityscapes_jaccard_macro: 0.5486267251060352
  cityscapes_jaccard_micro: 0.8823561278414072

2024-04-28 09:05:40,907 - INFO - Validation Stats
Loss:
  total: 0.23019012409448625
Metrics:
  cityscapes_dice: 0.928013235092163
  cityscapes_jaccard_macro: 0.5713077902793884
  cityscapes_jaccard_micro: 0.8889598212242127

2024-04-28 09:05:40,908 - INFO - Epoch 117/120
2024-04-28 09:49:04,074 - INFO - Train Stats
Loss:
  rotation: 0.0013189243323129026
  rotation_weighted: 0.0006594621661564513
  supervised: 0.4327139124208053
  total: 0.6966063625905934
  unsupervised: 0.3733409335580993
  unsupervised1: 0.45937515763334197
  unsupervised1_weighted: 0.07656252136460004
  unsupervised_weighted: 0.18667046677904964
Metrics:
  cityscapes_dice: 0.9241135650478388
  cityscapes_jaccard_macro: 0.5472885220580899
  cityscapes_jaccard_micro: 0.8799637776343618

2024-04-28 09:49:46,801 - INFO - Validation Stats
Loss:
  total: 0.2258387953042984
Metrics:
  cityscapes_dice: 0.9295424890518188
  cityscapes_jaccard_macro: 0.5640070829391479
  cityscapes_jaccard_micro: 0.891535225391388

2024-04-28 09:49:46,801 - INFO - Epoch 118/120
2024-04-28 10:33:10,394 - INFO - Train Stats
Loss:
  rotation: 0.0013126654547424039
  rotation_weighted: 0.0006563327273712019
  supervised: 0.43257405205068566
  total: 0.70279588927071
  unsupervised: 0.3819943647440493
  unsupervised1: 0.4714099693748504
  unsupervised1_weighted: 0.07856832335286312
  unsupervised_weighted: 0.19099718237202465
Metrics:
  cityscapes_dice: 0.9272222039387569
  cityscapes_jaccard_macro: 0.5495713016737451
  cityscapes_jaccard_micro: 0.884893170490211

2024-04-28 10:33:49,119 - INFO - Validation Stats
Loss:
  total: 0.2377396361231804
Metrics:
  cityscapes_dice: 0.9290803141593933
  cityscapes_jaccard_macro: 0.5665874009132386
  cityscapes_jaccard_micro: 0.8894821896553039

2024-04-28 10:33:49,120 - INFO - Epoch 119/120
2024-04-28 11:17:11,493 - INFO - Train Stats
Loss:
  rotation: 0.0013163924143500686
  rotation_weighted: 0.0006581962071750343
  supervised: 0.4370671311763502
  total: 0.7062787198866319
  unsupervised: 0.38067254091286507
  unsupervised1: 0.4693027625585604
  unsupervised1_weighted: 0.0782171221847175
  unsupervised_weighted: 0.19033627045643253
Metrics:
  cityscapes_dice: 0.9230619138392571
  cityscapes_jaccard_macro: 0.5444560749501424
  cityscapes_jaccard_micro: 0.8778333645765346

2024-04-28 11:17:56,108 - INFO - Validation Stats
Loss:
  total: 0.2323147467970848
Metrics:
  cityscapes_dice: 0.9290343165397644
  cityscapes_jaccard_macro: 0.5586463634967804
  cityscapes_jaccard_micro: 0.8912023105621338

2024-04-28 11:17:56,108 - INFO - Epoch 120/120
2024-04-28 12:01:19,423 - INFO - Train Stats
Loss:
  rotation: 0.001313007503551595
  rotation_weighted: 0.0006565037517757976
  supervised: 0.433277227339577
  total: 0.6983216220515995
  unsupervised: 0.3753936114888006
  unsupervised1: 0.460146545972645
  unsupervised1_weighted: 0.07669108612718653
  unsupervised_weighted: 0.1876968057444003
Metrics:
  cityscapes_dice: 0.9265434591758617
  cityscapes_jaccard_macro: 0.5455941879739669
  cityscapes_jaccard_micro: 0.8827741138625029

2024-04-28 12:01:58,039 - INFO - Validation Stats
Loss:
  total: 0.26139180517196653
Metrics:
  cityscapes_dice: 0.9278083443641663
  cityscapes_jaccard_macro: 0.5591796581745148
  cityscapes_jaccard_micro: 0.8864551467895507

2024-04-28 12:03:36,300 - INFO - Best validation loss: 0.21278605723381042
2024-04-28 12:03:36,883 - INFO - Best model saved to /home/up201905337/exploring-label-efficiency/weights/remixmatch_seg_cityscapes_deeplabv3_1238l.pth
2024-04-28 12:03:36,884 - INFO - Training took 323704.3276808262 seconds to complete
