2024-06-19 20:13:21,686 - INFO - Loading configuration files...
2024-06-19 20:13:22,179 - INFO - Loading model configuration
args:
  backbone: resnet101
  num_classes: 20
  weights_backbone: DEFAULT
class: DeepLabV3

2024-06-19 20:13:22,189 - INFO - Loading train_dataset configuration
args:
  num_labeled: 70
  root: /data/auto/kitti
  train_val_test_split:
  - 0.7
  - 0.1
  - 0.2
class: SemiSupervisedKittiSeg

2024-06-19 20:13:22,264 - INFO - Loading val_dataset configuration
args:
  root: /data/auto/kitti
  train_val_test_split:
  - 0.7
  - 0.1
  - 0.2
class: KittiSeg

2024-06-19 20:13:22,271 - INFO - Loading optimizer configuration
args:
  lr: 0.001
class: Adam

2024-06-19 20:13:22,272 - INFO - Loading loss configuration
args:
  ignore_index: 0
class: CrossEntropyLoss

2024-06-19 20:13:22,287 - INFO - Loading metrics configuration
kitti_dice:
  args:
    average: micro
    ignore_index: 0
    num_classes: 20
  class: Dice
kitti_jaccard_macro:
  args:
    average: macro
    ignore_index: 0
    num_classes: 20
    task: multiclass
    validate_args: false
  class: JaccardIndex
kitti_jaccard_micro:
  args:
    average: micro
    ignore_index: 0
    num_classes: 20
    task: multiclass
    validate_args: false
  class: JaccardIndex

2024-06-19 20:13:22,287 - INFO - Loading hyperparameters configuration
batch_size: 8
ema_decay: null
epochs: 120
num_workers: 4
save_freq: 5

2024-06-19 20:13:22,297 - INFO - Using device: cuda
2024-06-19 20:13:22,405 - INFO - Training for 120 epochs
2024-06-19 20:13:22,405 - INFO - Epoch 1/120
2024-06-19 20:13:39,968 - INFO - Train Stats
Loss:
  total: 1.3749476340081956
Metrics:
  kitti_dice: 0.6447889134287834
  kitti_jaccard_macro: 0.19636169365710682
  kitti_jaccard_micro: 0.5305087996853722

2024-06-19 20:13:41,452 - INFO - Validation Stats
Loss:
  total: 1.1705729564030964
Metrics:
  kitti_dice: 0.7001427213350931
  kitti_jaccard_macro: 0.2192454238732656
  kitti_jaccard_micro: 0.5549243688583374

2024-06-19 20:13:41,993 - INFO - Epoch 2/120
2024-06-19 20:13:59,044 - INFO - Train Stats
Loss:
  total: 0.6194026403956943
Metrics:
  kitti_dice: 0.8157485723495483
  kitti_jaccard_macro: 0.2819453808996413
  kitti_jaccard_micro: 0.7184817261166043

2024-06-19 20:14:00,530 - INFO - Validation Stats
Loss:
  total: 0.7367280522982279
Metrics:
  kitti_dice: 0.7902582287788391
  kitti_jaccard_macro: 0.27741905550162
  kitti_jaccard_micro: 0.6747714877128601

2024-06-19 20:14:01,388 - INFO - Epoch 3/120
2024-06-19 20:14:18,553 - INFO - Train Stats
Loss:
  total: 0.5192534791098701
Metrics:
  kitti_dice: 0.8364073501692878
  kitti_jaccard_macro: 0.2967433002259996
  kitti_jaccard_micro: 0.7498259014553494

2024-06-19 20:14:20,044 - INFO - Validation Stats
Loss:
  total: 0.6942907174428304
Metrics:
  kitti_dice: 0.8001609245936075
  kitti_jaccard_macro: 0.2884438931941986
  kitti_jaccard_micro: 0.688883105913798

2024-06-19 20:14:20,901 - INFO - Epoch 4/120
2024-06-19 20:14:38,223 - INFO - Train Stats
Loss:
  total: 0.5145945615238614
Metrics:
  kitti_dice: 0.8313522802458869
  kitti_jaccard_macro: 0.3133706616030799
  kitti_jaccard_micro: 0.7416152821646796

2024-06-19 20:14:39,722 - INFO - Validation Stats
Loss:
  total: 0.9670393069585165
Metrics:
  kitti_dice: 0.7195699413617452
  kitti_jaccard_macro: 0.25790393849213916
  kitti_jaccard_micro: 0.5792059898376465

2024-06-19 20:14:39,722 - INFO - Epoch 5/120
2024-06-19 20:14:57,364 - INFO - Train Stats
Loss:
  total: 0.43718670474158394
Metrics:
  kitti_dice: 0.8514511320326064
  kitti_jaccard_macro: 0.3260001507070329
  kitti_jaccard_micro: 0.7751010921266344

2024-06-19 20:14:58,864 - INFO - Validation Stats
Loss:
  total: 0.6796810428301493
Metrics:
  kitti_dice: 0.8022592862447103
  kitti_jaccard_macro: 0.2943057219187419
  kitti_jaccard_micro: 0.6914179523785909

2024-06-19 20:15:00,234 - INFO - Epoch 6/120
2024-06-19 20:15:17,866 - INFO - Train Stats
Loss:
  total: 0.36324770583046806
Metrics:
  kitti_dice: 0.8708586957719591
  kitti_jaccard_macro: 0.362661706076728
  kitti_jaccard_micro: 0.8061454561021593

2024-06-19 20:15:19,363 - INFO - Validation Stats
Loss:
  total: 0.5790476600329081
Metrics:
  kitti_dice: 0.8237589796384176
  kitti_jaccard_macro: 0.32189590732256573
  kitti_jaccard_micro: 0.7227543195088705

2024-06-19 20:15:20,167 - INFO - Epoch 7/120
2024-06-19 20:15:37,979 - INFO - Train Stats
Loss:
  total: 0.34464045034514534
Metrics:
  kitti_dice: 0.8731469776895311
  kitti_jaccard_macro: 0.3718130621645186
  kitti_jaccard_micro: 0.8093145026101006

2024-06-19 20:15:39,479 - INFO - Validation Stats
Loss:
  total: 0.5910856525103251
Metrics:
  kitti_dice: 0.824356218179067
  kitti_jaccard_macro: 0.3202791412671407
  kitti_jaccard_micro: 0.7241667111714681

2024-06-19 20:15:39,479 - INFO - Epoch 8/120
2024-06-19 20:15:57,378 - INFO - Train Stats
Loss:
  total: 0.303682428267267
Metrics:
  kitti_dice: 0.8852422899670072
  kitti_jaccard_macro: 0.3902039759688907
  kitti_jaccard_micro: 0.8298388984468248

2024-06-19 20:15:58,890 - INFO - Validation Stats
Loss:
  total: 0.6162918210029602
Metrics:
  kitti_dice: 0.8241791526476542
  kitti_jaccard_macro: 0.3378707667191823
  kitti_jaccard_micro: 0.7234247128168741

2024-06-19 20:15:58,890 - INFO - Epoch 9/120
2024-06-19 20:16:16,803 - INFO - Train Stats
Loss:
  total: 0.2663234720627467
Metrics:
  kitti_dice: 0.897616790400611
  kitti_jaccard_macro: 0.4310225148995717
  kitti_jaccard_micro: 0.8520368536313375

2024-06-19 20:16:18,313 - INFO - Validation Stats
Loss:
  total: 0.5827310482660929
Metrics:
  kitti_dice: 0.8306422034899393
  kitti_jaccard_macro: 0.3636457920074463
  kitti_jaccard_micro: 0.7340804934501648

2024-06-19 20:16:18,314 - INFO - Epoch 10/120
2024-06-19 20:16:36,215 - INFO - Train Stats
Loss:
  total: 0.24609383443991342
Metrics:
  kitti_dice: 0.9018923110432095
  kitti_jaccard_macro: 0.4635271926720937
  kitti_jaccard_micro: 0.8578591280513339

2024-06-19 20:16:37,719 - INFO - Validation Stats
Loss:
  total: 0.552244653304418
Metrics:
  kitti_dice: 0.8346178531646729
  kitti_jaccard_macro: 0.37447162469228107
  kitti_jaccard_micro: 0.7404909133911133

2024-06-19 20:16:41,269 - INFO - Epoch 11/120
2024-06-19 20:16:59,063 - INFO - Train Stats
Loss:
  total: 0.23513267768753898
Metrics:
  kitti_dice: 0.9045762287245857
  kitti_jaccard_macro: 0.46643155813217163
  kitti_jaccard_micro: 0.8628378378020393

2024-06-19 20:17:00,566 - INFO - Validation Stats
Loss:
  total: 0.5697092115879059
Metrics:
  kitti_dice: 0.8347136179606119
  kitti_jaccard_macro: 0.37047436833381653
  kitti_jaccard_micro: 0.7405342062314352

2024-06-19 20:17:00,566 - INFO - Epoch 12/120
2024-06-19 20:17:18,460 - INFO - Train Stats
Loss:
  total: 0.2166575507985221
Metrics:
  kitti_dice: 0.9086762401792738
  kitti_jaccard_macro: 0.4759741723537445
  kitti_jaccard_micro: 0.8707239098019071

2024-06-19 20:17:19,963 - INFO - Validation Stats
Loss:
  total: 0.5842099587122599
Metrics:
  kitti_dice: 0.8327853083610535
  kitti_jaccard_macro: 0.36978177229563397
  kitti_jaccard_micro: 0.7371897300084432

2024-06-19 20:17:19,963 - INFO - Epoch 13/120
2024-06-19 20:17:37,831 - INFO - Train Stats
Loss:
  total: 0.20316333240932888
Metrics:
  kitti_dice: 0.9131308197975159
  kitti_jaccard_macro: 0.4948792854944865
  kitti_jaccard_micro: 0.8780533605151706

2024-06-19 20:17:39,337 - INFO - Validation Stats
Loss:
  total: 0.588269054889679
Metrics:
  kitti_dice: 0.8357010086377462
  kitti_jaccard_macro: 0.3806621730327606
  kitti_jaccard_micro: 0.7414596279462179

2024-06-19 20:17:39,337 - INFO - Epoch 14/120
2024-06-19 20:17:57,240 - INFO - Train Stats
Loss:
  total: 0.19191996256510416
Metrics:
  kitti_dice: 0.9144675864113702
  kitti_jaccard_macro: 0.4876330527994368
  kitti_jaccard_micro: 0.8813674847284952

2024-06-19 20:17:58,744 - INFO - Validation Stats
Loss:
  total: 0.6108484069506327
Metrics:
  kitti_dice: 0.8358069062232971
  kitti_jaccard_macro: 0.3829657932122548
  kitti_jaccard_micro: 0.7412891387939453

2024-06-19 20:17:58,744 - INFO - Epoch 15/120
2024-06-19 20:18:16,640 - INFO - Train Stats
Loss:
  total: 0.1864225169022878
Metrics:
  kitti_dice: 0.9158737593226962
  kitti_jaccard_macro: 0.49063880576027763
  kitti_jaccard_micro: 0.8841102255715264

2024-06-19 20:18:18,147 - INFO - Validation Stats
Loss:
  total: 0.5939329465230306
Metrics:
  kitti_dice: 0.8374698956807455
  kitti_jaccard_macro: 0.37522606054941815
  kitti_jaccard_micro: 0.7446707685788473

2024-06-19 20:18:20,938 - INFO - Epoch 16/120
2024-06-19 20:18:38,622 - INFO - Train Stats
Loss:
  total: 0.17952590021822187
Metrics:
  kitti_dice: 0.917231281598409
  kitti_jaccard_macro: 0.5004438757896423
  kitti_jaccard_micro: 0.8861864672766792

2024-06-19 20:18:40,123 - INFO - Validation Stats
Loss:
  total: 0.5989407300949097
Metrics:
  kitti_dice: 0.8394966324170431
  kitti_jaccard_macro: 0.3941391905148824
  kitti_jaccard_micro: 0.7470320661862692

2024-06-19 20:18:40,124 - INFO - Epoch 17/120
2024-06-19 20:18:57,862 - INFO - Train Stats
Loss:
  total: 0.1635136753320694
Metrics:
  kitti_dice: 0.9205411738819547
  kitti_jaccard_macro: 0.5233837068080902
  kitti_jaccard_micro: 0.8930259280734592

2024-06-19 20:18:59,366 - INFO - Validation Stats
Loss:
  total: 0.5881073673566183
Metrics:
  kitti_dice: 0.8432244261105856
  kitti_jaccard_macro: 0.3902743061383565
  kitti_jaccard_micro: 0.7526068091392517

2024-06-19 20:18:59,367 - INFO - Epoch 18/120
2024-06-19 20:19:17,146 - INFO - Train Stats
Loss:
  total: 0.1626689905921618
Metrics:
  kitti_dice: 0.9216071764628092
  kitti_jaccard_macro: 0.5345591836505466
  kitti_jaccard_micro: 0.8942168354988098

2024-06-19 20:19:18,654 - INFO - Validation Stats
Loss:
  total: 0.6074241399765015
Metrics:
  kitti_dice: 0.8400264581044515
  kitti_jaccard_macro: 0.39124558369318646
  kitti_jaccard_micro: 0.7472731471061707

2024-06-19 20:19:18,654 - INFO - Epoch 19/120
2024-06-19 20:19:36,391 - INFO - Train Stats
Loss:
  total: 0.1527695208787918
Metrics:
  kitti_dice: 0.9235771165953742
  kitti_jaccard_macro: 0.5452988147735596
  kitti_jaccard_micro: 0.8976219495137533

2024-06-19 20:19:37,884 - INFO - Validation Stats
Loss:
  total: 0.5999350349108378
Metrics:
  kitti_dice: 0.8421546816825867
  kitti_jaccard_macro: 0.381839523712794
  kitti_jaccard_micro: 0.7510530551274618

2024-06-19 20:19:37,884 - INFO - Epoch 20/120
2024-06-19 20:19:55,575 - INFO - Train Stats
Loss:
  total: 0.14772927347156736
Metrics:
  kitti_dice: 0.9255081746313307
  kitti_jaccard_macro: 0.5636942883332571
  kitti_jaccard_micro: 0.9007425308227539

2024-06-19 20:19:57,073 - INFO - Validation Stats
Loss:
  total: 0.6113910873730978
Metrics:
  kitti_dice: 0.8393870790799459
  kitti_jaccard_macro: 0.3911658028761546
  kitti_jaccard_micro: 0.7473316391309103

2024-06-19 20:20:00,027 - INFO - Epoch 21/120
2024-06-19 20:20:17,479 - INFO - Train Stats
Loss:
  total: 0.14156749099493027
Metrics:
  kitti_dice: 0.9267125328381857
  kitti_jaccard_macro: 0.5865833957990011
  kitti_jaccard_micro: 0.9035591085751852

2024-06-19 20:20:18,994 - INFO - Validation Stats
Loss:
  total: 0.6226658225059509
Metrics:
  kitti_dice: 0.8411733706792196
  kitti_jaccard_macro: 0.3803911010424296
  kitti_jaccard_micro: 0.7496605118115743

2024-06-19 20:20:18,994 - INFO - Epoch 22/120
2024-06-19 20:20:36,559 - INFO - Train Stats
Loss:
  total: 0.14444822155767018
Metrics:
  kitti_dice: 0.9258156485027738
  kitti_jaccard_macro: 0.5784671107927958
  kitti_jaccard_micro: 0.9023967186609904

2024-06-19 20:20:38,057 - INFO - Validation Stats
Loss:
  total: 0.6129840016365051
Metrics:
  kitti_dice: 0.8382911284764608
  kitti_jaccard_macro: 0.390497366587321
  kitti_jaccard_micro: 0.7454999089241028

2024-06-19 20:20:38,057 - INFO - Epoch 23/120
2024-06-19 20:20:55,737 - INFO - Train Stats
Loss:
  total: 0.13586552937825522
Metrics:
  kitti_dice: 0.9283643166224161
  kitti_jaccard_macro: 0.5860538979371389
  kitti_jaccard_micro: 0.9067133333947923

2024-06-19 20:20:57,227 - INFO - Validation Stats
Loss:
  total: 0.5839133858680725
Metrics:
  kitti_dice: 0.8477386236190796
  kitti_jaccard_macro: 0.40240030487378436
  kitti_jaccard_micro: 0.7608184019724528

2024-06-19 20:20:57,227 - INFO - Epoch 24/120
2024-06-19 20:21:14,836 - INFO - Train Stats
Loss:
  total: 0.12773236797915566
Metrics:
  kitti_dice: 0.9312263197369046
  kitti_jaccard_macro: 0.6175727579328749
  kitti_jaccard_micro: 0.9119400713178847

2024-06-19 20:21:16,338 - INFO - Validation Stats
Loss:
  total: 0.5941233237584432
Metrics:
  kitti_dice: 0.8477930625279745
  kitti_jaccard_macro: 0.3859355648358663
  kitti_jaccard_micro: 0.7593770424524943

2024-06-19 20:21:16,338 - INFO - Epoch 25/120
2024-06-19 20:21:34,013 - INFO - Train Stats
Loss:
  total: 0.12304128540886773
Metrics:
  kitti_dice: 0.9321430855327182
  kitti_jaccard_macro: 0.6197925011316935
  kitti_jaccard_micro: 0.9134007957246568

2024-06-19 20:21:35,520 - INFO - Validation Stats
Loss:
  total: 0.573974072933197
Metrics:
  kitti_dice: 0.8470117251078287
  kitti_jaccard_macro: 0.39660724997520447
  kitti_jaccard_micro: 0.758908212184906

2024-06-19 20:21:36,377 - INFO - Epoch 26/120
2024-06-19 20:21:53,944 - INFO - Train Stats
Loss:
  total: 0.11955559170908397
Metrics:
  kitti_dice: 0.9334464934137132
  kitti_jaccard_macro: 0.6281263695822822
  kitti_jaccard_micro: 0.9155660139189826

2024-06-19 20:21:55,462 - INFO - Validation Stats
Loss:
  total: 0.6126800775527954
Metrics:
  kitti_dice: 0.8463123242060343
  kitti_jaccard_macro: 0.3928664227326711
  kitti_jaccard_micro: 0.7584150036176046

2024-06-19 20:21:55,462 - INFO - Epoch 27/120
2024-06-19 20:22:13,138 - INFO - Train Stats
Loss:
  total: 0.11557675732506646
Metrics:
  kitti_dice: 0.9325467546780905
  kitti_jaccard_macro: 0.6347064707014296
  kitti_jaccard_micro: 0.916867368751102

2024-06-19 20:22:14,630 - INFO - Validation Stats
Loss:
  total: 0.5974945823351542
Metrics:
  kitti_dice: 0.8487136761347452
  kitti_jaccard_macro: 0.40263570348421734
  kitti_jaccard_micro: 0.7622507214546204

2024-06-19 20:22:14,630 - INFO - Epoch 28/120
2024-06-19 20:22:32,308 - INFO - Train Stats
Loss:
  total: 0.11570156282848781
Metrics:
  kitti_dice: 0.933617009056939
  kitti_jaccard_macro: 0.6567303405867683
  kitti_jaccard_micro: 0.9164488779173957

2024-06-19 20:22:33,801 - INFO - Validation Stats
Loss:
  total: 0.6131326754887899
Metrics:
  kitti_dice: 0.8451987902323405
  kitti_jaccard_macro: 0.39570144812266034
  kitti_jaccard_micro: 0.7559238076210022

2024-06-19 20:22:33,801 - INFO - Epoch 29/120
2024-06-19 20:22:51,541 - INFO - Train Stats
Loss:
  total: 0.11344563133186764
Metrics:
  kitti_dice: 0.9341446426179674
  kitti_jaccard_macro: 0.6560178266631232
  kitti_jaccard_micro: 0.9173508021566603

2024-06-19 20:22:53,042 - INFO - Validation Stats
Loss:
  total: 0.6211572289466858
Metrics:
  kitti_dice: 0.8445451656977335
  kitti_jaccard_macro: 0.3932001094023387
  kitti_jaccard_micro: 0.7557374835014343

2024-06-19 20:22:53,042 - INFO - Epoch 30/120
2024-06-19 20:23:10,792 - INFO - Train Stats
Loss:
  total: 0.11234089152680503
Metrics:
  kitti_dice: 0.9346023665534126
  kitti_jaccard_macro: 0.6581189367506239
  kitti_jaccard_micro: 0.9186940987904867

2024-06-19 20:23:12,288 - INFO - Validation Stats
Loss:
  total: 0.6198846300443014
Metrics:
  kitti_dice: 0.8459521929423014
  kitti_jaccard_macro: 0.38909729321797687
  kitti_jaccard_micro: 0.7573569019635519

2024-06-19 20:23:13,143 - INFO - Epoch 31/120
2024-06-19 20:23:30,696 - INFO - Train Stats
Loss:
  total: 0.10811837845378452
Metrics:
  kitti_dice: 0.9352015256881714
  kitti_jaccard_macro: 0.6680618524551392
  kitti_jaccard_micro: 0.9199994802474976

2024-06-19 20:23:32,195 - INFO - Validation Stats
Loss:
  total: 0.6145230929056803
Metrics:
  kitti_dice: 0.8467642863591512
  kitti_jaccard_macro: 0.40661176045735675
  kitti_jaccard_micro: 0.758267899354299

2024-06-19 20:23:32,195 - INFO - Epoch 32/120
2024-06-19 20:23:49,898 - INFO - Train Stats
Loss:
  total: 0.10831995225614971
Metrics:
  kitti_dice: 0.9355741871727837
  kitti_jaccard_macro: 0.6641831927829318
  kitti_jaccard_micro: 0.9207163320647346

2024-06-19 20:23:51,393 - INFO - Validation Stats
Loss:
  total: 0.5988967418670654
Metrics:
  kitti_dice: 0.8470601638158163
  kitti_jaccard_macro: 0.4075893958409627
  kitti_jaccard_micro: 0.7593815128008524

2024-06-19 20:23:51,393 - INFO - Epoch 33/120
2024-06-19 20:24:09,102 - INFO - Train Stats
Loss:
  total: 0.10622194906075795
Metrics:
  kitti_dice: 0.9360551171832614
  kitti_jaccard_macro: 0.6759291291236877
  kitti_jaccard_micro: 0.9215623140335083

2024-06-19 20:24:10,603 - INFO - Validation Stats
Loss:
  total: 0.6123861869176229
Metrics:
  kitti_dice: 0.8482539455095927
  kitti_jaccard_macro: 0.4069388409455617
  kitti_jaccard_micro: 0.7614613572756449

2024-06-19 20:24:10,603 - INFO - Epoch 34/120
2024-06-19 20:24:28,365 - INFO - Train Stats
Loss:
  total: 0.10798585249318017
Metrics:
  kitti_dice: 0.9356723560227288
  kitti_jaccard_macro: 0.6621329519483778
  kitti_jaccard_micro: 0.9206184612380134

2024-06-19 20:24:29,868 - INFO - Validation Stats
Loss:
  total: 0.6275332768758138
Metrics:
  kitti_dice: 0.8464866677920023
  kitti_jaccard_macro: 0.40968167781829834
  kitti_jaccard_micro: 0.7582266728083292

2024-06-19 20:24:29,868 - INFO - Epoch 35/120
2024-06-19 20:24:47,516 - INFO - Train Stats
Loss:
  total: 0.1020734782020251
Metrics:
  kitti_dice: 0.9376987814903259
  kitti_jaccard_macro: 0.6933307647705078
  kitti_jaccard_micro: 0.9239547252655029

2024-06-19 20:24:49,049 - INFO - Validation Stats
Loss:
  total: 0.6268576582272848
Metrics:
  kitti_dice: 0.8437168995539347
  kitti_jaccard_macro: 0.4004623790582021
  kitti_jaccard_micro: 0.7541109919548035

2024-06-19 20:24:49,889 - INFO - Epoch 36/120
2024-06-19 20:25:07,642 - INFO - Train Stats
Loss:
  total: 0.10496422068940268
Metrics:
  kitti_dice: 0.9366419580247667
  kitti_jaccard_macro: 0.6654734876420763
  kitti_jaccard_micro: 0.9226364228460524

2024-06-19 20:25:09,142 - INFO - Validation Stats
Loss:
  total: 0.634140412012736
Metrics:
  kitti_dice: 0.8454583287239075
  kitti_jaccard_macro: 0.40541590253512066
  kitti_jaccard_micro: 0.756499727567037

2024-06-19 20:25:09,142 - INFO - Epoch 37/120
2024-06-19 20:25:26,827 - INFO - Train Stats
Loss:
  total: 0.10003811203771168
Metrics:
  kitti_dice: 0.9370035595364041
  kitti_jaccard_macro: 0.6873254246181912
  kitti_jaccard_micro: 0.9243941638204787

2024-06-19 20:25:28,330 - INFO - Validation Stats
Loss:
  total: 0.5992675622304281
Metrics:
  kitti_dice: 0.8491599559783936
  kitti_jaccard_macro: 0.4061801830927531
  kitti_jaccard_micro: 0.7625772754351298

2024-06-19 20:25:28,330 - INFO - Epoch 38/120
2024-06-19 20:25:46,007 - INFO - Train Stats
Loss:
  total: 0.09929497953918245
Metrics:
  kitti_dice: 0.9383884337213304
  kitti_jaccard_macro: 0.6858606470955743
  kitti_jaccard_micro: 0.9246427350574069

2024-06-19 20:25:47,507 - INFO - Validation Stats
Loss:
  total: 0.6069494287172953
Metrics:
  kitti_dice: 0.8476041158040365
  kitti_jaccard_macro: 0.41064029932022095
  kitti_jaccard_micro: 0.7600003679593405

2024-06-19 20:25:47,507 - INFO - Epoch 39/120
2024-06-19 20:26:05,280 - INFO - Train Stats
Loss:
  total: 0.09766067647271687
Metrics:
  kitti_dice: 0.938273741139306
  kitti_jaccard_macro: 0.7131176524692111
  kitti_jaccard_micro: 0.9259146584404839

2024-06-19 20:26:06,779 - INFO - Validation Stats
Loss:
  total: 0.6124790708223978
Metrics:
  kitti_dice: 0.8486013213793436
  kitti_jaccard_macro: 0.409952054421107
  kitti_jaccard_micro: 0.762128214041392

2024-06-19 20:26:06,779 - INFO - Epoch 40/120
2024-06-19 20:26:24,495 - INFO - Train Stats
Loss:
  total: 0.09621286888917287
Metrics:
  kitti_dice: 0.9393714467684428
  kitti_jaccard_macro: 0.6870016919242011
  kitti_jaccard_micro: 0.9264691339598762

2024-06-19 20:26:25,986 - INFO - Validation Stats
Loss:
  total: 0.6286553144454956
Metrics:
  kitti_dice: 0.8480087916056315
  kitti_jaccard_macro: 0.40850337346394855
  kitti_jaccard_micro: 0.7610933383305868

2024-06-19 20:26:26,889 - INFO - Epoch 41/120
2024-06-19 20:26:44,570 - INFO - Train Stats
Loss:
  total: 0.09445422225528294
Metrics:
  kitti_dice: 0.9397793743345473
  kitti_jaccard_macro: 0.7039695845709907
  kitti_jaccard_micro: 0.9277251362800598

2024-06-19 20:26:46,074 - INFO - Validation Stats
Loss:
  total: 0.6187696854273478
Metrics:
  kitti_dice: 0.8480501373608907
  kitti_jaccard_macro: 0.4140893916289012
  kitti_jaccard_micro: 0.7611835598945618

2024-06-19 20:26:46,074 - INFO - Epoch 42/120
2024-06-19 20:27:03,686 - INFO - Train Stats
Loss:
  total: 0.0941584122677644
Metrics:
  kitti_dice: 0.9400319589508904
  kitti_jaccard_macro: 0.7164521084891425
  kitti_jaccard_micro: 0.9280920624732971

2024-06-19 20:27:05,188 - INFO - Validation Stats
Loss:
  total: 0.6276761094729105
Metrics:
  kitti_dice: 0.8456774353981018
  kitti_jaccard_macro: 0.4028180738290151
  kitti_jaccard_micro: 0.7571523388226827

2024-06-19 20:27:05,189 - INFO - Epoch 43/120
2024-06-19 20:27:22,801 - INFO - Train Stats
Loss:
  total: 0.09494665016730626
Metrics:
  kitti_dice: 0.9396810068024529
  kitti_jaccard_macro: 0.712468253241645
  kitti_jaccard_micro: 0.9272729886902703

2024-06-19 20:27:24,301 - INFO - Validation Stats
Loss:
  total: 0.5942408442497253
Metrics:
  kitti_dice: 0.850128690401713
  kitti_jaccard_macro: 0.39399299025535583
  kitti_jaccard_micro: 0.7646652460098267

2024-06-19 20:27:24,301 - INFO - Epoch 44/120
2024-06-19 20:27:41,995 - INFO - Train Stats
Loss:
  total: 0.09163077506754133
Metrics:
  kitti_dice: 0.9404876894421048
  kitti_jaccard_macro: 0.7115196453200446
  kitti_jaccard_micro: 0.9292854799164666

2024-06-19 20:27:43,502 - INFO - Validation Stats
Loss:
  total: 0.6135321656862894
Metrics:
  kitti_dice: 0.849556545416514
  kitti_jaccard_macro: 0.41137345631917316
  kitti_jaccard_micro: 0.7635136842727661

2024-06-19 20:27:43,502 - INFO - Epoch 45/120
2024-06-19 20:28:01,188 - INFO - Train Stats
Loss:
  total: 0.09168486959404415
Metrics:
  kitti_dice: 0.9407310485839844
  kitti_jaccard_macro: 0.7028910054100884
  kitti_jaccard_micro: 0.9293477601475186

2024-06-19 20:28:02,692 - INFO - Validation Stats
Loss:
  total: 0.6254319349924723
Metrics:
  kitti_dice: 0.8490798274676005
  kitti_jaccard_macro: 0.41370852788289386
  kitti_jaccard_micro: 0.7620525558789571

2024-06-19 20:28:03,628 - INFO - Epoch 46/120
2024-06-19 20:28:21,303 - INFO - Train Stats
Loss:
  total: 0.0887029038535224
Metrics:
  kitti_dice: 0.9413950973086886
  kitti_jaccard_macro: 0.7260856628417969
  kitti_jaccard_micro: 0.9309872057702806

2024-06-19 20:28:22,805 - INFO - Validation Stats
Loss:
  total: 0.6255621115366617
Metrics:
  kitti_dice: 0.8479507366816202
  kitti_jaccard_macro: 0.40350793798764545
  kitti_jaccard_micro: 0.7611562410990397

2024-06-19 20:28:22,805 - INFO - Epoch 47/120
2024-06-19 20:28:40,444 - INFO - Train Stats
Loss:
  total: 0.08769422190056907
Metrics:
  kitti_dice: 0.9416982928911845
  kitti_jaccard_macro: 0.7122134301397536
  kitti_jaccard_micro: 0.9318786462148031

2024-06-19 20:28:41,943 - INFO - Validation Stats
Loss:
  total: 0.6403890450795492
Metrics:
  kitti_dice: 0.8504976431528727
  kitti_jaccard_macro: 0.41470672686894733
  kitti_jaccard_micro: 0.764479418595632

2024-06-19 20:28:41,943 - INFO - Epoch 48/120
2024-06-19 20:28:59,707 - INFO - Train Stats
Loss:
  total: 0.0886314602361785
Metrics:
  kitti_dice: 0.9412911401854621
  kitti_jaccard_macro: 0.739011373784807
  kitti_jaccard_micro: 0.9307021299997965

2024-06-19 20:29:01,203 - INFO - Validation Stats
Loss:
  total: 0.6522491375605265
Metrics:
  kitti_dice: 0.8480385541915894
  kitti_jaccard_macro: 0.42183030645052594
  kitti_jaccard_micro: 0.7607987523078918

2024-06-19 20:29:01,203 - INFO - Epoch 49/120
2024-06-19 20:29:18,826 - INFO - Train Stats
Loss:
  total: 0.08700653993421131
Metrics:
  kitti_dice: 0.9418085217475891
  kitti_jaccard_macro: 0.7058797147538927
  kitti_jaccard_micro: 0.9319245086775886

2024-06-19 20:29:20,324 - INFO - Validation Stats
Loss:
  total: 0.6639548540115356
Metrics:
  kitti_dice: 0.8478309512138367
  kitti_jaccard_macro: 0.4130721588929494
  kitti_jaccard_micro: 0.7602192560831705

2024-06-19 20:29:20,324 - INFO - Epoch 50/120
2024-06-19 20:29:38,035 - INFO - Train Stats
Loss:
  total: 0.08476846913496654
Metrics:
  kitti_dice: 0.9429628385437859
  kitti_jaccard_macro: 0.7329854832755195
  kitti_jaccard_micro: 0.933669798903995

2024-06-19 20:29:39,530 - INFO - Validation Stats
Loss:
  total: 0.6417198181152344
Metrics:
  kitti_dice: 0.849496086438497
  kitti_jaccard_macro: 0.4195712208747864
  kitti_jaccard_micro: 0.7630493442217509

2024-06-19 20:29:40,379 - INFO - Epoch 51/120
2024-06-19 20:29:58,050 - INFO - Train Stats
Loss:
  total: 0.08437797096040514
Metrics:
  kitti_dice: 0.9429256319999695
  kitti_jaccard_macro: 0.7336696783701578
  kitti_jaccard_micro: 0.9333418409029642

2024-06-19 20:29:59,550 - INFO - Validation Stats
Loss:
  total: 0.6433369119962057
Metrics:
  kitti_dice: 0.8497240940729777
  kitti_jaccard_macro: 0.4118756353855133
  kitti_jaccard_micro: 0.7635333935419718

2024-06-19 20:29:59,550 - INFO - Epoch 52/120
2024-06-19 20:30:17,200 - INFO - Train Stats
Loss:
  total: 0.0831157656179534
Metrics:
  kitti_dice: 0.9428848028182983
  kitti_jaccard_macro: 0.7216722700330946
  kitti_jaccard_micro: 0.9343510535028245

2024-06-19 20:30:18,702 - INFO - Validation Stats
Loss:
  total: 0.6447457671165466
Metrics:
  kitti_dice: 0.8505008618036906
  kitti_jaccard_macro: 0.42053306102752686
  kitti_jaccard_micro: 0.7645397981007894

2024-06-19 20:30:18,702 - INFO - Epoch 53/120
2024-06-19 20:30:36,415 - INFO - Train Stats
Loss:
  total: 0.08237742177314228
Metrics:
  kitti_dice: 0.9429068697823418
  kitti_jaccard_macro: 0.7363267673386468
  kitti_jaccard_micro: 0.9344344933827718

2024-06-19 20:30:37,914 - INFO - Validation Stats
Loss:
  total: 0.6616243918736776
Metrics:
  kitti_dice: 0.8483810623486837
  kitti_jaccard_macro: 0.407584547996521
  kitti_jaccard_micro: 0.7618585228919983

2024-06-19 20:30:37,914 - INFO - Epoch 54/120
2024-06-19 20:30:55,601 - INFO - Train Stats
Loss:
  total: 0.08320639986130926
Metrics:
  kitti_dice: 0.9431242412990994
  kitti_jaccard_macro: 0.7440078854560852
  kitti_jaccard_micro: 0.934540867805481

2024-06-19 20:30:57,099 - INFO - Validation Stats
Loss:
  total: 0.6322892705599467
Metrics:
  kitti_dice: 0.8502856890360514
  kitti_jaccard_macro: 0.4243844946225484
  kitti_jaccard_micro: 0.7642330725987753

2024-06-19 20:30:57,099 - INFO - Epoch 55/120
2024-06-19 20:31:14,741 - INFO - Train Stats
Loss:
  total: 0.08112323615286085
Metrics:
  kitti_dice: 0.9444628092977736
  kitti_jaccard_macro: 0.7360085447629293
  kitti_jaccard_micro: 0.9360360701878866

2024-06-19 20:31:16,234 - INFO - Validation Stats
Loss:
  total: 0.6824227372805277
Metrics:
  kitti_dice: 0.8498233556747437
  kitti_jaccard_macro: 0.40656594435373944
  kitti_jaccard_micro: 0.7639293471972147

2024-06-19 20:31:17,085 - INFO - Epoch 56/120
2024-06-19 20:31:34,753 - INFO - Train Stats
Loss:
  total: 0.08040325674745771
Metrics:
  kitti_dice: 0.9443339308102926
  kitti_jaccard_macro: 0.7413962615860833
  kitti_jaccard_micro: 0.9363111323780484

2024-06-19 20:31:36,253 - INFO - Validation Stats
Loss:
  total: 0.6475015878677368
Metrics:
  kitti_dice: 0.8493932286898295
  kitti_jaccard_macro: 0.4065040051937103
  kitti_jaccard_micro: 0.762911319732666

2024-06-19 20:31:36,253 - INFO - Epoch 57/120
2024-06-19 20:31:53,875 - INFO - Train Stats
Loss:
  total: 0.08018035441637039
Metrics:
  kitti_dice: 0.9439720776345994
  kitti_jaccard_macro: 0.748650054136912
  kitti_jaccard_micro: 0.9362714754210578

2024-06-19 20:31:55,382 - INFO - Validation Stats
Loss:
  total: 0.656583309173584
Metrics:
  kitti_dice: 0.8497211933135986
  kitti_jaccard_macro: 0.4136422574520111
  kitti_jaccard_micro: 0.7633899648984274

2024-06-19 20:31:55,382 - INFO - Epoch 58/120
2024-06-19 20:32:13,062 - INFO - Train Stats
Loss:
  total: 0.08002275435460939
Metrics:
  kitti_dice: 0.9443414012591044
  kitti_jaccard_macro: 0.7361833453178406
  kitti_jaccard_micro: 0.9361929098765055

2024-06-19 20:32:14,570 - INFO - Validation Stats
Loss:
  total: 0.6727563341458639
Metrics:
  kitti_dice: 0.8495789170265198
  kitti_jaccard_macro: 0.42481974760691327
  kitti_jaccard_micro: 0.7624778747558594

2024-06-19 20:32:14,570 - INFO - Epoch 59/120
2024-06-19 20:32:32,179 - INFO - Train Stats
Loss:
  total: 0.07775949190060298
Metrics:
  kitti_dice: 0.9428854584693909
  kitti_jaccard_macro: 0.7310177418920729
  kitti_jaccard_micro: 0.9378343092070686

2024-06-19 20:32:33,682 - INFO - Validation Stats
Loss:
  total: 0.6382083098093668
Metrics:
  kitti_dice: 0.8507121602694193
  kitti_jaccard_macro: 0.41146164139111835
  kitti_jaccard_micro: 0.7649120092391968

2024-06-19 20:32:33,682 - INFO - Epoch 60/120
2024-06-19 20:32:51,381 - INFO - Train Stats
Loss:
  total: 0.077228717919853
Metrics:
  kitti_dice: 0.9446143441730075
  kitti_jaccard_macro: 0.7375918494330512
  kitti_jaccard_micro: 0.938188804520501

2024-06-19 20:32:52,885 - INFO - Validation Stats
Loss:
  total: 0.6388370196024576
Metrics:
  kitti_dice: 0.8495351870854696
  kitti_jaccard_macro: 0.42048020164171857
  kitti_jaccard_micro: 0.7635248700777689

2024-06-19 20:32:53,798 - INFO - Epoch 61/120
2024-06-19 20:33:11,437 - INFO - Train Stats
Loss:
  total: 0.07602948074539502
Metrics:
  kitti_dice: 0.9452355172899034
  kitti_jaccard_macro: 0.7500646511713663
  kitti_jaccard_micro: 0.9391509758101569

2024-06-19 20:33:12,936 - INFO - Validation Stats
Loss:
  total: 0.660175601641337
Metrics:
  kitti_dice: 0.8498451511065165
  kitti_jaccard_macro: 0.41521917780240375
  kitti_jaccard_micro: 0.7642036477724711

2024-06-19 20:33:12,936 - INFO - Epoch 62/120
2024-06-19 20:33:30,637 - INFO - Train Stats
Loss:
  total: 0.07609137147665024
Metrics:
  kitti_dice: 0.9458165036307441
  kitti_jaccard_macro: 0.7552631960974799
  kitti_jaccard_micro: 0.9391496777534485

2024-06-19 20:33:32,135 - INFO - Validation Stats
Loss:
  total: 0.6704305609067281
Metrics:
  kitti_dice: 0.8475565512975057
  kitti_jaccard_macro: 0.4142518738905589
  kitti_jaccard_micro: 0.7602683703104655

2024-06-19 20:33:32,135 - INFO - Epoch 63/120
2024-06-19 20:33:49,723 - INFO - Train Stats
Loss:
  total: 0.07571535060803096
Metrics:
  kitti_dice: 0.9458129472202725
  kitti_jaccard_macro: 0.7711269193225436
  kitti_jaccard_micro: 0.9391208489735922

2024-06-19 20:33:51,220 - INFO - Validation Stats
Loss:
  total: 0.6709420482317606
Metrics:
  kitti_dice: 0.850287397702535
  kitti_jaccard_macro: 0.4145162304242452
  kitti_jaccard_micro: 0.7637184063593546

2024-06-19 20:33:51,220 - INFO - Epoch 64/120
2024-06-19 20:34:08,820 - INFO - Train Stats
Loss:
  total: 0.07685419254832798
Metrics:
  kitti_dice: 0.9451802174250284
  kitti_jaccard_macro: 0.745148413711124
  kitti_jaccard_micro: 0.9378586742613051

2024-06-19 20:34:10,318 - INFO - Validation Stats
Loss:
  total: 0.6707258224487305
Metrics:
  kitti_dice: 0.8493597904841105
  kitti_jaccard_macro: 0.42017776767412823
  kitti_jaccard_micro: 0.7631722489992777

2024-06-19 20:34:10,318 - INFO - Epoch 65/120
2024-06-19 20:34:28,051 - INFO - Train Stats
Loss:
  total: 0.07543339331944783
Metrics:
  kitti_dice: 0.9459809727138944
  kitti_jaccard_macro: 0.748220337761773
  kitti_jaccard_micro: 0.939195540216234

2024-06-19 20:34:29,554 - INFO - Validation Stats
Loss:
  total: 0.6654485662778219
Metrics:
  kitti_dice: 0.851971427599589
  kitti_jaccard_macro: 0.4166478017965953
  kitti_jaccard_micro: 0.7669257124265035

2024-06-19 20:34:30,418 - INFO - Epoch 66/120
2024-06-19 20:34:48,074 - INFO - Train Stats
Loss:
  total: 0.07517413256896867
Metrics:
  kitti_dice: 0.9442179534170363
  kitti_jaccard_macro: 0.7422818144162496
  kitti_jaccard_micro: 0.9393187231487699

2024-06-19 20:34:49,569 - INFO - Validation Stats
Loss:
  total: 0.6614473859469095
Metrics:
  kitti_dice: 0.8468542893727621
  kitti_jaccard_macro: 0.4138380189736684
  kitti_jaccard_micro: 0.759121815363566

2024-06-19 20:34:49,569 - INFO - Epoch 67/120
2024-06-19 20:35:07,238 - INFO - Train Stats
Loss:
  total: 0.0762692176633411
Metrics:
  kitti_dice: 0.9452439811494615
  kitti_jaccard_macro: 0.7482752799987793
  kitti_jaccard_micro: 0.9384381373723348

2024-06-19 20:35:08,739 - INFO - Validation Stats
Loss:
  total: 0.6657549937566122
Metrics:
  kitti_dice: 0.8488856355349222
  kitti_jaccard_macro: 0.406536469856898
  kitti_jaccard_micro: 0.7621108492215475

2024-06-19 20:35:08,739 - INFO - Epoch 68/120
2024-06-19 20:35:26,411 - INFO - Train Stats
Loss:
  total: 0.07468610919184154
Metrics:
  kitti_dice: 0.9458308087454902
  kitti_jaccard_macro: 0.7611216637823317
  kitti_jaccard_micro: 0.9393283791012235

2024-06-19 20:35:27,912 - INFO - Validation Stats
Loss:
  total: 0.6473365426063538
Metrics:
  kitti_dice: 0.851694126923879
  kitti_jaccard_macro: 0.4221006731192271
  kitti_jaccard_micro: 0.7665389577547709

2024-06-19 20:35:27,912 - INFO - Epoch 69/120
2024-06-19 20:35:45,604 - INFO - Train Stats
Loss:
  total: 0.07578472958670722
Metrics:
  kitti_dice: 0.94543766313129
  kitti_jaccard_macro: 0.7619354724884033
  kitti_jaccard_micro: 0.9386562771267362

2024-06-19 20:35:47,108 - INFO - Validation Stats
Loss:
  total: 0.6797482570012411
Metrics:
  kitti_dice: 0.8502133289972941
  kitti_jaccard_macro: 0.42492929100990295
  kitti_jaccard_micro: 0.7639857530593872

2024-06-19 20:35:47,108 - INFO - Epoch 70/120
2024-06-19 20:36:04,779 - INFO - Train Stats
Loss:
  total: 0.07596049830317497
Metrics:
  kitti_dice: 0.9456254045168558
  kitti_jaccard_macro: 0.7562672098477682
  kitti_jaccard_micro: 0.9386422700352139

2024-06-19 20:36:06,275 - INFO - Validation Stats
Loss:
  total: 0.67708820104599
Metrics:
  kitti_dice: 0.8467010458310446
  kitti_jaccard_macro: 0.41587088505427044
  kitti_jaccard_micro: 0.7587426702181498

2024-06-19 20:36:07,110 - INFO - Epoch 71/120
2024-06-19 20:36:24,735 - INFO - Train Stats
Loss:
  total: 0.07566541681687038
Metrics:
  kitti_dice: 0.9455431699752808
  kitti_jaccard_macro: 0.742130286163754
  kitti_jaccard_micro: 0.9387350943353441

2024-06-19 20:36:26,238 - INFO - Validation Stats
Loss:
  total: 0.6668671170870463
Metrics:
  kitti_dice: 0.8530670205752054
  kitti_jaccard_macro: 0.4277186691761017
  kitti_jaccard_micro: 0.7676826119422913

2024-06-19 20:36:26,238 - INFO - Epoch 72/120
2024-06-19 20:36:43,877 - INFO - Train Stats
Loss:
  total: 0.07467046214474572
Metrics:
  kitti_dice: 0.9455383155081007
  kitti_jaccard_macro: 0.7587293254004585
  kitti_jaccard_micro: 0.9397651222017076

2024-06-19 20:36:45,380 - INFO - Validation Stats
Loss:
  total: 0.6838871439297994
Metrics:
  kitti_dice: 0.8487810889879862
  kitti_jaccard_macro: 0.4183661739031474
  kitti_jaccard_micro: 0.7615615129470825

2024-06-19 20:36:45,380 - INFO - Epoch 73/120
2024-06-19 20:37:03,026 - INFO - Train Stats
Loss:
  total: 0.07369303123818503
Metrics:
  kitti_dice: 0.9465169178114997
  kitti_jaccard_macro: 0.7557465500301785
  kitti_jaccard_micro: 0.9401556915707059

2024-06-19 20:37:04,516 - INFO - Validation Stats
Loss:
  total: 0.6790454188982645
Metrics:
  kitti_dice: 0.8495038151741028
  kitti_jaccard_macro: 0.4182315369447072
  kitti_jaccard_micro: 0.76358429590861

2024-06-19 20:37:04,516 - INFO - Epoch 74/120
2024-06-19 20:37:22,140 - INFO - Train Stats
Loss:
  total: 0.07355432916018698
Metrics:
  kitti_dice: 0.9462448159853617
  kitti_jaccard_macro: 0.7573617829216851
  kitti_jaccard_micro: 0.9402111172676086

2024-06-19 20:37:23,640 - INFO - Validation Stats
Loss:
  total: 0.673203726609548
Metrics:
  kitti_dice: 0.8512546420097351
  kitti_jaccard_macro: 0.41548385222752887
  kitti_jaccard_micro: 0.7662028868993124

2024-06-19 20:37:23,641 - INFO - Epoch 75/120
2024-06-19 20:37:41,288 - INFO - Train Stats
Loss:
  total: 0.07211326683561008
Metrics:
  kitti_dice: 0.9467614889144897
  kitti_jaccard_macro: 0.7759591341018677
  kitti_jaccard_micro: 0.9413241942723592

2024-06-19 20:37:42,788 - INFO - Validation Stats
Loss:
  total: 0.6765091816584269
Metrics:
  kitti_dice: 0.8506030440330505
  kitti_jaccard_macro: 0.42026137312253314
  kitti_jaccard_micro: 0.765449325243632

2024-06-19 20:37:43,691 - INFO - Epoch 76/120
2024-06-19 20:38:01,327 - INFO - Train Stats
Loss:
  total: 0.07286244920558399
Metrics:
  kitti_dice: 0.9467161827617221
  kitti_jaccard_macro: 0.7507722245322334
  kitti_jaccard_micro: 0.940807494852278

2024-06-19 20:38:02,826 - INFO - Validation Stats
Loss:
  total: 0.6926272710164388
Metrics:
  kitti_dice: 0.8478845159212748
  kitti_jaccard_macro: 0.4193652967611949
  kitti_jaccard_micro: 0.7604729930559794

2024-06-19 20:38:02,826 - INFO - Epoch 77/120
2024-06-19 20:38:20,451 - INFO - Train Stats
Loss:
  total: 0.07314061746001244
Metrics:
  kitti_dice: 0.9445938865343729
  kitti_jaccard_macro: 0.7626926832728915
  kitti_jaccard_micro: 0.9405879047181871

2024-06-19 20:38:21,953 - INFO - Validation Stats
Loss:
  total: 0.6758979161580404
Metrics:
  kitti_dice: 0.8483456969261169
  kitti_jaccard_macro: 0.41241613030433655
  kitti_jaccard_micro: 0.7616554498672485

2024-06-19 20:38:21,953 - INFO - Epoch 78/120
2024-06-19 20:38:39,581 - INFO - Train Stats
Loss:
  total: 0.07196034946375424
Metrics:
  kitti_dice: 0.9464793735080295
  kitti_jaccard_macro: 0.7700889971521165
  kitti_jaccard_micro: 0.9414154820972018

2024-06-19 20:38:41,079 - INFO - Validation Stats
Loss:
  total: 0.6878553430239359
Metrics:
  kitti_dice: 0.850753903388977
  kitti_jaccard_macro: 0.4224456350008647
  kitti_jaccard_micro: 0.7653074860572815

2024-06-19 20:38:41,079 - INFO - Epoch 79/120
2024-06-19 20:38:58,816 - INFO - Train Stats
Loss:
  total: 0.07189905891815822
Metrics:
  kitti_dice: 0.9465747210714552
  kitti_jaccard_macro: 0.761765738328298
  kitti_jaccard_micro: 0.9412256876627604

2024-06-19 20:39:00,312 - INFO - Validation Stats
Loss:
  total: 0.6927436788876852
Metrics:
  kitti_dice: 0.8514378865559896
  kitti_jaccard_macro: 0.42138688762982685
  kitti_jaccard_micro: 0.7666487892468771

2024-06-19 20:39:00,312 - INFO - Epoch 80/120
2024-06-19 20:39:17,989 - INFO - Train Stats
Loss:
  total: 0.071058782024516
Metrics:
  kitti_dice: 0.9468099474906921
  kitti_jaccard_macro: 0.7857711911201477
  kitti_jaccard_micro: 0.9420077999432882

2024-06-19 20:39:19,486 - INFO - Validation Stats
Loss:
  total: 0.7043903470039368
Metrics:
  kitti_dice: 0.8483715057373047
  kitti_jaccard_macro: 0.4181578556696574
  kitti_jaccard_micro: 0.7612489859263102

2024-06-19 20:39:20,403 - INFO - Epoch 81/120
2024-06-19 20:39:38,072 - INFO - Train Stats
Loss:
  total: 0.07088805279797977
Metrics:
  kitti_dice: 0.9469121098518372
  kitti_jaccard_macro: 0.780868735578325
  kitti_jaccard_micro: 0.9422632786962721

2024-06-19 20:39:39,571 - INFO - Validation Stats
Loss:
  total: 0.6913746992746989
Metrics:
  kitti_dice: 0.8512146472930908
  kitti_jaccard_macro: 0.4240520695845286
  kitti_jaccard_micro: 0.7655136585235596

2024-06-19 20:39:39,571 - INFO - Epoch 82/120
2024-06-19 20:39:57,221 - INFO - Train Stats
Loss:
  total: 0.0696541919476456
Metrics:
  kitti_dice: 0.9477164414193895
  kitti_jaccard_macro: 0.7543713914023505
  kitti_jaccard_micro: 0.9428258273336623

2024-06-19 20:39:58,724 - INFO - Validation Stats
Loss:
  total: 0.7010670701662699
Metrics:
  kitti_dice: 0.8514835635821024
  kitti_jaccard_macro: 0.4224337538083394
  kitti_jaccard_micro: 0.7663270632425944

2024-06-19 20:39:58,724 - INFO - Epoch 83/120
2024-06-19 20:40:16,367 - INFO - Train Stats
Loss:
  total: 0.07038994133472443
Metrics:
  kitti_dice: 0.947744263543023
  kitti_jaccard_macro: 0.7637080285284255
  kitti_jaccard_micro: 0.9424788355827332

2024-06-19 20:40:17,859 - INFO - Validation Stats
Loss:
  total: 0.6935017506281534
Metrics:
  kitti_dice: 0.8490457137425741
  kitti_jaccard_macro: 0.41733519236246747
  kitti_jaccard_micro: 0.7620529532432556

2024-06-19 20:40:17,859 - INFO - Epoch 84/120
2024-06-19 20:40:35,493 - INFO - Train Stats
Loss:
  total: 0.06942769015828769
Metrics:
  kitti_dice: 0.9471772313117981
  kitti_jaccard_macro: 0.768485062652164
  kitti_jaccard_micro: 0.9429324269294739

2024-06-19 20:40:36,997 - INFO - Validation Stats
Loss:
  total: 0.7067197759946188
Metrics:
  kitti_dice: 0.8481512467066447
  kitti_jaccard_macro: 0.41644740104675293
  kitti_jaccard_micro: 0.7613626519838969

2024-06-19 20:40:36,997 - INFO - Epoch 85/120
2024-06-19 20:40:54,669 - INFO - Train Stats
Loss:
  total: 0.07036561063594288
Metrics:
  kitti_dice: 0.9473967221048143
  kitti_jaccard_macro: 0.7608606219291687
  kitti_jaccard_micro: 0.9428694711791145

2024-06-19 20:40:56,169 - INFO - Validation Stats
Loss:
  total: 0.7104842662811279
Metrics:
  kitti_dice: 0.8489192326863607
  kitti_jaccard_macro: 0.41725772619247437
  kitti_jaccard_micro: 0.7621973752975464

2024-06-19 20:40:56,987 - INFO - Epoch 86/120
2024-06-19 20:41:14,546 - INFO - Train Stats
Loss:
  total: 0.07044167858031061
Metrics:
  kitti_dice: 0.9472363458739387
  kitti_jaccard_macro: 0.7663905024528503
  kitti_jaccard_micro: 0.9426849881807963

2024-06-19 20:41:16,046 - INFO - Validation Stats
Loss:
  total: 0.7046582301457723
Metrics:
  kitti_dice: 0.8492154479026794
  kitti_jaccard_macro: 0.41196081042289734
  kitti_jaccard_micro: 0.7630085150400797

2024-06-19 20:41:16,046 - INFO - Epoch 87/120
2024-06-19 20:41:33,697 - INFO - Train Stats
Loss:
  total: 0.06964597188764149
Metrics:
  kitti_dice: 0.947598761982388
  kitti_jaccard_macro: 0.7644151051839193
  kitti_jaccard_micro: 0.9431621498531766

2024-06-19 20:41:35,196 - INFO - Validation Stats
Loss:
  total: 0.6878305673599243
Metrics:
  kitti_dice: 0.8503057956695557
  kitti_jaccard_macro: 0.4187995195388794
  kitti_jaccard_micro: 0.7638840675354004

2024-06-19 20:41:35,196 - INFO - Epoch 88/120
2024-06-19 20:41:52,889 - INFO - Train Stats
Loss:
  total: 0.06794702510039012
Metrics:
  kitti_dice: 0.9481379787127177
  kitti_jaccard_macro: 0.7867914769384596
  kitti_jaccard_micro: 0.9439239501953125

2024-06-19 20:41:54,390 - INFO - Validation Stats
Loss:
  total: 0.6921866138776144
Metrics:
  kitti_dice: 0.8497523466746012
  kitti_jaccard_macro: 0.4268939097722371
  kitti_jaccard_micro: 0.7636673847834269

2024-06-19 20:41:54,391 - INFO - Epoch 89/120
2024-06-19 20:42:12,074 - INFO - Train Stats
Loss:
  total: 0.06690968655877644
Metrics:
  kitti_dice: 0.9484053055445353
  kitti_jaccard_macro: 0.7717378205723233
  kitti_jaccard_micro: 0.9449547198083665

2024-06-19 20:42:13,582 - INFO - Validation Stats
Loss:
  total: 0.6735584139823914
Metrics:
  kitti_dice: 0.8509714206059774
  kitti_jaccard_macro: 0.4211158553759257
  kitti_jaccard_micro: 0.7654963533083597

2024-06-19 20:42:13,582 - INFO - Epoch 90/120
2024-06-19 20:42:31,244 - INFO - Train Stats
Loss:
  total: 0.06911729648709297
Metrics:
  kitti_dice: 0.9476586182912191
  kitti_jaccard_macro: 0.7580219507217407
  kitti_jaccard_micro: 0.9430789748827616

2024-06-19 20:42:32,743 - INFO - Validation Stats
Loss:
  total: 0.6883724530537924
Metrics:
  kitti_dice: 0.8526136875152588
  kitti_jaccard_macro: 0.41679381330808
  kitti_jaccard_micro: 0.7679900129636129

2024-06-19 20:42:33,602 - INFO - Epoch 91/120
2024-06-19 20:42:51,228 - INFO - Train Stats
Loss:
  total: 0.06879621744155884
Metrics:
  kitti_dice: 0.9475635091463724
  kitti_jaccard_macro: 0.7732155852847629
  kitti_jaccard_micro: 0.9427297645144992

2024-06-19 20:42:52,731 - INFO - Validation Stats
Loss:
  total: 0.6969992518424988
Metrics:
  kitti_dice: 0.8506116469701132
  kitti_jaccard_macro: 0.41866759459177655
  kitti_jaccard_micro: 0.7647691965103149

2024-06-19 20:42:52,731 - INFO - Epoch 92/120
2024-06-19 20:43:10,338 - INFO - Train Stats
Loss:
  total: 0.06888293474912643
Metrics:
  kitti_dice: 0.9477707280053033
  kitti_jaccard_macro: 0.772801313135359
  kitti_jaccard_micro: 0.9430480533175998

2024-06-19 20:43:11,833 - INFO - Validation Stats
Loss:
  total: 0.6905292471249899
Metrics:
  kitti_dice: 0.8496143817901611
  kitti_jaccard_macro: 0.4217613736788432
  kitti_jaccard_micro: 0.763796071211497

2024-06-19 20:43:11,833 - INFO - Epoch 93/120
2024-06-19 20:43:29,495 - INFO - Train Stats
Loss:
  total: 0.06874268626173337
Metrics:
  kitti_dice: 0.9481832186381022
  kitti_jaccard_macro: 0.7718656592898898
  kitti_jaccard_micro: 0.9433339767985873

2024-06-19 20:43:30,999 - INFO - Validation Stats
Loss:
  total: 0.6891719500223795
Metrics:
  kitti_dice: 0.8503218094507853
  kitti_jaccard_macro: 0.42215705911318463
  kitti_jaccard_micro: 0.7645971576372782

2024-06-19 20:43:30,999 - INFO - Epoch 94/120
2024-06-19 20:43:48,658 - INFO - Train Stats
Loss:
  total: 0.06967237550351355
Metrics:
  kitti_dice: 0.9476572473843893
  kitti_jaccard_macro: 0.766812821229299
  kitti_jaccard_micro: 0.9424885047806634

2024-06-19 20:43:50,158 - INFO - Validation Stats
Loss:
  total: 0.6885740160942078
Metrics:
  kitti_dice: 0.8512743512789408
  kitti_jaccard_macro: 0.4201190074284871
  kitti_jaccard_micro: 0.7657728791236877

2024-06-19 20:43:50,158 - INFO - Epoch 95/120
2024-06-19 20:44:07,852 - INFO - Train Stats
Loss:
  total: 0.06886780551738209
Metrics:
  kitti_dice: 0.9479136135843065
  kitti_jaccard_macro: 0.7727947301334805
  kitti_jaccard_micro: 0.9436056349012587

2024-06-19 20:44:09,349 - INFO - Validation Stats
Loss:
  total: 0.716119647026062
Metrics:
  kitti_dice: 0.8495651682217916
  kitti_jaccard_macro: 0.4168022572994232
  kitti_jaccard_micro: 0.7631910443305969

2024-06-19 20:44:10,187 - INFO - Epoch 96/120
2024-06-19 20:44:27,754 - INFO - Train Stats
Loss:
  total: 0.06788016979893048
Metrics:
  kitti_dice: 0.9467003610399034
  kitti_jaccard_macro: 0.7787092592981126
  kitti_jaccard_micro: 0.9438596765200297

2024-06-19 20:44:29,232 - INFO - Validation Stats
Loss:
  total: 0.6940607031186422
Metrics:
  kitti_dice: 0.8534680604934692
  kitti_jaccard_macro: 0.421232412258784
  kitti_jaccard_micro: 0.7685916622479757

2024-06-19 20:44:29,232 - INFO - Epoch 97/120
2024-06-19 20:44:46,816 - INFO - Train Stats
Loss:
  total: 0.06657246541645792
Metrics:
  kitti_dice: 0.9490190413263109
  kitti_jaccard_macro: 0.7754502826266818
  kitti_jaccard_micro: 0.945035907957289

2024-06-19 20:44:48,320 - INFO - Validation Stats
Loss:
  total: 0.6984948118527731
Metrics:
  kitti_dice: 0.8517882625261942
  kitti_jaccard_macro: 0.42558639248212177
  kitti_jaccard_micro: 0.7663883169492086

2024-06-19 20:44:48,320 - INFO - Epoch 98/120
2024-06-19 20:45:06,010 - INFO - Train Stats
Loss:
  total: 0.06547382805082533
Metrics:
  kitti_dice: 0.9489787088500129
  kitti_jaccard_macro: 0.7655548320876228
  kitti_jaccard_micro: 0.9454806778166029

2024-06-19 20:45:07,511 - INFO - Validation Stats
Loss:
  total: 0.7251185576121012
Metrics:
  kitti_dice: 0.8492530385653178
  kitti_jaccard_macro: 0.42124999562899273
  kitti_jaccard_micro: 0.7629757523536682

2024-06-19 20:45:07,512 - INFO - Epoch 99/120
2024-06-19 20:45:25,195 - INFO - Train Stats
Loss:
  total: 0.06522822462850147
Metrics:
  kitti_dice: 0.9490966664420234
  kitti_jaccard_macro: 0.7888971302244399
  kitti_jaccard_micro: 0.9461532764964633

2024-06-19 20:45:26,702 - INFO - Validation Stats
Loss:
  total: 0.6896767218907675
Metrics:
  kitti_dice: 0.8524272441864014
  kitti_jaccard_macro: 0.42204606533050537
  kitti_jaccard_micro: 0.7682766119639078

2024-06-19 20:45:26,702 - INFO - Epoch 100/120
2024-06-19 20:45:44,315 - INFO - Train Stats
Loss:
  total: 0.06486726138326857
Metrics:
  kitti_dice: 0.9495302438735962
  kitti_jaccard_macro: 0.7901642786131965
  kitti_jaccard_micro: 0.9461120764414469

2024-06-19 20:45:45,818 - INFO - Validation Stats
Loss:
  total: 0.714438796043396
Metrics:
  kitti_dice: 0.8514424165089926
  kitti_jaccard_macro: 0.4244358738263448
  kitti_jaccard_micro: 0.7667563954989115

2024-06-19 20:45:46,807 - INFO - Epoch 101/120
2024-06-19 20:46:04,493 - INFO - Train Stats
Loss:
  total: 0.06481989183359677
Metrics:
  kitti_dice: 0.9491840203603109
  kitti_jaccard_macro: 0.7843561768531799
  kitti_jaccard_micro: 0.9462826384438409

2024-06-19 20:46:05,979 - INFO - Validation Stats
Loss:
  total: 0.7015459934870402
Metrics:
  kitti_dice: 0.8520729144414266
  kitti_jaccard_macro: 0.43087176481882733
  kitti_jaccard_micro: 0.766988217830658

2024-06-19 20:46:05,979 - INFO - Epoch 102/120
2024-06-19 20:46:23,614 - INFO - Train Stats
Loss:
  total: 0.06547430819935268
Metrics:
  kitti_dice: 0.9494637118445503
  kitti_jaccard_macro: 0.7843162351184421
  kitti_jaccard_micro: 0.9459201296170553

2024-06-19 20:46:25,115 - INFO - Validation Stats
Loss:
  total: 0.7294702927271525
Metrics:
  kitti_dice: 0.8516416549682617
  kitti_jaccard_macro: 0.4254075189431508
  kitti_jaccard_micro: 0.7663806875546774

2024-06-19 20:46:25,115 - INFO - Epoch 103/120
2024-06-19 20:46:42,809 - INFO - Train Stats
Loss:
  total: 0.06473172166281277
Metrics:
  kitti_dice: 0.9493756294250488
  kitti_jaccard_macro: 0.8051408661736382
  kitti_jaccard_micro: 0.9462855590714349

2024-06-19 20:46:44,317 - INFO - Validation Stats
Loss:
  total: 0.7157653172810873
Metrics:
  kitti_dice: 0.8503520488739014
  kitti_jaccard_macro: 0.42437779903411865
  kitti_jaccard_micro: 0.7646532456080118

2024-06-19 20:46:44,317 - INFO - Epoch 104/120
2024-06-19 20:47:01,970 - INFO - Train Stats
Loss:
  total: 0.0649090309937795
Metrics:
  kitti_dice: 0.9476392004224989
  kitti_jaccard_macro: 0.7694684796863132
  kitti_jaccard_micro: 0.9461385938856337

2024-06-19 20:47:03,466 - INFO - Validation Stats
Loss:
  total: 0.6925885279973348
Metrics:
  kitti_dice: 0.8517666856447855
  kitti_jaccard_macro: 0.42787853876749676
  kitti_jaccard_micro: 0.7665183742841085

2024-06-19 20:47:03,466 - INFO - Epoch 105/120
2024-06-19 20:47:21,157 - INFO - Train Stats
Loss:
  total: 0.06498988759186533
Metrics:
  kitti_dice: 0.9474714332156711
  kitti_jaccard_macro: 0.7779591348436143
  kitti_jaccard_micro: 0.9463456339306302

2024-06-19 20:47:22,668 - INFO - Validation Stats
Loss:
  total: 0.7059561411539713
Metrics:
  kitti_dice: 0.853272537390391
  kitti_jaccard_macro: 0.40980252623558044
  kitti_jaccard_micro: 0.7689328789710999

2024-06-19 20:47:23,560 - INFO - Epoch 106/120
2024-06-19 20:47:41,162 - INFO - Train Stats
Loss:
  total: 0.0646718901892503
Metrics:
  kitti_dice: 0.949354887008667
  kitti_jaccard_macro: 0.7851109968291389
  kitti_jaccard_micro: 0.9461120433277554

2024-06-19 20:47:42,667 - INFO - Validation Stats
Loss:
  total: 0.7052147388458252
Metrics:
  kitti_dice: 0.8519636789957682
  kitti_jaccard_macro: 0.4300331672032674
  kitti_jaccard_micro: 0.767046312491099

2024-06-19 20:47:42,667 - INFO - Epoch 107/120
2024-06-19 20:48:00,327 - INFO - Train Stats
Loss:
  total: 0.06389978238277966
Metrics:
  kitti_dice: 0.9492321213086446
  kitti_jaccard_macro: 0.7869702842500474
  kitti_jaccard_micro: 0.9468083447880216

2024-06-19 20:48:01,838 - INFO - Validation Stats
Loss:
  total: 0.7103803157806396
Metrics:
  kitti_dice: 0.8500533898671468
  kitti_jaccard_macro: 0.41251198450724286
  kitti_jaccard_micro: 0.7636722723642985

2024-06-19 20:48:01,838 - INFO - Epoch 108/120
2024-06-19 20:48:19,499 - INFO - Train Stats
Loss:
  total: 0.06405398787723647
Metrics:
  kitti_dice: 0.9494830899768405
  kitti_jaccard_macro: 0.7663295732604133
  kitti_jaccard_micro: 0.946673764122857

2024-06-19 20:48:21,001 - INFO - Validation Stats
Loss:
  total: 0.717242697874705
Metrics:
  kitti_dice: 0.8526124755541483
  kitti_jaccard_macro: 0.4164312183856964
  kitti_jaccard_micro: 0.7676671743392944

2024-06-19 20:48:21,001 - INFO - Epoch 109/120
2024-06-19 20:48:38,721 - INFO - Train Stats
Loss:
  total: 0.06326133964790238
Metrics:
  kitti_dice: 0.9500326116879781
  kitti_jaccard_macro: 0.8009404341379801
  kitti_jaccard_micro: 0.9473801983727349

2024-06-19 20:48:40,220 - INFO - Validation Stats
Loss:
  total: 0.7224496603012085
Metrics:
  kitti_dice: 0.8518216411272684
  kitti_jaccard_macro: 0.4262046813964844
  kitti_jaccard_micro: 0.7667558987935384

2024-06-19 20:48:40,220 - INFO - Epoch 110/120
2024-06-19 20:48:57,837 - INFO - Train Stats
Loss:
  total: 0.0628746242986785
Metrics:
  kitti_dice: 0.9496480292744107
  kitti_jaccard_macro: 0.7971565326054891
  kitti_jaccard_micro: 0.9476525319947137

2024-06-19 20:48:59,339 - INFO - Validation Stats
Loss:
  total: 0.7113550106684366
Metrics:
  kitti_dice: 0.8509358167648315
  kitti_jaccard_macro: 0.4276771346728007
  kitti_jaccard_micro: 0.7653259436289469

2024-06-19 20:49:00,191 - INFO - Epoch 111/120
2024-06-19 20:49:17,847 - INFO - Train Stats
Loss:
  total: 0.06316853397422367
Metrics:
  kitti_dice: 0.9501310454474555
  kitti_jaccard_macro: 0.7841124733289083
  kitti_jaccard_micro: 0.9474399089813232

2024-06-19 20:49:19,349 - INFO - Validation Stats
Loss:
  total: 0.7078860600789388
Metrics:
  kitti_dice: 0.8507953683535258
  kitti_jaccard_macro: 0.4166206518809001
  kitti_jaccard_micro: 0.7654275099436442

2024-06-19 20:49:19,349 - INFO - Epoch 112/120
2024-06-19 20:49:37,030 - INFO - Train Stats
Loss:
  total: 0.06294400203559133
Metrics:
  kitti_dice: 0.9499246345625983
  kitti_jaccard_macro: 0.7788088785277473
  kitti_jaccard_micro: 0.9477273490693834

2024-06-19 20:49:38,524 - INFO - Validation Stats
Loss:
  total: 0.7348795930544535
Metrics:
  kitti_dice: 0.8503813147544861
  kitti_jaccard_macro: 0.4241742094357808
  kitti_jaccard_micro: 0.7640171647071838

2024-06-19 20:49:38,524 - INFO - Epoch 113/120
2024-06-19 20:49:56,223 - INFO - Train Stats
Loss:
  total: 0.06284876498911116
Metrics:
  kitti_dice: 0.9496325320667691
  kitti_jaccard_macro: 0.7847887873649597
  kitti_jaccard_micro: 0.9475664297739664

2024-06-19 20:49:57,722 - INFO - Validation Stats
Loss:
  total: 0.7177050709724426
Metrics:
  kitti_dice: 0.8520639141400655
  kitti_jaccard_macro: 0.4296926458676656
  kitti_jaccard_micro: 0.7667017380396525

2024-06-19 20:49:57,723 - INFO - Epoch 114/120
2024-06-19 20:50:15,415 - INFO - Train Stats
Loss:
  total: 0.06283578607771131
Metrics:
  kitti_dice: 0.9494510491689047
  kitti_jaccard_macro: 0.7839845948749118
  kitti_jaccard_micro: 0.9476096563869052

2024-06-19 20:50:16,911 - INFO - Validation Stats
Loss:
  total: 0.734781801700592
Metrics:
  kitti_dice: 0.8513268828392029
  kitti_jaccard_macro: 0.4164416193962097
  kitti_jaccard_micro: 0.7659955223401388

2024-06-19 20:50:16,912 - INFO - Epoch 115/120
2024-06-19 20:50:34,557 - INFO - Train Stats
Loss:
  total: 0.06258055691917737
Metrics:
  kitti_dice: 0.950713038444519
  kitti_jaccard_macro: 0.7830865912967258
  kitti_jaccard_micro: 0.9480417172114054

2024-06-19 20:50:36,056 - INFO - Validation Stats
Loss:
  total: 0.7136178215344747
Metrics:
  kitti_dice: 0.8484922647476196
  kitti_jaccard_macro: 0.42585233847300213
  kitti_jaccard_micro: 0.7615121404329935

2024-06-19 20:50:36,887 - INFO - Epoch 116/120
2024-06-19 20:50:54,576 - INFO - Train Stats
Loss:
  total: 0.0631846429573165
Metrics:
  kitti_dice: 0.9497855305671692
  kitti_jaccard_macro: 0.7983217371834649
  kitti_jaccard_micro: 0.9470048083199395

2024-06-19 20:50:56,067 - INFO - Validation Stats
Loss:
  total: 0.7310620546340942
Metrics:
  kitti_dice: 0.8488235274950663
  kitti_jaccard_macro: 0.41396909952163696
  kitti_jaccard_micro: 0.7624678015708923

2024-06-19 20:50:56,067 - INFO - Epoch 117/120
2024-06-19 20:51:13,634 - INFO - Train Stats
Loss:
  total: 0.06310529427395926
Metrics:
  kitti_dice: 0.9497999681366814
  kitti_jaccard_macro: 0.7933782802687751
  kitti_jaccard_micro: 0.9470762676662869

2024-06-19 20:51:15,136 - INFO - Validation Stats
Loss:
  total: 0.710145910580953
Metrics:
  kitti_dice: 0.8521497845649719
  kitti_jaccard_macro: 0.4337497850259145
  kitti_jaccard_micro: 0.766961415608724

2024-06-19 20:51:15,136 - INFO - Epoch 118/120
2024-06-19 20:51:32,828 - INFO - Train Stats
Loss:
  total: 0.06317147447003259
Metrics:
  kitti_dice: 0.9495483570628696
  kitti_jaccard_macro: 0.7871590587827895
  kitti_jaccard_micro: 0.9472520483864678

2024-06-19 20:51:34,326 - INFO - Validation Stats
Loss:
  total: 0.7418303688367208
Metrics:
  kitti_dice: 0.8501936992009481
  kitti_jaccard_macro: 0.42149730523427326
  kitti_jaccard_micro: 0.7642726103464762

2024-06-19 20:51:34,326 - INFO - Epoch 119/120
2024-06-19 20:51:51,992 - INFO - Train Stats
Loss:
  total: 0.06197035022907787
Metrics:
  kitti_dice: 0.9505547417534722
  kitti_jaccard_macro: 0.7728170156478882
  kitti_jaccard_micro: 0.9483357999059889

2024-06-19 20:51:53,490 - INFO - Validation Stats
Loss:
  total: 0.6885701020558676
Metrics:
  kitti_dice: 0.8510095278422037
  kitti_jaccard_macro: 0.4228100876013438
  kitti_jaccard_micro: 0.7655839721361796

2024-06-19 20:51:53,490 - INFO - Epoch 120/120
2024-06-19 20:52:11,124 - INFO - Train Stats
Loss:
  total: 0.06235740954677264
Metrics:
  kitti_dice: 0.949674559964074
  kitti_jaccard_macro: 0.7903191579712762
  kitti_jaccard_micro: 0.9477980203098721

2024-06-19 20:52:12,620 - INFO - Validation Stats
Loss:
  total: 0.7223327159881592
Metrics:
  kitti_dice: 0.8521514336268107
  kitti_jaccard_macro: 0.4203559358914693
  kitti_jaccard_micro: 0.7669664025306702

2024-06-19 20:52:13,520 - INFO - Best validation loss: 0.552244653304418
2024-06-19 20:52:13,937 - INFO - Best model saved to /home/up201905337/exploring-label-efficiency/weights/sl_kitti_deeplabv3_pretrained_70l.pth
2024-06-19 20:52:13,938 - INFO - Training took 2331.1145482063293 seconds to complete
