2024-05-22 14:14:39,893 - INFO - Loading configuration files...
2024-05-22 14:14:42,122 - INFO - Loading model configuration
args:
  num_classes: 10
class: ResNet50

2024-05-22 14:14:58,229 - INFO - Loading train_dataset configuration
args:
  force_transform: true
  num_labeled: 1000
  root: ./data/
  train_val_split: 0.9
class: SemiSupervisedSVHN

2024-05-22 14:15:13,425 - INFO - Loading val_dataset configuration
args:
  root: ./data/
  train_val_split: 0.9
class: SVHN

2024-05-22 14:15:13,533 - INFO - Loading optimizer configuration
args:
  lr: 0.001
class: Adam

2024-05-22 14:15:13,544 - INFO - Loading loss configuration
args: {}
class: CrossEntropyLoss

2024-05-22 14:15:13,663 - INFO - Loading metrics configuration
svhn_top1_accuracy:
  args:
    num_classes: 10
    task: multiclass
    top_k: 1
  class: Accuracy
svhn_top5_accuracy:
  args:
    num_classes: 10
    task: multiclass
    top_k: 5
  class: Accuracy

2024-05-22 14:15:13,666 - INFO - Loading hyperparameters configuration
batch_size: 128
ema_decay: null
epochs: 100
num_workers: 4
save_freq: 30

2024-05-22 14:15:14,194 - INFO - Using device: cuda
2024-05-22 14:15:15,053 - INFO - Training for 100 epochs
2024-05-22 14:15:15,054 - INFO - Epoch 1/100
2024-05-22 14:15:21,858 - INFO - Train Stats
Loss:
  total: 3.075920671224594
Metrics:
  svhn_top1_accuracy: 0.12432391848415136
  svhn_top5_accuracy: 0.5698617771267891

2024-05-22 14:15:26,427 - INFO - Validation Stats
Loss:
  total: 2.2898936888267256
Metrics:
  svhn_top1_accuracy: 0.1440642960369587
  svhn_top5_accuracy: 0.5882363504376905

2024-05-22 14:15:29,201 - INFO - Epoch 2/100
2024-05-22 14:15:31,400 - INFO - Train Stats
Loss:
  total: 2.5562241673469543
Metrics:
  svhn_top1_accuracy: 0.150390625
  svhn_top5_accuracy: 0.5894681513309479

2024-05-22 14:15:35,683 - INFO - Validation Stats
Loss:
  total: 2.254239768817507
Metrics:
  svhn_top1_accuracy: 0.15026041672661386
  svhn_top5_accuracy: 0.6284752159283079

2024-05-22 14:15:38,600 - INFO - Epoch 3/100
2024-05-22 14:15:40,860 - INFO - Train Stats
Loss:
  total: 2.3413604497909546
Metrics:
  svhn_top1_accuracy: 0.16616586595773697
  svhn_top5_accuracy: 0.6363431513309479

2024-05-22 14:15:45,388 - INFO - Validation Stats
Loss:
  total: 2.257538787249861
Metrics:
  svhn_top1_accuracy: 0.1856950431548316
  svhn_top5_accuracy: 0.6302262935145148

2024-05-22 14:15:45,389 - INFO - Epoch 4/100
2024-05-22 14:15:47,567 - INFO - Train Stats
Loss:
  total: 2.296063154935837
Metrics:
  svhn_top1_accuracy: 0.18088942393660545
  svhn_top5_accuracy: 0.6625600978732109

2024-05-22 14:15:52,201 - INFO - Validation Stats
Loss:
  total: 2.38796171648749
Metrics:
  svhn_top1_accuracy: 0.1756555317290898
  svhn_top5_accuracy: 0.6345635775862069

2024-05-22 14:15:52,202 - INFO - Epoch 5/100
2024-05-22 14:15:54,508 - INFO - Train Stats
Loss:
  total: 2.2949638962745667
Metrics:
  svhn_top1_accuracy: 0.208984375
  svhn_top5_accuracy: 0.6809645444154739

2024-05-22 14:15:59,119 - INFO - Validation Stats
Loss:
  total: 2.3745047635045546
Metrics:
  svhn_top1_accuracy: 0.19219647990218525
  svhn_top5_accuracy: 0.6359105603448276

2024-05-22 14:15:59,120 - INFO - Epoch 6/100
2024-05-22 14:16:01,466 - INFO - Train Stats
Loss:
  total: 2.2030146718025208
Metrics:
  svhn_top1_accuracy: 0.2258864175528288
  svhn_top5_accuracy: 0.699368990957737

2024-05-22 14:16:05,928 - INFO - Validation Stats
Loss:
  total: 2.4210546222226372
Metrics:
  svhn_top1_accuracy: 0.18943067537299518
  svhn_top5_accuracy: 0.65625

2024-05-22 14:16:05,929 - INFO - Epoch 7/100
2024-05-22 14:16:08,191 - INFO - Train Stats
Loss:
  total: 2.1326544284820557
Metrics:
  svhn_top1_accuracy: 0.2327223550528288
  svhn_top5_accuracy: 0.735201321542263

2024-05-22 14:16:12,793 - INFO - Validation Stats
Loss:
  total: 2.432736405010881
Metrics:
  svhn_top1_accuracy: 0.1870420259134523
  svhn_top5_accuracy: 0.6410290948275862

2024-05-22 14:16:12,793 - INFO - Epoch 8/100
2024-05-22 14:16:14,952 - INFO - Train Stats
Loss:
  total: 2.1399480998516083
Metrics:
  svhn_top1_accuracy: 0.2572866603732109
  svhn_top5_accuracy: 0.751126803457737

2024-05-22 14:16:19,371 - INFO - Validation Stats
Loss:
  total: 2.423567660923662
Metrics:
  svhn_top1_accuracy: 0.19061602035473132
  svhn_top5_accuracy: 0.6567977728514836

2024-05-22 14:16:19,372 - INFO - Epoch 9/100
2024-05-22 14:16:21,555 - INFO - Train Stats
Loss:
  total: 2.0495471358299255
Metrics:
  svhn_top1_accuracy: 0.2838040851056576
  svhn_top5_accuracy: 0.773287259042263

2024-05-22 14:16:25,931 - INFO - Validation Stats
Loss:
  total: 2.3751191270762475
Metrics:
  svhn_top1_accuracy: 0.19263649449266237
  svhn_top5_accuracy: 0.665418462506656

2024-05-22 14:16:25,932 - INFO - Epoch 10/100
2024-05-22 14:16:28,002 - INFO - Train Stats
Loss:
  total: 1.9887125194072723
Metrics:
  svhn_top1_accuracy: 0.31280048191547394
  svhn_top5_accuracy: 0.7916165888309479

2024-05-22 14:16:32,619 - INFO - Validation Stats
Loss:
  total: 2.417571178798018
Metrics:
  svhn_top1_accuracy: 0.1851562500513833
  svhn_top5_accuracy: 0.6488146555834803

2024-05-22 14:16:32,620 - INFO - Epoch 11/100
2024-05-22 14:16:34,796 - INFO - Train Stats
Loss:
  total: 1.9646678119897842
Metrics:
  svhn_top1_accuracy: 0.33330829441547394
  svhn_top5_accuracy: 0.816256009042263

2024-05-22 14:16:39,378 - INFO - Validation Stats
Loss:
  total: 2.5228349628119635
Metrics:
  svhn_top1_accuracy: 0.21101831901690055
  svhn_top5_accuracy: 0.6900053877255012

2024-05-22 14:16:39,379 - INFO - Epoch 12/100
2024-05-22 14:16:41,556 - INFO - Train Stats
Loss:
  total: 1.934405878186226
Metrics:
  svhn_top1_accuracy: 0.36448317393660545
  svhn_top5_accuracy: 0.8233173042535782

2024-05-22 14:16:46,054 - INFO - Validation Stats
Loss:
  total: 2.5300775149772905
Metrics:
  svhn_top1_accuracy: 0.22462284487896952
  svhn_top5_accuracy: 0.662257542897915

2024-05-22 14:16:46,055 - INFO - Epoch 13/100
2024-05-22 14:16:48,339 - INFO - Train Stats
Loss:
  total: 1.9358685910701752
Metrics:
  svhn_top1_accuracy: 0.3901742771267891
  svhn_top5_accuracy: 0.8501352146267891

2024-05-22 14:16:52,850 - INFO - Validation Stats
Loss:
  total: 2.760588493840448
Metrics:
  svhn_top1_accuracy: 0.2462104885228749
  svhn_top5_accuracy: 0.689089440066239

2024-05-22 14:16:52,851 - INFO - Epoch 14/100
2024-05-22 14:16:54,944 - INFO - Train Stats
Loss:
  total: 1.906900316476822
Metrics:
  svhn_top1_accuracy: 0.36801382154226303
  svhn_top5_accuracy: 0.8565204292535782

2024-05-22 14:16:59,236 - INFO - Validation Stats
Loss:
  total: 3.076920982064872
Metrics:
  svhn_top1_accuracy: 0.25140086227449876
  svhn_top5_accuracy: 0.7045168825264635

2024-05-22 14:16:59,237 - INFO - Epoch 15/100
2024-05-22 14:17:01,317 - INFO - Train Stats
Loss:
  total: 1.705857053399086
Metrics:
  svhn_top1_accuracy: 0.4351712726056576
  svhn_top5_accuracy: 0.8920522853732109

2024-05-22 14:17:05,821 - INFO - Validation Stats
Loss:
  total: 3.1007789948890947
Metrics:
  svhn_top1_accuracy: 0.2710308910443865
  svhn_top5_accuracy: 0.718085488368725

2024-05-22 14:17:05,822 - INFO - Epoch 16/100
2024-05-22 14:17:07,901 - INFO - Train Stats
Loss:
  total: 1.597795307636261
Metrics:
  svhn_top1_accuracy: 0.48257211595773697
  svhn_top5_accuracy: 0.8976862952113152

2024-05-22 14:17:12,154 - INFO - Validation Stats
Loss:
  total: 2.435131144934687
Metrics:
  svhn_top1_accuracy: 0.28854166690645544
  svhn_top5_accuracy: 0.7414960491246191

2024-05-22 14:17:12,154 - INFO - Epoch 17/100
2024-05-22 14:17:14,592 - INFO - Train Stats
Loss:
  total: 1.6528061777353287
Metrics:
  svhn_top1_accuracy: 0.47137920558452606
  svhn_top5_accuracy: 0.8879206702113152

2024-05-22 14:17:19,646 - INFO - Validation Stats
Loss:
  total: 2.4965337329897386
Metrics:
  svhn_top1_accuracy: 0.3009069685278268
  svhn_top5_accuracy: 0.7489673135609463

2024-05-22 14:17:19,647 - INFO - Epoch 18/100
2024-05-22 14:17:21,995 - INFO - Train Stats
Loss:
  total: 1.519116148352623
Metrics:
  svhn_top1_accuracy: 0.4975210353732109
  svhn_top5_accuracy: 0.9202974736690521

2024-05-22 14:17:26,678 - INFO - Validation Stats
Loss:
  total: 2.9282141944457747
Metrics:
  svhn_top1_accuracy: 0.3235632186305934
  svhn_top5_accuracy: 0.7716056036538091

2024-05-22 14:17:26,679 - INFO - Epoch 19/100
2024-05-22 14:17:29,011 - INFO - Train Stats
Loss:
  total: 1.4000961035490036
Metrics:
  svhn_top1_accuracy: 0.5306490361690521
  svhn_top5_accuracy: 0.9225510805845261

2024-05-22 14:17:33,572 - INFO - Validation Stats
Loss:
  total: 2.450389329729409
Metrics:
  svhn_top1_accuracy: 0.3566720547347233
  svhn_top5_accuracy: 0.7851023704841219

2024-05-22 14:17:33,573 - INFO - Epoch 20/100
2024-05-22 14:17:35,856 - INFO - Train Stats
Loss:
  total: 1.3964782506227493
Metrics:
  svhn_top1_accuracy: 0.559420071542263
  svhn_top5_accuracy: 0.9271334111690521

2024-05-22 14:17:40,508 - INFO - Validation Stats
Loss:
  total: 2.8435688285992065
Metrics:
  svhn_top1_accuracy: 0.35499281616046513
  svhn_top5_accuracy: 0.7996946840450682

2024-05-22 14:17:40,509 - INFO - Epoch 21/100
2024-05-22 14:17:42,665 - INFO - Train Stats
Loss:
  total: 1.2865948230028152
Metrics:
  svhn_top1_accuracy: 0.622896634042263
  svhn_top5_accuracy: 0.9492938667535782

2024-05-22 14:17:47,095 - INFO - Validation Stats
Loss:
  total: 2.6102620712642013
Metrics:
  svhn_top1_accuracy: 0.3655621409416199
  svhn_top5_accuracy: 0.7971892963195669

2024-05-22 14:17:47,095 - INFO - Epoch 22/100
2024-05-22 14:17:49,346 - INFO - Train Stats
Loss:
  total: 1.148968443274498
Metrics:
  svhn_top1_accuracy: 0.638671875
  svhn_top5_accuracy: 0.9590594917535782

2024-05-22 14:17:53,953 - INFO - Validation Stats
Loss:
  total: 2.975425695550853
Metrics:
  svhn_top1_accuracy: 0.39608477004643144
  svhn_top5_accuracy: 0.8083063939522053

2024-05-22 14:17:53,954 - INFO - Epoch 23/100
2024-05-22 14:17:56,073 - INFO - Train Stats
Loss:
  total: 1.193558007478714
Metrics:
  svhn_top1_accuracy: 0.6277043297886848
  svhn_top5_accuracy: 0.952974759042263

2024-05-22 14:18:00,716 - INFO - Validation Stats
Loss:
  total: 2.5518396065152924
Metrics:
  svhn_top1_accuracy: 0.36394576163127507
  svhn_top5_accuracy: 0.8128951150795509

2024-05-22 14:18:00,717 - INFO - Epoch 24/100
2024-05-22 14:18:02,862 - INFO - Train Stats
Loss:
  total: 1.1098457723855972
Metrics:
  svhn_top1_accuracy: 0.6554987952113152
  svhn_top5_accuracy: 0.9580829292535782

2024-05-22 14:18:07,563 - INFO - Validation Stats
Loss:
  total: 3.2862441046484587
Metrics:
  svhn_top1_accuracy: 0.3766343393202486
  svhn_top5_accuracy: 0.8080729163926224

2024-05-22 14:18:07,564 - INFO - Epoch 25/100
2024-05-22 14:18:09,784 - INFO - Train Stats
Loss:
  total: 1.0683219581842422
Metrics:
  svhn_top1_accuracy: 0.653170071542263
  svhn_top5_accuracy: 0.9590594917535782

2024-05-22 14:18:14,636 - INFO - Validation Stats
Loss:
  total: 2.627901887071544
Metrics:
  svhn_top1_accuracy: 0.3913882904011628
  svhn_top5_accuracy: 0.8294630030105854

2024-05-22 14:18:14,636 - INFO - Epoch 26/100
2024-05-22 14:18:16,791 - INFO - Train Stats
Loss:
  total: 0.9289232864975929
Metrics:
  svhn_top1_accuracy: 0.7060546875
  svhn_top5_accuracy: 0.9707782417535782

2024-05-22 14:18:21,094 - INFO - Validation Stats
Loss:
  total: 2.5401204269507835
Metrics:
  svhn_top1_accuracy: 0.4199443248839214
  svhn_top5_accuracy: 0.8289870691710505

2024-05-22 14:18:21,095 - INFO - Epoch 27/100
2024-05-22 14:18:23,335 - INFO - Train Stats
Loss:
  total: 0.7914057597517967
Metrics:
  svhn_top1_accuracy: 0.740384615957737
  svhn_top5_accuracy: 0.9809945896267891

2024-05-22 14:18:27,882 - INFO - Validation Stats
Loss:
  total: 2.5245456222830147
Metrics:
  svhn_top1_accuracy: 0.43133081906828385
  svhn_top5_accuracy: 0.8399335485080193

2024-05-22 14:18:27,883 - INFO - Epoch 28/100
2024-05-22 14:18:30,148 - INFO - Train Stats
Loss:
  total: 0.8593048974871635
Metrics:
  svhn_top1_accuracy: 0.7331730797886848
  svhn_top5_accuracy: 0.9729567319154739

2024-05-22 14:18:34,747 - INFO - Validation Stats
Loss:
  total: 4.3162369317021865
Metrics:
  svhn_top1_accuracy: 0.4040858478381716
  svhn_top5_accuracy: 0.8149425284615879

2024-05-22 14:18:34,747 - INFO - Epoch 29/100
2024-05-22 14:18:36,966 - INFO - Train Stats
Loss:
  total: 0.9291102141141891
Metrics:
  svhn_top1_accuracy: 0.7309194728732109
  svhn_top5_accuracy: 0.9797926694154739

2024-05-22 14:18:41,236 - INFO - Validation Stats
Loss:
  total: 2.9573849234087715
Metrics:
  svhn_top1_accuracy: 0.414700071873336
  svhn_top5_accuracy: 0.8251526581829992

2024-05-22 14:18:41,237 - INFO - Epoch 30/100
2024-05-22 14:18:43,435 - INFO - Train Stats
Loss:
  total: 0.7781893461942673
Metrics:
  svhn_top1_accuracy: 0.7594651430845261
  svhn_top5_accuracy: 0.9780649021267891

2024-05-22 14:18:48,226 - INFO - Validation Stats
Loss:
  total: 2.7713478536441407
Metrics:
  svhn_top1_accuracy: 0.4294450432062149
  svhn_top5_accuracy: 0.8382812502055332

2024-05-22 14:18:50,691 - INFO - Epoch 31/100
2024-05-22 14:18:53,043 - INFO - Train Stats
Loss:
  total: 0.7521770969033241
Metrics:
  svhn_top1_accuracy: 0.7494741603732109
  svhn_top5_accuracy: 0.9853515625

2024-05-22 14:18:57,670 - INFO - Validation Stats
Loss:
  total: 2.6601662389163314
Metrics:
  svhn_top1_accuracy: 0.42567349148207695
  svhn_top5_accuracy: 0.8432650864124298

2024-05-22 14:18:57,671 - INFO - Epoch 32/100
2024-05-22 14:18:59,920 - INFO - Train Stats
Loss:
  total: 0.6947197541594505
Metrics:
  svhn_top1_accuracy: 0.7756159827113152
  svhn_top5_accuracy: 0.9892578125

2024-05-22 14:19:04,556 - INFO - Validation Stats
Loss:
  total: 2.6109976727387
Metrics:
  svhn_top1_accuracy: 0.4560793823209302
  svhn_top5_accuracy: 0.8573455461140337

2024-05-22 14:19:04,557 - INFO - Epoch 33/100
2024-05-22 14:19:06,746 - INFO - Train Stats
Loss:
  total: 0.6632429473102093
Metrics:
  svhn_top1_accuracy: 0.7839543297886848
  svhn_top5_accuracy: 0.9909855797886848

2024-05-22 14:19:11,624 - INFO - Validation Stats
Loss:
  total: 2.6470065445735536
Metrics:
  svhn_top1_accuracy: 0.44674928178047313
  svhn_top5_accuracy: 0.8465337640252607

2024-05-22 14:19:11,627 - INFO - Epoch 34/100
2024-05-22 14:19:13,950 - INFO - Train Stats
Loss:
  total: 0.6417874991893768
Metrics:
  svhn_top1_accuracy: 0.7997295707464218
  svhn_top5_accuracy: 0.9919621422886848

2024-05-22 14:19:18,715 - INFO - Validation Stats
Loss:
  total: 2.403624475002289
Metrics:
  svhn_top1_accuracy: 0.456285919608741
  svhn_top5_accuracy: 0.8461296691976744

2024-05-22 14:19:18,716 - INFO - Epoch 35/100
2024-05-22 14:19:21,111 - INFO - Train Stats
Loss:
  total: 0.6112941540777683
Metrics:
  svhn_top1_accuracy: 0.8094951957464218
  svhn_top5_accuracy: 0.9905348569154739

2024-05-22 14:19:25,817 - INFO - Validation Stats
Loss:
  total: 2.6624068453394134
Metrics:
  svhn_top1_accuracy: 0.4576598421253007
  svhn_top5_accuracy: 0.8479436060477947

2024-05-22 14:19:25,818 - INFO - Epoch 36/100
2024-05-22 14:19:28,065 - INFO - Train Stats
Loss:
  total: 0.6150288805365562
Metrics:
  svhn_top1_accuracy: 0.8043870180845261
  svhn_top5_accuracy: 0.9873046875

2024-05-22 14:19:32,848 - INFO - Validation Stats
Loss:
  total: 2.7576870856613946
Metrics:
  svhn_top1_accuracy: 0.44691989956230954
  svhn_top5_accuracy: 0.8448096267108259

2024-05-22 14:19:32,849 - INFO - Epoch 37/100
2024-05-22 14:19:35,105 - INFO - Train Stats
Loss:
  total: 0.7156829833984375
Metrics:
  svhn_top1_accuracy: 0.7907151430845261
  svhn_top5_accuracy: 0.9888070896267891

2024-05-22 14:19:39,953 - INFO - Validation Stats
Loss:
  total: 3.4002242458277734
Metrics:
  svhn_top1_accuracy: 0.4326778018269046
  svhn_top5_accuracy: 0.8367367099071371

2024-05-22 14:19:39,954 - INFO - Epoch 38/100
2024-05-22 14:19:42,455 - INFO - Train Stats
Loss:
  total: 0.6874025538563728
Metrics:
  svhn_top1_accuracy: 0.7990534827113152
  svhn_top5_accuracy: 0.9746844917535782

2024-05-22 14:19:47,174 - INFO - Validation Stats
Loss:
  total: 2.251847129443596
Metrics:
  svhn_top1_accuracy: 0.41711566109081794
  svhn_top5_accuracy: 0.8388829025728949

2024-05-22 14:19:50,128 - INFO - Epoch 39/100
2024-05-22 14:19:52,447 - INFO - Train Stats
Loss:
  total: 0.6381199136376381
Metrics:
  svhn_top1_accuracy: 0.7858323305845261
  svhn_top5_accuracy: 0.986328125

2024-05-22 14:19:57,040 - INFO - Validation Stats
Loss:
  total: 255.18776545031318
Metrics:
  svhn_top1_accuracy: 0.24567169541942663
  svhn_top5_accuracy: 0.7385057467838814

2024-05-22 14:19:57,041 - INFO - Epoch 40/100
2024-05-22 14:19:59,345 - INFO - Train Stats
Loss:
  total: 1.2186245322227478
Metrics:
  svhn_top1_accuracy: 0.6346905082464218
  svhn_top5_accuracy: 0.9463641792535782

2024-05-22 14:20:04,016 - INFO - Validation Stats
Loss:
  total: 39.96179998332057
Metrics:
  svhn_top1_accuracy: 0.29531250020553323
  svhn_top5_accuracy: 0.7574892239323978

2024-05-22 14:20:04,018 - INFO - Epoch 41/100
2024-05-22 14:20:06,268 - INFO - Train Stats
Loss:
  total: 1.1615250781178474
Metrics:
  svhn_top1_accuracy: 0.6231219917535782
  svhn_top5_accuracy: 0.9564302861690521

2024-05-22 14:20:11,002 - INFO - Validation Stats
Loss:
  total: 5.694422931506716
Metrics:
  svhn_top1_accuracy: 0.40466056044759424
  svhn_top5_accuracy: 0.8079022991246191

2024-05-22 14:20:11,003 - INFO - Epoch 42/100
2024-05-22 14:20:13,237 - INFO - Train Stats
Loss:
  total: 0.9712556898593903
Metrics:
  svhn_top1_accuracy: 0.6881009638309479
  svhn_top5_accuracy: 0.9717548042535782

2024-05-22 14:20:17,768 - INFO - Validation Stats
Loss:
  total: 2.2934179367690253
Metrics:
  svhn_top1_accuracy: 0.45783943965517243
  svhn_top5_accuracy: 0.8433369254243785

2024-05-22 14:20:17,769 - INFO - Epoch 43/100
2024-05-22 14:20:20,029 - INFO - Train Stats
Loss:
  total: 0.8182360455393791
Metrics:
  svhn_top1_accuracy: 0.7406850978732109
  svhn_top5_accuracy: 0.9766376167535782

2024-05-22 14:20:24,794 - INFO - Validation Stats
Loss:
  total: 2.0022337580549308
Metrics:
  svhn_top1_accuracy: 0.4714529452652767
  svhn_top5_accuracy: 0.8643857754510025

2024-05-22 14:20:27,658 - INFO - Epoch 44/100
2024-05-22 14:20:29,960 - INFO - Train Stats
Loss:
  total: 0.7473486922681332
Metrics:
  svhn_top1_accuracy: 0.7909405082464218
  svhn_top5_accuracy: 0.9868539646267891

2024-05-22 14:20:34,621 - INFO - Validation Stats
Loss:
  total: 2.2894152217897874
Metrics:
  svhn_top1_accuracy: 0.4480962645390938
  svhn_top5_accuracy: 0.8438397985080193

2024-05-22 14:20:34,622 - INFO - Epoch 45/100
2024-05-22 14:20:36,972 - INFO - Train Stats
Loss:
  total: 0.7145732343196869
Metrics:
  svhn_top1_accuracy: 0.7961989194154739
  svhn_top5_accuracy: 0.9766376167535782

2024-05-22 14:20:41,526 - INFO - Validation Stats
Loss:
  total: 2.2394536322560805
Metrics:
  svhn_top1_accuracy: 0.45568426724137934
  svhn_top5_accuracy: 0.8660650140252607

2024-05-22 14:20:41,527 - INFO - Epoch 46/100
2024-05-22 14:20:43,855 - INFO - Train Stats
Loss:
  total: 0.6279140114784241
Metrics:
  svhn_top1_accuracy: 0.808743990957737
  svhn_top5_accuracy: 0.9907602146267891

2024-05-22 14:20:48,269 - INFO - Validation Stats
Loss:
  total: 2.019415347740568
Metrics:
  svhn_top1_accuracy: 0.48652119266575783
  svhn_top5_accuracy: 0.8705459771485164

2024-05-22 14:20:48,270 - INFO - Epoch 47/100
2024-05-22 14:20:50,606 - INFO - Train Stats
Loss:
  total: 0.5771095305681229
Metrics:
  svhn_top1_accuracy: 0.8237680271267891
  svhn_top5_accuracy: 0.9878305271267891

2024-05-22 14:20:55,187 - INFO - Validation Stats
Loss:
  total: 1.9690068734103237
Metrics:
  svhn_top1_accuracy: 0.49396551734414595
  svhn_top5_accuracy: 0.8820312495889335

2024-05-22 14:20:58,086 - INFO - Epoch 48/100
2024-05-22 14:21:00,395 - INFO - Train Stats
Loss:
  total: 0.46825050190091133
Metrics:
  svhn_top1_accuracy: 0.8596003577113152
  svhn_top5_accuracy: 0.9939152672886848

2024-05-22 14:21:05,054 - INFO - Validation Stats
Loss:
  total: 1.9850144632931412
Metrics:
  svhn_top1_accuracy: 0.5008710489190858
  svhn_top5_accuracy: 0.8830010777917402

2024-05-22 14:21:05,055 - INFO - Epoch 49/100
2024-05-22 14:21:07,336 - INFO - Train Stats
Loss:
  total: 0.39472007378935814
Metrics:
  svhn_top1_accuracy: 0.892578125
  svhn_top5_accuracy: 0.9921875

2024-05-22 14:21:11,901 - INFO - Validation Stats
Loss:
  total: 2.0872534492920183
Metrics:
  svhn_top1_accuracy: 0.4975395115285084
  svhn_top5_accuracy: 0.8760326864390537

2024-05-22 14:21:11,902 - INFO - Epoch 50/100
2024-05-22 14:21:14,150 - INFO - Train Stats
Loss:
  total: 0.3694184981286526
Metrics:
  svhn_top1_accuracy: 0.8843900263309479
  svhn_top5_accuracy: 0.994140625

2024-05-22 14:21:18,812 - INFO - Validation Stats
Loss:
  total: 2.081696872053475
Metrics:
  svhn_top1_accuracy: 0.5011404454708099
  svhn_top5_accuracy: 0.874919181240016

2024-05-22 14:21:18,813 - INFO - Epoch 51/100
2024-05-22 14:21:21,181 - INFO - Train Stats
Loss:
  total: 0.3693086616694927
Metrics:
  svhn_top1_accuracy: 0.8825120180845261
  svhn_top5_accuracy: 0.9968449547886848

2024-05-22 14:21:25,960 - INFO - Validation Stats
Loss:
  total: 2.293518909092607
Metrics:
  svhn_top1_accuracy: 0.4932650862068966
  svhn_top5_accuracy: 0.874919181240016

2024-05-22 14:21:25,962 - INFO - Epoch 52/100
2024-05-22 14:21:28,290 - INFO - Train Stats
Loss:
  total: 0.32431106828153133
Metrics:
  svhn_top1_accuracy: 0.8905498832464218
  svhn_top5_accuracy: 0.99609375

2024-05-22 14:21:32,779 - INFO - Validation Stats
Loss:
  total: 2.3389391796342256
Metrics:
  svhn_top1_accuracy: 0.5008441096749799
  svhn_top5_accuracy: 0.8725574715384121

2024-05-22 14:21:32,780 - INFO - Epoch 53/100
2024-05-22 14:21:35,066 - INFO - Train Stats
Loss:
  total: 0.396428806707263
Metrics:
  svhn_top1_accuracy: 0.8775540888309479
  svhn_top5_accuracy: 0.9975961521267891

2024-05-22 14:21:39,850 - INFO - Validation Stats
Loss:
  total: 2.143040237755611
Metrics:
  svhn_top1_accuracy: 0.49221443975793905
  svhn_top5_accuracy: 0.8798401581829992

2024-05-22 14:21:39,851 - INFO - Epoch 54/100
2024-05-22 14:21:42,111 - INFO - Train Stats
Loss:
  total: 0.3242454808205366
Metrics:
  svhn_top1_accuracy: 0.894681490957737
  svhn_top5_accuracy: 0.998046875

2024-05-22 14:21:46,582 - INFO - Validation Stats
Loss:
  total: 2.2023327700022994
Metrics:
  svhn_top1_accuracy: 0.5016522993301523
  svhn_top5_accuracy: 0.8810524426657578

2024-05-22 14:21:46,583 - INFO - Epoch 55/100
2024-05-22 14:21:48,800 - INFO - Train Stats
Loss:
  total: 0.3379867095500231
Metrics:
  svhn_top1_accuracy: 0.9012920707464218
  svhn_top5_accuracy: 0.9951171875

2024-05-22 14:21:53,582 - INFO - Validation Stats
Loss:
  total: 2.461776238063286
Metrics:
  svhn_top1_accuracy: 0.5031968391147154
  svhn_top5_accuracy: 0.8730693243700882

2024-05-22 14:21:53,583 - INFO - Epoch 56/100
2024-05-22 14:21:55,807 - INFO - Train Stats
Loss:
  total: 0.2934185564517975
Metrics:
  svhn_top1_accuracy: 0.9071514457464218
  svhn_top5_accuracy: 0.998046875

2024-05-22 14:22:00,515 - INFO - Validation Stats
Loss:
  total: 2.13678385060409
Metrics:
  svhn_top1_accuracy: 0.5112517959085005
  svhn_top5_accuracy: 0.8761045254510025

2024-05-22 14:22:00,515 - INFO - Epoch 57/100
2024-05-22 14:22:02,865 - INFO - Train Stats
Loss:
  total: 0.2691511195152998
Metrics:
  svhn_top1_accuracy: 0.9106069728732109
  svhn_top5_accuracy: 1.0

2024-05-22 14:22:07,520 - INFO - Validation Stats
Loss:
  total: 2.2092852366381677
Metrics:
  svhn_top1_accuracy: 0.5139098424336006
  svhn_top5_accuracy: 0.878322557128709

2024-05-22 14:22:07,521 - INFO - Epoch 58/100
2024-05-22 14:22:09,815 - INFO - Train Stats
Loss:
  total: 0.2561327666044235
Metrics:
  svhn_top1_accuracy: 0.9245042055845261
  svhn_top5_accuracy: 0.99609375

2024-05-22 14:22:14,731 - INFO - Validation Stats
Loss:
  total: 2.3477160211267143
Metrics:
  svhn_top1_accuracy: 0.5166038079508419
  svhn_top5_accuracy: 0.8830729168036888

2024-05-22 14:22:14,731 - INFO - Epoch 59/100
2024-05-22 14:22:17,078 - INFO - Train Stats
Loss:
  total: 0.25386499613523483
Metrics:
  svhn_top1_accuracy: 0.9284104555845261
  svhn_top5_accuracy: 0.9951171875

2024-05-22 14:22:21,602 - INFO - Validation Stats
Loss:
  total: 2.3946677549131987
Metrics:
  svhn_top1_accuracy: 0.4995959051724138
  svhn_top5_accuracy: 0.8729705461140337

2024-05-22 14:22:21,602 - INFO - Epoch 60/100
2024-05-22 14:22:23,943 - INFO - Train Stats
Loss:
  total: 0.2567706061527133
Metrics:
  svhn_top1_accuracy: 0.9208984375
  svhn_top5_accuracy: 0.9936899021267891

2024-05-22 14:22:28,523 - INFO - Validation Stats
Loss:
  total: 2.262379494206659
Metrics:
  svhn_top1_accuracy: 0.5133351293103449
  svhn_top5_accuracy: 0.8819324713328789

2024-05-22 14:22:31,542 - INFO - Epoch 61/100
2024-05-22 14:22:33,917 - INFO - Train Stats
Loss:
  total: 0.24419757910072803
Metrics:
  svhn_top1_accuracy: 0.9313401430845261
  svhn_top5_accuracy: 0.9990234375

2024-05-22 14:22:38,544 - INFO - Validation Stats
Loss:
  total: 2.3625926868668916
Metrics:
  svhn_top1_accuracy: 0.5086835489190858
  svhn_top5_accuracy: 0.8850305316777065

2024-05-22 14:22:38,545 - INFO - Epoch 62/100
2024-05-22 14:22:40,815 - INFO - Train Stats
Loss:
  total: 0.24872327595949173
Metrics:
  svhn_top1_accuracy: 0.9257061332464218
  svhn_top5_accuracy: 0.9990234375

2024-05-22 14:22:45,521 - INFO - Validation Stats
Loss:
  total: 2.4556049581231743
Metrics:
  svhn_top1_accuracy: 0.4941720546319567
  svhn_top5_accuracy: 0.8728358478381716

2024-05-22 14:22:45,522 - INFO - Epoch 63/100
2024-05-22 14:22:47,848 - INFO - Train Stats
Loss:
  total: 0.20023165084421635
Metrics:
  svhn_top1_accuracy: 0.9332181513309479
  svhn_top5_accuracy: 0.998046875

2024-05-22 14:22:52,574 - INFO - Validation Stats
Loss:
  total: 2.332105264581483
Metrics:
  svhn_top1_accuracy: 0.5107848418170008
  svhn_top5_accuracy: 0.8790319685278267

2024-05-22 14:22:52,575 - INFO - Epoch 64/100
2024-05-22 14:22:54,859 - INFO - Train Stats
Loss:
  total: 0.203340420499444
Metrics:
  svhn_top1_accuracy: 0.938326321542263
  svhn_top5_accuracy: 0.9987980797886848

2024-05-22 14:22:59,417 - INFO - Validation Stats
Loss:
  total: 2.3881261985877464
Metrics:
  svhn_top1_accuracy: 0.5090247844827587
  svhn_top5_accuracy: 0.8764996405305534

2024-05-22 14:22:59,418 - INFO - Epoch 65/100
2024-05-22 14:23:01,772 - INFO - Train Stats
Loss:
  total: 0.21604737173765898
Metrics:
  svhn_top1_accuracy: 0.9345703125
  svhn_top5_accuracy: 1.0

2024-05-22 14:23:06,201 - INFO - Validation Stats
Loss:
  total: 2.488340679941506
Metrics:
  svhn_top1_accuracy: 0.5014188217705694
  svhn_top5_accuracy: 0.8771461926657578

2024-05-22 14:23:06,202 - INFO - Epoch 66/100
2024-05-22 14:23:08,476 - INFO - Train Stats
Loss:
  total: 0.21123575791716576
Metrics:
  svhn_top1_accuracy: 0.9319411069154739
  svhn_top5_accuracy: 1.0

2024-05-22 14:23:13,239 - INFO - Validation Stats
Loss:
  total: 2.4342063418750106
Metrics:
  svhn_top1_accuracy: 0.51171875
  svhn_top5_accuracy: 0.8725664512864475

2024-05-22 14:23:13,240 - INFO - Epoch 67/100
2024-05-22 14:23:15,487 - INFO - Train Stats
Loss:
  total: 0.2311962191015482
Metrics:
  svhn_top1_accuracy: 0.9214994013309479
  svhn_top5_accuracy: 0.998046875

2024-05-22 14:23:20,220 - INFO - Validation Stats
Loss:
  total: 2.570570810087796
Metrics:
  svhn_top1_accuracy: 0.5149874286404972
  svhn_top5_accuracy: 0.883342313355413

2024-05-22 14:23:20,221 - INFO - Epoch 68/100
2024-05-22 14:23:22,556 - INFO - Train Stats
Loss:
  total: 0.23036788124591112
Metrics:
  svhn_top1_accuracy: 0.923978365957737
  svhn_top5_accuracy: 1.0

2024-05-22 14:23:27,234 - INFO - Validation Stats
Loss:
  total: 2.6816410360665155
Metrics:
  svhn_top1_accuracy: 0.5063667389853247
  svhn_top5_accuracy: 0.8818606323209303

2024-05-22 14:23:27,235 - INFO - Epoch 69/100
2024-05-22 14:23:29,517 - INFO - Train Stats
Loss:
  total: 0.1823807554319501
Metrics:
  svhn_top1_accuracy: 0.938326321542263
  svhn_top5_accuracy: 0.998046875

2024-05-22 14:23:34,034 - INFO - Validation Stats
Loss:
  total: 2.703050097514843
Metrics:
  svhn_top1_accuracy: 0.506429597735405
  svhn_top5_accuracy: 0.8781249995889335

2024-05-22 14:23:34,035 - INFO - Epoch 70/100
2024-05-22 14:23:36,238 - INFO - Train Stats
Loss:
  total: 0.17857336346060038
Metrics:
  svhn_top1_accuracy: 0.9320162236690521
  svhn_top5_accuracy: 0.9978215172886848

2024-05-22 14:23:40,804 - INFO - Validation Stats
Loss:
  total: 2.320129088286696
Metrics:
  svhn_top1_accuracy: 0.5179507907094627
  svhn_top5_accuracy: 0.8856681030372093

2024-05-22 14:23:40,804 - INFO - Epoch 71/100
2024-05-22 14:23:43,025 - INFO - Train Stats
Loss:
  total: 0.22236222308129072
Metrics:
  svhn_top1_accuracy: 0.9514723569154739
  svhn_top5_accuracy: 1.0

2024-05-22 14:23:47,735 - INFO - Validation Stats
Loss:
  total: 2.3187893567414117
Metrics:
  svhn_top1_accuracy: 0.5313487787698877
  svhn_top5_accuracy: 0.8857040230570168

2024-05-22 14:23:47,736 - INFO - Epoch 72/100
2024-05-22 14:23:49,964 - INFO - Train Stats
Loss:
  total: 0.2005871692672372
Metrics:
  svhn_top1_accuracy: 0.943209134042263
  svhn_top5_accuracy: 0.9990234375

2024-05-22 14:23:54,598 - INFO - Validation Stats
Loss:
  total: 2.387614063147841
Metrics:
  svhn_top1_accuracy: 0.5322288079508419
  svhn_top5_accuracy: 0.8888380023939856

2024-05-22 14:23:54,599 - INFO - Epoch 73/100
2024-05-22 14:23:56,909 - INFO - Train Stats
Loss:
  total: 0.1978117278777063
Metrics:
  svhn_top1_accuracy: 0.9365985542535782
  svhn_top5_accuracy: 0.9990234375

2024-05-22 14:24:01,276 - INFO - Validation Stats
Loss:
  total: 2.699194579288877
Metrics:
  svhn_top1_accuracy: 0.5115481322181636
  svhn_top5_accuracy: 0.8817977730570168

2024-05-22 14:24:01,277 - INFO - Epoch 74/100
2024-05-22 14:24:03,517 - INFO - Train Stats
Loss:
  total: 0.2880298625677824
Metrics:
  svhn_top1_accuracy: 0.934720553457737
  svhn_top5_accuracy: 0.998046875

2024-05-22 14:24:07,957 - INFO - Validation Stats
Loss:
  total: 2.910412389656593
Metrics:
  svhn_top1_accuracy: 0.4939385775862069
  svhn_top5_accuracy: 0.8766433185544508

2024-05-22 14:24:07,958 - INFO - Epoch 75/100
2024-05-22 14:24:10,341 - INFO - Train Stats
Loss:
  total: 0.2775259241461754
Metrics:
  svhn_top1_accuracy: 0.9242037236690521
  svhn_top5_accuracy: 0.9978215172886848

2024-05-22 14:24:15,185 - INFO - Validation Stats
Loss:
  total: 2.3915844313029586
Metrics:
  svhn_top1_accuracy: 0.5285290952386528
  svhn_top5_accuracy: 0.8834410916114676

2024-05-22 14:24:15,186 - INFO - Epoch 76/100
2024-05-22 14:24:17,424 - INFO - Train Stats
Loss:
  total: 0.17281180806457996
Metrics:
  svhn_top1_accuracy: 0.944185696542263
  svhn_top5_accuracy: 1.0

2024-05-22 14:24:22,178 - INFO - Validation Stats
Loss:
  total: 2.403815411288163
Metrics:
  svhn_top1_accuracy: 0.5125269396551724
  svhn_top5_accuracy: 0.881456537493344

2024-05-22 14:24:22,179 - INFO - Epoch 77/100
2024-05-22 14:24:24,453 - INFO - Train Stats
Loss:
  total: 0.20425655599683523
Metrics:
  svhn_top1_accuracy: 0.9429837763309479
  svhn_top5_accuracy: 1.0

2024-05-22 14:24:28,979 - INFO - Validation Stats
Loss:
  total: 2.2425446839168153
Metrics:
  svhn_top1_accuracy: 0.526813936644587
  svhn_top5_accuracy: 0.8781519398607057

2024-05-22 14:24:28,980 - INFO - Epoch 78/100
2024-05-22 14:24:31,200 - INFO - Train Stats
Loss:
  total: 0.20615116879343987
Metrics:
  svhn_top1_accuracy: 0.942533053457737
  svhn_top5_accuracy: 0.998046875

2024-05-22 14:24:36,171 - INFO - Validation Stats
Loss:
  total: 2.5141304402515807
Metrics:
  svhn_top1_accuracy: 0.5152209051724138
  svhn_top5_accuracy: 0.874551005404571

2024-05-22 14:24:36,172 - INFO - Epoch 79/100
2024-05-22 14:24:38,595 - INFO - Train Stats
Loss:
  total: 0.22961099445819855
Metrics:
  svhn_top1_accuracy: 0.9348707944154739
  svhn_top5_accuracy: 0.9990234375

2024-05-22 14:24:43,274 - INFO - Validation Stats
Loss:
  total: 2.236710425080924
Metrics:
  svhn_top1_accuracy: 0.5145833338129109
  svhn_top5_accuracy: 0.8817618530372093

2024-05-22 14:24:43,275 - INFO - Epoch 80/100
2024-05-22 14:24:45,599 - INFO - Train Stats
Loss:
  total: 0.14417617116123438
Metrics:
  svhn_top1_accuracy: 0.9534254819154739
  svhn_top5_accuracy: 0.9990234375

2024-05-22 14:24:50,452 - INFO - Validation Stats
Loss:
  total: 2.3303196615186232
Metrics:
  svhn_top1_accuracy: 0.528089080391259
  svhn_top5_accuracy: 0.8863415944165197

2024-05-22 14:24:50,453 - INFO - Epoch 81/100
2024-05-22 14:24:52,669 - INFO - Train Stats
Loss:
  total: 0.16342501528561115
Metrics:
  svhn_top1_accuracy: 0.9515474736690521
  svhn_top5_accuracy: 0.9990234375

2024-05-22 14:24:57,207 - INFO - Validation Stats
Loss:
  total: 2.5638622066070296
Metrics:
  svhn_top1_accuracy: 0.5200071838395349
  svhn_top5_accuracy: 0.8780890805967922

2024-05-22 14:24:57,208 - INFO - Epoch 82/100
2024-05-22 14:24:59,465 - INFO - Train Stats
Loss:
  total: 0.17942497553303838
Metrics:
  svhn_top1_accuracy: 0.938626803457737
  svhn_top5_accuracy: 1.0

2024-05-22 14:25:04,092 - INFO - Validation Stats
Loss:
  total: 2.2588856734078506
Metrics:
  svhn_top1_accuracy: 0.5258620689655172
  svhn_top5_accuracy: 0.8758979881631916

2024-05-22 14:25:04,093 - INFO - Epoch 83/100
2024-05-22 14:25:06,427 - INFO - Train Stats
Loss:
  total: 0.173184584826231
Metrics:
  svhn_top1_accuracy: 0.9498948305845261
  svhn_top5_accuracy: 0.9990234375

2024-05-22 14:25:10,977 - INFO - Validation Stats
Loss:
  total: 2.36213441552787
Metrics:
  svhn_top1_accuracy: 0.5289242098043705
  svhn_top5_accuracy: 0.8851652299535686

2024-05-22 14:25:10,978 - INFO - Epoch 84/100
2024-05-22 14:25:13,292 - INFO - Train Stats
Loss:
  total: 0.13610636163502932
Metrics:
  svhn_top1_accuracy: 0.9556790888309479
  svhn_top5_accuracy: 1.0

2024-05-22 14:25:17,938 - INFO - Validation Stats
Loss:
  total: 2.3066214508023757
Metrics:
  svhn_top1_accuracy: 0.5361350579508419
  svhn_top5_accuracy: 0.8852640082096231

2024-05-22 14:25:17,939 - INFO - Epoch 85/100
2024-05-22 14:25:20,217 - INFO - Train Stats
Loss:
  total: 0.1419814433902502
Metrics:
  svhn_top1_accuracy: 0.951021634042263
  svhn_top5_accuracy: 0.998046875

2024-05-22 14:25:24,844 - INFO - Validation Stats
Loss:
  total: 2.3211458613132607
Metrics:
  svhn_top1_accuracy: 0.5478268676790697
  svhn_top5_accuracy: 0.8858028013130714

2024-05-22 14:25:24,844 - INFO - Epoch 86/100
2024-05-22 14:25:27,187 - INFO - Train Stats
Loss:
  total: 0.146879349835217
Metrics:
  svhn_top1_accuracy: 0.9603365361690521
  svhn_top5_accuracy: 1.0

2024-05-22 14:25:31,772 - INFO - Validation Stats
Loss:
  total: 2.461409511237309
Metrics:
  svhn_top1_accuracy: 0.5414242097016039
  svhn_top5_accuracy: 0.8898078305967922

2024-05-22 14:25:31,773 - INFO - Epoch 87/100
2024-05-22 14:25:34,089 - INFO - Train Stats
Loss:
  total: 0.11828789953142405
Metrics:
  svhn_top1_accuracy: 0.9622896611690521
  svhn_top5_accuracy: 0.998046875

2024-05-22 14:25:38,411 - INFO - Validation Stats
Loss:
  total: 2.292612211457614
Metrics:
  svhn_top1_accuracy: 0.5430136497678428
  svhn_top5_accuracy: 0.8908854168036888

2024-05-22 14:25:38,412 - INFO - Epoch 88/100
2024-05-22 14:25:40,782 - INFO - Train Stats
Loss:
  total: 0.1342408200725913
Metrics:
  svhn_top1_accuracy: 0.961087740957737
  svhn_top5_accuracy: 1.0

2024-05-22 14:25:45,342 - INFO - Validation Stats
Loss:
  total: 2.7113947107874115
Metrics:
  svhn_top1_accuracy: 0.5191630751922213
  svhn_top5_accuracy: 0.8889367816777065

2024-05-22 14:25:45,342 - INFO - Epoch 89/100
2024-05-22 14:25:47,639 - INFO - Train Stats
Loss:
  total: 0.10275918757542968
Metrics:
  svhn_top1_accuracy: 0.966646634042263
  svhn_top5_accuracy: 1.0

2024-05-22 14:25:52,604 - INFO - Validation Stats
Loss:
  total: 2.544164791189391
Metrics:
  svhn_top1_accuracy: 0.5407507183222935
  svhn_top5_accuracy: 0.8900143678846031

2024-05-22 14:25:52,604 - INFO - Epoch 90/100
2024-05-22 14:25:54,899 - INFO - Train Stats
Loss:
  total: 0.1451167594641447
Metrics:
  svhn_top1_accuracy: 0.951021634042263
  svhn_top5_accuracy: 1.0

2024-05-22 14:25:59,649 - INFO - Validation Stats
Loss:
  total: 2.552673769408259
Metrics:
  svhn_top1_accuracy: 0.5281250004110665
  svhn_top5_accuracy: 0.8890714799535686

2024-05-22 14:26:03,714 - INFO - Epoch 91/100
2024-05-22 14:26:06,171 - INFO - Train Stats
Loss:
  total: 0.12139551062136889
Metrics:
  svhn_top1_accuracy: 0.9580829292535782
  svhn_top5_accuracy: 1.0

2024-05-22 14:26:10,846 - INFO - Validation Stats
Loss:
  total: 2.5067290540399223
Metrics:
  svhn_top1_accuracy: 0.5389367814721733
  svhn_top5_accuracy: 0.8846892961140337

2024-05-22 14:26:10,847 - INFO - Epoch 92/100
2024-05-22 14:26:13,135 - INFO - Train Stats
Loss:
  total: 0.08762662601657212
Metrics:
  svhn_top1_accuracy: 0.97265625
  svhn_top5_accuracy: 1.0

2024-05-22 14:26:17,782 - INFO - Validation Stats
Loss:
  total: 2.2683810057311224
Metrics:
  svhn_top1_accuracy: 0.5388020831963112
  svhn_top5_accuracy: 0.888766163382037

2024-05-22 14:26:17,783 - INFO - Epoch 93/100
2024-05-22 14:26:20,139 - INFO - Train Stats
Loss:
  total: 0.1329075088724494
Metrics:
  svhn_top1_accuracy: 0.960787259042263
  svhn_top5_accuracy: 0.9990234375

2024-05-22 14:26:24,914 - INFO - Validation Stats
Loss:
  total: 2.3130351736627777
Metrics:
  svhn_top1_accuracy: 0.5321300286671211
  svhn_top5_accuracy: 0.8979615661604651

2024-05-22 14:26:24,915 - INFO - Epoch 94/100
2024-05-22 14:26:27,238 - INFO - Train Stats
Loss:
  total: 0.1468653893098235
Metrics:
  svhn_top1_accuracy: 0.952298678457737
  svhn_top5_accuracy: 0.9990234375

2024-05-22 14:26:31,878 - INFO - Validation Stats
Loss:
  total: 2.3665303053527045
Metrics:
  svhn_top1_accuracy: 0.5326329027784282
  svhn_top5_accuracy: 0.8938846978647955

2024-05-22 14:26:31,879 - INFO - Epoch 95/100
2024-05-22 14:26:34,171 - INFO - Train Stats
Loss:
  total: 0.16588933253660798
Metrics:
  svhn_top1_accuracy: 0.9535005986690521
  svhn_top5_accuracy: 0.9990234375

2024-05-22 14:26:38,859 - INFO - Validation Stats
Loss:
  total: 2.473752360919426
Metrics:
  svhn_top1_accuracy: 0.5223329745489975
  svhn_top5_accuracy: 0.8900143678846031

2024-05-22 14:26:38,860 - INFO - Epoch 96/100
2024-05-22 14:26:41,133 - INFO - Train Stats
Loss:
  total: 0.1092909062281251
Metrics:
  svhn_top1_accuracy: 0.960787259042263
  svhn_top5_accuracy: 1.0

2024-05-22 14:26:45,679 - INFO - Validation Stats
Loss:
  total: 2.3707193300641816
Metrics:
  svhn_top1_accuracy: 0.5269127159283079
  svhn_top5_accuracy: 0.8817618530372093

2024-05-22 14:26:45,680 - INFO - Epoch 97/100
2024-05-22 14:26:47,943 - INFO - Train Stats
Loss:
  total: 0.1415266366675496
Metrics:
  svhn_top1_accuracy: 0.957181490957737
  svhn_top5_accuracy: 0.9990234375

2024-05-22 14:26:52,609 - INFO - Validation Stats
Loss:
  total: 2.367756251631112
Metrics:
  svhn_top1_accuracy: 0.5285650142307939
  svhn_top5_accuracy: 0.8890086206896551

2024-05-22 14:26:52,609 - INFO - Epoch 98/100
2024-05-22 14:26:54,827 - INFO - Train Stats
Loss:
  total: 0.1527759861201048
Metrics:
  svhn_top1_accuracy: 0.9492938667535782
  svhn_top5_accuracy: 0.998046875

2024-05-22 14:26:59,323 - INFO - Validation Stats
Loss:
  total: 2.5946217898664803
Metrics:
  svhn_top1_accuracy: 0.5393767963195669
  svhn_top5_accuracy: 0.8788344109880513

2024-05-22 14:26:59,324 - INFO - Epoch 99/100
2024-05-22 14:27:01,587 - INFO - Train Stats
Loss:
  total: 0.15999238193035126
Metrics:
  svhn_top1_accuracy: 0.9447115361690521
  svhn_top5_accuracy: 1.0

2024-05-22 14:27:06,312 - INFO - Validation Stats
Loss:
  total: 2.3647069334983826
Metrics:
  svhn_top1_accuracy: 0.541558907977466
  svhn_top5_accuracy: 0.88671875

2024-05-22 14:27:06,313 - INFO - Epoch 100/100
2024-05-22 14:27:08,556 - INFO - Train Stats
Loss:
  total: 0.13492649048566818
Metrics:
  svhn_top1_accuracy: 0.9488431513309479
  svhn_top5_accuracy: 0.9978215172886848

2024-05-22 14:27:12,979 - INFO - Validation Stats
Loss:
  total: 2.4040498589647226
Metrics:
  svhn_top1_accuracy: 0.5371138648740177
  svhn_top5_accuracy: 0.8854705454974339

2024-05-22 14:27:16,023 - INFO - Best validation loss: 1.9690068734103237
2024-05-22 14:27:17,893 - INFO - Best model saved to /home/up201905337/exploring-label-efficiency/weights/sl_svhn_resnet50_1000l.pth
2024-05-22 14:27:17,898 - INFO - Training took 720.971515417099 seconds to complete
