2024-06-19 21:38:02,544 - INFO - Loading configuration files...
2024-06-19 21:38:02,790 - INFO - Loading model configuration
args:
  num_classes: 10
  pretrained: true
class: ResNet50

2024-06-19 21:38:04,579 - INFO - Loading train_dataset configuration
args:
  force_transform: true
  num_labeled: 250
  root: ./data/
  train_val_split: 0.9
class: SemiSupervisedSVHN

2024-06-19 21:38:06,353 - INFO - Loading val_dataset configuration
args:
  root: ./data/
  train_val_split: 0.9
class: SVHN

2024-06-19 21:38:06,363 - INFO - Loading optimizer configuration
args:
  lr: 0.001
class: Adam

2024-06-19 21:38:06,365 - INFO - Loading loss configuration
args: {}
class: CrossEntropyLoss

2024-06-19 21:38:06,382 - INFO - Loading metrics configuration
svhn_top1_accuracy:
  args:
    num_classes: 10
    task: multiclass
    top_k: 1
  class: Accuracy
svhn_top5_accuracy:
  args:
    num_classes: 10
    task: multiclass
    top_k: 5
  class: Accuracy

2024-06-19 21:38:06,382 - INFO - Loading hyperparameters configuration
batch_size: 128
ema_decay: null
epochs: 100
num_workers: 4
save_freq: 30

2024-06-19 21:38:06,393 - INFO - Using device: cuda
2024-06-19 21:38:06,468 - INFO - Training for 100 epochs
2024-06-19 21:38:06,468 - INFO - Epoch 1/100
2024-06-19 21:38:07,246 - INFO - Train Stats
Loss:
  total: 2.332095742225647
Metrics:
  svhn_top1_accuracy: 0.08766649663448334
  svhn_top5_accuracy: 0.4806608557701111

2024-06-19 21:38:08,258 - INFO - Validation Stats
Loss:
  total: 2.4851771017600752
Metrics:
  svhn_top1_accuracy: 0.11244612071534683
  svhn_top5_accuracy: 0.5307381466544908

2024-06-19 21:38:08,477 - INFO - Epoch 2/100
2024-06-19 21:38:08,667 - INFO - Train Stats
Loss:
  total: 2.1890257596969604
Metrics:
  svhn_top1_accuracy: 0.2654969245195389
  svhn_top5_accuracy: 0.6866034865379333

2024-06-19 21:38:09,585 - INFO - Validation Stats
Loss:
  total: 2.38355448739282
Metrics:
  svhn_top1_accuracy: 0.1497665230056335
  svhn_top5_accuracy: 0.5880567529078188

2024-06-19 21:38:10,098 - INFO - Epoch 3/100
2024-06-19 21:38:10,293 - INFO - Train Stats
Loss:
  total: 2.0256588459014893
Metrics:
  svhn_top1_accuracy: 0.4404456913471222
  svhn_top5_accuracy: 0.8207607567310333

2024-06-19 21:38:11,207 - INFO - Validation Stats
Loss:
  total: 2.3704182485054277
Metrics:
  svhn_top1_accuracy: 0.16356860640747795
  svhn_top5_accuracy: 0.601400862480032

2024-06-19 21:38:11,601 - INFO - Epoch 4/100
2024-06-19 21:38:11,800 - INFO - Train Stats
Loss:
  total: 1.7725741267204285
Metrics:
  svhn_top1_accuracy: 0.5733862817287445
  svhn_top5_accuracy: 0.8764088153839111

2024-06-19 21:38:12,718 - INFO - Validation Stats
Loss:
  total: 2.5171587590513558
Metrics:
  svhn_top1_accuracy: 0.17400323278431234
  svhn_top5_accuracy: 0.6027209049668806

2024-06-19 21:38:12,718 - INFO - Epoch 5/100
2024-06-19 21:38:12,914 - INFO - Train Stats
Loss:
  total: 1.3945666551589966
Metrics:
  svhn_top1_accuracy: 0.6833375990390778
  svhn_top5_accuracy: 0.9353867769241333

2024-06-19 21:38:13,838 - INFO - Validation Stats
Loss:
  total: 2.8092855009539375
Metrics:
  svhn_top1_accuracy: 0.19067887936172814
  svhn_top5_accuracy: 0.6285470549402565

2024-06-19 21:38:13,838 - INFO - Epoch 6/100
2024-06-19 21:38:14,025 - INFO - Train Stats
Loss:
  total: 1.1240480542182922
Metrics:
  svhn_top1_accuracy: 0.7567238807678223
  svhn_top5_accuracy: 0.9722720384597778

2024-06-19 21:38:14,945 - INFO - Validation Stats
Loss:
  total: 3.4203052068578788
Metrics:
  svhn_top1_accuracy: 0.20923132192471933
  svhn_top5_accuracy: 0.643866738368725

2024-06-19 21:38:14,945 - INFO - Epoch 7/100
2024-06-19 21:38:15,133 - INFO - Train Stats
Loss:
  total: 0.814706414937973
Metrics:
  svhn_top1_accuracy: 0.8518186509609222
  svhn_top5_accuracy: 0.9636910855770111

2024-06-19 21:38:16,055 - INFO - Validation Stats
Loss:
  total: 3.4965739948996184
Metrics:
  svhn_top1_accuracy: 0.2211835489704691
  svhn_top5_accuracy: 0.6592223418170008

2024-06-19 21:38:16,056 - INFO - Epoch 8/100
2024-06-19 21:38:16,243 - INFO - Train Stats
Loss:
  total: 0.5679383277893066
Metrics:
  svhn_top1_accuracy: 0.895555853843689
  svhn_top5_accuracy: 0.9797002971172333

2024-06-19 21:38:17,195 - INFO - Validation Stats
Loss:
  total: 3.4785550298361945
Metrics:
  svhn_top1_accuracy: 0.2389727013892141
  svhn_top5_accuracy: 0.6806393676790697

2024-06-19 21:38:17,195 - INFO - Epoch 9/100
2024-06-19 21:38:17,380 - INFO - Train Stats
Loss:
  total: 0.3928511440753937
Metrics:
  svhn_top1_accuracy: 0.9437756240367889
  svhn_top5_accuracy: 1.0

2024-06-19 21:38:18,301 - INFO - Validation Stats
Loss:
  total: 3.745782095810463
Metrics:
  svhn_top1_accuracy: 0.24557291690645547
  svhn_top5_accuracy: 0.6984554601126703

2024-06-19 21:38:18,301 - INFO - Epoch 10/100
2024-06-19 21:38:18,499 - INFO - Train Stats
Loss:
  total: 0.26580552756786346
Metrics:
  svhn_top1_accuracy: 0.9482581913471222
  svhn_top5_accuracy: 0.9918032884597778

2024-06-19 21:38:19,420 - INFO - Validation Stats
Loss:
  total: 3.8204698932581933
Metrics:
  svhn_top1_accuracy: 0.25725574714356453
  svhn_top5_accuracy: 0.7059357042970329

2024-06-19 21:38:19,420 - INFO - Epoch 11/100
2024-06-19 21:38:19,613 - INFO - Train Stats
Loss:
  total: 0.14996907114982605
Metrics:
  svhn_top1_accuracy: 0.9841828942298889
  svhn_top5_accuracy: 1.0

2024-06-19 21:38:20,540 - INFO - Validation Stats
Loss:
  total: 3.446941984110865
Metrics:
  svhn_top1_accuracy: 0.27176724143069364
  svhn_top5_accuracy: 0.7199084049668806

2024-06-19 21:38:20,540 - INFO - Epoch 12/100
2024-06-19 21:38:20,733 - INFO - Train Stats
Loss:
  total: 0.19174005463719368
Metrics:
  svhn_top1_accuracy: 0.9601690471172333
  svhn_top5_accuracy: 0.9921875

2024-06-19 21:38:21,671 - INFO - Validation Stats
Loss:
  total: 3.346830252943368
Metrics:
  svhn_top1_accuracy: 0.28174389384943865
  svhn_top5_accuracy: 0.7314924566910185

2024-06-19 21:38:21,671 - INFO - Epoch 13/100
2024-06-19 21:38:21,855 - INFO - Train Stats
Loss:
  total: 0.12662171199917793
Metrics:
  svhn_top1_accuracy: 0.9800845384597778
  svhn_top5_accuracy: 0.9959016442298889

2024-06-19 21:38:22,775 - INFO - Validation Stats
Loss:
  total: 3.6376553198386885
Metrics:
  svhn_top1_accuracy: 0.2830908766080593
  svhn_top5_accuracy: 0.738200431240016

2024-06-19 21:38:22,775 - INFO - Epoch 14/100
2024-06-19 21:38:22,962 - INFO - Train Stats
Loss:
  total: 0.10494262725114822
Metrics:
  svhn_top1_accuracy: 0.9761782884597778
  svhn_top5_accuracy: 0.9959016442298889

2024-06-19 21:38:23,887 - INFO - Validation Stats
Loss:
  total: 3.588040693052884
Metrics:
  svhn_top1_accuracy: 0.3039062501027666
  svhn_top5_accuracy: 0.7469558191710505

2024-06-19 21:38:23,888 - INFO - Epoch 15/100
2024-06-19 21:38:24,071 - INFO - Train Stats
Loss:
  total: 0.08885546214878559
Metrics:
  svhn_top1_accuracy: 0.9802766442298889
  svhn_top5_accuracy: 0.99609375

2024-06-19 21:38:25,000 - INFO - Validation Stats
Loss:
  total: 3.131199364004464
Metrics:
  svhn_top1_accuracy: 0.31589439665449076
  svhn_top5_accuracy: 0.7467852008753809

2024-06-19 21:38:25,000 - INFO - Epoch 16/100
2024-06-19 21:38:25,188 - INFO - Train Stats
Loss:
  total: 0.060808127745985985
Metrics:
  svhn_top1_accuracy: 0.9919953942298889
  svhn_top5_accuracy: 1.0

2024-06-19 21:38:26,119 - INFO - Validation Stats
Loss:
  total: 2.8749504007142166
Metrics:
  svhn_top1_accuracy: 0.3204741380338011
  svhn_top5_accuracy: 0.7501167387797915

2024-06-19 21:38:26,119 - INFO - Epoch 17/100
2024-06-19 21:38:26,344 - INFO - Train Stats
Loss:
  total: 0.03570404835045338
Metrics:
  svhn_top1_accuracy: 0.9918032884597778
  svhn_top5_accuracy: 1.0

2024-06-19 21:38:27,284 - INFO - Validation Stats
Loss:
  total: 2.764876328665635
Metrics:
  svhn_top1_accuracy: 0.3282507185278268
  svhn_top5_accuracy: 0.7546336208951885

2024-06-19 21:38:27,284 - INFO - Epoch 18/100
2024-06-19 21:38:27,473 - INFO - Train Stats
Loss:
  total: 0.06526515260338783
Metrics:
  svhn_top1_accuracy: 0.9759861826896667
  svhn_top5_accuracy: 0.99609375

2024-06-19 21:38:28,402 - INFO - Validation Stats
Loss:
  total: 2.871980938418158
Metrics:
  svhn_top1_accuracy: 0.3289242099071371
  svhn_top5_accuracy: 0.747898707102085

2024-06-19 21:38:28,402 - INFO - Epoch 19/100
2024-06-19 21:38:28,588 - INFO - Train Stats
Loss:
  total: 0.05135445203632116
Metrics:
  svhn_top1_accuracy: 0.9837986826896667
  svhn_top5_accuracy: 0.9959016442298889

2024-06-19 21:38:29,516 - INFO - Validation Stats
Loss:
  total: 2.988971077162644
Metrics:
  svhn_top1_accuracy: 0.3254220547347233
  svhn_top5_accuracy: 0.7443965519296711

2024-06-19 21:38:29,516 - INFO - Epoch 20/100
2024-06-19 21:38:29,704 - INFO - Train Stats
Loss:
  total: 0.04885443113744259
Metrics:
  svhn_top1_accuracy: 0.9878970384597778
  svhn_top5_accuracy: 0.9959016442298889

2024-06-19 21:38:30,638 - INFO - Validation Stats
Loss:
  total: 3.0131234917147407
Metrics:
  svhn_top1_accuracy: 0.32528735645886125
  svhn_top5_accuracy: 0.7477280888064154

2024-06-19 21:38:30,638 - INFO - Epoch 21/100
2024-06-19 21:38:30,827 - INFO - Train Stats
Loss:
  total: 0.06266497820615768
Metrics:
  svhn_top1_accuracy: 0.9798924326896667
  svhn_top5_accuracy: 1.0

2024-06-19 21:38:31,755 - INFO - Validation Stats
Loss:
  total: 2.961061091258608
Metrics:
  svhn_top1_accuracy: 0.3305405892174819
  svhn_top5_accuracy: 0.7540589077719326

2024-06-19 21:38:31,755 - INFO - Epoch 22/100
2024-06-19 21:38:31,941 - INFO - Train Stats
Loss:
  total: 0.036030040588229895
Metrics:
  svhn_top1_accuracy: 0.9918032884597778
  svhn_top5_accuracy: 0.9959016442298889

2024-06-19 21:38:32,862 - INFO - Validation Stats
Loss:
  total: 2.879250407218933
Metrics:
  svhn_top1_accuracy: 0.3328304599071371
  svhn_top5_accuracy: 0.7577676002321572

2024-06-19 21:38:32,862 - INFO - Epoch 23/100
2024-06-19 21:38:33,062 - INFO - Train Stats
Loss:
  total: 0.04647964611649513
Metrics:
  svhn_top1_accuracy: 0.9919953942298889
  svhn_top5_accuracy: 1.0

2024-06-19 21:38:33,988 - INFO - Validation Stats
Loss:
  total: 2.778453625481704
Metrics:
  svhn_top1_accuracy: 0.3427981323209302
  svhn_top5_accuracy: 0.7655801002321572

2024-06-19 21:38:33,989 - INFO - Epoch 24/100
2024-06-19 21:38:34,179 - INFO - Train Stats
Loss:
  total: 0.03453940339386463
Metrics:
  svhn_top1_accuracy: 0.9878970384597778
  svhn_top5_accuracy: 1.0

2024-06-19 21:38:35,109 - INFO - Validation Stats
Loss:
  total: 2.76655166313566
Metrics:
  svhn_top1_accuracy: 0.35017061798736965
  svhn_top5_accuracy: 0.7724497123011227

2024-06-19 21:38:35,109 - INFO - Epoch 25/100
2024-06-19 21:38:35,296 - INFO - Train Stats
Loss:
  total: 0.03378960397094488
Metrics:
  svhn_top1_accuracy: 0.9919953942298889
  svhn_top5_accuracy: 0.99609375

2024-06-19 21:38:36,224 - INFO - Validation Stats
Loss:
  total: 2.736528051310572
Metrics:
  svhn_top1_accuracy: 0.3530621410443865
  svhn_top5_accuracy: 0.777873563355413

2024-06-19 21:38:36,224 - INFO - Epoch 26/100
2024-06-19 21:38:36,408 - INFO - Train Stats
Loss:
  total: 0.01757342554628849
Metrics:
  svhn_top1_accuracy: 0.99609375
  svhn_top5_accuracy: 1.0

2024-06-19 21:38:37,374 - INFO - Validation Stats
Loss:
  total: 2.7958056392340827
Metrics:
  svhn_top1_accuracy: 0.3567349139986367
  svhn_top5_accuracy: 0.7801634340450682

2024-06-19 21:38:37,375 - INFO - Epoch 27/100
2024-06-19 21:38:37,565 - INFO - Train Stats
Loss:
  total: 0.02683529071509838
Metrics:
  svhn_top1_accuracy: 0.9919953942298889
  svhn_top5_accuracy: 1.0

2024-06-19 21:38:38,497 - INFO - Validation Stats
Loss:
  total: 2.8932316015506614
Metrics:
  svhn_top1_accuracy: 0.35613326163127507
  svhn_top5_accuracy: 0.7825880030105854

2024-06-19 21:38:38,497 - INFO - Epoch 28/100
2024-06-19 21:38:38,684 - INFO - Train Stats
Loss:
  total: 0.0029234610265120864
Metrics:
  svhn_top1_accuracy: 1.0
  svhn_top5_accuracy: 1.0

2024-06-19 21:38:39,610 - INFO - Validation Stats
Loss:
  total: 2.991747288868345
Metrics:
  svhn_top1_accuracy: 0.3594647990218524
  svhn_top5_accuracy: 0.7809716237002405

2024-06-19 21:38:39,610 - INFO - Epoch 29/100
2024-06-19 21:38:39,791 - INFO - Train Stats
Loss:
  total: 0.003881016280502081
Metrics:
  svhn_top1_accuracy: 1.0
  svhn_top5_accuracy: 1.0

2024-06-19 21:38:40,720 - INFO - Validation Stats
Loss:
  total: 3.0662460203828483
Metrics:
  svhn_top1_accuracy: 0.36081178178047313
  svhn_top5_accuracy: 0.7827586202785887

2024-06-19 21:38:40,720 - INFO - Epoch 30/100
2024-06-19 21:38:40,905 - INFO - Train Stats
Loss:
  total: 0.013418089831247926
Metrics:
  svhn_top1_accuracy: 0.9959016442298889
  svhn_top5_accuracy: 1.0

2024-06-19 21:38:41,839 - INFO - Validation Stats
Loss:
  total: 3.1506334625441452
Metrics:
  svhn_top1_accuracy: 0.3635057472977145
  svhn_top5_accuracy: 0.7840696840450682

2024-06-19 21:38:42,058 - INFO - Epoch 31/100
2024-06-19 21:38:42,246 - INFO - Train Stats
Loss:
  total: 0.08565397281199694
Metrics:
  svhn_top1_accuracy: 0.9880891442298889
  svhn_top5_accuracy: 1.0

2024-06-19 21:38:43,179 - INFO - Validation Stats
Loss:
  total: 3.108527500053932
Metrics:
  svhn_top1_accuracy: 0.3747575432062149
  svhn_top5_accuracy: 0.7898257898873297

2024-06-19 21:38:43,179 - INFO - Epoch 32/100
2024-06-19 21:38:43,367 - INFO - Train Stats
Loss:
  total: 0.02785799012053758
Metrics:
  svhn_top1_accuracy: 0.9918032884597778
  svhn_top5_accuracy: 1.0

2024-06-19 21:38:44,302 - INFO - Validation Stats
Loss:
  total: 3.0154973350722214
Metrics:
  svhn_top1_accuracy: 0.37751436798736965
  svhn_top5_accuracy: 0.7899245691710505

2024-06-19 21:38:44,302 - INFO - Epoch 33/100
2024-06-19 21:38:44,489 - INFO - Train Stats
Loss:
  total: 0.06917796283960342
Metrics:
  svhn_top1_accuracy: 0.9757940471172333
  svhn_top5_accuracy: 1.0

2024-06-19 21:38:45,418 - INFO - Validation Stats
Loss:
  total: 2.9663898657108176
Metrics:
  svhn_top1_accuracy: 0.384617457102085
  svhn_top5_accuracy: 0.7936961208951885

2024-06-19 21:38:45,418 - INFO - Epoch 34/100
2024-06-19 21:38:45,606 - INFO - Train Stats
Loss:
  total: 0.021054812241345644
Metrics:
  svhn_top1_accuracy: 0.9918032884597778
  svhn_top5_accuracy: 1.0

2024-06-19 21:38:46,541 - INFO - Validation Stats
Loss:
  total: 2.951585054397583
Metrics:
  svhn_top1_accuracy: 0.3851921697115076
  svhn_top5_accuracy: 0.7942349139986367

2024-06-19 21:38:46,541 - INFO - Epoch 35/100
2024-06-19 21:38:46,728 - INFO - Train Stats
Loss:
  total: 0.045649304054677486
Metrics:
  svhn_top1_accuracy: 0.9959016442298889
  svhn_top5_accuracy: 1.0

2024-06-19 21:38:47,661 - INFO - Validation Stats
Loss:
  total: 2.9444731391709427
Metrics:
  svhn_top1_accuracy: 0.3828035202519647
  svhn_top5_accuracy: 0.7890804594960706

2024-06-19 21:38:47,661 - INFO - Epoch 36/100
2024-06-19 21:38:47,858 - INFO - Train Stats
Loss:
  total: 0.013317702221684158
Metrics:
  svhn_top1_accuracy: 0.99609375
  svhn_top5_accuracy: 1.0

2024-06-19 21:38:48,795 - INFO - Validation Stats
Loss:
  total: 2.909501347048529
Metrics:
  svhn_top1_accuracy: 0.3772808909416199
  svhn_top5_accuracy: 0.7881375715650362

2024-06-19 21:38:48,795 - INFO - Epoch 37/100
2024-06-19 21:38:48,985 - INFO - Train Stats
Loss:
  total: 0.07061704713851213
Metrics:
  svhn_top1_accuracy: 0.99609375
  svhn_top5_accuracy: 0.99609375

2024-06-19 21:38:49,934 - INFO - Validation Stats
Loss:
  total: 2.923972618990931
Metrics:
  svhn_top1_accuracy: 0.37273706906828385
  svhn_top5_accuracy: 0.7867546698142742

2024-06-19 21:38:49,934 - INFO - Epoch 38/100
2024-06-19 21:38:50,120 - INFO - Train Stats
Loss:
  total: 0.04627072159200907
Metrics:
  svhn_top1_accuracy: 0.9959016442298889
  svhn_top5_accuracy: 1.0

2024-06-19 21:38:51,052 - INFO - Validation Stats
Loss:
  total: 2.9269131010976333
Metrics:
  svhn_top1_accuracy: 0.37058189665449076
  svhn_top5_accuracy: 0.7854076870556536

2024-06-19 21:38:51,052 - INFO - Epoch 39/100
2024-06-19 21:38:51,239 - INFO - Train Stats
Loss:
  total: 0.014203919563442469
Metrics:
  svhn_top1_accuracy: 0.99609375
  svhn_top5_accuracy: 1.0

2024-06-19 21:38:52,173 - INFO - Validation Stats
Loss:
  total: 2.955133088703813
Metrics:
  svhn_top1_accuracy: 0.3714260058156375
  svhn_top5_accuracy: 0.7822108474271051

2024-06-19 21:38:52,173 - INFO - Epoch 40/100
2024-06-19 21:38:52,363 - INFO - Train Stats
Loss:
  total: 0.025531981606036425
Metrics:
  svhn_top1_accuracy: 0.98828125
  svhn_top5_accuracy: 1.0

2024-06-19 21:38:53,299 - INFO - Validation Stats
Loss:
  total: 2.9712013293956887
Metrics:
  svhn_top1_accuracy: 0.36829202596483557
  svhn_top5_accuracy: 0.7811332612202085

2024-06-19 21:38:53,299 - INFO - Epoch 41/100
2024-06-19 21:38:53,484 - INFO - Train Stats
Loss:
  total: 0.11731349304318428
Metrics:
  svhn_top1_accuracy: 0.9757940471172333
  svhn_top5_accuracy: 0.9959016442298889

2024-06-19 21:38:54,434 - INFO - Validation Stats
Loss:
  total: 2.9678402029234787
Metrics:
  svhn_top1_accuracy: 0.36785201163127507
  svhn_top5_accuracy: 0.7776670260676022

2024-06-19 21:38:54,435 - INFO - Epoch 42/100
2024-06-19 21:38:54,623 - INFO - Train Stats
Loss:
  total: 0.012224328704178333
Metrics:
  svhn_top1_accuracy: 1.0
  svhn_top5_accuracy: 1.0

2024-06-19 21:38:55,559 - INFO - Validation Stats
Loss:
  total: 2.9570643367438483
Metrics:
  svhn_top1_accuracy: 0.3608836207924218
  svhn_top5_accuracy: 0.7758441094694466

2024-06-19 21:38:55,559 - INFO - Epoch 43/100
2024-06-19 21:38:55,744 - INFO - Train Stats
Loss:
  total: 0.07338535971939564
Metrics:
  svhn_top1_accuracy: 0.9802766442298889
  svhn_top5_accuracy: 1.0

2024-06-19 21:38:56,677 - INFO - Validation Stats
Loss:
  total: 2.933180036215947
Metrics:
  svhn_top1_accuracy: 0.3597701150795509
  svhn_top5_accuracy: 0.7767869974004811

2024-06-19 21:38:56,677 - INFO - Epoch 44/100
2024-06-19 21:38:56,867 - INFO - Train Stats
Loss:
  total: 0.03332082740962505
Metrics:
  svhn_top1_accuracy: 0.9959016442298889
  svhn_top5_accuracy: 1.0

2024-06-19 21:38:57,800 - INFO - Validation Stats
Loss:
  total: 2.898526508232643
Metrics:
  svhn_top1_accuracy: 0.3555944685278268
  svhn_top5_accuracy: 0.7687410198408982

2024-06-19 21:38:57,800 - INFO - Epoch 45/100
2024-06-19 21:38:57,990 - INFO - Train Stats
Loss:
  total: 0.08931467309594154
Metrics:
  svhn_top1_accuracy: 0.9880891442298889
  svhn_top5_accuracy: 0.9921875

2024-06-19 21:38:58,926 - INFO - Validation Stats
Loss:
  total: 2.87725148529842
Metrics:
  svhn_top1_accuracy: 0.35940193975793905
  svhn_top5_accuracy: 0.7693157329641539

2024-06-19 21:38:58,926 - INFO - Epoch 46/100
2024-06-19 21:38:59,116 - INFO - Train Stats
Loss:
  total: 0.032695640809834
Metrics:
  svhn_top1_accuracy: 0.9919953942298889
  svhn_top5_accuracy: 0.99609375

2024-06-19 21:39:00,057 - INFO - Validation Stats
Loss:
  total: 2.846667873448339
Metrics:
  svhn_top1_accuracy: 0.36152119266575783
  svhn_top5_accuracy: 0.7633530888064154

2024-06-19 21:39:00,057 - INFO - Epoch 47/100
2024-06-19 21:39:00,243 - INFO - Train Stats
Loss:
  total: 0.04889750853180885
Metrics:
  svhn_top1_accuracy: 0.9802766442298889
  svhn_top5_accuracy: 1.0

2024-06-19 21:39:01,178 - INFO - Validation Stats
Loss:
  total: 2.7808680945429307
Metrics:
  svhn_top1_accuracy: 0.3664062501027666
  svhn_top5_accuracy: 0.7610991381365677

2024-06-19 21:39:01,178 - INFO - Epoch 48/100
2024-06-19 21:39:01,363 - INFO - Train Stats
Loss:
  total: 0.02254233183339238
Metrics:
  svhn_top1_accuracy: 0.9921875
  svhn_top5_accuracy: 1.0

2024-06-19 21:39:02,297 - INFO - Validation Stats
Loss:
  total: 2.7797309201339195
Metrics:
  svhn_top1_accuracy: 0.36829202596483557
  svhn_top5_accuracy: 0.7583692525995189

2024-06-19 21:39:02,297 - INFO - Epoch 49/100
2024-06-19 21:39:02,485 - INFO - Train Stats
Loss:
  total: 0.03821711055934429
Metrics:
  svhn_top1_accuracy: 0.9880891442298889
  svhn_top5_accuracy: 0.9959016442298889

2024-06-19 21:39:03,420 - INFO - Validation Stats
Loss:
  total: 2.7508648839490166
Metrics:
  svhn_top1_accuracy: 0.3626346983786287
  svhn_top5_accuracy: 0.7542654450597435

2024-06-19 21:39:03,420 - INFO - Epoch 50/100
2024-06-19 21:39:03,609 - INFO - Train Stats
Loss:
  total: 0.012403196888044477
Metrics:
  svhn_top1_accuracy: 0.99609375
  svhn_top5_accuracy: 1.0

2024-06-19 21:39:04,545 - INFO - Validation Stats
Loss:
  total: 2.7707792972696237
Metrics:
  svhn_top1_accuracy: 0.36003951163127507
  svhn_top5_accuracy: 0.7557830461140337

2024-06-19 21:39:04,545 - INFO - Epoch 51/100
2024-06-19 21:39:04,734 - INFO - Train Stats
Loss:
  total: 0.029629783239215612
Metrics:
  svhn_top1_accuracy: 0.9918032884597778
  svhn_top5_accuracy: 0.9959016442298889

2024-06-19 21:39:05,669 - INFO - Validation Stats
Loss:
  total: 2.8048156623182625
Metrics:
  svhn_top1_accuracy: 0.3589619254243785
  svhn_top5_accuracy: 0.752415589217482

2024-06-19 21:39:05,670 - INFO - Epoch 52/100
2024-06-19 21:39:05,859 - INFO - Train Stats
Loss:
  total: 0.021945351269096136
Metrics:
  svhn_top1_accuracy: 0.99609375
  svhn_top5_accuracy: 1.0

2024-06-19 21:39:06,798 - INFO - Validation Stats
Loss:
  total: 2.8379667380760454
Metrics:
  svhn_top1_accuracy: 0.3607130030105854
  svhn_top5_accuracy: 0.7536278737002405

2024-06-19 21:39:06,798 - INFO - Epoch 53/100
2024-06-19 21:39:07,018 - INFO - Train Stats
Loss:
  total: 0.020228767534717917
Metrics:
  svhn_top1_accuracy: 0.99609375
  svhn_top5_accuracy: 1.0

2024-06-19 21:39:07,960 - INFO - Validation Stats
Loss:
  total: 2.823276967837893
Metrics:
  svhn_top1_accuracy: 0.365831537493344
  svhn_top5_accuracy: 0.757731681240016

2024-06-19 21:39:07,960 - INFO - Epoch 54/100
2024-06-19 21:39:08,152 - INFO - Train Stats
Loss:
  total: 0.03832014603540301
Metrics:
  svhn_top1_accuracy: 0.9918032884597778
  svhn_top5_accuracy: 0.9959016442298889

2024-06-19 21:39:09,087 - INFO - Validation Stats
Loss:
  total: 2.8209549065293937
Metrics:
  svhn_top1_accuracy: 0.37098599148207695
  svhn_top5_accuracy: 0.7642331174735365

2024-06-19 21:39:09,088 - INFO - Epoch 55/100
2024-06-19 21:39:09,275 - INFO - Train Stats
Loss:
  total: 0.0025138798519037664
Metrics:
  svhn_top1_accuracy: 1.0
  svhn_top5_accuracy: 1.0

2024-06-19 21:39:10,211 - INFO - Validation Stats
Loss:
  total: 2.846802600498857
Metrics:
  svhn_top1_accuracy: 0.37543103458552524
  svhn_top5_accuracy: 0.7669270829907779

2024-06-19 21:39:10,211 - INFO - Epoch 56/100
2024-06-19 21:39:10,402 - INFO - Train Stats
Loss:
  total: 0.015036721713840961
Metrics:
  svhn_top1_accuracy: 0.99609375
  svhn_top5_accuracy: 1.0

2024-06-19 21:39:11,338 - INFO - Validation Stats
Loss:
  total: 2.8767280619719933
Metrics:
  svhn_top1_accuracy: 0.37273706906828385
  svhn_top5_accuracy: 0.771102729542502

2024-06-19 21:39:11,338 - INFO - Epoch 57/100
2024-06-19 21:39:11,528 - INFO - Train Stats
Loss:
  total: 0.03610974457114935
Metrics:
  svhn_top1_accuracy: 0.9919953942298889
  svhn_top5_accuracy: 1.0

2024-06-19 21:39:12,469 - INFO - Validation Stats
Loss:
  total: 2.918917577842186
Metrics:
  svhn_top1_accuracy: 0.3740481323209302
  svhn_top5_accuracy: 0.7747036639986367

2024-06-19 21:39:12,469 - INFO - Epoch 58/100
2024-06-19 21:39:12,656 - INFO - Train Stats
Loss:
  total: 0.004033225355669856
Metrics:
  svhn_top1_accuracy: 1.0
  svhn_top5_accuracy: 1.0

2024-06-19 21:39:13,597 - INFO - Validation Stats
Loss:
  total: 2.95604591122989
Metrics:
  svhn_top1_accuracy: 0.37566451163127507
  svhn_top5_accuracy: 0.7757812502055332

2024-06-19 21:39:13,597 - INFO - Epoch 59/100
2024-06-19 21:39:13,785 - INFO - Train Stats
Loss:
  total: 0.004390831338241696
Metrics:
  svhn_top1_accuracy: 1.0
  svhn_top5_accuracy: 1.0

2024-06-19 21:39:14,718 - INFO - Validation Stats
Loss:
  total: 3.002520499558284
Metrics:
  svhn_top1_accuracy: 0.37822377887265435
  svhn_top5_accuracy: 0.772243175013312

2024-06-19 21:39:14,718 - INFO - Epoch 60/100
2024-06-19 21:39:14,907 - INFO - Train Stats
Loss:
  total: 0.004644360160455108
Metrics:
  svhn_top1_accuracy: 1.0
  svhn_top5_accuracy: 1.0

2024-06-19 21:39:15,847 - INFO - Validation Stats
Loss:
  total: 3.0355019857143533
Metrics:
  svhn_top1_accuracy: 0.37957076163127507
  svhn_top5_accuracy: 0.7731501439522053

2024-06-19 21:39:16,264 - INFO - Epoch 61/100
2024-06-19 21:39:16,456 - INFO - Train Stats
Loss:
  total: 0.012618777866009623
Metrics:
  svhn_top1_accuracy: 0.9921875
  svhn_top5_accuracy: 1.0

2024-06-19 21:39:17,396 - INFO - Validation Stats
Loss:
  total: 3.019692272975527
Metrics:
  svhn_top1_accuracy: 0.37957076163127507
  svhn_top5_accuracy: 0.7763829025728949

2024-06-19 21:39:17,396 - INFO - Epoch 62/100
2024-06-19 21:39:17,587 - INFO - Train Stats
Loss:
  total: 0.03684314759448171
Metrics:
  svhn_top1_accuracy: 0.9919953942298889
  svhn_top5_accuracy: 1.0

2024-06-19 21:39:18,524 - INFO - Validation Stats
Loss:
  total: 3.039198608234011
Metrics:
  svhn_top1_accuracy: 0.3783225576425421
  svhn_top5_accuracy: 0.7805944681167603

2024-06-19 21:39:18,524 - INFO - Epoch 63/100
2024-06-19 21:39:18,716 - INFO - Train Stats
Loss:
  total: 0.016684509813785553
Metrics:
  svhn_top1_accuracy: 0.9959016442298889
  svhn_top5_accuracy: 1.0

2024-06-19 21:39:19,654 - INFO - Validation Stats
Loss:
  total: 3.0468095746533623
Metrics:
  svhn_top1_accuracy: 0.3773796697115076
  svhn_top5_accuracy: 0.7789421698142742

2024-06-19 21:39:19,654 - INFO - Epoch 64/100
2024-06-19 21:39:19,845 - INFO - Train Stats
Loss:
  total: 0.01580836810171604
Metrics:
  svhn_top1_accuracy: 0.9959016442298889
  svhn_top5_accuracy: 1.0

2024-06-19 21:39:20,785 - INFO - Validation Stats
Loss:
  total: 3.076497538336392
Metrics:
  svhn_top1_accuracy: 0.3824982041942662
  svhn_top5_accuracy: 0.7752065370822775

2024-06-19 21:39:20,785 - INFO - Epoch 65/100
2024-06-19 21:39:20,976 - INFO - Train Stats
Loss:
  total: 0.021661815233528614
Metrics:
  svhn_top1_accuracy: 0.9918032884597778
  svhn_top5_accuracy: 1.0

2024-06-19 21:39:21,922 - INFO - Validation Stats
Loss:
  total: 3.0426611982542893
Metrics:
  svhn_top1_accuracy: 0.38556932478115474
  svhn_top5_accuracy: 0.7745330457029671

2024-06-19 21:39:21,922 - INFO - Epoch 66/100
2024-06-19 21:39:22,125 - INFO - Train Stats
Loss:
  total: 0.00789580587297678
Metrics:
  svhn_top1_accuracy: 1.0
  svhn_top5_accuracy: 1.0

2024-06-19 21:39:23,068 - INFO - Validation Stats
Loss:
  total: 3.0177332162857056
Metrics:
  svhn_top1_accuracy: 0.3805854885742582
  svhn_top5_accuracy: 0.7765535198408982

2024-06-19 21:39:23,068 - INFO - Epoch 67/100
2024-06-19 21:39:23,255 - INFO - Train Stats
Loss:
  total: 0.024254456162452698
Metrics:
  svhn_top1_accuracy: 0.9959016442298889
  svhn_top5_accuracy: 1.0

2024-06-19 21:39:24,193 - INFO - Validation Stats
Loss:
  total: 2.9853906055976607
Metrics:
  svhn_top1_accuracy: 0.3818606323209302
  svhn_top5_accuracy: 0.7734554594960706

2024-06-19 21:39:24,194 - INFO - Epoch 68/100
2024-06-19 21:39:24,380 - INFO - Train Stats
Loss:
  total: 0.037345773074775934
Metrics:
  svhn_top1_accuracy: 0.9880891442298889
  svhn_top5_accuracy: 1.0

2024-06-19 21:39:25,320 - INFO - Validation Stats
Loss:
  total: 2.9930950197680244
Metrics:
  svhn_top1_accuracy: 0.38226472714851645
  svhn_top5_accuracy: 0.7707884342506014

2024-06-19 21:39:25,320 - INFO - Epoch 69/100
2024-06-19 21:39:25,506 - INFO - Train Stats
Loss:
  total: 0.08073448855429888
Metrics:
  svhn_top1_accuracy: 0.9878970384597778
  svhn_top5_accuracy: 1.0

2024-06-19 21:39:26,451 - INFO - Validation Stats
Loss:
  total: 2.969268852266772
Metrics:
  svhn_top1_accuracy: 0.3757992099071371
  svhn_top5_accuracy: 0.767860991173777

2024-06-19 21:39:26,451 - INFO - Epoch 70/100
2024-06-19 21:39:26,647 - INFO - Train Stats
Loss:
  total: 0.04222331941127777
Metrics:
  svhn_top1_accuracy: 0.9918032884597778
  svhn_top5_accuracy: 1.0

2024-06-19 21:39:27,589 - INFO - Validation Stats
Loss:
  total: 2.9420070278233497
Metrics:
  svhn_top1_accuracy: 0.36966594848139533
  svhn_top5_accuracy: 0.7618983480437048

2024-06-19 21:39:27,589 - INFO - Epoch 71/100
2024-06-19 21:39:27,774 - INFO - Train Stats
Loss:
  total: 0.01589273801073432
Metrics:
  svhn_top1_accuracy: 1.0
  svhn_top5_accuracy: 1.0

2024-06-19 21:39:28,714 - INFO - Validation Stats
Loss:
  total: 2.9753366544328887
Metrics:
  svhn_top1_accuracy: 0.3621587645390938
  svhn_top5_accuracy: 0.7576239222082598

2024-06-19 21:39:28,714 - INFO - Epoch 72/100
2024-06-19 21:39:28,909 - INFO - Train Stats
Loss:
  total: 0.07984126918017864
Metrics:
  svhn_top1_accuracy: 0.9839907884597778
  svhn_top5_accuracy: 1.0

2024-06-19 21:39:29,861 - INFO - Validation Stats
Loss:
  total: 2.9614002499087104
Metrics:
  svhn_top1_accuracy: 0.3566720547347233
  svhn_top5_accuracy: 0.7533135773806736

2024-06-19 21:39:29,861 - INFO - Epoch 73/100
2024-06-19 21:39:30,051 - INFO - Train Stats
Loss:
  total: 0.032711101695895195
Metrics:
  svhn_top1_accuracy: 0.9921875
  svhn_top5_accuracy: 1.0

2024-06-19 21:39:30,990 - INFO - Validation Stats
Loss:
  total: 2.9288030287315108
Metrics:
  svhn_top1_accuracy: 0.34980244266575783
  svhn_top5_accuracy: 0.7471174566910185

2024-06-19 21:39:30,990 - INFO - Epoch 74/100
2024-06-19 21:39:31,199 - INFO - Train Stats
Loss:
  total: 0.01117424014955759
Metrics:
  svhn_top1_accuracy: 1.0
  svhn_top5_accuracy: 1.0

2024-06-19 21:39:32,142 - INFO - Validation Stats
Loss:
  total: 2.9000159337602813
Metrics:
  svhn_top1_accuracy: 0.3388918823209302
  svhn_top5_accuracy: 0.7416936066643945

2024-06-19 21:39:32,142 - INFO - Epoch 75/100
2024-06-19 21:39:32,331 - INFO - Train Stats
Loss:
  total: 0.030774160288274288
Metrics:
  svhn_top1_accuracy: 0.9878970384597778
  svhn_top5_accuracy: 1.0

2024-06-19 21:39:33,271 - INFO - Validation Stats
Loss:
  total: 2.933211536243044
Metrics:
  svhn_top1_accuracy: 0.3359913795158781
  svhn_top5_accuracy: 0.7470815376988773

2024-06-19 21:39:33,271 - INFO - Epoch 76/100
2024-06-19 21:39:33,461 - INFO - Train Stats
Loss:
  total: 0.032719678711146116
Metrics:
  svhn_top1_accuracy: 0.99609375
  svhn_top5_accuracy: 1.0

2024-06-19 21:39:34,419 - INFO - Validation Stats
Loss:
  total: 3.023228250700852
Metrics:
  svhn_top1_accuracy: 0.33747306055036086
  svhn_top5_accuracy: 0.7492726291048115

2024-06-19 21:39:34,419 - INFO - Epoch 77/100
2024-06-19 21:39:34,609 - INFO - Train Stats
Loss:
  total: 0.07643995247781277
Metrics:
  svhn_top1_accuracy: 0.9798924326896667
  svhn_top5_accuracy: 1.0

2024-06-19 21:39:35,555 - INFO - Validation Stats
Loss:
  total: 2.976927000900795
Metrics:
  svhn_top1_accuracy: 0.3450880030105854
  svhn_top5_accuracy: 0.7505567525995189

2024-06-19 21:39:35,556 - INFO - Epoch 78/100
2024-06-19 21:39:35,743 - INFO - Train Stats
Loss:
  total: 0.030604468658566475
Metrics:
  svhn_top1_accuracy: 0.9839907884597778
  svhn_top5_accuracy: 1.0

2024-06-19 21:39:36,685 - INFO - Validation Stats
Loss:
  total: 2.990373126391707
Metrics:
  svhn_top1_accuracy: 0.35519037370024054
  svhn_top5_accuracy: 0.7559446836340016

2024-06-19 21:39:36,685 - INFO - Epoch 79/100
2024-06-19 21:39:36,872 - INFO - Train Stats
Loss:
  total: 0.035476342774927616
Metrics:
  svhn_top1_accuracy: 0.9918032884597778
  svhn_top5_accuracy: 1.0

2024-06-19 21:39:37,819 - INFO - Validation Stats
Loss:
  total: 2.9535442755140107
Metrics:
  svhn_top1_accuracy: 0.3634069685278268
  svhn_top5_accuracy: 0.7589080457029671

2024-06-19 21:39:37,819 - INFO - Epoch 80/100
2024-06-19 21:39:38,011 - INFO - Train Stats
Loss:
  total: 0.08036204986274242
Metrics:
  svhn_top1_accuracy: 0.9837986826896667
  svhn_top5_accuracy: 1.0

2024-06-19 21:39:38,962 - INFO - Validation Stats
Loss:
  total: 2.9159370003075433
Metrics:
  svhn_top1_accuracy: 0.37448814665449076
  svhn_top5_accuracy: 0.7657147985080193

2024-06-19 21:39:38,962 - INFO - Epoch 81/100
2024-06-19 21:39:39,149 - INFO - Train Stats
Loss:
  total: 0.08457503281533718
Metrics:
  svhn_top1_accuracy: 0.98046875
  svhn_top5_accuracy: 1.0

2024-06-19 21:39:40,093 - INFO - Validation Stats
Loss:
  total: 2.8067226903191926
Metrics:
  svhn_top1_accuracy: 0.37414691109081794
  svhn_top5_accuracy: 0.7728178881365677

2024-06-19 21:39:40,093 - INFO - Epoch 82/100
2024-06-19 21:39:40,291 - INFO - Train Stats
Loss:
  total: 0.06083509232848883
Metrics:
  svhn_top1_accuracy: 0.9837986826896667
  svhn_top5_accuracy: 1.0

2024-06-19 21:39:41,232 - INFO - Validation Stats
Loss:
  total: 2.726308253304712
Metrics:
  svhn_top1_accuracy: 0.3749910202519647
  svhn_top5_accuracy: 0.7671605605503609

2024-06-19 21:39:41,232 - INFO - Epoch 83/100
2024-06-19 21:39:41,426 - INFO - Train Stats
Loss:
  total: 0.0559735931456089
Metrics:
  svhn_top1_accuracy: 0.9757940471172333
  svhn_top5_accuracy: 1.0

2024-06-19 21:39:42,373 - INFO - Validation Stats
Loss:
  total: 2.64422607421875
Metrics:
  svhn_top1_accuracy: 0.37175826163127507
  svhn_top5_accuracy: 0.767295258826223

2024-06-19 21:39:42,373 - INFO - Epoch 84/100
2024-06-19 21:39:42,570 - INFO - Train Stats
Loss:
  total: 0.041811564937233925
Metrics:
  svhn_top1_accuracy: 0.9959016442298889
  svhn_top5_accuracy: 1.0

2024-06-19 21:39:43,511 - INFO - Validation Stats
Loss:
  total: 2.67053268901233
Metrics:
  svhn_top1_accuracy: 0.3705100576425421
  svhn_top5_accuracy: 0.7690463364124298

2024-06-19 21:39:43,511 - INFO - Epoch 85/100
2024-06-19 21:39:43,706 - INFO - Train Stats
Loss:
  total: 0.07836945075541735
Metrics:
  svhn_top1_accuracy: 0.9877049326896667
  svhn_top5_accuracy: 1.0

2024-06-19 21:39:44,647 - INFO - Validation Stats
Loss:
  total: 2.660595523899999
Metrics:
  svhn_top1_accuracy: 0.3671785202519647
  svhn_top5_accuracy: 0.7714349853581396

2024-06-19 21:39:44,647 - INFO - Epoch 86/100
2024-06-19 21:39:44,840 - INFO - Train Stats
Loss:
  total: 0.02421211637556553
Metrics:
  svhn_top1_accuracy: 0.9921875
  svhn_top5_accuracy: 1.0

2024-06-19 21:39:45,784 - INFO - Validation Stats
Loss:
  total: 2.679507066463602
Metrics:
  svhn_top1_accuracy: 0.37445222714851645
  svhn_top5_accuracy: 0.7738595543236568

2024-06-19 21:39:45,784 - INFO - Epoch 87/100
2024-06-19 21:39:45,969 - INFO - Train Stats
Loss:
  total: 0.023671702947467566
Metrics:
  svhn_top1_accuracy: 0.9919953942298889
  svhn_top5_accuracy: 1.0

2024-06-19 21:39:46,915 - INFO - Validation Stats
Loss:
  total: 2.7630419155647017
Metrics:
  svhn_top1_accuracy: 0.3734734197115076
  svhn_top5_accuracy: 0.7709949715384121

2024-06-19 21:39:46,915 - INFO - Epoch 88/100
2024-06-19 21:39:47,107 - INFO - Train Stats
Loss:
  total: 0.06570339319296181
Metrics:
  svhn_top1_accuracy: 0.984375
  svhn_top5_accuracy: 1.0

2024-06-19 21:39:48,055 - INFO - Validation Stats
Loss:
  total: 2.846245728690049
Metrics:
  svhn_top1_accuracy: 0.37714619266575783
  svhn_top5_accuracy: 0.7699173853315157

2024-06-19 21:39:48,056 - INFO - Epoch 89/100
2024-06-19 21:39:48,246 - INFO - Train Stats
Loss:
  total: 0.1127794198691845
Metrics:
  svhn_top1_accuracy: 0.9878970384597778
  svhn_top5_accuracy: 1.0

2024-06-19 21:39:49,191 - INFO - Validation Stats
Loss:
  total: 2.8189333019585443
Metrics:
  svhn_top1_accuracy: 0.37751436798736965
  svhn_top5_accuracy: 0.7719378594694466

2024-06-19 21:39:49,192 - INFO - Epoch 90/100
2024-06-19 21:39:49,386 - INFO - Train Stats
Loss:
  total: 0.023940513841807842
Metrics:
  svhn_top1_accuracy: 0.99609375
  svhn_top5_accuracy: 1.0

2024-06-19 21:39:50,332 - INFO - Validation Stats
Loss:
  total: 2.7238755226135254
Metrics:
  svhn_top1_accuracy: 0.3835129311372494
  svhn_top5_accuracy: 0.7749012215384121

2024-06-19 21:39:50,741 - INFO - Epoch 91/100
2024-06-19 21:39:50,931 - INFO - Train Stats
Loss:
  total: 0.11324304901063442
Metrics:
  svhn_top1_accuracy: 0.9837986826896667
  svhn_top5_accuracy: 0.9959016442298889

2024-06-19 21:39:51,886 - INFO - Validation Stats
Loss:
  total: 2.6442310563449203
Metrics:
  svhn_top1_accuracy: 0.39240301734414595
  svhn_top5_accuracy: 0.7800915950331194

2024-06-19 21:39:51,886 - INFO - Epoch 92/100
2024-06-19 21:39:52,080 - INFO - Train Stats
Loss:
  total: 0.058570606634020805
Metrics:
  svhn_top1_accuracy: 0.98828125
  svhn_top5_accuracy: 0.99609375

2024-06-19 21:39:53,025 - INFO - Validation Stats
Loss:
  total: 2.5750685786378793
Metrics:
  svhn_top1_accuracy: 0.39422593394230154
  svhn_top5_accuracy: 0.78154633579583

2024-06-19 21:39:53,025 - INFO - Epoch 93/100
2024-06-19 21:39:53,210 - INFO - Train Stats
Loss:
  total: 0.042147595435380936
Metrics:
  svhn_top1_accuracy: 0.9878970384597778
  svhn_top5_accuracy: 1.0

2024-06-19 21:39:54,156 - INFO - Validation Stats
Loss:
  total: 2.5890712655823807
Metrics:
  svhn_top1_accuracy: 0.3995150862068966
  svhn_top5_accuracy: 0.7823545254510025

2024-06-19 21:39:54,156 - INFO - Epoch 94/100
2024-06-19 21:39:54,346 - INFO - Train Stats
Loss:
  total: 0.025429959408938885
Metrics:
  svhn_top1_accuracy: 0.9959016442298889
  svhn_top5_accuracy: 1.0

2024-06-19 21:39:55,292 - INFO - Validation Stats
Loss:
  total: 2.6355097314407088
Metrics:
  svhn_top1_accuracy: 0.4027478448275862
  svhn_top5_accuracy: 0.7819504306234163

2024-06-19 21:39:55,292 - INFO - Epoch 95/100
2024-06-19 21:39:55,484 - INFO - Train Stats
Loss:
  total: 0.017609389731660485
Metrics:
  svhn_top1_accuracy: 0.99609375
  svhn_top5_accuracy: 1.0

2024-06-19 21:39:56,438 - INFO - Validation Stats
Loss:
  total: 2.6983951001331725
Metrics:
  svhn_top1_accuracy: 0.4028466235974739
  svhn_top5_accuracy: 0.7807022271485164

2024-06-19 21:39:56,438 - INFO - Epoch 96/100
2024-06-19 21:39:56,623 - INFO - Train Stats
Loss:
  total: 0.04350912757217884
Metrics:
  svhn_top1_accuracy: 0.9919953942298889
  svhn_top5_accuracy: 1.0

2024-06-19 21:39:57,581 - INFO - Validation Stats
Loss:
  total: 2.7351824374034486
Metrics:
  svhn_top1_accuracy: 0.4053340518269046
  svhn_top5_accuracy: 0.7813757185278267

2024-06-19 21:39:57,581 - INFO - Epoch 97/100
2024-06-19 21:39:57,768 - INFO - Train Stats
Loss:
  total: 0.03984396066516638
Metrics:
  svhn_top1_accuracy: 0.9919953942298889
  svhn_top5_accuracy: 0.9959016442298889

2024-06-19 21:39:58,709 - INFO - Validation Stats
Loss:
  total: 2.856717956477198
Metrics:
  svhn_top1_accuracy: 0.39788972714851645
  svhn_top5_accuracy: 0.7824533047347233

2024-06-19 21:39:58,709 - INFO - Epoch 98/100
2024-06-19 21:39:58,900 - INFO - Train Stats
Loss:
  total: 0.043142096139490604
Metrics:
  svhn_top1_accuracy: 0.9878970384597778
  svhn_top5_accuracy: 1.0

2024-06-19 21:39:59,850 - INFO - Validation Stats
Loss:
  total: 2.9160982904763055
Metrics:
  svhn_top1_accuracy: 0.40038613512598237
  svhn_top5_accuracy: 0.7794899426657578

2024-06-19 21:39:59,850 - INFO - Epoch 99/100
2024-06-19 21:40:00,040 - INFO - Train Stats
Loss:
  total: 0.008322237757965922
Metrics:
  svhn_top1_accuracy: 1.0
  svhn_top5_accuracy: 1.0

2024-06-19 21:40:00,984 - INFO - Validation Stats
Loss:
  total: 2.9607926237172095
Metrics:
  svhn_top1_accuracy: 0.39900323286138734
  svhn_top5_accuracy: 0.7812410202519647

2024-06-19 21:40:00,984 - INFO - Epoch 100/100
2024-06-19 21:40:01,176 - INFO - Train Stats
Loss:
  total: 0.019897364312782884
Metrics:
  svhn_top1_accuracy: 0.98828125
  svhn_top5_accuracy: 1.0

2024-06-19 21:40:02,124 - INFO - Validation Stats
Loss:
  total: 2.9766728220314813
Metrics:
  svhn_top1_accuracy: 0.39815912370024054
  svhn_top5_accuracy: 0.7854166668036888

2024-06-19 21:40:02,482 - INFO - Best validation loss: 2.3704182485054277
2024-06-19 21:40:02,654 - INFO - Best model saved to /home/up201905337/exploring-label-efficiency/weights/sl_svhn_resnet50_pretrained_250l.pth
2024-06-19 21:40:02,654 - INFO - Training took 116.01376008987427 seconds to complete
