2024-02-17 14:52:52,365 - INFO - Loading configuration files...
2024-02-17 14:52:53,513 - INFO - Loading model configuration
args:
  backbone: resnet101
  num_classes: 20
class: DeepLabV3

2024-02-17 14:52:53,540 - INFO - Loading train_dataset configuration
args:
  num_labeled: 155
  root: /data/auto/cityscapes
  train_val_split: 2475
class: SemiSupervisedCityscapesSeg

2024-02-17 14:52:53,559 - INFO - Loading val_dataset configuration
args:
  mode: fine
  root: /data/auto/cityscapes
  train_val_split: 2475
class: CityscapesSeg

2024-02-17 14:52:53,563 - INFO - Loading optimizer configuration
args:
  lr: 0.007
  momentum: 0.9
  weight_decay: 0.0005
class: SGD

2024-02-17 14:52:53,564 - INFO - Loading loss configuration
args:
  ignore_index: 0
class: CrossEntropyLoss

2024-02-17 14:52:53,574 - INFO - Loading metrics configuration
cityscapes_dice:
  args:
    average: micro
    ignore_index: 0
    num_classes: 20
  class: Dice
cityscapes_jaccard_macro:
  args:
    average: macro
    ignore_index: 0
    num_classes: 20
    task: multiclass
    validate_args: false
  class: JaccardIndex
cityscapes_jaccard_micro:
  args:
    average: micro
    ignore_index: 0
    num_classes: 20
    task: multiclass
    validate_args: false
  class: JaccardIndex

2024-02-17 14:52:53,576 - INFO - Loading scheduler configuration
args:
  power: 0.9
  total_iters: 120
class: PolynomialLR

2024-02-17 14:52:53,576 - INFO - Loading hyperparameters configuration
batch_size: 16
epochs: 120
num_workers: 4
save_freq: 10

2024-02-17 14:52:53,994 - INFO - Using device: cuda
2024-02-17 14:52:54,396 - INFO - Training for 120 epochs
2024-02-17 14:52:54,396 - INFO - Epoch 1/120
2024-02-17 14:53:21,246 - INFO - Train Stats
Loss:
  total: 2.0351730942726136
Metrics:
  cityscapes_dice: 0.47540863454341886
  cityscapes_jaccard_macro: 0.07096314243972301
  cityscapes_jaccard_micro: 0.36124983225017787

2024-02-17 14:53:53,894 - INFO - Validation Stats
Loss:
  total: 1.876805916428566
Metrics:
  cityscapes_dice: 0.6995809320360422
  cityscapes_jaccard_macro: 0.13697319920174778
  cityscapes_jaccard_micro: 0.5831802282482386

2024-02-17 14:53:54,660 - INFO - Epoch 2/120
2024-02-17 14:54:20,534 - INFO - Train Stats
Loss:
  total: 0.9561359107494354
Metrics:
  cityscapes_dice: 0.7234429895877839
  cityscapes_jaccard_macro: 0.1522608920931816
  cityscapes_jaccard_micro: 0.6157015800476074

2024-02-17 14:54:56,372 - INFO - Validation Stats
Loss:
  total: 0.8298135902732611
Metrics:
  cityscapes_dice: 0.760514285415411
  cityscapes_jaccard_macro: 0.18989406200125813
  cityscapes_jaccard_micro: 0.6654195971786976

2024-02-17 14:54:57,321 - INFO - Epoch 3/120
2024-02-17 14:55:22,985 - INFO - Train Stats
Loss:
  total: 0.6891874372959137
Metrics:
  cityscapes_dice: 0.7796769261360168
  cityscapes_jaccard_macro: 0.2067459389567375
  cityscapes_jaccard_micro: 0.6935809433460236

2024-02-17 14:55:55,990 - INFO - Validation Stats
Loss:
  total: 0.6529090283438563
Metrics:
  cityscapes_dice: 0.7880130000412464
  cityscapes_jaccard_macro: 0.2057689018547535
  cityscapes_jaccard_micro: 0.7068181447684765

2024-02-17 14:55:57,060 - INFO - Epoch 4/120
2024-02-17 14:56:22,805 - INFO - Train Stats
Loss:
  total: 0.5435666352510452
Metrics:
  cityscapes_dice: 0.8118953585624695
  cityscapes_jaccard_macro: 0.22801992148160935
  cityscapes_jaccard_micro: 0.7448661625385284

2024-02-17 14:56:57,262 - INFO - Validation Stats
Loss:
  total: 0.5915001155808568
Metrics:
  cityscapes_dice: 0.8068875186145306
  cityscapes_jaccard_macro: 0.2334452709183097
  cityscapes_jaccard_micro: 0.7371120024472475

2024-02-17 14:56:58,284 - INFO - Epoch 5/120
2024-02-17 14:57:24,382 - INFO - Train Stats
Loss:
  total: 0.5144764721393585
Metrics:
  cityscapes_dice: 0.8168889224529267
  cityscapes_jaccard_macro: 0.24098819345235825
  cityscapes_jaccard_micro: 0.7537266373634338

2024-02-17 14:57:59,074 - INFO - Validation Stats
Loss:
  total: 0.5270651392638683
Metrics:
  cityscapes_dice: 0.818698151037097
  cityscapes_jaccard_macro: 0.24681614711880684
  cityscapes_jaccard_micro: 0.7558948360383511

2024-02-17 14:57:59,967 - INFO - Epoch 6/120
2024-02-17 14:58:25,488 - INFO - Train Stats
Loss:
  total: 0.5031520634889602
Metrics:
  cityscapes_dice: 0.8160651743412017
  cityscapes_jaccard_macro: 0.2395869478583336
  cityscapes_jaccard_micro: 0.7534704625606536

2024-02-17 14:58:58,561 - INFO - Validation Stats
Loss:
  total: 0.5011789286509156
Metrics:
  cityscapes_dice: 0.8220660127699375
  cityscapes_jaccard_macro: 0.2502875695936382
  cityscapes_jaccard_micro: 0.7618261929601431

2024-02-17 14:58:59,642 - INFO - Epoch 7/120
2024-02-17 14:59:25,678 - INFO - Train Stats
Loss:
  total: 0.42654531002044677
Metrics:
  cityscapes_dice: 0.8382805109024047
  cityscapes_jaccard_macro: 0.2570338279008865
  cityscapes_jaccard_micro: 0.7881136357784271

2024-02-17 15:00:02,334 - INFO - Validation Stats
Loss:
  total: 0.4793665762990713
Metrics:
  cityscapes_dice: 0.8257122486829758
  cityscapes_jaccard_macro: 0.2616428844630718
  cityscapes_jaccard_micro: 0.7687082998454571

2024-02-17 15:00:03,362 - INFO - Epoch 8/120
2024-02-17 15:00:29,453 - INFO - Train Stats
Loss:
  total: 0.4363363325595856
Metrics:
  cityscapes_dice: 0.8325758218765259
  cityscapes_jaccard_macro: 0.26975578218698504
  cityscapes_jaccard_micro: 0.7816369593143463

2024-02-17 15:01:05,171 - INFO - Validation Stats
Loss:
  total: 0.4719320787116885
Metrics:
  cityscapes_dice: 0.8277215324342251
  cityscapes_jaccard_macro: 0.2720462833531201
  cityscapes_jaccard_micro: 0.7698718439787626

2024-02-17 15:01:06,224 - INFO - Epoch 9/120
2024-02-17 15:01:32,553 - INFO - Train Stats
Loss:
  total: 0.40084248483181
Metrics:
  cityscapes_dice: 0.8425193846225738
  cityscapes_jaccard_macro: 0.2833731770515442
  cityscapes_jaccard_micro: 0.7983855426311492

2024-02-17 15:02:07,955 - INFO - Validation Stats
Loss:
  total: 0.4460058519616723
Metrics:
  cityscapes_dice: 0.832854650914669
  cityscapes_jaccard_macro: 0.28206375800073147
  cityscapes_jaccard_micro: 0.7803032733500004

2024-02-17 15:02:09,067 - INFO - Epoch 10/120
2024-02-17 15:02:35,213 - INFO - Train Stats
Loss:
  total: 0.3728498578071594
Metrics:
  cityscapes_dice: 0.8487208247184753
  cityscapes_jaccard_macro: 0.3003231704235077
  cityscapes_jaccard_micro: 0.8088669300079345

2024-02-17 15:03:12,242 - INFO - Validation Stats
Loss:
  total: 0.4417111473158002
Metrics:
  cityscapes_dice: 0.8369386326521635
  cityscapes_jaccard_macro: 0.2981037124991417
  cityscapes_jaccard_micro: 0.785692922770977

2024-02-17 15:03:14,172 - INFO - Epoch 11/120
2024-02-17 15:03:40,078 - INFO - Train Stats
Loss:
  total: 0.3543247014284134
Metrics:
  cityscapes_dice: 0.8528777182102203
  cityscapes_jaccard_macro: 0.31266201436519625
  cityscapes_jaccard_micro: 0.8169146060943604

2024-02-17 15:04:17,730 - INFO - Validation Stats
Loss:
  total: 0.41852047946304083
Metrics:
  cityscapes_dice: 0.8411119431257248
  cityscapes_jaccard_macro: 0.3023991119116545
  cityscapes_jaccard_micro: 0.7930878549814224

2024-02-17 15:04:18,852 - INFO - Epoch 12/120
2024-02-17 15:04:45,509 - INFO - Train Stats
Loss:
  total: 0.35043400526046753
Metrics:
  cityscapes_dice: 0.855592679977417
  cityscapes_jaccard_macro: 0.3094744473695755
  cityscapes_jaccard_micro: 0.8175130784511566

2024-02-17 15:05:25,178 - INFO - Validation Stats
Loss:
  total: 0.4131538812071085
Metrics:
  cityscapes_dice: 0.8422185331583023
  cityscapes_jaccard_macro: 0.3057712372392416
  cityscapes_jaccard_micro: 0.7943320721387863

2024-02-17 15:05:26,383 - INFO - Epoch 13/120
2024-02-17 15:05:53,184 - INFO - Train Stats
Loss:
  total: 0.34374381601810455
Metrics:
  cityscapes_dice: 0.8559140741825104
  cityscapes_jaccard_macro: 0.32587224841117857
  cityscapes_jaccard_micro: 0.8207776665687561

2024-02-17 15:06:31,284 - INFO - Validation Stats
Loss:
  total: 0.41556474287062883
Metrics:
  cityscapes_dice: 0.8389593493193388
  cityscapes_jaccard_macro: 0.30801150761544704
  cityscapes_jaccard_micro: 0.7908028941601515

2024-02-17 15:06:31,284 - INFO - Epoch 14/120
2024-02-17 15:06:57,397 - INFO - Train Stats
Loss:
  total: 0.34785662591457367
Metrics:
  cityscapes_dice: 0.8521923005580903
  cityscapes_jaccard_macro: 0.3258148431777954
  cityscapes_jaccard_micro: 0.8132726788520813

2024-02-17 15:07:37,687 - INFO - Validation Stats
Loss:
  total: 0.3878603596240282
Metrics:
  cityscapes_dice: 0.8468614276498556
  cityscapes_jaccard_macro: 0.31101456098258495
  cityscapes_jaccard_micro: 0.800765385851264

2024-02-17 15:07:38,925 - INFO - Epoch 15/120
2024-02-17 15:08:04,509 - INFO - Train Stats
Loss:
  total: 0.3206330895423889
Metrics:
  cityscapes_dice: 0.8613435447216033
  cityscapes_jaccard_macro: 0.3423460453748703
  cityscapes_jaccard_micro: 0.8285420715808869

2024-02-17 15:08:39,251 - INFO - Validation Stats
Loss:
  total: 0.3839512709528208
Metrics:
  cityscapes_dice: 0.8491228017956018
  cityscapes_jaccard_macro: 0.31764102913439274
  cityscapes_jaccard_micro: 0.8043508213013411

2024-02-17 15:08:40,416 - INFO - Epoch 16/120
2024-02-17 15:09:07,053 - INFO - Train Stats
Loss:
  total: 0.30422830283641816
Metrics:
  cityscapes_dice: 0.8657796502113342
  cityscapes_jaccard_macro: 0.3506086379289627
  cityscapes_jaccard_micro: 0.8361607909202575

2024-02-17 15:09:47,786 - INFO - Validation Stats
Loss:
  total: 0.3876358373090625
Metrics:
  cityscapes_dice: 0.8470239508897066
  cityscapes_jaccard_macro: 0.3178921155631542
  cityscapes_jaccard_micro: 0.8008535262197256

2024-02-17 15:09:47,787 - INFO - Epoch 17/120
2024-02-17 15:10:13,559 - INFO - Train Stats
Loss:
  total: 0.3054384082555771
Metrics:
  cityscapes_dice: 0.8650879919528961
  cityscapes_jaccard_macro: 0.3500381499528885
  cityscapes_jaccard_micro: 0.8354721188545227

2024-02-17 15:10:51,580 - INFO - Validation Stats
Loss:
  total: 0.37899250630289316
Metrics:
  cityscapes_dice: 0.8477083723992109
  cityscapes_jaccard_macro: 0.32836465910077095
  cityscapes_jaccard_micro: 0.8054999094456434

2024-02-17 15:10:52,792 - INFO - Epoch 18/120
2024-02-17 15:11:19,628 - INFO - Train Stats
Loss:
  total: 0.29968167245388033
Metrics:
  cityscapes_dice: 0.864090234041214
  cityscapes_jaccard_macro: 0.37064228057861326
  cityscapes_jaccard_micro: 0.8351276993751526

2024-02-17 15:11:59,201 - INFO - Validation Stats
Loss:
  total: 0.3667175695300102
Metrics:
  cityscapes_dice: 0.8508172053843737
  cityscapes_jaccard_macro: 0.3310701251029968
  cityscapes_jaccard_micro: 0.8103256020694971

2024-02-17 15:12:00,421 - INFO - Epoch 19/120
2024-02-17 15:12:26,642 - INFO - Train Stats
Loss:
  total: 0.29138643443584444
Metrics:
  cityscapes_dice: 0.8690660059452057
  cityscapes_jaccard_macro: 0.36493746638298036
  cityscapes_jaccard_micro: 0.8415488123893737

2024-02-17 15:13:07,004 - INFO - Validation Stats
Loss:
  total: 0.37437704391777515
Metrics:
  cityscapes_dice: 0.8479998651891947
  cityscapes_jaccard_macro: 0.3343344070017338
  cityscapes_jaccard_micro: 0.8060242887586355

2024-02-17 15:13:07,004 - INFO - Epoch 20/120
2024-02-17 15:13:33,767 - INFO - Train Stats
Loss:
  total: 0.2725071951746941
Metrics:
  cityscapes_dice: 0.8732606410980225
  cityscapes_jaccard_macro: 0.36234972476959226
  cityscapes_jaccard_micro: 0.8499047815799713

2024-02-17 15:14:13,360 - INFO - Validation Stats
Loss:
  total: 0.3608937943354249
Metrics:
  cityscapes_dice: 0.8530340418219566
  cityscapes_jaccard_macro: 0.3451810758560896
  cityscapes_jaccard_micro: 0.8113919477909803

2024-02-17 15:14:15,477 - INFO - Epoch 21/120
2024-02-17 15:14:41,924 - INFO - Train Stats
Loss:
  total: 0.2808500126004219
Metrics:
  cityscapes_dice: 0.869910591840744
  cityscapes_jaccard_macro: 0.3655251204967499
  cityscapes_jaccard_micro: 0.845246022939682

2024-02-17 15:15:16,115 - INFO - Validation Stats
Loss:
  total: 0.3550577121786773
Metrics:
  cityscapes_dice: 0.8550892435014248
  cityscapes_jaccard_macro: 0.3484061984345317
  cityscapes_jaccard_micro: 0.8168624676764011

2024-02-17 15:15:17,467 - INFO - Epoch 22/120
2024-02-17 15:15:43,862 - INFO - Train Stats
Loss:
  total: 0.269801664352417
Metrics:
  cityscapes_dice: 0.8737090528011322
  cityscapes_jaccard_macro: 0.3801848113536835
  cityscapes_jaccard_micro: 0.8503860056400299

2024-02-17 15:16:17,563 - INFO - Validation Stats
Loss:
  total: 0.3519552359357476
Metrics:
  cityscapes_dice: 0.8552330117672682
  cityscapes_jaccard_macro: 0.3528382405638695
  cityscapes_jaccard_micro: 0.8162914682179689

2024-02-17 15:16:18,609 - INFO - Epoch 23/120
2024-02-17 15:16:44,656 - INFO - Train Stats
Loss:
  total: 0.2696297362446785
Metrics:
  cityscapes_dice: 0.8725462019443512
  cityscapes_jaccard_macro: 0.3894408971071243
  cityscapes_jaccard_micro: 0.8518571615219116

2024-02-17 15:17:20,852 - INFO - Validation Stats
Loss:
  total: 0.35692308051511645
Metrics:
  cityscapes_dice: 0.8553678914904594
  cityscapes_jaccard_macro: 0.36146160680800676
  cityscapes_jaccard_micro: 0.8151495791971684

2024-02-17 15:17:20,852 - INFO - Epoch 24/120
2024-02-17 15:17:46,418 - INFO - Train Stats
Loss:
  total: 0.2723472088575363
Metrics:
  cityscapes_dice: 0.8731895804405212
  cityscapes_jaccard_macro: 0.4115015983581543
  cityscapes_jaccard_micro: 0.850375097990036

2024-02-17 15:18:20,461 - INFO - Validation Stats
Loss:
  total: 0.3472556206397712
Metrics:
  cityscapes_dice: 0.8541846442967653
  cityscapes_jaccard_macro: 0.3628901857882738
  cityscapes_jaccard_micro: 0.8170210123062134

2024-02-17 15:18:21,532 - INFO - Epoch 25/120
2024-02-17 15:18:47,693 - INFO - Train Stats
Loss:
  total: 0.250881065428257
Metrics:
  cityscapes_dice: 0.8814226865768433
  cityscapes_jaccard_macro: 0.40367608070373534
  cityscapes_jaccard_micro: 0.8604315757751465

2024-02-17 15:19:20,940 - INFO - Validation Stats
Loss:
  total: 0.34234486147761345
Metrics:
  cityscapes_dice: 0.8568658139556646
  cityscapes_jaccard_macro: 0.36907308734953403
  cityscapes_jaccard_micro: 0.8198298215866089

2024-02-17 15:19:21,980 - INFO - Epoch 26/120
2024-02-17 15:19:47,910 - INFO - Train Stats
Loss:
  total: 0.24374440759420396
Metrics:
  cityscapes_dice: 0.8801804840564728
  cityscapes_jaccard_macro: 0.4110684603452682
  cityscapes_jaccard_micro: 0.8639528274536132

2024-02-17 15:20:24,367 - INFO - Validation Stats
Loss:
  total: 0.3386931512504816
Metrics:
  cityscapes_dice: 0.8578580915927887
  cityscapes_jaccard_macro: 0.3693268932402134
  cityscapes_jaccard_micro: 0.8216504864394665

2024-02-17 15:20:25,423 - INFO - Epoch 27/120
2024-02-17 15:20:51,076 - INFO - Train Stats
Loss:
  total: 0.2415577158331871
Metrics:
  cityscapes_dice: 0.881460177898407
  cityscapes_jaccard_macro: 0.427971351146698
  cityscapes_jaccard_micro: 0.8647737264633178

2024-02-17 15:21:29,391 - INFO - Validation Stats
Loss:
  total: 0.3363196714781225
Metrics:
  cityscapes_dice: 0.8580619804561138
  cityscapes_jaccard_macro: 0.371492562815547
  cityscapes_jaccard_micro: 0.8212208580225706

2024-02-17 15:21:30,475 - INFO - Epoch 28/120
2024-02-17 15:21:56,470 - INFO - Train Stats
Loss:
  total: 0.2399224743247032
Metrics:
  cityscapes_dice: 0.8813723444938659
  cityscapes_jaccard_macro: 0.41852194666862486
  cityscapes_jaccard_micro: 0.8649275004863739

2024-02-17 15:22:33,747 - INFO - Validation Stats
Loss:
  total: 0.3333833976648748
Metrics:
  cityscapes_dice: 0.8591625094413757
  cityscapes_jaccard_macro: 0.38039944414049387
  cityscapes_jaccard_micro: 0.8238617070019245

2024-02-17 15:22:34,766 - INFO - Epoch 29/120
2024-02-17 15:23:00,907 - INFO - Train Stats
Loss:
  total: 0.2450505390763283
Metrics:
  cityscapes_dice: 0.8797338128089904
  cityscapes_jaccard_macro: 0.43230314254760743
  cityscapes_jaccard_micro: 0.8645069360733032

2024-02-17 15:23:37,176 - INFO - Validation Stats
Loss:
  total: 0.3351436690427363
Metrics:
  cityscapes_dice: 0.8572388049215078
  cityscapes_jaccard_macro: 0.3736485531553626
  cityscapes_jaccard_micro: 0.8218469955027103

2024-02-17 15:23:37,177 - INFO - Epoch 30/120
2024-02-17 15:24:03,334 - INFO - Train Stats
Loss:
  total: 0.2379553347826004
Metrics:
  cityscapes_dice: 0.8822313904762268
  cityscapes_jaccard_macro: 0.4268678456544876
  cityscapes_jaccard_micro: 0.8650289952754975

2024-02-17 15:24:44,405 - INFO - Validation Stats
Loss:
  total: 0.3347929255105555
Metrics:
  cityscapes_dice: 0.8595567066222429
  cityscapes_jaccard_macro: 0.37447858694940805
  cityscapes_jaccard_micro: 0.8236421886831522

2024-02-17 15:24:45,538 - INFO - Epoch 31/120
2024-02-17 15:25:11,623 - INFO - Train Stats
Loss:
  total: 0.23103077411651612
Metrics:
  cityscapes_dice: 0.8836458504199982
  cityscapes_jaccard_macro: 0.43766125440597536
  cityscapes_jaccard_micro: 0.8686935722827911

2024-02-17 15:25:48,999 - INFO - Validation Stats
Loss:
  total: 0.32909955689683557
Metrics:
  cityscapes_dice: 0.8598932605236769
  cityscapes_jaccard_macro: 0.3761829389259219
  cityscapes_jaccard_micro: 0.825371753424406

2024-02-17 15:25:49,989 - INFO - Epoch 32/120
2024-02-17 15:26:15,903 - INFO - Train Stats
Loss:
  total: 0.22752585262060165
Metrics:
  cityscapes_dice: 0.8832699835300446
  cityscapes_jaccard_macro: 0.4364175796508789
  cityscapes_jaccard_micro: 0.8701209425926208

2024-02-17 15:26:53,189 - INFO - Validation Stats
Loss:
  total: 0.3290965622290969
Metrics:
  cityscapes_dice: 0.8604142852127552
  cityscapes_jaccard_macro: 0.3830847069621086
  cityscapes_jaccard_micro: 0.8263469114899635

2024-02-17 15:26:54,204 - INFO - Epoch 33/120
2024-02-17 15:27:19,822 - INFO - Train Stats
Loss:
  total: 0.2324944943189621
Metrics:
  cityscapes_dice: 0.8830747544765473
  cityscapes_jaccard_macro: 0.45762828886508944
  cityscapes_jaccard_micro: 0.868422019481659

2024-02-17 15:27:54,366 - INFO - Validation Stats
Loss:
  total: 0.3230203250423074
Metrics:
  cityscapes_dice: 0.859940305352211
  cityscapes_jaccard_macro: 0.3856436014175415
  cityscapes_jaccard_micro: 0.8248465731739998

2024-02-17 15:27:55,456 - INFO - Epoch 34/120
2024-02-17 15:28:21,583 - INFO - Train Stats
Loss:
  total: 0.21650630086660386
Metrics:
  cityscapes_dice: 0.8876687109470367
  cityscapes_jaccard_macro: 0.44452921748161317
  cityscapes_jaccard_micro: 0.8760287344455719

2024-02-17 15:28:55,800 - INFO - Validation Stats
Loss:
  total: 0.327260737773031
Metrics:
  cityscapes_dice: 0.8587715867906809
  cityscapes_jaccard_macro: 0.3903093207627535
  cityscapes_jaccard_micro: 0.8243075739592314

2024-02-17 15:28:55,800 - INFO - Epoch 35/120
2024-02-17 15:29:21,891 - INFO - Train Stats
Loss:
  total: 0.22374970018863677
Metrics:
  cityscapes_dice: 0.8837187767028809
  cityscapes_jaccard_macro: 0.44480837881565094
  cityscapes_jaccard_micro: 0.8717021167278289

2024-02-17 15:29:59,392 - INFO - Validation Stats
Loss:
  total: 0.3204641826450825
Metrics:
  cityscapes_dice: 0.8619951065629721
  cityscapes_jaccard_macro: 0.3894316889345646
  cityscapes_jaccard_micro: 0.828335726633668

2024-02-17 15:30:00,505 - INFO - Epoch 36/120
2024-02-17 15:30:26,785 - INFO - Train Stats
Loss:
  total: 0.21795249879360198
Metrics:
  cityscapes_dice: 0.8890226364135743
  cityscapes_jaccard_macro: 0.47202891707420347
  cityscapes_jaccard_micro: 0.8771225154399872

2024-02-17 15:31:04,051 - INFO - Validation Stats
Loss:
  total: 0.31579070817679167
Metrics:
  cityscapes_dice: 0.861852491274476
  cityscapes_jaccard_macro: 0.39907335117459297
  cityscapes_jaccard_micro: 0.8295607883483171

2024-02-17 15:31:05,060 - INFO - Epoch 37/120
2024-02-17 15:31:31,031 - INFO - Train Stats
Loss:
  total: 0.21879151612520217
Metrics:
  cityscapes_dice: 0.889081335067749
  cityscapes_jaccard_macro: 0.4739873319864273
  cityscapes_jaccard_micro: 0.8748496890068054

2024-02-17 15:32:08,565 - INFO - Validation Stats
Loss:
  total: 0.3175375540740788
Metrics:
  cityscapes_dice: 0.8614034913480282
  cityscapes_jaccard_macro: 0.3997585400938988
  cityscapes_jaccard_micro: 0.828005239367485

2024-02-17 15:32:08,565 - INFO - Epoch 38/120
2024-02-17 15:32:34,462 - INFO - Train Stats
Loss:
  total: 0.21144576370716095
Metrics:
  cityscapes_dice: 0.8886573553085327
  cityscapes_jaccard_macro: 0.46302210688591006
  cityscapes_jaccard_micro: 0.8780032932758332

2024-02-17 15:33:07,772 - INFO - Validation Stats
Loss:
  total: 0.32012387178838253
Metrics:
  cityscapes_dice: 0.8624108526855707
  cityscapes_jaccard_macro: 0.3959538070484996
  cityscapes_jaccard_micro: 0.8282189164310694

2024-02-17 15:33:07,772 - INFO - Epoch 39/120
2024-02-17 15:33:33,977 - INFO - Train Stats
Loss:
  total: 0.20283958464860916
Metrics:
  cityscapes_dice: 0.8892589747905731
  cityscapes_jaccard_macro: 0.4882141053676605
  cityscapes_jaccard_micro: 0.8834084808826447

2024-02-17 15:34:10,439 - INFO - Validation Stats
Loss:
  total: 0.31218563951551914
Metrics:
  cityscapes_dice: 0.8637276757508516
  cityscapes_jaccard_macro: 0.3923925068229437
  cityscapes_jaccard_micro: 0.8309732284396887

2024-02-17 15:34:11,533 - INFO - Epoch 40/120
2024-02-17 15:34:37,762 - INFO - Train Stats
Loss:
  total: 0.19818535894155503
Metrics:
  cityscapes_dice: 0.8933521449565888
  cityscapes_jaccard_macro: 0.4862648189067841
  cityscapes_jaccard_micro: 0.8856822907924652

2024-02-17 15:35:10,618 - INFO - Validation Stats
Loss:
  total: 0.3074287222698331
Metrics:
  cityscapes_dice: 0.8654986806213856
  cityscapes_jaccard_macro: 0.4056561514735222
  cityscapes_jaccard_micro: 0.8333045784384012

2024-02-17 15:35:12,818 - INFO - Epoch 41/120
2024-02-17 15:35:39,010 - INFO - Train Stats
Loss:
  total: 0.20688738375902177
Metrics:
  cityscapes_dice: 0.8859357059001922
  cityscapes_jaccard_macro: 0.4744999766349792
  cityscapes_jaccard_micro: 0.879229336977005

2024-02-17 15:36:15,103 - INFO - Validation Stats
Loss:
  total: 0.304227689281106
Metrics:
  cityscapes_dice: 0.8645635340362787
  cityscapes_jaccard_macro: 0.40396772138774395
  cityscapes_jaccard_micro: 0.8344864211976528

2024-02-17 15:36:16,163 - INFO - Epoch 42/120
2024-02-17 15:36:42,362 - INFO - Train Stats
Loss:
  total: 0.2031543493270874
Metrics:
  cityscapes_dice: 0.8897388517856598
  cityscapes_jaccard_macro: 0.4820022374391556
  cityscapes_jaccard_micro: 0.881974858045578

2024-02-17 15:37:19,330 - INFO - Validation Stats
Loss:
  total: 0.31048294669017196
Metrics:
  cityscapes_dice: 0.8636578731238842
  cityscapes_jaccard_macro: 0.4077344601973891
  cityscapes_jaccard_micro: 0.8331189751625061

2024-02-17 15:37:19,331 - INFO - Epoch 43/120
2024-02-17 15:37:45,382 - INFO - Train Stats
Loss:
  total: 0.1980007767677307
Metrics:
  cityscapes_dice: 0.8911516726016998
  cityscapes_jaccard_macro: 0.47855053246021273
  cityscapes_jaccard_micro: 0.8836170375347138

2024-02-17 15:38:22,111 - INFO - Validation Stats
Loss:
  total: 0.3195896688848734
Metrics:
  cityscapes_dice: 0.8597238771617413
  cityscapes_jaccard_macro: 0.4042780064046383
  cityscapes_jaccard_micro: 0.8271069303154945

2024-02-17 15:38:22,111 - INFO - Epoch 44/120
2024-02-17 15:38:48,060 - INFO - Train Stats
Loss:
  total: 0.20218960642814637
Metrics:
  cityscapes_dice: 0.8916457295417786
  cityscapes_jaccard_macro: 0.4892141342163086
  cityscapes_jaccard_micro: 0.8813648045063018

2024-02-17 15:39:22,057 - INFO - Validation Stats
Loss:
  total: 0.3000464984215796
Metrics:
  cityscapes_dice: 0.8664939478039742
  cityscapes_jaccard_macro: 0.41011001355946064
  cityscapes_jaccard_micro: 0.8358114045113325

2024-02-17 15:39:23,128 - INFO - Epoch 45/120
2024-02-17 15:39:49,381 - INFO - Train Stats
Loss:
  total: 0.18990115225315093
Metrics:
  cityscapes_dice: 0.8908237159252167
  cityscapes_jaccard_macro: 0.49792960584163665
  cityscapes_jaccard_micro: 0.8884069681167602

2024-02-17 15:40:26,454 - INFO - Validation Stats
Loss:
  total: 0.2958368854597211
Metrics:
  cityscapes_dice: 0.8649734631180763
  cityscapes_jaccard_macro: 0.41165271308273077
  cityscapes_jaccard_micro: 0.8364669177681208

2024-02-17 15:40:27,500 - INFO - Epoch 46/120
2024-02-17 15:40:53,777 - INFO - Train Stats
Loss:
  total: 0.19027043282985687
Metrics:
  cityscapes_dice: 0.893692010641098
  cityscapes_jaccard_macro: 0.5136944025754928
  cityscapes_jaccard_micro: 0.8877145707607269

2024-02-17 15:41:30,487 - INFO - Validation Stats
Loss:
  total: 0.3016921770758927
Metrics:
  cityscapes_dice: 0.865377513691783
  cityscapes_jaccard_macro: 0.40587660670280457
  cityscapes_jaccard_micro: 0.8339423537254333

2024-02-17 15:41:30,487 - INFO - Epoch 47/120
2024-02-17 15:41:57,090 - INFO - Train Stats
Loss:
  total: 0.18497661203145982
Metrics:
  cityscapes_dice: 0.8964796662330627
  cityscapes_jaccard_macro: 0.5058959007263184
  cityscapes_jaccard_micro: 0.8917475581169129

2024-02-17 15:42:34,054 - INFO - Validation Stats
Loss:
  total: 0.29830957762897015
Metrics:
  cityscapes_dice: 0.8653849996626377
  cityscapes_jaccard_macro: 0.4115318423137069
  cityscapes_jaccard_micro: 0.8357927147299051

2024-02-17 15:42:34,054 - INFO - Epoch 48/120
2024-02-17 15:43:00,037 - INFO - Train Stats
Loss:
  total: 0.18908413350582123
Metrics:
  cityscapes_dice: 0.8935642302036285
  cityscapes_jaccard_macro: 0.5010947197675705
  cityscapes_jaccard_micro: 0.8882725656032562

2024-02-17 15:43:37,573 - INFO - Validation Stats
Loss:
  total: 0.3059446639381349
Metrics:
  cityscapes_dice: 0.8644720148295164
  cityscapes_jaccard_macro: 0.4088962096720934
  cityscapes_jaccard_micro: 0.8336975034326315

2024-02-17 15:43:37,573 - INFO - Epoch 49/120
2024-02-17 15:44:03,887 - INFO - Train Stats
Loss:
  total: 0.18763227462768556
Metrics:
  cityscapes_dice: 0.8944001019001007
  cityscapes_jaccard_macro: 0.5053764253854751
  cityscapes_jaccard_micro: 0.8886757910251617

2024-02-17 15:44:37,813 - INFO - Validation Stats
Loss:
  total: 0.3031212496571243
Metrics:
  cityscapes_dice: 0.8663787599653006
  cityscapes_jaccard_macro: 0.4113768897950649
  cityscapes_jaccard_micro: 0.8356519974768162

2024-02-17 15:44:37,813 - INFO - Epoch 50/120
2024-02-17 15:45:04,232 - INFO - Train Stats
Loss:
  total: 0.18296059370040893
Metrics:
  cityscapes_dice: 0.8942005097866058
  cityscapes_jaccard_macro: 0.49334307909011843
  cityscapes_jaccard_micro: 0.8899167239665985

2024-02-17 15:45:42,093 - INFO - Validation Stats
Loss:
  total: 0.29142662696540356
Metrics:
  cityscapes_dice: 0.8690362442284822
  cityscapes_jaccard_macro: 0.41184543166309595
  cityscapes_jaccard_micro: 0.839906619861722

2024-02-17 15:45:44,265 - INFO - Epoch 51/120
2024-02-17 15:46:10,460 - INFO - Train Stats
Loss:
  total: 0.1804523378610611
Metrics:
  cityscapes_dice: 0.8936040341854096
  cityscapes_jaccard_macro: 0.5209958583116532
  cityscapes_jaccard_micro: 0.8927907764911651

2024-02-17 15:46:45,603 - INFO - Validation Stats
Loss:
  total: 0.2964627603068948
Metrics:
  cityscapes_dice: 0.8659737054258585
  cityscapes_jaccard_macro: 0.416616746224463
  cityscapes_jaccard_micro: 0.8365626335144043

2024-02-17 15:46:45,603 - INFO - Epoch 52/120
2024-02-17 15:47:11,561 - INFO - Train Stats
Loss:
  total: 0.1826596140861511
Metrics:
  cityscapes_dice: 0.894004625082016
  cityscapes_jaccard_macro: 0.5023742020130157
  cityscapes_jaccard_micro: 0.8914104580879212

2024-02-17 15:47:48,538 - INFO - Validation Stats
Loss:
  total: 0.29824619367718697
Metrics:
  cityscapes_dice: 0.8673554733395576
  cityscapes_jaccard_macro: 0.40995602775365114
  cityscapes_jaccard_micro: 0.8368501849472523

2024-02-17 15:47:48,538 - INFO - Epoch 53/120
2024-02-17 15:48:14,873 - INFO - Train Stats
Loss:
  total: 0.18041951358318328
Metrics:
  cityscapes_dice: 0.8965504467487335
  cityscapes_jaccard_macro: 0.5142678558826447
  cityscapes_jaccard_micro: 0.8916892111301422

2024-02-17 15:48:49,468 - INFO - Validation Stats
Loss:
  total: 0.29796423064544797
Metrics:
  cityscapes_dice: 0.8659356962889433
  cityscapes_jaccard_macro: 0.41835644748061895
  cityscapes_jaccard_micro: 0.8372024688869715

2024-02-17 15:48:49,468 - INFO - Epoch 54/120
2024-02-17 15:49:15,617 - INFO - Train Stats
Loss:
  total: 0.17388963401317598
Metrics:
  cityscapes_dice: 0.8971437156200409
  cityscapes_jaccard_macro: 0.5234192192554474
  cityscapes_jaccard_micro: 0.8958608031272888

2024-02-17 15:49:52,945 - INFO - Validation Stats
Loss:
  total: 0.29147562850266695
Metrics:
  cityscapes_dice: 0.8670179303735495
  cityscapes_jaccard_macro: 0.41391539480537176
  cityscapes_jaccard_micro: 0.8379855826497078

2024-02-17 15:49:52,945 - INFO - Epoch 55/120
2024-02-17 15:50:19,163 - INFO - Train Stats
Loss:
  total: 0.18939230293035508
Metrics:
  cityscapes_dice: 0.894671231508255
  cityscapes_jaccard_macro: 0.5288987934589386
  cityscapes_jaccard_micro: 0.8876818895339966

2024-02-17 15:50:56,023 - INFO - Validation Stats
Loss:
  total: 0.2911648550070822
Metrics:
  cityscapes_dice: 0.8672001920640469
  cityscapes_jaccard_macro: 0.4132391447201371
  cityscapes_jaccard_micro: 0.838304553180933

2024-02-17 15:50:57,107 - INFO - Epoch 56/120
2024-02-17 15:51:23,598 - INFO - Train Stats
Loss:
  total: 0.17682560235261918
Metrics:
  cityscapes_dice: 0.8951208114624023
  cityscapes_jaccard_macro: 0.5274587839841842
  cityscapes_jaccard_micro: 0.8935563921928406

2024-02-17 15:52:01,025 - INFO - Validation Stats
Loss:
  total: 0.2918291725218296
Metrics:
  cityscapes_dice: 0.8672145418822765
  cityscapes_jaccard_macro: 0.4293221039697528
  cityscapes_jaccard_micro: 0.8381491843611002

2024-02-17 15:52:01,026 - INFO - Epoch 57/120
2024-02-17 15:52:27,187 - INFO - Train Stats
Loss:
  total: 0.17389870434999466
Metrics:
  cityscapes_dice: 0.8976567685604095
  cityscapes_jaccard_macro: 0.5188436210155487
  cityscapes_jaccard_micro: 0.8942308723926544

2024-02-17 15:53:04,898 - INFO - Validation Stats
Loss:
  total: 0.2962495004758239
Metrics:
  cityscapes_dice: 0.8679778352379799
  cityscapes_jaccard_macro: 0.4289438556879759
  cityscapes_jaccard_micro: 0.8391634300351143

2024-02-17 15:53:04,898 - INFO - Epoch 58/120
2024-02-17 15:53:31,030 - INFO - Train Stats
Loss:
  total: 0.1763865277171135
Metrics:
  cityscapes_dice: 0.8969604253768921
  cityscapes_jaccard_macro: 0.523926392197609
  cityscapes_jaccard_micro: 0.8943486213684082

2024-02-17 15:54:08,527 - INFO - Validation Stats
Loss:
  total: 0.2818341483362019
Metrics:
  cityscapes_dice: 0.8720516767352819
  cityscapes_jaccard_macro: 0.43177428375929594
  cityscapes_jaccard_micro: 0.8443935047835112

2024-02-17 15:54:09,676 - INFO - Epoch 59/120
2024-02-17 15:54:36,270 - INFO - Train Stats
Loss:
  total: 0.17436238527297973
Metrics:
  cityscapes_dice: 0.8988575637340546
  cityscapes_jaccard_macro: 0.5321668535470963
  cityscapes_jaccard_micro: 0.8950788736343384

2024-02-17 15:55:12,931 - INFO - Validation Stats
Loss:
  total: 0.29495179327204823
Metrics:
  cityscapes_dice: 0.8675536457449198
  cityscapes_jaccard_macro: 0.424072565510869
  cityscapes_jaccard_micro: 0.8388889487832785

2024-02-17 15:55:12,931 - INFO - Epoch 60/120
2024-02-17 15:55:38,887 - INFO - Train Stats
Loss:
  total: 0.16443361937999726
Metrics:
  cityscapes_dice: 0.902612817287445
  cityscapes_jaccard_macro: 0.557842618227005
  cityscapes_jaccard_micro: 0.9003503859043122

2024-02-17 15:56:15,445 - INFO - Validation Stats
Loss:
  total: 0.28277967032045126
Metrics:
  cityscapes_dice: 0.8703361637890339
  cityscapes_jaccard_macro: 0.42493984568864107
  cityscapes_jaccard_micro: 0.8412792179733515

2024-02-17 15:56:16,454 - INFO - Epoch 61/120
2024-02-17 15:56:42,396 - INFO - Train Stats
Loss:
  total: 0.17453240156173705
Metrics:
  cityscapes_dice: 0.89578777551651
  cityscapes_jaccard_macro: 0.5325684010982513
  cityscapes_jaccard_micro: 0.8945193469524384

2024-02-17 15:57:20,018 - INFO - Validation Stats
Loss:
  total: 0.28616887843236327
Metrics:
  cityscapes_dice: 0.8693875260651112
  cityscapes_jaccard_macro: 0.42816706746816635
  cityscapes_jaccard_micro: 0.8413862995803356

2024-02-17 15:57:20,018 - INFO - Epoch 62/120
2024-02-17 15:57:46,558 - INFO - Train Stats
Loss:
  total: 0.16559794992208482
Metrics:
  cityscapes_dice: 0.8986158430576324
  cityscapes_jaccard_macro: 0.5637198716402054
  cityscapes_jaccard_micro: 0.8992565989494323

2024-02-17 15:58:23,519 - INFO - Validation Stats
Loss:
  total: 0.2889237282797694
Metrics:
  cityscapes_dice: 0.8678501695394516
  cityscapes_jaccard_macro: 0.43754264898598194
  cityscapes_jaccard_micro: 0.8386697135865688

2024-02-17 15:58:23,520 - INFO - Epoch 63/120
2024-02-17 15:58:49,760 - INFO - Train Stats
Loss:
  total: 0.16804061830043793
Metrics:
  cityscapes_dice: 0.8988147497177124
  cityscapes_jaccard_macro: 0.5384181261062622
  cityscapes_jaccard_micro: 0.8983032166957855

2024-02-17 15:59:23,373 - INFO - Validation Stats
Loss:
  total: 0.28267851984128356
Metrics:
  cityscapes_dice: 0.8716060649603605
  cityscapes_jaccard_macro: 0.43825807701796293
  cityscapes_jaccard_micro: 0.8439406249672174

2024-02-17 15:59:23,373 - INFO - Epoch 64/120
2024-02-17 15:59:49,343 - INFO - Train Stats
Loss:
  total: 0.16737640500068665
Metrics:
  cityscapes_dice: 0.9009564995765686
  cityscapes_jaccard_macro: 0.5424135655164719
  cityscapes_jaccard_micro: 0.899015212059021

2024-02-17 16:00:26,664 - INFO - Validation Stats
Loss:
  total: 0.2805921328254044
Metrics:
  cityscapes_dice: 0.8710800055414438
  cityscapes_jaccard_macro: 0.4459193218499422
  cityscapes_jaccard_micro: 0.844016520306468

2024-02-17 16:00:27,746 - INFO - Epoch 65/120
2024-02-17 16:00:54,030 - INFO - Train Stats
Loss:
  total: 0.16966816633939744
Metrics:
  cityscapes_dice: 0.8997460722923278
  cityscapes_jaccard_macro: 0.5693740844726562
  cityscapes_jaccard_micro: 0.8978762626647949

2024-02-17 16:01:31,163 - INFO - Validation Stats
Loss:
  total: 0.29368233121931553
Metrics:
  cityscapes_dice: 0.8665914926677942
  cityscapes_jaccard_macro: 0.43346037808805704
  cityscapes_jaccard_micro: 0.8396573048084974

2024-02-17 16:01:31,164 - INFO - Epoch 66/120
2024-02-17 16:01:57,214 - INFO - Train Stats
Loss:
  total: 0.16210296005010605
Metrics:
  cityscapes_dice: 0.898698890209198
  cityscapes_jaccard_macro: 0.545507264137268
  cityscapes_jaccard_micro: 0.9009481012821198

2024-02-17 16:02:30,823 - INFO - Validation Stats
Loss:
  total: 0.28872653376311064
Metrics:
  cityscapes_dice: 0.869097338989377
  cityscapes_jaccard_macro: 0.44151516631245613
  cityscapes_jaccard_micro: 0.840123500674963

2024-02-17 16:02:30,824 - INFO - Epoch 67/120
2024-02-17 16:02:57,098 - INFO - Train Stats
Loss:
  total: 0.16009302735328673
Metrics:
  cityscapes_dice: 0.9004905164241791
  cityscapes_jaccard_macro: 0.5566283345222474
  cityscapes_jaccard_micro: 0.9029324173927307

2024-02-17 16:03:33,581 - INFO - Validation Stats
Loss:
  total: 0.28321294160559773
Metrics:
  cityscapes_dice: 0.8702460676431656
  cityscapes_jaccard_macro: 0.43581274431198835
  cityscapes_jaccard_micro: 0.8431563638150692

2024-02-17 16:03:33,582 - INFO - Epoch 68/120
2024-02-17 16:03:59,888 - INFO - Train Stats
Loss:
  total: 0.16320696771144866
Metrics:
  cityscapes_dice: 0.9029677450656891
  cityscapes_jaccard_macro: 0.5640721201896668
  cityscapes_jaccard_micro: 0.901393324136734

2024-02-17 16:04:33,995 - INFO - Validation Stats
Loss:
  total: 0.2733835093677044
Metrics:
  cityscapes_dice: 0.8729986567050219
  cityscapes_jaccard_macro: 0.435552473179996
  cityscapes_jaccard_micro: 0.8478503674268723

2024-02-17 16:04:35,194 - INFO - Epoch 69/120
2024-02-17 16:05:01,074 - INFO - Train Stats
Loss:
  total: 0.16095757931470872
Metrics:
  cityscapes_dice: 0.900470107793808
  cityscapes_jaccard_macro: 0.5623261392116546
  cityscapes_jaccard_micro: 0.9018426299095154

2024-02-17 16:05:37,482 - INFO - Validation Stats
Loss:
  total: 0.27617010148242116
Metrics:
  cityscapes_dice: 0.8732012920081615
  cityscapes_jaccard_macro: 0.4429633617401123
  cityscapes_jaccard_micro: 0.8472458813339472

2024-02-17 16:05:37,482 - INFO - Epoch 70/120
2024-02-17 16:06:03,599 - INFO - Train Stats
Loss:
  total: 0.1582191377878189
Metrics:
  cityscapes_dice: 0.8999163150787354
  cityscapes_jaccard_macro: 0.5722088813781738
  cityscapes_jaccard_micro: 0.903139328956604

2024-02-17 16:06:40,113 - INFO - Validation Stats
Loss:
  total: 0.2805023523978889
Metrics:
  cityscapes_dice: 0.8717827778309584
  cityscapes_jaccard_macro: 0.4414284648373723
  cityscapes_jaccard_micro: 0.8461933378130198

2024-02-17 16:06:41,192 - INFO - Epoch 71/120
2024-02-17 16:07:07,162 - INFO - Train Stats
Loss:
  total: 0.1552935630083084
Metrics:
  cityscapes_dice: 0.905547845363617
  cityscapes_jaccard_macro: 0.5782233893871307
  cityscapes_jaccard_micro: 0.9048392534255981

2024-02-17 16:07:42,654 - INFO - Validation Stats
Loss:
  total: 0.2724825069308281
Metrics:
  cityscapes_dice: 0.8716511614620686
  cityscapes_jaccard_macro: 0.4374555852264166
  cityscapes_jaccard_micro: 0.8475249446928501

2024-02-17 16:07:43,704 - INFO - Epoch 72/120
2024-02-17 16:08:09,905 - INFO - Train Stats
Loss:
  total: 0.15737183317542075
Metrics:
  cityscapes_dice: 0.9031149387359619
  cityscapes_jaccard_macro: 0.5653282701969147
  cityscapes_jaccard_micro: 0.903771448135376

2024-02-17 16:08:43,156 - INFO - Validation Stats
Loss:
  total: 0.28175088483840227
Metrics:
  cityscapes_dice: 0.87019251473248
  cityscapes_jaccard_macro: 0.44396033603698015
  cityscapes_jaccard_micro: 0.8437825441360474

2024-02-17 16:08:43,157 - INFO - Epoch 73/120
2024-02-17 16:09:09,455 - INFO - Train Stats
Loss:
  total: 0.1565217286348343
Metrics:
  cityscapes_dice: 0.90259850025177
  cityscapes_jaccard_macro: 0.571976262331009
  cityscapes_jaccard_micro: 0.9033190906047821

2024-02-17 16:09:42,774 - INFO - Validation Stats
Loss:
  total: 0.2811497920192778
Metrics:
  cityscapes_dice: 0.8713942896574736
  cityscapes_jaccard_macro: 0.44331436790525913
  cityscapes_jaccard_micro: 0.8450321424752474

2024-02-17 16:09:42,775 - INFO - Epoch 74/120
2024-02-17 16:10:08,799 - INFO - Train Stats
Loss:
  total: 0.15846725851297377
Metrics:
  cityscapes_dice: 0.899526846408844
  cityscapes_jaccard_macro: 0.5931018829345703
  cityscapes_jaccard_micro: 0.9036123216152191

2024-02-17 16:10:42,658 - INFO - Validation Stats
Loss:
  total: 0.27316023828461766
Metrics:
  cityscapes_dice: 0.8736566845327616
  cityscapes_jaccard_macro: 0.448142166249454
  cityscapes_jaccard_micro: 0.8485077358782291

2024-02-17 16:10:42,659 - INFO - Epoch 75/120
2024-02-17 16:11:08,699 - INFO - Train Stats
Loss:
  total: 0.1540726363658905
Metrics:
  cityscapes_dice: 0.9041925549507142
  cityscapes_jaccard_macro: 0.5608601152896882
  cityscapes_jaccard_micro: 0.9053051352500916

2024-02-17 16:11:42,266 - INFO - Validation Stats
Loss:
  total: 0.2867264305241406
Metrics:
  cityscapes_dice: 0.8719411045312881
  cityscapes_jaccard_macro: 0.4481487274169922
  cityscapes_jaccard_micro: 0.8438339196145535

2024-02-17 16:11:42,267 - INFO - Epoch 76/120
2024-02-17 16:12:08,297 - INFO - Train Stats
Loss:
  total: 0.15549559891223907
Metrics:
  cityscapes_dice: 0.90115926861763
  cityscapes_jaccard_macro: 0.5846300840377807
  cityscapes_jaccard_micro: 0.905321353673935

2024-02-17 16:12:45,029 - INFO - Validation Stats
Loss:
  total: 0.2797563183121383
Metrics:
  cityscapes_dice: 0.8714518193155527
  cityscapes_jaccard_macro: 0.4460315927863121
  cityscapes_jaccard_micro: 0.8468476962298155

2024-02-17 16:12:45,029 - INFO - Epoch 77/120
2024-02-17 16:13:11,331 - INFO - Train Stats
Loss:
  total: 0.14995122253894805
Metrics:
  cityscapes_dice: 0.9047724425792694
  cityscapes_jaccard_macro: 0.5741617619991303
  cityscapes_jaccard_micro: 0.9069143116474152

2024-02-17 16:13:44,938 - INFO - Validation Stats
Loss:
  total: 0.2725461898371577
Metrics:
  cityscapes_dice: 0.873457683250308
  cityscapes_jaccard_macro: 0.456709080375731
  cityscapes_jaccard_micro: 0.8481341768056154

2024-02-17 16:13:44,938 - INFO - Epoch 78/120
2024-02-17 16:14:11,289 - INFO - Train Stats
Loss:
  total: 0.14905123561620712
Metrics:
  cityscapes_dice: 0.9048647701740264
  cityscapes_jaccard_macro: 0.5950978457927704
  cityscapes_jaccard_micro: 0.9081738352775574

2024-02-17 16:14:48,577 - INFO - Validation Stats
Loss:
  total: 0.27794942585751414
Metrics:
  cityscapes_dice: 0.872613649815321
  cityscapes_jaccard_macro: 0.458547486923635
  cityscapes_jaccard_micro: 0.8479197546839714

2024-02-17 16:14:48,577 - INFO - Epoch 79/120
2024-02-17 16:15:14,417 - INFO - Train Stats
Loss:
  total: 0.15422962233424187
Metrics:
  cityscapes_dice: 0.9027723550796509
  cityscapes_jaccard_macro: 0.6111074209213256
  cityscapes_jaccard_micro: 0.9056094944477081

2024-02-17 16:15:50,621 - INFO - Validation Stats
Loss:
  total: 0.2812663442455232
Metrics:
  cityscapes_dice: 0.8707344178110361
  cityscapes_jaccard_macro: 0.45272826310247183
  cityscapes_jaccard_micro: 0.8463321384042501

2024-02-17 16:15:50,622 - INFO - Epoch 80/120
2024-02-17 16:16:17,348 - INFO - Train Stats
Loss:
  total: 0.15375559851527215
Metrics:
  cityscapes_dice: 0.9032967686653137
  cityscapes_jaccard_macro: 0.5977266788482666
  cityscapes_jaccard_micro: 0.9058125615119934

2024-02-17 16:16:52,561 - INFO - Validation Stats
Loss:
  total: 0.28180447313934565
Metrics:
  cityscapes_dice: 0.8707041516900063
  cityscapes_jaccard_macro: 0.45627108216285706
  cityscapes_jaccard_micro: 0.8445461504161358

2024-02-17 16:16:53,615 - INFO - Epoch 81/120
2024-02-17 16:17:19,837 - INFO - Train Stats
Loss:
  total: 0.15235792398452758
Metrics:
  cityscapes_dice: 0.9045512855052948
  cityscapes_jaccard_macro: 0.5795482635498047
  cityscapes_jaccard_micro: 0.905881142616272

2024-02-17 16:17:53,874 - INFO - Validation Stats
Loss:
  total: 0.2729626540094614
Metrics:
  cityscapes_dice: 0.8719959519803524
  cityscapes_jaccard_macro: 0.4506813334301114
  cityscapes_jaccard_micro: 0.8482227362692356

2024-02-17 16:17:53,875 - INFO - Epoch 82/120
2024-02-17 16:18:19,967 - INFO - Train Stats
Loss:
  total: 0.15011977702379226
Metrics:
  cityscapes_dice: 0.9011116325855255
  cityscapes_jaccard_macro: 0.5722042083740234
  cityscapes_jaccard_micro: 0.9075887441635132

2024-02-17 16:18:54,062 - INFO - Validation Stats
Loss:
  total: 0.27762682270258665
Metrics:
  cityscapes_dice: 0.8730477970093489
  cityscapes_jaccard_macro: 0.4580909851938486
  cityscapes_jaccard_micro: 0.8475829269737005

2024-02-17 16:18:54,062 - INFO - Epoch 83/120
2024-02-17 16:19:20,295 - INFO - Train Stats
Loss:
  total: 0.14869525283575058
Metrics:
  cityscapes_dice: 0.9044758021831513
  cityscapes_jaccard_macro: 0.5925269067287445
  cityscapes_jaccard_micro: 0.9086293160915375

2024-02-17 16:19:54,133 - INFO - Validation Stats
Loss:
  total: 0.26920418441295624
Metrics:
  cityscapes_dice: 0.8724519852548838
  cityscapes_jaccard_macro: 0.4597329432144761
  cityscapes_jaccard_micro: 0.8488236144185066

2024-02-17 16:19:55,275 - INFO - Epoch 84/120
2024-02-17 16:20:21,320 - INFO - Train Stats
Loss:
  total: 0.1496543914079666
Metrics:
  cityscapes_dice: 0.904520845413208
  cityscapes_jaccard_macro: 0.5898874938488007
  cityscapes_jaccard_micro: 0.9080031931400299

2024-02-17 16:20:56,974 - INFO - Validation Stats
Loss:
  total: 0.2926004817709327
Metrics:
  cityscapes_dice: 0.868420684710145
  cityscapes_jaccard_macro: 0.4525165380910039
  cityscapes_jaccard_micro: 0.8412736169993877

2024-02-17 16:20:56,975 - INFO - Epoch 85/120
2024-02-17 16:21:23,145 - INFO - Train Stats
Loss:
  total: 0.15232126489281655
Metrics:
  cityscapes_dice: 0.9042836666107178
  cityscapes_jaccard_macro: 0.6056790471076965
  cityscapes_jaccard_micro: 0.9068230569362641

2024-02-17 16:21:58,976 - INFO - Validation Stats
Loss:
  total: 0.27498575020581484
Metrics:
  cityscapes_dice: 0.8721707221120596
  cityscapes_jaccard_macro: 0.45701121259480715
  cityscapes_jaccard_micro: 0.8468575272709131

2024-02-17 16:21:58,977 - INFO - Epoch 86/120
2024-02-17 16:22:24,924 - INFO - Train Stats
Loss:
  total: 0.1487360939383507
Metrics:
  cityscapes_dice: 0.9049545228481293
  cityscapes_jaccard_macro: 0.5891804993152618
  cityscapes_jaccard_micro: 0.9079783320426941

2024-02-17 16:22:57,420 - INFO - Validation Stats
Loss:
  total: 0.2688234532251954
Metrics:
  cityscapes_dice: 0.8730421140789986
  cityscapes_jaccard_macro: 0.46222005784511566
  cityscapes_jaccard_micro: 0.84983872435987

2024-02-17 16:22:58,409 - INFO - Epoch 87/120
2024-02-17 16:23:24,429 - INFO - Train Stats
Loss:
  total: 0.1463666193187237
Metrics:
  cityscapes_dice: 0.9042632579803467
  cityscapes_jaccard_macro: 0.5983521223068238
  cityscapes_jaccard_micro: 0.9090360343456269

2024-02-17 16:24:00,394 - INFO - Validation Stats
Loss:
  total: 0.27556285774335265
Metrics:
  cityscapes_dice: 0.8727796282619238
  cityscapes_jaccard_macro: 0.45631596352905035
  cityscapes_jaccard_micro: 0.84907341375947

2024-02-17 16:24:00,394 - INFO - Epoch 88/120
2024-02-17 16:24:26,470 - INFO - Train Stats
Loss:
  total: 0.14477162212133407
Metrics:
  cityscapes_dice: 0.9067525386810302
  cityscapes_jaccard_macro: 0.6028731107711792
  cityscapes_jaccard_micro: 0.910561615228653

2024-02-17 16:25:01,880 - INFO - Validation Stats
Loss:
  total: 0.2754567423835397
Metrics:
  cityscapes_dice: 0.8738459907472134
  cityscapes_jaccard_macro: 0.4650541478767991
  cityscapes_jaccard_micro: 0.8496458902955055

2024-02-17 16:25:01,880 - INFO - Epoch 89/120
2024-02-17 16:25:28,158 - INFO - Train Stats
Loss:
  total: 0.14713506549596786
Metrics:
  cityscapes_dice: 0.9038483142852783
  cityscapes_jaccard_macro: 0.588973981142044
  cityscapes_jaccard_micro: 0.9090743899345398

2024-02-17 16:26:05,109 - INFO - Validation Stats
Loss:
  total: 0.29953791480511427
Metrics:
  cityscapes_dice: 0.8691750392317772
  cityscapes_jaccard_macro: 0.451532824896276
  cityscapes_jaccard_micro: 0.8411142639815807

2024-02-17 16:26:05,109 - INFO - Epoch 90/120
2024-02-17 16:26:31,406 - INFO - Train Stats
Loss:
  total: 0.15441213697195053
Metrics:
  cityscapes_dice: 0.9021314442157745
  cityscapes_jaccard_macro: 0.5781927466392517
  cityscapes_jaccard_micro: 0.9051015377044678

2024-02-17 16:27:08,367 - INFO - Validation Stats
Loss:
  total: 0.27155410358682275
Metrics:
  cityscapes_dice: 0.8752362355589867
  cityscapes_jaccard_macro: 0.46176788955926895
  cityscapes_jaccard_micro: 0.849880900233984

2024-02-17 16:27:09,374 - INFO - Epoch 91/120
2024-02-17 16:27:35,136 - INFO - Train Stats
Loss:
  total: 0.14700930640101434
Metrics:
  cityscapes_dice: 0.9065707743167877
  cityscapes_jaccard_macro: 0.59640554189682
  cityscapes_jaccard_micro: 0.9086345672607422

2024-02-17 16:28:07,171 - INFO - Validation Stats
Loss:
  total: 0.2753726216033101
Metrics:
  cityscapes_dice: 0.8718303665518761
  cityscapes_jaccard_macro: 0.4625910297036171
  cityscapes_jaccard_micro: 0.8470035996288061

2024-02-17 16:28:07,171 - INFO - Epoch 92/120
2024-02-17 16:28:32,877 - INFO - Train Stats
Loss:
  total: 0.14591735750436782
Metrics:
  cityscapes_dice: 0.9045194983482361
  cityscapes_jaccard_macro: 0.577756655216217
  cityscapes_jaccard_micro: 0.9085806012153625

2024-02-17 16:29:07,537 - INFO - Validation Stats
Loss:
  total: 0.2731321444734931
Metrics:
  cityscapes_dice: 0.8740118499845266
  cityscapes_jaccard_macro: 0.4611867303028703
  cityscapes_jaccard_micro: 0.8494670297950506

2024-02-17 16:29:07,537 - INFO - Epoch 93/120
2024-02-17 16:29:33,362 - INFO - Train Stats
Loss:
  total: 0.15450720712542534
Metrics:
  cityscapes_dice: 0.9017120122909545
  cityscapes_jaccard_macro: 0.587475448846817
  cityscapes_jaccard_micro: 0.9038242757320404

2024-02-17 16:30:09,433 - INFO - Validation Stats
Loss:
  total: 0.28579473588615656
Metrics:
  cityscapes_dice: 0.869383318349719
  cityscapes_jaccard_macro: 0.4575908789411187
  cityscapes_jaccard_micro: 0.8430920913815498

2024-02-17 16:30:09,434 - INFO - Epoch 94/120
2024-02-17 16:30:35,645 - INFO - Train Stats
Loss:
  total: 0.14843912273645402
Metrics:
  cityscapes_dice: 0.9032261788845062
  cityscapes_jaccard_macro: 0.5849843680858612
  cityscapes_jaccard_micro: 0.9077259123325347

2024-02-17 16:31:10,997 - INFO - Validation Stats
Loss:
  total: 0.2782760364934802
Metrics:
  cityscapes_dice: 0.8724794276058674
  cityscapes_jaccard_macro: 0.4591301064938307
  cityscapes_jaccard_micro: 0.8468729238957167

2024-02-17 16:31:10,998 - INFO - Epoch 95/120
2024-02-17 16:31:36,859 - INFO - Train Stats
Loss:
  total: 0.14520532563328742
Metrics:
  cityscapes_dice: 0.9060035228729248
  cityscapes_jaccard_macro: 0.6007494449615478
  cityscapes_jaccard_micro: 0.9092003226280212

2024-02-17 16:32:08,180 - INFO - Validation Stats
Loss:
  total: 0.279824523255229
Metrics:
  cityscapes_dice: 0.8726028949022293
  cityscapes_jaccard_macro: 0.4642286030575633
  cityscapes_jaccard_micro: 0.8476715926080942

2024-02-17 16:32:08,180 - INFO - Epoch 96/120
2024-02-17 16:32:33,939 - INFO - Train Stats
Loss:
  total: 0.14657323583960533
Metrics:
  cityscapes_dice: 0.9055143117904663
  cityscapes_jaccard_macro: 0.5893873453140259
  cityscapes_jaccard_micro: 0.9090368509292602

2024-02-17 16:33:06,349 - INFO - Validation Stats
Loss:
  total: 0.28233281010761857
Metrics:
  cityscapes_dice: 0.8725774008780718
  cityscapes_jaccard_macro: 0.4645555978640914
  cityscapes_jaccard_micro: 0.8462584055960178

2024-02-17 16:33:06,349 - INFO - Epoch 97/120
2024-02-17 16:33:32,393 - INFO - Train Stats
Loss:
  total: 0.1443070538341999
Metrics:
  cityscapes_dice: 0.9081072092056275
  cityscapes_jaccard_macro: 0.6015497922897339
  cityscapes_jaccard_micro: 0.910498708486557

2024-02-17 16:34:04,386 - INFO - Validation Stats
Loss:
  total: 0.27752907713875175
Metrics:
  cityscapes_dice: 0.8733317479491234
  cityscapes_jaccard_macro: 0.473586387000978
  cityscapes_jaccard_micro: 0.8483409527689219

2024-02-17 16:34:04,386 - INFO - Epoch 98/120
2024-02-17 16:34:29,847 - INFO - Train Stats
Loss:
  total: 0.14017235860228539
Metrics:
  cityscapes_dice: 0.909060150384903
  cityscapes_jaccard_macro: 0.6030399739742279
  cityscapes_jaccard_micro: 0.9128258764743805

2024-02-17 16:35:01,549 - INFO - Validation Stats
Loss:
  total: 0.2730278680101037
Metrics:
  cityscapes_dice: 0.8731416296213865
  cityscapes_jaccard_macro: 0.4604960232973099
  cityscapes_jaccard_micro: 0.8485207296907902

2024-02-17 16:35:01,550 - INFO - Epoch 99/120
2024-02-17 16:35:27,486 - INFO - Train Stats
Loss:
  total: 0.1477377288043499
Metrics:
  cityscapes_dice: 0.903205144405365
  cityscapes_jaccard_macro: 0.6075491845607758
  cityscapes_jaccard_micro: 0.9079479694366455

2024-02-17 16:36:02,305 - INFO - Validation Stats
Loss:
  total: 0.27169041661545634
Metrics:
  cityscapes_dice: 0.8735116310417652
  cityscapes_jaccard_macro: 0.46111522428691387
  cityscapes_jaccard_micro: 0.8496656659990549

2024-02-17 16:36:02,305 - INFO - Epoch 100/120
2024-02-17 16:36:28,068 - INFO - Train Stats
Loss:
  total: 0.14926859959959984
Metrics:
  cityscapes_dice: 0.9054050266742706
  cityscapes_jaccard_macro: 0.5966420888900756
  cityscapes_jaccard_micro: 0.9074877142906189

2024-02-17 16:36:59,364 - INFO - Validation Stats
Loss:
  total: 0.27015119418501854
Metrics:
  cityscapes_dice: 0.8750569932162762
  cityscapes_jaccard_macro: 0.4550227578729391
  cityscapes_jaccard_micro: 0.8504816051572561

2024-02-17 16:37:00,325 - INFO - Epoch 101/120
2024-02-17 16:37:26,102 - INFO - Train Stats
Loss:
  total: 0.1433896616101265
Metrics:
  cityscapes_dice: 0.9060371696949006
  cityscapes_jaccard_macro: 0.627115148305893
  cityscapes_jaccard_micro: 0.9108830571174622

2024-02-17 16:38:00,065 - INFO - Validation Stats
Loss:
  total: 0.28089962573722005
Metrics:
  cityscapes_dice: 0.8695835862308741
  cityscapes_jaccard_macro: 0.46121476124972105
  cityscapes_jaccard_micro: 0.8455455861985683

2024-02-17 16:38:00,066 - INFO - Epoch 102/120
2024-02-17 16:38:25,908 - INFO - Train Stats
Loss:
  total: 0.14133302941918374
Metrics:
  cityscapes_dice: 0.9062834620475769
  cityscapes_jaccard_macro: 0.6231560409069061
  cityscapes_jaccard_micro: 0.9116886556148529

2024-02-17 16:39:01,171 - INFO - Validation Stats
Loss:
  total: 0.27396771823987365
Metrics:
  cityscapes_dice: 0.8729834109544754
  cityscapes_jaccard_macro: 0.4608952905982733
  cityscapes_jaccard_micro: 0.8484854716807604

2024-02-17 16:39:01,171 - INFO - Epoch 103/120
2024-02-17 16:39:26,992 - INFO - Train Stats
Loss:
  total: 0.1465077169239521
Metrics:
  cityscapes_dice: 0.9038897037506104
  cityscapes_jaccard_macro: 0.6104449570178986
  cityscapes_jaccard_micro: 0.9087148427963256

2024-02-17 16:40:05,882 - INFO - Validation Stats
Loss:
  total: 0.2736946507357061
Metrics:
  cityscapes_dice: 0.8739240653812885
  cityscapes_jaccard_macro: 0.4648072002455592
  cityscapes_jaccard_micro: 0.8489116113632917

2024-02-17 16:40:05,882 - INFO - Epoch 104/120
2024-02-17 16:40:31,616 - INFO - Train Stats
Loss:
  total: 0.14162397682666777
Metrics:
  cityscapes_dice: 0.9066186368465423
  cityscapes_jaccard_macro: 0.6098685681819915
  cityscapes_jaccard_micro: 0.9123752534389495

2024-02-17 16:41:01,797 - INFO - Validation Stats
Loss:
  total: 0.27995086973533034
Metrics:
  cityscapes_dice: 0.8712181411683559
  cityscapes_jaccard_macro: 0.4609200097620487
  cityscapes_jaccard_micro: 0.8466364126652479

2024-02-17 16:41:01,798 - INFO - Epoch 105/120
2024-02-17 16:41:27,571 - INFO - Train Stats
Loss:
  total: 0.14630870893597603
Metrics:
  cityscapes_dice: 0.9033219635486602
  cityscapes_jaccard_macro: 0.5990478694438934
  cityscapes_jaccard_micro: 0.9087591528892517

2024-02-17 16:42:00,613 - INFO - Validation Stats
Loss:
  total: 0.27898701978847384
Metrics:
  cityscapes_dice: 0.8710519690066576
  cityscapes_jaccard_macro: 0.4578345064073801
  cityscapes_jaccard_micro: 0.8450349885970354

2024-02-17 16:42:00,614 - INFO - Epoch 106/120
2024-02-17 16:42:26,094 - INFO - Train Stats
Loss:
  total: 0.14214484691619872
Metrics:
  cityscapes_dice: 0.9069848239421845
  cityscapes_jaccard_macro: 0.6272211670875549
  cityscapes_jaccard_micro: 0.911284190416336

2024-02-17 16:42:59,318 - INFO - Validation Stats
Loss:
  total: 0.2761474195867777
Metrics:
  cityscapes_dice: 0.8729506507515907
  cityscapes_jaccard_macro: 0.464416416361928
  cityscapes_jaccard_micro: 0.8481266517192125

2024-02-17 16:42:59,318 - INFO - Epoch 107/120
2024-02-17 16:43:25,286 - INFO - Train Stats
Loss:
  total: 0.13944124057888985
Metrics:
  cityscapes_dice: 0.9071320235729218
  cityscapes_jaccard_macro: 0.5924081087112427
  cityscapes_jaccard_micro: 0.9126315355300904

2024-02-17 16:44:01,153 - INFO - Validation Stats
Loss:
  total: 0.2667988366447389
Metrics:
  cityscapes_dice: 0.8745000287890434
  cityscapes_jaccard_macro: 0.46800115145742893
  cityscapes_jaccard_micro: 0.8519839029759169

2024-02-17 16:44:02,139 - INFO - Epoch 108/120
2024-02-17 16:44:28,221 - INFO - Train Stats
Loss:
  total: 0.13679497987031936
Metrics:
  cityscapes_dice: 0.9080303609371185
  cityscapes_jaccard_macro: 0.6083225011825562
  cityscapes_jaccard_micro: 0.9148787736892701

2024-02-17 16:45:04,542 - INFO - Validation Stats
Loss:
  total: 0.27718891808763146
Metrics:
  cityscapes_dice: 0.8726125061511993
  cityscapes_jaccard_macro: 0.4721074756234884
  cityscapes_jaccard_micro: 0.8484142441302538

2024-02-17 16:45:04,542 - INFO - Epoch 109/120
2024-02-17 16:45:30,391 - INFO - Train Stats
Loss:
  total: 0.14101752489805222
Metrics:
  cityscapes_dice: 0.905625718832016
  cityscapes_jaccard_macro: 0.6201736211776734
  cityscapes_jaccard_micro: 0.9119227647781372

2024-02-17 16:46:07,226 - INFO - Validation Stats
Loss:
  total: 0.2666101264767349
Metrics:
  cityscapes_dice: 0.8745102025568485
  cityscapes_jaccard_macro: 0.4658390525728464
  cityscapes_jaccard_micro: 0.8514138273894787

2024-02-17 16:46:08,190 - INFO - Epoch 110/120
2024-02-17 16:46:34,121 - INFO - Train Stats
Loss:
  total: 0.13862329199910164
Metrics:
  cityscapes_dice: 0.9085284888744354
  cityscapes_jaccard_macro: 0.6116921663284302
  cityscapes_jaccard_micro: 0.9140205383300781

2024-02-17 16:47:10,771 - INFO - Validation Stats
Loss:
  total: 0.2747819796204567
Metrics:
  cityscapes_dice: 0.8733368776738644
  cityscapes_jaccard_macro: 0.46395972557365894
  cityscapes_jaccard_micro: 0.8483299035578966

2024-02-17 16:47:11,834 - INFO - Epoch 111/120
2024-02-17 16:47:38,140 - INFO - Train Stats
Loss:
  total: 0.14012515172362328
Metrics:
  cityscapes_dice: 0.9064656436443329
  cityscapes_jaccard_macro: 0.5989036381244659
  cityscapes_jaccard_micro: 0.9115881025791168

2024-02-17 16:48:10,580 - INFO - Validation Stats
Loss:
  total: 0.27044866839423776
Metrics:
  cityscapes_dice: 0.874865910038352
  cityscapes_jaccard_macro: 0.4704127749428153
  cityscapes_jaccard_micro: 0.8504155203700066

2024-02-17 16:48:10,580 - INFO - Epoch 112/120
2024-02-17 16:48:35,558 - INFO - Train Stats
Loss:
  total: 0.14355124309659004
Metrics:
  cityscapes_dice: 0.9066562592983246
  cityscapes_jaccard_macro: 0.6152862966060638
  cityscapes_jaccard_micro: 0.9096938848495484

2024-02-17 16:49:08,759 - INFO - Validation Stats
Loss:
  total: 0.2738785627298057
Metrics:
  cityscapes_dice: 0.871805913746357
  cityscapes_jaccard_macro: 0.46015796158462763
  cityscapes_jaccard_micro: 0.8479275703430176

2024-02-17 16:49:08,759 - INFO - Epoch 113/120
2024-02-17 16:49:33,864 - INFO - Train Stats
Loss:
  total: 0.14003661572933196
Metrics:
  cityscapes_dice: 0.9056927263736725
  cityscapes_jaccard_macro: 0.6388597190380096
  cityscapes_jaccard_micro: 0.9126947283744812

2024-02-17 16:50:04,266 - INFO - Validation Stats
Loss:
  total: 0.27273368183523417
Metrics:
  cityscapes_dice: 0.8737369980663061
  cityscapes_jaccard_macro: 0.4582603070884943
  cityscapes_jaccard_micro: 0.8502054493874311

2024-02-17 16:50:04,266 - INFO - Epoch 114/120
2024-02-17 16:50:29,885 - INFO - Train Stats
Loss:
  total: 0.14341343119740485
Metrics:
  cityscapes_dice: 0.9062595784664154
  cityscapes_jaccard_macro: 0.6181893408298492
  cityscapes_jaccard_micro: 0.9108525454998017

2024-02-17 16:50:58,468 - INFO - Validation Stats
Loss:
  total: 0.2678305711597204
Metrics:
  cityscapes_dice: 0.8755124993622303
  cityscapes_jaccard_macro: 0.4676616983488202
  cityscapes_jaccard_micro: 0.851361433044076

2024-02-17 16:50:58,468 - INFO - Epoch 115/120
2024-02-17 16:51:24,014 - INFO - Train Stats
Loss:
  total: 0.14076133593916892
Metrics:
  cityscapes_dice: 0.9051647245883941
  cityscapes_jaccard_macro: 0.60081267952919
  cityscapes_jaccard_micro: 0.9118816673755645

2024-02-17 16:51:55,824 - INFO - Validation Stats
Loss:
  total: 0.2758944658562541
Metrics:
  cityscapes_dice: 0.8732866235077381
  cityscapes_jaccard_macro: 0.4659581258893013
  cityscapes_jaccard_micro: 0.8489727694541216

2024-02-17 16:51:55,824 - INFO - Epoch 116/120
2024-02-17 16:52:21,571 - INFO - Train Stats
Loss:
  total: 0.1417653001844883
Metrics:
  cityscapes_dice: 0.9080196857452393
  cityscapes_jaccard_macro: 0.5994345664978027
  cityscapes_jaccard_micro: 0.9113244652748108

2024-02-17 16:52:52,518 - INFO - Validation Stats
Loss:
  total: 0.2739516473375261
Metrics:
  cityscapes_dice: 0.8741392344236374
  cityscapes_jaccard_macro: 0.4709037905558944
  cityscapes_jaccard_micro: 0.8501991964876652

2024-02-17 16:52:52,519 - INFO - Epoch 117/120
2024-02-17 16:53:17,429 - INFO - Train Stats
Loss:
  total: 0.14057132080197335
Metrics:
  cityscapes_dice: 0.9068268775939942
  cityscapes_jaccard_macro: 0.6124681651592254
  cityscapes_jaccard_micro: 0.912217777967453

2024-02-17 16:53:45,890 - INFO - Validation Stats
Loss:
  total: 0.272624715231359
Metrics:
  cityscapes_dice: 0.875683018937707
  cityscapes_jaccard_macro: 0.47501988988369703
  cityscapes_jaccard_micro: 0.8498173747211695

2024-02-17 16:53:45,890 - INFO - Epoch 118/120
2024-02-17 16:54:11,293 - INFO - Train Stats
Loss:
  total: 0.1389610394835472
Metrics:
  cityscapes_dice: 0.9065886437892914
  cityscapes_jaccard_macro: 0.614363032579422
  cityscapes_jaccard_micro: 0.9130440711975097

2024-02-17 16:54:42,566 - INFO - Validation Stats
Loss:
  total: 0.2752944123931229
Metrics:
  cityscapes_dice: 0.8725336585193872
  cityscapes_jaccard_macro: 0.4550938131287694
  cityscapes_jaccard_micro: 0.8484030775725842

2024-02-17 16:54:42,566 - INFO - Epoch 119/120
2024-02-17 16:55:07,841 - INFO - Train Stats
Loss:
  total: 0.14353622421622275
Metrics:
  cityscapes_dice: 0.9041232705116272
  cityscapes_jaccard_macro: 0.6237973809242249
  cityscapes_jaccard_micro: 0.9104646801948547

2024-02-17 16:55:43,346 - INFO - Validation Stats
Loss:
  total: 0.26768054720014334
Metrics:
  cityscapes_dice: 0.8745572026818991
  cityscapes_jaccard_macro: 0.4663639897480607
  cityscapes_jaccard_micro: 0.8507908806204796

2024-02-17 16:55:43,347 - INFO - Epoch 120/120
2024-02-17 16:56:09,186 - INFO - Train Stats
Loss:
  total: 0.1441744975745678
Metrics:
  cityscapes_dice: 0.9030935227870941
  cityscapes_jaccard_macro: 0.6229003608226776
  cityscapes_jaccard_micro: 0.9102516412734986

2024-02-17 16:56:48,466 - INFO - Validation Stats
Loss:
  total: 0.2700979080982506
Metrics:
  cityscapes_dice: 0.8740361593663692
  cityscapes_jaccard_macro: 0.4628032688051462
  cityscapes_jaccard_micro: 0.8518212512135506

2024-02-17 16:56:49,602 - INFO - Best validation loss: 0.2666101264767349
2024-02-17 16:56:50,531 - INFO - Best model saved to /home/up201905337/exploring-label-efficiency/weights/sl_cityscapes_deeplabv3_155l.pth
2024-02-17 16:56:50,533 - INFO - Training took 7435.2068729400635 seconds to complete
