2024-01-12 15:01:55,679 - INFO - Loading configuration files...
2024-01-12 15:01:55,714 - INFO - Loading model configuration
args:
  depth: 28
  num_classes: 10
  widen_factor: 2
class: WideResNet

2024-01-12 15:01:56,453 - INFO - Loading dataset configuration
args:
  download: true
  root: ./data/
  train: true
class: CIFAR10

2024-01-12 15:01:56,455 - INFO - Loading optimizer configuration
args:
  dampening: 0.0
  lr: 0.1
  momentum: 0.9
  nesterov: true
  weight_decay: 0.0005
class: SGD

2024-01-12 15:01:56,455 - INFO - Loading loss configuration
args: {}
class: CrossEntropyLoss

2024-01-12 15:01:56,459 - INFO - Loading metrics configuration
cifar10_top1_accuracy:
  args:
    num_classes: 10
    task: multiclass
    top_k: 1
  class: Accuracy
cifar10_top5_accuracy:
  args:
    num_classes: 10
    task: multiclass
    top_k: 5
  class: Accuracy

2024-01-12 15:01:56,460 - INFO - Loading scheduler configuration
args:
  gamma: 0.2
  milestones:
  - 60
  - 120
  - 160
class: MultiStepLR

2024-01-12 15:01:56,460 - INFO - Loading hyperparameters configuration
batch_size: 128
epochs: 200
num_workers: 4
save_freq: 30
train_val_split: 0.9

2024-01-12 15:01:56,858 - INFO - Using device: cuda
2024-01-12 15:01:57,132 - INFO - Training for 200 epochs
2024-01-12 15:01:57,132 - INFO - Epoch 1/200
2024-01-12 15:02:04,358 - INFO - Train Stats
Loss:
  total: 1.553260511295362
Metrics:
  cifar10_top1_accuracy: 0.42021287097172305
  cifar10_top5_accuracy: 0.8942723130299286

2024-01-12 15:02:05,014 - INFO - Validation Stats
Loss:
  total: 1.3180879801511765
Metrics:
  cifar10_top1_accuracy: 0.5267578125
  cifar10_top5_accuracy: 0.939453125

2024-01-12 15:02:05,046 - INFO - Epoch 2/200
2024-01-12 15:02:12,080 - INFO - Train Stats
Loss:
  total: 1.089546010914174
Metrics:
  cifar10_top1_accuracy: 0.610667219046842
  cifar10_top5_accuracy: 0.960086706856435

2024-01-12 15:02:12,690 - INFO - Validation Stats
Loss:
  total: 1.0400512784719467
Metrics:
  cifar10_top1_accuracy: 0.61875
  cifar10_top5_accuracy: 0.9630859375

2024-01-12 15:02:12,723 - INFO - Epoch 3/200
2024-01-12 17:38:33,979 - INFO - Loading configuration files...
2024-01-12 17:38:34,014 - INFO - Loading model configuration
args:
  depth: 28
  num_classes: 10
  widen_factor: 2
class: WideResNet

2024-01-12 17:38:34,759 - INFO - Loading dataset configuration
args:
  download: true
  root: ./data/
  train: true
class: CIFAR10

2024-01-12 17:38:34,761 - INFO - Loading optimizer configuration
args:
  dampening: 0.0
  lr: 0.1
  momentum: 0.9
  nesterov: true
  weight_decay: 0.0005
class: SGD

2024-01-12 17:38:34,762 - INFO - Loading loss configuration
args: {}
class: CrossEntropyLoss

2024-01-12 17:38:34,765 - INFO - Loading metrics configuration
cifar10_top1_accuracy:
  args:
    num_classes: 10
    task: multiclass
    top_k: 1
  class: Accuracy
cifar10_top5_accuracy:
  args:
    num_classes: 10
    task: multiclass
    top_k: 5
  class: Accuracy

2024-01-12 17:38:34,766 - INFO - Loading scheduler configuration
args:
  gamma: 0.2
  milestones:
  - 60
  - 120
  - 160
class: MultiStepLR

2024-01-12 17:38:34,766 - INFO - Loading hyperparameters configuration
batch_size: 128
epochs: 200
num_workers: 4
save_freq: 30
train_val_split: 0.9

2024-01-12 17:38:35,195 - INFO - Using device: cuda
2024-01-12 17:38:35,463 - INFO - Training for 200 epochs
2024-01-12 17:38:35,463 - INFO - Epoch 1/200
2024-01-12 17:38:42,574 - INFO - Train Stats
Loss:
  total: 1.5629707005890934
Metrics:
  cifar10_top1_accuracy: 0.4184200403026559
  cifar10_top5_accuracy: 0.8949455491859805

2024-01-12 17:38:43,167 - INFO - Validation Stats
Loss:
  total: 1.2435124978423118
Metrics:
  cifar10_top1_accuracy: 0.5595703125
  cifar10_top5_accuracy: 0.9478515625

2024-01-12 17:38:43,202 - INFO - Epoch 2/200
2024-01-12 17:38:50,176 - INFO - Train Stats
Loss:
  total: 1.1048018314283004
Metrics:
  cifar10_top1_accuracy: 0.6023590395396407
  cifar10_top5_accuracy: 0.9595860954035412

2024-01-12 17:38:50,711 - INFO - Validation Stats
Loss:
  total: 1.0922502994537353
Metrics:
  cifar10_top1_accuracy: 0.6189453125
  cifar10_top5_accuracy: 0.955078125

2024-01-12 17:38:50,745 - INFO - Epoch 3/200
2024-01-12 17:38:57,701 - INFO - Train Stats
Loss:
  total: 0.9506463926624168
Metrics:
  cifar10_top1_accuracy: 0.6627110954035412
  cifar10_top5_accuracy: 0.9708190301263874

2024-01-12 17:38:58,362 - INFO - Validation Stats
Loss:
  total: 0.9482732489705086
Metrics:
  cifar10_top1_accuracy: 0.6603515625
  cifar10_top5_accuracy: 0.9791015625

2024-01-12 17:38:58,402 - INFO - Epoch 4/200
2024-01-12 17:39:05,151 - INFO - Train Stats
Loss:
  total: 0.8660411563786593
Metrics:
  cifar10_top1_accuracy: 0.6936158459972251
  cifar10_top5_accuracy: 0.9767104639587078

2024-01-12 17:39:05,767 - INFO - Validation Stats
Loss:
  total: 0.8303799144923687
Metrics:
  cifar10_top1_accuracy: 0.70625
  cifar10_top5_accuracy: 0.98046875

2024-01-12 17:39:05,800 - INFO - Epoch 5/200
2024-01-12 17:39:13,532 - INFO - Train Stats
Loss:
  total: 0.7930041739547794
Metrics:
  cifar10_top1_accuracy: 0.721245659684593
  cifar10_top5_accuracy: 0.9802689985795454

2024-01-12 17:39:14,141 - INFO - Validation Stats
Loss:
  total: 0.805341275036335
Metrics:
  cifar10_top1_accuracy: 0.7208984375
  cifar10_top5_accuracy: 0.9833984375

2024-01-12 17:39:14,173 - INFO - Epoch 6/200
2024-01-12 17:39:21,119 - INFO - Train Stats
Loss:
  total: 0.7370663610371676
Metrics:
  cifar10_top1_accuracy: 0.7419113005426797
  cifar10_top5_accuracy: 0.9840026238763874

2024-01-12 17:39:21,701 - INFO - Validation Stats
Loss:
  total: 0.8312451854348183
Metrics:
  cifar10_top1_accuracy: 0.705078125
  cifar10_top5_accuracy: 0.976171875

2024-01-12 17:39:21,701 - INFO - Epoch 7/200
2024-01-12 17:39:28,540 - INFO - Train Stats
Loss:
  total: 0.69508857102218
Metrics:
  cifar10_top1_accuracy: 0.7572576349431818
  cifar10_top5_accuracy: 0.9852011323991147

2024-01-12 17:39:29,160 - INFO - Validation Stats
Loss:
  total: 0.9451098009943962
Metrics:
  cifar10_top1_accuracy: 0.6771484375
  cifar10_top5_accuracy: 0.971875

2024-01-12 17:39:29,160 - INFO - Epoch 8/200
2024-01-12 17:39:36,082 - INFO - Train Stats
Loss:
  total: 0.6715552806854248
Metrics:
  cifar10_top1_accuracy: 0.7668654315850951
  cifar10_top5_accuracy: 0.9860001380809329

2024-01-12 17:39:36,773 - INFO - Validation Stats
Loss:
  total: 0.8812993951141834
Metrics:
  cifar10_top1_accuracy: 0.7041015625
  cifar10_top5_accuracy: 0.971484375

2024-01-12 17:39:36,773 - INFO - Epoch 9/200
2024-01-12 17:39:43,590 - INFO - Train Stats
Loss:
  total: 0.6501854938370261
Metrics:
  cifar10_top1_accuracy: 0.7750626380809329
  cifar10_top5_accuracy: 0.986799143762751

2024-01-12 17:39:44,293 - INFO - Validation Stats
Loss:
  total: 0.6713834322988987
Metrics:
  cifar10_top1_accuracy: 0.7689453125
  cifar10_top5_accuracy: 0.9853515625

2024-01-12 17:39:44,326 - INFO - Epoch 10/200
2024-01-12 17:39:51,422 - INFO - Train Stats
Loss:
  total: 0.6411732154136355
Metrics:
  cifar10_top1_accuracy: 0.7801624644886364
  cifar10_top5_accuracy: 0.9880149147727273

2024-01-12 17:39:52,140 - INFO - Validation Stats
Loss:
  total: 0.7417934238910675
Metrics:
  cifar10_top1_accuracy: 0.74453125
  cifar10_top5_accuracy: 0.9849609375

2024-01-12 17:39:52,141 - INFO - Epoch 11/200
2024-01-12 17:39:58,870 - INFO - Train Stats
Loss:
  total: 0.621528790586374
Metrics:
  cifar10_top1_accuracy: 0.7839602076194503
  cifar10_top5_accuracy: 0.9880593039772727

2024-01-12 17:39:59,446 - INFO - Validation Stats
Loss:
  total: 0.6258046343922615
Metrics:
  cifar10_top1_accuracy: 0.7828125
  cifar10_top5_accuracy: 0.9865234375

2024-01-12 17:39:59,489 - INFO - Epoch 12/200
2024-01-12 17:40:06,222 - INFO - Train Stats
Loss:
  total: 0.6088393146849491
Metrics:
  cifar10_top1_accuracy: 0.7894398082386364
  cifar10_top5_accuracy: 0.9882195983082056

2024-01-12 17:40:06,797 - INFO - Validation Stats
Loss:
  total: 0.6229555539786815
Metrics:
  cifar10_top1_accuracy: 0.788671875
  cifar10_top5_accuracy: 0.98671875

2024-01-12 17:40:06,831 - INFO - Epoch 13/200
2024-01-12 17:40:13,802 - INFO - Train Stats
Loss:
  total: 0.5955848439003933
Metrics:
  cifar10_top1_accuracy: 0.7937061039900238
  cifar10_top5_accuracy: 0.9886018386618658

2024-01-12 17:40:14,342 - INFO - Validation Stats
Loss:
  total: 0.5917370591312647
Metrics:
  cifar10_top1_accuracy: 0.795703125
  cifar10_top5_accuracy: 0.988671875

2024-01-12 17:40:14,376 - INFO - Epoch 14/200
2024-01-12 17:40:21,278 - INFO - Train Stats
Loss:
  total: 0.5877663986757398
Metrics:
  cifar10_top1_accuracy: 0.7959674874489958
  cifar10_top5_accuracy: 0.9892232875255021

2024-01-12 17:40:21,906 - INFO - Validation Stats
Loss:
  total: 0.6085961397737265
Metrics:
  cifar10_top1_accuracy: 0.798828125
  cifar10_top5_accuracy: 0.9861328125

2024-01-12 17:40:21,907 - INFO - Epoch 15/200
2024-01-12 17:40:28,751 - INFO - Train Stats
Loss:
  total: 0.5808155861767855
Metrics:
  cifar10_top1_accuracy: 0.7997898911549286
  cifar10_top5_accuracy: 0.9891073823991147

2024-01-12 17:40:29,482 - INFO - Validation Stats
Loss:
  total: 0.7046214446425438
Metrics:
  cifar10_top1_accuracy: 0.768359375
  cifar10_top5_accuracy: 0.981640625

2024-01-12 17:40:29,482 - INFO - Epoch 16/200
2024-01-12 17:40:36,857 - INFO - Train Stats
Loss:
  total: 0.5751567178151824
Metrics:
  cifar10_top1_accuracy: 0.802961253137751
  cifar10_top5_accuracy: 0.9903009588068182

2024-01-12 17:40:37,467 - INFO - Validation Stats
Loss:
  total: 0.6731599666178226
Metrics:
  cifar10_top1_accuracy: 0.7681640625
  cifar10_top5_accuracy: 0.9857421875

2024-01-12 17:40:37,467 - INFO - Epoch 17/200
2024-01-12 17:40:44,589 - INFO - Train Stats
Loss:
  total: 0.5661127777262167
Metrics:
  cifar10_top1_accuracy: 0.8037528605623678
  cifar10_top5_accuracy: 0.9896351207386364

2024-01-12 17:40:45,275 - INFO - Validation Stats
Loss:
  total: 0.5694028778001666
Metrics:
  cifar10_top1_accuracy: 0.80546875
  cifar10_top5_accuracy: 0.990234375

2024-01-12 17:40:45,311 - INFO - Epoch 18/200
2024-01-12 17:40:52,185 - INFO - Train Stats
Loss:
  total: 0.5616788246076215
Metrics:
  cifar10_top1_accuracy: 0.8052793560041622
  cifar10_top5_accuracy: 0.9903280855241147

2024-01-12 17:40:52,901 - INFO - Validation Stats
Loss:
  total: 0.6427689284086228
Metrics:
  cifar10_top1_accuracy: 0.7859375
  cifar10_top5_accuracy: 0.9880859375

2024-01-12 17:40:52,901 - INFO - Epoch 19/200
2024-01-12 17:40:59,825 - INFO - Train Stats
Loss:
  total: 0.5534712857651439
Metrics:
  cifar10_top1_accuracy: 0.8092127327214588
  cifar10_top5_accuracy: 0.9902121803977273

2024-01-12 17:41:00,389 - INFO - Validation Stats
Loss:
  total: 0.6355307854712009
Metrics:
  cifar10_top1_accuracy: 0.7869140625
  cifar10_top5_accuracy: 0.9859375

2024-01-12 17:41:00,389 - INFO - Epoch 20/200
2024-01-12 17:41:07,359 - INFO - Train Stats
Loss:
  total: 0.5503504162823613
Metrics:
  cifar10_top1_accuracy: 0.8093582307073203
  cifar10_top5_accuracy: 0.9905229048295454

2024-01-12 17:41:08,079 - INFO - Validation Stats
Loss:
  total: 0.665028877556324
Metrics:
  cifar10_top1_accuracy: 0.772265625
  cifar10_top5_accuracy: 0.9826171875

2024-01-12 17:41:08,080 - INFO - Epoch 21/200
2024-01-12 17:41:14,993 - INFO - Train Stats
Loss:
  total: 0.5461093686859716
Metrics:
  cifar10_top1_accuracy: 0.8131189827214588
  cifar10_top5_accuracy: 0.9905278369445693

2024-01-12 17:41:15,573 - INFO - Validation Stats
Loss:
  total: 0.5763123653829098
Metrics:
  cifar10_top1_accuracy: 0.8015625
  cifar10_top5_accuracy: 0.9919921875

2024-01-12 17:41:15,573 - INFO - Epoch 22/200
2024-01-12 17:41:22,493 - INFO - Train Stats
Loss:
  total: 0.5418328400701284
Metrics:
  cifar10_top1_accuracy: 0.8146726048805497
  cifar10_top5_accuracy: 0.9905007102272727

2024-01-12 17:41:23,160 - INFO - Validation Stats
Loss:
  total: 0.574631458055228
Metrics:
  cifar10_top1_accuracy: 0.8083984375
  cifar10_top5_accuracy: 0.9896484375

2024-01-12 17:41:23,160 - INFO - Epoch 23/200
2024-01-12 17:41:29,969 - INFO - Train Stats
Loss:
  total: 0.5365648349239067
Metrics:
  cifar10_top1_accuracy: 0.8148748224431818
  cifar10_top5_accuracy: 0.9914994673295454

2024-01-12 17:41:30,535 - INFO - Validation Stats
Loss:
  total: 0.5932551138103008
Metrics:
  cifar10_top1_accuracy: 0.801171875
  cifar10_top5_accuracy: 0.9861328125

2024-01-12 17:41:30,535 - INFO - Epoch 24/200
2024-01-12 17:41:37,471 - INFO - Train Stats
Loss:
  total: 0.534420342523266
Metrics:
  cifar10_top1_accuracy: 0.8156614977527749
  cifar10_top5_accuracy: 0.9905672940340909

2024-01-12 17:41:38,083 - INFO - Validation Stats
Loss:
  total: 0.5700457740575076
Metrics:
  cifar10_top1_accuracy: 0.8126953125
  cifar10_top5_accuracy: 0.9880859375

2024-01-12 17:41:38,083 - INFO - Epoch 25/200
2024-01-12 17:41:45,047 - INFO - Train Stats
Loss:
  total: 0.5329134650528431
Metrics:
  cifar10_top1_accuracy: 0.8154321536421776
  cifar10_top5_accuracy: 0.9910999644886364

2024-01-12 17:41:45,716 - INFO - Validation Stats
Loss:
  total: 0.5317595332860947
Metrics:
  cifar10_top1_accuracy: 0.8158203125
  cifar10_top5_accuracy: 0.98984375

2024-01-12 17:41:45,752 - INFO - Epoch 26/200
2024-01-12 17:41:52,694 - INFO - Train Stats
Loss:
  total: 0.5322963572530583
Metrics:
  cifar10_top1_accuracy: 0.8162730823863636
  cifar10_top5_accuracy: 0.9913539693436839

2024-01-12 17:41:53,368 - INFO - Validation Stats
Loss:
  total: 0.6265233941376209
Metrics:
  cifar10_top1_accuracy: 0.7833984375
  cifar10_top5_accuracy: 0.9875

2024-01-12 17:41:53,368 - INFO - Epoch 27/200
2024-01-12 17:42:00,385 - INFO - Train Stats
Loss:
  total: 0.5290389674800363
Metrics:
  cifar10_top1_accuracy: 0.8193211411549286
  cifar10_top5_accuracy: 0.9907448508522727

2024-01-12 17:42:00,971 - INFO - Validation Stats
Loss:
  total: 0.6387328237295151
Metrics:
  cifar10_top1_accuracy: 0.778125
  cifar10_top5_accuracy: 0.98515625

2024-01-12 17:42:00,971 - INFO - Epoch 28/200
2024-01-12 17:42:07,880 - INFO - Train Stats
Loss:
  total: 0.5210396786305037
Metrics:
  cifar10_top1_accuracy: 0.8197872278026559
  cifar10_top5_accuracy: 0.9920543323863636

2024-01-12 17:42:08,559 - INFO - Validation Stats
Loss:
  total: 0.6159460004419088
Metrics:
  cifar10_top1_accuracy: 0.7861328125
  cifar10_top5_accuracy: 0.9904296875

2024-01-12 17:42:08,559 - INFO - Epoch 29/200
2024-01-12 17:42:15,664 - INFO - Train Stats
Loss:
  total: 0.5201359474184838
Metrics:
  cifar10_top1_accuracy: 0.8207859849049286
  cifar10_top5_accuracy: 0.9920099431818182

2024-01-12 17:42:16,302 - INFO - Validation Stats
Loss:
  total: 0.5845528237521649
Metrics:
  cifar10_top1_accuracy: 0.80546875
  cifar10_top5_accuracy: 0.990234375

2024-01-12 17:42:16,302 - INFO - Epoch 30/200
2024-01-12 17:42:23,144 - INFO - Train Stats
Loss:
  total: 0.5221167273650115
Metrics:
  cifar10_top1_accuracy: 0.821651574393565
  cifar10_top5_accuracy: 0.9916548295454546

2024-01-12 17:42:23,729 - INFO - Validation Stats
Loss:
  total: 0.5688449554145336
Metrics:
  cifar10_top1_accuracy: 0.807421875
  cifar10_top5_accuracy: 0.9873046875

2024-01-12 17:42:23,758 - INFO - Epoch 31/200
2024-01-12 17:42:30,617 - INFO - Train Stats
Loss:
  total: 0.5132284361699765
Metrics:
  cifar10_top1_accuracy: 0.8233728889714588
  cifar10_top5_accuracy: 0.9920099431818182

2024-01-12 17:42:31,266 - INFO - Validation Stats
Loss:
  total: 0.4985324665904045
Metrics:
  cifar10_top1_accuracy: 0.8240234375
  cifar10_top5_accuracy: 0.9896484375

2024-01-12 17:42:31,299 - INFO - Epoch 32/200
2024-01-12 17:42:38,142 - INFO - Train Stats
Loss:
  total: 0.513769400560043
Metrics:
  cifar10_top1_accuracy: 0.822980784387751
  cifar10_top5_accuracy: 0.9916597616604783

2024-01-12 17:42:38,738 - INFO - Validation Stats
Loss:
  total: 0.552336086332798
Metrics:
  cifar10_top1_accuracy: 0.8208984375
  cifar10_top5_accuracy: 0.9849609375

2024-01-12 17:42:38,738 - INFO - Epoch 33/200
2024-01-12 17:42:45,699 - INFO - Train Stats
Loss:
  total: 0.5195859399708834
Metrics:
  cifar10_top1_accuracy: 0.821587456559593
  cifar10_top5_accuracy: 0.9916326349431818

2024-01-12 17:42:46,472 - INFO - Validation Stats
Loss:
  total: 0.5528548821806908
Metrics:
  cifar10_top1_accuracy: 0.811328125
  cifar10_top5_accuracy: 0.9908203125

2024-01-12 17:42:46,472 - INFO - Epoch 34/200
2024-01-12 17:42:53,209 - INFO - Train Stats
Loss:
  total: 0.5081843140281059
Metrics:
  cifar10_top1_accuracy: 0.8246379813010042
  cifar10_top5_accuracy: 0.9920025449246168

2024-01-12 17:42:53,846 - INFO - Validation Stats
Loss:
  total: 0.5818252641707659
Metrics:
  cifar10_top1_accuracy: 0.8068359375
  cifar10_top5_accuracy: 0.9880859375

2024-01-12 17:42:53,846 - INFO - Epoch 35/200
2024-01-12 17:43:00,547 - INFO - Train Stats
Loss:
  total: 0.5156623100523244
Metrics:
  cifar10_top1_accuracy: 0.8216392440213398
  cifar10_top5_accuracy: 0.9923034051263874

2024-01-12 17:43:01,153 - INFO - Validation Stats
Loss:
  total: 0.6680631408467889
Metrics:
  cifar10_top1_accuracy: 0.7833984375
  cifar10_top5_accuracy: 0.981640625

2024-01-12 17:43:01,153 - INFO - Epoch 36/200
2024-01-12 17:43:08,092 - INFO - Train Stats
Loss:
  total: 0.5094068770042874
Metrics:
  cifar10_top1_accuracy: 0.8239499486305497
  cifar10_top5_accuracy: 0.9914328835227273

2024-01-12 17:43:08,823 - INFO - Validation Stats
Loss:
  total: 0.6261464968323708
Metrics:
  cifar10_top1_accuracy: 0.78359375
  cifar10_top5_accuracy: 0.9890625

2024-01-12 17:43:08,823 - INFO - Epoch 37/200
2024-01-12 17:43:15,513 - INFO - Train Stats
Loss:
  total: 0.5127321093935858
Metrics:
  cifar10_top1_accuracy: 0.8228624131191861
  cifar10_top5_accuracy: 0.991926096887751

2024-01-12 17:43:16,274 - INFO - Validation Stats
Loss:
  total: 0.627692923694849
Metrics:
  cifar10_top1_accuracy: 0.7955078125
  cifar10_top5_accuracy: 0.9833984375

2024-01-12 17:43:16,274 - INFO - Epoch 38/200
2024-01-12 17:43:23,087 - INFO - Train Stats
Loss:
  total: 0.5063790434294126
Metrics:
  cifar10_top1_accuracy: 0.8246799045327035
  cifar10_top5_accuracy: 0.9918373184786602

2024-01-12 17:43:23,692 - INFO - Validation Stats
Loss:
  total: 0.5748934350907803
Metrics:
  cifar10_top1_accuracy: 0.8037109375
  cifar10_top5_accuracy: 0.9865234375

2024-01-12 17:43:23,692 - INFO - Epoch 39/200
2024-01-12 17:43:30,545 - INFO - Train Stats
Loss:
  total: 0.5016356719319116
Metrics:
  cifar10_top1_accuracy: 0.8274912207641385
  cifar10_top5_accuracy: 0.9920765269886364

2024-01-12 17:43:31,225 - INFO - Validation Stats
Loss:
  total: 0.5076806614175439
Metrics:
  cifar10_top1_accuracy: 0.824609375
  cifar10_top5_accuracy: 0.9900390625

2024-01-12 17:43:31,225 - INFO - Epoch 40/200
2024-01-12 17:43:38,516 - INFO - Train Stats
Loss:
  total: 0.5043802373957905
Metrics:
  cifar10_top1_accuracy: 0.8267637310041622
  cifar10_top5_accuracy: 0.992170237512751

2024-01-12 17:43:39,067 - INFO - Validation Stats
Loss:
  total: 0.630435797572136
Metrics:
  cifar10_top1_accuracy: 0.7947265625
  cifar10_top5_accuracy: 0.9892578125

2024-01-12 17:43:39,067 - INFO - Epoch 41/200
2024-01-12 17:43:45,995 - INFO - Train Stats
Loss:
  total: 0.5053727465935729
Metrics:
  cifar10_top1_accuracy: 0.8254542494700714
  cifar10_top5_accuracy: 0.9925426136363636

2024-01-12 17:43:46,608 - INFO - Validation Stats
Loss:
  total: 0.5374391053803265
Metrics:
  cifar10_top1_accuracy: 0.8236328125
  cifar10_top5_accuracy: 0.9919921875

2024-01-12 17:43:46,608 - INFO - Epoch 42/200
2024-01-12 17:43:53,586 - INFO - Train Stats
Loss:
  total: 0.5001437934962186
Metrics:
  cifar10_top1_accuracy: 0.8263050426136364
  cifar10_top5_accuracy: 0.9922984730113636

2024-01-12 17:43:54,245 - INFO - Validation Stats
Loss:
  total: 0.5465875126421451
Metrics:
  cifar10_top1_accuracy: 0.8150390625
  cifar10_top5_accuracy: 0.9921875

2024-01-12 17:43:54,245 - INFO - Epoch 43/200
2024-01-12 17:44:01,163 - INFO - Train Stats
Loss:
  total: 0.5043055192482743
Metrics:
  cifar10_top1_accuracy: 0.8256022135981105
  cifar10_top5_accuracy: 0.9920814591036602

2024-01-12 17:44:01,812 - INFO - Validation Stats
Loss:
  total: 0.5567868854850531
Metrics:
  cifar10_top1_accuracy: 0.816796875
  cifar10_top5_accuracy: 0.9888671875

2024-01-12 17:44:01,813 - INFO - Epoch 44/200
2024-01-12 17:44:08,528 - INFO - Train Stats
Loss:
  total: 0.5014615119858221
Metrics:
  cifar10_top1_accuracy: 0.8270843198353593
  cifar10_top5_accuracy: 0.9920987215909091

2024-01-12 17:44:09,157 - INFO - Validation Stats
Loss:
  total: 0.5916939495131374
Metrics:
  cifar10_top1_accuracy: 0.8017578125
  cifar10_top5_accuracy: 0.98125

2024-01-12 17:44:09,157 - INFO - Epoch 45/200
2024-01-12 17:44:16,100 - INFO - Train Stats
Loss:
  total: 0.4946463812481273
Metrics:
  cifar10_top1_accuracy: 0.8285688920454546
  cifar10_top5_accuracy: 0.9922540838068182

2024-01-12 17:44:16,656 - INFO - Validation Stats
Loss:
  total: 0.4738602750003338
Metrics:
  cifar10_top1_accuracy: 0.8408203125
  cifar10_top5_accuracy: 0.99140625

2024-01-12 17:44:16,692 - INFO - Epoch 46/200
2024-01-12 17:44:23,483 - INFO - Train Stats
Loss:
  total: 0.501923882571811
Metrics:
  cifar10_top1_accuracy: 0.8275060172785412
  cifar10_top5_accuracy: 0.9917658025568182

2024-01-12 17:44:24,206 - INFO - Validation Stats
Loss:
  total: 0.5209229368716478
Metrics:
  cifar10_top1_accuracy: 0.8236328125
  cifar10_top5_accuracy: 0.990625

2024-01-12 17:44:24,206 - INFO - Epoch 47/200
2024-01-12 17:44:31,251 - INFO - Train Stats
Loss:
  total: 0.4940594371238893
Metrics:
  cifar10_top1_accuracy: 0.830864800309593
  cifar10_top5_accuracy: 0.9920543323863636

2024-01-12 17:44:31,802 - INFO - Validation Stats
Loss:
  total: 0.4568760719150305
Metrics:
  cifar10_top1_accuracy: 0.8458984375
  cifar10_top5_accuracy: 0.99140625

2024-01-12 17:44:31,836 - INFO - Epoch 48/200
2024-01-12 17:44:38,927 - INFO - Train Stats
Loss:
  total: 0.49529224481772294
Metrics:
  cifar10_top1_accuracy: 0.8281891176646407
  cifar10_top5_accuracy: 0.9918151238763874

2024-01-12 17:44:39,527 - INFO - Validation Stats
Loss:
  total: 0.4791694462299347
Metrics:
  cifar10_top1_accuracy: 0.840234375
  cifar10_top5_accuracy: 0.9908203125

2024-01-12 17:44:39,528 - INFO - Epoch 49/200
2024-01-12 17:44:46,559 - INFO - Train Stats
Loss:
  total: 0.49128075646744535
Metrics:
  cifar10_top1_accuracy: 0.8306453204290434
  cifar10_top5_accuracy: 0.9926856454800476

2024-01-12 17:44:47,335 - INFO - Validation Stats
Loss:
  total: 0.5426378719508648
Metrics:
  cifar10_top1_accuracy: 0.81640625
  cifar10_top5_accuracy: 0.9935546875

2024-01-12 17:44:47,335 - INFO - Epoch 50/200
2024-01-12 17:44:54,345 - INFO - Train Stats
Loss:
  total: 0.49379549539563333
Metrics:
  cifar10_top1_accuracy: 0.8307464292103593
  cifar10_top5_accuracy: 0.9924094460227273

2024-01-12 17:44:55,088 - INFO - Validation Stats
Loss:
  total: 0.5578813895583152
Metrics:
  cifar10_top1_accuracy: 0.810546875
  cifar10_top5_accuracy: 0.9892578125

2024-01-12 17:44:55,088 - INFO - Epoch 51/200
2024-01-12 17:45:01,951 - INFO - Train Stats
Loss:
  total: 0.49842506062916736
Metrics:
  cifar10_top1_accuracy: 0.8286206795072014
  cifar10_top5_accuracy: 0.9919655539772727

2024-01-12 17:45:02,583 - INFO - Validation Stats
Loss:
  total: 0.520980978384614
Metrics:
  cifar10_top1_accuracy: 0.8201171875
  cifar10_top5_accuracy: 0.9896484375

2024-01-12 17:45:02,583 - INFO - Epoch 52/200
2024-01-12 17:45:10,064 - INFO - Train Stats
Loss:
  total: 0.4907444099980322
Metrics:
  cifar10_top1_accuracy: 0.8313900726762685
  cifar10_top5_accuracy: 0.9918817076832056

2024-01-12 17:45:10,796 - INFO - Validation Stats
Loss:
  total: 0.5390821777284145
Metrics:
  cifar10_top1_accuracy: 0.8125
  cifar10_top5_accuracy: 0.9904296875

2024-01-12 17:45:10,796 - INFO - Epoch 53/200
2024-01-12 17:45:17,813 - INFO - Train Stats
Loss:
  total: 0.48889486491680145
Metrics:
  cifar10_top1_accuracy: 0.8317476522854783
  cifar10_top5_accuracy: 0.9926091974431818

2024-01-12 17:45:18,671 - INFO - Validation Stats
Loss:
  total: 0.5341059021651745
Metrics:
  cifar10_top1_accuracy: 0.8169921875
  cifar10_top5_accuracy: 0.9888671875

2024-01-12 17:45:18,671 - INFO - Epoch 54/200
2024-01-12 17:45:25,835 - INFO - Train Stats
Loss:
  total: 0.49294344818388874
Metrics:
  cifar10_top1_accuracy: 0.8309881036931818
  cifar10_top5_accuracy: 0.9923206676136364

2024-01-12 17:45:26,520 - INFO - Validation Stats
Loss:
  total: 0.49044214421883225
Metrics:
  cifar10_top1_accuracy: 0.833203125
  cifar10_top5_accuracy: 0.989453125

2024-01-12 17:45:26,520 - INFO - Epoch 55/200
2024-01-12 17:45:33,400 - INFO - Train Stats
Loss:
  total: 0.4911493867297064
Metrics:
  cifar10_top1_accuracy: 0.8317081951959566
  cifar10_top5_accuracy: 0.9921431107954546

2024-01-12 17:45:33,997 - INFO - Validation Stats
Loss:
  total: 0.4654683167580515
Metrics:
  cifar10_top1_accuracy: 0.8390625
  cifar10_top5_accuracy: 0.992578125

2024-01-12 17:45:33,997 - INFO - Epoch 56/200
2024-01-12 17:45:40,950 - INFO - Train Stats
Loss:
  total: 0.48741899168288166
Metrics:
  cifar10_top1_accuracy: 0.832465277815407
  cifar10_top5_accuracy: 0.9920099431818182

2024-01-12 17:45:41,633 - INFO - Validation Stats
Loss:
  total: 0.6246670935302973
Metrics:
  cifar10_top1_accuracy: 0.7939453125
  cifar10_top5_accuracy: 0.9892578125

2024-01-12 17:45:41,633 - INFO - Epoch 57/200
2024-01-12 17:45:48,731 - INFO - Train Stats
Loss:
  total: 0.4912958239967173
Metrics:
  cifar10_top1_accuracy: 0.832329644059593
  cifar10_top5_accuracy: 0.9925697403536602

2024-01-12 17:45:49,360 - INFO - Validation Stats
Loss:
  total: 0.5682857878506183
Metrics:
  cifar10_top1_accuracy: 0.8177734375
  cifar10_top5_accuracy: 0.9884765625

2024-01-12 17:45:49,360 - INFO - Epoch 58/200
2024-01-12 17:45:56,380 - INFO - Train Stats
Loss:
  total: 0.48774842105128546
Metrics:
  cifar10_top1_accuracy: 0.8329584911804307
  cifar10_top5_accuracy: 0.9926535866477273

2024-01-12 17:45:57,029 - INFO - Validation Stats
Loss:
  total: 0.4490634199231863
Metrics:
  cifar10_top1_accuracy: 0.850390625
  cifar10_top5_accuracy: 0.9888671875

2024-01-12 17:45:57,063 - INFO - Epoch 59/200
2024-01-12 17:46:04,229 - INFO - Train Stats
Loss:
  total: 0.492836006493731
Metrics:
  cifar10_top1_accuracy: 0.8320115215399049
  cifar10_top5_accuracy: 0.9920321377840909

2024-01-12 17:46:04,798 - INFO - Validation Stats
Loss:
  total: 0.5344634171575308
Metrics:
  cifar10_top1_accuracy: 0.8228515625
  cifar10_top5_accuracy: 0.987109375

2024-01-12 17:46:04,798 - INFO - Epoch 60/200
2024-01-12 17:46:11,880 - INFO - Train Stats
Loss:
  total: 0.4899555842222815
Metrics:
  cifar10_top1_accuracy: 0.8313185565850951
  cifar10_top5_accuracy: 0.992747297171842

2024-01-12 17:46:12,443 - INFO - Validation Stats
Loss:
  total: 0.5095584444701672
Metrics:
  cifar10_top1_accuracy: 0.8228515625
  cifar10_top5_accuracy: 0.9923828125

2024-01-12 17:46:12,480 - INFO - Epoch 61/200
2024-01-12 17:46:19,405 - INFO - Train Stats
Loss:
  total: 0.3402397426861254
Metrics:
  cifar10_top1_accuracy: 0.8837002840909091
  cifar10_top5_accuracy: 0.9964044744318182

2024-01-12 17:46:20,178 - INFO - Validation Stats
Loss:
  total: 0.28916612383909523
Metrics:
  cifar10_top1_accuracy: 0.9048828125
  cifar10_top5_accuracy: 0.9958984375

2024-01-12 17:46:20,214 - INFO - Epoch 62/200
2024-01-12 17:46:27,287 - INFO - Train Stats
Loss:
  total: 0.29917016735469754
Metrics:
  cifar10_top1_accuracy: 0.8963314789262685
  cifar10_top5_accuracy: 0.9974920099431818

2024-01-12 17:46:27,897 - INFO - Validation Stats
Loss:
  total: 0.27236533765681087
Metrics:
  cifar10_top1_accuracy: 0.910546875
  cifar10_top5_accuracy: 0.9958984375

2024-01-12 17:46:27,931 - INFO - Epoch 63/200
2024-01-12 17:46:34,791 - INFO - Train Stats
Loss:
  total: 0.292144936340099
Metrics:
  cifar10_top1_accuracy: 0.8989923650568182
  cifar10_top5_accuracy: 0.9976473721590909

2024-01-12 17:46:35,347 - INFO - Validation Stats
Loss:
  total: 0.27928618179867043
Metrics:
  cifar10_top1_accuracy: 0.9107421875
  cifar10_top5_accuracy: 0.9966796875

2024-01-12 17:46:35,347 - INFO - Epoch 64/200
2024-01-12 17:46:42,543 - INFO - Train Stats
Loss:
  total: 0.2821520627476275
Metrics:
  cifar10_top1_accuracy: 0.9024892479858615
  cifar10_top5_accuracy: 0.997802734375

2024-01-12 17:46:43,199 - INFO - Validation Stats
Loss:
  total: 0.278525205864571
Metrics:
  cifar10_top1_accuracy: 0.9095703125
  cifar10_top5_accuracy: 0.995703125

2024-01-12 17:46:43,199 - INFO - Epoch 65/200
2024-01-12 17:46:50,032 - INFO - Train Stats
Loss:
  total: 0.27399618352170696
Metrics:
  cifar10_top1_accuracy: 0.9055767636746168
  cifar10_top5_accuracy: 0.9980690696022727

2024-01-12 17:46:50,603 - INFO - Validation Stats
Loss:
  total: 0.2722979560494423
Metrics:
  cifar10_top1_accuracy: 0.906640625
  cifar10_top5_accuracy: 0.9962890625

2024-01-12 17:46:50,635 - INFO - Epoch 66/200
2024-01-12 17:46:57,623 - INFO - Train Stats
Loss:
  total: 0.2667297390712933
Metrics:
  cifar10_top1_accuracy: 0.9080378985540434
  cifar10_top5_accuracy: 0.9977583451704546

2024-01-12 17:46:58,350 - INFO - Validation Stats
Loss:
  total: 0.26916626388556325
Metrics:
  cifar10_top1_accuracy: 0.90703125
  cifar10_top5_accuracy: 0.9970703125

2024-01-12 17:46:58,382 - INFO - Epoch 67/200
2024-01-12 17:47:05,299 - INFO - Train Stats
Loss:
  total: 0.2639984913085672
Metrics:
  cifar10_top1_accuracy: 0.9080995502458378
  cifar10_top5_accuracy: 0.9984463778409091

2024-01-12 17:47:05,920 - INFO - Validation Stats
Loss:
  total: 0.2736079279333353
Metrics:
  cifar10_top1_accuracy: 0.906640625
  cifar10_top5_accuracy: 0.996875

2024-01-12 17:47:05,920 - INFO - Epoch 68/200
2024-01-12 17:47:12,849 - INFO - Train Stats
Loss:
  total: 0.26577699233100494
Metrics:
  cifar10_top1_accuracy: 0.9060946377840909
  cifar10_top5_accuracy: 0.9980912642045454

2024-01-12 17:47:13,438 - INFO - Validation Stats
Loss:
  total: 0.2769069108180702
Metrics:
  cifar10_top1_accuracy: 0.9091796875
  cifar10_top5_accuracy: 0.99609375

2024-01-12 17:47:13,438 - INFO - Epoch 69/200
2024-01-12 17:47:20,212 - INFO - Train Stats
Loss:
  total: 0.2623313436792655
Metrics:
  cifar10_top1_accuracy: 0.9092931266535412
  cifar10_top5_accuracy: 0.9979359019886364

2024-01-12 17:47:20,743 - INFO - Validation Stats
Loss:
  total: 0.27294219569303096
Metrics:
  cifar10_top1_accuracy: 0.9107421875
  cifar10_top5_accuracy: 0.995703125

2024-01-12 17:47:20,743 - INFO - Epoch 70/200
2024-01-12 17:47:28,303 - INFO - Train Stats
Loss:
  total: 0.253245993707837
Metrics:
  cifar10_top1_accuracy: 0.9107382417741147
  cifar10_top5_accuracy: 0.9983354048295454

2024-01-12 17:47:28,841 - INFO - Validation Stats
Loss:
  total: 0.3002348508685827
Metrics:
  cifar10_top1_accuracy: 0.8962890625
  cifar10_top5_accuracy: 0.995703125

2024-01-12 17:47:28,842 - INFO - Epoch 71/200
2024-01-12 17:47:36,049 - INFO - Train Stats
Loss:
  total: 0.25941376794468274
Metrics:
  cifar10_top1_accuracy: 0.9089158184149049
  cifar10_top5_accuracy: 0.9982688210227273

2024-01-12 17:47:36,684 - INFO - Validation Stats
Loss:
  total: 0.2883708150475286
Metrics:
  cifar10_top1_accuracy: 0.905078125
  cifar10_top5_accuracy: 0.9958984375

2024-01-12 17:47:36,685 - INFO - Epoch 72/200
2024-01-12 17:47:44,159 - INFO - Train Stats
Loss:
  total: 0.263400096911937
Metrics:
  cifar10_top1_accuracy: 0.9079639164900238
  cifar10_top5_accuracy: 0.9976917613636364

2024-01-12 17:47:44,684 - INFO - Validation Stats
Loss:
  total: 0.2907755251042545
Metrics:
  cifar10_top1_accuracy: 0.899609375
  cifar10_top5_accuracy: 0.9966796875

2024-01-12 17:47:44,684 - INFO - Epoch 73/200
2024-01-12 17:47:52,219 - INFO - Train Stats
Loss:
  total: 0.2620552518532019
Metrics:
  cifar10_top1_accuracy: 0.9086815420199524
  cifar10_top5_accuracy: 0.9979802911931818

2024-01-12 17:47:52,760 - INFO - Validation Stats
Loss:
  total: 0.26157436790526845
Metrics:
  cifar10_top1_accuracy: 0.9109375
  cifar10_top5_accuracy: 0.996875

2024-01-12 17:47:52,793 - INFO - Epoch 74/200
2024-01-12 17:48:00,209 - INFO - Train Stats
Loss:
  total: 0.26044395252723584
Metrics:
  cifar10_top1_accuracy: 0.9084275371649049
  cifar10_top5_accuracy: 0.9981800426136364

2024-01-12 17:48:00,902 - INFO - Validation Stats
Loss:
  total: 0.2597226329846308
Metrics:
  cifar10_top1_accuracy: 0.91171875
  cifar10_top5_accuracy: 0.997265625

2024-01-12 17:48:00,935 - INFO - Epoch 75/200
2024-01-12 17:48:07,877 - INFO - Train Stats
Loss:
  total: 0.2597855734215541
Metrics:
  cifar10_top1_accuracy: 0.9090859769758853
  cifar10_top5_accuracy: 0.9978693181818182

2024-01-12 17:48:08,378 - INFO - Validation Stats
Loss:
  total: 0.29615137454820795
Metrics:
  cifar10_top1_accuracy: 0.9033203125
  cifar10_top5_accuracy: 0.99609375

2024-01-12 17:48:08,378 - INFO - Epoch 76/200
2024-01-12 17:48:15,353 - INFO - Train Stats
Loss:
  total: 0.2610023266381838
Metrics:
  cifar10_top1_accuracy: 0.9091599590399049
  cifar10_top5_accuracy: 0.9979802911931818

2024-01-12 17:48:15,919 - INFO - Validation Stats
Loss:
  total: 0.28498585635097695
Metrics:
  cifar10_top1_accuracy: 0.9095703125
  cifar10_top5_accuracy: 0.9955078125

2024-01-12 17:48:15,920 - INFO - Epoch 77/200
2024-01-12 17:48:22,903 - INFO - Train Stats
Loss:
  total: 0.25937879157506605
Metrics:
  cifar10_top1_accuracy: 0.9099688289517706
  cifar10_top5_accuracy: 0.9981578480113636

2024-01-12 17:48:23,495 - INFO - Validation Stats
Loss:
  total: 0.2924299125792459
Metrics:
  cifar10_top1_accuracy: 0.9033203125
  cifar10_top5_accuracy: 0.9958984375

2024-01-12 17:48:23,495 - INFO - Epoch 78/200
2024-01-12 17:48:30,571 - INFO - Train Stats
Loss:
  total: 0.2583792020185766
Metrics:
  cifar10_top1_accuracy: 0.910454644059593
  cifar10_top5_accuracy: 0.9980024857954546

2024-01-12 17:48:31,251 - INFO - Validation Stats
Loss:
  total: 0.2921197774354368
Metrics:
  cifar10_top1_accuracy: 0.8990234375
  cifar10_top5_accuracy: 0.99609375

2024-01-12 17:48:31,251 - INFO - Epoch 79/200
2024-01-12 17:48:38,258 - INFO - Train Stats
Loss:
  total: 0.2608742799863897
Metrics:
  cifar10_top1_accuracy: 0.9094583530994979
  cifar10_top5_accuracy: 0.9981356534090909

2024-01-12 17:48:38,878 - INFO - Validation Stats
Loss:
  total: 0.298359950282611
Metrics:
  cifar10_top1_accuracy: 0.8982421875
  cifar10_top5_accuracy: 0.9953125

2024-01-12 17:48:38,878 - INFO - Epoch 80/200
2024-01-12 17:48:45,878 - INFO - Train Stats
Loss:
  total: 0.26335748691450467
Metrics:
  cifar10_top1_accuracy: 0.9098479917103593
  cifar10_top5_accuracy: 0.9982244318181818

2024-01-12 17:48:46,505 - INFO - Validation Stats
Loss:
  total: 0.2858069844543934
Metrics:
  cifar10_top1_accuracy: 0.90546875
  cifar10_top5_accuracy: 0.9966796875

2024-01-12 17:48:46,506 - INFO - Epoch 81/200
2024-01-12 17:48:53,213 - INFO - Train Stats
Loss:
  total: 0.2538029851857573
Metrics:
  cifar10_top1_accuracy: 0.911739465018565
  cifar10_top5_accuracy: 0.998291015625

2024-01-12 17:48:53,771 - INFO - Validation Stats
Loss:
  total: 0.2731834093108773
Metrics:
  cifar10_top1_accuracy: 0.9072265625
  cifar10_top5_accuracy: 0.9962890625

2024-01-12 17:48:53,771 - INFO - Epoch 82/200
2024-01-12 17:49:00,702 - INFO - Train Stats
Loss:
  total: 0.2556159004823051
Metrics:
  cifar10_top1_accuracy: 0.911865234375
  cifar10_top5_accuracy: 0.9984463778409091

2024-01-12 17:49:01,366 - INFO - Validation Stats
Loss:
  total: 0.30759004564024506
Metrics:
  cifar10_top1_accuracy: 0.901171875
  cifar10_top5_accuracy: 0.9962890625

2024-01-12 17:49:01,367 - INFO - Epoch 83/200
2024-01-12 17:49:08,185 - INFO - Train Stats
Loss:
  total: 0.2577722870998762
Metrics:
  cifar10_top1_accuracy: 0.9113646227527749
  cifar10_top5_accuracy: 0.9980024857954546

2024-01-12 17:49:08,863 - INFO - Validation Stats
Loss:
  total: 0.2669364900677465
Metrics:
  cifar10_top1_accuracy: 0.9140625
  cifar10_top5_accuracy: 0.996484375

2024-01-12 17:49:08,863 - INFO - Epoch 84/200
2024-01-12 17:49:15,837 - INFO - Train Stats
Loss:
  total: 0.25728208415040915
Metrics:
  cifar10_top1_accuracy: 0.910597675903277
  cifar10_top5_accuracy: 0.9982022372159091

2024-01-12 17:49:16,457 - INFO - Validation Stats
Loss:
  total: 0.31669141952879726
Metrics:
  cifar10_top1_accuracy: 0.89609375
  cifar10_top5_accuracy: 0.9962890625

2024-01-12 17:49:16,457 - INFO - Epoch 85/200
2024-01-12 17:49:23,334 - INFO - Train Stats
Loss:
  total: 0.257040721448985
Metrics:
  cifar10_top1_accuracy: 0.9108393505554307
  cifar10_top5_accuracy: 0.9979802911931818

2024-01-12 17:49:23,927 - INFO - Validation Stats
Loss:
  total: 0.29038953268900514
Metrics:
  cifar10_top1_accuracy: 0.9017578125
  cifar10_top5_accuracy: 0.996484375

2024-01-12 17:49:23,927 - INFO - Epoch 86/200
2024-01-12 17:49:30,743 - INFO - Train Stats
Loss:
  total: 0.2617961499755355
Metrics:
  cifar10_top1_accuracy: 0.9095742582258853
  cifar10_top5_accuracy: 0.9982022372159091

2024-01-12 17:49:31,457 - INFO - Validation Stats
Loss:
  total: 0.269390645227395
Metrics:
  cifar10_top1_accuracy: 0.9125
  cifar10_top5_accuracy: 0.9970703125

2024-01-12 17:49:31,457 - INFO - Epoch 87/200
2024-01-12 17:49:38,305 - INFO - Train Stats
Loss:
  total: 0.25477545939131896
Metrics:
  cifar10_top1_accuracy: 0.9127604167231105
  cifar10_top5_accuracy: 0.9982959477400238

2024-01-12 17:49:39,049 - INFO - Validation Stats
Loss:
  total: 0.27472739377990363
Metrics:
  cifar10_top1_accuracy: 0.9111328125
  cifar10_top5_accuracy: 0.996875

2024-01-12 17:49:39,049 - INFO - Epoch 88/200
2024-01-12 17:49:45,867 - INFO - Train Stats
Loss:
  total: 0.25970169150439854
Metrics:
  cifar10_top1_accuracy: 0.9108664772727273
  cifar10_top5_accuracy: 0.9979359019886364

2024-01-12 17:49:46,465 - INFO - Validation Stats
Loss:
  total: 0.28229346171428915
Metrics:
  cifar10_top1_accuracy: 0.907421875
  cifar10_top5_accuracy: 0.99609375

2024-01-12 17:49:46,465 - INFO - Epoch 89/200
2024-01-12 17:49:53,414 - INFO - Train Stats
Loss:
  total: 0.2499162607445297
Metrics:
  cifar10_top1_accuracy: 0.9143855548040434
  cifar10_top5_accuracy: 0.998291015625

2024-01-12 17:49:54,024 - INFO - Validation Stats
Loss:
  total: 0.2847094263881445
Metrics:
  cifar10_top1_accuracy: 0.905859375
  cifar10_top5_accuracy: 0.997265625

2024-01-12 17:49:54,024 - INFO - Epoch 90/200
2024-01-12 17:50:00,797 - INFO - Train Stats
Loss:
  total: 0.2537862738298083
Metrics:
  cifar10_top1_accuracy: 0.9129059145396407
  cifar10_top5_accuracy: 0.9978693181818182

2024-01-12 17:50:01,407 - INFO - Validation Stats
Loss:
  total: 0.3120025950600393
Metrics:
  cifar10_top1_accuracy: 0.892578125
  cifar10_top5_accuracy: 0.9962890625

2024-01-12 17:50:01,438 - INFO - Epoch 91/200
2024-01-12 17:50:08,512 - INFO - Train Stats
Loss:
  total: 0.2546923036517745
Metrics:
  cifar10_top1_accuracy: 0.9106543954800476
  cifar10_top5_accuracy: 0.998118390921842

2024-01-12 17:50:09,213 - INFO - Validation Stats
Loss:
  total: 0.29230103436857463
Metrics:
  cifar10_top1_accuracy: 0.89921875
  cifar10_top5_accuracy: 0.9958984375

2024-01-12 17:50:09,213 - INFO - Epoch 92/200
2024-01-12 17:50:16,080 - INFO - Train Stats
Loss:
  total: 0.25173357376744127
Metrics:
  cifar10_top1_accuracy: 0.9128861860795454
  cifar10_top5_accuracy: 0.9981356534090909

2024-01-12 17:50:16,677 - INFO - Validation Stats
Loss:
  total: 0.31325133161153645
Metrics:
  cifar10_top1_accuracy: 0.8966796875
  cifar10_top5_accuracy: 0.996484375

2024-01-12 17:50:16,677 - INFO - Epoch 93/200
2024-01-12 17:50:23,525 - INFO - Train Stats
Loss:
  total: 0.2549242380244488
Metrics:
  cifar10_top1_accuracy: 0.9097542810169134
  cifar10_top5_accuracy: 0.9985795454545454

2024-01-12 17:50:24,111 - INFO - Validation Stats
Loss:
  total: 0.2885652751894668
Metrics:
  cifar10_top1_accuracy: 0.901953125
  cifar10_top5_accuracy: 0.9974609375

2024-01-12 17:50:24,111 - INFO - Epoch 94/200
2024-01-12 17:50:30,988 - INFO - Train Stats
Loss:
  total: 0.2542821271768348
Metrics:
  cifar10_top1_accuracy: 0.9120452573353593
  cifar10_top5_accuracy: 0.9982515585354783

2024-01-12 17:50:31,577 - INFO - Validation Stats
Loss:
  total: 0.27452490299474447
Metrics:
  cifar10_top1_accuracy: 0.9115234375
  cifar10_top5_accuracy: 0.996484375

2024-01-12 17:50:31,577 - INFO - Epoch 95/200
2024-01-12 17:50:38,660 - INFO - Train Stats
Loss:
  total: 0.2516175308264792
Metrics:
  cifar10_top1_accuracy: 0.9129749644886364
  cifar10_top5_accuracy: 0.9982342960482294

2024-01-12 17:50:39,218 - INFO - Validation Stats
Loss:
  total: 0.2963439710903913
Metrics:
  cifar10_top1_accuracy: 0.900390625
  cifar10_top5_accuracy: 0.9962890625

2024-01-12 17:50:39,218 - INFO - Epoch 96/200
2024-01-12 17:50:45,959 - INFO - Train Stats
Loss:
  total: 0.24790868084793063
Metrics:
  cifar10_top1_accuracy: 0.9145581795072014
  cifar10_top5_accuracy: 0.9982466264204546

2024-01-12 17:50:46,648 - INFO - Validation Stats
Loss:
  total: 0.285425912309438
Metrics:
  cifar10_top1_accuracy: 0.9037109375
  cifar10_top5_accuracy: 0.996484375

2024-01-12 17:50:46,649 - INFO - Epoch 97/200
2024-01-12 17:50:53,445 - INFO - Train Stats
Loss:
  total: 0.24934720910492947
Metrics:
  cifar10_top1_accuracy: 0.9133399423550476
  cifar10_top5_accuracy: 0.998291015625

2024-01-12 17:50:54,231 - INFO - Validation Stats
Loss:
  total: 0.26769797658198513
Metrics:
  cifar10_top1_accuracy: 0.9083984375
  cifar10_top5_accuracy: 0.9966796875

2024-01-12 17:50:54,231 - INFO - Epoch 98/200
2024-01-12 17:51:01,035 - INFO - Train Stats
Loss:
  total: 0.2472683125895194
Metrics:
  cifar10_top1_accuracy: 0.9134410511363636
  cifar10_top5_accuracy: 0.9983575994318182

2024-01-12 17:51:01,616 - INFO - Validation Stats
Loss:
  total: 0.2696639946196228
Metrics:
  cifar10_top1_accuracy: 0.91171875
  cifar10_top5_accuracy: 0.9958984375

2024-01-12 17:51:01,617 - INFO - Epoch 99/200
2024-01-12 17:51:08,433 - INFO - Train Stats
Loss:
  total: 0.2481198926371607
Metrics:
  cifar10_top1_accuracy: 0.9157640861177986
  cifar10_top5_accuracy: 0.9985129616477273

2024-01-12 17:51:09,163 - INFO - Validation Stats
Loss:
  total: 0.2702589296270162
Metrics:
  cifar10_top1_accuracy: 0.9099609375
  cifar10_top5_accuracy: 0.99765625

2024-01-12 17:51:09,163 - INFO - Epoch 100/200
2024-01-12 17:51:16,029 - INFO - Train Stats
Loss:
  total: 0.24966288601386954
Metrics:
  cifar10_top1_accuracy: 0.9128467289900238
  cifar10_top5_accuracy: 0.9984513099559329

2024-01-12 17:51:16,743 - INFO - Validation Stats
Loss:
  total: 0.32875034380704166
Metrics:
  cifar10_top1_accuracy: 0.888671875
  cifar10_top5_accuracy: 0.9962890625

2024-01-12 17:51:16,743 - INFO - Epoch 101/200
2024-01-12 17:51:23,536 - INFO - Train Stats
Loss:
  total: 0.2474677233787423
Metrics:
  cifar10_top1_accuracy: 0.9149058948863636
  cifar10_top5_accuracy: 0.9982466264204546

2024-01-12 17:51:24,158 - INFO - Validation Stats
Loss:
  total: 0.3051469255238771
Metrics:
  cifar10_top1_accuracy: 0.902734375
  cifar10_top5_accuracy: 0.9966796875

2024-01-12 17:51:24,158 - INFO - Epoch 102/200
2024-01-12 17:51:30,980 - INFO - Train Stats
Loss:
  total: 0.24745534212243828
Metrics:
  cifar10_top1_accuracy: 0.9153645832768895
  cifar10_top5_accuracy: 0.9984907670454546

2024-01-12 17:51:31,660 - INFO - Validation Stats
Loss:
  total: 0.2727643496822566
Metrics:
  cifar10_top1_accuracy: 0.9099609375
  cifar10_top5_accuracy: 0.9966796875

2024-01-12 17:51:31,660 - INFO - Epoch 103/200
2024-01-12 17:51:38,507 - INFO - Train Stats
Loss:
  total: 0.2446938613852994
Metrics:
  cifar10_top1_accuracy: 0.916457050903277
  cifar10_top5_accuracy: 0.9986683238636364

2024-01-12 17:51:39,099 - INFO - Validation Stats
Loss:
  total: 0.30952841974794865
Metrics:
  cifar10_top1_accuracy: 0.895703125
  cifar10_top5_accuracy: 0.9962890625

2024-01-12 17:51:39,100 - INFO - Epoch 104/200
2024-01-12 17:51:45,868 - INFO - Train Stats
Loss:
  total: 0.24629083385860379
Metrics:
  cifar10_top1_accuracy: 0.9145137903026559
  cifar10_top5_accuracy: 0.998291015625

2024-01-12 17:51:46,453 - INFO - Validation Stats
Loss:
  total: 0.2794149020686746
Metrics:
  cifar10_top1_accuracy: 0.9037109375
  cifar10_top5_accuracy: 0.997265625

2024-01-12 17:51:46,453 - INFO - Epoch 105/200
2024-01-12 17:51:53,479 - INFO - Train Stats
Loss:
  total: 0.24349530367180705
Metrics:
  cifar10_top1_accuracy: 0.9150267321277749
  cifar10_top5_accuracy: 0.9983354048295454

2024-01-12 17:51:54,033 - INFO - Validation Stats
Loss:
  total: 0.30437547974288465
Metrics:
  cifar10_top1_accuracy: 0.8998046875
  cifar10_top5_accuracy: 0.99609375

2024-01-12 17:51:54,033 - INFO - Epoch 106/200
2024-01-12 17:52:00,872 - INFO - Train Stats
Loss:
  total: 0.24751362033103677
Metrics:
  cifar10_top1_accuracy: 0.9140526357699524
  cifar10_top5_accuracy: 0.9983575994318182

2024-01-12 17:52:01,485 - INFO - Validation Stats
Loss:
  total: 0.27674305913969877
Metrics:
  cifar10_top1_accuracy: 0.9072265625
  cifar10_top5_accuracy: 0.9962890625

2024-01-12 17:52:01,485 - INFO - Epoch 107/200
2024-01-12 17:52:08,574 - INFO - Train Stats
Loss:
  total: 0.24129140182313594
Metrics:
  cifar10_top1_accuracy: 0.9173694957386364
  cifar10_top5_accuracy: 0.9981578480113636

2024-01-12 17:52:09,204 - INFO - Validation Stats
Loss:
  total: 0.3237360351253301
Metrics:
  cifar10_top1_accuracy: 0.8978515625
  cifar10_top5_accuracy: 0.994921875

2024-01-12 17:52:09,204 - INFO - Epoch 108/200
2024-01-12 17:52:16,124 - INFO - Train Stats
Loss:
  total: 0.24253576416098935
Metrics:
  cifar10_top1_accuracy: 0.9164718474176797
  cifar10_top5_accuracy: 0.9982688210227273

2024-01-12 17:52:16,709 - INFO - Validation Stats
Loss:
  total: 0.29125102804973724
Metrics:
  cifar10_top1_accuracy: 0.9017578125
  cifar10_top5_accuracy: 0.9958984375

2024-01-12 17:52:16,709 - INFO - Epoch 109/200
2024-01-12 17:52:23,510 - INFO - Train Stats
Loss:
  total: 0.24611636539074508
Metrics:
  cifar10_top1_accuracy: 0.9141981337558139
  cifar10_top5_accuracy: 0.9984463778409091

2024-01-12 17:52:24,125 - INFO - Validation Stats
Loss:
  total: 0.25188188899774105
Metrics:
  cifar10_top1_accuracy: 0.9154296875
  cifar10_top5_accuracy: 0.998046875

2024-01-12 17:52:24,158 - INFO - Epoch 110/200
2024-01-12 17:52:31,254 - INFO - Train Stats
Loss:
  total: 0.24139708966355433
Metrics:
  cifar10_top1_accuracy: 0.9166666667231105
  cifar10_top5_accuracy: 0.9984956991604783

2024-01-12 17:52:31,888 - INFO - Validation Stats
Loss:
  total: 0.28112937123514714
Metrics:
  cifar10_top1_accuracy: 0.9060546875
  cifar10_top5_accuracy: 0.9974609375

2024-01-12 17:52:31,888 - INFO - Epoch 111/200
2024-01-12 17:52:39,315 - INFO - Train Stats
Loss:
  total: 0.24130571517162025
Metrics:
  cifar10_top1_accuracy: 0.9173177082768895
  cifar10_top5_accuracy: 0.998291015625

2024-01-12 17:52:40,154 - INFO - Validation Stats
Loss:
  total: 0.3052022440126166
Metrics:
  cifar10_top1_accuracy: 0.9025390625
  cifar10_top5_accuracy: 0.99609375

2024-01-12 17:52:40,154 - INFO - Epoch 112/200
2024-01-12 17:52:46,978 - INFO - Train Stats
Loss:
  total: 0.24016584718430584
Metrics:
  cifar10_top1_accuracy: 0.9169330019503832
  cifar10_top5_accuracy: 0.9984019886363636

2024-01-12 17:52:47,794 - INFO - Validation Stats
Loss:
  total: 0.26850507710478266
Metrics:
  cifar10_top1_accuracy: 0.9123046875
  cifar10_top5_accuracy: 0.996484375

2024-01-12 17:52:47,794 - INFO - Epoch 113/200
2024-01-12 17:52:54,784 - INFO - Train Stats
Loss:
  total: 0.2384820110376247
Metrics:
  cifar10_top1_accuracy: 0.9186617147854783
  cifar10_top5_accuracy: 0.9983132102272727

2024-01-12 17:52:55,326 - INFO - Validation Stats
Loss:
  total: 0.2746089602820575
Metrics:
  cifar10_top1_accuracy: 0.9087890625
  cifar10_top5_accuracy: 0.9970703125

2024-01-12 17:52:55,326 - INFO - Epoch 114/200
2024-01-12 17:53:02,718 - INFO - Train Stats
Loss:
  total: 0.23766656247475607
Metrics:
  cifar10_top1_accuracy: 0.9172782511873678
  cifar10_top5_accuracy: 0.998291015625

2024-01-12 17:53:03,321 - INFO - Validation Stats
Loss:
  total: 0.2615845173539128
Metrics:
  cifar10_top1_accuracy: 0.911328125
  cifar10_top5_accuracy: 0.996484375

2024-01-12 17:53:03,321 - INFO - Epoch 115/200
2024-01-12 17:53:10,146 - INFO - Train Stats
Loss:
  total: 0.23980948828499427
Metrics:
  cifar10_top1_accuracy: 0.9165606258267706
  cifar10_top5_accuracy: 0.9986239346590909

2024-01-12 17:53:10,778 - INFO - Validation Stats
Loss:
  total: 0.271951705776155
Metrics:
  cifar10_top1_accuracy: 0.9099609375
  cifar10_top5_accuracy: 0.997265625

2024-01-12 17:53:10,778 - INFO - Epoch 116/200
2024-01-12 17:53:17,704 - INFO - Train Stats
Loss:
  total: 0.2387348418970677
Metrics:
  cifar10_top1_accuracy: 0.9164274582131342
  cifar10_top5_accuracy: 0.9984685724431818

2024-01-12 17:53:18,297 - INFO - Validation Stats
Loss:
  total: 0.2816297713201493
Metrics:
  cifar10_top1_accuracy: 0.9064453125
  cifar10_top5_accuracy: 0.99609375

2024-01-12 17:53:18,297 - INFO - Epoch 117/200
2024-01-12 17:53:25,283 - INFO - Train Stats
Loss:
  total: 0.24014506201175126
Metrics:
  cifar10_top1_accuracy: 0.9173719618808139
  cifar10_top5_accuracy: 0.9982688210227273

2024-01-12 17:53:25,968 - INFO - Validation Stats
Loss:
  total: 0.272405848139897
Metrics:
  cifar10_top1_accuracy: 0.9103515625
  cifar10_top5_accuracy: 0.99609375

2024-01-12 17:53:25,968 - INFO - Epoch 118/200
2024-01-12 17:53:32,691 - INFO - Train Stats
Loss:
  total: 0.24169625697488134
Metrics:
  cifar10_top1_accuracy: 0.9150119357827035
  cifar10_top5_accuracy: 0.9982959477400238

2024-01-12 17:53:33,475 - INFO - Validation Stats
Loss:
  total: 0.27672990690916777
Metrics:
  cifar10_top1_accuracy: 0.906640625
  cifar10_top5_accuracy: 0.9966796875

2024-01-12 17:53:33,475 - INFO - Epoch 119/200
2024-01-12 17:53:40,281 - INFO - Train Stats
Loss:
  total: 0.235645029947839
Metrics:
  cifar10_top1_accuracy: 0.918718434362249
  cifar10_top5_accuracy: 0.9986905184659091

2024-01-12 17:53:40,873 - INFO - Validation Stats
Loss:
  total: 0.281419541593641
Metrics:
  cifar10_top1_accuracy: 0.907421875
  cifar10_top5_accuracy: 0.995703125

2024-01-12 17:53:40,873 - INFO - Epoch 120/200
2024-01-12 17:53:47,736 - INFO - Train Stats
Loss:
  total: 0.2365615995473821
Metrics:
  cifar10_top1_accuracy: 0.9179120304232294
  cifar10_top5_accuracy: 0.9984685724431818

2024-01-12 17:53:48,310 - INFO - Validation Stats
Loss:
  total: 0.2625211366917938
Metrics:
  cifar10_top1_accuracy: 0.9140625
  cifar10_top5_accuracy: 0.9970703125

2024-01-12 17:53:48,342 - INFO - Epoch 121/200
2024-01-12 17:53:55,208 - INFO - Train Stats
Loss:
  total: 0.1660633542871272
Metrics:
  cifar10_top1_accuracy: 0.9438846471973441
  cifar10_top5_accuracy: 0.9993341619318182

2024-01-12 17:53:55,847 - INFO - Validation Stats
Loss:
  total: 0.19362812722101808
Metrics:
  cifar10_top1_accuracy: 0.93515625
  cifar10_top5_accuracy: 0.998046875

2024-01-12 17:53:55,881 - INFO - Epoch 122/200
2024-01-12 17:54:03,031 - INFO - Train Stats
Loss:
  total: 0.1426898694216189
Metrics:
  cifar10_top1_accuracy: 0.9511324179104783
  cifar10_top5_accuracy: 0.9996226917613636

2024-01-12 17:54:03,609 - INFO - Validation Stats
Loss:
  total: 0.1887248558923602
Metrics:
  cifar10_top1_accuracy: 0.9376953125
  cifar10_top5_accuracy: 0.9978515625

2024-01-12 17:54:03,642 - INFO - Epoch 123/200
2024-01-12 17:54:10,383 - INFO - Train Stats
Loss:
  total: 0.13551870654125445
Metrics:
  cifar10_top1_accuracy: 0.9555294153026559
  cifar10_top5_accuracy: 0.99951171875

2024-01-12 17:54:11,113 - INFO - Validation Stats
Loss:
  total: 0.18581564538180828
Metrics:
  cifar10_top1_accuracy: 0.939453125
  cifar10_top5_accuracy: 0.9982421875

2024-01-12 17:54:11,144 - INFO - Epoch 124/200
2024-01-12 17:54:18,166 - INFO - Train Stats
Loss:
  total: 0.12760448760607027
Metrics:
  cifar10_top1_accuracy: 0.9568956162441861
  cifar10_top5_accuracy: 0.9995561079545454

2024-01-12 17:54:18,858 - INFO - Validation Stats
Loss:
  total: 0.18470613383688034
Metrics:
  cifar10_top1_accuracy: 0.93828125
  cifar10_top5_accuracy: 0.9974609375

2024-01-12 17:54:18,891 - INFO - Epoch 125/200
2024-01-12 17:54:25,899 - INFO - Train Stats
Loss:
  total: 0.1209346215473488
Metrics:
  cifar10_top1_accuracy: 0.9593641493808139
  cifar10_top5_accuracy: 0.9995339133522727

2024-01-12 17:54:26,461 - INFO - Validation Stats
Loss:
  total: 0.18220492945984007
Metrics:
  cifar10_top1_accuracy: 0.93984375
  cifar10_top5_accuracy: 0.998046875

2024-01-12 17:54:26,495 - INFO - Epoch 126/200
2024-01-12 17:54:33,386 - INFO - Train Stats
Loss:
  total: 0.11912429059686308
Metrics:
  cifar10_top1_accuracy: 0.960158222778277
  cifar10_top5_accuracy: 0.9997114701704546

2024-01-12 17:54:34,064 - INFO - Validation Stats
Loss:
  total: 0.19539413712918757
Metrics:
  cifar10_top1_accuracy: 0.937890625
  cifar10_top5_accuracy: 0.9974609375

2024-01-12 17:54:34,064 - INFO - Epoch 127/200
2024-01-12 17:54:40,924 - INFO - Train Stats
Loss:
  total: 0.11555154742249711
Metrics:
  cifar10_top1_accuracy: 0.9620792889459566
  cifar10_top5_accuracy: 0.9998446377840909

2024-01-12 17:54:41,654 - INFO - Validation Stats
Loss:
  total: 0.187084398267325
Metrics:
  cifar10_top1_accuracy: 0.9392578125
  cifar10_top5_accuracy: 0.998046875

2024-01-12 17:54:41,654 - INFO - Epoch 128/200
2024-01-12 17:54:48,399 - INFO - Train Stats
Loss:
  total: 0.11362496665573087
Metrics:
  cifar10_top1_accuracy: 0.9620694247159091
  cifar10_top5_accuracy: 0.9997114701704546

2024-01-12 17:54:48,966 - INFO - Validation Stats
Loss:
  total: 0.1920700257673161
Metrics:
  cifar10_top1_accuracy: 0.939453125
  cifar10_top5_accuracy: 0.998046875

2024-01-12 17:54:48,966 - INFO - Epoch 129/200
2024-01-12 17:54:55,771 - INFO - Train Stats
Loss:
  total: 0.10653394247955558
Metrics:
  cifar10_top1_accuracy: 0.964165581559593
  cifar10_top5_accuracy: 0.9996892755681818

2024-01-12 17:54:56,434 - INFO - Validation Stats
Loss:
  total: 0.19225401303265244
Metrics:
  cifar10_top1_accuracy: 0.9380859375
  cifar10_top5_accuracy: 0.99765625

2024-01-12 17:54:56,434 - INFO - Epoch 130/200
2024-01-12 17:55:03,443 - INFO - Train Stats
Loss:
  total: 0.10886804418723015
Metrics:
  cifar10_top1_accuracy: 0.9629424124617468
  cifar10_top5_accuracy: 0.9998224431818182

2024-01-12 17:55:03,995 - INFO - Validation Stats
Loss:
  total: 0.19152388137299567
Metrics:
  cifar10_top1_accuracy: 0.940234375
  cifar10_top5_accuracy: 0.9982421875

2024-01-12 17:55:03,996 - INFO - Epoch 131/200
2024-01-12 17:55:10,906 - INFO - Train Stats
Loss:
  total: 0.10673406314295293
Metrics:
  cifar10_top1_accuracy: 0.9634430239146407
  cifar10_top5_accuracy: 0.9998224431818182

2024-01-12 17:55:11,635 - INFO - Validation Stats
Loss:
  total: 0.19124813640955834
Metrics:
  cifar10_top1_accuracy: 0.9400390625
  cifar10_top5_accuracy: 0.9978515625

2024-01-12 17:55:11,636 - INFO - Epoch 132/200
2024-01-12 17:55:18,498 - INFO - Train Stats
Loss:
  total: 0.10516800168393688
Metrics:
  cifar10_top1_accuracy: 0.9642592920837078
  cifar10_top5_accuracy: 0.9997780539772727

2024-01-12 17:55:19,156 - INFO - Validation Stats
Loss:
  total: 0.18828274023253472
Metrics:
  cifar10_top1_accuracy: 0.9388671875
  cifar10_top5_accuracy: 0.9974609375

2024-01-12 17:55:19,156 - INFO - Epoch 133/200
2024-01-12 17:55:26,046 - INFO - Train Stats
Loss:
  total: 0.10072668883102862
Metrics:
  cifar10_top1_accuracy: 0.9664171006191861
  cifar10_top5_accuracy: 0.9998224431818182

2024-01-12 17:55:26,756 - INFO - Validation Stats
Loss:
  total: 0.19712112152483313
Metrics:
  cifar10_top1_accuracy: 0.9388671875
  cifar10_top5_accuracy: 0.99765625

2024-01-12 17:55:26,756 - INFO - Epoch 134/200
2024-01-12 17:55:33,578 - INFO - Train Stats
Loss:
  total: 0.1023463369241323
Metrics:
  cifar10_top1_accuracy: 0.9651125513694503
  cifar10_top5_accuracy: 0.9998890269886364

2024-01-12 17:55:34,205 - INFO - Validation Stats
Loss:
  total: 0.19432758319890125
Metrics:
  cifar10_top1_accuracy: 0.9408203125
  cifar10_top5_accuracy: 0.9974609375

2024-01-12 17:55:34,205 - INFO - Epoch 135/200
2024-01-12 17:55:40,970 - INFO - Train Stats
Loss:
  total: 0.09928983545184812
Metrics:
  cifar10_top1_accuracy: 0.9662296795709566
  cifar10_top5_accuracy: 0.9998446377840909

2024-01-12 17:55:41,726 - INFO - Validation Stats
Loss:
  total: 0.18726990176946856
Metrics:
  cifar10_top1_accuracy: 0.9416015625
  cifar10_top5_accuracy: 0.998046875

2024-01-12 17:55:41,726 - INFO - Epoch 136/200
2024-01-12 17:55:48,522 - INFO - Train Stats
Loss:
  total: 0.1014999352416701
Metrics:
  cifar10_top1_accuracy: 0.9657192037186839
  cifar10_top5_accuracy: 0.999755859375

2024-01-12 17:55:49,066 - INFO - Validation Stats
Loss:
  total: 0.19544266236480326
Metrics:
  cifar10_top1_accuracy: 0.9390625
  cifar10_top5_accuracy: 0.9982421875

2024-01-12 17:55:49,066 - INFO - Epoch 137/200
2024-01-12 17:55:55,827 - INFO - Train Stats
Loss:
  total: 0.09555627194508402
Metrics:
  cifar10_top1_accuracy: 0.9673887310041622
  cifar10_top5_accuracy: 0.9997336647727273

2024-01-12 17:55:56,453 - INFO - Validation Stats
Loss:
  total: 0.19410199327394367
Metrics:
  cifar10_top1_accuracy: 0.941015625
  cifar10_top5_accuracy: 0.9978515625

2024-01-12 17:55:56,453 - INFO - Epoch 138/200
2024-01-12 17:56:03,298 - INFO - Train Stats
Loss:
  total: 0.09687125952173532
Metrics:
  cifar10_top1_accuracy: 0.9674898397854783
  cifar10_top5_accuracy: 0.9998446377840909

2024-01-12 17:56:03,950 - INFO - Validation Stats
Loss:
  total: 0.18854056551354006
Metrics:
  cifar10_top1_accuracy: 0.941796875
  cifar10_top5_accuracy: 0.9974609375

2024-01-12 17:56:03,950 - INFO - Epoch 139/200
2024-01-12 17:56:10,877 - INFO - Train Stats
Loss:
  total: 0.09403158819556913
Metrics:
  cifar10_top1_accuracy: 0.9679830531505021
  cifar10_top5_accuracy: 0.9998668323863636

2024-01-12 17:56:11,618 - INFO - Validation Stats
Loss:
  total: 0.2000632232404314
Metrics:
  cifar10_top1_accuracy: 0.937109375
  cifar10_top5_accuracy: 0.9974609375

2024-01-12 17:56:11,618 - INFO - Epoch 140/200
2024-01-12 17:56:18,403 - INFO - Train Stats
Loss:
  total: 0.09228362049907446
Metrics:
  cifar10_top1_accuracy: 0.9690163352272727
  cifar10_top5_accuracy: 0.9998446377840909

2024-01-12 17:56:18,985 - INFO - Validation Stats
Loss:
  total: 0.19304018083494157
Metrics:
  cifar10_top1_accuracy: 0.9392578125
  cifar10_top5_accuracy: 0.9978515625

2024-01-12 17:56:18,985 - INFO - Epoch 141/200
2024-01-12 17:56:25,907 - INFO - Train Stats
Loss:
  total: 0.09391526908042248
Metrics:
  cifar10_top1_accuracy: 0.9687549321150238
  cifar10_top5_accuracy: 0.9997336647727273

2024-01-12 17:56:26,764 - INFO - Validation Stats
Loss:
  total: 0.18881570820230992
Metrics:
  cifar10_top1_accuracy: 0.9404296875
  cifar10_top5_accuracy: 0.9982421875

2024-01-12 17:56:26,764 - INFO - Epoch 142/200
2024-01-12 17:56:33,652 - INFO - Train Stats
Loss:
  total: 0.08815195969178934
Metrics:
  cifar10_top1_accuracy: 0.9694750236177986
  cifar10_top5_accuracy: 0.9998002485795454

2024-01-12 17:56:34,341 - INFO - Validation Stats
Loss:
  total: 0.195340106356889
Metrics:
  cifar10_top1_accuracy: 0.9390625
  cifar10_top5_accuracy: 0.99765625

2024-01-12 17:56:34,341 - INFO - Epoch 143/200
2024-01-12 17:56:42,632 - INFO - Train Stats
Loss:
  total: 0.09341752242868427
Metrics:
  cifar10_top1_accuracy: 0.9690508602017706
  cifar10_top5_accuracy: 0.9998002485795454

2024-01-12 17:56:43,225 - INFO - Validation Stats
Loss:
  total: 0.18875744660617783
Metrics:
  cifar10_top1_accuracy: 0.9416015625
  cifar10_top5_accuracy: 0.9978515625

2024-01-12 17:56:43,225 - INFO - Epoch 144/200
2024-01-12 17:56:50,663 - INFO - Train Stats
Loss:
  total: 0.09011425767940553
Metrics:
  cifar10_top1_accuracy: 0.9699189156632532
  cifar10_top5_accuracy: 0.9998890269886364

2024-01-12 17:56:51,405 - INFO - Validation Stats
Loss:
  total: 0.19667185033904389
Metrics:
  cifar10_top1_accuracy: 0.9392578125
  cifar10_top5_accuracy: 0.9982421875

2024-01-12 17:56:51,405 - INFO - Epoch 145/200
2024-01-12 17:56:58,374 - INFO - Train Stats
Loss:
  total: 0.08928000227421183
Metrics:
  cifar10_top1_accuracy: 0.9694577611305497
  cifar10_top5_accuracy: 0.9998890269886364

2024-01-12 17:56:59,020 - INFO - Validation Stats
Loss:
  total: 0.19525356928352267
Metrics:
  cifar10_top1_accuracy: 0.9404296875
  cifar10_top5_accuracy: 0.9982421875

2024-01-12 17:56:59,020 - INFO - Epoch 146/200
2024-01-12 17:57:06,422 - INFO - Train Stats
Loss:
  total: 0.09288807931377298
Metrics:
  cifar10_top1_accuracy: 0.9693270596590909
  cifar10_top5_accuracy: 0.9998224431818182

2024-01-12 17:57:07,035 - INFO - Validation Stats
Loss:
  total: 0.1940882361785043
Metrics:
  cifar10_top1_accuracy: 0.9400390625
  cifar10_top5_accuracy: 0.9982421875

2024-01-12 17:57:07,035 - INFO - Epoch 147/200
2024-01-12 17:57:14,205 - INFO - Train Stats
Loss:
  total: 0.08972610605732453
Metrics:
  cifar10_top1_accuracy: 0.9693936434659091
  cifar10_top5_accuracy: 0.9998446377840909

2024-01-12 17:57:14,908 - INFO - Validation Stats
Loss:
  total: 0.19934498756192626
Metrics:
  cifar10_top1_accuracy: 0.9396484375
  cifar10_top5_accuracy: 0.998046875

2024-01-12 17:57:14,908 - INFO - Epoch 148/200
2024-01-12 17:57:21,852 - INFO - Train Stats
Loss:
  total: 0.08821067587599497
Metrics:
  cifar10_top1_accuracy: 0.9705403645268895
  cifar10_top5_accuracy: 0.9998668323863636

2024-01-12 17:57:22,505 - INFO - Validation Stats
Loss:
  total: 0.19087619461352007
Metrics:
  cifar10_top1_accuracy: 0.94140625
  cifar10_top5_accuracy: 0.9984375

2024-01-12 17:57:22,505 - INFO - Epoch 149/200
2024-01-12 17:57:29,418 - INFO - Train Stats
Loss:
  total: 0.08886374748015607
Metrics:
  cifar10_top1_accuracy: 0.9710335778919134
  cifar10_top5_accuracy: 0.9998668323863636

2024-01-12 17:57:29,986 - INFO - Validation Stats
Loss:
  total: 0.1944140504630923
Metrics:
  cifar10_top1_accuracy: 0.94140625
  cifar10_top5_accuracy: 0.99765625

2024-01-12 17:57:29,986 - INFO - Epoch 150/200
2024-01-12 17:57:37,057 - INFO - Train Stats
Loss:
  total: 0.09107650857715105
Metrics:
  cifar10_top1_accuracy: 0.9695761323991147
  cifar10_top5_accuracy: 0.9999112215909091

2024-01-12 17:57:37,686 - INFO - Validation Stats
Loss:
  total: 0.19207102777145338
Metrics:
  cifar10_top1_accuracy: 0.93828125
  cifar10_top5_accuracy: 0.9986328125

2024-01-12 17:57:37,721 - INFO - Epoch 151/200
2024-01-12 17:57:44,589 - INFO - Train Stats
Loss:
  total: 0.08680447536541826
Metrics:
  cifar10_top1_accuracy: 0.9714232165027749
  cifar10_top5_accuracy: 0.9998446377840909

2024-01-12 17:57:45,358 - INFO - Validation Stats
Loss:
  total: 0.18949210348218912
Metrics:
  cifar10_top1_accuracy: 0.9396484375
  cifar10_top5_accuracy: 0.9984375

2024-01-12 17:57:45,358 - INFO - Epoch 152/200
2024-01-12 17:57:52,329 - INFO - Train Stats
Loss:
  total: 0.08866922510787845
Metrics:
  cifar10_top1_accuracy: 0.9698424676263874
  cifar10_top5_accuracy: 0.9999112215909091

2024-01-12 17:57:52,863 - INFO - Validation Stats
Loss:
  total: 0.19124304236320314
Metrics:
  cifar10_top1_accuracy: 0.94140625
  cifar10_top5_accuracy: 0.9974609375

2024-01-12 17:57:52,864 - INFO - Epoch 153/200
2024-01-12 17:57:59,511 - INFO - Train Stats
Loss:
  total: 0.08682554553326388
Metrics:
  cifar10_top1_accuracy: 0.9706686000255021
  cifar10_top5_accuracy: 0.9998939591036602

2024-01-12 17:58:00,146 - INFO - Validation Stats
Loss:
  total: 0.21182681655627675
Metrics:
  cifar10_top1_accuracy: 0.936328125
  cifar10_top5_accuracy: 0.9984375

2024-01-12 17:58:00,146 - INFO - Epoch 154/200
2024-01-12 17:58:07,823 - INFO - Train Stats
Loss:
  total: 0.08490562143164095
Metrics:
  cifar10_top1_accuracy: 0.9719336923550476
  cifar10_top5_accuracy: 0.9997114701704546

2024-01-12 17:58:08,349 - INFO - Validation Stats
Loss:
  total: 0.19703506892547012
Metrics:
  cifar10_top1_accuracy: 0.939453125
  cifar10_top5_accuracy: 0.9978515625

2024-01-12 17:58:08,349 - INFO - Epoch 155/200
2024-01-12 17:58:16,018 - INFO - Train Stats
Loss:
  total: 0.08576276396739889
Metrics:
  cifar10_top1_accuracy: 0.9713517005809329
  cifar10_top5_accuracy: 0.9999112215909091

2024-01-12 17:58:16,586 - INFO - Validation Stats
Loss:
  total: 0.20921801832737402
Metrics:
  cifar10_top1_accuracy: 0.9390625
  cifar10_top5_accuracy: 0.9982421875

2024-01-12 17:58:16,586 - INFO - Epoch 156/200
2024-01-12 17:58:24,033 - INFO - Train Stats
Loss:
  total: 0.08966022737811065
Metrics:
  cifar10_top1_accuracy: 0.9698967210609805
  cifar10_top5_accuracy: 0.9998890269886364

2024-01-12 17:58:24,702 - INFO - Validation Stats
Loss:
  total: 0.18954408661811611
Metrics:
  cifar10_top1_accuracy: 0.941796875
  cifar10_top5_accuracy: 0.99765625

2024-01-12 17:58:24,702 - INFO - Epoch 157/200
2024-01-12 17:58:31,517 - INFO - Train Stats
Loss:
  total: 0.084281338728033
Metrics:
  cifar10_top1_accuracy: 0.9714010219005021
  cifar10_top5_accuracy: 0.9999112215909091

2024-01-12 17:58:32,174 - INFO - Validation Stats
Loss:
  total: 0.19235588004812598
Metrics:
  cifar10_top1_accuracy: 0.941796875
  cifar10_top5_accuracy: 0.998046875

2024-01-12 17:58:32,174 - INFO - Epoch 158/200
2024-01-12 17:58:39,094 - INFO - Train Stats
Loss:
  total: 0.08537934070707044
Metrics:
  cifar10_top1_accuracy: 0.9706390073353593
  cifar10_top5_accuracy: 0.9999112215909091

2024-01-12 17:58:39,861 - INFO - Validation Stats
Loss:
  total: 0.20491326453629882
Metrics:
  cifar10_top1_accuracy: 0.9369140625
  cifar10_top5_accuracy: 0.9978515625

2024-01-12 17:58:39,861 - INFO - Epoch 159/200
2024-01-12 17:58:47,306 - INFO - Train Stats
Loss:
  total: 0.08583899748257616
Metrics:
  cifar10_top1_accuracy: 0.9708683514459566
  cifar10_top5_accuracy: 0.999755859375

2024-01-12 17:58:47,894 - INFO - Validation Stats
Loss:
  total: 0.19203118712248396
Metrics:
  cifar10_top1_accuracy: 0.9431640625
  cifar10_top5_accuracy: 0.9984375

2024-01-12 17:58:47,894 - INFO - Epoch 160/200
2024-01-12 17:58:54,716 - INFO - Train Stats
Loss:
  total: 0.08800710633989763
Metrics:
  cifar10_top1_accuracy: 0.9700076940723441
  cifar10_top5_accuracy: 0.9999334161931818

2024-01-12 17:58:55,424 - INFO - Validation Stats
Loss:
  total: 0.19988756652746814
Metrics:
  cifar10_top1_accuracy: 0.9408203125
  cifar10_top5_accuracy: 0.99765625

2024-01-12 17:58:55,425 - INFO - Epoch 161/200
2024-01-12 17:59:02,325 - INFO - Train Stats
Loss:
  total: 0.07012763013534079
Metrics:
  cifar10_top1_accuracy: 0.9766389480368658
  cifar10_top5_accuracy: 0.9999112215909091

2024-01-12 17:59:02,960 - INFO - Validation Stats
Loss:
  total: 0.17807879150350345
Metrics:
  cifar10_top1_accuracy: 0.9490234375
  cifar10_top5_accuracy: 0.9978515625

2024-01-12 17:59:02,990 - INFO - Epoch 162/200
2024-01-12 17:59:09,926 - INFO - Train Stats
Loss:
  total: 0.06332266376755963
Metrics:
  cifar10_top1_accuracy: 0.9798966224559329
  cifar10_top5_accuracy: 0.9999112215909091

2024-01-12 17:59:10,511 - INFO - Validation Stats
Loss:
  total: 0.18048107253198395
Metrics:
  cifar10_top1_accuracy: 0.94296875
  cifar10_top5_accuracy: 0.998046875

2024-01-12 17:59:10,511 - INFO - Epoch 163/200
2024-01-12 17:59:18,634 - INFO - Train Stats
Loss:
  total: 0.0613048989537426
Metrics:
  cifar10_top1_accuracy: 0.9801210346208378
  cifar10_top5_accuracy: 0.9999778053977273

2024-01-12 17:59:19,204 - INFO - Validation Stats
Loss:
  total: 0.19179990170523525
Metrics:
  cifar10_top1_accuracy: 0.943359375
  cifar10_top5_accuracy: 0.9978515625

2024-01-12 17:59:19,204 - INFO - Epoch 164/200
2024-01-12 17:59:26,499 - INFO - Train Stats
Loss:
  total: 0.057987984267211606
Metrics:
  cifar10_top1_accuracy: 0.9809767597100951
  cifar10_top5_accuracy: 1.0

2024-01-12 17:59:27,071 - INFO - Validation Stats
Loss:
  total: 0.18510494693182408
Metrics:
  cifar10_top1_accuracy: 0.941796875
  cifar10_top5_accuracy: 0.998046875

2024-01-12 17:59:27,071 - INFO - Epoch 165/200
2024-01-12 17:59:34,189 - INFO - Train Stats
Loss:
  total: 0.05548975878363391
Metrics:
  cifar10_top1_accuracy: 0.9826265585354783
  cifar10_top5_accuracy: 0.9999556107954546

2024-01-12 17:59:34,744 - INFO - Validation Stats
Loss:
  total: 0.17567816453520207
Metrics:
  cifar10_top1_accuracy: 0.946484375
  cifar10_top5_accuracy: 0.9982421875

2024-01-12 17:59:34,776 - INFO - Epoch 166/200
2024-01-12 17:59:41,645 - INFO - Train Stats
Loss:
  total: 0.05390254420027221
Metrics:
  cifar10_top1_accuracy: 0.9830704505809329
  cifar10_top5_accuracy: 0.9999556107954546

2024-01-12 17:59:42,245 - INFO - Validation Stats
Loss:
  total: 0.18526664293603973
Metrics:
  cifar10_top1_accuracy: 0.944140625
  cifar10_top5_accuracy: 0.99765625

2024-01-12 17:59:42,245 - INFO - Epoch 167/200
2024-01-12 17:59:49,195 - INFO - Train Stats
Loss:
  total: 0.055800432281102985
Metrics:
  cifar10_top1_accuracy: 0.9825328480113636
  cifar10_top5_accuracy: 0.9999112215909091

2024-01-12 17:59:49,853 - INFO - Validation Stats
Loss:
  total: 0.19134410492988535
Metrics:
  cifar10_top1_accuracy: 0.943359375
  cifar10_top5_accuracy: 0.9978515625

2024-01-12 17:59:49,854 - INFO - Epoch 168/200
2024-01-12 17:59:57,000 - INFO - Train Stats
Loss:
  total: 0.05192240978464146
Metrics:
  cifar10_top1_accuracy: 0.9837806778536602
  cifar10_top5_accuracy: 0.9999778053977273

2024-01-12 17:59:57,775 - INFO - Validation Stats
Loss:
  total: 0.1768371281825239
Metrics:
  cifar10_top1_accuracy: 0.948046875
  cifar10_top5_accuracy: 0.998828125

2024-01-12 17:59:57,776 - INFO - Epoch 169/200
2024-01-12 18:00:04,560 - INFO - Train Stats
Loss:
  total: 0.05085972682255405
Metrics:
  cifar10_top1_accuracy: 0.9848114937882532
  cifar10_top5_accuracy: 0.9999112215909091

2024-01-12 18:00:05,159 - INFO - Validation Stats
Loss:
  total: 0.1832637952786172
Metrics:
  cifar10_top1_accuracy: 0.946875
  cifar10_top5_accuracy: 0.9984375

2024-01-12 18:00:05,159 - INFO - Epoch 170/200
2024-01-12 18:00:12,097 - INFO - Train Stats
Loss:
  total: 0.052474676390623
Metrics:
  cifar10_top1_accuracy: 0.9835192747414112
  cifar10_top5_accuracy: 0.9999334161931818

2024-01-12 18:00:12,691 - INFO - Validation Stats
Loss:
  total: 0.1769126251223497
Metrics:
  cifar10_top1_accuracy: 0.9466796875
  cifar10_top5_accuracy: 0.9990234375

2024-01-12 18:00:12,692 - INFO - Epoch 171/200
2024-01-12 18:00:19,726 - INFO - Train Stats
Loss:
  total: 0.05098579612306573
Metrics:
  cifar10_top1_accuracy: 0.9842911537059329
  cifar10_top5_accuracy: 0.9999778053977273

2024-01-12 18:00:20,402 - INFO - Validation Stats
Loss:
  total: 0.17850023326463998
Metrics:
  cifar10_top1_accuracy: 0.9478515625
  cifar10_top5_accuracy: 0.9978515625

2024-01-12 18:00:20,402 - INFO - Epoch 172/200
2024-01-12 18:00:27,355 - INFO - Train Stats
Loss:
  total: 0.05106446134265174
Metrics:
  cifar10_top1_accuracy: 0.9847301136363636
  cifar10_top5_accuracy: 1.0

2024-01-12 18:00:27,938 - INFO - Validation Stats
Loss:
  total: 0.1817679735715501
Metrics:
  cifar10_top1_accuracy: 0.944921875
  cifar10_top5_accuracy: 0.998046875

2024-01-12 18:00:27,938 - INFO - Epoch 173/200
2024-01-12 18:00:34,866 - INFO - Train Stats
Loss:
  total: 0.05011990029809319
Metrics:
  cifar10_top1_accuracy: 0.9839804292741147
  cifar10_top5_accuracy: 1.0

2024-01-12 18:00:35,474 - INFO - Validation Stats
Loss:
  total: 0.17700722064473667
Metrics:
  cifar10_top1_accuracy: 0.946875
  cifar10_top5_accuracy: 0.998046875

2024-01-12 18:00:35,475 - INFO - Epoch 174/200
2024-01-12 18:00:43,059 - INFO - Train Stats
Loss:
  total: 0.05062272656571374
Metrics:
  cifar10_top1_accuracy: 0.9840198863636364
  cifar10_top5_accuracy: 1.0

2024-01-12 18:00:43,657 - INFO - Validation Stats
Loss:
  total: 0.18671727624023332
Metrics:
  cifar10_top1_accuracy: 0.9453125
  cifar10_top5_accuracy: 0.997265625

2024-01-12 18:00:43,657 - INFO - Epoch 175/200
2024-01-12 18:00:50,878 - INFO - Train Stats
Loss:
  total: 0.04948155152801932
Metrics:
  cifar10_top1_accuracy: 0.9845180318436839
  cifar10_top5_accuracy: 0.9999778053977273

2024-01-12 18:00:51,539 - INFO - Validation Stats
Loss:
  total: 0.17952647227793933
Metrics:
  cifar10_top1_accuracy: 0.9486328125
  cifar10_top5_accuracy: 0.998046875

2024-01-12 18:00:51,539 - INFO - Epoch 176/200
2024-01-12 18:00:58,487 - INFO - Train Stats
Loss:
  total: 0.04878228913664564
Metrics:
  cifar10_top1_accuracy: 0.9852899108082056
  cifar10_top5_accuracy: 0.9999556107954546

2024-01-12 18:00:59,082 - INFO - Validation Stats
Loss:
  total: 0.18488416121399495
Metrics:
  cifar10_top1_accuracy: 0.9453125
  cifar10_top5_accuracy: 0.9982421875

2024-01-12 18:00:59,083 - INFO - Epoch 177/200
2024-01-12 18:01:06,086 - INFO - Train Stats
Loss:
  total: 0.048731986185885035
Metrics:
  cifar10_top1_accuracy: 0.9846240727400238
  cifar10_top5_accuracy: 0.9999556107954546

2024-01-12 18:01:06,664 - INFO - Validation Stats
Loss:
  total: 0.1836818909840076
Metrics:
  cifar10_top1_accuracy: 0.9419921875
  cifar10_top5_accuracy: 0.9984375

2024-01-12 18:01:06,664 - INFO - Epoch 178/200
2024-01-12 18:01:13,558 - INFO - Train Stats
Loss:
  total: 0.04904116827476008
Metrics:
  cifar10_top1_accuracy: 0.9847843670709566
  cifar10_top5_accuracy: 0.9999778053977273

2024-01-12 18:01:14,183 - INFO - Validation Stats
Loss:
  total: 0.18506743512116372
Metrics:
  cifar10_top1_accuracy: 0.946484375
  cifar10_top5_accuracy: 0.99765625

2024-01-12 18:01:14,183 - INFO - Epoch 179/200
2024-01-12 18:01:21,122 - INFO - Train Stats
Loss:
  total: 0.04717945277066478
Metrics:
  cifar10_top1_accuracy: 0.9859384863891385
  cifar10_top5_accuracy: 0.9999778053977273

2024-01-12 18:01:21,675 - INFO - Validation Stats
Loss:
  total: 0.1822738023882266
Metrics:
  cifar10_top1_accuracy: 0.9462890625
  cifar10_top5_accuracy: 0.998828125

2024-01-12 18:01:21,675 - INFO - Epoch 180/200
2024-01-12 18:01:28,685 - INFO - Train Stats
Loss:
  total: 0.045995093419068406
Metrics:
  cifar10_top1_accuracy: 0.9859952059659091
  cifar10_top5_accuracy: 0.9999556107954546

2024-01-12 18:01:29,441 - INFO - Validation Stats
Loss:
  total: 0.18853137517580762
Metrics:
  cifar10_top1_accuracy: 0.9453125
  cifar10_top5_accuracy: 0.998046875

2024-01-12 18:01:29,477 - INFO - Epoch 181/200
2024-01-12 18:01:36,211 - INFO - Train Stats
Loss:
  total: 0.04639109467230314
Metrics:
  cifar10_top1_accuracy: 0.9852282591164112
  cifar10_top5_accuracy: 0.9999778053977273

2024-01-12 18:01:36,816 - INFO - Validation Stats
Loss:
  total: 0.1734571881359443
Metrics:
  cifar10_top1_accuracy: 0.9482421875
  cifar10_top5_accuracy: 0.9982421875

2024-01-12 18:01:36,850 - INFO - Epoch 182/200
2024-01-12 18:01:43,709 - INFO - Train Stats
Loss:
  total: 0.047047924062512306
Metrics:
  cifar10_top1_accuracy: 0.9860223326832056
  cifar10_top5_accuracy: 1.0

2024-01-12 18:01:44,338 - INFO - Validation Stats
Loss:
  total: 0.18909854139201343
Metrics:
  cifar10_top1_accuracy: 0.948046875
  cifar10_top5_accuracy: 0.998046875

2024-01-12 18:01:44,338 - INFO - Epoch 183/200
2024-01-12 18:01:51,320 - INFO - Train Stats
Loss:
  total: 0.04491823637164833
Metrics:
  cifar10_top1_accuracy: 0.9862442787059329
  cifar10_top5_accuracy: 0.9999778053977273

2024-01-12 18:01:51,991 - INFO - Validation Stats
Loss:
  total: 0.1800070882134605
Metrics:
  cifar10_top1_accuracy: 0.9484375
  cifar10_top5_accuracy: 0.9986328125

2024-01-12 18:01:51,991 - INFO - Epoch 184/200
2024-01-12 18:01:59,309 - INFO - Train Stats
Loss:
  total: 0.04602463936316781
Metrics:
  cifar10_top1_accuracy: 0.9853392321277749
  cifar10_top5_accuracy: 1.0

2024-01-12 18:01:59,926 - INFO - Validation Stats
Loss:
  total: 0.1838918325593113
Metrics:
  cifar10_top1_accuracy: 0.9443359375
  cifar10_top5_accuracy: 0.9982421875

2024-01-12 18:01:59,926 - INFO - Epoch 185/200
2024-01-12 18:02:06,599 - INFO - Train Stats
Loss:
  total: 0.0448470224536405
Metrics:
  cifar10_top1_accuracy: 0.9857831241732294
  cifar10_top5_accuracy: 1.0

2024-01-12 18:02:07,186 - INFO - Validation Stats
Loss:
  total: 0.18097256927285343
Metrics:
  cifar10_top1_accuracy: 0.9470703125
  cifar10_top5_accuracy: 0.998046875

2024-01-12 18:02:07,186 - INFO - Epoch 186/200
2024-01-12 18:02:14,775 - INFO - Train Stats
Loss:
  total: 0.04483812868817371
Metrics:
  cifar10_top1_accuracy: 0.9859384863891385
  cifar10_top5_accuracy: 0.9999112215909091

2024-01-12 18:02:15,547 - INFO - Validation Stats
Loss:
  total: 0.18518146974674893
Metrics:
  cifar10_top1_accuracy: 0.94609375
  cifar10_top5_accuracy: 0.99765625

2024-01-12 18:02:15,547 - INFO - Epoch 187/200
2024-01-12 18:02:22,981 - INFO - Train Stats
Loss:
  total: 0.046141813589863225
Metrics:
  cifar10_top1_accuracy: 0.9851567431945693
  cifar10_top5_accuracy: 1.0

2024-01-12 18:02:23,630 - INFO - Validation Stats
Loss:
  total: 0.18456544336077058
Metrics:
  cifar10_top1_accuracy: 0.945703125
  cifar10_top5_accuracy: 0.9982421875

2024-01-12 18:02:23,631 - INFO - Epoch 188/200
2024-01-12 18:02:30,731 - INFO - Train Stats
Loss:
  total: 0.04793620876047167
Metrics:
  cifar10_top1_accuracy: 0.9846684619445693
  cifar10_top5_accuracy: 0.9999778053977273

2024-01-12 18:02:31,466 - INFO - Validation Stats
Loss:
  total: 0.18600876354321372
Metrics:
  cifar10_top1_accuracy: 0.9498046875
  cifar10_top5_accuracy: 0.99765625

2024-01-12 18:02:31,466 - INFO - Epoch 189/200
2024-01-12 18:02:38,543 - INFO - Train Stats
Loss:
  total: 0.04563984113470228
Metrics:
  cifar10_top1_accuracy: 0.9863330571150238
  cifar10_top5_accuracy: 0.9999778053977273

2024-01-12 18:02:39,261 - INFO - Validation Stats
Loss:
  total: 0.18314699607435614
Metrics:
  cifar10_top1_accuracy: 0.9451171875
  cifar10_top5_accuracy: 0.9982421875

2024-01-12 18:02:39,261 - INFO - Epoch 190/200
2024-01-12 18:02:46,252 - INFO - Train Stats
Loss:
  total: 0.04681919973121363
Metrics:
  cifar10_top1_accuracy: 0.985721472481435
  cifar10_top5_accuracy: 1.0

2024-01-12 18:02:46,952 - INFO - Validation Stats
Loss:
  total: 0.1853199518212932
Metrics:
  cifar10_top1_accuracy: 0.9447265625
  cifar10_top5_accuracy: 0.9986328125

2024-01-12 18:02:46,952 - INFO - Epoch 191/200
2024-01-12 18:02:53,827 - INFO - Train Stats
Loss:
  total: 0.04456500707733953
Metrics:
  cifar10_top1_accuracy: 0.9860050701959566
  cifar10_top5_accuracy: 1.0

2024-01-12 18:02:54,491 - INFO - Validation Stats
Loss:
  total: 0.17830805602134206
Metrics:
  cifar10_top1_accuracy: 0.9474609375
  cifar10_top5_accuracy: 0.9984375

2024-01-12 18:02:54,491 - INFO - Epoch 192/200
2024-01-12 18:03:01,148 - INFO - Train Stats
Loss:
  total: 0.04363576419894922
Metrics:
  cifar10_top1_accuracy: 0.9866709082641385
  cifar10_top5_accuracy: 0.9999778053977273

2024-01-12 18:03:01,715 - INFO - Validation Stats
Loss:
  total: 0.18454547355795511
Metrics:
  cifar10_top1_accuracy: 0.9455078125
  cifar10_top5_accuracy: 0.9982421875

2024-01-12 18:03:01,715 - INFO - Epoch 193/200
2024-01-12 18:03:08,785 - INFO - Train Stats
Loss:
  total: 0.043354801018722355
Metrics:
  cifar10_top1_accuracy: 0.9858669704672965
  cifar10_top5_accuracy: 0.9999556107954546

2024-01-12 18:03:09,583 - INFO - Validation Stats
Loss:
  total: 0.18724342774075922
Metrics:
  cifar10_top1_accuracy: 0.946484375
  cifar10_top5_accuracy: 0.9982421875

2024-01-12 18:03:09,584 - INFO - Epoch 194/200
2024-01-12 18:03:16,355 - INFO - Train Stats
Loss:
  total: 0.043034045046872714
Metrics:
  cifar10_top1_accuracy: 0.9867498224431818
  cifar10_top5_accuracy: 0.9999112215909091

2024-01-12 18:03:16,965 - INFO - Validation Stats
Loss:
  total: 0.18908157516707433
Metrics:
  cifar10_top1_accuracy: 0.94375
  cifar10_top5_accuracy: 0.9978515625

2024-01-12 18:03:16,965 - INFO - Epoch 195/200
2024-01-12 18:03:23,832 - INFO - Train Stats
Loss:
  total: 0.04367107936890203
Metrics:
  cifar10_top1_accuracy: 0.9871764520013874
  cifar10_top5_accuracy: 1.0

2024-01-12 18:03:24,392 - INFO - Validation Stats
Loss:
  total: 0.18885623409296387
Metrics:
  cifar10_top1_accuracy: 0.9455078125
  cifar10_top5_accuracy: 0.9984375

2024-01-12 18:03:24,392 - INFO - Epoch 196/200
2024-01-12 18:03:31,181 - INFO - Train Stats
Loss:
  total: 0.04371763534833339
Metrics:
  cifar10_top1_accuracy: 0.9863330571150238
  cifar10_top5_accuracy: 0.9999778053977273

2024-01-12 18:03:31,739 - INFO - Validation Stats
Loss:
  total: 0.18730190082933404
Metrics:
  cifar10_top1_accuracy: 0.9484375
  cifar10_top5_accuracy: 0.99765625

2024-01-12 18:03:31,739 - INFO - Epoch 197/200
2024-01-12 18:03:38,663 - INFO - Train Stats
Loss:
  total: 0.041593289277939635
Metrics:
  cifar10_top1_accuracy: 0.9874649818309329
  cifar10_top5_accuracy: 0.9999778053977273

2024-01-12 18:03:39,367 - INFO - Validation Stats
Loss:
  total: 0.19138321609643755
Metrics:
  cifar10_top1_accuracy: 0.944921875
  cifar10_top5_accuracy: 0.998046875

2024-01-12 18:03:39,367 - INFO - Epoch 198/200
2024-01-12 18:03:46,290 - INFO - Train Stats
Loss:
  total: 0.041682863388401034
Metrics:
  cifar10_top1_accuracy: 0.9873983980241147
  cifar10_top5_accuracy: 1.0

2024-01-12 18:03:46,867 - INFO - Validation Stats
Loss:
  total: 0.18975111005129291
Metrics:
  cifar10_top1_accuracy: 0.9455078125
  cifar10_top5_accuracy: 0.9982421875

2024-01-12 18:03:46,867 - INFO - Epoch 199/200
2024-01-12 18:03:53,757 - INFO - Train Stats
Loss:
  total: 0.043728986847616565
Metrics:
  cifar10_top1_accuracy: 0.9866659761491147
  cifar10_top5_accuracy: 0.9999778053977273

2024-01-12 18:03:54,283 - INFO - Validation Stats
Loss:
  total: 0.1859443672641646
Metrics:
  cifar10_top1_accuracy: 0.9462890625
  cifar10_top5_accuracy: 0.9978515625

2024-01-12 18:03:54,284 - INFO - Epoch 200/200
2024-01-12 18:04:01,088 - INFO - Train Stats
Loss:
  total: 0.042589821424123576
Metrics:
  cifar10_top1_accuracy: 0.986887922171842
  cifar10_top5_accuracy: 0.9999778053977273

2024-01-12 18:04:01,864 - INFO - Validation Stats
Loss:
  total: 0.1851797190887737
Metrics:
  cifar10_top1_accuracy: 0.946484375
  cifar10_top5_accuracy: 0.998828125

2024-01-12 18:04:01,895 - INFO - Best validation loss: 0.1734571881359443
2024-01-12 18:04:01,943 - INFO - Best model saved to /home/up201905337/exploring-label-efficiency/weights/SL_cifar10_wideresnet18_2.pth
2024-01-12 18:04:01,943 - INFO - Training took 1526.4322769641876 seconds to complete
