2024-06-24 13:05:29,687 - INFO - Loading configuration files...
2024-06-24 13:05:29,799 - INFO - Loading model configuration
args:
  backbone: mobilenet_v3_large
  num_classes: 20
class: DeepLabV3

2024-06-24 13:05:29,812 - INFO - Loading train_dataset configuration
args:
  num_labeled: 18
  root: /data/auto/kitti
  train_val_test_split:
  - 0.7
  - 0.1
  - 0.2
class: SemiSupervisedKittiSeg

2024-06-24 13:05:29,825 - INFO - Loading train_dataset configuration
args:
  num_labeled: 18
  root: /data/auto/kitti
  train_val_test_split:
  - 0.7
  - 0.1
  - 0.2
class: SemiSupervisedKittiSeg

2024-06-24 13:05:29,835 - INFO - Loading val_dataset configuration
args:
  root: /data/auto/kitti
  train_val_test_split:
  - 0.7
  - 0.1
  - 0.2
class: KittiSeg

2024-06-24 13:05:29,906 - INFO - Loading optimizer configuration
args:
  lr: 0.01
  momentum: 0.9
  nesterov: true
  weight_decay: 0.0005
class: SGD

2024-06-24 13:05:29,977 - INFO - Loading method configuration
args:
  alpha: 0.75
  k: 2
  temperature: 0.5
  unsupervised_weight_rampup_length: 60
  w_max: 75.0
class: MixMatchV2KittiSeg

2024-06-24 13:05:29,979 - INFO - Loading loss configuration
args:
  ignore_index: 0
class: CrossEntropyLoss

2024-06-24 13:05:30,002 - INFO - Loading metrics configuration
kitti_dice:
  args:
    average: micro
    ignore_index: 0
    num_classes: 20
  class: Dice
kitti_jaccard_macro:
  args:
    average: macro
    ignore_index: 0
    num_classes: 20
    task: multiclass
    validate_args: false
  class: JaccardIndex
kitti_jaccard_micro:
  args:
    average: micro
    ignore_index: 0
    num_classes: 20
    task: multiclass
    validate_args: false
  class: JaccardIndex

2024-06-24 13:05:30,005 - INFO - Loading scheduler configuration
args:
  T_max: 120
class: CosineAnnealingLR

2024-06-24 13:05:30,005 - INFO - Loading hyperparameters configuration
ema_decay: 0.99
epochs: 120
labeled_batch_size: 2
num_workers: 4
save_freq: 10
unlabeled_batch_size: 6

2024-06-24 13:05:30,015 - INFO - Using device: cuda
2024-06-24 13:05:30,095 - INFO - Training for 120 epochs
2024-06-24 13:05:30,115 - INFO - Epoch 1/120
2024-06-24 13:05:34,114 - INFO - Train Stats
Loss:
  supervised: 2.3371716605292425
  total: 2.3371716605292425
  unsupervised: 0.004043843532498512
  unsupervised_weighted: 0.0
Metrics:
  kitti_dice: 0.39888396196895176
  kitti_jaccard_macro: 0.06222869476510419
  kitti_jaccard_micro: 0.276563028494517

2024-06-24 13:05:34,610 - INFO - Validation Stats
Loss:
  total: 2.2396676540374756
Metrics:
  kitti_dice: 0.5279221137364706
  kitti_jaccard_macro: 0.09491529564062755
  kitti_jaccard_micro: 0.368780384461085

2024-06-24 13:05:34,693 - INFO - Epoch 2/120
2024-06-24 13:05:38,044 - INFO - Train Stats
Loss:
  supervised: 1.422051813867357
  total: 1.433254188961453
  unsupervised: 0.008961903759174876
  unsupervised_weighted: 0.011202379543748166
Metrics:
  kitti_dice: 0.6270930899514092
  kitti_jaccard_macro: 0.16364044116603005
  kitti_jaccard_micro: 0.47853271828757393

2024-06-24 13:05:38,470 - INFO - Validation Stats
Loss:
  total: 1.3930694262186687
Metrics:
  kitti_dice: 0.5883562763532003
  kitti_jaccard_macro: 0.11999247719844182
  kitti_jaccard_micro: 0.42876265446345013

2024-06-24 13:05:38,586 - INFO - Epoch 3/120
2024-06-24 13:05:41,962 - INFO - Train Stats
Loss:
  supervised: 1.105349236064487
  total: 1.1270363330841064
  unsupervised: 0.008674839821954569
  unsupervised_weighted: 0.02168709971010685
Metrics:
  kitti_dice: 0.6959224475754632
  kitti_jaccard_macro: 0.2110942949851354
  kitti_jaccard_micro: 0.5584586395157708

2024-06-24 13:05:42,387 - INFO - Validation Stats
Loss:
  total: 1.1854960123697917
Metrics:
  kitti_dice: 0.659489115079244
  kitti_jaccard_macro: 0.18589003384113312
  kitti_jaccard_micro: 0.5057294567426046

2024-06-24 13:05:42,499 - INFO - Epoch 4/120
2024-06-24 13:05:45,868 - INFO - Train Stats
Loss:
  supervised: 1.116405791706509
  total: 1.1427154342333476
  unsupervised: 0.0070159028594692545
  unsupervised_weighted: 0.026309635904100206
Metrics:
  kitti_dice: 0.7117230097452799
  kitti_jaccard_macro: 0.23364396890004477
  kitti_jaccard_micro: 0.5740759140915341

2024-06-24 13:05:46,301 - INFO - Validation Stats
Loss:
  total: 1.0954785744349163
Metrics:
  kitti_dice: 0.6587252418200175
  kitti_jaccard_macro: 0.17724103728930155
  kitti_jaccard_micro: 0.5050397117932638

2024-06-24 13:05:46,423 - INFO - Epoch 5/120
2024-06-24 13:05:49,794 - INFO - Train Stats
Loss:
  supervised: 0.8916309409671359
  total: 0.9246572189860873
  unsupervised: 0.00660525288225876
  unsupervised_weighted: 0.033026264566514224
Metrics:
  kitti_dice: 0.7434255414538913
  kitti_jaccard_macro: 0.2423027985625797
  kitti_jaccard_micro: 0.6158026854197184

2024-06-24 13:05:50,217 - INFO - Validation Stats
Loss:
  total: 1.015160322189331
Metrics:
  kitti_dice: 0.6845207810401917
  kitti_jaccard_macro: 0.20484167834122977
  kitti_jaccard_micro: 0.5350234806537628

2024-06-24 13:05:50,407 - INFO - Epoch 6/120
2024-06-24 13:05:53,794 - INFO - Train Stats
Loss:
  supervised: 0.9020104077127244
  total: 0.9400412572754754
  unsupervised: 0.006084937136620283
  unsupervised_weighted: 0.038030857841173805
Metrics:
  kitti_dice: 0.7626506752438016
  kitti_jaccard_macro: 0.24970987935860953
  kitti_jaccard_micro: 0.6366851064893935

2024-06-24 13:05:54,220 - INFO - Validation Stats
Loss:
  total: 0.9818880756696066
Metrics:
  kitti_dice: 0.6975897153218588
  kitti_jaccard_macro: 0.2239724596341451
  kitti_jaccard_micro: 0.5502094825108846

2024-06-24 13:05:54,419 - INFO - Epoch 7/120
2024-06-24 13:05:57,834 - INFO - Train Stats
Loss:
  supervised: 0.8774175710148282
  total: 0.9074884653091431
  unsupervised: 0.00400945324347251
  unsupervised_weighted: 0.030070899468329217
Metrics:
  kitti_dice: 0.7384577592213949
  kitti_jaccard_macro: 0.26803413695759243
  kitti_jaccard_micro: 0.6183858778741624

2024-06-24 13:05:58,263 - INFO - Validation Stats
Loss:
  total: 0.9790086150169373
Metrics:
  kitti_dice: 0.6868922909100851
  kitti_jaccard_macro: 0.2022397369146347
  kitti_jaccard_micro: 0.5365278323491415

2024-06-24 13:05:58,445 - INFO - Epoch 8/120
2024-06-24 13:06:01,857 - INFO - Train Stats
Loss:
  supervised: 0.7638325293858846
  total: 0.8020311594009399
  unsupervised: 0.004365558218624856
  unsupervised_weighted: 0.038198634361227356
Metrics:
  kitti_dice: 0.7928338183297051
  kitti_jaccard_macro: 0.3046792795260747
  kitti_jaccard_micro: 0.6752698090341356

2024-06-24 13:06:02,284 - INFO - Validation Stats
Loss:
  total: 0.9947707851727804
Metrics:
  kitti_dice: 0.7078410983085632
  kitti_jaccard_macro: 0.21224640806516012
  kitti_jaccard_micro: 0.5622945626576742

2024-06-24 13:06:02,284 - INFO - Epoch 9/120
2024-06-24 13:06:05,709 - INFO - Train Stats
Loss:
  supervised: 0.8022328846984439
  total: 0.8359777198897468
  unsupervised: 0.0033744845746292006
  unsupervised_weighted: 0.03374484574629201
Metrics:
  kitti_dice: 0.781771288977729
  kitti_jaccard_macro: 0.29020846883455914
  kitti_jaccard_micro: 0.6626381410492791

2024-06-24 13:06:06,137 - INFO - Validation Stats
Loss:
  total: 0.9448517759641012
Metrics:
  kitti_dice: 0.724533220132192
  kitti_jaccard_macro: 0.22930898269017538
  kitti_jaccard_micro: 0.5847743550936381

2024-06-24 13:06:06,297 - INFO - Epoch 10/120
2024-06-24 13:06:09,715 - INFO - Train Stats
Loss:
  supervised: 0.7114533649550544
  total: 0.7451884812778897
  unsupervised: 0.00299867690126929
  unsupervised_weighted: 0.03373511590891414
Metrics:
  kitti_dice: 0.8008855647510953
  kitti_jaccard_macro: 0.3047025865978665
  kitti_jaccard_micro: 0.6887894736395942

2024-06-24 13:06:10,144 - INFO - Validation Stats
Loss:
  total: 0.996143102645874
Metrics:
  kitti_dice: 0.7064130107561747
  kitti_jaccard_macro: 0.2265468885501226
  kitti_jaccard_micro: 0.5607237219810486

2024-06-24 13:06:10,222 - INFO - Epoch 11/120
2024-06-24 13:06:13,655 - INFO - Train Stats
Loss:
  supervised: 0.8185328112708198
  total: 0.8536973860528734
  unsupervised: 0.0028131662661002744
  unsupervised_weighted: 0.03516457767950164
Metrics:
  kitti_dice: 0.7919126550356547
  kitti_jaccard_macro: 0.3156886299451192
  kitti_jaccard_micro: 0.6735980179574754

2024-06-24 13:06:14,085 - INFO - Validation Stats
Loss:
  total: 0.9665233691533407
Metrics:
  kitti_dice: 0.7255487442016602
  kitti_jaccard_macro: 0.23394303023815155
  kitti_jaccard_micro: 0.5856173237164816

2024-06-24 13:06:14,085 - INFO - Epoch 12/120
2024-06-24 13:06:17,520 - INFO - Train Stats
Loss:
  supervised: 0.7068874769740634
  total: 0.7446442113982307
  unsupervised: 0.00274594410115646
  unsupervised_weighted: 0.0377567315267192
Metrics:
  kitti_dice: 0.7797801163461473
  kitti_jaccard_macro: 0.29600367943445843
  kitti_jaccard_micro: 0.6587428384357028

2024-06-24 13:06:17,945 - INFO - Validation Stats
Loss:
  total: 0.971858819325765
Metrics:
  kitti_dice: 0.7224746545155843
  kitti_jaccard_macro: 0.2337157428264618
  kitti_jaccard_micro: 0.5814204414685568

2024-06-24 13:06:17,945 - INFO - Epoch 13/120
2024-06-24 13:06:21,372 - INFO - Train Stats
Loss:
  supervised: 0.7216564880477058
  total: 0.7516727315055
  unsupervised: 0.0020010823565017846
  unsupervised_weighted: 0.030016235386331875
Metrics:
  kitti_dice: 0.7743399673038058
  kitti_jaccard_macro: 0.2740219086408615
  kitti_jaccard_micro: 0.6526297595765855

2024-06-24 13:06:21,799 - INFO - Validation Stats
Loss:
  total: 0.9845563173294067
Metrics:
  kitti_dice: 0.7163280447324117
  kitti_jaccard_macro: 0.23191532492637634
  kitti_jaccard_micro: 0.5749873320261637

2024-06-24 13:06:21,799 - INFO - Epoch 14/120
2024-06-24 13:06:25,248 - INFO - Train Stats
Loss:
  supervised: 0.7015786369641622
  total: 0.7317708002196418
  unsupervised: 0.0018579788480160965
  unsupervised_weighted: 0.030192155804899003
Metrics:
  kitti_dice: 0.7831994626257155
  kitti_jaccard_macro: 0.3229415797524982
  kitti_jaccard_micro: 0.6670607195960151

2024-06-24 13:06:25,676 - INFO - Validation Stats
Loss:
  total: 0.9830774068832397
Metrics:
  kitti_dice: 0.7043601075808207
  kitti_jaccard_macro: 0.22851976255575815
  kitti_jaccard_micro: 0.5587559739748637

2024-06-24 13:06:25,676 - INFO - Epoch 15/120
2024-06-24 13:06:29,150 - INFO - Train Stats
Loss:
  supervised: 0.7088554037941827
  total: 0.7434456017282274
  unsupervised: 0.0019765819888561964
  unsupervised_weighted: 0.034590184688568115
Metrics:
  kitti_dice: 0.780391792456309
  kitti_jaccard_macro: 0.29583097497622174
  kitti_jaccard_micro: 0.6600379149119059

2024-06-24 13:06:29,580 - INFO - Validation Stats
Loss:
  total: 0.9697744647661845
Metrics:
  kitti_dice: 0.7129314740498861
  kitti_jaccard_macro: 0.2274878372748693
  kitti_jaccard_micro: 0.569200317064921

2024-06-24 13:06:29,580 - INFO - Epoch 16/120
2024-06-24 13:06:33,035 - INFO - Train Stats
Loss:
  supervised: 0.672148714462916
  total: 0.7088517149289449
  unsupervised: 0.0019574933297311268
  unsupervised_weighted: 0.036702999431225986
Metrics:
  kitti_dice: 0.8014678888850741
  kitti_jaccard_macro: 0.3369105855623881
  kitti_jaccard_micro: 0.6908647451135848

2024-06-24 13:06:33,462 - INFO - Validation Stats
Loss:
  total: 0.9411821166674296
Metrics:
  kitti_dice: 0.708798865477244
  kitti_jaccard_macro: 0.2330826868613561
  kitti_jaccard_micro: 0.5647373795509338

2024-06-24 13:06:33,644 - INFO - Epoch 17/120
2024-06-24 13:06:37,096 - INFO - Train Stats
Loss:
  supervised: 0.6334521505567763
  total: 0.6716869605912102
  unsupervised: 0.0019117402714780634
  unsupervised_weighted: 0.03823480548130141
Metrics:
  kitti_dice: 0.7967873877949185
  kitti_jaccard_macro: 0.32947464452849495
  kitti_jaccard_micro: 0.6819255716270871

2024-06-24 13:06:37,522 - INFO - Validation Stats
Loss:
  total: 0.9719575246175131
Metrics:
  kitti_dice: 0.7055608431498209
  kitti_jaccard_macro: 0.22689217825730643
  kitti_jaccard_micro: 0.5610941648483276

2024-06-24 13:06:37,522 - INFO - Epoch 18/120
2024-06-24 13:06:40,992 - INFO - Train Stats
Loss:
  supervised: 0.7039751443598006
  total: 0.7365750504864587
  unsupervised: 0.001534113130118284
  unsupervised_weighted: 0.03259990426401297
Metrics:
  kitti_dice: 0.816976010799408
  kitti_jaccard_macro: 0.3432106508149041
  kitti_jaccard_micro: 0.7064869403839111

2024-06-24 13:06:41,455 - INFO - Validation Stats
Loss:
  total: 0.9482713540395101
Metrics:
  kitti_dice: 0.7234156131744385
  kitti_jaccard_macro: 0.2393208791812261
  kitti_jaccard_micro: 0.5838251908620199

2024-06-24 13:06:41,455 - INFO - Epoch 19/120
2024-06-24 13:06:44,942 - INFO - Train Stats
Loss:
  supervised: 0.6912585927380456
  total: 0.7261146108309428
  unsupervised: 0.0015491565896405114
  unsupervised_weighted: 0.03485602347387208
Metrics:
  kitti_dice: 0.7845541172557406
  kitti_jaccard_macro: 0.315921887755394
  kitti_jaccard_micro: 0.6681414941946665

2024-06-24 13:06:45,375 - INFO - Validation Stats
Loss:
  total: 1.0474008123079936
Metrics:
  kitti_dice: 0.6804587841033936
  kitti_jaccard_macro: 0.22831005851427713
  kitti_jaccard_micro: 0.5295654932657877

2024-06-24 13:06:45,375 - INFO - Epoch 20/120
2024-06-24 13:06:48,855 - INFO - Train Stats
Loss:
  supervised: 0.6498769885963864
  total: 0.6847760213745965
  unsupervised: 0.0014694327643762033
  unsupervised_weighted: 0.034899028225077525
Metrics:
  kitti_dice: 0.805936316649119
  kitti_jaccard_macro: 0.3276309304767185
  kitti_jaccard_micro: 0.695566713809967

2024-06-24 13:06:49,279 - INFO - Validation Stats
Loss:
  total: 0.9880776802698771
Metrics:
  kitti_dice: 0.7133338650067648
  kitti_jaccard_macro: 0.23823398351669312
  kitti_jaccard_micro: 0.569329559803009

2024-06-24 13:06:49,466 - INFO - Epoch 21/120
2024-06-24 13:06:52,963 - INFO - Train Stats
Loss:
  supervised: 0.6692481670114729
  total: 0.7054319282372793
  unsupervised: 0.0014473503300299246
  unsupervised_weighted: 0.036183758535318904
Metrics:
  kitti_dice: 0.807497951719496
  kitti_jaccard_macro: 0.3376770267883937
  kitti_jaccard_micro: 0.7002716991636488

2024-06-24 13:06:53,394 - INFO - Validation Stats
Loss:
  total: 1.0451092720031738
Metrics:
  kitti_dice: 0.6952630480130514
  kitti_jaccard_macro: 0.23015367488066354
  kitti_jaccard_micro: 0.5453559557596842

2024-06-24 13:06:53,394 - INFO - Epoch 22/120
2024-06-24 13:06:56,900 - INFO - Train Stats
Loss:
  supervised: 0.7008554339408875
  total: 0.7388267848226759
  unsupervised: 0.0014465275065352519
  unsupervised_weighted: 0.0379713469495376
Metrics:
  kitti_dice: 0.7778675688637627
  kitti_jaccard_macro: 0.2992802427874671
  kitti_jaccard_micro: 0.6568578415446811

2024-06-24 13:06:57,328 - INFO - Validation Stats
Loss:
  total: 1.1644982894261677
Metrics:
  kitti_dice: 0.6244320074717203
  kitti_jaccard_macro: 0.2095932811498642
  kitti_jaccard_micro: 0.46554696559906006

2024-06-24 13:06:57,328 - INFO - Epoch 23/120
2024-06-24 13:07:00,843 - INFO - Train Stats
Loss:
  supervised: 0.5930686924192641
  total: 0.6265120704968771
  unsupervised: 0.0012161231004736489
  unsupervised_weighted: 0.033443385321233005
Metrics:
  kitti_dice: 0.8288708461655511
  kitti_jaccard_macro: 0.35432887739605373
  kitti_jaccard_micro: 0.7248476809925504

2024-06-24 13:07:01,273 - INFO - Validation Stats
Loss:
  total: 1.0774359703063965
Metrics:
  kitti_dice: 0.6645467281341553
  kitti_jaccard_macro: 0.22176948189735413
  kitti_jaccard_micro: 0.5105987290541331

2024-06-24 13:07:01,273 - INFO - Epoch 24/120
2024-06-24 13:07:04,770 - INFO - Train Stats
Loss:
  supervised: 0.6553883883688185
  total: 0.6994309425354004
  unsupervised: 0.0015319147302458684
  unsupervised_weighted: 0.04404254857864645
Metrics:
  kitti_dice: 0.8101775182618035
  kitti_jaccard_macro: 0.3440636197725932
  kitti_jaccard_micro: 0.6970185968610976

2024-06-24 13:07:05,202 - INFO - Validation Stats
Loss:
  total: 0.939926822980245
Metrics:
  kitti_dice: 0.7122761805852255
  kitti_jaccard_macro: 0.23467240730921426
  kitti_jaccard_micro: 0.5696876247723898

2024-06-24 13:07:05,399 - INFO - Epoch 25/120
2024-06-24 13:07:08,922 - INFO - Train Stats
Loss:
  supervised: 0.5883039865228865
  total: 0.6362219717767503
  unsupervised: 0.0015972658293321729
  unsupervised_weighted: 0.047917974905835256
Metrics:
  kitti_dice: 0.822664737701416
  kitti_jaccard_macro: 0.3711003081666099
  kitti_jaccard_micro: 0.7196704414155748

2024-06-24 13:07:09,352 - INFO - Validation Stats
Loss:
  total: 0.9905359943707784
Metrics:
  kitti_dice: 0.7067686120669047
  kitti_jaccard_macro: 0.2295416295528412
  kitti_jaccard_micro: 0.5601140856742859

2024-06-24 13:07:09,353 - INFO - Epoch 26/120
2024-06-24 13:07:12,867 - INFO - Train Stats
Loss:
  supervised: 0.6141152183214823
  total: 0.6555194225576189
  unsupervised: 0.0013249343933744563
  unsupervised_weighted: 0.0414042000969251
Metrics:
  kitti_dice: 0.8278463880221049
  kitti_jaccard_macro: 0.36308363411161637
  kitti_jaccard_micro: 0.7223654455608792

2024-06-24 13:07:13,297 - INFO - Validation Stats
Loss:
  total: 1.006317635377248
Metrics:
  kitti_dice: 0.7023976842562357
  kitti_jaccard_macro: 0.2355364809433619
  kitti_jaccard_micro: 0.5559548139572144

2024-06-24 13:07:13,297 - INFO - Epoch 27/120
2024-06-24 13:07:16,812 - INFO - Train Stats
Loss:
  supervised: 0.6277627183331383
  total: 0.6759260230594211
  unsupervised: 0.001481947605498135
  unsupervised_weighted: 0.048163296861781016
Metrics:
  kitti_dice: 0.805129243267907
  kitti_jaccard_macro: 0.33738073541058433
  kitti_jaccard_micro: 0.6959175368150076

2024-06-24 13:07:17,244 - INFO - Validation Stats
Loss:
  total: 0.9862434069315592
Metrics:
  kitti_dice: 0.6968673666318258
  kitti_jaccard_macro: 0.23455014328161874
  kitti_jaccard_micro: 0.5499939322471619

2024-06-24 13:07:17,245 - INFO - Epoch 28/120
2024-06-24 13:07:20,794 - INFO - Train Stats
Loss:
  supervised: 0.696353985203637
  total: 0.7416129079129961
  unsupervised: 0.0013410049076709482
  unsupervised_weighted: 0.04525891525877847
Metrics:
  kitti_dice: 0.794978141784668
  kitti_jaccard_macro: 0.3214225471019745
  kitti_jaccard_micro: 0.677909619278378

2024-06-24 13:07:21,226 - INFO - Validation Stats
Loss:
  total: 1.138998011747996
Metrics:
  kitti_dice: 0.6582552194595337
  kitti_jaccard_macro: 0.2064844568570455
  kitti_jaccard_micro: 0.5033055444558462

2024-06-24 13:07:21,226 - INFO - Epoch 29/120
2024-06-24 13:07:24,755 - INFO - Train Stats
Loss:
  supervised: 0.6042104926374223
  total: 0.6438135339154137
  unsupervised: 0.001131515536043379
  unsupervised_weighted: 0.03960304376151827
Metrics:
  kitti_dice: 0.825149224864112
  kitti_jaccard_macro: 0.34048864245414734
  kitti_jaccard_micro: 0.7217203113767836

2024-06-24 13:07:25,188 - INFO - Validation Stats
Loss:
  total: 0.9798875252405802
Metrics:
  kitti_dice: 0.6966212193171183
  kitti_jaccard_macro: 0.24077115456263223
  kitti_jaccard_micro: 0.5482646624247233

2024-06-24 13:07:25,188 - INFO - Epoch 30/120
2024-06-24 13:07:28,728 - INFO - Train Stats
Loss:
  supervised: 0.594128797451655
  total: 0.6460404362943437
  unsupervised: 0.0014320452594094807
  unsupervised_weighted: 0.051911641326215535
Metrics:
  kitti_dice: 0.8226126167509291
  kitti_jaccard_macro: 0.3490315344598558
  kitti_jaccard_micro: 0.7180381483501859

2024-06-24 13:07:29,162 - INFO - Validation Stats
Loss:
  total: 1.031333069006602
Metrics:
  kitti_dice: 0.6869598627090454
  kitti_jaccard_macro: 0.23700604339440665
  kitti_jaccard_micro: 0.5363112688064575

2024-06-24 13:07:29,274 - INFO - Epoch 31/120
2024-06-24 13:07:32,808 - INFO - Train Stats
Loss:
  supervised: 0.5972613030009799
  total: 0.6530459456973605
  unsupervised: 0.0014875903596273726
  unsupervised_weighted: 0.05578463772932688
Metrics:
  kitti_dice: 0.8158435689078437
  kitti_jaccard_macro: 0.3424423336982727
  kitti_jaccard_micro: 0.7097857462035285

2024-06-24 13:07:33,242 - INFO - Validation Stats
Loss:
  total: 1.3938958247502644
Metrics:
  kitti_dice: 0.5644341707229614
  kitti_jaccard_macro: 0.1917941172917684
  kitti_jaccard_micro: 0.40323813756306964

2024-06-24 13:07:33,242 - INFO - Epoch 32/120
2024-06-24 13:07:36,774 - INFO - Train Stats
Loss:
  supervised: 0.6250576443142362
  total: 0.6716409855418735
  unsupervised: 0.0012021506101720864
  unsupervised_weighted: 0.04658333626058367
Metrics:
  kitti_dice: 0.8145745860205756
  kitti_jaccard_macro: 0.33004943529764813
  kitti_jaccard_micro: 0.7000462942653232

2024-06-24 13:07:37,203 - INFO - Validation Stats
Loss:
  total: 0.9370863835016886
Metrics:
  kitti_dice: 0.7234481374422709
  kitti_jaccard_macro: 0.25027266641457874
  kitti_jaccard_micro: 0.5810241301854452

2024-06-24 13:07:37,391 - INFO - Epoch 33/120
2024-06-24 13:07:40,952 - INFO - Train Stats
Loss:
  supervised: 0.6054344342814552
  total: 0.6673373878002167
  unsupervised: 0.0015475737875223989
  unsupervised_weighted: 0.06190295144915581
Metrics:
  kitti_dice: 0.8006670210096571
  kitti_jaccard_macro: 0.34761397871706223
  kitti_jaccard_micro: 0.6909818483723534

2024-06-24 13:07:41,383 - INFO - Validation Stats
Loss:
  total: 0.986723264058431
Metrics:
  kitti_dice: 0.6939446727434794
  kitti_jaccard_macro: 0.24424642324447632
  kitti_jaccard_micro: 0.5443236827850342

2024-06-24 13:07:41,383 - INFO - Epoch 34/120
2024-06-24 13:07:44,949 - INFO - Train Stats
Loss:
  supervised: 0.6002301077047983
  total: 0.6651492747995589
  unsupervised: 0.001573797987980975
  unsupervised_weighted: 0.06491916792260276
Metrics:
  kitti_dice: 0.81521119011773
  kitti_jaccard_macro: 0.36007069879108006
  kitti_jaccard_micro: 0.7115351921982236

2024-06-24 13:07:45,373 - INFO - Validation Stats
Loss:
  total: 0.9937300284703573
Metrics:
  kitti_dice: 0.7030956149101257
  kitti_jaccard_macro: 0.241328164935112
  kitti_jaccard_micro: 0.555598775545756

2024-06-24 13:07:45,374 - INFO - Epoch 35/120
2024-06-24 13:07:48,970 - INFO - Train Stats
Loss:
  supervised: 0.5763499968581729
  total: 0.634846376048194
  unsupervised: 0.001376385541839732
  unsupervised_weighted: 0.0584963858127594
Metrics:
  kitti_dice: 0.820026867919498
  kitti_jaccard_macro: 0.3581101728810204
  kitti_jaccard_micro: 0.716309130191803

2024-06-24 13:07:49,401 - INFO - Validation Stats
Loss:
  total: 0.9899716774622599
Metrics:
  kitti_dice: 0.7131862839063009
  kitti_jaccard_macro: 0.24108503758907318
  kitti_jaccard_micro: 0.5687115589777628

2024-06-24 13:07:49,401 - INFO - Epoch 36/120
2024-06-24 13:07:52,975 - INFO - Train Stats
Loss:
  supervised: 0.6051399045520358
  total: 0.6628161436981626
  unsupervised: 0.0013183140739177663
  unsupervised_weighted: 0.05767624080181122
Metrics:
  kitti_dice: 0.8066238959630331
  kitti_jaccard_macro: 0.3555881016784244
  kitti_jaccard_micro: 0.7002661029497782

2024-06-24 13:07:53,399 - INFO - Validation Stats
Loss:
  total: 1.0177679856618245
Metrics:
  kitti_dice: 0.7006400426228842
  kitti_jaccard_macro: 0.23912084102630615
  kitti_jaccard_micro: 0.5526217619578043

2024-06-24 13:07:53,399 - INFO - Epoch 37/120
2024-06-24 13:07:56,946 - INFO - Train Stats
Loss:
  supervised: 0.5494585500823127
  total: 0.5960926181740231
  unsupervised: 0.0010363125087072451
  unsupervised_weighted: 0.04663406229681439
Metrics:
  kitti_dice: 0.8466467459996542
  kitti_jaccard_macro: 0.40302205748028225
  kitti_jaccard_micro: 0.7474002970589532

2024-06-24 13:07:57,377 - INFO - Validation Stats
Loss:
  total: 0.9871425827344259
Metrics:
  kitti_dice: 0.7053077419598898
  kitti_jaccard_macro: 0.23919586340586343
  kitti_jaccard_micro: 0.5605695446332296

2024-06-24 13:07:57,377 - INFO - Epoch 38/120
2024-06-24 13:08:00,940 - INFO - Train Stats
Loss:
  supervised: 0.5264151593049368
  total: 0.5829313066270616
  unsupervised: 0.001221970687361641
  unsupervised_weighted: 0.05651614401075575
Metrics:
  kitti_dice: 0.855571342839135
  kitti_jaccard_macro: 0.40886010726292926
  kitti_jaccard_micro: 0.7638156347804599

2024-06-24 13:08:01,371 - INFO - Validation Stats
Loss:
  total: 1.0037997762362163
Metrics:
  kitti_dice: 0.7129793167114258
  kitti_jaccard_macro: 0.249347393711408
  kitti_jaccard_micro: 0.5693731506665548

2024-06-24 13:08:01,371 - INFO - Epoch 39/120
2024-06-24 13:08:04,922 - INFO - Train Stats
Loss:
  supervised: 0.5592421227031283
  total: 0.6166574954986572
  unsupervised: 0.0012087446391685968
  unsupervised_weighted: 0.05741537113984426
Metrics:
  kitti_dice: 0.8427649074130588
  kitti_jaccard_macro: 0.3795824415153927
  kitti_jaccard_micro: 0.7431666652361552

2024-06-24 13:08:05,356 - INFO - Validation Stats
Loss:
  total: 1.0696158011754353
Metrics:
  kitti_dice: 0.6741320490837097
  kitti_jaccard_macro: 0.2420210838317871
  kitti_jaccard_micro: 0.5215848088264465

2024-06-24 13:08:05,356 - INFO - Epoch 40/120
2024-06-24 13:08:08,920 - INFO - Train Stats
Loss:
  supervised: 0.5653030574321747
  total: 0.6261279549863603
  unsupervised: 0.0012476901821274725
  unsupervised_weighted: 0.06082489631242222
Metrics:
  kitti_dice: 0.8469984663857354
  kitti_jaccard_macro: 0.40890079074435765
  kitti_jaccard_micro: 0.7504483130243089

2024-06-24 13:08:09,389 - INFO - Validation Stats
Loss:
  total: 1.0162238478660583
Metrics:
  kitti_dice: 0.7087135513623556
  kitti_jaccard_macro: 0.24227111538251242
  kitti_jaccard_micro: 0.5636996229489645

2024-06-24 13:08:09,502 - INFO - Epoch 41/120
2024-06-24 13:08:13,081 - INFO - Train Stats
Loss:
  supervised: 0.5606697731547885
  total: 0.6200674374898275
  unsupervised: 0.0011879532895464865
  unsupervised_weighted: 0.05939766557680236
Metrics:
  kitti_dice: 0.8435834447542826
  kitti_jaccard_macro: 0.3844308406114578
  kitti_jaccard_micro: 0.7470308144887289

2024-06-24 13:08:13,511 - INFO - Validation Stats
Loss:
  total: 1.1159677306811016
Metrics:
  kitti_dice: 0.6702070832252502
  kitti_jaccard_macro: 0.2232261300086975
  kitti_jaccard_micro: 0.5168338020642599

2024-06-24 13:08:13,512 - INFO - Epoch 42/120
2024-06-24 13:08:17,068 - INFO - Train Stats
Loss:
  supervised: 0.5492802494102054
  total: 0.6072530547777811
  unsupervised: 0.0011311765993013978
  unsupervised_weighted: 0.057972800814443164
Metrics:
  kitti_dice: 0.8533595535490248
  kitti_jaccard_macro: 0.40153935220506454
  kitti_jaccard_micro: 0.7610550125439962

2024-06-24 13:08:17,504 - INFO - Validation Stats
Loss:
  total: 1.040215830008189
Metrics:
  kitti_dice: 0.7116705973943075
  kitti_jaccard_macro: 0.23911823332309723
  kitti_jaccard_micro: 0.5669237375259399

2024-06-24 13:08:17,504 - INFO - Epoch 43/120
2024-06-24 13:08:21,093 - INFO - Train Stats
Loss:
  supervised: 0.5690302782588534
  total: 0.6381664375464121
  unsupervised: 0.0013168792356736958
  unsupervised_weighted: 0.06913616052932209
Metrics:
  kitti_dice: 0.8479377826054891
  kitti_jaccard_macro: 0.4078136483828227
  kitti_jaccard_micro: 0.7508728239271376

2024-06-24 13:08:21,529 - INFO - Validation Stats
Loss:
  total: 1.0237004558245342
Metrics:
  kitti_dice: 0.7010240356127421
  kitti_jaccard_macro: 0.24599122007687887
  kitti_jaccard_micro: 0.5548405448595682

2024-06-24 13:08:21,529 - INFO - Epoch 44/120
2024-06-24 13:08:25,091 - INFO - Train Stats
Loss:
  supervised: 0.6211257444487678
  total: 0.6877530945671929
  unsupervised: 0.0012395786406058404
  unsupervised_weighted: 0.06662735177410974
Metrics:
  kitti_dice: 0.8113594187630547
  kitti_jaccard_macro: 0.35667627056439716
  kitti_jaccard_micro: 0.7035733196470473

2024-06-24 13:08:25,523 - INFO - Validation Stats
Loss:
  total: 1.0903882185618083
Metrics:
  kitti_dice: 0.6599743167559305
  kitti_jaccard_macro: 0.2270782788594564
  kitti_jaccard_micro: 0.5047686696052551

2024-06-24 13:08:25,524 - INFO - Epoch 45/120
2024-06-24 13:08:29,100 - INFO - Train Stats
Loss:
  supervised: 0.5335665841897329
  total: 0.5989822049935659
  unsupervised: 0.0011893749146515296
  unsupervised_weighted: 0.06541562038991186
Metrics:
  kitti_dice: 0.8549476067225138
  kitti_jaccard_macro: 0.42105066776275635
  kitti_jaccard_micro: 0.7614885436164008

2024-06-24 13:08:29,533 - INFO - Validation Stats
Loss:
  total: 0.9901874661445618
Metrics:
  kitti_dice: 0.7065839966138204
  kitti_jaccard_macro: 0.2353907823562622
  kitti_jaccard_micro: 0.5603567560513815

2024-06-24 13:08:29,533 - INFO - Epoch 46/120
2024-06-24 13:08:33,134 - INFO - Train Stats
Loss:
  supervised: 0.5692516399754418
  total: 0.637506925397449
  unsupervised: 0.001213427251463549
  unsupervised_weighted: 0.06825528335240152
Metrics:
  kitti_dice: 0.8328841196166145
  kitti_jaccard_macro: 0.3762688934803009
  kitti_jaccard_micro: 0.7304253114594353

2024-06-24 13:08:33,564 - INFO - Validation Stats
Loss:
  total: 1.0720476110776265
Metrics:
  kitti_dice: 0.67098468542099
  kitti_jaccard_macro: 0.23557040095329285
  kitti_jaccard_micro: 0.5179813702901205

2024-06-24 13:08:33,564 - INFO - Epoch 47/120
2024-06-24 13:08:37,167 - INFO - Train Stats
Loss:
  supervised: 0.5071914229128096
  total: 0.5708028872807821
  unsupervised: 0.001106286524898476
  unsupervised_weighted: 0.06361147512992223
Metrics:
  kitti_dice: 0.855649385187361
  kitti_jaccard_macro: 0.40370582540829975
  kitti_jaccard_micro: 0.7626843319998847

2024-06-24 13:08:37,598 - INFO - Validation Stats
Loss:
  total: 0.9935506184895834
Metrics:
  kitti_dice: 0.7130478024482727
  kitti_jaccard_macro: 0.2510480632384618
  kitti_jaccard_micro: 0.5687078436215719

2024-06-24 13:08:37,599 - INFO - Epoch 48/120
2024-06-24 13:08:41,192 - INFO - Train Stats
Loss:
  supervised: 0.593895673751831
  total: 0.6830026242468092
  unsupervised: 0.0015167139418837097
  unsupervised_weighted: 0.08910694387223986
Metrics:
  kitti_dice: 0.8232903546757169
  kitti_jaccard_macro: 0.37517887022760177
  kitti_jaccard_micro: 0.7213961879412333

2024-06-24 13:08:41,626 - INFO - Validation Stats
Loss:
  total: 1.0442019899686177
Metrics:
  kitti_dice: 0.7048438588778178
  kitti_jaccard_macro: 0.24849399427572885
  kitti_jaccard_micro: 0.5577389597892761

2024-06-24 13:08:41,626 - INFO - Epoch 49/120
2024-06-24 13:08:45,245 - INFO - Train Stats
Loss:
  supervised: 0.5227621164586809
  total: 0.59101116988394
  unsupervised: 0.0011374841301908924
  unsupervised_weighted: 0.06824904680252075
Metrics:
  kitti_dice: 0.8571624490949843
  kitti_jaccard_macro: 0.4208901921908061
  kitti_jaccard_micro: 0.7625174323717753

2024-06-24 13:08:45,679 - INFO - Validation Stats
Loss:
  total: 1.1185569365819295
Metrics:
  kitti_dice: 0.6669576168060303
  kitti_jaccard_macro: 0.22730308771133423
  kitti_jaccard_micro: 0.5129706859588623

2024-06-24 13:08:45,679 - INFO - Epoch 50/120
2024-06-24 13:08:49,277 - INFO - Train Stats
Loss:
  supervised: 0.6010370453198751
  total: 0.6831568578879038
  unsupervised: 0.0013407315127551556
  unsupervised_weighted: 0.08211980511744817
Metrics:
  kitti_dice: 0.8180922203593783
  kitti_jaccard_macro: 0.3584279649787479
  kitti_jaccard_micro: 0.7119913167423673

2024-06-24 13:08:49,737 - INFO - Validation Stats
Loss:
  total: 1.0140530665715535
Metrics:
  kitti_dice: 0.7149252692858378
  kitti_jaccard_macro: 0.24997767806053162
  kitti_jaccard_micro: 0.5713699658711752

2024-06-24 13:08:49,856 - INFO - Epoch 51/120
2024-06-24 13:08:53,500 - INFO - Train Stats
Loss:
  supervised: 0.567781839105818
  total: 0.6392368972301483
  unsupervised: 0.0011432811022839611
  unsupervised_weighted: 0.07145506971412235
Metrics:
  kitti_dice: 0.8133473263846503
  kitti_jaccard_macro: 0.36653457747565377
  kitti_jaccard_micro: 0.7071080207824707

2024-06-24 13:08:53,933 - INFO - Validation Stats
Loss:
  total: 1.0093156695365906
Metrics:
  kitti_dice: 0.7122299671173096
  kitti_jaccard_macro: 0.2541010429461797
  kitti_jaccard_micro: 0.567469040552775

2024-06-24 13:08:53,933 - INFO - Epoch 52/120
2024-06-24 13:08:57,559 - INFO - Train Stats
Loss:
  supervised: 0.5184072918362088
  total: 0.580525106853909
  unsupervised: 0.0009743970585986972
  unsupervised_weighted: 0.062117812120252185
Metrics:
  kitti_dice: 0.8488449056943258
  kitti_jaccard_macro: 0.39671798215972054
  kitti_jaccard_micro: 0.752705991268158

2024-06-24 13:08:57,991 - INFO - Validation Stats
Loss:
  total: 1.0150597492853801
Metrics:
  kitti_dice: 0.695207397143046
  kitti_jaccard_macro: 0.24354336659113565
  kitti_jaccard_micro: 0.5467648108800253

2024-06-24 13:08:57,991 - INFO - Epoch 53/120
2024-06-24 13:09:01,630 - INFO - Train Stats
Loss:
  supervised: 0.5571794013182322
  total: 0.6217762364281548
  unsupervised: 0.0009937975232282446
  unsupervised_weighted: 0.06459683883521292
Metrics:
  kitti_dice: 0.8507796658409966
  kitti_jaccard_macro: 0.4138185415003035
  kitti_jaccard_micro: 0.7550598449177213

2024-06-24 13:09:02,062 - INFO - Validation Stats
Loss:
  total: 0.9913579821586609
Metrics:
  kitti_dice: 0.7146028081576029
  kitti_jaccard_macro: 0.2504621893167496
  kitti_jaccard_micro: 0.570065438747406

2024-06-24 13:09:02,062 - INFO - Epoch 54/120
2024-06-24 13:09:05,710 - INFO - Train Stats
Loss:
  supervised: 0.5485976338386536
  total: 0.6253065400653415
  unsupervised: 0.001157870257480277
  unsupervised_weighted: 0.0767089037431611
Metrics:
  kitti_dice: 0.852842218346066
  kitti_jaccard_macro: 0.39632805519633824
  kitti_jaccard_micro: 0.7572162283791436

2024-06-24 13:09:06,145 - INFO - Validation Stats
Loss:
  total: 1.0071974396705627
Metrics:
  kitti_dice: 0.7087475458780924
  kitti_jaccard_macro: 0.24505185087521872
  kitti_jaccard_micro: 0.5633244514465332

2024-06-24 13:09:06,146 - INFO - Epoch 55/120
2024-06-24 13:09:09,788 - INFO - Train Stats
Loss:
  supervised: 0.5956428613927629
  total: 0.6752799020873176
  unsupervised: 0.0011798081298669179
  unsupervised_weighted: 0.07963704897297753
Metrics:
  kitti_dice: 0.8320115605990092
  kitti_jaccard_macro: 0.3928400029738744
  kitti_jaccard_micro: 0.7325815955797831

2024-06-24 13:09:10,224 - INFO - Validation Stats
Loss:
  total: 1.0673340956370037
Metrics:
  kitti_dice: 0.6648511489232382
  kitti_jaccard_macro: 0.23225349684556326
  kitti_jaccard_micro: 0.5109096666177114

2024-06-24 13:09:10,224 - INFO - Epoch 56/120
2024-06-24 13:09:13,871 - INFO - Train Stats
Loss:
  supervised: 0.5025666322973039
  total: 0.5770096646414863
  unsupervised: 0.0010828077469745444
  unsupervised_weighted: 0.0744430339998669
Metrics:
  kitti_dice: 0.8654137982262505
  kitti_jaccard_macro: 0.4254333409998152
  kitti_jaccard_micro: 0.7769728038046095

2024-06-24 13:09:14,307 - INFO - Validation Stats
Loss:
  total: 0.9521533250808716
Metrics:
  kitti_dice: 0.7192578514417013
  kitti_jaccard_macro: 0.25279172758261365
  kitti_jaccard_micro: 0.5756140748659769

2024-06-24 13:09:14,307 - INFO - Epoch 57/120
2024-06-24 13:09:17,927 - INFO - Train Stats
Loss:
  supervised: 0.6315308974848853
  total: 0.7375795112715827
  unsupervised: 0.0015149802073008483
  unsupervised_weighted: 0.10604861461453968
Metrics:
  kitti_dice: 0.7913779020309448
  kitti_jaccard_macro: 0.3408370018005371
  kitti_jaccard_micro: 0.6795723040898641

2024-06-24 13:09:18,363 - INFO - Validation Stats
Loss:
  total: 0.9875198801358541
Metrics:
  kitti_dice: 0.7116660277048746
  kitti_jaccard_macro: 0.2553902715444565
  kitti_jaccard_micro: 0.5669223070144653

2024-06-24 13:09:18,363 - INFO - Epoch 58/120
2024-06-24 13:09:22,033 - INFO - Train Stats
Loss:
  supervised: 0.6297109590636359
  total: 0.7222466501924727
  unsupervised: 0.0012987465791714687
  unsupervised_weighted: 0.09253569319844246
Metrics:
  kitti_dice: 0.826225757598877
  kitti_jaccard_macro: 0.36697397629419964
  kitti_jaccard_micro: 0.7184959981176589

2024-06-24 13:09:22,470 - INFO - Validation Stats
Loss:
  total: 1.0356638431549072
Metrics:
  kitti_dice: 0.6903542081514994
  kitti_jaccard_macro: 0.24697273472944895
  kitti_jaccard_micro: 0.5409773786862692

2024-06-24 13:09:22,470 - INFO - Epoch 59/120
2024-06-24 13:09:26,155 - INFO - Train Stats
Loss:
  supervised: 0.5352433820565542
  total: 0.6152536769707998
  unsupervised: 0.001103590255499714
  unsupervised_weighted: 0.08001029325856103
Metrics:
  kitti_dice: 0.8659572270181444
  kitti_jaccard_macro: 0.44759732484817505
  kitti_jaccard_micro: 0.7771917912695143

2024-06-24 13:09:26,589 - INFO - Validation Stats
Loss:
  total: 1.0228416323661804
Metrics:
  kitti_dice: 0.6946872075398763
  kitti_jaccard_macro: 0.24376637736956278
  kitti_jaccard_micro: 0.5459442536036173

2024-06-24 13:09:26,589 - INFO - Epoch 60/120
2024-06-24 13:09:30,254 - INFO - Train Stats
Loss:
  supervised: 0.4712405237886641
  total: 0.5415771007537842
  unsupervised: 0.000953716316467358
  unsupervised_weighted: 0.07033657903472583
Metrics:
  kitti_dice: 0.8711667855580648
  kitti_jaccard_macro: 0.43239472972022164
  kitti_jaccard_micro: 0.7845397061771817

2024-06-24 13:09:30,689 - INFO - Validation Stats
Loss:
  total: 1.0309391816457112
Metrics:
  kitti_dice: 0.6911721229553223
  kitti_jaccard_macro: 0.24610345562299094
  kitti_jaccard_micro: 0.5416331092516581

2024-06-24 13:09:30,802 - INFO - Epoch 61/120
2024-06-24 13:09:34,460 - INFO - Train Stats
Loss:
  supervised: 0.5383642945024703
  total: 0.6269877784781985
  unsupervised: 0.0011816465153565838
  unsupervised_weighted: 0.0886234881149398
Metrics:
  kitti_dice: 0.8568555778927274
  kitti_jaccard_macro: 0.4223461449146271
  kitti_jaccard_micro: 0.7642933064036899

2024-06-24 13:09:34,886 - INFO - Validation Stats
Loss:
  total: 1.0197960138320923
Metrics:
  kitti_dice: 0.6954014301300049
  kitti_jaccard_macro: 0.2489143361647924
  kitti_jaccard_micro: 0.547134538491567

2024-06-24 13:09:34,886 - INFO - Epoch 62/120
2024-06-24 13:09:38,542 - INFO - Train Stats
Loss:
  supervised: 0.5516566899087694
  total: 0.6496281259589725
  unsupervised: 0.0013062858423735532
  unsupervised_weighted: 0.09797143936157227
Metrics:
  kitti_dice: 0.8449461460113525
  kitti_jaccard_macro: 0.41637731591860455
  kitti_jaccard_micro: 0.7500733203358121

2024-06-24 13:09:38,977 - INFO - Validation Stats
Loss:
  total: 0.9782898624738058
Metrics:
  kitti_dice: 0.7146730621655782
  kitti_jaccard_macro: 0.25494277477264404
  kitti_jaccard_micro: 0.5709574619928995

2024-06-24 13:09:38,978 - INFO - Epoch 63/120
2024-06-24 13:09:42,631 - INFO - Train Stats
Loss:
  supervised: 0.5049942334493002
  total: 0.5910498400529226
  unsupervised: 0.001147408083650387
  unsupervised_weighted: 0.08605560618970129
Metrics:
  kitti_dice: 0.8575115005175272
  kitti_jaccard_macro: 0.41247618529531693
  kitti_jaccard_micro: 0.7641303009457059

2024-06-24 13:09:43,064 - INFO - Validation Stats
Loss:
  total: 1.0417191584904988
Metrics:
  kitti_dice: 0.6757463018099467
  kitti_jaccard_macro: 0.2403876632452011
  kitti_jaccard_micro: 0.5233263671398163

2024-06-24 13:09:43,064 - INFO - Epoch 64/120
2024-06-24 13:09:46,720 - INFO - Train Stats
Loss:
  supervised: 0.5059197545051575
  total: 0.5865790181689792
  unsupervised: 0.0010754567014777826
  unsupervised_weighted: 0.080659252901872
Metrics:
  kitti_dice: 0.869795925087399
  kitti_jaccard_macro: 0.4451484713289473
  kitti_jaccard_micro: 0.782811807261573

2024-06-24 13:09:47,152 - INFO - Validation Stats
Loss:
  total: 1.0091994206110637
Metrics:
  kitti_dice: 0.7198044856389364
  kitti_jaccard_macro: 0.24703403313954672
  kitti_jaccard_micro: 0.5771616697311401

2024-06-24 13:09:47,152 - INFO - Epoch 65/120
2024-06-24 13:09:50,815 - INFO - Train Stats
Loss:
  supervised: 0.5470442308319939
  total: 0.6528436607784696
  unsupervised: 0.0014106589369475842
  unsupervised_weighted: 0.10579942084021038
Metrics:
  kitti_dice: 0.8331037428643968
  kitti_jaccard_macro: 0.3881705353657405
  kitti_jaccard_micro: 0.7301344672838846

2024-06-24 13:09:51,254 - INFO - Validation Stats
Loss:
  total: 0.995091716448466
Metrics:
  kitti_dice: 0.7204736471176147
  kitti_jaccard_macro: 0.2517780264218648
  kitti_jaccard_micro: 0.5769495765368143

2024-06-24 13:09:51,254 - INFO - Epoch 66/120
2024-06-24 13:09:54,916 - INFO - Train Stats
Loss:
  supervised: 0.48469770948092145
  total: 0.5653839343123965
  unsupervised: 0.0010758163666145669
  unsupervised_weighted: 0.08068622855676545
Metrics:
  kitti_dice: 0.8740236428048875
  kitti_jaccard_macro: 0.4385031892193688
  kitti_jaccard_micro: 0.7880886793136597

2024-06-24 13:09:55,343 - INFO - Validation Stats
Loss:
  total: 1.0272244215011597
Metrics:
  kitti_dice: 0.7010754744211832
  kitti_jaccard_macro: 0.2404852012793223
  kitti_jaccard_micro: 0.55442347129186

2024-06-24 13:09:55,343 - INFO - Epoch 67/120
2024-06-24 13:09:59,041 - INFO - Train Stats
Loss:
  supervised: 0.4896325899495019
  total: 0.5767143501175774
  unsupervised: 0.0011610901047889558
  unsupervised_weighted: 0.08708175768454869
Metrics:
  kitti_dice: 0.8723406791687012
  kitti_jaccard_macro: 0.44701240128941006
  kitti_jaccard_micro: 0.7885178460015191

2024-06-24 13:09:59,477 - INFO - Validation Stats
Loss:
  total: 1.0189479390780132
Metrics:
  kitti_dice: 0.7054673234621683
  kitti_jaccard_macro: 0.23883097370465597
  kitti_jaccard_micro: 0.5598324537277222

2024-06-24 13:09:59,477 - INFO - Epoch 68/120
2024-06-24 13:10:03,133 - INFO - Train Stats
Loss:
  supervised: 0.5805341667599149
  total: 0.6726192037264506
  unsupervised: 0.0012278005597181618
  unsupervised_weighted: 0.09208504193358952
Metrics:
  kitti_dice: 0.8465022908316718
  kitti_jaccard_macro: 0.39407460225952995
  kitti_jaccard_micro: 0.7520774139298333

2024-06-24 13:10:03,571 - INFO - Validation Stats
Loss:
  total: 1.0737484097480774
Metrics:
  kitti_dice: 0.6819563508033752
  kitti_jaccard_macro: 0.23316925267378488
  kitti_jaccard_micro: 0.5305959781010946

2024-06-24 13:10:03,571 - INFO - Epoch 69/120
2024-06-24 13:10:07,255 - INFO - Train Stats
Loss:
  supervised: 0.5943899187776778
  total: 0.6878561410639021
  unsupervised: 0.0012462162412703037
  unsupervised_weighted: 0.09346621814701292
Metrics:
  kitti_dice: 0.8168348405096266
  kitti_jaccard_macro: 0.382006651825375
  kitti_jaccard_micro: 0.7153496146202087

2024-06-24 13:10:07,694 - INFO - Validation Stats
Loss:
  total: 1.0828503966331482
Metrics:
  kitti_dice: 0.6738307078679403
  kitti_jaccard_macro: 0.23106804490089417
  kitti_jaccard_micro: 0.5212750633557638

2024-06-24 13:10:07,694 - INFO - Epoch 70/120
2024-06-24 13:10:11,389 - INFO - Train Stats
Loss:
  supervised: 0.5129098428620232
  total: 0.6013669139809079
  unsupervised: 0.0011794275681798656
  unsupervised_weighted: 0.08845706780751546
Metrics:
  kitti_dice: 0.8553115791744657
  kitti_jaccard_macro: 0.4131554166475932
  kitti_jaccard_micro: 0.7650800678465102

2024-06-24 13:10:11,826 - INFO - Validation Stats
Loss:
  total: 1.0224319696426392
Metrics:
  kitti_dice: 0.6982709765434265
  kitti_jaccard_macro: 0.24209078152974448
  kitti_jaccard_micro: 0.550468901793162

2024-06-24 13:10:11,943 - INFO - Epoch 71/120
2024-06-24 13:10:15,639 - INFO - Train Stats
Loss:
  supervised: 0.5209185282389323
  total: 0.6143491996659173
  unsupervised: 0.0012457423662352893
  unsupervised_weighted: 0.09343067598011759
Metrics:
  kitti_dice: 0.8592227631145053
  kitti_jaccard_macro: 0.41499799821111893
  kitti_jaccard_micro: 0.7684790227148268

2024-06-24 13:10:16,073 - INFO - Validation Stats
Loss:
  total: 1.0394951701164246
Metrics:
  kitti_dice: 0.7053544521331787
  kitti_jaccard_macro: 0.24488777915636697
  kitti_jaccard_micro: 0.5588720639546713

2024-06-24 13:10:16,073 - INFO - Epoch 72/120
2024-06-24 13:10:19,770 - INFO - Train Stats
Loss:
  supervised: 0.5741953386200799
  total: 0.6780866649415758
  unsupervised: 0.0013852177006709906
  unsupervised_weighted: 0.10389132797718048
Metrics:
  kitti_dice: 0.8440867728657193
  kitti_jaccard_macro: 0.4065653615527683
  kitti_jaccard_micro: 0.7506440215640597

2024-06-24 13:10:20,206 - INFO - Validation Stats
Loss:
  total: 1.024548053741455
Metrics:
  kitti_dice: 0.707315186659495
  kitti_jaccard_macro: 0.23807656268278757
  kitti_jaccard_micro: 0.5622269511222839

2024-06-24 13:10:20,206 - INFO - Epoch 73/120
2024-06-24 13:10:23,899 - INFO - Train Stats
Loss:
  supervised: 0.5196534213092592
  total: 0.6006461249457465
  unsupervised: 0.0010799027901763718
  unsupervised_weighted: 0.08099271025922564
Metrics:
  kitti_dice: 0.8571432696448432
  kitti_jaccard_macro: 0.42070606019761825
  kitti_jaccard_micro: 0.764175812403361

2024-06-24 13:10:24,331 - INFO - Validation Stats
Loss:
  total: 1.0510080854098003
Metrics:
  kitti_dice: 0.6996628244717916
  kitti_jaccard_macro: 0.24323679506778717
  kitti_jaccard_micro: 0.5522295037905375

2024-06-24 13:10:24,331 - INFO - Epoch 74/120
2024-06-24 13:10:28,028 - INFO - Train Stats
Loss:
  supervised: 0.4923900134033627
  total: 0.5686386823654175
  unsupervised: 0.0010166489713204403
  unsupervised_weighted: 0.07624867185950279
Metrics:
  kitti_dice: 0.8684179849094815
  kitti_jaccard_macro: 0.4577907886770036
  kitti_jaccard_micro: 0.7790922654999627

2024-06-24 13:10:28,464 - INFO - Validation Stats
Loss:
  total: 1.0329695741335552
Metrics:
  kitti_dice: 0.6987436215082804
  kitti_jaccard_macro: 0.24146675070126852
  kitti_jaccard_micro: 0.5512245893478394

2024-06-24 13:10:28,464 - INFO - Epoch 75/120
2024-06-24 13:10:32,136 - INFO - Train Stats
Loss:
  supervised: 0.5625040597385831
  total: 0.6583829753928714
  unsupervised: 0.0012783855199813843
  unsupervised_weighted: 0.09587891317076153
Metrics:
  kitti_dice: 0.8318283624119229
  kitti_jaccard_macro: 0.40299930506282383
  kitti_jaccard_micro: 0.7338829967710707

2024-06-24 13:10:32,567 - INFO - Validation Stats
Loss:
  total: 1.026103436946869
Metrics:
  kitti_dice: 0.6994982163111368
  kitti_jaccard_macro: 0.24081976215044656
  kitti_jaccard_micro: 0.5519487460454305

2024-06-24 13:10:32,568 - INFO - Epoch 76/120
2024-06-24 13:10:36,273 - INFO - Train Stats
Loss:
  supervised: 0.536388615767161
  total: 0.6209357745117612
  unsupervised: 0.0011272955582373673
  unsupervised_weighted: 0.08454716743694411
Metrics:
  kitti_dice: 0.8328340583377414
  kitti_jaccard_macro: 0.4119188023938073
  kitti_jaccard_micro: 0.7313719656732347

2024-06-24 13:10:36,707 - INFO - Validation Stats
Loss:
  total: 1.0409810940424602
Metrics:
  kitti_dice: 0.6997145215670267
  kitti_jaccard_macro: 0.24362173676490784
  kitti_jaccard_micro: 0.5521798531214396

2024-06-24 13:10:36,707 - INFO - Epoch 77/120
2024-06-24 13:10:40,406 - INFO - Train Stats
Loss:
  supervised: 0.48778147829903495
  total: 0.572324686580234
  unsupervised: 0.0011272427056812579
  unsupervised_weighted: 0.08454320290022427
Metrics:
  kitti_dice: 0.8588547309239706
  kitti_jaccard_macro: 0.4347342782550388
  kitti_jaccard_micro: 0.7678458425733778

2024-06-24 13:10:40,838 - INFO - Validation Stats
Loss:
  total: 1.0655516187349956
Metrics:
  kitti_dice: 0.6858589053153992
  kitti_jaccard_macro: 0.24120395382245383
  kitti_jaccard_micro: 0.5349613626797994

2024-06-24 13:10:40,839 - INFO - Epoch 78/120
2024-06-24 13:10:44,526 - INFO - Train Stats
Loss:
  supervised: 0.5202768478128645
  total: 0.6018101274967194
  unsupervised: 0.0010871103214513925
  unsupervised_weighted: 0.08153327388895883
Metrics:
  kitti_dice: 0.877272453573015
  kitti_jaccard_macro: 0.4380245804786682
  kitti_jaccard_micro: 0.7923555440372891

2024-06-24 13:10:44,962 - INFO - Validation Stats
Loss:
  total: 1.07007763783137
Metrics:
  kitti_dice: 0.6824978788693746
  kitti_jaccard_macro: 0.2358759194612503
  kitti_jaccard_micro: 0.5312348008155823

2024-06-24 13:10:44,962 - INFO - Epoch 79/120
2024-06-24 13:10:48,648 - INFO - Train Stats
Loss:
  supervised: 0.5416678024662865
  total: 0.6326767139964633
  unsupervised: 0.0012134522419526344
  unsupervised_weighted: 0.09100891732507282
Metrics:
  kitti_dice: 0.8512006733152602
  kitti_jaccard_macro: 0.4176887257231606
  kitti_jaccard_micro: 0.7588826947742038

2024-06-24 13:10:49,083 - INFO - Validation Stats
Loss:
  total: 1.015612244606018
Metrics:
  kitti_dice: 0.7042674819628397
  kitti_jaccard_macro: 0.24727708597977957
  kitti_jaccard_micro: 0.5575635035832723

2024-06-24 13:10:49,083 - INFO - Epoch 80/120
2024-06-24 13:10:52,781 - INFO - Train Stats
Loss:
  supervised: 0.5160354293055005
  total: 0.5908210012647841
  unsupervised: 0.0009971409001284176
  unsupervised_weighted: 0.07478556782007217
Metrics:
  kitti_dice: 0.8771219253540039
  kitti_jaccard_macro: 0.45058013995488483
  kitti_jaccard_micro: 0.7927455902099609

2024-06-24 13:10:53,223 - INFO - Validation Stats
Loss:
  total: 1.0287465453147888
Metrics:
  kitti_dice: 0.6973418196042379
  kitti_jaccard_macro: 0.2443592349688212
  kitti_jaccard_micro: 0.5488807161649069

2024-06-24 13:10:53,337 - INFO - Epoch 81/120
2024-06-24 13:10:57,047 - INFO - Train Stats
Loss:
  supervised: 0.49821506275071037
  total: 0.5776764750480652
  unsupervised: 0.0010594855670610236
  unsupervised_weighted: 0.0794614168504874
Metrics:
  kitti_dice: 0.8687968254089355
  kitti_jaccard_macro: 0.42316652006573147
  kitti_jaccard_micro: 0.7820749084154764

2024-06-24 13:10:57,479 - INFO - Validation Stats
Loss:
  total: 1.011789878209432
Metrics:
  kitti_dice: 0.7025204499562582
  kitti_jaccard_macro: 0.2446227123339971
  kitti_jaccard_micro: 0.5553434491157532

2024-06-24 13:10:57,479 - INFO - Epoch 82/120
2024-06-24 13:11:01,169 - INFO - Train Stats
Loss:
  supervised: 0.49551769428782994
  total: 0.579544163412518
  unsupervised: 0.0011203530399749677
  unsupervised_weighted: 0.08402647740311092
Metrics:
  kitti_dice: 0.8695943752924601
  kitti_jaccard_macro: 0.4380173749393887
  kitti_jaccard_micro: 0.7833491166432699

2024-06-24 13:11:01,600 - INFO - Validation Stats
Loss:
  total: 0.9974644184112549
Metrics:
  kitti_dice: 0.7098838289578756
  kitti_jaccard_macro: 0.24836295346419016
  kitti_jaccard_micro: 0.5647059679031372

2024-06-24 13:11:01,600 - INFO - Epoch 83/120
2024-06-24 13:11:05,293 - INFO - Train Stats
Loss:
  supervised: 0.4806717137495677
  total: 0.5636160175005595
  unsupervised: 0.0011059239946512713
  unsupervised_weighted: 0.08294429961178038
Metrics:
  kitti_dice: 0.8600442740652297
  kitti_jaccard_macro: 0.4199708203474681
  kitti_jaccard_micro: 0.7702509959538778

2024-06-24 13:11:05,722 - INFO - Validation Stats
Loss:
  total: 1.043267031510671
Metrics:
  kitti_dice: 0.6892940004666647
  kitti_jaccard_macro: 0.244357759753863
  kitti_jaccard_micro: 0.5394007960955302

2024-06-24 13:11:05,722 - INFO - Epoch 84/120
2024-06-24 13:11:09,422 - INFO - Train Stats
Loss:
  supervised: 0.5688777267932892
  total: 0.6643021835221185
  unsupervised: 0.0012723261218828459
  unsupervised_weighted: 0.09542446004019843
Metrics:
  kitti_dice: 0.8513486650254991
  kitti_jaccard_macro: 0.4090230729844835
  kitti_jaccard_micro: 0.7563467224438986

2024-06-24 13:11:09,855 - INFO - Validation Stats
Loss:
  total: 1.0171702702840169
Metrics:
  kitti_dice: 0.6997999946276346
  kitti_jaccard_macro: 0.24306041995684305
  kitti_jaccard_micro: 0.5522782206535339

2024-06-24 13:11:09,855 - INFO - Epoch 85/120
2024-06-24 13:11:13,546 - INFO - Train Stats
Loss:
  supervised: 0.5444211810827255
  total: 0.633066432343589
  unsupervised: 0.0011819367128838268
  unsupervised_weighted: 0.08864525374439028
Metrics:
  kitti_dice: 0.8477038012610542
  kitti_jaccard_macro: 0.4321012761857774
  kitti_jaccard_micro: 0.7522185312377082

2024-06-24 13:11:13,979 - INFO - Validation Stats
Loss:
  total: 1.0136552254358928
Metrics:
  kitti_dice: 0.7028715411822001
  kitti_jaccard_macro: 0.2478537162144979
  kitti_jaccard_micro: 0.5567720135052999

2024-06-24 13:11:13,979 - INFO - Epoch 86/120
2024-06-24 13:11:17,692 - INFO - Train Stats
Loss:
  supervised: 0.49639763434727985
  total: 0.5887105696731143
  unsupervised: 0.0012308390513579878
  unsupervised_weighted: 0.09231292911701733
Metrics:
  kitti_dice: 0.863479044702318
  kitti_jaccard_macro: 0.4447614252567291
  kitti_jaccard_micro: 0.773795571592119

2024-06-24 13:11:18,124 - INFO - Validation Stats
Loss:
  total: 1.029923180739085
Metrics:
  kitti_dice: 0.6905447045962015
  kitti_jaccard_macro: 0.2414368192354838
  kitti_jaccard_micro: 0.5413698156674703

2024-06-24 13:11:18,124 - INFO - Epoch 87/120
2024-06-24 13:11:21,818 - INFO - Train Stats
Loss:
  supervised: 0.5122249722480774
  total: 0.6016758614116244
  unsupervised: 0.0011926785939269597
  unsupervised_weighted: 0.08945089413060082
Metrics:
  kitti_dice: 0.8452091349495782
  kitti_jaccard_macro: 0.41431472036573624
  kitti_jaccard_micro: 0.7496431337462531

2024-06-24 13:11:22,251 - INFO - Validation Stats
Loss:
  total: 1.0354953408241272
Metrics:
  kitti_dice: 0.6968209544817606
  kitti_jaccard_macro: 0.24213063220183054
  kitti_jaccard_micro: 0.5487099488576254

2024-06-24 13:11:22,251 - INFO - Epoch 88/120
2024-06-24 13:11:25,932 - INFO - Train Stats
Loss:
  supervised: 0.5370441012912326
  total: 0.6216311057408651
  unsupervised: 0.0011278267742858992
  unsupervised_weighted: 0.08458700734708044
Metrics:
  kitti_dice: 0.851655920346578
  kitti_jaccard_macro: 0.4112142125765483
  kitti_jaccard_micro: 0.7567920684814453

2024-06-24 13:11:26,369 - INFO - Validation Stats
Loss:
  total: 1.0694126685460408
Metrics:
  kitti_dice: 0.6907049020131429
  kitti_jaccard_macro: 0.23852919042110443
  kitti_jaccard_micro: 0.5415346026420593

2024-06-24 13:11:26,369 - INFO - Epoch 89/120
2024-06-24 13:11:30,083 - INFO - Train Stats
Loss:
  supervised: 0.45326826638645595
  total: 0.5221333106358846
  unsupervised: 0.0009182006081876656
  unsupervised_weighted: 0.06886504549119207
Metrics:
  kitti_dice: 0.8754381934801737
  kitti_jaccard_macro: 0.44470279415448505
  kitti_jaccard_micro: 0.7913752065764533

2024-06-24 13:11:30,518 - INFO - Validation Stats
Loss:
  total: 1.0826404094696045
Metrics:
  kitti_dice: 0.6787131826082865
  kitti_jaccard_macro: 0.23560144503911337
  kitti_jaccard_micro: 0.5273689031600952

2024-06-24 13:11:30,518 - INFO - Epoch 90/120
2024-06-24 13:11:34,198 - INFO - Train Stats
Loss:
  supervised: 0.5142345693376329
  total: 0.6023337178760104
  unsupervised: 0.0011746553290221426
  unsupervised_weighted: 0.08809914978014098
Metrics:
  kitti_dice: 0.8594890104399787
  kitti_jaccard_macro: 0.4181751443280114
  kitti_jaccard_micro: 0.7696034775839912

2024-06-24 13:11:34,631 - INFO - Validation Stats
Loss:
  total: 1.0213694175084431
Metrics:
  kitti_dice: 0.6971471905708313
  kitti_jaccard_macro: 0.24348597725232443
  kitti_jaccard_micro: 0.5496610403060913

2024-06-24 13:11:34,824 - INFO - Epoch 91/120
2024-06-24 13:11:38,531 - INFO - Train Stats
Loss:
  supervised: 0.5213246676656935
  total: 0.5929148263401456
  unsupervised: 0.0009545353823341429
  unsupervised_weighted: 0.07159015412131946
Metrics:
  kitti_dice: 0.8549564878145853
  kitti_jaccard_macro: 0.4248607125547197
  kitti_jaccard_micro: 0.7633107503255209

2024-06-24 13:11:38,964 - INFO - Validation Stats
Loss:
  total: 1.056300441424052
Metrics:
  kitti_dice: 0.6819683710734049
  kitti_jaccard_macro: 0.2414847562710444
  kitti_jaccard_micro: 0.5302172104517618

2024-06-24 13:11:38,964 - INFO - Epoch 92/120
2024-06-24 13:11:42,691 - INFO - Train Stats
Loss:
  supervised: 0.48169854945606655
  total: 0.5674979190031687
  unsupervised: 0.0011439916432007318
  unsupervised_weighted: 0.08579937368631363
Metrics:
  kitti_dice: 0.8804457916153802
  kitti_jaccard_macro: 0.4603602323267195
  kitti_jaccard_micro: 0.7990085946189033

2024-06-24 13:11:43,123 - INFO - Validation Stats
Loss:
  total: 1.0762420097986858
Metrics:
  kitti_dice: 0.6822286248207092
  kitti_jaccard_macro: 0.23601953188578287
  kitti_jaccard_micro: 0.5303611358006796

2024-06-24 13:11:43,123 - INFO - Epoch 93/120
2024-06-24 13:11:46,828 - INFO - Train Stats
Loss:
  supervised: 0.4806763364209069
  total: 0.5526448885599772
  unsupervised: 0.0009595807318368719
  unsupervised_weighted: 0.07196855420867602
Metrics:
  kitti_dice: 0.863738026883867
  kitti_jaccard_macro: 0.44247888525327045
  kitti_jaccard_micro: 0.7764356864823235

2024-06-24 13:11:47,263 - INFO - Validation Stats
Loss:
  total: 1.0694363713264465
Metrics:
  kitti_dice: 0.6810007890065511
  kitti_jaccard_macro: 0.2394432326157888
  kitti_jaccard_micro: 0.5298104286193848

2024-06-24 13:11:47,263 - INFO - Epoch 94/120
2024-06-24 13:11:50,944 - INFO - Train Stats
Loss:
  supervised: 0.4947298996978336
  total: 0.5720064043998718
  unsupervised: 0.0010303533442008
  unsupervised_weighted: 0.07727650014890565
Metrics:
  kitti_dice: 0.8613505098554823
  kitti_jaccard_macro: 0.4311245381832123
  kitti_jaccard_micro: 0.7717709872457716

2024-06-24 13:11:51,378 - INFO - Validation Stats
Loss:
  total: 1.0319398244222004
Metrics:
  kitti_dice: 0.6946717500686646
  kitti_jaccard_macro: 0.2406233698129654
  kitti_jaccard_micro: 0.5459662477175394

2024-06-24 13:11:51,378 - INFO - Epoch 95/120
2024-06-24 13:11:55,086 - INFO - Train Stats
Loss:
  supervised: 0.5746405091550615
  total: 0.6640430556403266
  unsupervised: 0.0011920338470695748
  unsupervised_weighted: 0.08940253779292107
Metrics:
  kitti_dice: 0.8334180116653442
  kitti_jaccard_macro: 0.4141855074299706
  kitti_jaccard_micro: 0.7354341546694437

2024-06-24 13:11:55,518 - INFO - Validation Stats
Loss:
  total: 1.0700309872627258
Metrics:
  kitti_dice: 0.6772173047065735
  kitti_jaccard_macro: 0.2374120056629181
  kitti_jaccard_micro: 0.5256283481915792

2024-06-24 13:11:55,518 - INFO - Epoch 96/120
2024-06-24 13:11:59,204 - INFO - Train Stats
Loss:
  supervised: 0.5200257334444258
  total: 0.6101945903566148
  unsupervised: 0.0012022514387758242
  unsupervised_weighted: 0.0901688581539525
Metrics:
  kitti_dice: 0.8627263175116645
  kitti_jaccard_macro: 0.4422951175106896
  kitti_jaccard_micro: 0.7761186758677164

2024-06-24 13:11:59,638 - INFO - Validation Stats
Loss:
  total: 1.0849660634994507
Metrics:
  kitti_dice: 0.6772562464078268
  kitti_jaccard_macro: 0.23556620875994363
  kitti_jaccard_micro: 0.5254970987637838

2024-06-24 13:11:59,639 - INFO - Epoch 97/120
2024-06-24 13:12:03,312 - INFO - Train Stats
Loss:
  supervised: 0.4671245714028676
  total: 0.5397725204626719
  unsupervised: 0.0009686393314041197
  unsupervised_weighted: 0.07264794947372542
Metrics:
  kitti_dice: 0.8750772741105821
  kitti_jaccard_macro: 0.44696318440967137
  kitti_jaccard_micro: 0.7915172908041213

2024-06-24 13:12:03,750 - INFO - Validation Stats
Loss:
  total: 1.0094094077746074
Metrics:
  kitti_dice: 0.7000368038813273
  kitti_jaccard_macro: 0.24612407883008322
  kitti_jaccard_micro: 0.5529503027598063

2024-06-24 13:12:03,750 - INFO - Epoch 98/120
2024-06-24 13:12:07,451 - INFO - Train Stats
Loss:
  supervised: 0.5157127645280626
  total: 0.6042764948474036
  unsupervised: 0.0011808497106863393
  unsupervised_weighted: 0.08856372783581416
Metrics:
  kitti_dice: 0.8482107917467753
  kitti_jaccard_macro: 0.4216442339950138
  kitti_jaccard_micro: 0.7557239135106405

2024-06-24 13:12:07,887 - INFO - Validation Stats
Loss:
  total: 1.0376085837682087
Metrics:
  kitti_dice: 0.6911090215047201
  kitti_jaccard_macro: 0.24280101557572684
  kitti_jaccard_micro: 0.5412934025128683

2024-06-24 13:12:07,888 - INFO - Epoch 99/120
2024-06-24 13:12:11,572 - INFO - Train Stats
Loss:
  supervised: 0.5168850289450752
  total: 0.6091935104793973
  unsupervised: 0.0012307795954661237
  unsupervised_weighted: 0.09230847077237235
Metrics:
  kitti_dice: 0.82005774974823
  kitti_jaccard_macro: 0.3842829962571462
  kitti_jaccard_micro: 0.7288390364911821

2024-06-24 13:12:12,008 - INFO - Validation Stats
Loss:
  total: 1.0591833591461182
Metrics:
  kitti_dice: 0.6833605567614237
  kitti_jaccard_macro: 0.2402749756971995
  kitti_jaccard_micro: 0.5325874090194702

2024-06-24 13:12:12,008 - INFO - Epoch 100/120
2024-06-24 13:12:15,717 - INFO - Train Stats
Loss:
  supervised: 0.42485820584827
  total: 0.5006303687890371
  unsupervised: 0.0010102955663266282
  unsupervised_weighted: 0.07577216832174195
Metrics:
  kitti_dice: 0.8912347952524821
  kitti_jaccard_macro: 0.47052643696467084
  kitti_jaccard_micro: 0.8163682818412781

2024-06-24 13:12:16,159 - INFO - Validation Stats
Loss:
  total: 1.0614295999209087
Metrics:
  kitti_dice: 0.6835679809252421
  kitti_jaccard_macro: 0.23871134221553802
  kitti_jaccard_micro: 0.5324752926826477

2024-06-24 13:12:16,267 - INFO - Epoch 101/120
2024-06-24 13:12:20,011 - INFO - Train Stats
Loss:
  supervised: 0.550975157154931
  total: 0.653774811161889
  unsupervised: 0.001370662247710344
  unsupervised_weighted: 0.10279966808027691
Metrics:
  kitti_dice: 0.8520490990744697
  kitti_jaccard_macro: 0.4063349962234497
  kitti_jaccard_micro: 0.7593930761019388

2024-06-24 13:12:20,446 - INFO - Validation Stats
Loss:
  total: 1.07233065366745
Metrics:
  kitti_dice: 0.6873732407887777
  kitti_jaccard_macro: 0.23943816125392914
  kitti_jaccard_micro: 0.5376732349395752

2024-06-24 13:12:20,446 - INFO - Epoch 102/120
2024-06-24 13:12:24,151 - INFO - Train Stats
Loss:
  supervised: 0.5678253372510275
  total: 0.651909715599484
  unsupervised: 0.0011211248994287518
  unsupervised_weighted: 0.08408436800042789
Metrics:
  kitti_dice: 0.8642306592729356
  kitti_jaccard_macro: 0.43130547139379716
  kitti_jaccard_micro: 0.7778071893586053

2024-06-24 13:12:24,587 - INFO - Validation Stats
Loss:
  total: 1.0618765950202942
Metrics:
  kitti_dice: 0.6857786178588867
  kitti_jaccard_macro: 0.2381889522075653
  kitti_jaccard_micro: 0.535609245300293

2024-06-24 13:12:24,587 - INFO - Epoch 103/120
2024-06-24 13:12:28,293 - INFO - Train Stats
Loss:
  supervised: 0.5539546675152249
  total: 0.6523032453325059
  unsupervised: 0.0013113142922520638
  unsupervised_weighted: 0.09834857036670049
Metrics:
  kitti_dice: 0.8592123058107164
  kitti_jaccard_macro: 0.43395596742630005
  kitti_jaccard_micro: 0.7680881354543898

2024-06-24 13:12:28,729 - INFO - Validation Stats
Loss:
  total: 1.0854640205701191
Metrics:
  kitti_dice: 0.6821066737174988
  kitti_jaccard_macro: 0.23716429869333902
  kitti_jaccard_micro: 0.5307868321736654

2024-06-24 13:12:28,729 - INFO - Epoch 104/120
2024-06-24 13:12:32,447 - INFO - Train Stats
Loss:
  supervised: 0.5698388351334466
  total: 0.667641195986006
  unsupervised: 0.0013040315049389999
  unsupervised_weighted: 0.09780236292216513
Metrics:
  kitti_dice: 0.8220585518413119
  kitti_jaccard_macro: 0.3658222754796346
  kitti_jaccard_micro: 0.7163105209668478

2024-06-24 13:12:32,884 - INFO - Validation Stats
Loss:
  total: 1.0895336866378784
Metrics:
  kitti_dice: 0.6741737127304077
  kitti_jaccard_macro: 0.235351100564003
  kitti_jaccard_micro: 0.522259791692098

2024-06-24 13:12:32,884 - INFO - Epoch 105/120
2024-06-24 13:12:36,568 - INFO - Train Stats
Loss:
  supervised: 0.5380319390032027
  total: 0.6172887716028426
  unsupervised: 0.0010567577491100463
  unsupervised_weighted: 0.0792568317717976
Metrics:
  kitti_dice: 0.8400524523523119
  kitti_jaccard_macro: 0.3841424865855111
  kitti_jaccard_micro: 0.7397988306151496

2024-06-24 13:12:37,005 - INFO - Validation Stats
Loss:
  total: 1.056652267773946
Metrics:
  kitti_dice: 0.6829428871472677
  kitti_jaccard_macro: 0.24081135789553323
  kitti_jaccard_micro: 0.5318189462025961

2024-06-24 13:12:37,005 - INFO - Epoch 106/120
2024-06-24 13:12:40,698 - INFO - Train Stats
Loss:
  supervised: 0.47196657127804226
  total: 0.5589779284265306
  unsupervised: 0.0011601513381012613
  unsupervised_weighted: 0.08701134969790776
Metrics:
  kitti_dice: 0.8450393544303046
  kitti_jaccard_macro: 0.4258412602874968
  kitti_jaccard_micro: 0.7512241535716586

2024-06-24 13:12:41,133 - INFO - Validation Stats
Loss:
  total: 1.0403151909510295
Metrics:
  kitti_dice: 0.6911617716153463
  kitti_jaccard_macro: 0.24263264735539755
  kitti_jaccard_micro: 0.5412912170092264

2024-06-24 13:12:41,133 - INFO - Epoch 107/120
2024-06-24 13:12:44,836 - INFO - Train Stats
Loss:
  supervised: 0.4721902045938704
  total: 0.5522783464855618
  unsupervised: 0.0010678419170694219
  unsupervised_weighted: 0.08008814478913943
Metrics:
  kitti_dice: 0.8813488814565871
  kitti_jaccard_macro: 0.44645314746432835
  kitti_jaccard_micro: 0.8016307751337687

2024-06-24 13:12:45,268 - INFO - Validation Stats
Loss:
  total: 1.0506278077761333
Metrics:
  kitti_dice: 0.6924555699030558
  kitti_jaccard_macro: 0.23919973770777384
  kitti_jaccard_micro: 0.5431533654530843

2024-06-24 13:12:45,268 - INFO - Epoch 108/120
2024-06-24 13:12:48,972 - INFO - Train Stats
Loss:
  supervised: 0.5291954941219754
  total: 0.6087085902690887
  unsupervised: 0.0010601746358184351
  unsupervised_weighted: 0.07951309780279796
Metrics:
  kitti_dice: 0.8811097145080566
  kitti_jaccard_macro: 0.4545229375362396
  kitti_jaccard_micro: 0.8003894951608446

2024-06-24 13:12:49,404 - INFO - Validation Stats
Loss:
  total: 1.0515210628509521
Metrics:
  kitti_dice: 0.6915098031361898
  kitti_jaccard_macro: 0.23957439760367075
  kitti_jaccard_micro: 0.5421818097432455

2024-06-24 13:12:49,404 - INFO - Epoch 109/120
2024-06-24 13:12:53,111 - INFO - Train Stats
Loss:
  supervised: 0.5368978679180145
  total: 0.6304990516768562
  unsupervised: 0.0012480157893151045
  unsupervised_weighted: 0.0936011854145262
Metrics:
  kitti_dice: 0.8303942349221971
  kitti_jaccard_macro: 0.401661506957478
  kitti_jaccard_micro: 0.735645506117079

2024-06-24 13:12:53,544 - INFO - Validation Stats
Loss:
  total: 1.0490439136823018
Metrics:
  kitti_dice: 0.6917553345362345
  kitti_jaccard_macro: 0.2422660986582438
  kitti_jaccard_micro: 0.5422488451004028

2024-06-24 13:12:53,544 - INFO - Epoch 110/120
2024-06-24 13:12:57,242 - INFO - Train Stats
Loss:
  supervised: 0.49252426955435014
  total: 0.5831434230009714
  unsupervised: 0.0012082554878563518
  unsupervised_weighted: 0.0906191621389654
Metrics:
  kitti_dice: 0.8599223958121406
  kitti_jaccard_macro: 0.41945098009374404
  kitti_jaccard_micro: 0.7722272806697421

2024-06-24 13:12:57,677 - INFO - Validation Stats
Loss:
  total: 1.0382047096888225
Metrics:
  kitti_dice: 0.6973101099332174
  kitti_jaccard_macro: 0.24405638376871744
  kitti_jaccard_micro: 0.5491787791252136

2024-06-24 13:12:57,867 - INFO - Epoch 111/120
2024-06-24 13:13:01,570 - INFO - Train Stats
Loss:
  supervised: 0.5053510367870331
  total: 0.5981713798311021
  unsupervised: 0.001237604540720996
  unsupervised_weighted: 0.0928203413883845
Metrics:
  kitti_dice: 0.8661760422918532
  kitti_jaccard_macro: 0.4513519869910346
  kitti_jaccard_micro: 0.7773502800199721

2024-06-24 13:13:02,005 - INFO - Validation Stats
Loss:
  total: 1.0294276475906372
Metrics:
  kitti_dice: 0.6977926890055338
  kitti_jaccard_macro: 0.24298078815142313
  kitti_jaccard_micro: 0.549513022104899

2024-06-24 13:13:02,005 - INFO - Epoch 112/120
2024-06-24 13:13:05,702 - INFO - Train Stats
Loss:
  supervised: 0.5280235277281867
  total: 0.6179158952501085
  unsupervised: 0.0011985649665196736
  unsupervised_weighted: 0.08989237290289667
Metrics:
  kitti_dice: 0.8578790691163805
  kitti_jaccard_macro: 0.40565920538372463
  kitti_jaccard_micro: 0.766894002755483

2024-06-24 13:13:06,139 - INFO - Validation Stats
Loss:
  total: 1.0195770462354024
Metrics:
  kitti_dice: 0.6989234884579977
  kitti_jaccard_macro: 0.24738337099552155
  kitti_jaccard_micro: 0.5508395036061605

2024-06-24 13:13:06,139 - INFO - Epoch 113/120
2024-06-24 13:13:09,850 - INFO - Train Stats
Loss:
  supervised: 0.5633043878608279
  total: 0.6540237830744849
  unsupervised: 0.001209592032763693
  unsupervised_weighted: 0.09071940142247412
Metrics:
  kitti_dice: 0.8603770931561788
  kitti_jaccard_macro: 0.4129787153667874
  kitti_jaccard_micro: 0.7698595192697313

2024-06-24 13:13:10,313 - INFO - Validation Stats
Loss:
  total: 1.0446251233418782
Metrics:
  kitti_dice: 0.6919463276863098
  kitti_jaccard_macro: 0.24072069923082987
  kitti_jaccard_micro: 0.5426892638206482

2024-06-24 13:13:10,313 - INFO - Epoch 114/120
2024-06-24 13:13:14,013 - INFO - Train Stats
Loss:
  supervised: 0.5206900669468774
  total: 0.5953030155764686
  unsupervised: 0.0009948392786706488
  unsupervised_weighted: 0.07461294531822205
Metrics:
  kitti_dice: 0.8752099672953287
  kitti_jaccard_macro: 0.4611815810203552
  kitti_jaccard_micro: 0.7921660542488098

2024-06-24 13:13:14,450 - INFO - Validation Stats
Loss:
  total: 1.0476988355318706
Metrics:
  kitti_dice: 0.6963883837064108
  kitti_jaccard_macro: 0.2421074906984965
  kitti_jaccard_micro: 0.5481378038724264

2024-06-24 13:13:14,451 - INFO - Epoch 115/120
2024-06-24 13:13:18,154 - INFO - Train Stats
Loss:
  supervised: 0.4647260407606761
  total: 0.5451464619901445
  unsupervised: 0.001072272250894457
  unsupervised_weighted: 0.08042041957378387
Metrics:
  kitti_dice: 0.8717187709278531
  kitti_jaccard_macro: 0.4384180208047231
  kitti_jaccard_micro: 0.7899444964196947

2024-06-24 13:13:18,590 - INFO - Validation Stats
Loss:
  total: 1.053758482138316
Metrics:
  kitti_dice: 0.6941810051600138
  kitti_jaccard_macro: 0.24399941662947336
  kitti_jaccard_micro: 0.5449185371398926

2024-06-24 13:13:18,590 - INFO - Epoch 116/120
2024-06-24 13:13:22,301 - INFO - Train Stats
Loss:
  supervised: 0.4814935293462541
  total: 0.5567279226250119
  unsupervised: 0.0010031252038768595
  unsupervised_weighted: 0.07523438996738857
Metrics:
  kitti_dice: 0.8745270768801371
  kitti_jaccard_macro: 0.4507213599152035
  kitti_jaccard_micro: 0.7897529668278165

2024-06-24 13:13:22,733 - INFO - Validation Stats
Loss:
  total: 1.0764956871668498
Metrics:
  kitti_dice: 0.6801422834396362
  kitti_jaccard_macro: 0.23636447389920553
  kitti_jaccard_micro: 0.5286190112431844

2024-06-24 13:13:22,733 - INFO - Epoch 117/120
2024-06-24 13:13:26,466 - INFO - Train Stats
Loss:
  supervised: 0.5249863862991333
  total: 0.6115071111255221
  unsupervised: 0.0011536095860517686
  unsupervised_weighted: 0.08652071903149287
Metrics:
  kitti_dice: 0.8462136056688097
  kitti_jaccard_macro: 0.3987549576494429
  kitti_jaccard_micro: 0.7473688920338949

2024-06-24 13:13:26,904 - INFO - Validation Stats
Loss:
  total: 1.0956101218859355
Metrics:
  kitti_dice: 0.6797143618265787
  kitti_jaccard_macro: 0.23660221695899963
  kitti_jaccard_micro: 0.5277253985404968

2024-06-24 13:13:26,904 - INFO - Epoch 118/120
2024-06-24 13:13:30,584 - INFO - Train Stats
Loss:
  supervised: 0.6062303019894494
  total: 0.7044343286090426
  unsupervised: 0.001309386816703611
  unsupervised_weighted: 0.09820401089058982
Metrics:
  kitti_dice: 0.8308675487836202
  kitti_jaccard_macro: 0.38543881807062363
  kitti_jaccard_micro: 0.731723321808709

2024-06-24 13:13:31,022 - INFO - Validation Stats
Loss:
  total: 1.0803719361623128
Metrics:
  kitti_dice: 0.6773547132809957
  kitti_jaccard_macro: 0.23694750169912973
  kitti_jaccard_micro: 0.5251606702804565

2024-06-24 13:13:31,023 - INFO - Epoch 119/120
2024-06-24 13:13:34,726 - INFO - Train Stats
Loss:
  supervised: 0.5595549543698629
  total: 0.6429310441017151
  unsupervised: 0.0011116813402622938
  unsupervised_weighted: 0.08337610049380197
Metrics:
  kitti_dice: 0.8398661547236972
  kitti_jaccard_macro: 0.39361827903323704
  kitti_jaccard_micro: 0.7439074516296387

2024-06-24 13:13:35,163 - INFO - Validation Stats
Loss:
  total: 1.0680724581082661
Metrics:
  kitti_dice: 0.6779396136601766
  kitti_jaccard_macro: 0.2404403289159139
  kitti_jaccard_micro: 0.5260137518246969

2024-06-24 13:13:35,163 - INFO - Epoch 120/120
2024-06-24 13:13:38,820 - INFO - Train Stats
Loss:
  supervised: 0.6009977294339074
  total: 0.6920654343234168
  unsupervised: 0.0012142358722889589
  unsupervised_weighted: 0.09106768957442707
Metrics:
  kitti_dice: 0.878350191646152
  kitti_jaccard_macro: 0.4430988629659017
  kitti_jaccard_micro: 0.7968471381399367

2024-06-24 13:13:39,254 - INFO - Validation Stats
Loss:
  total: 1.0589887102444966
Metrics:
  kitti_dice: 0.6822677254676819
  kitti_jaccard_macro: 0.2372085154056549
  kitti_jaccard_micro: 0.5302833120028178

2024-06-24 13:13:39,745 - INFO - Best validation loss: 0.9370863835016886
2024-06-24 13:13:39,832 - INFO - Best model saved to /home/up201905337/exploring-label-efficiency/weights/mixmatch_seg_kitti_mobilenet_18l.pth
2024-06-24 13:13:39,832 - INFO - Training took 489.6497571468353 seconds to complete
