2024-06-07 11:51:58,660 - INFO - Loading configuration files...
2024-06-07 11:51:58,708 - INFO - Loading model configuration
args:
  depth: 28
  num_classes: 10
  width: 2
class: WideResNet

2024-06-07 11:52:00,691 - INFO - Loading train_dataset configuration
args:
  root: ./data/
  train_val_split: 0.9
class: UnsupervisedSVHN

2024-06-07 11:52:00,705 - INFO - Loading optimizer configuration
args:
  lr: 0.0003
class: Adam

2024-06-07 11:52:00,711 - INFO - Loading method configuration
args:
  color_jitter_strength: 0.5
  image_size: 32
  representation_size: 128
class: RotationSVHN

2024-06-07 11:52:00,719 - INFO - Loading metrics configuration
rotation_top1_accuracy:
  args:
    num_classes: 4
    task: multiclass
    top_k: 1
  class: Accuracy

2024-06-07 11:52:00,719 - INFO - Loading hyperparameters configuration
batch_size: 128
ema_decay: null
epochs: 100
max_num_samples: -1
num_workers: 4
save_freq: 30

2024-06-07 11:52:01,054 - INFO - Using device: cuda
2024-06-07 11:52:01,247 - INFO - Training for 100 epochs
2024-06-07 11:52:01,248 - INFO - Epoch 1/100
2024-06-07 11:52:32,442 - INFO - Train Stats
Loss:
  total: 1.003001619658424
Metrics:
  rotation_top1_accuracy: 0.4584306735436893

2024-06-07 11:52:32,496 - INFO - Epoch 2/100
2024-06-07 11:53:03,208 - INFO - Train Stats
Loss:
  total: 0.9394374891392235
Metrics:
  rotation_top1_accuracy: 0.4978837985436893

2024-06-07 11:53:03,265 - INFO - Epoch 3/100
2024-06-07 11:53:33,922 - INFO - Train Stats
Loss:
  total: 0.879565079814022
Metrics:
  rotation_top1_accuracy: 0.5497345266990291

2024-06-07 11:53:33,965 - INFO - Epoch 4/100
2024-06-07 11:54:04,634 - INFO - Train Stats
Loss:
  total: 0.8640697393602538
Metrics:
  rotation_top1_accuracy: 0.562450697815534

2024-06-07 11:54:04,691 - INFO - Epoch 5/100
2024-06-07 11:54:35,360 - INFO - Train Stats
Loss:
  total: 0.8156333427984738
Metrics:
  rotation_top1_accuracy: 0.5917627427184466

2024-06-07 11:54:35,401 - INFO - Epoch 6/100
2024-06-07 11:55:06,142 - INFO - Train Stats
Loss:
  total: 0.8065254126937644
Metrics:
  rotation_top1_accuracy: 0.5953731796116505

2024-06-07 11:55:06,198 - INFO - Epoch 7/100
2024-06-07 11:55:36,655 - INFO - Train Stats
Loss:
  total: 0.7858428029759417
Metrics:
  rotation_top1_accuracy: 0.6094773968446602

2024-06-07 11:55:36,699 - INFO - Epoch 8/100
2024-06-07 11:56:06,863 - INFO - Train Stats
Loss:
  total: 0.7698122879833851
Metrics:
  rotation_top1_accuracy: 0.6198118932038835

2024-06-07 11:56:06,914 - INFO - Epoch 9/100
2024-06-07 11:56:37,126 - INFO - Train Stats
Loss:
  total: 0.7673068198185523
Metrics:
  rotation_top1_accuracy: 0.6228572512135923

2024-06-07 11:56:37,168 - INFO - Epoch 10/100
2024-06-07 11:57:07,313 - INFO - Train Stats
Loss:
  total: 0.7397662240903354
Metrics:
  rotation_top1_accuracy: 0.6363812196601941

2024-06-07 11:57:07,358 - INFO - Epoch 11/100
2024-06-07 11:57:37,576 - INFO - Train Stats
Loss:
  total: 0.7316001861419492
Metrics:
  rotation_top1_accuracy: 0.6388387439320389

2024-06-07 11:57:37,619 - INFO - Epoch 12/100
2024-06-07 11:58:07,858 - INFO - Train Stats
Loss:
  total: 0.732958220567518
Metrics:
  rotation_top1_accuracy: 0.6402002427184466

2024-06-07 11:58:07,858 - INFO - Epoch 13/100
2024-06-07 11:58:38,344 - INFO - Train Stats
Loss:
  total: 0.7167361915111542
Metrics:
  rotation_top1_accuracy: 0.6489077669902913

2024-06-07 11:58:38,394 - INFO - Epoch 14/100
2024-06-07 11:59:08,808 - INFO - Train Stats
Loss:
  total: 0.7154732462850589
Metrics:
  rotation_top1_accuracy: 0.6479406856796116

2024-06-07 11:59:08,858 - INFO - Epoch 15/100
2024-06-07 11:59:39,467 - INFO - Train Stats
Loss:
  total: 0.7074673215741093
Metrics:
  rotation_top1_accuracy: 0.6542437803398058

2024-06-07 11:59:39,522 - INFO - Epoch 16/100
2024-06-07 12:00:09,909 - INFO - Train Stats
Loss:
  total: 0.7063784140984989
Metrics:
  rotation_top1_accuracy: 0.6546875

2024-06-07 12:00:09,960 - INFO - Epoch 17/100
2024-06-07 12:00:40,251 - INFO - Train Stats
Loss:
  total: 0.6934130536121073
Metrics:
  rotation_top1_accuracy: 0.6622155643203883

2024-06-07 12:00:40,299 - INFO - Epoch 18/100
2024-06-07 12:01:10,588 - INFO - Train Stats
Loss:
  total: 0.6814142925068013
Metrics:
  rotation_top1_accuracy: 0.6659777002427184

2024-06-07 12:01:10,637 - INFO - Epoch 19/100
2024-06-07 12:01:41,096 - INFO - Train Stats
Loss:
  total: 0.6881023228747173
Metrics:
  rotation_top1_accuracy: 0.6650599211165048

2024-06-07 12:01:41,097 - INFO - Epoch 20/100
2024-06-07 12:02:11,414 - INFO - Train Stats
Loss:
  total: 0.6810089566753906
Metrics:
  rotation_top1_accuracy: 0.6647110133495145

2024-06-07 12:02:11,465 - INFO - Epoch 21/100
2024-06-07 12:02:41,845 - INFO - Train Stats
Loss:
  total: 0.686361969558938
Metrics:
  rotation_top1_accuracy: 0.6641042172330097

2024-06-07 12:02:41,845 - INFO - Epoch 22/100
2024-06-07 12:03:12,454 - INFO - Train Stats
Loss:
  total: 0.6582686486174759
Metrics:
  rotation_top1_accuracy: 0.6769569174757282

2024-06-07 12:03:12,506 - INFO - Epoch 23/100
2024-06-07 12:03:42,952 - INFO - Train Stats
Loss:
  total: 0.6543695188263088
Metrics:
  rotation_top1_accuracy: 0.6815078883495146

2024-06-07 12:03:43,002 - INFO - Epoch 24/100
2024-06-07 12:04:13,482 - INFO - Train Stats
Loss:
  total: 0.6612007815861007
Metrics:
  rotation_top1_accuracy: 0.6775030339805825

2024-06-07 12:04:13,482 - INFO - Epoch 25/100
2024-06-07 12:04:44,192 - INFO - Train Stats
Loss:
  total: 0.6403301335943555
Metrics:
  rotation_top1_accuracy: 0.6884215716019417

2024-06-07 12:04:44,250 - INFO - Epoch 26/100
2024-06-07 12:05:14,848 - INFO - Train Stats
Loss:
  total: 0.6449562743161489
Metrics:
  rotation_top1_accuracy: 0.6860057645631068

2024-06-07 12:05:14,849 - INFO - Epoch 27/100
2024-06-07 12:05:45,373 - INFO - Train Stats
Loss:
  total: 0.6311699281907776
Metrics:
  rotation_top1_accuracy: 0.6920282160194174

2024-06-07 12:05:45,429 - INFO - Epoch 28/100
2024-06-07 12:06:16,004 - INFO - Train Stats
Loss:
  total: 0.6500909504959884
Metrics:
  rotation_top1_accuracy: 0.6818150788834951

2024-06-07 12:06:16,005 - INFO - Epoch 29/100
2024-06-07 12:06:46,727 - INFO - Train Stats
Loss:
  total: 0.6211075879995105
Metrics:
  rotation_top1_accuracy: 0.6994311286407767

2024-06-07 12:06:46,782 - INFO - Epoch 30/100
2024-06-07 12:07:17,265 - INFO - Train Stats
Loss:
  total: 0.6418630989720521
Metrics:
  rotation_top1_accuracy: 0.6883988167475729

2024-06-07 12:07:17,318 - INFO - Epoch 31/100
2024-06-07 12:07:47,764 - INFO - Train Stats
Loss:
  total: 0.6285766289072129
Metrics:
  rotation_top1_accuracy: 0.6931432038834952

2024-06-07 12:07:47,764 - INFO - Epoch 32/100
2024-06-07 12:08:18,465 - INFO - Train Stats
Loss:
  total: 0.6259420538122215
Metrics:
  rotation_top1_accuracy: 0.6940951152912621

2024-06-07 12:08:18,465 - INFO - Epoch 33/100
2024-06-07 12:08:49,006 - INFO - Train Stats
Loss:
  total: 0.6251529728903353
Metrics:
  rotation_top1_accuracy: 0.6950091019417476

2024-06-07 12:08:49,007 - INFO - Epoch 34/100
2024-06-07 12:09:19,449 - INFO - Train Stats
Loss:
  total: 0.604673932188923
Metrics:
  rotation_top1_accuracy: 0.7039858919902913

2024-06-07 12:09:19,490 - INFO - Epoch 35/100
2024-06-07 12:09:50,067 - INFO - Train Stats
Loss:
  total: 0.6221478639297116
Metrics:
  rotation_top1_accuracy: 0.6955665958737864

2024-06-07 12:09:50,067 - INFO - Epoch 36/100
2024-06-07 12:10:20,614 - INFO - Train Stats
Loss:
  total: 0.6019256147944811
Metrics:
  rotation_top1_accuracy: 0.707251213592233

2024-06-07 12:10:20,657 - INFO - Epoch 37/100
2024-06-07 12:10:51,160 - INFO - Train Stats
Loss:
  total: 0.612348023548867
Metrics:
  rotation_top1_accuracy: 0.7041717233009709

2024-06-07 12:10:51,161 - INFO - Epoch 38/100
2024-06-07 12:11:21,643 - INFO - Train Stats
Loss:
  total: 0.6062323952762826
Metrics:
  rotation_top1_accuracy: 0.705127427184466

2024-06-07 12:11:21,643 - INFO - Epoch 39/100
2024-06-07 12:11:52,153 - INFO - Train Stats
Loss:
  total: 0.5858275390655092
Metrics:
  rotation_top1_accuracy: 0.7147830703883495

2024-06-07 12:11:52,210 - INFO - Epoch 40/100
2024-06-07 12:12:22,700 - INFO - Train Stats
Loss:
  total: 0.6256747634954822
Metrics:
  rotation_top1_accuracy: 0.6963402609223301

2024-06-07 12:12:22,700 - INFO - Epoch 41/100
2024-06-07 12:12:53,510 - INFO - Train Stats
Loss:
  total: 0.6036421593242478
Metrics:
  rotation_top1_accuracy: 0.7078731796116505

2024-06-07 12:12:53,510 - INFO - Epoch 42/100
2024-06-07 12:13:24,273 - INFO - Train Stats
Loss:
  total: 0.5925599345593776
Metrics:
  rotation_top1_accuracy: 0.7120676577669903

2024-06-07 12:13:24,273 - INFO - Epoch 43/100
2024-06-07 12:13:54,712 - INFO - Train Stats
Loss:
  total: 0.5927293925320061
Metrics:
  rotation_top1_accuracy: 0.7122496966019417

2024-06-07 12:13:54,713 - INFO - Epoch 44/100
2024-06-07 12:14:25,256 - INFO - Train Stats
Loss:
  total: 0.5856226833555305
Metrics:
  rotation_top1_accuracy: 0.7151888652912621

2024-06-07 12:14:25,305 - INFO - Epoch 45/100
2024-06-07 12:14:56,017 - INFO - Train Stats
Loss:
  total: 0.5846180948528271
Metrics:
  rotation_top1_accuracy: 0.718067354368932

2024-06-07 12:14:56,082 - INFO - Epoch 46/100
2024-06-07 12:15:26,543 - INFO - Train Stats
Loss:
  total: 0.5820956660995206
Metrics:
  rotation_top1_accuracy: 0.7225386832524272

2024-06-07 12:15:26,585 - INFO - Epoch 47/100
2024-06-07 12:15:57,162 - INFO - Train Stats
Loss:
  total: 0.5915929081659873
Metrics:
  rotation_top1_accuracy: 0.7140283677184466

2024-06-07 12:15:57,163 - INFO - Epoch 48/100
2024-06-07 12:16:27,596 - INFO - Train Stats
Loss:
  total: 0.5838544596456787
Metrics:
  rotation_top1_accuracy: 0.7183252427184466

2024-06-07 12:16:27,596 - INFO - Epoch 49/100
2024-06-07 12:16:58,159 - INFO - Train Stats
Loss:
  total: 0.5781090689226261
Metrics:
  rotation_top1_accuracy: 0.7193833434466019

2024-06-07 12:16:58,219 - INFO - Epoch 50/100
2024-06-07 12:17:28,701 - INFO - Train Stats
Loss:
  total: 0.5776874567698507
Metrics:
  rotation_top1_accuracy: 0.7209155036407767

2024-06-07 12:17:28,744 - INFO - Epoch 51/100
2024-06-07 12:17:59,182 - INFO - Train Stats
Loss:
  total: 0.576272905133303
Metrics:
  rotation_top1_accuracy: 0.7220380764563107

2024-06-07 12:17:59,237 - INFO - Epoch 52/100
2024-06-07 12:18:29,960 - INFO - Train Stats
Loss:
  total: 0.5713690836163401
Metrics:
  rotation_top1_accuracy: 0.7237105582524271

2024-06-07 12:18:30,016 - INFO - Epoch 53/100
2024-06-07 12:19:00,710 - INFO - Train Stats
Loss:
  total: 0.5746139101611758
Metrics:
  rotation_top1_accuracy: 0.723046875

2024-06-07 12:19:00,711 - INFO - Epoch 54/100
2024-06-07 12:19:31,366 - INFO - Train Stats
Loss:
  total: 0.5635886598848602
Metrics:
  rotation_top1_accuracy: 0.728856947815534

2024-06-07 12:19:31,407 - INFO - Epoch 55/100
2024-06-07 12:20:01,936 - INFO - Train Stats
Loss:
  total: 0.5542868903829056
Metrics:
  rotation_top1_accuracy: 0.7338781856796116

2024-06-07 12:20:02,104 - INFO - Epoch 56/100
2024-06-07 12:20:32,722 - INFO - Train Stats
Loss:
  total: 0.5476628648135269
Metrics:
  rotation_top1_accuracy: 0.7383002123786407

2024-06-07 12:20:32,775 - INFO - Epoch 57/100
2024-06-07 12:21:03,330 - INFO - Train Stats
Loss:
  total: 0.5652397246326057
Metrics:
  rotation_top1_accuracy: 0.7298505764563107

2024-06-07 12:21:03,330 - INFO - Epoch 58/100
2024-06-07 12:21:33,936 - INFO - Train Stats
Loss:
  total: 0.5369681241442856
Metrics:
  rotation_top1_accuracy: 0.7481378944174757

2024-06-07 12:21:33,993 - INFO - Epoch 59/100
2024-06-07 12:22:04,537 - INFO - Train Stats
Loss:
  total: 0.5146547275405485
Metrics:
  rotation_top1_accuracy: 0.7575432342233009

2024-06-07 12:22:04,584 - INFO - Epoch 60/100
2024-06-07 12:22:35,077 - INFO - Train Stats
Loss:
  total: 0.5268421116818502
Metrics:
  rotation_top1_accuracy: 0.7541413834951456

2024-06-07 12:22:35,133 - INFO - Epoch 61/100
2024-06-07 12:23:05,623 - INFO - Train Stats
Loss:
  total: 0.5204692534017331
Metrics:
  rotation_top1_accuracy: 0.7558062803398058

2024-06-07 12:23:05,624 - INFO - Epoch 62/100
2024-06-07 12:23:36,274 - INFO - Train Stats
Loss:
  total: 0.5192201745307561
Metrics:
  rotation_top1_accuracy: 0.7557683555825243

2024-06-07 12:23:36,274 - INFO - Epoch 63/100
2024-06-07 12:24:06,840 - INFO - Train Stats
Loss:
  total: 0.5222522391711624
Metrics:
  rotation_top1_accuracy: 0.753978307038835

2024-06-07 12:24:06,840 - INFO - Epoch 64/100
2024-06-07 12:24:37,448 - INFO - Train Stats
Loss:
  total: 0.5200487932244551
Metrics:
  rotation_top1_accuracy: 0.7533980582524272

2024-06-07 12:24:37,448 - INFO - Epoch 65/100
2024-06-07 12:25:08,139 - INFO - Train Stats
Loss:
  total: 0.5174660159546195
Metrics:
  rotation_top1_accuracy: 0.7581841626213592

2024-06-07 12:25:08,140 - INFO - Epoch 66/100
2024-06-07 12:25:38,718 - INFO - Train Stats
Loss:
  total: 0.5155251017690283
Metrics:
  rotation_top1_accuracy: 0.7602965716019418

2024-06-07 12:25:38,718 - INFO - Epoch 67/100
2024-06-07 12:26:09,306 - INFO - Train Stats
Loss:
  total: 0.50057011531684
Metrics:
  rotation_top1_accuracy: 0.7677449939320389

2024-06-07 12:26:09,365 - INFO - Epoch 68/100
2024-06-07 12:26:39,909 - INFO - Train Stats
Loss:
  total: 0.4954537714496978
Metrics:
  rotation_top1_accuracy: 0.7683897148058253

2024-06-07 12:26:39,951 - INFO - Epoch 69/100
2024-06-07 12:27:10,615 - INFO - Train Stats
Loss:
  total: 0.49926515787261205
Metrics:
  rotation_top1_accuracy: 0.7664176274271844

2024-06-07 12:27:10,615 - INFO - Epoch 70/100
2024-06-07 12:27:41,361 - INFO - Train Stats
Loss:
  total: 0.5004898168508289
Metrics:
  rotation_top1_accuracy: 0.7643014259708738

2024-06-07 12:27:41,361 - INFO - Epoch 71/100
2024-06-07 12:28:11,963 - INFO - Train Stats
Loss:
  total: 0.5022729051344603
Metrics:
  rotation_top1_accuracy: 0.7660421723300971

2024-06-07 12:28:11,963 - INFO - Epoch 72/100
2024-06-07 12:28:42,567 - INFO - Train Stats
Loss:
  total: 0.48211955435357046
Metrics:
  rotation_top1_accuracy: 0.7756295509708738

2024-06-07 12:28:42,618 - INFO - Epoch 73/100
2024-06-07 12:29:13,256 - INFO - Train Stats
Loss:
  total: 0.4845158242774241
Metrics:
  rotation_top1_accuracy: 0.773536104368932

2024-06-07 12:29:13,256 - INFO - Epoch 74/100
2024-06-07 12:29:43,920 - INFO - Train Stats
Loss:
  total: 0.5152536433949633
Metrics:
  rotation_top1_accuracy: 0.7605506674757282

2024-06-07 12:29:43,920 - INFO - Epoch 75/100
2024-06-07 12:30:14,447 - INFO - Train Stats
Loss:
  total: 0.4803586968012805
Metrics:
  rotation_top1_accuracy: 0.7757888349514563

2024-06-07 12:30:14,500 - INFO - Epoch 76/100
2024-06-07 12:30:45,129 - INFO - Train Stats
Loss:
  total: 0.4775776783094823
Metrics:
  rotation_top1_accuracy: 0.7768090109223301

2024-06-07 12:30:45,181 - INFO - Epoch 77/100
2024-06-07 12:31:15,901 - INFO - Train Stats
Loss:
  total: 0.4834097091072393
Metrics:
  rotation_top1_accuracy: 0.7748445084951456

2024-06-07 12:31:15,901 - INFO - Epoch 78/100
2024-06-07 12:31:46,595 - INFO - Train Stats
Loss:
  total: 0.4671301475717026
Metrics:
  rotation_top1_accuracy: 0.7826949332524272

2024-06-07 12:31:46,640 - INFO - Epoch 79/100
2024-06-07 12:32:17,262 - INFO - Train Stats
Loss:
  total: 0.4748293245156992
Metrics:
  rotation_top1_accuracy: 0.7779239987864077

2024-06-07 12:32:17,262 - INFO - Epoch 80/100
2024-06-07 12:32:47,773 - INFO - Train Stats
Loss:
  total: 0.4823158674990957
Metrics:
  rotation_top1_accuracy: 0.7770138046116505

2024-06-07 12:32:47,773 - INFO - Epoch 81/100
2024-06-07 12:33:18,139 - INFO - Train Stats
Loss:
  total: 0.49567065952182976
Metrics:
  rotation_top1_accuracy: 0.7687424150485437

2024-06-07 12:33:18,139 - INFO - Epoch 82/100
2024-06-07 12:33:48,426 - INFO - Train Stats
Loss:
  total: 0.4881163115712624
Metrics:
  rotation_top1_accuracy: 0.7719129247572816

2024-06-07 12:33:48,427 - INFO - Epoch 83/100
2024-06-07 12:34:18,736 - INFO - Train Stats
Loss:
  total: 0.4602724855566777
Metrics:
  rotation_top1_accuracy: 0.7880992111650486

2024-06-07 12:34:18,784 - INFO - Epoch 84/100
2024-06-07 12:34:49,076 - INFO - Train Stats
Loss:
  total: 0.46908546298091275
Metrics:
  rotation_top1_accuracy: 0.7822663834951457

2024-06-07 12:34:49,076 - INFO - Epoch 85/100
2024-06-07 12:35:19,346 - INFO - Train Stats
Loss:
  total: 0.4541334031203997
Metrics:
  rotation_top1_accuracy: 0.7881560983009709

2024-06-07 12:35:19,387 - INFO - Epoch 86/100
2024-06-07 12:35:49,670 - INFO - Train Stats
Loss:
  total: 0.4744257627253972
Metrics:
  rotation_top1_accuracy: 0.7795092536407767

2024-06-07 12:35:49,671 - INFO - Epoch 87/100
2024-06-07 12:36:20,026 - INFO - Train Stats
Loss:
  total: 0.4661589350696038
Metrics:
  rotation_top1_accuracy: 0.7859185376213592

2024-06-07 12:36:20,026 - INFO - Epoch 88/100
2024-06-07 12:36:50,332 - INFO - Train Stats
Loss:
  total: 0.45010418506357275
Metrics:
  rotation_top1_accuracy: 0.7919068567961165

2024-06-07 12:36:50,376 - INFO - Epoch 89/100
2024-06-07 12:37:20,625 - INFO - Train Stats
Loss:
  total: 0.45990813404177
Metrics:
  rotation_top1_accuracy: 0.7854027609223301

2024-06-07 12:37:20,625 - INFO - Epoch 90/100
2024-06-07 12:37:50,892 - INFO - Train Stats
Loss:
  total: 0.46756165139377115
Metrics:
  rotation_top1_accuracy: 0.7816937196601942

2024-06-07 12:37:50,936 - INFO - Epoch 91/100
2024-06-07 12:38:21,220 - INFO - Train Stats
Loss:
  total: 0.4480106374086107
Metrics:
  rotation_top1_accuracy: 0.7934466019417475

2024-06-07 12:38:21,270 - INFO - Epoch 92/100
2024-06-07 12:38:51,799 - INFO - Train Stats
Loss:
  total: 0.48171915225322964
Metrics:
  rotation_top1_accuracy: 0.7753602851941748

2024-06-07 12:38:51,800 - INFO - Epoch 93/100
2024-06-07 12:39:22,419 - INFO - Train Stats
Loss:
  total: 0.4619604788865279
Metrics:
  rotation_top1_accuracy: 0.7851486650485436

2024-06-07 12:39:22,420 - INFO - Epoch 94/100
2024-06-07 12:39:52,791 - INFO - Train Stats
Loss:
  total: 0.4668385439850752
Metrics:
  rotation_top1_accuracy: 0.7834534283980582

2024-06-07 12:39:52,791 - INFO - Epoch 95/100
2024-06-07 12:40:23,130 - INFO - Train Stats
Loss:
  total: 0.46386963511699614
Metrics:
  rotation_top1_accuracy: 0.7843294902912621

2024-06-07 12:40:23,130 - INFO - Epoch 96/100
2024-06-07 12:40:53,771 - INFO - Train Stats
Loss:
  total: 0.46396822075097305
Metrics:
  rotation_top1_accuracy: 0.7849021541262136

2024-06-07 12:40:53,772 - INFO - Epoch 97/100
2024-06-07 12:41:24,377 - INFO - Train Stats
Loss:
  total: 0.4648644661114922
Metrics:
  rotation_top1_accuracy: 0.7834648058252427

2024-06-07 12:41:24,377 - INFO - Epoch 98/100
2024-06-07 12:41:54,853 - INFO - Train Stats
Loss:
  total: 0.45097937337258487
Metrics:
  rotation_top1_accuracy: 0.7909587378640777

2024-06-07 12:41:54,853 - INFO - Epoch 99/100
2024-06-07 12:42:25,172 - INFO - Train Stats
Loss:
  total: 0.4634889648558156
Metrics:
  rotation_top1_accuracy: 0.7849969660194175

2024-06-07 12:42:25,172 - INFO - Epoch 100/100
2024-06-07 12:42:55,452 - INFO - Train Stats
Loss:
  total: 0.455038058978406
Metrics:
  rotation_top1_accuracy: 0.7891876516990292

2024-06-07 12:42:55,496 - INFO - Best train loss: 0.4480106374086107
2024-06-07 12:42:55,549 - INFO - Best model saved to /home/up201905337/exploring-label-efficiency/weights/rotation_svhn_wideresnet28_2_pretrained.pth
2024-06-07 12:42:55,549 - INFO - Training took 3054.2488276958466 seconds to complete
