2024-03-30 12:13:38,645 - INFO - Loading configuration files...
2024-03-30 12:13:39,585 - INFO - Loading model configuration
args:
  backbone: resnet101
  num_classes: 20
class: DeepLabV3

2024-03-30 12:13:39,611 - INFO - Loading train_dataset configuration
args:
  num_labeled: 309
  root: /data/auto/cityscapes
  train_val_split: 2475
class: SemiSupervisedCityscapesSeg

2024-03-30 12:13:39,641 - INFO - Loading val_dataset configuration
args:
  mode: fine
  root: /data/auto/cityscapes
  train_val_split: 2475
class: CityscapesSeg

2024-03-30 12:13:39,661 - INFO - Loading optimizer configuration
args:
  lr: 0.007
  momentum: 0.9
  weight_decay: 0.0005
class: SGD

2024-03-30 12:13:39,662 - INFO - Loading loss configuration
args: {}
class: CrossEntropyLoss

2024-03-30 12:13:39,676 - INFO - Loading metrics configuration
cityscapes_dice:
  args:
    average: micro
    ignore_index: 0
    num_classes: 20
  class: Dice
cityscapes_jaccard_macro:
  args:
    average: macro
    ignore_index: 0
    num_classes: 20
    task: multiclass
    validate_args: false
  class: JaccardIndex
cityscapes_jaccard_micro:
  args:
    average: micro
    ignore_index: 0
    num_classes: 20
    task: multiclass
    validate_args: false
  class: JaccardIndex

2024-03-30 12:13:39,683 - INFO - Loading scheduler configuration
args:
  power: 0.9
  total_iters: 120
class: PolynomialLR

2024-03-30 12:13:39,684 - INFO - Loading hyperparameters configuration
batch_size: 16
ema_decay: null
epochs: 120
num_workers: 4
save_freq: 10

2024-03-30 12:13:40,093 - INFO - Using device: cuda
2024-03-30 12:13:40,546 - INFO - Training for 120 epochs
2024-03-30 12:13:40,546 - INFO - Epoch 1/120
2024-03-30 12:14:28,636 - INFO - Train Stats
Loss:
  total: 1.6382518440485
Metrics:
  cityscapes_dice: 0.587750131636858
  cityscapes_jaccard_macro: 0.10577449151314795
  cityscapes_jaccard_micro: 0.4683547722175717

2024-03-30 12:15:02,030 - INFO - Validation Stats
Loss:
  total: 0.9838555362075567
Metrics:
  cityscapes_dice: 0.7710769269615412
  cityscapes_jaccard_macro: 0.18868339620530605
  cityscapes_jaccard_micro: 0.6559842135757208

2024-03-30 12:15:02,841 - INFO - Epoch 2/120
2024-03-30 12:15:50,125 - INFO - Train Stats
Loss:
  total: 0.7695932358503341
Metrics:
  cityscapes_dice: 0.8007004797458649
  cityscapes_jaccard_macro: 0.20981776639819144
  cityscapes_jaccard_micro: 0.696508401632309

2024-03-30 12:16:25,381 - INFO - Validation Stats
Loss:
  total: 0.688082323409617
Metrics:
  cityscapes_dice: 0.822049930691719
  cityscapes_jaccard_macro: 0.22268383391201496
  cityscapes_jaccard_micro: 0.7248591724783182

2024-03-30 12:16:26,427 - INFO - Epoch 3/120
2024-03-30 12:17:13,865 - INFO - Train Stats
Loss:
  total: 0.6355151832103729
Metrics:
  cityscapes_dice: 0.832106763124466
  cityscapes_jaccard_macro: 0.23624850139021875
  cityscapes_jaccard_micro: 0.741192901134491

2024-03-30 12:17:48,891 - INFO - Validation Stats
Loss:
  total: 0.6191053437069058
Metrics:
  cityscapes_dice: 0.8416429292410612
  cityscapes_jaccard_macro: 0.24795929761603475
  cityscapes_jaccard_micro: 0.7555158212780952

2024-03-30 12:17:49,961 - INFO - Epoch 4/120
2024-03-30 12:18:37,623 - INFO - Train Stats
Loss:
  total: 0.5427318587899208
Metrics:
  cityscapes_dice: 0.8584058582782745
  cityscapes_jaccard_macro: 0.24870868325233458
  cityscapes_jaccard_micro: 0.7796762168407441

2024-03-30 12:19:13,933 - INFO - Validation Stats
Loss:
  total: 0.5806054500862956
Metrics:
  cityscapes_dice: 0.8521286267787218
  cityscapes_jaccard_macro: 0.26098192390054464
  cityscapes_jaccard_micro: 0.7732640206813812

2024-03-30 12:19:15,021 - INFO - Epoch 5/120
2024-03-30 12:20:02,615 - INFO - Train Stats
Loss:
  total: 0.5108679234981537
Metrics:
  cityscapes_dice: 0.8660446137189866
  cityscapes_jaccard_macro: 0.2742700964212418
  cityscapes_jaccard_micro: 0.7878277897834778

2024-03-30 12:20:37,654 - INFO - Validation Stats
Loss:
  total: 0.565475407987833
Metrics:
  cityscapes_dice: 0.8549452144652605
  cityscapes_jaccard_macro: 0.2761147231794894
  cityscapes_jaccard_micro: 0.7761036790907383

2024-03-30 12:20:38,726 - INFO - Epoch 6/120
2024-03-30 12:21:26,249 - INFO - Train Stats
Loss:
  total: 0.47840416580438616
Metrics:
  cityscapes_dice: 0.8724479347467422
  cityscapes_jaccard_macro: 0.2843744456768036
  cityscapes_jaccard_micro: 0.7969602614641189

2024-03-30 12:22:02,663 - INFO - Validation Stats
Loss:
  total: 0.5495048584416509
Metrics:
  cityscapes_dice: 0.8582524284720421
  cityscapes_jaccard_macro: 0.28222737181931734
  cityscapes_jaccard_micro: 0.7793227713555098

2024-03-30 12:22:03,770 - INFO - Epoch 7/120
2024-03-30 12:22:51,143 - INFO - Train Stats
Loss:
  total: 0.43525503277778627
Metrics:
  cityscapes_dice: 0.8829026758670807
  cityscapes_jaccard_macro: 0.29373654574155805
  cityscapes_jaccard_micro: 0.8113445520401001

2024-03-30 12:23:27,552 - INFO - Validation Stats
Loss:
  total: 0.5218178974464536
Metrics:
  cityscapes_dice: 0.864095414057374
  cityscapes_jaccard_macro: 0.2972353957593441
  cityscapes_jaccard_micro: 0.7884336933493614

2024-03-30 12:23:28,683 - INFO - Epoch 8/120
2024-03-30 12:24:16,416 - INFO - Train Stats
Loss:
  total: 0.4221475750207901
Metrics:
  cityscapes_dice: 0.8859594970941543
  cityscapes_jaccard_macro: 0.311233913898468
  cityscapes_jaccard_micro: 0.8145093858242035

2024-03-30 12:24:50,861 - INFO - Validation Stats
Loss:
  total: 0.49299718253314495
Metrics:
  cityscapes_dice: 0.8698856588453054
  cityscapes_jaccard_macro: 0.3120572306215763
  cityscapes_jaccard_micro: 0.7965406738221645

2024-03-30 12:24:51,901 - INFO - Epoch 9/120
2024-03-30 12:25:39,018 - INFO - Train Stats
Loss:
  total: 0.42238590866327286
Metrics:
  cityscapes_dice: 0.8865402609109878
  cityscapes_jaccard_macro: 0.3160442978143692
  cityscapes_jaccard_micro: 0.8168119460344314

2024-03-30 12:26:10,458 - INFO - Validation Stats
Loss:
  total: 0.48934351559728384
Metrics:
  cityscapes_dice: 0.87372419051826
  cityscapes_jaccard_macro: 0.31769685074687004
  cityscapes_jaccard_micro: 0.8057490475475788

2024-03-30 12:26:11,481 - INFO - Epoch 10/120
2024-03-30 12:26:58,472 - INFO - Train Stats
Loss:
  total: 0.3825692981481552
Metrics:
  cityscapes_dice: 0.895424309372902
  cityscapes_jaccard_macro: 0.33441477715969087
  cityscapes_jaccard_micro: 0.8289455801248551

2024-03-30 12:27:32,143 - INFO - Validation Stats
Loss:
  total: 0.4828653782606125
Metrics:
  cityscapes_dice: 0.8740457519888878
  cityscapes_jaccard_macro: 0.3299594521522522
  cityscapes_jaccard_micro: 0.8050151411443949

2024-03-30 12:27:33,910 - INFO - Epoch 11/120
2024-03-30 12:28:20,871 - INFO - Train Stats
Loss:
  total: 0.36867145597934725
Metrics:
  cityscapes_dice: 0.897917291522026
  cityscapes_jaccard_macro: 0.3459270730614662
  cityscapes_jaccard_micro: 0.8320670157670975

2024-03-30 12:28:53,522 - INFO - Validation Stats
Loss:
  total: 0.4681366179138422
Metrics:
  cityscapes_dice: 0.8784343712031841
  cityscapes_jaccard_macro: 0.34238721895962954
  cityscapes_jaccard_micro: 0.8122076187282801

2024-03-30 12:28:54,467 - INFO - Epoch 12/120
2024-03-30 12:29:41,499 - INFO - Train Stats
Loss:
  total: 0.3563679665327072
Metrics:
  cityscapes_dice: 0.9005064845085144
  cityscapes_jaccard_macro: 0.3628774806857109
  cityscapes_jaccard_micro: 0.8377529948949813

2024-03-30 12:30:14,473 - INFO - Validation Stats
Loss:
  total: 0.4582964451983571
Metrics:
  cityscapes_dice: 0.8797509111464024
  cityscapes_jaccard_macro: 0.34649802185595036
  cityscapes_jaccard_micro: 0.8126969374716282

2024-03-30 12:30:15,472 - INFO - Epoch 13/120
2024-03-30 12:31:02,418 - INFO - Train Stats
Loss:
  total: 0.333966027200222
Metrics:
  cityscapes_dice: 0.9069101691246033
  cityscapes_jaccard_macro: 0.373871947824955
  cityscapes_jaccard_micro: 0.8456843197345734

2024-03-30 12:31:35,497 - INFO - Validation Stats
Loss:
  total: 0.4529351070523262
Metrics:
  cityscapes_dice: 0.882667412981391
  cityscapes_jaccard_macro: 0.36823368538171053
  cityscapes_jaccard_micro: 0.818503376096487

2024-03-30 12:31:36,485 - INFO - Epoch 14/120
2024-03-30 12:32:23,461 - INFO - Train Stats
Loss:
  total: 0.32286037504673004
Metrics:
  cityscapes_dice: 0.9083202928304672
  cityscapes_jaccard_macro: 0.38440357595682145
  cityscapes_jaccard_micro: 0.849638170003891

2024-03-30 12:32:56,945 - INFO - Validation Stats
Loss:
  total: 0.4240913027897477
Metrics:
  cityscapes_dice: 0.8896985035389662
  cityscapes_jaccard_macro: 0.37132854759693146
  cityscapes_jaccard_micro: 0.8278793040663004

2024-03-30 12:32:57,912 - INFO - Epoch 15/120
2024-03-30 12:33:44,687 - INFO - Train Stats
Loss:
  total: 0.32022254914045334
Metrics:
  cityscapes_dice: 0.9095383077859879
  cityscapes_jaccard_macro: 0.3864116698503494
  cityscapes_jaccard_micro: 0.849904578924179

2024-03-30 12:34:18,873 - INFO - Validation Stats
Loss:
  total: 0.4215862760320306
Metrics:
  cityscapes_dice: 0.8869878649711609
  cityscapes_jaccard_macro: 0.37744235433638096
  cityscapes_jaccard_micro: 0.8216994516551495

2024-03-30 12:34:19,851 - INFO - Epoch 16/120
2024-03-30 12:35:07,092 - INFO - Train Stats
Loss:
  total: 0.3119164936244488
Metrics:
  cityscapes_dice: 0.9110965728759766
  cityscapes_jaccard_macro: 0.4110811397433281
  cityscapes_jaccard_micro: 0.8527251601219177

2024-03-30 12:35:41,017 - INFO - Validation Stats
Loss:
  total: 0.4285764405503869
Metrics:
  cityscapes_dice: 0.885065108537674
  cityscapes_jaccard_macro: 0.371273391880095
  cityscapes_jaccard_micro: 0.8208120223134756

2024-03-30 12:35:41,017 - INFO - Epoch 17/120
2024-03-30 12:36:27,696 - INFO - Train Stats
Loss:
  total: 0.31116629764437675
Metrics:
  cityscapes_dice: 0.9110509693622589
  cityscapes_jaccard_macro: 0.4141599491238594
  cityscapes_jaccard_micro: 0.8522210538387298

2024-03-30 12:37:00,602 - INFO - Validation Stats
Loss:
  total: 0.43247288558632135
Metrics:
  cityscapes_dice: 0.8870875127613544
  cityscapes_jaccard_macro: 0.3920432962477207
  cityscapes_jaccard_micro: 0.8261736463755369

2024-03-30 12:37:00,603 - INFO - Epoch 18/120
2024-03-30 12:37:47,825 - INFO - Train Stats
Loss:
  total: 0.30422045215964316
Metrics:
  cityscapes_dice: 0.9128649830818176
  cityscapes_jaccard_macro: 0.42599036544561386
  cityscapes_jaccard_micro: 0.854354003071785

2024-03-30 12:38:18,623 - INFO - Validation Stats
Loss:
  total: 0.47432831302285194
Metrics:
  cityscapes_dice: 0.8755803424865007
  cityscapes_jaccard_macro: 0.37691545858979225
  cityscapes_jaccard_micro: 0.8064063675701618

2024-03-30 12:38:18,623 - INFO - Epoch 19/120
2024-03-30 12:39:05,338 - INFO - Train Stats
Loss:
  total: 0.29821429029107094
Metrics:
  cityscapes_dice: 0.9131805330514908
  cityscapes_jaccard_macro: 0.440042619407177
  cityscapes_jaccard_micro: 0.8556363910436631

2024-03-30 12:39:38,622 - INFO - Validation Stats
Loss:
  total: 0.4312402820214629
Metrics:
  cityscapes_dice: 0.8872683271765709
  cityscapes_jaccard_macro: 0.3950943173840642
  cityscapes_jaccard_micro: 0.8252317570149899

2024-03-30 12:39:38,622 - INFO - Epoch 20/120
2024-03-30 12:40:25,483 - INFO - Train Stats
Loss:
  total: 0.2785685800015926
Metrics:
  cityscapes_dice: 0.9191947877407074
  cityscapes_jaccard_macro: 0.4327655017375946
  cityscapes_jaccard_micro: 0.86426440179348

2024-03-30 12:40:57,773 - INFO - Validation Stats
Loss:
  total: 0.4137904760427773
Metrics:
  cityscapes_dice: 0.891373049467802
  cityscapes_jaccard_macro: 0.40681120939552784
  cityscapes_jaccard_micro: 0.8298696801066399

2024-03-30 12:40:59,672 - INFO - Epoch 21/120
2024-03-30 12:41:46,793 - INFO - Train Stats
Loss:
  total: 0.27003084421157836
Metrics:
  cityscapes_dice: 0.9220387041568756
  cityscapes_jaccard_macro: 0.44098833203315735
  cityscapes_jaccard_micro: 0.8686133623123169

2024-03-30 12:42:18,710 - INFO - Validation Stats
Loss:
  total: 0.41319336742162704
Metrics:
  cityscapes_dice: 0.8932252675294876
  cityscapes_jaccard_macro: 0.4038962284103036
  cityscapes_jaccard_micro: 0.834754416719079

2024-03-30 12:42:19,702 - INFO - Epoch 22/120
2024-03-30 12:43:06,907 - INFO - Train Stats
Loss:
  total: 0.2704721361398697
Metrics:
  cityscapes_dice: 0.9218703120946884
  cityscapes_jaccard_macro: 0.45344935208559034
  cityscapes_jaccard_micro: 0.8688788473606109

2024-03-30 12:43:40,153 - INFO - Validation Stats
Loss:
  total: 0.4081623535603285
Metrics:
  cityscapes_dice: 0.8941645417362452
  cityscapes_jaccard_macro: 0.41007799562066793
  cityscapes_jaccard_micro: 0.8349205739796162

2024-03-30 12:43:41,310 - INFO - Epoch 23/120
2024-03-30 12:44:28,889 - INFO - Train Stats
Loss:
  total: 0.2595471769571304
Metrics:
  cityscapes_dice: 0.9244443297386169
  cityscapes_jaccard_macro: 0.4557193428277969
  cityscapes_jaccard_micro: 0.8725382268428803

2024-03-30 12:45:05,157 - INFO - Validation Stats
Loss:
  total: 0.4096173564903438
Metrics:
  cityscapes_dice: 0.8926458992063999
  cityscapes_jaccard_macro: 0.41563419345766306
  cityscapes_jaccard_micro: 0.8317720163613558

2024-03-30 12:45:05,158 - INFO - Epoch 24/120
2024-03-30 12:45:52,189 - INFO - Train Stats
Loss:
  total: 0.25243922099471094
Metrics:
  cityscapes_dice: 0.9261599361896515
  cityscapes_jaccard_macro: 0.46713314652442933
  cityscapes_jaccard_micro: 0.8764950960874558

2024-03-30 12:46:29,829 - INFO - Validation Stats
Loss:
  total: 0.42322430200874805
Metrics:
  cityscapes_dice: 0.8931443821638823
  cityscapes_jaccard_macro: 0.41032375674694777
  cityscapes_jaccard_micro: 0.8374551441520452

2024-03-30 12:46:29,830 - INFO - Epoch 25/120
2024-03-30 12:47:16,100 - INFO - Train Stats
Loss:
  total: 0.2522335916757584
Metrics:
  cityscapes_dice: 0.92595234811306
  cityscapes_jaccard_macro: 0.4626819357275963
  cityscapes_jaccard_micro: 0.8751492857933044

2024-03-30 12:47:49,679 - INFO - Validation Stats
Loss:
  total: 0.40742041170597076
Metrics:
  cityscapes_dice: 0.8935622703284025
  cityscapes_jaccard_macro: 0.4210816314443946
  cityscapes_jaccard_micro: 0.8356651030480862

2024-03-30 12:47:50,743 - INFO - Epoch 26/120
2024-03-30 12:48:38,094 - INFO - Train Stats
Loss:
  total: 0.24570241943001747
Metrics:
  cityscapes_dice: 0.9276641935110093
  cityscapes_jaccard_macro: 0.4750754177570343
  cityscapes_jaccard_micro: 0.8771330147981644

2024-03-30 12:49:15,335 - INFO - Validation Stats
Loss:
  total: 0.40188412461429834
Metrics:
  cityscapes_dice: 0.8958420176059008
  cityscapes_jaccard_macro: 0.418194736354053
  cityscapes_jaccard_micro: 0.838628550991416

2024-03-30 12:49:16,340 - INFO - Epoch 27/120
2024-03-30 12:50:03,898 - INFO - Train Stats
Loss:
  total: 0.24131808653473855
Metrics:
  cityscapes_dice: 0.928993433713913
  cityscapes_jaccard_macro: 0.48662433922290804
  cityscapes_jaccard_micro: 0.8804461717605591

2024-03-30 12:50:37,572 - INFO - Validation Stats
Loss:
  total: 0.38454640470445156
Metrics:
  cityscapes_dice: 0.9005592092871666
  cityscapes_jaccard_macro: 0.4269103202968836
  cityscapes_jaccard_micro: 0.8465835750102997

2024-03-30 12:50:38,542 - INFO - Epoch 28/120
2024-03-30 12:51:24,853 - INFO - Train Stats
Loss:
  total: 0.23173153027892113
Metrics:
  cityscapes_dice: 0.9310565561056137
  cityscapes_jaccard_macro: 0.47604646533727646
  cityscapes_jaccard_micro: 0.8836792409420013

2024-03-30 12:52:02,545 - INFO - Validation Stats
Loss:
  total: 0.38650080608204007
Metrics:
  cityscapes_dice: 0.8983267489820719
  cityscapes_jaccard_macro: 0.42943684849888086
  cityscapes_jaccard_micro: 0.8419999834150076

2024-03-30 12:52:02,546 - INFO - Epoch 29/120
2024-03-30 12:52:50,263 - INFO - Train Stats
Loss:
  total: 0.22983719855546952
Metrics:
  cityscapes_dice: 0.9316814243793488
  cityscapes_jaccard_macro: 0.4901441097259521
  cityscapes_jaccard_micro: 0.8839020729064941

2024-03-30 12:53:23,932 - INFO - Validation Stats
Loss:
  total: 0.39195056911557913
Metrics:
  cityscapes_dice: 0.8981697112321854
  cityscapes_jaccard_macro: 0.4274195283651352
  cityscapes_jaccard_micro: 0.8422211930155754

2024-03-30 12:53:23,932 - INFO - Epoch 30/120
2024-03-30 12:54:10,779 - INFO - Train Stats
Loss:
  total: 0.22733281627297403
Metrics:
  cityscapes_dice: 0.9324321657419204
  cityscapes_jaccard_macro: 0.49021282643079755
  cityscapes_jaccard_micro: 0.8858669579029084

2024-03-30 12:54:45,017 - INFO - Validation Stats
Loss:
  total: 0.39699868159368634
Metrics:
  cityscapes_dice: 0.8977201879024506
  cityscapes_jaccard_macro: 0.4294103682041168
  cityscapes_jaccard_micro: 0.8419026508927345

2024-03-30 12:54:46,064 - INFO - Epoch 31/120
2024-03-30 12:55:33,881 - INFO - Train Stats
Loss:
  total: 0.2267072804272175
Metrics:
  cityscapes_dice: 0.932323294878006
  cityscapes_jaccard_macro: 0.5003540784120559
  cityscapes_jaccard_micro: 0.8851219713687897

2024-03-30 12:56:10,166 - INFO - Validation Stats
Loss:
  total: 0.38416832592338324
Metrics:
  cityscapes_dice: 0.8992631454020739
  cityscapes_jaccard_macro: 0.42775391414761543
  cityscapes_jaccard_micro: 0.8427846636623144

2024-03-30 12:56:11,157 - INFO - Epoch 32/120
2024-03-30 12:56:58,112 - INFO - Train Stats
Loss:
  total: 0.21983433589339257
Metrics:
  cityscapes_dice: 0.9342927455902099
  cityscapes_jaccard_macro: 0.5053080126643181
  cityscapes_jaccard_micro: 0.8885299384593963

2024-03-30 12:57:30,734 - INFO - Validation Stats
Loss:
  total: 0.4037194265983999
Metrics:
  cityscapes_dice: 0.8973857499659061
  cityscapes_jaccard_macro: 0.43845534697175026
  cityscapes_jaccard_micro: 0.8435283545404673

2024-03-30 12:57:30,734 - INFO - Epoch 33/120
2024-03-30 12:58:17,658 - INFO - Train Stats
Loss:
  total: 0.22106121331453324
Metrics:
  cityscapes_dice: 0.9340439349412918
  cityscapes_jaccard_macro: 0.512132753431797
  cityscapes_jaccard_micro: 0.8879808455705642

2024-03-30 12:58:51,624 - INFO - Validation Stats
Loss:
  total: 0.3829456530511379
Metrics:
  cityscapes_dice: 0.9016988519579172
  cityscapes_jaccard_macro: 0.43672140315175056
  cityscapes_jaccard_micro: 0.8481858056038618

2024-03-30 12:58:52,578 - INFO - Epoch 34/120
2024-03-30 12:59:39,412 - INFO - Train Stats
Loss:
  total: 0.21801491901278497
Metrics:
  cityscapes_dice: 0.9345838785171509
  cityscapes_jaccard_macro: 0.5093496590852737
  cityscapes_jaccard_micro: 0.8894614547491073

2024-03-30 13:00:13,492 - INFO - Validation Stats
Loss:
  total: 0.38691377080976963
Metrics:
  cityscapes_dice: 0.9001208413392305
  cityscapes_jaccard_macro: 0.4458452146500349
  cityscapes_jaccard_micro: 0.8448430001735687

2024-03-30 13:00:13,493 - INFO - Epoch 35/120
2024-03-30 13:01:00,761 - INFO - Train Stats
Loss:
  total: 0.21577024832367897
Metrics:
  cityscapes_dice: 0.9352144747972488
  cityscapes_jaccard_macro: 0.5126869395375252
  cityscapes_jaccard_micro: 0.8900333642959595

2024-03-30 13:01:31,846 - INFO - Validation Stats
Loss:
  total: 0.3839706154540181
Metrics:
  cityscapes_dice: 0.9043054841458797
  cityscapes_jaccard_macro: 0.44856111984699965
  cityscapes_jaccard_micro: 0.8518011439591646

2024-03-30 13:01:31,846 - INFO - Epoch 36/120
2024-03-30 13:02:18,546 - INFO - Train Stats
Loss:
  total: 0.214275324344635
Metrics:
  cityscapes_dice: 0.9353634357452393
  cityscapes_jaccard_macro: 0.510282401740551
  cityscapes_jaccard_micro: 0.8899603098630905

2024-03-30 13:02:51,148 - INFO - Validation Stats
Loss:
  total: 0.3811903572641313
Metrics:
  cityscapes_dice: 0.9019880909472704
  cityscapes_jaccard_macro: 0.4532524812966585
  cityscapes_jaccard_micro: 0.8493217658251524

2024-03-30 13:02:52,137 - INFO - Epoch 37/120
2024-03-30 13:03:39,210 - INFO - Train Stats
Loss:
  total: 0.20430386066436768
Metrics:
  cityscapes_dice: 0.9383333802223206
  cityscapes_jaccard_macro: 0.5424014508724213
  cityscapes_jaccard_micro: 0.8944230437278747

2024-03-30 13:04:11,070 - INFO - Validation Stats
Loss:
  total: 0.3785500032827258
Metrics:
  cityscapes_dice: 0.9032551646232605
  cityscapes_jaccard_macro: 0.4527678666636348
  cityscapes_jaccard_micro: 0.8512163981795311

2024-03-30 13:04:12,032 - INFO - Epoch 38/120
2024-03-30 13:04:58,996 - INFO - Train Stats
Loss:
  total: 0.2027451440691948
Metrics:
  cityscapes_dice: 0.9391730457544327
  cityscapes_jaccard_macro: 0.5379485443234444
  cityscapes_jaccard_micro: 0.8972768366336823

2024-03-30 13:05:30,947 - INFO - Validation Stats
Loss:
  total: 0.3791625024750829
Metrics:
  cityscapes_dice: 0.904059786349535
  cityscapes_jaccard_macro: 0.4631303185597062
  cityscapes_jaccard_micro: 0.851470485329628

2024-03-30 13:05:30,948 - INFO - Epoch 39/120
2024-03-30 13:06:17,706 - INFO - Train Stats
Loss:
  total: 0.19838070422410964
Metrics:
  cityscapes_dice: 0.9397219449281693
  cityscapes_jaccard_macro: 0.5369756355881691
  cityscapes_jaccard_micro: 0.89798564016819

2024-03-30 13:06:49,541 - INFO - Validation Stats
Loss:
  total: 0.37823033845052123
Metrics:
  cityscapes_dice: 0.9037115313112736
  cityscapes_jaccard_macro: 0.4564956445246935
  cityscapes_jaccard_micro: 0.850296076387167

2024-03-30 13:06:50,471 - INFO - Epoch 40/120
2024-03-30 13:07:37,276 - INFO - Train Stats
Loss:
  total: 0.19754513800144197
Metrics:
  cityscapes_dice: 0.9403562366962432
  cityscapes_jaccard_macro: 0.5427073076367378
  cityscapes_jaccard_micro: 0.8975265860557556

2024-03-30 13:08:06,830 - INFO - Validation Stats
Loss:
  total: 0.38278877222910523
Metrics:
  cityscapes_dice: 0.9039297495037317
  cityscapes_jaccard_macro: 0.46489180345088243
  cityscapes_jaccard_micro: 0.8527380041778088

2024-03-30 13:08:07,813 - INFO - Epoch 41/120
2024-03-30 13:08:54,440 - INFO - Train Stats
Loss:
  total: 0.20089480504393578
Metrics:
  cityscapes_dice: 0.939313930273056
  cityscapes_jaccard_macro: 0.5564711928367615
  cityscapes_jaccard_micro: 0.8974022030830383

2024-03-30 13:09:26,267 - INFO - Validation Stats
Loss:
  total: 0.3791241920553148
Metrics:
  cityscapes_dice: 0.903961069881916
  cityscapes_jaccard_macro: 0.45918217673897743
  cityscapes_jaccard_micro: 0.8534136395901442

2024-03-30 13:09:26,268 - INFO - Epoch 42/120
2024-03-30 13:10:13,035 - INFO - Train Stats
Loss:
  total: 0.18549085035920143
Metrics:
  cityscapes_dice: 0.9435113728046417
  cityscapes_jaccard_macro: 0.5643450975418091
  cityscapes_jaccard_micro: 0.9033802211284637

2024-03-30 13:10:44,033 - INFO - Validation Stats
Loss:
  total: 0.38402961660176516
Metrics:
  cityscapes_dice: 0.9046795703470707
  cityscapes_jaccard_macro: 0.4699211046099663
  cityscapes_jaccard_micro: 0.8541067447513342

2024-03-30 13:10:44,033 - INFO - Epoch 43/120
2024-03-30 13:11:31,001 - INFO - Train Stats
Loss:
  total: 0.1939582645893097
Metrics:
  cityscapes_dice: 0.9416388928890228
  cityscapes_jaccard_macro: 0.5633289128541946
  cityscapes_jaccard_micro: 0.901321855187416

2024-03-30 13:12:03,482 - INFO - Validation Stats
Loss:
  total: 0.3944386029615998
Metrics:
  cityscapes_dice: 0.8994950409978628
  cityscapes_jaccard_macro: 0.46641917433589697
  cityscapes_jaccard_micro: 0.8458120506256819

2024-03-30 13:12:03,482 - INFO - Epoch 44/120
2024-03-30 13:12:50,015 - INFO - Train Stats
Loss:
  total: 0.18908640816807748
Metrics:
  cityscapes_dice: 0.9423117727041245
  cityscapes_jaccard_macro: 0.5505280897021294
  cityscapes_jaccard_micro: 0.9011009484529495

2024-03-30 13:13:22,440 - INFO - Validation Stats
Loss:
  total: 0.38052823208272457
Metrics:
  cityscapes_dice: 0.9054348506033421
  cityscapes_jaccard_macro: 0.471945165656507
  cityscapes_jaccard_micro: 0.8551703039556742

2024-03-30 13:13:22,440 - INFO - Epoch 45/120
2024-03-30 13:14:09,528 - INFO - Train Stats
Loss:
  total: 0.18650389313697815
Metrics:
  cityscapes_dice: 0.9431195825338363
  cityscapes_jaccard_macro: 0.571466001868248
  cityscapes_jaccard_micro: 0.9027988702058792

2024-03-30 13:14:43,754 - INFO - Validation Stats
Loss:
  total: 0.3750539096072316
Metrics:
  cityscapes_dice: 0.9049094170331955
  cityscapes_jaccard_macro: 0.47018619161099195
  cityscapes_jaccard_micro: 0.8542955406010151

2024-03-30 13:14:44,673 - INFO - Epoch 46/120
2024-03-30 13:15:31,680 - INFO - Train Stats
Loss:
  total: 0.18702891767024993
Metrics:
  cityscapes_dice: 0.9427363306283951
  cityscapes_jaccard_macro: 0.5592655077576637
  cityscapes_jaccard_micro: 0.9015743732452393

2024-03-30 13:16:02,006 - INFO - Validation Stats
Loss:
  total: 0.3672400005161762
Metrics:
  cityscapes_dice: 0.9058130122721195
  cityscapes_jaccard_macro: 0.4706701198592782
  cityscapes_jaccard_micro: 0.8532568477094173

2024-03-30 13:16:02,924 - INFO - Epoch 47/120
2024-03-30 13:16:49,839 - INFO - Train Stats
Loss:
  total: 0.1864374876022339
Metrics:
  cityscapes_dice: 0.9434923321008682
  cityscapes_jaccard_macro: 0.5827071875333786
  cityscapes_jaccard_micro: 0.9036722928285599

2024-03-30 13:17:23,325 - INFO - Validation Stats
Loss:
  total: 0.3779163002036512
Metrics:
  cityscapes_dice: 0.9052996393293142
  cityscapes_jaccard_macro: 0.481917729601264
  cityscapes_jaccard_micro: 0.8543893452733755

2024-03-30 13:17:23,325 - INFO - Epoch 48/120
2024-03-30 13:18:10,316 - INFO - Train Stats
Loss:
  total: 0.18878599926829337
Metrics:
  cityscapes_dice: 0.9426768273115158
  cityscapes_jaccard_macro: 0.5847289860248566
  cityscapes_jaccard_micro: 0.9020778447389602

2024-03-30 13:18:42,455 - INFO - Validation Stats
Loss:
  total: 0.38246534764766693
Metrics:
  cityscapes_dice: 0.9039929788559675
  cityscapes_jaccard_macro: 0.4764504227787256
  cityscapes_jaccard_micro: 0.8518352918326855

2024-03-30 13:18:42,455 - INFO - Epoch 49/120
2024-03-30 13:19:29,044 - INFO - Train Stats
Loss:
  total: 0.17658930122852326
Metrics:
  cityscapes_dice: 0.9454487472772598
  cityscapes_jaccard_macro: 0.5771871864795685
  cityscapes_jaccard_micro: 0.9067004442214965

2024-03-30 13:20:00,062 - INFO - Validation Stats
Loss:
  total: 0.37295885337516665
Metrics:
  cityscapes_dice: 0.9052811749279499
  cityscapes_jaccard_macro: 0.47634155862033367
  cityscapes_jaccard_micro: 0.8518112618476152

2024-03-30 13:20:00,063 - INFO - Epoch 50/120
2024-03-30 13:20:46,928 - INFO - Train Stats
Loss:
  total: 0.18404698595404625
Metrics:
  cityscapes_dice: 0.94322067797184
  cityscapes_jaccard_macro: 0.5886599004268647
  cityscapes_jaccard_micro: 0.9034709602594375

2024-03-30 13:21:18,944 - INFO - Validation Stats
Loss:
  total: 0.37749684462323785
Metrics:
  cityscapes_dice: 0.9073526337742805
  cityscapes_jaccard_macro: 0.47930770367383957
  cityscapes_jaccard_micro: 0.8571503963321447

2024-03-30 13:21:19,864 - INFO - Epoch 51/120
2024-03-30 13:22:06,675 - INFO - Train Stats
Loss:
  total: 0.1823259137570858
Metrics:
  cityscapes_dice: 0.9439091444015503
  cityscapes_jaccard_macro: 0.5945179224014282
  cityscapes_jaccard_micro: 0.9037694871425629

2024-03-30 13:22:36,689 - INFO - Validation Stats
Loss:
  total: 0.3843857147730887
Metrics:
  cityscapes_dice: 0.9048868324607611
  cityscapes_jaccard_macro: 0.4823881732299924
  cityscapes_jaccard_micro: 0.8536583799868822

2024-03-30 13:22:36,689 - INFO - Epoch 52/120
2024-03-30 13:23:22,765 - INFO - Train Stats
Loss:
  total: 0.18332127928733827
Metrics:
  cityscapes_dice: 0.9440143018960953
  cityscapes_jaccard_macro: 0.5910057902336121
  cityscapes_jaccard_micro: 0.904332059621811

2024-03-30 13:23:52,099 - INFO - Validation Stats
Loss:
  total: 0.3755709556862712
Metrics:
  cityscapes_dice: 0.9068655297160149
  cityscapes_jaccard_macro: 0.4813044127076864
  cityscapes_jaccard_micro: 0.857692638412118

2024-03-30 13:23:52,100 - INFO - Epoch 53/120
2024-03-30 13:24:38,587 - INFO - Train Stats
Loss:
  total: 0.1744988426566124
Metrics:
  cityscapes_dice: 0.9465105831623077
  cityscapes_jaccard_macro: 0.6158911257982254
  cityscapes_jaccard_micro: 0.9082568734884262

2024-03-30 13:25:10,137 - INFO - Validation Stats
Loss:
  total: 0.3771153446286917
Metrics:
  cityscapes_dice: 0.9055332895368338
  cityscapes_jaccard_macro: 0.4888265850022435
  cityscapes_jaccard_micro: 0.8545620571821928

2024-03-30 13:25:10,137 - INFO - Epoch 54/120
2024-03-30 13:25:57,010 - INFO - Train Stats
Loss:
  total: 0.18109017387032508
Metrics:
  cityscapes_dice: 0.9441570073366166
  cityscapes_jaccard_macro: 0.5974050402641297
  cityscapes_jaccard_micro: 0.9045789033174515

2024-03-30 13:26:29,071 - INFO - Validation Stats
Loss:
  total: 0.3843955956399441
Metrics:
  cityscapes_dice: 0.9053180981427431
  cityscapes_jaccard_macro: 0.4800684368237853
  cityscapes_jaccard_micro: 0.8550503347069025

2024-03-30 13:26:29,072 - INFO - Epoch 55/120
2024-03-30 13:27:15,678 - INFO - Train Stats
Loss:
  total: 0.17605152502655982
Metrics:
  cityscapes_dice: 0.9457168221473694
  cityscapes_jaccard_macro: 0.5978635087609291
  cityscapes_jaccard_micro: 0.9067533791065217

2024-03-30 13:27:48,573 - INFO - Validation Stats
Loss:
  total: 0.3753423383459449
Metrics:
  cityscapes_dice: 0.9068376608192921
  cityscapes_jaccard_macro: 0.4851859761402011
  cityscapes_jaccard_micro: 0.8568086251616478

2024-03-30 13:27:48,573 - INFO - Epoch 56/120
2024-03-30 13:28:35,506 - INFO - Train Stats
Loss:
  total: 0.17220477461814881
Metrics:
  cityscapes_dice: 0.946869072318077
  cityscapes_jaccard_macro: 0.6088730216026306
  cityscapes_jaccard_micro: 0.9088486045598984

2024-03-30 13:29:03,417 - INFO - Validation Stats
Loss:
  total: 0.3757914397865534
Metrics:
  cityscapes_dice: 0.9076779317110777
  cityscapes_jaccard_macro: 0.4982235562056303
  cityscapes_jaccard_micro: 0.8578093480318785

2024-03-30 13:29:03,417 - INFO - Epoch 57/120
2024-03-30 13:29:49,460 - INFO - Train Stats
Loss:
  total: 0.16891256123781204
Metrics:
  cityscapes_dice: 0.947817251086235
  cityscapes_jaccard_macro: 0.5964408814907074
  cityscapes_jaccard_micro: 0.9109117865562439

2024-03-30 13:30:20,406 - INFO - Validation Stats
Loss:
  total: 0.3716251300647855
Metrics:
  cityscapes_dice: 0.9076541811227798
  cityscapes_jaccard_macro: 0.48652536049485207
  cityscapes_jaccard_micro: 0.8567121792584658

2024-03-30 13:30:20,406 - INFO - Epoch 58/120
2024-03-30 13:31:07,114 - INFO - Train Stats
Loss:
  total: 0.16972515508532524
Metrics:
  cityscapes_dice: 0.9476449459791183
  cityscapes_jaccard_macro: 0.6208607226610183
  cityscapes_jaccard_micro: 0.9096971124410629

2024-03-30 13:31:38,910 - INFO - Validation Stats
Loss:
  total: 0.3630295335315168
Metrics:
  cityscapes_dice: 0.9092555269598961
  cityscapes_jaccard_macro: 0.4981952188536525
  cityscapes_jaccard_micro: 0.8600527923554182

2024-03-30 13:31:39,844 - INFO - Epoch 59/120
2024-03-30 13:32:26,854 - INFO - Train Stats
Loss:
  total: 0.1687832459807396
Metrics:
  cityscapes_dice: 0.947674497961998
  cityscapes_jaccard_macro: 0.6051379799842834
  cityscapes_jaccard_micro: 0.9099066466093063

2024-03-30 13:32:59,217 - INFO - Validation Stats
Loss:
  total: 0.38349172845482826
Metrics:
  cityscapes_dice: 0.9049530029296875
  cityscapes_jaccard_macro: 0.47935743909329176
  cityscapes_jaccard_micro: 0.8531375229358673

2024-03-30 13:32:59,217 - INFO - Epoch 60/120
2024-03-30 13:33:45,812 - INFO - Train Stats
Loss:
  total: 0.1667876735329628
Metrics:
  cityscapes_dice: 0.947983518242836
  cityscapes_jaccard_macro: 0.6074955016374588
  cityscapes_jaccard_micro: 0.9104966849088669

2024-03-30 13:34:14,506 - INFO - Validation Stats
Loss:
  total: 0.36491652904078364
Metrics:
  cityscapes_dice: 0.9075491447001696
  cityscapes_jaccard_macro: 0.484303193166852
  cityscapes_jaccard_micro: 0.8567968439310789

2024-03-30 13:34:15,418 - INFO - Epoch 61/120
2024-03-30 13:35:02,211 - INFO - Train Stats
Loss:
  total: 0.16707335859537126
Metrics:
  cityscapes_dice: 0.948210284113884
  cityscapes_jaccard_macro: 0.6013029038906097
  cityscapes_jaccard_micro: 0.9105137854814529

2024-03-30 13:35:34,316 - INFO - Validation Stats
Loss:
  total: 0.37388751609250903
Metrics:
  cityscapes_dice: 0.9077480789273977
  cityscapes_jaccard_macro: 0.48740187752991915
  cityscapes_jaccard_micro: 0.8575333748012781

2024-03-30 13:35:34,316 - INFO - Epoch 62/120
2024-03-30 13:36:21,271 - INFO - Train Stats
Loss:
  total: 0.17244693636894226
Metrics:
  cityscapes_dice: 0.9463305026292801
  cityscapes_jaccard_macro: 0.6109127044677735
  cityscapes_jaccard_micro: 0.9086406648159027

2024-03-30 13:36:49,231 - INFO - Validation Stats
Loss:
  total: 0.37398196989670396
Metrics:
  cityscapes_dice: 0.9080599509179592
  cityscapes_jaccard_macro: 0.49750654119998217
  cityscapes_jaccard_micro: 0.8593062348663807

2024-03-30 13:36:49,231 - INFO - Epoch 63/120
2024-03-30 13:37:35,827 - INFO - Train Stats
Loss:
  total: 0.16390451714396476
Metrics:
  cityscapes_dice: 0.9489708513021469
  cityscapes_jaccard_macro: 0.6114874690771103
  cityscapes_jaccard_micro: 0.9124527513980866

2024-03-30 13:38:05,466 - INFO - Validation Stats
Loss:
  total: 0.3756969626992941
Metrics:
  cityscapes_dice: 0.9074790365993977
  cityscapes_jaccard_macro: 0.4943093154579401
  cityscapes_jaccard_micro: 0.8572522010654211

2024-03-30 13:38:05,466 - INFO - Epoch 64/120
2024-03-30 13:38:51,868 - INFO - Train Stats
Loss:
  total: 0.16480345278978348
Metrics:
  cityscapes_dice: 0.9488029718399048
  cityscapes_jaccard_macro: 0.615960368514061
  cityscapes_jaccard_micro: 0.9117031335830689

2024-03-30 13:39:21,651 - INFO - Validation Stats
Loss:
  total: 0.37299757031723857
Metrics:
  cityscapes_dice: 0.9089076686650515
  cityscapes_jaccard_macro: 0.4937344277277589
  cityscapes_jaccard_micro: 0.8602419663220644

2024-03-30 13:39:21,651 - INFO - Epoch 65/120
2024-03-30 13:40:08,462 - INFO - Train Stats
Loss:
  total: 0.16231376230716704
Metrics:
  cityscapes_dice: 0.9494765728712082
  cityscapes_jaccard_macro: 0.614416953921318
  cityscapes_jaccard_micro: 0.9127945452928543

2024-03-30 13:40:37,581 - INFO - Validation Stats
Loss:
  total: 0.3912113760598004
Metrics:
  cityscapes_dice: 0.9053635597229004
  cityscapes_jaccard_macro: 0.49264748487621546
  cityscapes_jaccard_micro: 0.8566054180264473

2024-03-30 13:40:37,581 - INFO - Epoch 66/120
2024-03-30 13:41:24,426 - INFO - Train Stats
Loss:
  total: 0.16248567923903465
Metrics:
  cityscapes_dice: 0.9493314474821091
  cityscapes_jaccard_macro: 0.6188891768455506
  cityscapes_jaccard_micro: 0.9132303476333619

2024-03-30 13:41:53,722 - INFO - Validation Stats
Loss:
  total: 0.37446828465908766
Metrics:
  cityscapes_dice: 0.9074833635240793
  cityscapes_jaccard_macro: 0.4927163925021887
  cityscapes_jaccard_micro: 0.8568303361535072

2024-03-30 13:41:53,722 - INFO - Epoch 67/120
2024-03-30 13:42:40,513 - INFO - Train Stats
Loss:
  total: 0.1648615375161171
Metrics:
  cityscapes_dice: 0.9488689750432968
  cityscapes_jaccard_macro: 0.6140606075525283
  cityscapes_jaccard_micro: 0.911813086271286

2024-03-30 13:43:11,598 - INFO - Validation Stats
Loss:
  total: 0.37451759446412325
Metrics:
  cityscapes_dice: 0.9085899125784636
  cityscapes_jaccard_macro: 0.48834612406790257
  cityscapes_jaccard_micro: 0.859956594184041

2024-03-30 13:43:11,598 - INFO - Epoch 68/120
2024-03-30 13:43:58,310 - INFO - Train Stats
Loss:
  total: 0.15957307070493698
Metrics:
  cityscapes_dice: 0.9500506758689881
  cityscapes_jaccard_macro: 0.6217060685157776
  cityscapes_jaccard_micro: 0.9139659732580185

2024-03-30 13:44:31,215 - INFO - Validation Stats
Loss:
  total: 0.3762366846203804
Metrics:
  cityscapes_dice: 0.9096367452293634
  cityscapes_jaccard_macro: 0.4914094675332308
  cityscapes_jaccard_micro: 0.8628958631306887

2024-03-30 13:44:31,215 - INFO - Epoch 69/120
2024-03-30 13:45:18,232 - INFO - Train Stats
Loss:
  total: 0.16378364861011505
Metrics:
  cityscapes_dice: 0.9484027802944184
  cityscapes_jaccard_macro: 0.6267814606428146
  cityscapes_jaccard_micro: 0.9113995611667634

2024-03-30 13:45:49,660 - INFO - Validation Stats
Loss:
  total: 0.3642398095689714
Metrics:
  cityscapes_dice: 0.9105178881436586
  cityscapes_jaccard_macro: 0.49936512392014265
  cityscapes_jaccard_micro: 0.8619729243218899

2024-03-30 13:45:49,660 - INFO - Epoch 70/120
2024-03-30 13:46:36,175 - INFO - Train Stats
Loss:
  total: 0.159919922798872
Metrics:
  cityscapes_dice: 0.9498132586479187
  cityscapes_jaccard_macro: 0.6271349668502808
  cityscapes_jaccard_micro: 0.913309121131897

2024-03-30 13:47:06,747 - INFO - Validation Stats
Loss:
  total: 0.3679468180052936
Metrics:
  cityscapes_dice: 0.9100414738059044
  cityscapes_jaccard_macro: 0.4937364710494876
  cityscapes_jaccard_micro: 0.8626285400241613

2024-03-30 13:47:07,693 - INFO - Epoch 71/120
2024-03-30 13:47:54,323 - INFO - Train Stats
Loss:
  total: 0.16285867467522622
Metrics:
  cityscapes_dice: 0.9488350361585617
  cityscapes_jaccard_macro: 0.6140389621257782
  cityscapes_jaccard_micro: 0.9114480167627335

2024-03-30 13:48:24,963 - INFO - Validation Stats
Loss:
  total: 0.37438091449439526
Metrics:
  cityscapes_dice: 0.9092855378985405
  cityscapes_jaccard_macro: 0.4905692394822836
  cityscapes_jaccard_micro: 0.8609067928045988

2024-03-30 13:48:24,963 - INFO - Epoch 72/120
2024-03-30 13:49:11,510 - INFO - Train Stats
Loss:
  total: 0.16038259565830232
Metrics:
  cityscapes_dice: 0.9496522009372711
  cityscapes_jaccard_macro: 0.627001228928566
  cityscapes_jaccard_micro: 0.9129602640867234

2024-03-30 13:49:40,065 - INFO - Validation Stats
Loss:
  total: 0.3704237616620958
Metrics:
  cityscapes_dice: 0.9089174754917622
  cityscapes_jaccard_macro: 0.49191563483327627
  cityscapes_jaccard_micro: 0.8606762159615755

2024-03-30 13:49:40,066 - INFO - Epoch 73/120
2024-03-30 13:50:26,604 - INFO - Train Stats
Loss:
  total: 0.16058512330055236
Metrics:
  cityscapes_dice: 0.9491201102733612
  cityscapes_jaccard_macro: 0.6438027709722519
  cityscapes_jaccard_micro: 0.9124905794858933

2024-03-30 13:50:54,797 - INFO - Validation Stats
Loss:
  total: 0.37172555224969983
Metrics:
  cityscapes_dice: 0.9092990756034851
  cityscapes_jaccard_macro: 0.49368778616189957
  cityscapes_jaccard_micro: 0.8610235918313265

2024-03-30 13:50:54,798 - INFO - Epoch 74/120
2024-03-30 13:51:40,994 - INFO - Train Stats
Loss:
  total: 0.1579302541911602
Metrics:
  cityscapes_dice: 0.9503162264823913
  cityscapes_jaccard_macro: 0.6325163841247559
  cityscapes_jaccard_micro: 0.9136964410543442

2024-03-30 13:52:09,718 - INFO - Validation Stats
Loss:
  total: 0.36621269304305315
Metrics:
  cityscapes_dice: 0.9099083486944437
  cityscapes_jaccard_macro: 0.501979460939765
  cityscapes_jaccard_micro: 0.862164905294776

2024-03-30 13:52:09,718 - INFO - Epoch 75/120
2024-03-30 13:52:55,892 - INFO - Train Stats
Loss:
  total: 0.1579959787428379
Metrics:
  cityscapes_dice: 0.9501032590866089
  cityscapes_jaccard_macro: 0.6330391824245453
  cityscapes_jaccard_micro: 0.9141332387924195

2024-03-30 13:53:25,711 - INFO - Validation Stats
Loss:
  total: 0.3779496233910322
Metrics:
  cityscapes_dice: 0.9074310753494501
  cityscapes_jaccard_macro: 0.4948392231017351
  cityscapes_jaccard_micro: 0.8565842509269714

2024-03-30 13:53:25,712 - INFO - Epoch 76/120
2024-03-30 13:54:12,153 - INFO - Train Stats
Loss:
  total: 0.15970031395554543
Metrics:
  cityscapes_dice: 0.9494746565818787
  cityscapes_jaccard_macro: 0.6178585439920425
  cityscapes_jaccard_micro: 0.9125312894582749

2024-03-30 13:54:41,492 - INFO - Validation Stats
Loss:
  total: 0.37866108352318406
Metrics:
  cityscapes_dice: 0.9085669592022896
  cityscapes_jaccard_macro: 0.49725754652172327
  cityscapes_jaccard_micro: 0.8606495708227158

2024-03-30 13:54:41,493 - INFO - Epoch 77/120
2024-03-30 13:55:27,843 - INFO - Train Stats
Loss:
  total: 0.158541639149189
Metrics:
  cityscapes_dice: 0.9506047695875168
  cityscapes_jaccard_macro: 0.6289977788925171
  cityscapes_jaccard_micro: 0.914623910188675

2024-03-30 13:55:58,295 - INFO - Validation Stats
Loss:
  total: 0.3743410217575729
Metrics:
  cityscapes_dice: 0.9099438209086657
  cityscapes_jaccard_macro: 0.504402413032949
  cityscapes_jaccard_micro: 0.8630548771470785

2024-03-30 13:55:58,295 - INFO - Epoch 78/120
2024-03-30 13:56:44,910 - INFO - Train Stats
Loss:
  total: 0.15900047719478608
Metrics:
  cityscapes_dice: 0.9500718802213669
  cityscapes_jaccard_macro: 0.6310273200273514
  cityscapes_jaccard_micro: 0.9140285789966583

2024-03-30 13:57:13,092 - INFO - Validation Stats
Loss:
  total: 0.3654583194293082
Metrics:
  cityscapes_dice: 0.9096538312733173
  cityscapes_jaccard_macro: 0.5057913325726986
  cityscapes_jaccard_micro: 0.8611420933157206

2024-03-30 13:57:13,092 - INFO - Epoch 79/120
2024-03-30 13:57:59,363 - INFO - Train Stats
Loss:
  total: 0.15640883669257163
Metrics:
  cityscapes_dice: 0.9503955692052841
  cityscapes_jaccard_macro: 0.6459692269563675
  cityscapes_jaccard_micro: 0.9137965202331543

2024-03-30 13:58:29,991 - INFO - Validation Stats
Loss:
  total: 0.3847928289324045
Metrics:
  cityscapes_dice: 0.908068560063839
  cityscapes_jaccard_macro: 0.4987987782806158
  cityscapes_jaccard_micro: 0.8601325675845146

2024-03-30 13:58:29,991 - INFO - Epoch 80/120
2024-03-30 13:59:16,541 - INFO - Train Stats
Loss:
  total: 0.15523882508277892
Metrics:
  cityscapes_dice: 0.951328667998314
  cityscapes_jaccard_macro: 0.630217120051384
  cityscapes_jaccard_micro: 0.9156780153512954

2024-03-30 13:59:45,320 - INFO - Validation Stats
Loss:
  total: 0.3806347609497607
Metrics:
  cityscapes_dice: 0.9086428042501211
  cityscapes_jaccard_macro: 0.5034544048830867
  cityscapes_jaccard_micro: 0.859376510605216

2024-03-30 13:59:46,221 - INFO - Epoch 81/120
2024-03-30 14:00:33,048 - INFO - Train Stats
Loss:
  total: 0.1528736673295498
Metrics:
  cityscapes_dice: 0.9518771499395371
  cityscapes_jaccard_macro: 0.6389297306537628
  cityscapes_jaccard_micro: 0.9168242245912552

2024-03-30 14:01:04,325 - INFO - Validation Stats
Loss:
  total: 0.37219808250665665
Metrics:
  cityscapes_dice: 0.9090456757694483
  cityscapes_jaccard_macro: 0.49442679435014725
  cityscapes_jaccard_micro: 0.8611439764499664

2024-03-30 14:01:04,325 - INFO - Epoch 82/120
2024-03-30 14:01:50,892 - INFO - Train Stats
Loss:
  total: 0.15125529021024703
Metrics:
  cityscapes_dice: 0.952176782488823
  cityscapes_jaccard_macro: 0.6312482804059982
  cityscapes_jaccard_micro: 0.9172660410404205

2024-03-30 14:02:20,947 - INFO - Validation Stats
Loss:
  total: 0.371290679089725
Metrics:
  cityscapes_dice: 0.9098536632955074
  cityscapes_jaccard_macro: 0.5084573980420828
  cityscapes_jaccard_micro: 0.8610428627580404

2024-03-30 14:02:20,947 - INFO - Epoch 83/120
2024-03-30 14:03:07,058 - INFO - Train Stats
Loss:
  total: 0.1539550594985485
Metrics:
  cityscapes_dice: 0.9515919268131257
  cityscapes_jaccard_macro: 0.6344834566116333
  cityscapes_jaccard_micro: 0.9159008502960205

2024-03-30 14:03:35,919 - INFO - Validation Stats
Loss:
  total: 0.37221129331737757
Metrics:
  cityscapes_dice: 0.9094647280871868
  cityscapes_jaccard_macro: 0.5074367914348841
  cityscapes_jaccard_micro: 0.862371027469635

2024-03-30 14:03:35,920 - INFO - Epoch 84/120
2024-03-30 14:04:22,179 - INFO - Train Stats
Loss:
  total: 0.1544230356812477
Metrics:
  cityscapes_dice: 0.9515764802694321
  cityscapes_jaccard_macro: 0.639147412776947
  cityscapes_jaccard_micro: 0.9174392372369766

2024-03-30 14:04:51,091 - INFO - Validation Stats
Loss:
  total: 0.39260163996368647
Metrics:
  cityscapes_dice: 0.9059868790209293
  cityscapes_jaccard_macro: 0.49987472500652075
  cityscapes_jaccard_micro: 0.8565050922334194

2024-03-30 14:04:51,091 - INFO - Epoch 85/120
2024-03-30 14:05:37,681 - INFO - Train Stats
Loss:
  total: 0.15456466227769852
Metrics:
  cityscapes_dice: 0.9505996078252792
  cityscapes_jaccard_macro: 0.6476982802152633
  cityscapes_jaccard_micro: 0.9140252858400345

2024-03-30 14:06:07,126 - INFO - Validation Stats
Loss:
  total: 0.3737259875051677
Metrics:
  cityscapes_dice: 0.9103196803480387
  cityscapes_jaccard_macro: 0.5033221365883946
  cityscapes_jaccard_micro: 0.8633339032530785

2024-03-30 14:06:07,126 - INFO - Epoch 86/120
2024-03-30 14:06:53,308 - INFO - Train Stats
Loss:
  total: 0.15128287449479103
Metrics:
  cityscapes_dice: 0.9519133478403091
  cityscapes_jaccard_macro: 0.6400768846273422
  cityscapes_jaccard_micro: 0.9171562671661377

2024-03-30 14:07:21,399 - INFO - Validation Stats
Loss:
  total: 0.3730843961238861
Metrics:
  cityscapes_dice: 0.9099552500993013
  cityscapes_jaccard_macro: 0.5042056804522872
  cityscapes_jaccard_micro: 0.8625326622277498

2024-03-30 14:07:21,399 - INFO - Epoch 87/120
2024-03-30 14:08:07,572 - INFO - Train Stats
Loss:
  total: 0.15373944342136384
Metrics:
  cityscapes_dice: 0.9510407447814941
  cityscapes_jaccard_macro: 0.6183293014764786
  cityscapes_jaccard_micro: 0.9151987552642822

2024-03-30 14:08:35,673 - INFO - Validation Stats
Loss:
  total: 0.3725911364890635
Metrics:
  cityscapes_dice: 0.9099837467074394
  cityscapes_jaccard_macro: 0.496149193495512
  cityscapes_jaccard_micro: 0.8621938992291689

2024-03-30 14:08:35,674 - INFO - Epoch 88/120
2024-03-30 14:09:21,740 - INFO - Train Stats
Loss:
  total: 0.15074223503470421
Metrics:
  cityscapes_dice: 0.9526361882686615
  cityscapes_jaccard_macro: 0.64576855301857
  cityscapes_jaccard_micro: 0.9179403334856033

2024-03-30 14:09:50,035 - INFO - Validation Stats
Loss:
  total: 0.37493602000176907
Metrics:
  cityscapes_dice: 0.9103564526885748
  cityscapes_jaccard_macro: 0.5020086113363504
  cityscapes_jaccard_micro: 0.862544497475028

2024-03-30 14:09:50,035 - INFO - Epoch 89/120
2024-03-30 14:10:36,167 - INFO - Train Stats
Loss:
  total: 0.14780851155519487
Metrics:
  cityscapes_dice: 0.9531891047954559
  cityscapes_jaccard_macro: 0.6382144600152969
  cityscapes_jaccard_micro: 0.919016781449318

2024-03-30 14:11:01,682 - INFO - Validation Stats
Loss:
  total: 0.40001293923705816
Metrics:
  cityscapes_dice: 0.9059578292071819
  cityscapes_jaccard_macro: 0.4970768364146352
  cityscapes_jaccard_micro: 0.8557094875723124

2024-03-30 14:11:01,683 - INFO - Epoch 90/120
2024-03-30 14:11:47,678 - INFO - Train Stats
Loss:
  total: 0.15062237828969954
Metrics:
  cityscapes_dice: 0.9518483072519303
  cityscapes_jaccard_macro: 0.6316663697361946
  cityscapes_jaccard_micro: 0.916507238149643

2024-03-30 14:12:15,258 - INFO - Validation Stats
Loss:
  total: 0.3664241759106517
Metrics:
  cityscapes_dice: 0.9107334557920694
  cityscapes_jaccard_macro: 0.4994804793968797
  cityscapes_jaccard_micro: 0.8611739464104176

2024-03-30 14:12:16,127 - INFO - Epoch 91/120
2024-03-30 14:13:02,551 - INFO - Train Stats
Loss:
  total: 0.1494824394583702
Metrics:
  cityscapes_dice: 0.9524370074272156
  cityscapes_jaccard_macro: 0.6379196435213089
  cityscapes_jaccard_micro: 0.917139008641243

2024-03-30 14:13:32,744 - INFO - Validation Stats
Loss:
  total: 0.3745788373053074
Metrics:
  cityscapes_dice: 0.9095135983079672
  cityscapes_jaccard_macro: 0.5016459627076983
  cityscapes_jaccard_micro: 0.8622470274567604

2024-03-30 14:13:32,745 - INFO - Epoch 92/120
2024-03-30 14:14:19,073 - INFO - Train Stats
Loss:
  total: 0.14884257428348063
Metrics:
  cityscapes_dice: 0.9529868006706238
  cityscapes_jaccard_macro: 0.6460355162620545
  cityscapes_jaccard_micro: 0.9184398949146271

2024-03-30 14:14:47,410 - INFO - Validation Stats
Loss:
  total: 0.37195460218936205
Metrics:
  cityscapes_dice: 0.9114143531769514
  cityscapes_jaccard_macro: 0.5035869479179382
  cityscapes_jaccard_micro: 0.8645394314080477

2024-03-30 14:14:47,410 - INFO - Epoch 93/120
2024-03-30 14:15:33,593 - INFO - Train Stats
Loss:
  total: 0.14834512993693352
Metrics:
  cityscapes_dice: 0.952791628241539
  cityscapes_jaccard_macro: 0.6315476596355438
  cityscapes_jaccard_micro: 0.9182106912136078

2024-03-30 14:16:01,724 - INFO - Validation Stats
Loss:
  total: 0.3902347842231393
Metrics:
  cityscapes_dice: 0.9061061851680279
  cityscapes_jaccard_macro: 0.5041891317814589
  cityscapes_jaccard_micro: 0.8559018187224865

2024-03-30 14:16:01,725 - INFO - Epoch 94/120
2024-03-30 14:16:48,139 - INFO - Train Stats
Loss:
  total: 0.14784511253237725
Metrics:
  cityscapes_dice: 0.9531488865613937
  cityscapes_jaccard_macro: 0.6453026831150055
  cityscapes_jaccard_micro: 0.9190878450870514

2024-03-30 14:17:17,287 - INFO - Validation Stats
Loss:
  total: 0.3693535001948476
Metrics:
  cityscapes_dice: 0.9100314043462276
  cityscapes_jaccard_macro: 0.497110515832901
  cityscapes_jaccard_micro: 0.861310126259923

2024-03-30 14:17:17,287 - INFO - Epoch 95/120
2024-03-30 14:18:03,764 - INFO - Train Stats
Loss:
  total: 0.15448037311434745
Metrics:
  cityscapes_dice: 0.9510147988796234
  cityscapes_jaccard_macro: 0.657327589392662
  cityscapes_jaccard_micro: 0.9193020164966583

2024-03-30 14:18:33,458 - INFO - Validation Stats
Loss:
  total: 0.3793164612725377
Metrics:
  cityscapes_dice: 0.9091638252139091
  cityscapes_jaccard_macro: 0.503738951869309
  cityscapes_jaccard_micro: 0.8617939297109842

2024-03-30 14:18:33,458 - INFO - Epoch 96/120
2024-03-30 14:19:19,990 - INFO - Train Stats
Loss:
  total: 0.15130418241024018
Metrics:
  cityscapes_dice: 0.9522421002388001
  cityscapes_jaccard_macro: 0.6465939164161683
  cityscapes_jaccard_micro: 0.9166641026735306

2024-03-30 14:19:49,291 - INFO - Validation Stats
Loss:
  total: 0.3739892216399312
Metrics:
  cityscapes_dice: 0.9093571305274963
  cityscapes_jaccard_macro: 0.5024626767262816
  cityscapes_jaccard_micro: 0.859545947983861

2024-03-30 14:19:49,292 - INFO - Epoch 97/120
2024-03-30 14:20:35,686 - INFO - Train Stats
Loss:
  total: 0.1463774900883436
Metrics:
  cityscapes_dice: 0.9535753577947617
  cityscapes_jaccard_macro: 0.6374901562929154
  cityscapes_jaccard_micro: 0.9197374761104584

2024-03-30 14:21:03,735 - INFO - Validation Stats
Loss:
  total: 0.37687618425115943
Metrics:
  cityscapes_dice: 0.9099041428416967
  cityscapes_jaccard_macro: 0.5133635960519314
  cityscapes_jaccard_micro: 0.8613750413060188

2024-03-30 14:21:03,735 - INFO - Epoch 98/120
2024-03-30 14:21:50,288 - INFO - Train Stats
Loss:
  total: 0.14550407007336616
Metrics:
  cityscapes_dice: 0.9537671893835068
  cityscapes_jaccard_macro: 0.6647957563400269
  cityscapes_jaccard_micro: 0.9199256420135498

2024-03-30 14:22:20,458 - INFO - Validation Stats
Loss:
  total: 0.3667404633015394
Metrics:
  cityscapes_dice: 0.9105296991765499
  cityscapes_jaccard_macro: 0.5047825118526816
  cityscapes_jaccard_micro: 0.8614665940403938

2024-03-30 14:22:20,458 - INFO - Epoch 99/120
2024-03-30 14:23:07,098 - INFO - Train Stats
Loss:
  total: 0.14894244074821472
Metrics:
  cityscapes_dice: 0.9527746111154556
  cityscapes_jaccard_macro: 0.6381575435400009
  cityscapes_jaccard_micro: 0.9179059654474259

2024-03-30 14:23:37,731 - INFO - Validation Stats
Loss:
  total: 0.37417290546000004
Metrics:
  cityscapes_dice: 0.9103427268564701
  cityscapes_jaccard_macro: 0.5018203565850854
  cityscapes_jaccard_micro: 0.8617632519453764

2024-03-30 14:23:37,732 - INFO - Epoch 100/120
2024-03-30 14:24:23,857 - INFO - Train Stats
Loss:
  total: 0.14904242679476737
Metrics:
  cityscapes_dice: 0.9526215195655823
  cityscapes_jaccard_macro: 0.6494904190301896
  cityscapes_jaccard_micro: 0.9184689223766327

2024-03-30 14:24:51,513 - INFO - Validation Stats
Loss:
  total: 0.363040748052299
Metrics:
  cityscapes_dice: 0.9122257921844721
  cityscapes_jaccard_macro: 0.5004520285874605
  cityscapes_jaccard_micro: 0.8645772524178028

2024-03-30 14:24:52,413 - INFO - Epoch 101/120
2024-03-30 14:25:38,949 - INFO - Train Stats
Loss:
  total: 0.14766400828957557
Metrics:
  cityscapes_dice: 0.9529742807149887
  cityscapes_jaccard_macro: 0.6556888908147812
  cityscapes_jaccard_micro: 0.9183725923299789

2024-03-30 14:26:07,310 - INFO - Validation Stats
Loss:
  total: 0.38217205833643675
Metrics:
  cityscapes_dice: 0.9078038334846497
  cityscapes_jaccard_macro: 0.4959853496402502
  cityscapes_jaccard_micro: 0.8592557683587074

2024-03-30 14:26:07,311 - INFO - Epoch 102/120
2024-03-30 14:26:53,677 - INFO - Train Stats
Loss:
  total: 0.14750882498919965
Metrics:
  cityscapes_dice: 0.9528405427932739
  cityscapes_jaccard_macro: 0.6615481466054917
  cityscapes_jaccard_micro: 0.9182029008865357

2024-03-30 14:27:23,719 - INFO - Validation Stats
Loss:
  total: 0.3642938304692507
Metrics:
  cityscapes_dice: 0.9111324809491634
  cityscapes_jaccard_macro: 0.5079498710110784
  cityscapes_jaccard_micro: 0.8628593161702156

2024-03-30 14:27:23,719 - INFO - Epoch 103/120
2024-03-30 14:28:10,218 - INFO - Train Stats
Loss:
  total: 0.14899214953184128
Metrics:
  cityscapes_dice: 0.9526173710823059
  cityscapes_jaccard_macro: 0.6466414332389832
  cityscapes_jaccard_micro: 0.9178485453128815

2024-03-30 14:28:38,778 - INFO - Validation Stats
Loss:
  total: 0.36214233189821243
Metrics:
  cityscapes_dice: 0.9117810521274805
  cityscapes_jaccard_macro: 0.5138814738020301
  cityscapes_jaccard_micro: 0.8644358962774277

2024-03-30 14:28:39,964 - INFO - Epoch 104/120
2024-03-30 14:29:26,485 - INFO - Train Stats
Loss:
  total: 0.1427396133542061
Metrics:
  cityscapes_dice: 0.9545562773942947
  cityscapes_jaccard_macro: 0.6391154617071152
  cityscapes_jaccard_micro: 0.921053072810173

2024-03-30 14:29:55,368 - INFO - Validation Stats
Loss:
  total: 0.38051060819998384
Metrics:
  cityscapes_dice: 0.9086036887019873
  cityscapes_jaccard_macro: 0.5029244190081954
  cityscapes_jaccard_micro: 0.8600725550204515

2024-03-30 14:29:55,368 - INFO - Epoch 105/120
2024-03-30 14:30:41,744 - INFO - Train Stats
Loss:
  total: 0.14881838597357272
Metrics:
  cityscapes_dice: 0.9525506585836411
  cityscapes_jaccard_macro: 0.6583028227090836
  cityscapes_jaccard_micro: 0.917845857143402

2024-03-30 14:31:10,555 - INFO - Validation Stats
Loss:
  total: 0.3859806261025369
Metrics:
  cityscapes_dice: 0.9080246612429619
  cityscapes_jaccard_macro: 0.49889880418777466
  cityscapes_jaccard_micro: 0.859593516215682

2024-03-30 14:31:10,555 - INFO - Epoch 106/120
2024-03-30 14:31:56,885 - INFO - Train Stats
Loss:
  total: 0.14341491945087909
Metrics:
  cityscapes_dice: 0.9543482840061188
  cityscapes_jaccard_macro: 0.6510799378156662
  cityscapes_jaccard_micro: 0.9209184557199478

2024-03-30 14:32:27,487 - INFO - Validation Stats
Loss:
  total: 0.37508418830111623
Metrics:
  cityscapes_dice: 0.9107399694621563
  cityscapes_jaccard_macro: 0.5068452330306172
  cityscapes_jaccard_micro: 0.8633278030902147

2024-03-30 14:32:27,487 - INFO - Epoch 107/120
2024-03-30 14:33:13,794 - INFO - Train Stats
Loss:
  total: 0.1466217741370201
Metrics:
  cityscapes_dice: 0.9534123301506042
  cityscapes_jaccard_macro: 0.6350818276405334
  cityscapes_jaccard_micro: 0.9191606223583222

2024-03-30 14:33:41,556 - INFO - Validation Stats
Loss:
  total: 0.37393378326669335
Metrics:
  cityscapes_dice: 0.9121076632291079
  cityscapes_jaccard_macro: 0.5110494773834944
  cityscapes_jaccard_micro: 0.8655919320881367

2024-03-30 14:33:41,556 - INFO - Epoch 108/120
2024-03-30 14:34:27,918 - INFO - Train Stats
Loss:
  total: 0.14592370241880417
Metrics:
  cityscapes_dice: 0.9535449862480163
  cityscapes_jaccard_macro: 0.636581364274025
  cityscapes_jaccard_micro: 0.9194710791110993

2024-03-30 14:34:57,913 - INFO - Validation Stats
Loss:
  total: 0.3857154808938503
Metrics:
  cityscapes_dice: 0.909767622128129
  cityscapes_jaccard_macro: 0.5118023827672005
  cityscapes_jaccard_micro: 0.8619500268250704

2024-03-30 14:34:57,913 - INFO - Epoch 109/120
2024-03-30 14:35:44,185 - INFO - Train Stats
Loss:
  total: 0.15431926883757113
Metrics:
  cityscapes_dice: 0.9511777997016907
  cityscapes_jaccard_macro: 0.6395881026983261
  cityscapes_jaccard_micro: 0.9156293362379074

2024-03-30 14:36:13,867 - INFO - Validation Stats
Loss:
  total: 0.37977515533566475
Metrics:
  cityscapes_dice: 0.9107671100646257
  cityscapes_jaccard_macro: 0.5017250999808311
  cityscapes_jaccard_micro: 0.8638173136860132

2024-03-30 14:36:13,867 - INFO - Epoch 110/120
2024-03-30 14:37:00,375 - INFO - Train Stats
Loss:
  total: 0.14363616444170474
Metrics:
  cityscapes_dice: 0.954009136557579
  cityscapes_jaccard_macro: 0.6557049363851547
  cityscapes_jaccard_micro: 0.9199727773666382

2024-03-30 14:37:27,563 - INFO - Validation Stats
Loss:
  total: 0.3787258523516357
Metrics:
  cityscapes_dice: 0.9089092426002026
  cityscapes_jaccard_macro: 0.5021712435409427
  cityscapes_jaccard_micro: 0.8596112839877605

2024-03-30 14:37:28,449 - INFO - Epoch 111/120
2024-03-30 14:38:14,999 - INFO - Train Stats
Loss:
  total: 0.14331541284918786
Metrics:
  cityscapes_dice: 0.9542858839035034
  cityscapes_jaccard_macro: 0.6614068865776062
  cityscapes_jaccard_micro: 0.9211585283279419

2024-03-30 14:38:46,703 - INFO - Validation Stats
Loss:
  total: 0.37425961438566446
Metrics:
  cityscapes_dice: 0.9112755469977856
  cityscapes_jaccard_macro: 0.5089144306257367
  cityscapes_jaccard_micro: 0.864244170486927

2024-03-30 14:38:46,703 - INFO - Epoch 112/120
2024-03-30 14:39:33,220 - INFO - Train Stats
Loss:
  total: 0.14543645232915878
Metrics:
  cityscapes_dice: 0.9535113781690597
  cityscapes_jaccard_macro: 0.6431101262569427
  cityscapes_jaccard_micro: 0.9195028513669967

2024-03-30 14:40:02,427 - INFO - Validation Stats
Loss:
  total: 0.3732113065198064
Metrics:
  cityscapes_dice: 0.9099024441093206
  cityscapes_jaccard_macro: 0.5041308840736747
  cityscapes_jaccard_micro: 0.8628107495605946

2024-03-30 14:40:02,428 - INFO - Epoch 113/120
2024-03-30 14:40:48,673 - INFO - Train Stats
Loss:
  total: 0.1472382988780737
Metrics:
  cityscapes_dice: 0.9533179342746735
  cityscapes_jaccard_macro: 0.6649227738380432
  cityscapes_jaccard_micro: 0.919179481267929

2024-03-30 14:41:17,259 - INFO - Validation Stats
Loss:
  total: 0.3828286095522344
Metrics:
  cityscapes_dice: 0.9103006422519684
  cityscapes_jaccard_macro: 0.5008079623803496
  cityscapes_jaccard_micro: 0.8634790852665901

2024-03-30 14:41:17,260 - INFO - Epoch 114/120
2024-03-30 14:42:03,893 - INFO - Train Stats
Loss:
  total: 0.1441605944186449
Metrics:
  cityscapes_dice: 0.9542231231927871
  cityscapes_jaccard_macro: 0.6685123443603516
  cityscapes_jaccard_micro: 0.9203729093074798

2024-03-30 14:42:33,230 - INFO - Validation Stats
Loss:
  total: 0.36321408580988646
Metrics:
  cityscapes_dice: 0.9125720541924238
  cityscapes_jaccard_macro: 0.5043238447979093
  cityscapes_jaccard_micro: 0.864915618672967

2024-03-30 14:42:33,231 - INFO - Epoch 115/120
2024-03-30 14:43:19,803 - INFO - Train Stats
Loss:
  total: 0.14339639954268932
Metrics:
  cityscapes_dice: 0.953965711593628
  cityscapes_jaccard_macro: 0.662439376115799
  cityscapes_jaccard_micro: 0.9202082812786102

2024-03-30 14:43:51,154 - INFO - Validation Stats
Loss:
  total: 0.37670467095449567
Metrics:
  cityscapes_dice: 0.9101762548089027
  cityscapes_jaccard_macro: 0.5083126612007618
  cityscapes_jaccard_micro: 0.8629148658365011

2024-03-30 14:43:51,154 - INFO - Epoch 116/120
2024-03-30 14:44:37,871 - INFO - Train Stats
Loss:
  total: 0.14700857028365136
Metrics:
  cityscapes_dice: 0.9533405840396881
  cityscapes_jaccard_macro: 0.6591763973236084
  cityscapes_jaccard_micro: 0.9187899053096771

2024-03-30 14:45:05,439 - INFO - Validation Stats
Loss:
  total: 0.38464133720844984
Metrics:
  cityscapes_dice: 0.9093356411904097
  cityscapes_jaccard_macro: 0.5050267977640033
  cityscapes_jaccard_micro: 0.8614737149327993

2024-03-30 14:45:05,439 - INFO - Epoch 117/120
2024-03-30 14:45:52,047 - INFO - Train Stats
Loss:
  total: 0.14349159076809884
Metrics:
  cityscapes_dice: 0.9540060549974442
  cityscapes_jaccard_macro: 0.6488403439521789
  cityscapes_jaccard_micro: 0.9201891660690308

2024-03-30 14:46:23,355 - INFO - Validation Stats
Loss:
  total: 0.3632747009396553
Metrics:
  cityscapes_dice: 0.9126454778015614
  cityscapes_jaccard_macro: 0.514080960303545
  cityscapes_jaccard_micro: 0.8648403268307447

2024-03-30 14:46:23,355 - INFO - Epoch 118/120
2024-03-30 14:47:09,744 - INFO - Train Stats
Loss:
  total: 0.14371083118021488
Metrics:
  cityscapes_dice: 0.954399973154068
  cityscapes_jaccard_macro: 0.6487702399492263
  cityscapes_jaccard_micro: 0.9207945376634598

2024-03-30 14:47:39,694 - INFO - Validation Stats
Loss:
  total: 0.3825352042913437
Metrics:
  cityscapes_dice: 0.9091032315045595
  cityscapes_jaccard_macro: 0.4910589596256614
  cityscapes_jaccard_micro: 0.8613729923963547

2024-03-30 14:47:39,694 - INFO - Epoch 119/120
2024-03-30 14:48:25,976 - INFO - Train Stats
Loss:
  total: 0.14491502605378628
Metrics:
  cityscapes_dice: 0.9535865157842636
  cityscapes_jaccard_macro: 0.6564952671527863
  cityscapes_jaccard_micro: 0.9197039812803268

2024-03-30 14:48:52,655 - INFO - Validation Stats
Loss:
  total: 0.36962575279176235
Metrics:
  cityscapes_dice: 0.9107644353061914
  cityscapes_jaccard_macro: 0.5110893547534943
  cityscapes_jaccard_micro: 0.8642278127372265

2024-03-30 14:48:52,655 - INFO - Epoch 120/120
2024-03-30 14:49:38,938 - INFO - Train Stats
Loss:
  total: 0.14251212254166604
Metrics:
  cityscapes_dice: 0.9543737798929215
  cityscapes_jaccard_macro: 0.6518130898475647
  cityscapes_jaccard_micro: 0.9205672055482864

2024-03-30 14:50:07,613 - INFO - Validation Stats
Loss:
  total: 0.3785834200680256
Metrics:
  cityscapes_dice: 0.910671966150403
  cityscapes_jaccard_macro: 0.5009958054870367
  cityscapes_jaccard_micro: 0.8642156012356281

2024-03-30 14:50:08,416 - INFO - Best validation loss: 0.36214233189821243
2024-03-30 14:50:09,104 - INFO - Best model saved to /home/up201905337/exploring-label-efficiency/weights/sl_cityscapes_deeplabv3_309l.pth
2024-03-30 14:50:09,106 - INFO - Training took 9387.87054014206 seconds to complete
