2024-06-24 16:26:51,744 - INFO - Loading configuration files...
2024-06-24 16:26:52,100 - INFO - Loading model configuration
args:
  backbone: mobilenet_v3_large
  num_classes: 20
class: DeepLabV3

2024-06-24 16:26:52,136 - INFO - Loading train_dataset configuration
args:
  num_labeled: 619
  root: /data/auto/cityscapes
  train_val_split: 2475
class: SemiSupervisedCityscapesSeg

2024-06-24 16:26:52,287 - INFO - Loading val_dataset configuration
args:
  mode: fine
  root: /data/auto/cityscapes
  train_val_split: 2475
class: CityscapesSeg

2024-06-24 16:26:52,298 - INFO - Loading optimizer configuration
args:
  lr: 0.007
  momentum: 0.9
  weight_decay: 0.0005
class: SGD

2024-06-24 16:26:52,299 - INFO - Loading loss configuration
args:
  ignore_index: 0
class: CrossEntropyLoss

2024-06-24 16:26:52,321 - INFO - Loading metrics configuration
cityscapes_dice:
  args:
    average: micro
    ignore_index: 0
    num_classes: 20
  class: Dice
cityscapes_jaccard_macro:
  args:
    average: macro
    ignore_index: 0
    num_classes: 20
    task: multiclass
    validate_args: false
  class: JaccardIndex
cityscapes_jaccard_micro:
  args:
    average: micro
    ignore_index: 0
    num_classes: 20
    task: multiclass
    validate_args: false
  class: JaccardIndex

2024-06-24 16:26:52,326 - INFO - Loading scheduler configuration
args:
  power: 0.9
  total_iters: 120
class: PolynomialLR

2024-06-24 16:26:52,326 - INFO - Loading hyperparameters configuration
batch_size: 16
ema_decay: null
epochs: 120
num_workers: 4
save_freq: 10

2024-06-24 16:26:52,726 - INFO - Using device: cuda
2024-06-24 16:26:52,987 - INFO - Training for 120 epochs
2024-06-24 16:26:52,987 - INFO - Epoch 1/120
2024-06-24 16:27:21,819 - INFO - Train Stats
Loss:
  total: 1.236786255469689
Metrics:
  cityscapes_dice: 0.6524526473039236
  cityscapes_jaccard_macro: 0.1294194252636188
  cityscapes_jaccard_micro: 0.54544418443663

2024-06-24 16:27:47,407 - INFO - Validation Stats
Loss:
  total: 0.7234123907983303
Metrics:
  cityscapes_dice: 0.759493000805378
  cityscapes_jaccard_macro: 0.19205529149621725
  cityscapes_jaccard_micro: 0.6641586273908615

2024-06-24 16:27:48,938 - INFO - Epoch 2/120
2024-06-24 16:28:18,745 - INFO - Train Stats
Loss:
  total: 0.5975226523020328
Metrics:
  cityscapes_dice: 0.7955637650612073
  cityscapes_jaccard_macro: 0.22300719259641108
  cityscapes_jaccard_micro: 0.7192240265699533

2024-06-24 16:28:43,188 - INFO - Validation Stats
Loss:
  total: 0.5737649258226156
Metrics:
  cityscapes_dice: 0.7941761948168278
  cityscapes_jaccard_macro: 0.23109684139490128
  cityscapes_jaccard_micro: 0.7182337436825037

2024-06-24 16:28:44,655 - INFO - Epoch 3/120
2024-06-24 16:29:15,044 - INFO - Train Stats
Loss:
  total: 0.5244863598774641
Metrics:
  cityscapes_dice: 0.8102306081698492
  cityscapes_jaccard_macro: 0.2402119258275399
  cityscapes_jaccard_micro: 0.7415063350628583

2024-06-24 16:29:39,738 - INFO - Validation Stats
Loss:
  total: 0.5093754921108484
Metrics:
  cityscapes_dice: 0.8108778409659863
  cityscapes_jaccard_macro: 0.24999717762693763
  cityscapes_jaccard_micro: 0.7424127757549286

2024-06-24 16:29:41,384 - INFO - Epoch 4/120
2024-06-24 16:30:12,442 - INFO - Train Stats
Loss:
  total: 0.48199659968033814
Metrics:
  cityscapes_dice: 0.8195215050990765
  cityscapes_jaccard_macro: 0.2602925590979747
  cityscapes_jaccard_micro: 0.7557721244983184

2024-06-24 16:30:36,957 - INFO - Validation Stats
Loss:
  total: 0.47310282941907644
Metrics:
  cityscapes_dice: 0.8199218977242708
  cityscapes_jaccard_macro: 0.2760419403202832
  cityscapes_jaccard_micro: 0.7572487704455853

2024-06-24 16:30:38,591 - INFO - Epoch 5/120
2024-06-24 16:31:08,748 - INFO - Train Stats
Loss:
  total: 0.46124074245110536
Metrics:
  cityscapes_dice: 0.8234513646517044
  cityscapes_jaccard_macro: 0.276711085667977
  cityscapes_jaccard_micro: 0.7624419178718176

2024-06-24 16:31:32,947 - INFO - Validation Stats
Loss:
  total: 0.44722127355635166
Metrics:
  cityscapes_dice: 0.8258533421903849
  cityscapes_jaccard_macro: 0.2826902926899493
  cityscapes_jaccard_micro: 0.7680248823016882

2024-06-24 16:31:34,646 - INFO - Epoch 6/120
2024-06-24 16:32:05,178 - INFO - Train Stats
Loss:
  total: 0.4387553395369114
Metrics:
  cityscapes_dice: 0.8269158403078715
  cityscapes_jaccard_macro: 0.28392861783504486
  cityscapes_jaccard_micro: 0.7684997641123258

2024-06-24 16:32:29,510 - INFO - Validation Stats
Loss:
  total: 0.43730737734586
Metrics:
  cityscapes_dice: 0.8271245528012514
  cityscapes_jaccard_macro: 0.2905510454438627
  cityscapes_jaccard_micro: 0.7715887781232595

2024-06-24 16:32:31,117 - INFO - Epoch 7/120
2024-06-24 16:33:00,108 - INFO - Train Stats
Loss:
  total: 0.4155987478219546
Metrics:
  cityscapes_dice: 0.8319624479000385
  cityscapes_jaccard_macro: 0.29373777294770265
  cityscapes_jaccard_micro: 0.7771682525292422

2024-06-24 16:33:23,877 - INFO - Validation Stats
Loss:
  total: 0.4147188067436218
Metrics:
  cityscapes_dice: 0.8328755516558886
  cityscapes_jaccard_macro: 0.3024308495223522
  cityscapes_jaccard_micro: 0.7791792433708906

2024-06-24 16:33:25,437 - INFO - Epoch 8/120
2024-06-24 16:33:56,931 - INFO - Train Stats
Loss:
  total: 0.41202008494964015
Metrics:
  cityscapes_dice: 0.8338090700980945
  cityscapes_jaccard_macro: 0.2986015815001268
  cityscapes_jaccard_micro: 0.7795289067121652

2024-06-24 16:34:21,623 - INFO - Validation Stats
Loss:
  total: 0.4058211911469698
Metrics:
  cityscapes_dice: 0.8357163295149803
  cityscapes_jaccard_macro: 0.3025986151769757
  cityscapes_jaccard_micro: 0.7843122445046902

2024-06-24 16:34:23,165 - INFO - Epoch 9/120
2024-06-24 16:34:52,591 - INFO - Train Stats
Loss:
  total: 0.4026860426633786
Metrics:
  cityscapes_dice: 0.8364055599921789
  cityscapes_jaccard_macro: 0.3012781907350589
  cityscapes_jaccard_micro: 0.7825537736599262

2024-06-24 16:35:16,324 - INFO - Validation Stats
Loss:
  total: 0.39637720212340355
Metrics:
  cityscapes_dice: 0.83744877576828
  cityscapes_jaccard_macro: 0.302513862028718
  cityscapes_jaccard_micro: 0.7859823107719421

2024-06-24 16:35:17,763 - INFO - Epoch 10/120
2024-06-24 16:35:47,309 - INFO - Train Stats
Loss:
  total: 0.38687721888224286
Metrics:
  cityscapes_dice: 0.8389752354377356
  cityscapes_jaccard_macro: 0.31873337427775067
  cityscapes_jaccard_micro: 0.7898289087491158

2024-06-24 16:36:12,209 - INFO - Validation Stats
Loss:
  total: 0.3869585432112217
Metrics:
  cityscapes_dice: 0.8381153158843517
  cityscapes_jaccard_macro: 0.3228486431762576
  cityscapes_jaccard_micro: 0.7890015542507172

2024-06-24 16:36:15,778 - INFO - Epoch 11/120
2024-06-24 16:36:45,979 - INFO - Train Stats
Loss:
  total: 0.3837591600723756
Metrics:
  cityscapes_dice: 0.8400569909658188
  cityscapes_jaccard_macro: 0.3270305120027982
  cityscapes_jaccard_micro: 0.7903451445775155

2024-06-24 16:37:10,096 - INFO - Validation Stats
Loss:
  total: 0.395171825774014
Metrics:
  cityscapes_dice: 0.8373109102249146
  cityscapes_jaccard_macro: 0.32765328884124756
  cityscapes_jaccard_micro: 0.7857773564755917

2024-06-24 16:37:10,097 - INFO - Epoch 12/120
2024-06-24 16:37:39,715 - INFO - Train Stats
Loss:
  total: 0.3554353362474686
Metrics:
  cityscapes_dice: 0.8481243527852572
  cityscapes_jaccard_macro: 0.3402234277664087
  cityscapes_jaccard_micro: 0.8027159586930886

2024-06-24 16:38:03,726 - INFO - Validation Stats
Loss:
  total: 0.37484080996364355
Metrics:
  cityscapes_dice: 0.8416886869817972
  cityscapes_jaccard_macro: 0.32507830299437046
  cityscapes_jaccard_micro: 0.7920590229332447

2024-06-24 16:38:05,372 - INFO - Epoch 13/120
2024-06-24 16:38:35,339 - INFO - Train Stats
Loss:
  total: 0.35408152295992923
Metrics:
  cityscapes_dice: 0.8455015344497485
  cityscapes_jaccard_macro: 0.34807108839352924
  cityscapes_jaccard_micro: 0.8017124151572202

2024-06-24 16:38:59,764 - INFO - Validation Stats
Loss:
  total: 0.37451326474547386
Metrics:
  cityscapes_dice: 0.8409211989492178
  cityscapes_jaccard_macro: 0.3347262339666486
  cityscapes_jaccard_micro: 0.7919372729957104

2024-06-24 16:39:01,393 - INFO - Epoch 14/120
2024-06-24 16:39:32,816 - INFO - Train Stats
Loss:
  total: 0.3469179563033275
Metrics:
  cityscapes_dice: 0.849430168286348
  cityscapes_jaccard_macro: 0.3562328937726143
  cityscapes_jaccard_micro: 0.8062465756367414

2024-06-24 16:39:57,268 - INFO - Validation Stats
Loss:
  total: 0.3672320256009698
Metrics:
  cityscapes_dice: 0.8417241256684065
  cityscapes_jaccard_macro: 0.3434038106352091
  cityscapes_jaccard_micro: 0.7938377894461155

2024-06-24 16:39:59,002 - INFO - Epoch 15/120
2024-06-24 16:40:29,671 - INFO - Train Stats
Loss:
  total: 0.34672261889164263
Metrics:
  cityscapes_dice: 0.8474826384813358
  cityscapes_jaccard_macro: 0.36603519091239345
  cityscapes_jaccard_micro: 0.8038019232260876

2024-06-24 16:40:53,933 - INFO - Validation Stats
Loss:
  total: 0.35828246269375086
Metrics:
  cityscapes_dice: 0.8445257171988487
  cityscapes_jaccard_macro: 0.3382188817486167
  cityscapes_jaccard_micro: 0.7988896835595369

2024-06-24 16:40:55,541 - INFO - Epoch 16/120
2024-06-24 16:41:26,545 - INFO - Train Stats
Loss:
  total: 0.3363514626637483
Metrics:
  cityscapes_dice: 0.8516041147403228
  cityscapes_jaccard_macro: 0.3688594882304852
  cityscapes_jaccard_micro: 0.8095062543184329

2024-06-24 16:41:50,711 - INFO - Validation Stats
Loss:
  total: 0.35396513622254133
Metrics:
  cityscapes_dice: 0.8448960352689028
  cityscapes_jaccard_macro: 0.3466449324041605
  cityscapes_jaccard_micro: 0.7995520867407322

2024-06-24 16:41:52,366 - INFO - Epoch 17/120
2024-06-24 16:42:23,038 - INFO - Train Stats
Loss:
  total: 0.3341723206715706
Metrics:
  cityscapes_dice: 0.8507196077933679
  cityscapes_jaccard_macro: 0.3686949427311237
  cityscapes_jaccard_micro: 0.8088218600322039

2024-06-24 16:42:47,111 - INFO - Validation Stats
Loss:
  total: 0.35892654675990343
Metrics:
  cityscapes_dice: 0.8445690665394068
  cityscapes_jaccard_macro: 0.34624645859003067
  cityscapes_jaccard_micro: 0.7969036567956209

2024-06-24 16:42:47,111 - INFO - Epoch 18/120
2024-06-24 16:43:17,696 - INFO - Train Stats
Loss:
  total: 0.3278298507898282
Metrics:
  cityscapes_dice: 0.8524560622679882
  cityscapes_jaccard_macro: 0.3755329832052573
  cityscapes_jaccard_micro: 0.811299993441655

2024-06-24 16:43:41,688 - INFO - Validation Stats
Loss:
  total: 0.3520135609433055
Metrics:
  cityscapes_dice: 0.845672694966197
  cityscapes_jaccard_macro: 0.34547925367951393
  cityscapes_jaccard_micro: 0.8012030553072691

2024-06-24 16:43:43,210 - INFO - Epoch 19/120
2024-06-24 16:44:12,707 - INFO - Train Stats
Loss:
  total: 0.3200926314561795
Metrics:
  cityscapes_dice: 0.8544205534152496
  cityscapes_jaccard_macro: 0.3704252418799278
  cityscapes_jaccard_micro: 0.8149259900435423

2024-06-24 16:44:36,389 - INFO - Validation Stats
Loss:
  total: 0.34499451238662004
Metrics:
  cityscapes_dice: 0.8474652078002691
  cityscapes_jaccard_macro: 0.35728347674012184
  cityscapes_jaccard_micro: 0.8032938688993454

2024-06-24 16:44:37,938 - INFO - Epoch 20/120
2024-06-24 16:45:09,847 - INFO - Train Stats
Loss:
  total: 0.31801946957906085
Metrics:
  cityscapes_dice: 0.8549167605546805
  cityscapes_jaccard_macro: 0.383491256298163
  cityscapes_jaccard_micro: 0.8156598195051535

2024-06-24 16:45:34,406 - INFO - Validation Stats
Loss:
  total: 0.34414372500032187
Metrics:
  cityscapes_dice: 0.8465290293097496
  cityscapes_jaccard_macro: 0.34853763692080975
  cityscapes_jaccard_micro: 0.8013038896024227

2024-06-24 16:45:37,768 - INFO - Epoch 21/120
2024-06-24 16:46:07,775 - INFO - Train Stats
Loss:
  total: 0.3086360780856548
Metrics:
  cityscapes_dice: 0.856555272371341
  cityscapes_jaccard_macro: 0.3794558667219602
  cityscapes_jaccard_micro: 0.8190731238096188

2024-06-24 16:46:32,324 - INFO - Validation Stats
Loss:
  total: 0.33914348389953375
Metrics:
  cityscapes_dice: 0.8470350112766027
  cityscapes_jaccard_macro: 0.359450900927186
  cityscapes_jaccard_micro: 0.804301705211401

2024-06-24 16:46:33,837 - INFO - Epoch 22/120
2024-06-24 16:47:03,404 - INFO - Train Stats
Loss:
  total: 0.3070119015681438
Metrics:
  cityscapes_dice: 0.8573406491524134
  cityscapes_jaccard_macro: 0.3906256541227683
  cityscapes_jaccard_micro: 0.8201839098563561

2024-06-24 16:47:28,293 - INFO - Validation Stats
Loss:
  total: 0.3337410157546401
Metrics:
  cityscapes_dice: 0.8498224653303623
  cityscapes_jaccard_macro: 0.35619570314884186
  cityscapes_jaccard_micro: 0.8062689267098904

2024-06-24 16:47:30,874 - INFO - Epoch 23/120
2024-06-24 16:48:00,423 - INFO - Train Stats
Loss:
  total: 0.2963742804832948
Metrics:
  cityscapes_dice: 0.8617559656118735
  cityscapes_jaccard_macro: 0.39186543684739333
  cityscapes_jaccard_micro: 0.8250507024618295

2024-06-24 16:48:23,791 - INFO - Validation Stats
Loss:
  total: 0.33597472310066223
Metrics:
  cityscapes_dice: 0.8494432978332043
  cityscapes_jaccard_macro: 0.363962734118104
  cityscapes_jaccard_micro: 0.8061988819390535

2024-06-24 16:48:23,791 - INFO - Epoch 24/120
2024-06-24 16:48:54,677 - INFO - Train Stats
Loss:
  total: 0.29522653993887776
Metrics:
  cityscapes_dice: 0.8609139842864795
  cityscapes_jaccard_macro: 0.3955597533629491
  cityscapes_jaccard_micro: 0.8262188083086258

2024-06-24 16:49:19,149 - INFO - Validation Stats
Loss:
  total: 0.3288200106471777
Metrics:
  cityscapes_dice: 0.8502768240869045
  cityscapes_jaccard_macro: 0.36332760844379663
  cityscapes_jaccard_micro: 0.8096366543322802

2024-06-24 16:49:20,640 - INFO - Epoch 25/120
2024-06-24 16:49:52,350 - INFO - Train Stats
Loss:
  total: 0.29363188567834025
Metrics:
  cityscapes_dice: 0.8615537117689084
  cityscapes_jaccard_macro: 0.40407975973227084
  cityscapes_jaccard_micro: 0.8265280891687442

2024-06-24 16:50:16,832 - INFO - Validation Stats
Loss:
  total: 0.33265294320881367
Metrics:
  cityscapes_dice: 0.8495990764349699
  cityscapes_jaccard_macro: 0.36807884089648724
  cityscapes_jaccard_micro: 0.8065597787499428

2024-06-24 16:50:16,832 - INFO - Epoch 26/120
2024-06-24 16:50:47,659 - INFO - Train Stats
Loss:
  total: 0.28914883962044347
Metrics:
  cityscapes_dice: 0.8632212434059534
  cityscapes_jaccard_macro: 0.40526355994053376
  cityscapes_jaccard_micro: 0.8296717252486792

2024-06-24 16:51:12,459 - INFO - Validation Stats
Loss:
  total: 0.32757833786308765
Metrics:
  cityscapes_dice: 0.852163789793849
  cityscapes_jaccard_macro: 0.3600496957078576
  cityscapes_jaccard_micro: 0.8099740575999022

2024-06-24 16:51:14,046 - INFO - Epoch 27/120
2024-06-24 16:51:44,677 - INFO - Train Stats
Loss:
  total: 0.2841096612123343
Metrics:
  cityscapes_dice: 0.8646926650634179
  cityscapes_jaccard_macro: 0.41129721051607376
  cityscapes_jaccard_micro: 0.8317185380519965

2024-06-24 16:52:09,268 - INFO - Validation Stats
Loss:
  total: 0.32246654387563467
Metrics:
  cityscapes_dice: 0.853184949606657
  cityscapes_jaccard_macro: 0.36768896225839853
  cityscapes_jaccard_micro: 0.8116545807570219

2024-06-24 16:52:10,846 - INFO - Epoch 28/120
2024-06-24 16:52:41,552 - INFO - Train Stats
Loss:
  total: 0.28259620719995254
Metrics:
  cityscapes_dice: 0.8646499056082505
  cityscapes_jaccard_macro: 0.41702251862256956
  cityscapes_jaccard_micro: 0.8331701159477234

2024-06-24 16:53:05,927 - INFO - Validation Stats
Loss:
  total: 0.32427746057510376
Metrics:
  cityscapes_dice: 0.8510290663689375
  cityscapes_jaccard_macro: 0.3682167222723365
  cityscapes_jaccard_micro: 0.8108172006905079

2024-06-24 16:53:05,927 - INFO - Epoch 29/120
2024-06-24 16:53:38,528 - INFO - Train Stats
Loss:
  total: 0.2771311658315169
Metrics:
  cityscapes_dice: 0.8662095192151192
  cityscapes_jaccard_macro: 0.4148587546287439
  cityscapes_jaccard_micro: 0.8353216174321297

2024-06-24 16:54:03,226 - INFO - Validation Stats
Loss:
  total: 0.32108504604548216
Metrics:
  cityscapes_dice: 0.8536758963018656
  cityscapes_jaccard_macro: 0.3733132891356945
  cityscapes_jaccard_micro: 0.8142630439251661

2024-06-24 16:54:04,741 - INFO - Epoch 30/120
2024-06-24 16:54:35,797 - INFO - Train Stats
Loss:
  total: 0.2780966533300204
Metrics:
  cityscapes_dice: 0.8661609903360025
  cityscapes_jaccard_macro: 0.41804556968884593
  cityscapes_jaccard_micro: 0.8339350605622317

2024-06-24 16:55:00,694 - INFO - Validation Stats
Loss:
  total: 0.32631340343505144
Metrics:
  cityscapes_dice: 0.8517809398472309
  cityscapes_jaccard_macro: 0.37047520838677883
  cityscapes_jaccard_micro: 0.8098897524178028

2024-06-24 16:55:02,141 - INFO - Epoch 31/120
2024-06-24 16:55:31,937 - INFO - Train Stats
Loss:
  total: 0.27665583139810807
Metrics:
  cityscapes_dice: 0.8667570016322992
  cityscapes_jaccard_macro: 0.42449873915085423
  cityscapes_jaccard_micro: 0.8349152665871841

2024-06-24 16:55:57,024 - INFO - Validation Stats
Loss:
  total: 0.3125729113817215
Metrics:
  cityscapes_dice: 0.8552533760666847
  cityscapes_jaccard_macro: 0.3817250281572342
  cityscapes_jaccard_micro: 0.8161698151379824

2024-06-24 16:55:59,947 - INFO - Epoch 32/120
2024-06-24 16:56:29,704 - INFO - Train Stats
Loss:
  total: 0.2678116533236626
Metrics:
  cityscapes_dice: 0.8698318081024365
  cityscapes_jaccard_macro: 0.4208332170278598
  cityscapes_jaccard_micro: 0.8404308618643345

2024-06-24 16:56:54,473 - INFO - Validation Stats
Loss:
  total: 0.3179171048104763
Metrics:
  cityscapes_dice: 0.8530692290514708
  cityscapes_jaccard_macro: 0.37367622554302216
  cityscapes_jaccard_micro: 0.8133212756365538

2024-06-24 16:56:54,474 - INFO - Epoch 33/120
2024-06-24 16:57:25,578 - INFO - Train Stats
Loss:
  total: 0.2700972251403026
Metrics:
  cityscapes_dice: 0.8676154827460264
  cityscapes_jaccard_macro: 0.4281060412908212
  cityscapes_jaccard_micro: 0.8382381216073648

2024-06-24 16:57:50,545 - INFO - Validation Stats
Loss:
  total: 0.3130589984357357
Metrics:
  cityscapes_dice: 0.8530574217438698
  cityscapes_jaccard_macro: 0.38139230851083994
  cityscapes_jaccard_micro: 0.8158149290829897

2024-06-24 16:57:50,545 - INFO - Epoch 34/120
2024-06-24 16:58:22,241 - INFO - Train Stats
Loss:
  total: 0.2691096136203179
Metrics:
  cityscapes_dice: 0.868720782108796
  cityscapes_jaccard_macro: 0.43469559382169676
  cityscapes_jaccard_micro: 0.8389304723495092

2024-06-24 16:58:46,576 - INFO - Validation Stats
Loss:
  total: 0.31809108704328537
Metrics:
  cityscapes_dice: 0.853702837601304
  cityscapes_jaccard_macro: 0.3766210563480854
  cityscapes_jaccard_micro: 0.8146956562995911

2024-06-24 16:58:46,576 - INFO - Epoch 35/120
2024-06-24 16:59:17,697 - INFO - Train Stats
Loss:
  total: 0.2675143144069574
Metrics:
  cityscapes_dice: 0.8695852206303523
  cityscapes_jaccard_macro: 0.437598494383005
  cityscapes_jaccard_micro: 0.8400202897878793

2024-06-24 16:59:45,872 - INFO - Validation Stats
Loss:
  total: 0.3259979533031583
Metrics:
  cityscapes_dice: 0.8508904576301575
  cityscapes_jaccard_macro: 0.3810491980984807
  cityscapes_jaccard_micro: 0.810788668692112

2024-06-24 16:59:45,873 - INFO - Epoch 36/120
2024-06-24 17:00:16,857 - INFO - Train Stats
Loss:
  total: 0.2635749517342983
Metrics:
  cityscapes_dice: 0.8698635040185391
  cityscapes_jaccard_macro: 0.4427841779513237
  cityscapes_jaccard_micro: 0.841086528240106

2024-06-24 17:00:41,281 - INFO - Validation Stats
Loss:
  total: 0.3115629437379539
Metrics:
  cityscapes_dice: 0.8552002422511578
  cityscapes_jaccard_macro: 0.38541173189878464
  cityscapes_jaccard_micro: 0.8162009362131357

2024-06-24 17:00:43,140 - INFO - Epoch 37/120
2024-06-24 17:01:15,420 - INFO - Train Stats
Loss:
  total: 0.256728049654227
Metrics:
  cityscapes_dice: 0.8715911324207599
  cityscapes_jaccard_macro: 0.44155439734458923
  cityscapes_jaccard_micro: 0.8451871214768826

2024-06-24 17:01:40,166 - INFO - Validation Stats
Loss:
  total: 0.3064449490047991
Metrics:
  cityscapes_dice: 0.858331959694624
  cityscapes_jaccard_macro: 0.3880863506346941
  cityscapes_jaccard_micro: 0.8196649830788374

2024-06-24 17:01:41,792 - INFO - Epoch 38/120
2024-06-24 17:02:12,693 - INFO - Train Stats
Loss:
  total: 0.2556282071731029
Metrics:
  cityscapes_dice: 0.8730854376768454
  cityscapes_jaccard_macro: 0.4478874596265646
  cityscapes_jaccard_micro: 0.8458700577418009

2024-06-24 17:02:37,760 - INFO - Validation Stats
Loss:
  total: 0.31038389587774873
Metrics:
  cityscapes_dice: 0.8571066465228796
  cityscapes_jaccard_macro: 0.3887623604387045
  cityscapes_jaccard_micro: 0.8182214237749577

2024-06-24 17:02:37,760 - INFO - Epoch 39/120
2024-06-24 17:03:10,411 - INFO - Train Stats
Loss:
  total: 0.253103983325836
Metrics:
  cityscapes_dice: 0.8729139077357757
  cityscapes_jaccard_macro: 0.4475526137229724
  cityscapes_jaccard_micro: 0.846529463926951

2024-06-24 17:03:34,753 - INFO - Validation Stats
Loss:
  total: 0.3075718553736806
Metrics:
  cityscapes_dice: 0.8562777787446976
  cityscapes_jaccard_macro: 0.3941449271515012
  cityscapes_jaccard_micro: 0.8192687649279833

2024-06-24 17:03:34,754 - INFO - Epoch 40/120
2024-06-24 17:04:06,363 - INFO - Train Stats
Loss:
  total: 0.2568327146462905
Metrics:
  cityscapes_dice: 0.8711596421706371
  cityscapes_jaccard_macro: 0.45071105926464766
  cityscapes_jaccard_micro: 0.8445344872963734

2024-06-24 17:04:30,808 - INFO - Validation Stats
Loss:
  total: 0.31002941355109215
Metrics:
  cityscapes_dice: 0.8562509380280972
  cityscapes_jaccard_macro: 0.38960749190300703
  cityscapes_jaccard_micro: 0.8189776316285133

2024-06-24 17:04:32,241 - INFO - Epoch 41/120
2024-06-24 17:05:03,082 - INFO - Train Stats
Loss:
  total: 0.2512270135757251
Metrics:
  cityscapes_dice: 0.8734985024501116
  cityscapes_jaccard_macro: 0.4473213072006519
  cityscapes_jaccard_micro: 0.8474476979329035

2024-06-24 17:05:27,183 - INFO - Validation Stats
Loss:
  total: 0.3047865582630038
Metrics:
  cityscapes_dice: 0.8568172287195921
  cityscapes_jaccard_macro: 0.3875114582479
  cityscapes_jaccard_micro: 0.820359367877245

2024-06-24 17:05:28,883 - INFO - Epoch 42/120
2024-06-24 17:05:58,860 - INFO - Train Stats
Loss:
  total: 0.2542018798681406
Metrics:
  cityscapes_dice: 0.8719756572674482
  cityscapes_jaccard_macro: 0.44748175144195557
  cityscapes_jaccard_micro: 0.845663362588638

2024-06-24 17:06:23,868 - INFO - Validation Stats
Loss:
  total: 0.3080009911209345
Metrics:
  cityscapes_dice: 0.8557328004390001
  cityscapes_jaccard_macro: 0.39330925326794386
  cityscapes_jaccard_micro: 0.8186668213456869

2024-06-24 17:06:23,869 - INFO - Epoch 43/120
2024-06-24 17:06:53,412 - INFO - Train Stats
Loss:
  total: 0.24649476622923827
Metrics:
  cityscapes_dice: 0.8749163609284621
  cityscapes_jaccard_macro: 0.4495662061067728
  cityscapes_jaccard_micro: 0.8499976228445004

2024-06-24 17:07:17,812 - INFO - Validation Stats
Loss:
  total: 0.3025525901466608
Metrics:
  cityscapes_dice: 0.8578610848635435
  cityscapes_jaccard_macro: 0.3943810286000371
  cityscapes_jaccard_micro: 0.8216524496674538

2024-06-24 17:07:20,720 - INFO - Epoch 44/120
2024-06-24 17:07:52,644 - INFO - Train Stats
Loss:
  total: 0.24138314028580984
Metrics:
  cityscapes_dice: 0.8767202771626986
  cityscapes_jaccard_macro: 0.4635393604254111
  cityscapes_jaccard_micro: 0.8532733901953086

2024-06-24 17:08:16,396 - INFO - Validation Stats
Loss:
  total: 0.2984917629510164
Metrics:
  cityscapes_dice: 0.8594706654548645
  cityscapes_jaccard_macro: 0.40595915727317333
  cityscapes_jaccard_micro: 0.823483482003212

2024-06-24 17:08:17,903 - INFO - Epoch 45/120
2024-06-24 17:08:48,457 - INFO - Train Stats
Loss:
  total: 0.242010663717221
Metrics:
  cityscapes_dice: 0.8755664947705392
  cityscapes_jaccard_macro: 0.45686767269403505
  cityscapes_jaccard_micro: 0.852392696417295

2024-06-24 17:09:12,311 - INFO - Validation Stats
Loss:
  total: 0.30663570296019316
Metrics:
  cityscapes_dice: 0.8557035513222218
  cityscapes_jaccard_macro: 0.39905104134231806
  cityscapes_jaccard_micro: 0.8202399872243404

2024-06-24 17:09:12,311 - INFO - Epoch 46/120
2024-06-24 17:09:43,973 - INFO - Train Stats
Loss:
  total: 0.2395922812895897
Metrics:
  cityscapes_dice: 0.876181776706989
  cityscapes_jaccard_macro: 0.4658843561624869
  cityscapes_jaccard_micro: 0.8540191100193903

2024-06-24 17:10:07,783 - INFO - Validation Stats
Loss:
  total: 0.30370369739830494
Metrics:
  cityscapes_dice: 0.8572421986609697
  cityscapes_jaccard_macro: 0.3918995736166835
  cityscapes_jaccard_micro: 0.8207315113395452

2024-06-24 17:10:07,783 - INFO - Epoch 47/120
2024-06-24 17:10:37,907 - INFO - Train Stats
Loss:
  total: 0.2383892895319523
Metrics:
  cityscapes_dice: 0.8772513377360809
  cityscapes_jaccard_macro: 0.4712884892255832
  cityscapes_jaccard_micro: 0.854513059823941

2024-06-24 17:11:02,125 - INFO - Validation Stats
Loss:
  total: 0.2989753279834986
Metrics:
  cityscapes_dice: 0.8591902907937765
  cityscapes_jaccard_macro: 0.4001602856442332
  cityscapes_jaccard_micro: 0.8234481252729893

2024-06-24 17:11:02,125 - INFO - Epoch 48/120
2024-06-24 17:11:33,691 - INFO - Train Stats
Loss:
  total: 0.24015667461431944
Metrics:
  cityscapes_dice: 0.8765760507339087
  cityscapes_jaccard_macro: 0.4702542408918723
  cityscapes_jaccard_micro: 0.8531734362626687

2024-06-24 17:11:58,305 - INFO - Validation Stats
Loss:
  total: 0.30686862813308835
Metrics:
  cityscapes_dice: 0.8569284975528717
  cityscapes_jaccard_macro: 0.39488482009619474
  cityscapes_jaccard_micro: 0.8191587459295988

2024-06-24 17:11:58,305 - INFO - Epoch 49/120
2024-06-24 17:12:30,318 - INFO - Train Stats
Loss:
  total: 0.23515777786572775
Metrics:
  cityscapes_dice: 0.8769383766712286
  cityscapes_jaccard_macro: 0.46966900810217244
  cityscapes_jaccard_micro: 0.8560600143212539

2024-06-24 17:12:54,144 - INFO - Validation Stats
Loss:
  total: 0.29450252652168274
Metrics:
  cityscapes_dice: 0.8611493464559317
  cityscapes_jaccard_macro: 0.4071560725569725
  cityscapes_jaccard_micro: 0.8256235737353563

2024-06-24 17:12:57,279 - INFO - Epoch 50/120
2024-06-24 17:13:27,490 - INFO - Train Stats
Loss:
  total: 0.23421288950321
Metrics:
  cityscapes_dice: 0.8778079962119077
  cityscapes_jaccard_macro: 0.46689171821643144
  cityscapes_jaccard_micro: 0.8564848869274824

2024-06-24 17:13:52,267 - INFO - Validation Stats
Loss:
  total: 0.3053114037029445
Metrics:
  cityscapes_dice: 0.8573018107563257
  cityscapes_jaccard_macro: 0.40217547211796045
  cityscapes_jaccard_micro: 0.821311928331852

2024-06-24 17:13:53,838 - INFO - Epoch 51/120
2024-06-24 17:14:25,040 - INFO - Train Stats
Loss:
  total: 0.228295780145205
Metrics:
  cityscapes_dice: 0.8793253210874704
  cityscapes_jaccard_macro: 0.4856616808817937
  cityscapes_jaccard_micro: 0.8590989861732874

2024-06-24 17:14:51,022 - INFO - Validation Stats
Loss:
  total: 0.306835675612092
Metrics:
  cityscapes_dice: 0.8568088971078396
  cityscapes_jaccard_macro: 0.40808325726538897
  cityscapes_jaccard_micro: 0.8203347567468882

2024-06-24 17:14:51,022 - INFO - Epoch 52/120
2024-06-24 17:15:22,698 - INFO - Train Stats
Loss:
  total: 0.23640335752413824
Metrics:
  cityscapes_dice: 0.8770426481198041
  cityscapes_jaccard_macro: 0.48227488383268696
  cityscapes_jaccard_micro: 0.8545275529225668

2024-06-24 17:15:48,571 - INFO - Validation Stats
Loss:
  total: 0.3042060066945851
Metrics:
  cityscapes_dice: 0.8572912327945232
  cityscapes_jaccard_macro: 0.39978755824267864
  cityscapes_jaccard_micro: 0.8220665771514177

2024-06-24 17:15:48,571 - INFO - Epoch 53/120
2024-06-24 17:16:19,650 - INFO - Train Stats
Loss:
  total: 0.23006708728961456
Metrics:
  cityscapes_dice: 0.8789449395277561
  cityscapes_jaccard_macro: 0.48176430586056834
  cityscapes_jaccard_micro: 0.8584940173687079

2024-06-24 17:16:44,170 - INFO - Validation Stats
Loss:
  total: 0.2963828914798796
Metrics:
  cityscapes_dice: 0.8613212238997221
  cityscapes_jaccard_macro: 0.40566145349293947
  cityscapes_jaccard_micro: 0.8261034246534109

2024-06-24 17:16:44,170 - INFO - Epoch 54/120
2024-06-24 17:17:15,290 - INFO - Train Stats
Loss:
  total: 0.2293918625666545
Metrics:
  cityscapes_dice: 0.8795321323932745
  cityscapes_jaccard_macro: 0.48466999790607357
  cityscapes_jaccard_micro: 0.8589468521949573

2024-06-24 17:17:39,759 - INFO - Validation Stats
Loss:
  total: 0.3005557982251048
Metrics:
  cityscapes_dice: 0.8598157595843077
  cityscapes_jaccard_macro: 0.4063472608104348
  cityscapes_jaccard_micro: 0.8238915354013443

2024-06-24 17:17:39,760 - INFO - Epoch 55/120
2024-06-24 17:18:11,325 - INFO - Train Stats
Loss:
  total: 0.22430002803985888
Metrics:
  cityscapes_dice: 0.8802406466924227
  cityscapes_jaccard_macro: 0.48312388627957076
  cityscapes_jaccard_micro: 0.861277733093653

2024-06-24 17:18:35,436 - INFO - Validation Stats
Loss:
  total: 0.2923295102082193
Metrics:
  cityscapes_dice: 0.8616681173443794
  cityscapes_jaccard_macro: 0.4084773426875472
  cityscapes_jaccard_micro: 0.8275093119591475

2024-06-24 17:18:37,442 - INFO - Epoch 56/120
2024-06-24 17:19:08,889 - INFO - Train Stats
Loss:
  total: 0.23094669633950943
Metrics:
  cityscapes_dice: 0.8775422542523115
  cityscapes_jaccard_macro: 0.4864692435814784
  cityscapes_jaccard_micro: 0.8572921049900544

2024-06-24 17:19:33,495 - INFO - Validation Stats
Loss:
  total: 0.2927556042559445
Metrics:
  cityscapes_dice: 0.8613670021295547
  cityscapes_jaccard_macro: 0.4129882790148258
  cityscapes_jaccard_micro: 0.8285014498978853

2024-06-24 17:19:33,495 - INFO - Epoch 57/120
2024-06-24 17:20:02,941 - INFO - Train Stats
Loss:
  total: 0.22412679822016984
Metrics:
  cityscapes_dice: 0.8812194512440608
  cityscapes_jaccard_macro: 0.4802642732094496
  cityscapes_jaccard_micro: 0.8613400031358768

2024-06-24 17:20:27,413 - INFO - Validation Stats
Loss:
  total: 0.2991504934616387
Metrics:
  cityscapes_dice: 0.8612880613654852
  cityscapes_jaccard_macro: 0.402631682343781
  cityscapes_jaccard_micro: 0.8262241743505001

2024-06-24 17:20:27,414 - INFO - Epoch 58/120
2024-06-24 17:20:57,039 - INFO - Train Stats
Loss:
  total: 0.22079096963772407
Metrics:
  cityscapes_dice: 0.8821769937490805
  cityscapes_jaccard_macro: 0.484350160910533
  cityscapes_jaccard_micro: 0.8635529279708862

2024-06-24 17:21:20,684 - INFO - Validation Stats
Loss:
  total: 0.2960130418650806
Metrics:
  cityscapes_dice: 0.8594076130539179
  cityscapes_jaccard_macro: 0.41317877545952797
  cityscapes_jaccard_micro: 0.8262672517448664

2024-06-24 17:21:20,684 - INFO - Epoch 59/120
2024-06-24 17:21:51,174 - INFO - Train Stats
Loss:
  total: 0.22529384608452135
Metrics:
  cityscapes_dice: 0.8796736445182409
  cityscapes_jaccard_macro: 0.4931153471653278
  cityscapes_jaccard_micro: 0.8606260143793546

2024-06-24 17:22:15,634 - INFO - Validation Stats
Loss:
  total: 0.2938694590702653
Metrics:
  cityscapes_dice: 0.8592314049601555
  cityscapes_jaccard_macro: 0.41301428992301226
  cityscapes_jaccard_micro: 0.8263942711055279

2024-06-24 17:22:15,634 - INFO - Epoch 60/120
2024-06-24 17:22:45,853 - INFO - Train Stats
Loss:
  total: 0.2225300276126617
Metrics:
  cityscapes_dice: 0.88129949875367
  cityscapes_jaccard_macro: 0.4951915091429001
  cityscapes_jaccard_micro: 0.862427219366416

2024-06-24 17:23:10,567 - INFO - Validation Stats
Loss:
  total: 0.2999039548449218
Metrics:
  cityscapes_dice: 0.8594042900949717
  cityscapes_jaccard_macro: 0.40794020611792803
  cityscapes_jaccard_micro: 0.8246888034045696

2024-06-24 17:23:12,091 - INFO - Epoch 61/120
2024-06-24 17:23:43,167 - INFO - Train Stats
Loss:
  total: 0.22340872578131846
Metrics:
  cityscapes_dice: 0.8802626239947784
  cityscapes_jaccard_macro: 0.4859572450319926
  cityscapes_jaccard_micro: 0.8615547846525143

2024-06-24 17:24:07,818 - INFO - Validation Stats
Loss:
  total: 0.296680964063853
Metrics:
  cityscapes_dice: 0.8603185452520847
  cityscapes_jaccard_macro: 0.4055566405877471
  cityscapes_jaccard_micro: 0.826311869546771

2024-06-24 17:24:07,818 - INFO - Epoch 62/120
2024-06-24 17:24:39,766 - INFO - Train Stats
Loss:
  total: 0.22022196459464538
Metrics:
  cityscapes_dice: 0.8830984846139566
  cityscapes_jaccard_macro: 0.4965791220848377
  cityscapes_jaccard_micro: 0.8638630234278165

2024-06-24 17:25:04,412 - INFO - Validation Stats
Loss:
  total: 0.2888619489967823
Metrics:
  cityscapes_dice: 0.8623147737234831
  cityscapes_jaccard_macro: 0.4086122699081898
  cityscapes_jaccard_micro: 0.8293687533587217

2024-06-24 17:25:06,714 - INFO - Epoch 63/120
2024-06-24 17:25:39,177 - INFO - Train Stats
Loss:
  total: 0.21873590159110534
Metrics:
  cityscapes_dice: 0.8829139394637866
  cityscapes_jaccard_macro: 0.4890607022322141
  cityscapes_jaccard_micro: 0.8646404024882194

2024-06-24 17:26:03,382 - INFO - Validation Stats
Loss:
  total: 0.2840268244035542
Metrics:
  cityscapes_dice: 0.8620412070304155
  cityscapes_jaccard_macro: 0.41256915405392647
  cityscapes_jaccard_micro: 0.8316345810890198

2024-06-24 17:26:05,364 - INFO - Epoch 64/120
2024-06-24 17:26:36,012 - INFO - Train Stats
Loss:
  total: 0.2149958434777382
Metrics:
  cityscapes_dice: 0.8840249746273725
  cityscapes_jaccard_macro: 0.4933752394639529
  cityscapes_jaccard_micro: 0.8665401691045517

2024-06-24 17:27:00,196 - INFO - Validation Stats
Loss:
  total: 0.289956989698112
Metrics:
  cityscapes_dice: 0.8608927093446255
  cityscapes_jaccard_macro: 0.40803367365151644
  cityscapes_jaccard_micro: 0.8302723746746778

2024-06-24 17:27:00,196 - INFO - Epoch 65/120
2024-06-24 17:27:28,880 - INFO - Train Stats
Loss:
  total: 0.21482172493751234
Metrics:
  cityscapes_dice: 0.884433232820951
  cityscapes_jaccard_macro: 0.4986640092654106
  cityscapes_jaccard_micro: 0.8667149176964393

2024-06-24 17:27:52,571 - INFO - Validation Stats
Loss:
  total: 0.29153874423354864
Metrics:
  cityscapes_dice: 0.8614953123033047
  cityscapes_jaccard_macro: 0.4113156460225582
  cityscapes_jaccard_micro: 0.8290189895778894

2024-06-24 17:27:52,572 - INFO - Epoch 66/120
2024-06-24 17:28:21,473 - INFO - Train Stats
Loss:
  total: 0.21123814888489553
Metrics:
  cityscapes_dice: 0.8853736810195141
  cityscapes_jaccard_macro: 0.5030458836983411
  cityscapes_jaccard_micro: 0.8687870792853527

2024-06-24 17:28:45,991 - INFO - Validation Stats
Loss:
  total: 0.28702886309474707
Metrics:
  cityscapes_dice: 0.8633792866021395
  cityscapes_jaccard_macro: 0.4125834973528981
  cityscapes_jaccard_micro: 0.8299041669815779

2024-06-24 17:28:45,991 - INFO - Epoch 67/120
2024-06-24 17:29:15,891 - INFO - Train Stats
Loss:
  total: 0.2146705442514175
Metrics:
  cityscapes_dice: 0.8838488123355768
  cityscapes_jaccard_macro: 0.5066156578369629
  cityscapes_jaccard_micro: 0.8664437364309262

2024-06-24 17:29:40,350 - INFO - Validation Stats
Loss:
  total: 0.27520738635212183
Metrics:
  cityscapes_dice: 0.8648743480443954
  cityscapes_jaccard_macro: 0.41700610611587763
  cityscapes_jaccard_micro: 0.8365617338567972

2024-06-24 17:29:42,300 - INFO - Epoch 68/120
2024-06-24 17:30:12,787 - INFO - Train Stats
Loss:
  total: 0.21110377670862737
Metrics:
  cityscapes_dice: 0.8854443996380537
  cityscapes_jaccard_macro: 0.4999513480907831
  cityscapes_jaccard_micro: 0.8685537118178147

2024-06-24 17:30:37,185 - INFO - Validation Stats
Loss:
  total: 0.28141533909365535
Metrics:
  cityscapes_dice: 0.8643035087734461
  cityscapes_jaccard_macro: 0.420510190539062
  cityscapes_jaccard_micro: 0.8333318755030632

2024-06-24 17:30:37,186 - INFO - Epoch 69/120
2024-06-24 17:31:06,275 - INFO - Train Stats
Loss:
  total: 0.21354652788394538
Metrics:
  cityscapes_dice: 0.8844970143758334
  cityscapes_jaccard_macro: 0.5089782453500308
  cityscapes_jaccard_micro: 0.8668282689192356

2024-06-24 17:31:30,541 - INFO - Validation Stats
Loss:
  total: 0.2864767611026764
Metrics:
  cityscapes_dice: 0.8642472848296165
  cityscapes_jaccard_macro: 0.4083459619432688
  cityscapes_jaccard_micro: 0.831499457359314

2024-06-24 17:31:30,542 - INFO - Epoch 70/120
2024-06-24 17:32:02,612 - INFO - Train Stats
Loss:
  total: 0.21164737068689787
Metrics:
  cityscapes_dice: 0.8853127314494207
  cityscapes_jaccard_macro: 0.5089141978667333
  cityscapes_jaccard_micro: 0.8685558377168118

2024-06-24 17:32:27,517 - INFO - Validation Stats
Loss:
  total: 0.289840301964432
Metrics:
  cityscapes_dice: 0.8631426002830267
  cityscapes_jaccard_macro: 0.41671809647232294
  cityscapes_jaccard_micro: 0.8291148040443659

2024-06-24 17:32:29,302 - INFO - Epoch 71/120
2024-06-24 17:33:00,888 - INFO - Train Stats
Loss:
  total: 0.21214199448243165
Metrics:
  cityscapes_dice: 0.8847596492522802
  cityscapes_jaccard_macro: 0.5039378779056745
  cityscapes_jaccard_micro: 0.8678074097022032

2024-06-24 17:33:26,245 - INFO - Validation Stats
Loss:
  total: 0.28464239463210106
Metrics:
  cityscapes_dice: 0.8642435129731894
  cityscapes_jaccard_macro: 0.4154556691646576
  cityscapes_jaccard_micro: 0.8330511748790741

2024-06-24 17:33:26,245 - INFO - Epoch 72/120
2024-06-24 17:33:58,788 - INFO - Train Stats
Loss:
  total: 0.20629113224836496
Metrics:
  cityscapes_dice: 0.8849664391615452
  cityscapes_jaccard_macro: 0.5135703751674066
  cityscapes_jaccard_micro: 0.8709067687010154

2024-06-24 17:34:23,542 - INFO - Validation Stats
Loss:
  total: 0.28791753575205803
Metrics:
  cityscapes_dice: 0.8639552090317011
  cityscapes_jaccard_macro: 0.40910797007381916
  cityscapes_jaccard_micro: 0.8312327172607183

2024-06-24 17:34:23,542 - INFO - Epoch 73/120
2024-06-24 17:34:54,391 - INFO - Train Stats
Loss:
  total: 0.20938343421006814
Metrics:
  cityscapes_dice: 0.8853026154713753
  cityscapes_jaccard_macro: 0.5085119987145449
  cityscapes_jaccard_micro: 0.8697151709825565

2024-06-24 17:35:18,500 - INFO - Validation Stats
Loss:
  total: 0.2837938708253205
Metrics:
  cityscapes_dice: 0.8639508299529552
  cityscapes_jaccard_macro: 0.4120808746665716
  cityscapes_jaccard_micro: 0.8329286240041256

2024-06-24 17:35:18,500 - INFO - Epoch 74/120
2024-06-24 17:35:49,711 - INFO - Train Stats
Loss:
  total: 0.20874158159280434
Metrics:
  cityscapes_dice: 0.8851293967320368
  cityscapes_jaccard_macro: 0.5132610331743191
  cityscapes_jaccard_micro: 0.8692272305488586

2024-06-24 17:36:13,543 - INFO - Validation Stats
Loss:
  total: 0.2897115987725556
Metrics:
  cityscapes_dice: 0.8636719901114702
  cityscapes_jaccard_macro: 0.4172946512699127
  cityscapes_jaccard_micro: 0.8309764917939901

2024-06-24 17:36:13,544 - INFO - Epoch 75/120
2024-06-24 17:36:42,600 - INFO - Train Stats
Loss:
  total: 0.20912910653994635
Metrics:
  cityscapes_dice: 0.8857477154487219
  cityscapes_jaccard_macro: 0.5041927840465155
  cityscapes_jaccard_micro: 0.8698751360942156

2024-06-24 17:37:07,260 - INFO - Validation Stats
Loss:
  total: 0.28879187256097794
Metrics:
  cityscapes_dice: 0.8638993725180626
  cityscapes_jaccard_macro: 0.42270209453999996
  cityscapes_jaccard_micro: 0.8305036239326

2024-06-24 17:37:07,260 - INFO - Epoch 76/120
2024-06-24 17:37:35,918 - INFO - Train Stats
Loss:
  total: 0.20680809899782523
Metrics:
  cityscapes_dice: 0.8872786714480474
  cityscapes_jaccard_macro: 0.5217742354441912
  cityscapes_jaccard_micro: 0.8707430286285205

2024-06-24 17:38:00,441 - INFO - Validation Stats
Loss:
  total: 0.29477490996941924
Metrics:
  cityscapes_dice: 0.8623883631080389
  cityscapes_jaccard_macro: 0.41922987159341574
  cityscapes_jaccard_micro: 0.8287117052823305

2024-06-24 17:38:00,441 - INFO - Epoch 77/120
2024-06-24 17:38:32,324 - INFO - Train Stats
Loss:
  total: 0.20295127614950523
Metrics:
  cityscapes_dice: 0.8865900574586331
  cityscapes_jaccard_macro: 0.5144230723381042
  cityscapes_jaccard_micro: 0.873211478575682

2024-06-24 17:38:57,731 - INFO - Validation Stats
Loss:
  total: 0.2790085291489959
Metrics:
  cityscapes_dice: 0.8652264773845673
  cityscapes_jaccard_macro: 0.4072978114709258
  cityscapes_jaccard_micro: 0.8361312299966812

2024-06-24 17:38:57,731 - INFO - Epoch 78/120
2024-06-24 17:39:27,127 - INFO - Train Stats
Loss:
  total: 0.20408490835092005
Metrics:
  cityscapes_dice: 0.8868308159021231
  cityscapes_jaccard_macro: 0.5084773156887445
  cityscapes_jaccard_micro: 0.8725390877479162

2024-06-24 17:39:50,961 - INFO - Validation Stats
Loss:
  total: 0.28500908613204956
Metrics:
  cityscapes_dice: 0.8646157663315535
  cityscapes_jaccard_macro: 0.4165723789483309
  cityscapes_jaccard_micro: 0.833521906286478

2024-06-24 17:39:50,961 - INFO - Epoch 79/120
2024-06-24 17:40:21,434 - INFO - Train Stats
Loss:
  total: 0.20337930780190688
Metrics:
  cityscapes_dice: 0.8868785317127521
  cityscapes_jaccard_macro: 0.5232782104076483
  cityscapes_jaccard_micro: 0.8727373358530875

2024-06-24 17:40:45,865 - INFO - Validation Stats
Loss:
  total: 0.2879983112215996
Metrics:
  cityscapes_dice: 0.8640472702682018
  cityscapes_jaccard_macro: 0.41766479332000017
  cityscapes_jaccard_micro: 0.8312748689204454

2024-06-24 17:40:45,865 - INFO - Epoch 80/120
2024-06-24 17:41:17,486 - INFO - Train Stats
Loss:
  total: 0.2018037518629661
Metrics:
  cityscapes_dice: 0.889550254895137
  cityscapes_jaccard_macro: 0.5181345572838416
  cityscapes_jaccard_micro: 0.8740104131209545

2024-06-24 17:41:42,833 - INFO - Validation Stats
Loss:
  total: 0.2797665693797171
Metrics:
  cityscapes_dice: 0.8653778396546841
  cityscapes_jaccard_macro: 0.4155828421935439
  cityscapes_jaccard_micro: 0.8355015069246292

2024-06-24 17:41:45,204 - INFO - Epoch 81/120
2024-06-24 17:42:16,808 - INFO - Train Stats
Loss:
  total: 0.19979184369246164
Metrics:
  cityscapes_dice: 0.8880599981699234
  cityscapes_jaccard_macro: 0.5154308004257007
  cityscapes_jaccard_micro: 0.8746281419044886

2024-06-24 17:42:40,414 - INFO - Validation Stats
Loss:
  total: 0.29084425140172243
Metrics:
  cityscapes_dice: 0.8639891166239977
  cityscapes_jaccard_macro: 0.41793458815664053
  cityscapes_jaccard_micro: 0.8310917653143406

2024-06-24 17:42:40,414 - INFO - Epoch 82/120
2024-06-24 17:43:11,285 - INFO - Train Stats
Loss:
  total: 0.20115334865374443
Metrics:
  cityscapes_dice: 0.8878446909097525
  cityscapes_jaccard_macro: 0.5185766067260351
  cityscapes_jaccard_micro: 0.873441755771637

2024-06-24 17:43:36,294 - INFO - Validation Stats
Loss:
  total: 0.2876207008957863
Metrics:
  cityscapes_dice: 0.8632914870977402
  cityscapes_jaccard_macro: 0.4234314691275358
  cityscapes_jaccard_micro: 0.831970451399684

2024-06-24 17:43:36,294 - INFO - Epoch 83/120
2024-06-24 17:44:09,063 - INFO - Train Stats
Loss:
  total: 0.1986445543857721
Metrics:
  cityscapes_dice: 0.8885704981975067
  cityscapes_jaccard_macro: 0.5217073720235091
  cityscapes_jaccard_micro: 0.8755855269921131

2024-06-24 17:44:33,557 - INFO - Validation Stats
Loss:
  total: 0.2820320688188076
Metrics:
  cityscapes_dice: 0.8646474294364452
  cityscapes_jaccard_macro: 0.4207549439743161
  cityscapes_jaccard_micro: 0.8337350971996784

2024-06-24 17:44:33,557 - INFO - Epoch 84/120
2024-06-24 17:45:03,716 - INFO - Train Stats
Loss:
  total: 0.1964202125867208
Metrics:
  cityscapes_dice: 0.8897132262205466
  cityscapes_jaccard_macro: 0.5255971207068517
  cityscapes_jaccard_micro: 0.8767494314756149

2024-06-24 17:45:27,239 - INFO - Validation Stats
Loss:
  total: 0.2734654531814158
Metrics:
  cityscapes_dice: 0.8671362232416868
  cityscapes_jaccard_macro: 0.42538292799144983
  cityscapes_jaccard_micro: 0.839339941740036

2024-06-24 17:45:28,910 - INFO - Epoch 85/120
2024-06-24 17:45:57,594 - INFO - Train Stats
Loss:
  total: 0.20262495638468328
Metrics:
  cityscapes_dice: 0.8863287247144259
  cityscapes_jaccard_macro: 0.5083429691119071
  cityscapes_jaccard_micro: 0.8730803468288519

2024-06-24 17:46:20,596 - INFO - Validation Stats
Loss:
  total: 0.2843038886785507
Metrics:
  cityscapes_dice: 0.865206690505147
  cityscapes_jaccard_macro: 0.4130235882475972
  cityscapes_jaccard_micro: 0.8342013042420149

2024-06-24 17:46:20,596 - INFO - Epoch 86/120
2024-06-24 17:46:50,607 - INFO - Train Stats
Loss:
  total: 0.198967728859339
Metrics:
  cityscapes_dice: 0.8882232048572638
  cityscapes_jaccard_macro: 0.5340453202907856
  cityscapes_jaccard_micro: 0.8746989048444308

2024-06-24 17:47:14,582 - INFO - Validation Stats
Loss:
  total: 0.274325383361429
Metrics:
  cityscapes_dice: 0.867156732827425
  cityscapes_jaccard_macro: 0.4295678725466132
  cityscapes_jaccard_micro: 0.8382102511823177

2024-06-24 17:47:14,582 - INFO - Epoch 87/120
2024-06-24 17:47:43,855 - INFO - Train Stats
Loss:
  total: 0.19762098139677292
Metrics:
  cityscapes_dice: 0.888884947850154
  cityscapes_jaccard_macro: 0.5340905747352502
  cityscapes_jaccard_micro: 0.8759146286891057

2024-06-24 17:48:08,542 - INFO - Validation Stats
Loss:
  total: 0.28895709104835987
Metrics:
  cityscapes_dice: 0.8628589808940887
  cityscapes_jaccard_macro: 0.4256798690184951
  cityscapes_jaccard_micro: 0.8318054266273975

2024-06-24 17:48:08,542 - INFO - Epoch 88/120
2024-06-24 17:48:38,551 - INFO - Train Stats
Loss:
  total: 0.19751573793399027
Metrics:
  cityscapes_dice: 0.8883086351247934
  cityscapes_jaccard_macro: 0.5230063803685017
  cityscapes_jaccard_micro: 0.8759154157760816

2024-06-24 17:49:02,544 - INFO - Validation Stats
Loss:
  total: 0.2792199207469821
Metrics:
  cityscapes_dice: 0.8652472980320454
  cityscapes_jaccard_macro: 0.4233228014782071
  cityscapes_jaccard_micro: 0.8346233014017344

2024-06-24 17:49:02,544 - INFO - Epoch 89/120
2024-06-24 17:49:32,170 - INFO - Train Stats
Loss:
  total: 0.1997733005346396
Metrics:
  cityscapes_dice: 0.8879868067227877
  cityscapes_jaccard_macro: 0.5277656133358295
  cityscapes_jaccard_micro: 0.8746400001721505

2024-06-24 17:49:55,158 - INFO - Validation Stats
Loss:
  total: 0.27049308037385345
Metrics:
  cityscapes_dice: 0.8680071607232094
  cityscapes_jaccard_macro: 0.4187483945861459
  cityscapes_jaccard_micro: 0.8407134804874659

2024-06-24 17:49:57,199 - INFO - Epoch 90/120
2024-06-24 17:50:26,930 - INFO - Train Stats
Loss:
  total: 0.1956993505740777
Metrics:
  cityscapes_dice: 0.8880903216508719
  cityscapes_jaccard_macro: 0.531864025653937
  cityscapes_jaccard_micro: 0.8767149127446688

2024-06-24 17:50:50,482 - INFO - Validation Stats
Loss:
  total: 0.27420733124017715
Metrics:
  cityscapes_dice: 0.8669175170361996
  cityscapes_jaccard_macro: 0.42968491837382317
  cityscapes_jaccard_micro: 0.839288666844368

2024-06-24 17:50:52,358 - INFO - Epoch 91/120
2024-06-24 17:51:22,306 - INFO - Train Stats
Loss:
  total: 0.19450851969229868
Metrics:
  cityscapes_dice: 0.8885306425583668
  cityscapes_jaccard_macro: 0.5247044700842637
  cityscapes_jaccard_micro: 0.8777732940820547

2024-06-24 17:51:44,984 - INFO - Validation Stats
Loss:
  total: 0.2884764359332621
Metrics:
  cityscapes_dice: 0.8645228631794453
  cityscapes_jaccard_macro: 0.41649149637669325
  cityscapes_jaccard_micro: 0.832887701690197

2024-06-24 17:51:44,984 - INFO - Epoch 92/120
2024-06-24 17:52:13,341 - INFO - Train Stats
Loss:
  total: 0.19942595675969735
Metrics:
  cityscapes_dice: 0.887447653672634
  cityscapes_jaccard_macro: 0.526834419904611
  cityscapes_jaccard_micro: 0.8746210397818149

2024-06-24 17:52:36,640 - INFO - Validation Stats
Loss:
  total: 0.27608324913308024
Metrics:
  cityscapes_dice: 0.8663844428956509
  cityscapes_jaccard_macro: 0.4288155259564519
  cityscapes_jaccard_micro: 0.8364465516060591

2024-06-24 17:52:36,640 - INFO - Epoch 93/120
2024-06-24 17:53:04,603 - INFO - Train Stats
Loss:
  total: 0.1945265898337731
Metrics:
  cityscapes_dice: 0.8900434466508719
  cityscapes_jaccard_macro: 0.5300100468672239
  cityscapes_jaccard_micro: 0.8780246331141546

2024-06-24 17:53:28,605 - INFO - Validation Stats
Loss:
  total: 0.2856239755637944
Metrics:
  cityscapes_dice: 0.8648850489407778
  cityscapes_jaccard_macro: 0.4243727596476674
  cityscapes_jaccard_micro: 0.8328787237405777

2024-06-24 17:53:28,605 - INFO - Epoch 94/120
2024-06-24 17:53:57,957 - INFO - Train Stats
Loss:
  total: 0.19402742767945313
Metrics:
  cityscapes_dice: 0.8907164335250854
  cityscapes_jaccard_macro: 0.540142875451308
  cityscapes_jaccard_micro: 0.8781691927176255

2024-06-24 17:54:21,439 - INFO - Validation Stats
Loss:
  total: 0.282864005304873
Metrics:
  cityscapes_dice: 0.8655369244515896
  cityscapes_jaccard_macro: 0.423688180744648
  cityscapes_jaccard_micro: 0.8336640503257513

2024-06-24 17:54:21,439 - INFO - Epoch 95/120
2024-06-24 17:54:51,474 - INFO - Train Stats
Loss:
  total: 0.19623495103457037
Metrics:
  cityscapes_dice: 0.889322695059654
  cityscapes_jaccard_macro: 0.5364291645013369
  cityscapes_jaccard_micro: 0.8759993391159253

2024-06-24 17:55:14,607 - INFO - Validation Stats
Loss:
  total: 0.2788660363294184
Metrics:
  cityscapes_dice: 0.8671148847788572
  cityscapes_jaccard_macro: 0.42609495017677546
  cityscapes_jaccard_micro: 0.8367605376988649

2024-06-24 17:55:14,607 - INFO - Epoch 96/120
2024-06-24 17:55:42,739 - INFO - Train Stats
Loss:
  total: 0.19693409250332758
Metrics:
  cityscapes_dice: 0.8891022006670634
  cityscapes_jaccard_macro: 0.5215325615344903
  cityscapes_jaccard_micro: 0.8764253839468344

2024-06-24 17:56:06,982 - INFO - Validation Stats
Loss:
  total: 0.27287384355440736
Metrics:
  cityscapes_dice: 0.8671327736228704
  cityscapes_jaccard_macro: 0.4288186328485608
  cityscapes_jaccard_micro: 0.8400346376001835

2024-06-24 17:56:06,982 - INFO - Epoch 97/120
2024-06-24 17:56:34,792 - INFO - Train Stats
Loss:
  total: 0.19619708068859884
Metrics:
  cityscapes_dice: 0.8882840398030404
  cityscapes_jaccard_macro: 0.5283459218648764
  cityscapes_jaccard_micro: 0.8768239036584512

2024-06-24 17:56:59,096 - INFO - Validation Stats
Loss:
  total: 0.2728884983807802
Metrics:
  cityscapes_dice: 0.8687555007636547
  cityscapes_jaccard_macro: 0.4242583056911826
  cityscapes_jaccard_micro: 0.8397760782390833

2024-06-24 17:56:59,096 - INFO - Epoch 98/120
2024-06-24 17:57:29,286 - INFO - Train Stats
Loss:
  total: 0.19557502789375109
Metrics:
  cityscapes_dice: 0.88977917493918
  cityscapes_jaccard_macro: 0.5288892739858383
  cityscapes_jaccard_micro: 0.8772781460713117

2024-06-24 17:57:52,374 - INFO - Validation Stats
Loss:
  total: 0.2791598318144679
Metrics:
  cityscapes_dice: 0.8667278680950403
  cityscapes_jaccard_macro: 0.42076909635216
  cityscapes_jaccard_micro: 0.8373248819261789

2024-06-24 17:57:52,374 - INFO - Epoch 99/120
2024-06-24 17:58:21,590 - INFO - Train Stats
Loss:
  total: 0.19203803248894522
Metrics:
  cityscapes_dice: 0.8904654077994518
  cityscapes_jaccard_macro: 0.530116163003139
  cityscapes_jaccard_micro: 0.8788478787128742

2024-06-24 17:58:44,428 - INFO - Validation Stats
Loss:
  total: 0.2785835498943925
Metrics:
  cityscapes_dice: 0.8671132009476423
  cityscapes_jaccard_macro: 0.4184717060998082
  cityscapes_jaccard_micro: 0.8367705065757036

2024-06-24 17:58:44,429 - INFO - Epoch 100/120
2024-06-24 17:59:13,893 - INFO - Train Stats
Loss:
  total: 0.19195212232760894
Metrics:
  cityscapes_dice: 0.8908512026835711
  cityscapes_jaccard_macro: 0.5302088810847356
  cityscapes_jaccard_micro: 0.879098831078945

2024-06-24 17:59:37,670 - INFO - Validation Stats
Loss:
  total: 0.27916135219857097
Metrics:
  cityscapes_dice: 0.8653753530234098
  cityscapes_jaccard_macro: 0.42832260951399803
  cityscapes_jaccard_micro: 0.836772033944726

2024-06-24 17:59:39,390 - INFO - Epoch 101/120
2024-06-24 18:00:09,175 - INFO - Train Stats
Loss:
  total: 0.1940695991118749
Metrics:
  cityscapes_dice: 0.8900829202089554
  cityscapes_jaccard_macro: 0.5312478282512763
  cityscapes_jaccard_micro: 0.8776941039623358

2024-06-24 18:00:32,874 - INFO - Validation Stats
Loss:
  total: 0.28022773331031203
Metrics:
  cityscapes_dice: 0.8653933145105839
  cityscapes_jaccard_macro: 0.41875016037374735
  cityscapes_jaccard_micro: 0.8352097850292921

2024-06-24 18:00:32,874 - INFO - Epoch 102/120
2024-06-24 18:01:03,953 - INFO - Train Stats
Loss:
  total: 0.1915951145765109
Metrics:
  cityscapes_dice: 0.8904143816385514
  cityscapes_jaccard_macro: 0.5388814570047916
  cityscapes_jaccard_micro: 0.8790507133190448

2024-06-24 18:01:27,411 - INFO - Validation Stats
Loss:
  total: 0.27093365462496877
Metrics:
  cityscapes_dice: 0.868708623573184
  cityscapes_jaccard_macro: 0.4240720486268401
  cityscapes_jaccard_micro: 0.8412236124277115

2024-06-24 18:01:27,411 - INFO - Epoch 103/120
2024-06-24 18:01:58,407 - INFO - Train Stats
Loss:
  total: 0.19099985445157075
Metrics:
  cityscapes_dice: 0.8899689454298753
  cityscapes_jaccard_macro: 0.5310609233685029
  cityscapes_jaccard_micro: 0.8796648046909235

2024-06-24 18:02:21,836 - INFO - Validation Stats
Loss:
  total: 0.27003628527745605
Metrics:
  cityscapes_dice: 0.8694880120456219
  cityscapes_jaccard_macro: 0.4133514976128936
  cityscapes_jaccard_micro: 0.8414153270423412

2024-06-24 18:02:23,440 - INFO - Epoch 104/120
2024-06-24 18:02:52,814 - INFO - Train Stats
Loss:
  total: 0.1904382403844442
Metrics:
  cityscapes_dice: 0.8921480117700039
  cityscapes_jaccard_macro: 0.5369985997676849
  cityscapes_jaccard_micro: 0.8799616511051471

2024-06-24 18:03:16,339 - INFO - Validation Stats
Loss:
  total: 0.2722320565953851
Metrics:
  cityscapes_dice: 0.8680347967892885
  cityscapes_jaccard_macro: 0.4199057938531041
  cityscapes_jaccard_micro: 0.840011166408658

2024-06-24 18:03:16,339 - INFO - Epoch 105/120
2024-06-24 18:03:45,979 - INFO - Train Stats
Loss:
  total: 0.19115651914706597
Metrics:
  cityscapes_dice: 0.8905597222157013
  cityscapes_jaccard_macro: 0.5378860258139097
  cityscapes_jaccard_micro: 0.8791329493889442

2024-06-24 18:04:08,654 - INFO - Validation Stats
Loss:
  total: 0.28298732871189713
Metrics:
  cityscapes_dice: 0.8661569487303495
  cityscapes_jaccard_macro: 0.4234980493783951
  cityscapes_jaccard_micro: 0.8354842215776443

2024-06-24 18:04:08,654 - INFO - Epoch 106/120
2024-06-24 18:04:37,119 - INFO - Train Stats
Loss:
  total: 0.19133112675104386
Metrics:
  cityscapes_dice: 0.8912594028008289
  cityscapes_jaccard_macro: 0.5332572032243778
  cityscapes_jaccard_micro: 0.8795827352083646

2024-06-24 18:05:00,768 - INFO - Validation Stats
Loss:
  total: 0.27546602115035057
Metrics:
  cityscapes_dice: 0.8668501358479261
  cityscapes_jaccard_macro: 0.4290382722392678
  cityscapes_jaccard_micro: 0.837474012747407

2024-06-24 18:05:00,768 - INFO - Epoch 107/120
2024-06-24 18:05:30,322 - INFO - Train Stats
Loss:
  total: 0.1890338475887592
Metrics:
  cityscapes_dice: 0.8914252779422662
  cityscapes_jaccard_macro: 0.5370883559569334
  cityscapes_jaccard_micro: 0.8802375594774882

2024-06-24 18:05:53,704 - INFO - Validation Stats
Loss:
  total: 0.2824213160201907
Metrics:
  cityscapes_dice: 0.8655486889183521
  cityscapes_jaccard_macro: 0.42519627045840025
  cityscapes_jaccard_micro: 0.8349703289568424

2024-06-24 18:05:53,704 - INFO - Epoch 108/120
2024-06-24 18:06:22,007 - INFO - Train Stats
Loss:
  total: 0.1927282833136045
Metrics:
  cityscapes_dice: 0.8901996520849375
  cityscapes_jaccard_macro: 0.5338570872942606
  cityscapes_jaccard_micro: 0.8790886646662003

2024-06-24 18:06:44,839 - INFO - Validation Stats
Loss:
  total: 0.27519057877361774
Metrics:
  cityscapes_dice: 0.866552609950304
  cityscapes_jaccard_macro: 0.426113024353981
  cityscapes_jaccard_micro: 0.837224081158638

2024-06-24 18:06:44,840 - INFO - Epoch 109/120
2024-06-24 18:07:14,076 - INFO - Train Stats
Loss:
  total: 0.1906355279378402
Metrics:
  cityscapes_dice: 0.8903754995419428
  cityscapes_jaccard_macro: 0.5394897407446152
  cityscapes_jaccard_micro: 0.8795512303327903

2024-06-24 18:07:36,910 - INFO - Validation Stats
Loss:
  total: 0.2773672705516219
Metrics:
  cityscapes_dice: 0.8657872173935175
  cityscapes_jaccard_macro: 0.4244826342910528
  cityscapes_jaccard_micro: 0.8372099436819553

2024-06-24 18:07:36,910 - INFO - Epoch 110/120
2024-06-24 18:08:05,394 - INFO - Train Stats
Loss:
  total: 0.19188543084340218
Metrics:
  cityscapes_dice: 0.8901648536706582
  cityscapes_jaccard_macro: 0.5359115065672458
  cityscapes_jaccard_micro: 0.8786276166255658

2024-06-24 18:08:29,023 - INFO - Validation Stats
Loss:
  total: 0.2742055985145271
Metrics:
  cityscapes_dice: 0.8679440189152956
  cityscapes_jaccard_macro: 0.4226939510554075
  cityscapes_jaccard_micro: 0.8383066933602095

2024-06-24 18:08:30,507 - INFO - Epoch 111/120
2024-06-24 18:09:00,561 - INFO - Train Stats
Loss:
  total: 0.18850086782223138
Metrics:
  cityscapes_dice: 0.8915969576591101
  cityscapes_jaccard_macro: 0.5394130303309514
  cityscapes_jaccard_micro: 0.881001564172598

2024-06-24 18:09:23,722 - INFO - Validation Stats
Loss:
  total: 0.27683217776939273
Metrics:
  cityscapes_dice: 0.8672700319439173
  cityscapes_jaccard_macro: 0.4166337586939335
  cityscapes_jaccard_micro: 0.8391247969120741

2024-06-24 18:09:23,722 - INFO - Epoch 112/120
2024-06-24 18:09:52,855 - INFO - Train Stats
Loss:
  total: 0.18958331568118852
Metrics:
  cityscapes_dice: 0.8905074947919601
  cityscapes_jaccard_macro: 0.5428618895701873
  cityscapes_jaccard_micro: 0.8800483269569201

2024-06-24 18:10:16,718 - INFO - Validation Stats
Loss:
  total: 0.2773203565739095
Metrics:
  cityscapes_dice: 0.8670634366571903
  cityscapes_jaccard_macro: 0.4265363560989499
  cityscapes_jaccard_micro: 0.8383531160652637

2024-06-24 18:10:16,719 - INFO - Epoch 113/120
2024-06-24 18:10:47,954 - INFO - Train Stats
Loss:
  total: 0.1905741607531523
Metrics:
  cityscapes_dice: 0.8901370503963568
  cityscapes_jaccard_macro: 0.5199440098725833
  cityscapes_jaccard_micro: 0.8796324943884825

2024-06-24 18:11:12,542 - INFO - Validation Stats
Loss:
  total: 0.2777278176508844
Metrics:
  cityscapes_dice: 0.8670563288033009
  cityscapes_jaccard_macro: 0.4220963967964053
  cityscapes_jaccard_micro: 0.837437080219388

2024-06-24 18:11:12,543 - INFO - Epoch 114/120
2024-06-24 18:11:41,226 - INFO - Train Stats
Loss:
  total: 0.18896217491382208
Metrics:
  cityscapes_dice: 0.8910652720011197
  cityscapes_jaccard_macro: 0.5205547427519773
  cityscapes_jaccard_micro: 0.8806138711097913

2024-06-24 18:12:04,908 - INFO - Validation Stats
Loss:
  total: 0.2713444586843252
Metrics:
  cityscapes_dice: 0.8677692022174597
  cityscapes_jaccard_macro: 0.4190651522949338
  cityscapes_jaccard_micro: 0.8399942498654127

2024-06-24 18:12:04,909 - INFO - Epoch 115/120
2024-06-24 18:12:34,448 - INFO - Train Stats
Loss:
  total: 0.18759245520982987
Metrics:
  cityscapes_dice: 0.8925053889934833
  cityscapes_jaccard_macro: 0.5390846110307254
  cityscapes_jaccard_micro: 0.8814380459296398

2024-06-24 18:12:58,108 - INFO - Validation Stats
Loss:
  total: 0.2760130940005183
Metrics:
  cityscapes_dice: 0.8661308102309704
  cityscapes_jaccard_macro: 0.4239100022241473
  cityscapes_jaccard_micro: 0.8364762421697378

2024-06-24 18:12:58,109 - INFO - Epoch 116/120
2024-06-24 18:13:28,271 - INFO - Train Stats
Loss:
  total: 0.19005640462422982
Metrics:
  cityscapes_dice: 0.8911948708387522
  cityscapes_jaccard_macro: 0.5356858380329914
  cityscapes_jaccard_micro: 0.8806301859708933

2024-06-24 18:13:51,984 - INFO - Validation Stats
Loss:
  total: 0.27506338711827993
Metrics:
  cityscapes_dice: 0.8676756992936134
  cityscapes_jaccard_macro: 0.4258436057716608
  cityscapes_jaccard_micro: 0.8378966264426708

2024-06-24 18:13:51,985 - INFO - Epoch 117/120
2024-06-24 18:14:22,459 - INFO - Train Stats
Loss:
  total: 0.18866485548325074
Metrics:
  cityscapes_dice: 0.8921231841429685
  cityscapes_jaccard_macro: 0.5361844889628582
  cityscapes_jaccard_micro: 0.880701346275134

2024-06-24 18:14:45,434 - INFO - Validation Stats
Loss:
  total: 0.27210096875205636
Metrics:
  cityscapes_dice: 0.8682979512959719
  cityscapes_jaccard_macro: 0.43028886895626783
  cityscapes_jaccard_micro: 0.8392946179956198

2024-06-24 18:14:45,435 - INFO - Epoch 118/120
2024-06-24 18:15:15,612 - INFO - Train Stats
Loss:
  total: 0.19045757559629586
Metrics:
  cityscapes_dice: 0.8898023535043765
  cityscapes_jaccard_macro: 0.546333718758363
  cityscapes_jaccard_micro: 0.8795707592597375

2024-06-24 18:15:40,347 - INFO - Validation Stats
Loss:
  total: 0.2805743319913745
Metrics:
  cityscapes_dice: 0.8648097421973944
  cityscapes_jaccard_macro: 0.42366741970181465
  cityscapes_jaccard_micro: 0.8355067875236273

2024-06-24 18:15:40,347 - INFO - Epoch 119/120
2024-06-24 18:16:11,256 - INFO - Train Stats
Loss:
  total: 0.18667530937072557
Metrics:
  cityscapes_dice: 0.8922953804334005
  cityscapes_jaccard_macro: 0.5419093507986802
  cityscapes_jaccard_micro: 0.8822551950430259

2024-06-24 18:16:35,337 - INFO - Validation Stats
Loss:
  total: 0.26676749996840954
Metrics:
  cityscapes_dice: 0.8707699552178383
  cityscapes_jaccard_macro: 0.4290048237890005
  cityscapes_jaccard_micro: 0.8431704249233007

2024-06-24 18:16:36,853 - INFO - Epoch 120/120
2024-06-24 18:17:06,452 - INFO - Train Stats
Loss:
  total: 0.19003304877342322
Metrics:
  cityscapes_dice: 0.8905083109170963
  cityscapes_jaccard_macro: 0.536641334876036
  cityscapes_jaccard_micro: 0.8803050670868311

2024-06-24 18:17:29,960 - INFO - Validation Stats
Loss:
  total: 0.2684212001040578
Metrics:
  cityscapes_dice: 0.8690566010773182
  cityscapes_jaccard_macro: 0.430627609603107
  cityscapes_jaccard_micro: 0.8416887205094099

2024-06-24 18:17:31,522 - INFO - Best validation loss: 0.26676749996840954
2024-06-24 18:17:32,517 - INFO - Best model saved to /home/up201905337/exploring-label-efficiency/weights/sl_cityscapes_mobilenet_619l.pth
2024-06-24 18:17:32,518 - INFO - Training took 6638.53605389595 seconds to complete
