2024-06-23 22:02:02,130 - INFO - Loading configuration files...
2024-06-23 22:02:02,243 - INFO - Loading model configuration
args:
  backbone: mobilenet_v3_large
  num_classes: 20
  weights_backbone: DEFAULT
class: DeepLabV3

2024-06-23 22:02:02,255 - INFO - Loading train_dataset configuration
args:
  num_labeled: 70
  root: /data/auto/kitti
  train_val_test_split:
  - 0.7
  - 0.1
  - 0.2
class: SemiSupervisedKittiSeg

2024-06-23 22:02:02,265 - INFO - Loading val_dataset configuration
args:
  root: /data/auto/kitti
  train_val_test_split:
  - 0.7
  - 0.1
  - 0.2
class: KittiSeg

2024-06-23 22:02:02,272 - INFO - Loading optimizer configuration
args:
  lr: 0.001
class: Adam

2024-06-23 22:02:02,273 - INFO - Loading loss configuration
args:
  ignore_index: 0
class: CrossEntropyLoss

2024-06-23 22:02:02,353 - INFO - Loading metrics configuration
kitti_dice:
  args:
    average: micro
    ignore_index: 0
    num_classes: 20
  class: Dice
kitti_jaccard_macro:
  args:
    average: macro
    ignore_index: 0
    num_classes: 20
    task: multiclass
    validate_args: false
  class: JaccardIndex
kitti_jaccard_micro:
  args:
    average: micro
    ignore_index: 0
    num_classes: 20
    task: multiclass
    validate_args: false
  class: JaccardIndex

2024-06-23 22:02:02,353 - INFO - Loading hyperparameters configuration
batch_size: 8
ema_decay: null
epochs: 120
num_workers: 4
save_freq: 5

2024-06-23 22:02:02,362 - INFO - Using device: cuda
2024-06-23 22:02:02,424 - INFO - Training for 120 epochs
2024-06-23 22:02:02,424 - INFO - Epoch 1/120
2024-06-23 22:02:05,092 - INFO - Train Stats
Loss:
  total: 1.608853856722514
Metrics:
  kitti_dice: 0.5796496781210104
  kitti_jaccard_macro: 0.14499505650666025
  kitti_jaccard_micro: 0.44406463247206474

2024-06-23 22:02:05,574 - INFO - Validation Stats
Loss:
  total: 1.3209896087646484
Metrics:
  kitti_dice: 0.6656411290168762
  kitti_jaccard_macro: 0.18999816477298737
  kitti_jaccard_micro: 0.5132968624432882

2024-06-23 22:02:05,695 - INFO - Epoch 2/120
2024-06-23 22:02:07,590 - INFO - Train Stats
Loss:
  total: 0.8129048347473145
Metrics:
  kitti_dice: 0.7547458675172594
  kitti_jaccard_macro: 0.22900513311227164
  kitti_jaccard_micro: 0.6315676437483894

2024-06-23 22:02:08,024 - INFO - Validation Stats
Loss:
  total: 0.9737666646639506
Metrics:
  kitti_dice: 0.7289152145385742
  kitti_jaccard_macro: 0.22506299118200937
  kitti_jaccard_micro: 0.591105043888092

2024-06-23 22:02:08,280 - INFO - Epoch 3/120
2024-06-23 22:02:10,193 - INFO - Train Stats
Loss:
  total: 0.6815446747673882
Metrics:
  kitti_dice: 0.7835719452963935
  kitti_jaccard_macro: 0.24400254918469322
  kitti_jaccard_micro: 0.6708669861157736

2024-06-23 22:02:10,628 - INFO - Validation Stats
Loss:
  total: 0.9776851932207743
Metrics:
  kitti_dice: 0.7224535346031189
  kitti_jaccard_macro: 0.22319510082403818
  kitti_jaccard_micro: 0.5835163394610087

2024-06-23 22:02:10,628 - INFO - Epoch 4/120
2024-06-23 22:02:12,535 - INFO - Train Stats
Loss:
  total: 0.6297679940859476
Metrics:
  kitti_dice: 0.7960203157530891
  kitti_jaccard_macro: 0.2649331788221995
  kitti_jaccard_micro: 0.6893967522515191

2024-06-23 22:02:12,970 - INFO - Validation Stats
Loss:
  total: 0.9097587664922079
Metrics:
  kitti_dice: 0.7275828321774801
  kitti_jaccard_macro: 0.23526422182718912
  kitti_jaccard_micro: 0.5902364452679952

2024-06-23 22:02:13,222 - INFO - Epoch 5/120
2024-06-23 22:02:15,134 - INFO - Train Stats
Loss:
  total: 0.5907115042209625
Metrics:
  kitti_dice: 0.8023355801900228
  kitti_jaccard_macro: 0.26638886166943443
  kitti_jaccard_micro: 0.6993207269244723

2024-06-23 22:02:15,568 - INFO - Validation Stats
Loss:
  total: 0.8379023273785909
Metrics:
  kitti_dice: 0.7563814918200175
  kitti_jaccard_macro: 0.25480887790520984
  kitti_jaccard_micro: 0.6269800265630087

2024-06-23 22:02:15,936 - INFO - Epoch 6/120
2024-06-23 22:02:17,839 - INFO - Train Stats
Loss:
  total: 0.5081627600722842
Metrics:
  kitti_dice: 0.8245378335316976
  kitti_jaccard_macro: 0.2979213429821862
  kitti_jaccard_micro: 0.7315746545791626

2024-06-23 22:02:18,269 - INFO - Validation Stats
Loss:
  total: 0.8338749607404073
Metrics:
  kitti_dice: 0.7513628403345743
  kitti_jaccard_macro: 0.25437695781389874
  kitti_jaccard_micro: 0.6201540231704712

2024-06-23 22:02:18,531 - INFO - Epoch 7/120
2024-06-23 22:02:20,439 - INFO - Train Stats
Loss:
  total: 0.48002273175451493
Metrics:
  kitti_dice: 0.8346929881307814
  kitti_jaccard_macro: 0.31121251980463666
  kitti_jaccard_micro: 0.746992376115587

2024-06-23 22:02:20,870 - INFO - Validation Stats
Loss:
  total: 0.8015848199526469
Metrics:
  kitti_dice: 0.7555897037188212
  kitti_jaccard_macro: 0.257656991481781
  kitti_jaccard_micro: 0.6262600620587667

2024-06-23 22:02:21,047 - INFO - Epoch 8/120
2024-06-23 22:02:22,949 - INFO - Train Stats
Loss:
  total: 0.4599077304204305
Metrics:
  kitti_dice: 0.8390064107047187
  kitti_jaccard_macro: 0.32092927893002826
  kitti_jaccard_micro: 0.753869891166687

2024-06-23 22:02:23,382 - INFO - Validation Stats
Loss:
  total: 0.7129936416943868
Metrics:
  kitti_dice: 0.7810120185216268
  kitti_jaccard_macro: 0.27505673468112946
  kitti_jaccard_micro: 0.6609556674957275

2024-06-23 22:02:23,566 - INFO - Epoch 9/120
2024-06-23 22:02:25,485 - INFO - Train Stats
Loss:
  total: 0.40920382406976485
Metrics:
  kitti_dice: 0.8547843032413058
  kitti_jaccard_macro: 0.34654490152994794
  kitti_jaccard_micro: 0.7787274188465543

2024-06-23 22:02:25,921 - INFO - Validation Stats
Loss:
  total: 0.7361188133557638
Metrics:
  kitti_dice: 0.7783750891685486
  kitti_jaccard_macro: 0.2774699181318283
  kitti_jaccard_micro: 0.6576579610506693

2024-06-23 22:02:25,921 - INFO - Epoch 10/120
2024-06-23 22:02:27,833 - INFO - Train Stats
Loss:
  total: 0.3972841335667504
Metrics:
  kitti_dice: 0.857532713148329
  kitti_jaccard_macro: 0.3534877465830909
  kitti_jaccard_micro: 0.7838119202189975

2024-06-23 22:02:28,261 - INFO - Validation Stats
Loss:
  total: 0.6855064431826273
Metrics:
  kitti_dice: 0.793093184630076
  kitti_jaccard_macro: 0.28801361719767254
  kitti_jaccard_micro: 0.678329348564148

2024-06-23 22:02:28,680 - INFO - Epoch 11/120
2024-06-23 22:02:30,599 - INFO - Train Stats
Loss:
  total: 0.382539129919476
Metrics:
  kitti_dice: 0.8562298019727071
  kitti_jaccard_macro: 0.3713124858008491
  kitti_jaccard_micro: 0.7837919592857361

2024-06-23 22:02:31,028 - INFO - Validation Stats
Loss:
  total: 0.7018192211786906
Metrics:
  kitti_dice: 0.786005437374115
  kitti_jaccard_macro: 0.29601799448331195
  kitti_jaccard_micro: 0.668224056561788

2024-06-23 22:02:31,028 - INFO - Epoch 12/120
2024-06-23 22:02:32,945 - INFO - Train Stats
Loss:
  total: 0.35215867890252006
Metrics:
  kitti_dice: 0.868399096859826
  kitti_jaccard_macro: 0.38547946015993756
  kitti_jaccard_micro: 0.8016619616084628

2024-06-23 22:02:33,384 - INFO - Validation Stats
Loss:
  total: 0.728516141573588
Metrics:
  kitti_dice: 0.7878098885218302
  kitti_jaccard_macro: 0.2919626881678899
  kitti_jaccard_micro: 0.6709402402242025

2024-06-23 22:02:33,384 - INFO - Epoch 13/120
2024-06-23 22:02:35,306 - INFO - Train Stats
Loss:
  total: 0.3566378487481011
Metrics:
  kitti_dice: 0.8653225104014078
  kitti_jaccard_macro: 0.39588813649283516
  kitti_jaccard_micro: 0.7964759535259671

2024-06-23 22:02:35,742 - INFO - Validation Stats
Loss:
  total: 0.655677080154419
Metrics:
  kitti_dice: 0.8036600351333618
  kitti_jaccard_macro: 0.31128503878911334
  kitti_jaccard_micro: 0.6937517523765564

2024-06-23 22:02:35,991 - INFO - Epoch 14/120
2024-06-23 22:02:37,931 - INFO - Train Stats
Loss:
  total: 0.3388028111722734
Metrics:
  kitti_dice: 0.8711387183931139
  kitti_jaccard_macro: 0.40812650985187954
  kitti_jaccard_micro: 0.8056836393144395

2024-06-23 22:02:38,364 - INFO - Validation Stats
Loss:
  total: 0.663749893506368
Metrics:
  kitti_dice: 0.8040667176246643
  kitti_jaccard_macro: 0.3248927891254425
  kitti_jaccard_micro: 0.6945512493451437

2024-06-23 22:02:38,365 - INFO - Epoch 15/120
2024-06-23 22:02:40,287 - INFO - Train Stats
Loss:
  total: 0.3178890513049232
Metrics:
  kitti_dice: 0.8766582806905111
  kitti_jaccard_macro: 0.41838548249668545
  kitti_jaccard_micro: 0.8151304523150126

2024-06-23 22:02:40,721 - INFO - Validation Stats
Loss:
  total: 0.658893903096517
Metrics:
  kitti_dice: 0.8039087255795797
  kitti_jaccard_macro: 0.32544365525245667
  kitti_jaccard_micro: 0.6940162380536398

2024-06-23 22:02:40,963 - INFO - Epoch 16/120
2024-06-23 22:02:42,886 - INFO - Train Stats
Loss:
  total: 0.29551658696598476
Metrics:
  kitti_dice: 0.8816647132237753
  kitti_jaccard_macro: 0.42259277568923104
  kitti_jaccard_micro: 0.8245782785945468

2024-06-23 22:02:43,319 - INFO - Validation Stats
Loss:
  total: 0.611869752407074
Metrics:
  kitti_dice: 0.8153292735417684
  kitti_jaccard_macro: 0.3381313979625702
  kitti_jaccard_micro: 0.7115612824757894

2024-06-23 22:02:43,565 - INFO - Epoch 17/120
2024-06-23 22:02:45,510 - INFO - Train Stats
Loss:
  total: 0.28077752391497296
Metrics:
  kitti_dice: 0.8867666323979696
  kitti_jaccard_macro: 0.4397962424490187
  kitti_jaccard_micro: 0.8320373760329353

2024-06-23 22:02:45,942 - INFO - Validation Stats
Loss:
  total: 0.646737257639567
Metrics:
  kitti_dice: 0.8104458053906759
  kitti_jaccard_macro: 0.342789759238561
  kitti_jaccard_micro: 0.7034438451131185

2024-06-23 22:02:45,943 - INFO - Epoch 18/120
2024-06-23 22:02:47,869 - INFO - Train Stats
Loss:
  total: 0.2799712088372972
Metrics:
  kitti_dice: 0.8848027719391717
  kitti_jaccard_macro: 0.44375309016969466
  kitti_jaccard_micro: 0.8306952582465278

2024-06-23 22:02:48,297 - INFO - Validation Stats
Loss:
  total: 0.636198620001475
Metrics:
  kitti_dice: 0.8147417902946472
  kitti_jaccard_macro: 0.3446285625298818
  kitti_jaccard_micro: 0.7105464537938436

2024-06-23 22:02:48,297 - INFO - Epoch 19/120
2024-06-23 22:02:50,226 - INFO - Train Stats
Loss:
  total: 0.2747877869341109
Metrics:
  kitti_dice: 0.8875031934844123
  kitti_jaccard_macro: 0.4496828118960063
  kitti_jaccard_micro: 0.8334169056680467

2024-06-23 22:02:50,660 - INFO - Validation Stats
Loss:
  total: 0.6560962200164795
Metrics:
  kitti_dice: 0.8088429570198059
  kitti_jaccard_macro: 0.34271268049875897
  kitti_jaccard_micro: 0.7017083366711935

2024-06-23 22:02:50,660 - INFO - Epoch 20/120
2024-06-23 22:02:52,584 - INFO - Train Stats
Loss:
  total: 0.2655380649699105
Metrics:
  kitti_dice: 0.8887162076102363
  kitti_jaccard_macro: 0.4404573241869609
  kitti_jaccard_micro: 0.8359513282775879

2024-06-23 22:02:53,021 - INFO - Validation Stats
Loss:
  total: 0.6297686100006104
Metrics:
  kitti_dice: 0.8178711533546448
  kitti_jaccard_macro: 0.3447650770346324
  kitti_jaccard_micro: 0.715189516544342

2024-06-23 22:02:53,274 - INFO - Epoch 21/120
2024-06-23 22:02:55,226 - INFO - Train Stats
Loss:
  total: 0.2549983362356822
Metrics:
  kitti_dice: 0.8934230009714762
  kitti_jaccard_macro: 0.45978092816140914
  kitti_jaccard_micro: 0.8438999056816101

2024-06-23 22:02:55,660 - INFO - Validation Stats
Loss:
  total: 0.6235783497492472
Metrics:
  kitti_dice: 0.8172047734260559
  kitti_jaccard_macro: 0.3454352219899495
  kitti_jaccard_micro: 0.7139922976493835

2024-06-23 22:02:55,660 - INFO - Epoch 22/120
2024-06-23 22:02:57,584 - INFO - Train Stats
Loss:
  total: 0.24648859103520712
Metrics:
  kitti_dice: 0.8944887585110135
  kitti_jaccard_macro: 0.47602398527993095
  kitti_jaccard_micro: 0.8456010619799296

2024-06-23 22:02:58,021 - INFO - Validation Stats
Loss:
  total: 0.6250338157018026
Metrics:
  kitti_dice: 0.823991854985555
  kitti_jaccard_macro: 0.3443475365638733
  kitti_jaccard_micro: 0.7239497502644857

2024-06-23 22:02:58,021 - INFO - Epoch 23/120
2024-06-23 22:02:59,970 - INFO - Train Stats
Loss:
  total: 0.24517872598436144
Metrics:
  kitti_dice: 0.8943443894386292
  kitti_jaccard_macro: 0.4791871772872077
  kitti_jaccard_micro: 0.8452219168345133

2024-06-23 22:03:00,411 - INFO - Validation Stats
Loss:
  total: 0.663326640923818
Metrics:
  kitti_dice: 0.8164054354031881
  kitti_jaccard_macro: 0.3477174441019694
  kitti_jaccard_micro: 0.7129199504852295

2024-06-23 22:03:00,411 - INFO - Epoch 24/120
2024-06-23 22:03:02,345 - INFO - Train Stats
Loss:
  total: 0.2396589716275533
Metrics:
  kitti_dice: 0.8968573874897428
  kitti_jaccard_macro: 0.4721997049119737
  kitti_jaccard_micro: 0.8497548831833733

2024-06-23 22:03:02,778 - INFO - Validation Stats
Loss:
  total: 0.6232853730519613
Metrics:
  kitti_dice: 0.8236288825670878
  kitti_jaccard_macro: 0.356634517510732
  kitti_jaccard_micro: 0.724335789680481

2024-06-23 22:03:02,778 - INFO - Epoch 25/120
2024-06-23 22:03:04,721 - INFO - Train Stats
Loss:
  total: 0.23456397652626038
Metrics:
  kitti_dice: 0.8986697461869981
  kitti_jaccard_macro: 0.49145839280552334
  kitti_jaccard_micro: 0.8524007797241211

2024-06-23 22:03:05,156 - INFO - Validation Stats
Loss:
  total: 0.6812755465507507
Metrics:
  kitti_dice: 0.817030668258667
  kitti_jaccard_macro: 0.3518898884455363
  kitti_jaccard_micro: 0.713686486085256

2024-06-23 22:03:05,322 - INFO - Epoch 26/120
2024-06-23 22:03:07,247 - INFO - Train Stats
Loss:
  total: 0.23551214072439405
Metrics:
  kitti_dice: 0.8969195153978136
  kitti_jaccard_macro: 0.4715382224983639
  kitti_jaccard_micro: 0.8492378923628066

2024-06-23 22:03:07,677 - INFO - Validation Stats
Loss:
  total: 0.6653157869974772
Metrics:
  kitti_dice: 0.819983979066213
  kitti_jaccard_macro: 0.3504253029823303
  kitti_jaccard_micro: 0.7184880574544271

2024-06-23 22:03:07,677 - INFO - Epoch 27/120
2024-06-23 22:03:09,624 - INFO - Train Stats
Loss:
  total: 0.23043054011132982
Metrics:
  kitti_dice: 0.898950974146525
  kitti_jaccard_macro: 0.4964605900976393
  kitti_jaccard_micro: 0.8527293801307678

2024-06-23 22:03:10,056 - INFO - Validation Stats
Loss:
  total: 0.6558728814125061
Metrics:
  kitti_dice: 0.8259230454762777
  kitti_jaccard_macro: 0.3580182393391927
  kitti_jaccard_micro: 0.7269434332847595

2024-06-23 22:03:10,056 - INFO - Epoch 28/120
2024-06-23 22:03:11,999 - INFO - Train Stats
Loss:
  total: 0.22969857189390394
Metrics:
  kitti_dice: 0.8984792232513428
  kitti_jaccard_macro: 0.4820290207862854
  kitti_jaccard_micro: 0.8531386454900106

2024-06-23 22:03:12,434 - INFO - Validation Stats
Loss:
  total: 0.640645960966746
Metrics:
  kitti_dice: 0.8225645224253336
  kitti_jaccard_macro: 0.36567389965057373
  kitti_jaccard_micro: 0.72213747104009

2024-06-23 22:03:12,435 - INFO - Epoch 29/120
2024-06-23 22:03:14,369 - INFO - Train Stats
Loss:
  total: 0.22517635921637216
Metrics:
  kitti_dice: 0.898519343800015
  kitti_jaccard_macro: 0.4903685284985436
  kitti_jaccard_micro: 0.8535512155956693

2024-06-23 22:03:14,797 - INFO - Validation Stats
Loss:
  total: 0.6796035369237264
Metrics:
  kitti_dice: 0.8240557511647543
  kitti_jaccard_macro: 0.3567282160123189
  kitti_jaccard_micro: 0.7249083518981934

2024-06-23 22:03:14,797 - INFO - Epoch 30/120
2024-06-23 22:03:16,750 - INFO - Train Stats
Loss:
  total: 0.21585334175162846
Metrics:
  kitti_dice: 0.9023492137591044
  kitti_jaccard_macro: 0.500099605984158
  kitti_jaccard_micro: 0.8588491744465299

2024-06-23 22:03:17,187 - INFO - Validation Stats
Loss:
  total: 0.649299144744873
Metrics:
  kitti_dice: 0.8227610190709432
  kitti_jaccard_macro: 0.3535737196604411
  kitti_jaccard_micro: 0.7225916385650635

2024-06-23 22:03:17,447 - INFO - Epoch 31/120
2024-06-23 22:03:19,417 - INFO - Train Stats
Loss:
  total: 0.2189679808086819
Metrics:
  kitti_dice: 0.9009255170822144
  kitti_jaccard_macro: 0.5026270813412137
  kitti_jaccard_micro: 0.8574162324269613

2024-06-23 22:03:19,853 - INFO - Validation Stats
Loss:
  total: 0.6447290778160095
Metrics:
  kitti_dice: 0.8283647497495016
  kitti_jaccard_macro: 0.36077337463696796
  kitti_jaccard_micro: 0.7301314075787863

2024-06-23 22:03:19,854 - INFO - Epoch 32/120
2024-06-23 22:03:21,787 - INFO - Train Stats
Loss:
  total: 0.20866987771458095
Metrics:
  kitti_dice: 0.9033941759003533
  kitti_jaccard_macro: 0.512417819764879
  kitti_jaccard_micro: 0.8611198796166314

2024-06-23 22:03:22,218 - INFO - Validation Stats
Loss:
  total: 0.6383193929990133
Metrics:
  kitti_dice: 0.8243106007575989
  kitti_jaccard_macro: 0.36202457547187805
  kitti_jaccard_micro: 0.7242638468742371

2024-06-23 22:03:22,218 - INFO - Epoch 33/120
2024-06-23 22:03:24,177 - INFO - Train Stats
Loss:
  total: 0.21017372608184814
Metrics:
  kitti_dice: 0.9033606847127279
  kitti_jaccard_macro: 0.508658250172933
  kitti_jaccard_micro: 0.8616389830907186

2024-06-23 22:03:24,612 - INFO - Validation Stats
Loss:
  total: 0.6654996871948242
Metrics:
  kitti_dice: 0.8245931466420492
  kitti_jaccard_macro: 0.3562278052171071
  kitti_jaccard_micro: 0.7253992557525635

2024-06-23 22:03:24,613 - INFO - Epoch 34/120
2024-06-23 22:03:26,560 - INFO - Train Stats
Loss:
  total: 0.20233653320206535
Metrics:
  kitti_dice: 0.9056559668646919
  kitti_jaccard_macro: 0.5253008306026459
  kitti_jaccard_micro: 0.8649068408542209

2024-06-23 22:03:26,998 - INFO - Validation Stats
Loss:
  total: 0.6687442859013876
Metrics:
  kitti_dice: 0.8257272640864054
  kitti_jaccard_macro: 0.3585093816121419
  kitti_jaccard_micro: 0.7258757551511129

2024-06-23 22:03:26,998 - INFO - Epoch 35/120
2024-06-23 22:03:28,926 - INFO - Train Stats
Loss:
  total: 0.19855150249269274
Metrics:
  kitti_dice: 0.9068734976980422
  kitti_jaccard_macro: 0.5324186417791579
  kitti_jaccard_micro: 0.8670626282691956

2024-06-23 22:03:29,367 - INFO - Validation Stats
Loss:
  total: 0.6518869201342264
Metrics:
  kitti_dice: 0.8328755895296732
  kitti_jaccard_macro: 0.3725220759709676
  kitti_jaccard_micro: 0.7375407417615255

2024-06-23 22:03:29,615 - INFO - Epoch 36/120
2024-06-23 22:03:31,577 - INFO - Train Stats
Loss:
  total: 0.19511432117886013
Metrics:
  kitti_dice: 0.9056965576277839
  kitti_jaccard_macro: 0.5346931086646186
  kitti_jaccard_micro: 0.8681193590164185

2024-06-23 22:03:32,013 - INFO - Validation Stats
Loss:
  total: 0.6275840202967325
Metrics:
  kitti_dice: 0.8288307388623556
  kitti_jaccard_macro: 0.3652615547180176
  kitti_jaccard_micro: 0.7316224177678426

2024-06-23 22:03:32,013 - INFO - Epoch 37/120
2024-06-23 22:03:33,982 - INFO - Train Stats
Loss:
  total: 0.1989261441760593
Metrics:
  kitti_dice: 0.904560493098365
  kitti_jaccard_macro: 0.5326290759775374
  kitti_jaccard_micro: 0.86537856525845

2024-06-23 22:03:34,408 - INFO - Validation Stats
Loss:
  total: 0.6811688343683878
Metrics:
  kitti_dice: 0.8283922473589579
  kitti_jaccard_macro: 0.3621370494365692
  kitti_jaccard_micro: 0.7306921680768331

2024-06-23 22:03:34,408 - INFO - Epoch 38/120
2024-06-23 22:03:36,338 - INFO - Train Stats
Loss:
  total: 0.19636626872751448
Metrics:
  kitti_dice: 0.9052930805418227
  kitti_jaccard_macro: 0.5416368312305875
  kitti_jaccard_micro: 0.8665755788485209

2024-06-23 22:03:36,777 - INFO - Validation Stats
Loss:
  total: 0.6491182049115499
Metrics:
  kitti_dice: 0.8291896979014078
  kitti_jaccard_macro: 0.3677406311035156
  kitti_jaccard_micro: 0.7312912344932556

2024-06-23 22:03:36,777 - INFO - Epoch 39/120
2024-06-23 22:03:38,714 - INFO - Train Stats
Loss:
  total: 0.19595596690972647
Metrics:
  kitti_dice: 0.906619217660692
  kitti_jaccard_macro: 0.5560144252247281
  kitti_jaccard_micro: 0.8666497733857896

2024-06-23 22:03:39,154 - INFO - Validation Stats
Loss:
  total: 0.6624738772710165
Metrics:
  kitti_dice: 0.8322932322820028
  kitti_jaccard_macro: 0.37172725796699524
  kitti_jaccard_micro: 0.7369347413380941

2024-06-23 22:03:39,154 - INFO - Epoch 40/120
2024-06-23 22:03:41,123 - INFO - Train Stats
Loss:
  total: 0.1890743292040295
Metrics:
  kitti_dice: 0.908069928487142
  kitti_jaccard_macro: 0.5348297754923502
  kitti_jaccard_micro: 0.8701155715518527

2024-06-23 22:03:41,558 - INFO - Validation Stats
Loss:
  total: 0.6517289479573568
Metrics:
  kitti_dice: 0.8330706556638082
  kitti_jaccard_macro: 0.3623006343841553
  kitti_jaccard_micro: 0.7376795411109924

2024-06-23 22:03:41,730 - INFO - Epoch 41/120
2024-06-23 22:03:43,701 - INFO - Train Stats
Loss:
  total: 0.18725071019596523
Metrics:
  kitti_dice: 0.909664683871799
  kitti_jaccard_macro: 0.5466750462849935
  kitti_jaccard_micro: 0.872158514128791

2024-06-23 22:03:44,139 - INFO - Validation Stats
Loss:
  total: 0.699080248673757
Metrics:
  kitti_dice: 0.8290364940961202
  kitti_jaccard_macro: 0.3639118472735087
  kitti_jaccard_micro: 0.7311386664708456

2024-06-23 22:03:44,139 - INFO - Epoch 42/120
2024-06-23 22:03:46,098 - INFO - Train Stats
Loss:
  total: 0.18427259061071607
Metrics:
  kitti_dice: 0.9082388149367439
  kitti_jaccard_macro: 0.5422843297322592
  kitti_jaccard_micro: 0.8724896245532565

2024-06-23 22:03:46,537 - INFO - Validation Stats
Loss:
  total: 0.6552251974741617
Metrics:
  kitti_dice: 0.8319161732991537
  kitti_jaccard_macro: 0.3752180139223735
  kitti_jaccard_micro: 0.7361510396003723

2024-06-23 22:03:46,537 - INFO - Epoch 43/120
2024-06-23 22:03:48,501 - INFO - Train Stats
Loss:
  total: 0.18228138983249664
Metrics:
  kitti_dice: 0.9111179378297594
  kitti_jaccard_macro: 0.5683081679873996
  kitti_jaccard_micro: 0.8740459879239401

2024-06-23 22:03:48,936 - INFO - Validation Stats
Loss:
  total: 0.6911252737045288
Metrics:
  kitti_dice: 0.8286022941271464
  kitti_jaccard_macro: 0.3637852768103282
  kitti_jaccard_micro: 0.7312425573666891

2024-06-23 22:03:48,936 - INFO - Epoch 44/120
2024-06-23 22:03:50,888 - INFO - Train Stats
Loss:
  total: 0.18130086031224993
Metrics:
  kitti_dice: 0.9105266597535875
  kitti_jaccard_macro: 0.5664221048355103
  kitti_jaccard_micro: 0.8743540644645691

2024-06-23 22:03:51,323 - INFO - Validation Stats
Loss:
  total: 0.6715512871742249
Metrics:
  kitti_dice: 0.8343673745791117
  kitti_jaccard_macro: 0.37063636382420856
  kitti_jaccard_micro: 0.7396166523297628

2024-06-23 22:03:51,323 - INFO - Epoch 45/120
2024-06-23 22:03:53,273 - INFO - Train Stats
Loss:
  total: 0.18321693440278372
Metrics:
  kitti_dice: 0.910195098982917
  kitti_jaccard_macro: 0.5564187467098236
  kitti_jaccard_micro: 0.8737275203069051

2024-06-23 22:03:53,704 - INFO - Validation Stats
Loss:
  total: 0.6906875570615133
Metrics:
  kitti_dice: 0.8298713564872742
  kitti_jaccard_macro: 0.36540842056274414
  kitti_jaccard_micro: 0.732908030351003

2024-06-23 22:03:53,956 - INFO - Epoch 46/120
2024-06-23 22:03:55,921 - INFO - Train Stats
Loss:
  total: 0.1788699229558309
Metrics:
  kitti_dice: 0.9112951887978448
  kitti_jaccard_macro: 0.5629817843437195
  kitti_jaccard_micro: 0.8751575748125712

2024-06-23 22:03:56,354 - INFO - Validation Stats
Loss:
  total: 0.6572834849357605
Metrics:
  kitti_dice: 0.8321311076482137
  kitti_jaccard_macro: 0.37140385309855145
  kitti_jaccard_micro: 0.7363229791323344

2024-06-23 22:03:56,354 - INFO - Epoch 47/120
2024-06-23 22:03:58,302 - INFO - Train Stats
Loss:
  total: 0.1738402479224735
Metrics:
  kitti_dice: 0.9121324883566962
  kitti_jaccard_macro: 0.5635693437523313
  kitti_jaccard_micro: 0.8780024449030558

2024-06-23 22:03:58,741 - INFO - Validation Stats
Loss:
  total: 0.7012660900751749
Metrics:
  kitti_dice: 0.8267454902331034
  kitti_jaccard_macro: 0.3655406137307485
  kitti_jaccard_micro: 0.7283961176872253

2024-06-23 22:03:58,741 - INFO - Epoch 48/120
2024-06-23 22:04:00,699 - INFO - Train Stats
Loss:
  total: 0.17579955359299979
Metrics:
  kitti_dice: 0.912572893831465
  kitti_jaccard_macro: 0.553930229610867
  kitti_jaccard_micro: 0.8771065009964837

2024-06-23 22:04:01,139 - INFO - Validation Stats
Loss:
  total: 0.6740450461705526
Metrics:
  kitti_dice: 0.8287939230600992
  kitti_jaccard_macro: 0.3682777186234792
  kitti_jaccard_micro: 0.7317198514938354

2024-06-23 22:04:01,139 - INFO - Epoch 49/120
2024-06-23 22:04:03,117 - INFO - Train Stats
Loss:
  total: 0.1721061004532708
Metrics:
  kitti_dice: 0.9130822552575005
  kitti_jaccard_macro: 0.5675862663322024
  kitti_jaccard_micro: 0.8780575924449496

2024-06-23 22:04:03,553 - INFO - Validation Stats
Loss:
  total: 0.6517900427182516
Metrics:
  kitti_dice: 0.834101676940918
  kitti_jaccard_macro: 0.3758487304051717
  kitti_jaccard_micro: 0.7387847105662028

2024-06-23 22:04:03,553 - INFO - Epoch 50/120
2024-06-23 22:04:05,508 - INFO - Train Stats
Loss:
  total: 0.17271457695298725
Metrics:
  kitti_dice: 0.9124072657691108
  kitti_jaccard_macro: 0.5640828145874871
  kitti_jaccard_micro: 0.8776854210429721

2024-06-23 22:04:05,941 - INFO - Validation Stats
Loss:
  total: 0.639365533987681
Metrics:
  kitti_dice: 0.8337165315945944
  kitti_jaccard_macro: 0.36835893988609314
  kitti_jaccard_micro: 0.7388389706611633

2024-06-23 22:04:06,115 - INFO - Epoch 51/120
2024-06-23 22:04:08,093 - INFO - Train Stats
Loss:
  total: 0.16643459184302223
Metrics:
  kitti_dice: 0.9142175647947524
  kitti_jaccard_macro: 0.58570663134257
  kitti_jaccard_micro: 0.8810577458805509

2024-06-23 22:04:08,532 - INFO - Validation Stats
Loss:
  total: 0.6868340770403544
Metrics:
  kitti_dice: 0.8280480901400248
  kitti_jaccard_macro: 0.36210118730862934
  kitti_jaccard_micro: 0.7293747663497925

2024-06-23 22:04:08,532 - INFO - Epoch 52/120
2024-06-23 22:04:10,500 - INFO - Train Stats
Loss:
  total: 0.1672237374716335
Metrics:
  kitti_dice: 0.9149826831287808
  kitti_jaccard_macro: 0.573414941628774
  kitti_jaccard_micro: 0.8816699120733473

2024-06-23 22:04:10,937 - INFO - Validation Stats
Loss:
  total: 0.658794105052948
Metrics:
  kitti_dice: 0.833406945069631
  kitti_jaccard_macro: 0.37411991755167645
  kitti_jaccard_micro: 0.7377064426740011

2024-06-23 22:04:10,938 - INFO - Epoch 53/120
2024-06-23 22:04:12,899 - INFO - Train Stats
Loss:
  total: 0.16357976694901785
Metrics:
  kitti_dice: 0.9150967068142362
  kitti_jaccard_macro: 0.5810938278834025
  kitti_jaccard_micro: 0.8824079632759094

2024-06-23 22:04:13,337 - INFO - Validation Stats
Loss:
  total: 0.6594631671905518
Metrics:
  kitti_dice: 0.8312070369720459
  kitti_jaccard_macro: 0.3721323112646739
  kitti_jaccard_micro: 0.7345457673072815

2024-06-23 22:04:13,338 - INFO - Epoch 54/120
2024-06-23 22:04:15,309 - INFO - Train Stats
Loss:
  total: 0.16305875115924412
Metrics:
  kitti_dice: 0.9152460826767815
  kitti_jaccard_macro: 0.5847393506103091
  kitti_jaccard_micro: 0.8830386598904928

2024-06-23 22:04:15,744 - INFO - Validation Stats
Loss:
  total: 0.6623863776524862
Metrics:
  kitti_dice: 0.833579421043396
  kitti_jaccard_macro: 0.3662118812402089
  kitti_jaccard_micro: 0.7381378213564554

2024-06-23 22:04:15,744 - INFO - Epoch 55/120
2024-06-23 22:04:17,717 - INFO - Train Stats
Loss:
  total: 0.16343261632654402
Metrics:
  kitti_dice: 0.9143111109733582
  kitti_jaccard_macro: 0.5730030205514696
  kitti_jaccard_micro: 0.8821435107125176

2024-06-23 22:04:18,156 - INFO - Validation Stats
Loss:
  total: 0.6567170023918152
Metrics:
  kitti_dice: 0.8343900243441263
  kitti_jaccard_macro: 0.3716779549916585
  kitti_jaccard_micro: 0.7403364976247152

2024-06-23 22:04:18,401 - INFO - Epoch 56/120
2024-06-23 22:04:20,373 - INFO - Train Stats
Loss:
  total: 0.1621168628334999
Metrics:
  kitti_dice: 0.9157171381844414
  kitti_jaccard_macro: 0.6030981805589464
  kitti_jaccard_micro: 0.8835691279835172

2024-06-23 22:04:20,813 - INFO - Validation Stats
Loss:
  total: 0.6861482461293539
Metrics:
  kitti_dice: 0.8331567843755087
  kitti_jaccard_macro: 0.3638872603575389
  kitti_jaccard_micro: 0.7371515234311422

2024-06-23 22:04:20,813 - INFO - Epoch 57/120
2024-06-23 22:04:22,816 - INFO - Train Stats
Loss:
  total: 0.1626233524746365
Metrics:
  kitti_dice: 0.9155227078331841
  kitti_jaccard_macro: 0.5718215439054701
  kitti_jaccard_micro: 0.8831192255020142

2024-06-23 22:04:23,250 - INFO - Validation Stats
Loss:
  total: 0.6547420024871826
Metrics:
  kitti_dice: 0.8324321707089742
  kitti_jaccard_macro: 0.3695799211661021
  kitti_jaccard_micro: 0.7366722822189331

2024-06-23 22:04:23,251 - INFO - Epoch 58/120
2024-06-23 22:04:25,209 - INFO - Train Stats
Loss:
  total: 0.16522080699602762
Metrics:
  kitti_dice: 0.9151150915357802
  kitti_jaccard_macro: 0.5929779476589627
  kitti_jaccard_micro: 0.8818946480751038

2024-06-23 22:04:25,652 - INFO - Validation Stats
Loss:
  total: 0.6397623221079508
Metrics:
  kitti_dice: 0.8356596628824869
  kitti_jaccard_macro: 0.370717316865921
  kitti_jaccard_micro: 0.7419214248657227

2024-06-23 22:04:25,652 - INFO - Epoch 59/120
2024-06-23 22:04:27,608 - INFO - Train Stats
Loss:
  total: 0.1600054750839869
Metrics:
  kitti_dice: 0.9163259731398689
  kitti_jaccard_macro: 0.589904268582662
  kitti_jaccard_micro: 0.8842327992121378

2024-06-23 22:04:28,049 - INFO - Validation Stats
Loss:
  total: 0.6614066958427429
Metrics:
  kitti_dice: 0.8331619103749593
  kitti_jaccard_macro: 0.3676927089691162
  kitti_jaccard_micro: 0.7373836040496826

2024-06-23 22:04:28,050 - INFO - Epoch 60/120
2024-06-23 22:04:30,026 - INFO - Train Stats
Loss:
  total: 0.1622606101963255
Metrics:
  kitti_dice: 0.9153111908170912
  kitti_jaccard_macro: 0.5902927054299248
  kitti_jaccard_micro: 0.8833016488287184

2024-06-23 22:04:30,465 - INFO - Validation Stats
Loss:
  total: 0.6824448307355245
Metrics:
  kitti_dice: 0.8337899645169576
  kitti_jaccard_macro: 0.37485819061597186
  kitti_jaccard_micro: 0.7389366030693054

2024-06-23 22:04:30,725 - INFO - Epoch 61/120
2024-06-23 22:04:32,697 - INFO - Train Stats
Loss:
  total: 0.15858863294124603
Metrics:
  kitti_dice: 0.9163494971063402
  kitti_jaccard_macro: 0.5923358003298441
  kitti_jaccard_micro: 0.8850797745916579

2024-06-23 22:04:33,128 - INFO - Validation Stats
Loss:
  total: 0.6748304963111877
Metrics:
  kitti_dice: 0.8359330495198568
  kitti_jaccard_macro: 0.37804728746414185
  kitti_jaccard_micro: 0.7420649727185568

2024-06-23 22:04:33,128 - INFO - Epoch 62/120
2024-06-23 22:04:35,094 - INFO - Train Stats
Loss:
  total: 0.15807006922033098
Metrics:
  kitti_dice: 0.914548397064209
  kitti_jaccard_macro: 0.6016378733846877
  kitti_jaccard_micro: 0.8843678633371989

2024-06-23 22:04:35,529 - INFO - Validation Stats
Loss:
  total: 0.6624827980995178
Metrics:
  kitti_dice: 0.8348729411760966
  kitti_jaccard_macro: 0.37671225269635517
  kitti_jaccard_micro: 0.7413942217826843

2024-06-23 22:04:35,529 - INFO - Epoch 63/120
2024-06-23 22:04:37,506 - INFO - Train Stats
Loss:
  total: 0.1576915697918998
Metrics:
  kitti_dice: 0.915921131769816
  kitti_jaccard_macro: 0.5975460211435953
  kitti_jaccard_micro: 0.8844373159938388

2024-06-23 22:04:37,942 - INFO - Validation Stats
Loss:
  total: 0.6748656233151754
Metrics:
  kitti_dice: 0.8369623025258383
  kitti_jaccard_macro: 0.3760550121466319
  kitti_jaccard_micro: 0.7436278661092123

2024-06-23 22:04:37,942 - INFO - Epoch 64/120
2024-06-23 22:04:39,906 - INFO - Train Stats
Loss:
  total: 0.15770824915832943
Metrics:
  kitti_dice: 0.917019612259335
  kitti_jaccard_macro: 0.6156811846627129
  kitti_jaccard_micro: 0.8849750558535258

2024-06-23 22:04:40,346 - INFO - Validation Stats
Loss:
  total: 0.669161836306254
Metrics:
  kitti_dice: 0.835155189037323
  kitti_jaccard_macro: 0.37712497512499493
  kitti_jaccard_micro: 0.741787056128184

2024-06-23 22:04:40,346 - INFO - Epoch 65/120
2024-06-23 22:04:42,318 - INFO - Train Stats
Loss:
  total: 0.15494257791174781
Metrics:
  kitti_dice: 0.9179122977786593
  kitti_jaccard_macro: 0.5993106961250305
  kitti_jaccard_micro: 0.8873265849219428

2024-06-23 22:04:42,755 - INFO - Validation Stats
Loss:
  total: 0.6775336861610413
Metrics:
  kitti_dice: 0.8360746304194132
  kitti_jaccard_macro: 0.379780113697052
  kitti_jaccard_micro: 0.7427161534627279

2024-06-23 22:04:42,925 - INFO - Epoch 66/120
2024-06-23 22:04:44,886 - INFO - Train Stats
Loss:
  total: 0.1549654420879152
Metrics:
  kitti_dice: 0.91713457637363
  kitti_jaccard_macro: 0.6171861953205533
  kitti_jaccard_micro: 0.8868466085857816

2024-06-23 22:04:45,324 - INFO - Validation Stats
Loss:
  total: 0.667076031366984
Metrics:
  kitti_dice: 0.8365013798077902
  kitti_jaccard_macro: 0.3770026167233785
  kitti_jaccard_micro: 0.7427632411321005

2024-06-23 22:04:45,324 - INFO - Epoch 67/120
2024-06-23 22:04:47,302 - INFO - Train Stats
Loss:
  total: 0.15594849321577284
Metrics:
  kitti_dice: 0.9168846805890402
  kitti_jaccard_macro: 0.5961622529559665
  kitti_jaccard_micro: 0.8852817349963717

2024-06-23 22:04:47,741 - INFO - Validation Stats
Loss:
  total: 0.7030392487843832
Metrics:
  kitti_dice: 0.8349764943122864
  kitti_jaccard_macro: 0.37428903579711914
  kitti_jaccard_micro: 0.7411296566327413

2024-06-23 22:04:47,742 - INFO - Epoch 68/120
2024-06-23 22:04:49,725 - INFO - Train Stats
Loss:
  total: 0.15611999895837572
Metrics:
  kitti_dice: 0.916827056143019
  kitti_jaccard_macro: 0.5988159974416097
  kitti_jaccard_micro: 0.8850954903496636

2024-06-23 22:04:50,168 - INFO - Validation Stats
Loss:
  total: 0.6741955280303955
Metrics:
  kitti_dice: 0.8365542888641357
  kitti_jaccard_macro: 0.37883327404658
  kitti_jaccard_micro: 0.7433351278305054

2024-06-23 22:04:50,168 - INFO - Epoch 69/120
2024-06-23 22:04:52,156 - INFO - Train Stats
Loss:
  total: 0.15184366868601906
Metrics:
  kitti_dice: 0.9172086848153008
  kitti_jaccard_macro: 0.6020935972531637
  kitti_jaccard_micro: 0.8883870111571418

2024-06-23 22:04:52,592 - INFO - Validation Stats
Loss:
  total: 0.6620767513910929
Metrics:
  kitti_dice: 0.8415031830469767
  kitti_jaccard_macro: 0.38550616304079693
  kitti_jaccard_micro: 0.750766376654307

2024-06-23 22:04:52,592 - INFO - Epoch 70/120
2024-06-23 22:04:54,586 - INFO - Train Stats
Loss:
  total: 0.14890537245406044
Metrics:
  kitti_dice: 0.9193597369723849
  kitti_jaccard_macro: 0.6286331348949008
  kitti_jaccard_micro: 0.8898509807056851

2024-06-23 22:04:55,023 - INFO - Validation Stats
Loss:
  total: 0.6759030222892761
Metrics:
  kitti_dice: 0.8389448324839274
  kitti_jaccard_macro: 0.37109534939130145
  kitti_jaccard_micro: 0.7466850678126017

2024-06-23 22:04:55,275 - INFO - Epoch 71/120
2024-06-23 22:04:57,246 - INFO - Train Stats
Loss:
  total: 0.1505133029487398
Metrics:
  kitti_dice: 0.9192966885036893
  kitti_jaccard_macro: 0.6189534664154053
  kitti_jaccard_micro: 0.8892427153057523

2024-06-23 22:04:57,677 - INFO - Validation Stats
Loss:
  total: 0.6902909874916077
Metrics:
  kitti_dice: 0.8396842877070109
  kitti_jaccard_macro: 0.3774497111638387
  kitti_jaccard_micro: 0.7481120030085245

2024-06-23 22:04:57,678 - INFO - Epoch 72/120
2024-06-23 22:04:59,650 - INFO - Train Stats
Loss:
  total: 0.14894075940052667
Metrics:
  kitti_dice: 0.9190268913904825
  kitti_jaccard_macro: 0.6059172021018134
  kitti_jaccard_micro: 0.8894821140501235

2024-06-23 22:05:00,084 - INFO - Validation Stats
Loss:
  total: 0.7184165120124817
Metrics:
  kitti_dice: 0.8339144587516785
  kitti_jaccard_macro: 0.37124529480934143
  kitti_jaccard_micro: 0.7389324506123861

2024-06-23 22:05:00,085 - INFO - Epoch 73/120
2024-06-23 22:05:02,072 - INFO - Train Stats
Loss:
  total: 0.1491312798526552
Metrics:
  kitti_dice: 0.9191287226147122
  kitti_jaccard_macro: 0.6124084790547689
  kitti_jaccard_micro: 0.8893901175922818

2024-06-23 22:05:02,512 - INFO - Validation Stats
Loss:
  total: 0.685606857140859
Metrics:
  kitti_dice: 0.836582620938619
  kitti_jaccard_macro: 0.3751695553461711
  kitti_jaccard_micro: 0.7432143886884054

2024-06-23 22:05:02,512 - INFO - Epoch 74/120
2024-06-23 22:05:04,473 - INFO - Train Stats
Loss:
  total: 0.14741397731833988
Metrics:
  kitti_dice: 0.9194793899854025
  kitti_jaccard_macro: 0.6033244066768222
  kitti_jaccard_micro: 0.8903593420982361

2024-06-23 22:05:04,909 - INFO - Validation Stats
Loss:
  total: 0.6979118784268697
Metrics:
  kitti_dice: 0.8354680339495341
  kitti_jaccard_macro: 0.37028377254803974
  kitti_jaccard_micro: 0.7411183516184489

2024-06-23 22:05:04,909 - INFO - Epoch 75/120
2024-06-23 22:05:06,885 - INFO - Train Stats
Loss:
  total: 0.14850095328357485
Metrics:
  kitti_dice: 0.9195832345220778
  kitti_jaccard_macro: 0.6171660092141893
  kitti_jaccard_micro: 0.8902457025316026

2024-06-23 22:05:07,323 - INFO - Validation Stats
Loss:
  total: 0.7081161936124166
Metrics:
  kitti_dice: 0.8367771704991659
  kitti_jaccard_macro: 0.3764047423998515
  kitti_jaccard_micro: 0.7433886726697286

2024-06-23 22:05:07,496 - INFO - Epoch 76/120
2024-06-23 22:05:09,478 - INFO - Train Stats
Loss:
  total: 0.1482149354285664
Metrics:
  kitti_dice: 0.919392380449507
  kitti_jaccard_macro: 0.6057280898094177
  kitti_jaccard_micro: 0.8898288210233053

2024-06-23 22:05:09,915 - INFO - Validation Stats
Loss:
  total: 0.6889313658078512
Metrics:
  kitti_dice: 0.8353404005368551
  kitti_jaccard_macro: 0.37688859303792316
  kitti_jaccard_micro: 0.7409915725390116

2024-06-23 22:05:09,915 - INFO - Epoch 77/120
2024-06-23 22:05:11,895 - INFO - Train Stats
Loss:
  total: 0.147008392545912
Metrics:
  kitti_dice: 0.9194418456819322
  kitti_jaccard_macro: 0.6057499978277419
  kitti_jaccard_micro: 0.8906004428863525

2024-06-23 22:05:12,332 - INFO - Validation Stats
Loss:
  total: 0.6935062011082967
Metrics:
  kitti_dice: 0.8371096253395081
  kitti_jaccard_macro: 0.372480849424998
  kitti_jaccard_micro: 0.7439572612444559

2024-06-23 22:05:12,333 - INFO - Epoch 78/120
2024-06-23 22:05:14,304 - INFO - Train Stats
Loss:
  total: 0.14721492429574332
Metrics:
  kitti_dice: 0.9197057949172126
  kitti_jaccard_macro: 0.6198294957478842
  kitti_jaccard_micro: 0.8913365734948052

2024-06-23 22:05:14,738 - INFO - Validation Stats
Loss:
  total: 0.6852266788482666
Metrics:
  kitti_dice: 0.8399731318155924
  kitti_jaccard_macro: 0.38499124844868976
  kitti_jaccard_micro: 0.7484485308329264

2024-06-23 22:05:14,738 - INFO - Epoch 79/120
2024-06-23 22:05:16,727 - INFO - Train Stats
Loss:
  total: 0.1444775876071718
Metrics:
  kitti_dice: 0.9203304052352905
  kitti_jaccard_macro: 0.630837533209059
  kitti_jaccard_micro: 0.8922816183831956

2024-06-23 22:05:17,165 - INFO - Validation Stats
Loss:
  total: 0.7018476525942484
Metrics:
  kitti_dice: 0.8359559575716654
  kitti_jaccard_macro: 0.3795260985692342
  kitti_jaccard_micro: 0.7421599626541138

2024-06-23 22:05:17,165 - INFO - Epoch 80/120
2024-06-23 22:05:19,155 - INFO - Train Stats
Loss:
  total: 0.1461104452610016
Metrics:
  kitti_dice: 0.9198985629611545
  kitti_jaccard_macro: 0.6232614517211914
  kitti_jaccard_micro: 0.8916417956352234

2024-06-23 22:05:19,594 - INFO - Validation Stats
Loss:
  total: 0.7091154257456461
Metrics:
  kitti_dice: 0.8349039355913798
  kitti_jaccard_macro: 0.3769610623518626
  kitti_jaccard_micro: 0.7407460610071818

2024-06-23 22:05:19,841 - INFO - Epoch 81/120
2024-06-23 22:05:21,837 - INFO - Train Stats
Loss:
  total: 0.14468011673953798
Metrics:
  kitti_dice: 0.9208451443248324
  kitti_jaccard_macro: 0.6203242606586881
  kitti_jaccard_micro: 0.8917163809140524

2024-06-23 22:05:22,271 - INFO - Validation Stats
Loss:
  total: 0.7268773317337036
Metrics:
  kitti_dice: 0.8360050916671753
  kitti_jaccard_macro: 0.37312908967336017
  kitti_jaccard_micro: 0.7420103152592977

2024-06-23 22:05:22,271 - INFO - Epoch 82/120
2024-06-23 22:05:24,262 - INFO - Train Stats
Loss:
  total: 0.14471420645713806
Metrics:
  kitti_dice: 0.9202762378586663
  kitti_jaccard_macro: 0.6181683407889472
  kitti_jaccard_micro: 0.891598125298818

2024-06-23 22:05:24,703 - INFO - Validation Stats
Loss:
  total: 0.6865537961324056
Metrics:
  kitti_dice: 0.8381216327349345
  kitti_jaccard_macro: 0.3829732835292816
  kitti_jaccard_micro: 0.7459361950556437

2024-06-23 22:05:24,703 - INFO - Epoch 83/120
2024-06-23 22:05:26,718 - INFO - Train Stats
Loss:
  total: 0.14430881291627884
Metrics:
  kitti_dice: 0.9199485580126444
  kitti_jaccard_macro: 0.6144877870877584
  kitti_jaccard_micro: 0.8918961418999566

2024-06-23 22:05:27,155 - INFO - Validation Stats
Loss:
  total: 0.7126731077829996
Metrics:
  kitti_dice: 0.8374702334403992
  kitti_jaccard_macro: 0.3776293992996216
  kitti_jaccard_micro: 0.7441228628158569

2024-06-23 22:05:27,155 - INFO - Epoch 84/120
2024-06-23 22:05:29,120 - INFO - Train Stats
Loss:
  total: 0.14557149675157335
Metrics:
  kitti_dice: 0.9200294348928664
  kitti_jaccard_macro: 0.614271322886149
  kitti_jaccard_micro: 0.8918577432632446

2024-06-23 22:05:29,554 - INFO - Validation Stats
Loss:
  total: 0.6915221412976583
Metrics:
  kitti_dice: 0.8352316617965698
  kitti_jaccard_macro: 0.3804949223995209
  kitti_jaccard_micro: 0.7420176466306051

2024-06-23 22:05:29,554 - INFO - Epoch 85/120
2024-06-23 22:05:31,534 - INFO - Train Stats
Loss:
  total: 0.1434235523144404
Metrics:
  kitti_dice: 0.9206929008165995
  kitti_jaccard_macro: 0.5992458528942533
  kitti_jaccard_micro: 0.8926672604348924

2024-06-23 22:05:31,973 - INFO - Validation Stats
Loss:
  total: 0.7529834707578024
Metrics:
  kitti_dice: 0.8317768375078837
  kitti_jaccard_macro: 0.3787138859430949
  kitti_jaccard_micro: 0.7357103029886881

2024-06-23 22:05:32,150 - INFO - Epoch 86/120
2024-06-23 22:05:34,131 - INFO - Train Stats
Loss:
  total: 0.14535684304104912
Metrics:
  kitti_dice: 0.9198613100581698
  kitti_jaccard_macro: 0.6179235246446397
  kitti_jaccard_micro: 0.890872683789995

2024-06-23 22:05:34,568 - INFO - Validation Stats
Loss:
  total: 0.6930579344431559
Metrics:
  kitti_dice: 0.8353006641070048
  kitti_jaccard_macro: 0.3736947178840637
  kitti_jaccard_micro: 0.740567167599996

2024-06-23 22:05:34,568 - INFO - Epoch 87/120
2024-06-23 22:05:36,586 - INFO - Train Stats
Loss:
  total: 0.14387861059771645
Metrics:
  kitti_dice: 0.9203130735291375
  kitti_jaccard_macro: 0.6227123472425673
  kitti_jaccard_micro: 0.8911739057964749

2024-06-23 22:05:37,028 - INFO - Validation Stats
Loss:
  total: 0.6977005998293558
Metrics:
  kitti_dice: 0.836829404036204
  kitti_jaccard_macro: 0.37951205174128216
  kitti_jaccard_micro: 0.7440971930821737

2024-06-23 22:05:37,028 - INFO - Epoch 88/120
2024-06-23 22:05:39,022 - INFO - Train Stats
Loss:
  total: 0.14134170363346735
Metrics:
  kitti_dice: 0.9214248657226562
  kitti_jaccard_macro: 0.6281038886970944
  kitti_jaccard_micro: 0.8932868970765008

2024-06-23 22:05:39,454 - INFO - Validation Stats
Loss:
  total: 0.6923070748647054
Metrics:
  kitti_dice: 0.838618278503418
  kitti_jaccard_macro: 0.38293616970380145
  kitti_jaccard_micro: 0.7464426954587301

2024-06-23 22:05:39,454 - INFO - Epoch 89/120
2024-06-23 22:05:41,468 - INFO - Train Stats
Loss:
  total: 0.14042876412471136
Metrics:
  kitti_dice: 0.9211180673705207
  kitti_jaccard_macro: 0.6230677167574564
  kitti_jaccard_micro: 0.8935183750258552

2024-06-23 22:05:41,910 - INFO - Validation Stats
Loss:
  total: 0.711118757724762
Metrics:
  kitti_dice: 0.8360647559165955
  kitti_jaccard_macro: 0.3697265883286794
  kitti_jaccard_micro: 0.7421871622403463

2024-06-23 22:05:41,910 - INFO - Epoch 90/120
2024-06-23 22:05:43,938 - INFO - Train Stats
Loss:
  total: 0.13894931392537224
Metrics:
  kitti_dice: 0.9217891626887851
  kitti_jaccard_macro: 0.6197053988774618
  kitti_jaccard_micro: 0.894629697004954

2024-06-23 22:05:44,370 - INFO - Validation Stats
Loss:
  total: 0.6743860443433126
Metrics:
  kitti_dice: 0.8386030594507853
  kitti_jaccard_macro: 0.37413179874420166
  kitti_jaccard_micro: 0.7460448145866394

2024-06-23 22:05:44,621 - INFO - Epoch 91/120
2024-06-23 22:05:46,627 - INFO - Train Stats
Loss:
  total: 0.14186062498225105
Metrics:
  kitti_dice: 0.9211992422739664
  kitti_jaccard_macro: 0.6182639996210734
  kitti_jaccard_micro: 0.8930758635203043

2024-06-23 22:05:47,062 - INFO - Validation Stats
Loss:
  total: 0.7047427892684937
Metrics:
  kitti_dice: 0.8344626228014628
  kitti_jaccard_macro: 0.3722481330235799
  kitti_jaccard_micro: 0.7399466832478842

2024-06-23 22:05:47,062 - INFO - Epoch 92/120
2024-06-23 22:05:49,085 - INFO - Train Stats
Loss:
  total: 0.14201272113455665
Metrics:
  kitti_dice: 0.9192986223432753
  kitti_jaccard_macro: 0.6116091476546394
  kitti_jaccard_micro: 0.892704533206092

2024-06-23 22:05:49,524 - INFO - Validation Stats
Loss:
  total: 0.723294754823049
Metrics:
  kitti_dice: 0.838439404964447
  kitti_jaccard_macro: 0.381009966135025
  kitti_jaccard_micro: 0.7458699146906534

2024-06-23 22:05:49,524 - INFO - Epoch 93/120
2024-06-23 22:05:51,535 - INFO - Train Stats
Loss:
  total: 0.14103331996334922
Metrics:
  kitti_dice: 0.9207740426063538
  kitti_jaccard_macro: 0.6150693827205234
  kitti_jaccard_micro: 0.8927929533852471

2024-06-23 22:05:52,005 - INFO - Validation Stats
Loss:
  total: 0.7247899373372396
Metrics:
  kitti_dice: 0.8337667187054952
  kitti_jaccard_macro: 0.3676556646823883
  kitti_jaccard_micro: 0.7386180957158407

2024-06-23 22:05:52,006 - INFO - Epoch 94/120
2024-06-23 22:05:53,987 - INFO - Train Stats
Loss:
  total: 0.142382906542884
Metrics:
  kitti_dice: 0.9210160573323568
  kitti_jaccard_macro: 0.6127224697007073
  kitti_jaccard_micro: 0.8927629854944017

2024-06-23 22:05:54,429 - INFO - Validation Stats
Loss:
  total: 0.7045797109603882
Metrics:
  kitti_dice: 0.8349227905273438
  kitti_jaccard_macro: 0.3789505362510681
  kitti_jaccard_micro: 0.740690290927887

2024-06-23 22:05:54,429 - INFO - Epoch 95/120
2024-06-23 22:05:56,439 - INFO - Train Stats
Loss:
  total: 0.13850382881032097
Metrics:
  kitti_dice: 0.9221381147702535
  kitti_jaccard_macro: 0.6169736252890693
  kitti_jaccard_micro: 0.8945198721355863

2024-06-23 22:05:56,869 - INFO - Validation Stats
Loss:
  total: 0.7460696299870809
Metrics:
  kitti_dice: 0.833698054154714
  kitti_jaccard_macro: 0.372758944829305
  kitti_jaccard_micro: 0.7380909125010172

2024-06-23 22:05:57,080 - INFO - Epoch 96/120
2024-06-23 22:05:59,094 - INFO - Train Stats
Loss:
  total: 0.1406964212656021
Metrics:
  kitti_dice: 0.9217605259683397
  kitti_jaccard_macro: 0.627614160378774
  kitti_jaccard_micro: 0.8935736682679918

2024-06-23 22:05:59,532 - INFO - Validation Stats
Loss:
  total: 0.7295101086298624
Metrics:
  kitti_dice: 0.8349203666051229
  kitti_jaccard_macro: 0.3776865005493164
  kitti_jaccard_micro: 0.7406773964564005

2024-06-23 22:05:59,532 - INFO - Epoch 97/120
2024-06-23 22:06:01,541 - INFO - Train Stats
Loss:
  total: 0.13549230496088663
Metrics:
  kitti_dice: 0.9231186972724067
  kitti_jaccard_macro: 0.6286397443877326
  kitti_jaccard_micro: 0.8971216678619385

2024-06-23 22:06:02,016 - INFO - Validation Stats
Loss:
  total: 0.7470491727193197
Metrics:
  kitti_dice: 0.835549791653951
  kitti_jaccard_macro: 0.37822869420051575
  kitti_jaccard_micro: 0.741804838180542

2024-06-23 22:06:02,016 - INFO - Epoch 98/120
2024-06-23 22:06:04,018 - INFO - Train Stats
Loss:
  total: 0.13418370733658472
Metrics:
  kitti_dice: 0.9238730139202542
  kitti_jaccard_macro: 0.6409657862451341
  kitti_jaccard_micro: 0.8981423113081191

2024-06-23 22:06:04,457 - INFO - Validation Stats
Loss:
  total: 0.7334527174631754
Metrics:
  kitti_dice: 0.8384357492129008
  kitti_jaccard_macro: 0.38071690996487934
  kitti_jaccard_micro: 0.7454162240028381

2024-06-23 22:06:04,457 - INFO - Epoch 99/120
2024-06-23 22:06:06,467 - INFO - Train Stats
Loss:
  total: 0.1343763843178749
Metrics:
  kitti_dice: 0.9215337898996141
  kitti_jaccard_macro: 0.6234839757283529
  kitti_jaccard_micro: 0.8969394564628601

2024-06-23 22:06:06,902 - INFO - Validation Stats
Loss:
  total: 0.7492974996566772
Metrics:
  kitti_dice: 0.8338155945142111
  kitti_jaccard_macro: 0.37255587180455524
  kitti_jaccard_micro: 0.7391549547513326

2024-06-23 22:06:06,902 - INFO - Epoch 100/120
2024-06-23 22:06:08,927 - INFO - Train Stats
Loss:
  total: 0.13724579827653038
Metrics:
  kitti_dice: 0.9230895572238498
  kitti_jaccard_macro: 0.6400011844105191
  kitti_jaccard_micro: 0.8956422077284919

2024-06-23 22:06:09,363 - INFO - Validation Stats
Loss:
  total: 0.7372103333473206
Metrics:
  kitti_dice: 0.8344502449035645
  kitti_jaccard_macro: 0.3759387930234273
  kitti_jaccard_micro: 0.7403162121772766

2024-06-23 22:06:09,620 - INFO - Epoch 101/120
2024-06-23 22:06:11,612 - INFO - Train Stats
Loss:
  total: 0.13486161993609536
Metrics:
  kitti_dice: 0.9233962893486023
  kitti_jaccard_macro: 0.6400074428982205
  kitti_jaccard_micro: 0.8970555000834994

2024-06-23 22:06:12,051 - INFO - Validation Stats
Loss:
  total: 0.7537774244944254
Metrics:
  kitti_dice: 0.836165209611257
  kitti_jaccard_macro: 0.37677621841430664
  kitti_jaccard_micro: 0.7419472932815552

2024-06-23 22:06:12,051 - INFO - Epoch 102/120
2024-06-23 22:06:14,071 - INFO - Train Stats
Loss:
  total: 0.13215745406018364
Metrics:
  kitti_dice: 0.9239438441064622
  kitti_jaccard_macro: 0.6295169194539388
  kitti_jaccard_micro: 0.8983629677030776

2024-06-23 22:06:14,506 - INFO - Validation Stats
Loss:
  total: 0.7188311616579691
Metrics:
  kitti_dice: 0.8379536867141724
  kitti_jaccard_macro: 0.37879714369773865
  kitti_jaccard_micro: 0.745537539323171

2024-06-23 22:06:14,506 - INFO - Epoch 103/120
2024-06-23 22:06:16,520 - INFO - Train Stats
Loss:
  total: 0.1352128643128607
Metrics:
  kitti_dice: 0.9232456816567315
  kitti_jaccard_macro: 0.6213208701875474
  kitti_jaccard_micro: 0.8968843089209663

2024-06-23 22:06:16,960 - INFO - Validation Stats
Loss:
  total: 0.7831029295921326
Metrics:
  kitti_dice: 0.8351061940193176
  kitti_jaccard_macro: 0.3719840745131175
  kitti_jaccard_micro: 0.74050239721934

2024-06-23 22:06:16,961 - INFO - Epoch 104/120
2024-06-23 22:06:18,970 - INFO - Train Stats
Loss:
  total: 0.13611074702607262
Metrics:
  kitti_dice: 0.9221667978498671
  kitti_jaccard_macro: 0.6333608759774102
  kitti_jaccard_micro: 0.8956111868222555

2024-06-23 22:06:19,408 - INFO - Validation Stats
Loss:
  total: 0.7293760180473328
Metrics:
  kitti_dice: 0.8357241551081339
  kitti_jaccard_macro: 0.3797989785671234
  kitti_jaccard_micro: 0.7416574954986572

2024-06-23 22:06:19,408 - INFO - Epoch 105/120
2024-06-23 22:06:21,420 - INFO - Train Stats
Loss:
  total: 0.13567344430420133
Metrics:
  kitti_dice: 0.9231119685702853
  kitti_jaccard_macro: 0.6210899617936876
  kitti_jaccard_micro: 0.896454824341668

2024-06-23 22:06:21,857 - INFO - Validation Stats
Loss:
  total: 0.7320176760355631
Metrics:
  kitti_dice: 0.8349876602490743
  kitti_jaccard_macro: 0.37343721588452655
  kitti_jaccard_micro: 0.7408881982167562

2024-06-23 22:06:22,100 - INFO - Epoch 106/120
2024-06-23 22:06:24,108 - INFO - Train Stats
Loss:
  total: 0.13428237206406063
Metrics:
  kitti_dice: 0.923423621389601
  kitti_jaccard_macro: 0.6372507810592651
  kitti_jaccard_micro: 0.8966598245832655

2024-06-23 22:06:24,538 - INFO - Validation Stats
Loss:
  total: 0.7437173326810201
Metrics:
  kitti_dice: 0.8328379193941752
  kitti_jaccard_macro: 0.37433671951293945
  kitti_jaccard_micro: 0.7376214464505514

2024-06-23 22:06:24,538 - INFO - Epoch 107/120
2024-06-23 22:06:26,552 - INFO - Train Stats
Loss:
  total: 0.13228802548514473
Metrics:
  kitti_dice: 0.9241776996188693
  kitti_jaccard_macro: 0.6364438335100809
  kitti_jaccard_micro: 0.8983704646428426

2024-06-23 22:06:26,990 - INFO - Validation Stats
Loss:
  total: 0.7065617243448893
Metrics:
  kitti_dice: 0.8373084465662638
  kitti_jaccard_macro: 0.37957485516866046
  kitti_jaccard_micro: 0.7445137103398641

2024-06-23 22:06:26,990 - INFO - Epoch 108/120
2024-06-23 22:06:29,010 - INFO - Train Stats
Loss:
  total: 0.13161077515946495
Metrics:
  kitti_dice: 0.922699597146776
  kitti_jaccard_macro: 0.6303800609376695
  kitti_jaccard_micro: 0.8991128338707818

2024-06-23 22:06:29,448 - INFO - Validation Stats
Loss:
  total: 0.7213684717814127
Metrics:
  kitti_dice: 0.8399971127510071
  kitti_jaccard_macro: 0.3809310893217723
  kitti_jaccard_micro: 0.7485746343930563

2024-06-23 22:06:29,449 - INFO - Epoch 109/120
2024-06-23 22:06:31,443 - INFO - Train Stats
Loss:
  total: 0.13061047179831398
Metrics:
  kitti_dice: 0.9242929816246033
  kitti_jaccard_macro: 0.6404776573181152
  kitti_jaccard_micro: 0.8995398614141676

2024-06-23 22:06:31,886 - INFO - Validation Stats
Loss:
  total: 0.7353886167208353
Metrics:
  kitti_dice: 0.8373915155728658
  kitti_jaccard_macro: 0.3807935218016307
  kitti_jaccard_micro: 0.7449014186859131

2024-06-23 22:06:31,886 - INFO - Epoch 110/120
2024-06-23 22:06:33,916 - INFO - Train Stats
Loss:
  total: 0.1315805200073454
Metrics:
  kitti_dice: 0.9234499865108066
  kitti_jaccard_macro: 0.6389631893899705
  kitti_jaccard_micro: 0.8987182444996304

2024-06-23 22:06:34,352 - INFO - Validation Stats
Loss:
  total: 0.7264117201169332
Metrics:
  kitti_dice: 0.8370276292165121
  kitti_jaccard_macro: 0.38583006461461383
  kitti_jaccard_micro: 0.7441324790318807

2024-06-23 22:06:34,523 - INFO - Epoch 111/120
2024-06-23 22:06:36,519 - INFO - Train Stats
Loss:
  total: 0.13061419212155873
Metrics:
  kitti_dice: 0.9249023861355252
  kitti_jaccard_macro: 0.6291209591759576
  kitti_jaccard_micro: 0.8999129599995084

2024-06-23 22:06:36,954 - INFO - Validation Stats
Loss:
  total: 0.7415065765380859
Metrics:
  kitti_dice: 0.8352753321329752
  kitti_jaccard_macro: 0.3723435898621877
  kitti_jaccard_micro: 0.7414753039677938

2024-06-23 22:06:36,954 - INFO - Epoch 112/120
2024-06-23 22:06:38,979 - INFO - Train Stats
Loss:
  total: 0.13034719808234108
Metrics:
  kitti_dice: 0.9246557354927063
  kitti_jaccard_macro: 0.6491845713721381
  kitti_jaccard_micro: 0.8992919325828552

2024-06-23 22:06:39,414 - INFO - Validation Stats
Loss:
  total: 0.7523559927940369
Metrics:
  kitti_dice: 0.8383087118466696
  kitti_jaccard_macro: 0.37787559628486633
  kitti_jaccard_micro: 0.7460809747378031

2024-06-23 22:06:39,414 - INFO - Epoch 113/120
2024-06-23 22:06:41,414 - INFO - Train Stats
Loss:
  total: 0.12859290755457348
Metrics:
  kitti_dice: 0.925529830985599
  kitti_jaccard_macro: 0.6498905287848579
  kitti_jaccard_micro: 0.9008395340707567

2024-06-23 22:06:41,850 - INFO - Validation Stats
Loss:
  total: 0.7790430982907613
Metrics:
  kitti_dice: 0.8355789581934611
  kitti_jaccard_macro: 0.3744347592194875
  kitti_jaccard_micro: 0.7408133943875631

2024-06-23 22:06:41,850 - INFO - Epoch 114/120
2024-06-23 22:06:43,826 - INFO - Train Stats
Loss:
  total: 0.1290925360388226
Metrics:
  kitti_dice: 0.925153460767534
  kitti_jaccard_macro: 0.6494079298443265
  kitti_jaccard_micro: 0.9009160995483398

2024-06-23 22:06:44,259 - INFO - Validation Stats
Loss:
  total: 0.7307753761609396
Metrics:
  kitti_dice: 0.8361742297808329
  kitti_jaccard_macro: 0.37646763523419696
  kitti_jaccard_micro: 0.7424569527308146

2024-06-23 22:06:44,260 - INFO - Epoch 115/120
2024-06-23 22:06:46,246 - INFO - Train Stats
Loss:
  total: 0.12852115515205595
Metrics:
  kitti_dice: 0.9248097870084975
  kitti_jaccard_macro: 0.6381452414724562
  kitti_jaccard_micro: 0.9004747668902079

2024-06-23 22:06:46,684 - INFO - Validation Stats
Loss:
  total: 0.7452451785405477
Metrics:
  kitti_dice: 0.8354309797286987
  kitti_jaccard_macro: 0.3780940771102905
  kitti_jaccard_micro: 0.741412878036499

2024-06-23 22:06:46,937 - INFO - Epoch 116/120
2024-06-23 22:06:48,936 - INFO - Train Stats
Loss:
  total: 0.12742806722720465
Metrics:
  kitti_dice: 0.9255710906452603
  kitti_jaccard_macro: 0.6691014104419284
  kitti_jaccard_micro: 0.9012234674559699

2024-06-23 22:06:49,371 - INFO - Validation Stats
Loss:
  total: 0.735529363155365
Metrics:
  kitti_dice: 0.8374016880989075
  kitti_jaccard_macro: 0.3757683038711548
  kitti_jaccard_micro: 0.7444613178571066

2024-06-23 22:06:49,371 - INFO - Epoch 117/120
2024-06-23 22:06:51,359 - INFO - Train Stats
Loss:
  total: 0.12919310563140446
Metrics:
  kitti_dice: 0.9242552518844604
  kitti_jaccard_macro: 0.6536446081267463
  kitti_jaccard_micro: 0.8996273279190063

2024-06-23 22:06:51,791 - INFO - Validation Stats
Loss:
  total: 0.7828664580980936
Metrics:
  kitti_dice: 0.8366766770680746
  kitti_jaccard_macro: 0.37607794006665546
  kitti_jaccard_micro: 0.7431012789408366

2024-06-23 22:06:51,791 - INFO - Epoch 118/120
2024-06-23 22:06:53,773 - INFO - Train Stats
Loss:
  total: 0.12887867291768393
Metrics:
  kitti_dice: 0.9252830412652757
  kitti_jaccard_macro: 0.6374620927704705
  kitti_jaccard_micro: 0.9005439347691007

2024-06-23 22:06:54,208 - INFO - Validation Stats
Loss:
  total: 0.7669115463892618
Metrics:
  kitti_dice: 0.8359168569246928
  kitti_jaccard_macro: 0.37263521552085876
  kitti_jaccard_micro: 0.7417794267336527

2024-06-23 22:06:54,208 - INFO - Epoch 119/120
2024-06-23 22:06:56,211 - INFO - Train Stats
Loss:
  total: 0.12815085219012368
Metrics:
  kitti_dice: 0.9235834942923652
  kitti_jaccard_macro: 0.6468988458315531
  kitti_jaccard_micro: 0.9002177913983663

2024-06-23 22:06:56,650 - INFO - Validation Stats
Loss:
  total: 0.7254360914230347
Metrics:
  kitti_dice: 0.8378888169924418
  kitti_jaccard_macro: 0.3764098087946574
  kitti_jaccard_micro: 0.7451063394546509

2024-06-23 22:06:56,650 - INFO - Epoch 120/120
2024-06-23 22:06:58,669 - INFO - Train Stats
Loss:
  total: 0.1277634816037284
Metrics:
  kitti_dice: 0.9254589411947463
  kitti_jaccard_macro: 0.6630431082513597
  kitti_jaccard_micro: 0.9013172652986314

2024-06-23 22:06:59,103 - INFO - Validation Stats
Loss:
  total: 0.7083702087402344
Metrics:
  kitti_dice: 0.8400018413861593
  kitti_jaccard_macro: 0.3810179531574249
  kitti_jaccard_micro: 0.7479779720306396

2024-06-23 22:06:59,265 - INFO - Best validation loss: 0.611869752407074
2024-06-23 22:06:59,367 - INFO - Best model saved to /home/up201905337/exploring-label-efficiency/weights/sl_kitti_mobilenet_pretrained_70l.pth
2024-06-23 22:06:59,367 - INFO - Training took 296.8417694568634 seconds to complete
