2024-06-24 16:00:38,552 - INFO - Loading configuration files...
2024-06-24 16:00:38,905 - INFO - Loading model configuration
args:
  backbone: mobilenet_v3_large
  num_classes: 20
class: DeepLabV3

2024-06-24 16:00:38,941 - INFO - Loading train_dataset configuration
args:
  mode: fine
  root: /data/auto/cityscapes
  train_val_split: 2475
class: CityscapesSeg

2024-06-24 16:00:39,093 - INFO - Loading val_dataset configuration
args:
  mode: fine
  root: /data/auto/cityscapes
  train_val_split: 2475
class: CityscapesSeg

2024-06-24 16:00:39,104 - INFO - Loading optimizer configuration
args:
  lr: 0.007
  momentum: 0.9
  weight_decay: 0.0005
class: SGD

2024-06-24 16:00:39,106 - INFO - Loading loss configuration
args:
  ignore_index: 0
class: CrossEntropyLoss

2024-06-24 16:00:39,128 - INFO - Loading metrics configuration
cityscapes_dice:
  args:
    average: micro
    ignore_index: 0
    num_classes: 20
  class: Dice
cityscapes_jaccard_macro:
  args:
    average: macro
    ignore_index: 0
    num_classes: 20
    task: multiclass
    validate_args: false
  class: JaccardIndex
cityscapes_jaccard_micro:
  args:
    average: micro
    ignore_index: 0
    num_classes: 20
    task: multiclass
    validate_args: false
  class: JaccardIndex

2024-06-24 16:00:39,133 - INFO - Loading scheduler configuration
args:
  power: 0.9
  total_iters: 120
class: PolynomialLR

2024-06-24 16:00:39,134 - INFO - Loading hyperparameters configuration
batch_size: 16
ema_decay: null
epochs: 120
num_workers: 4
save_freq: 10

2024-06-24 16:00:39,474 - INFO - Using device: cuda
2024-06-24 16:00:39,760 - INFO - Training for 120 epochs
2024-06-24 16:00:39,761 - INFO - Epoch 1/120
2024-06-24 16:02:47,141 - INFO - Train Stats
Loss:
  total: 0.7111651282156667
Metrics:
  cityscapes_dice: 0.770589421617408
  cityscapes_jaccard_macro: 0.21378855935388033
  cityscapes_jaccard_micro: 0.6923692528158426

2024-06-24 16:03:10,179 - INFO - Validation Stats
Loss:
  total: 0.47499080188572407
Metrics:
  cityscapes_dice: 0.8199404422193766
  cityscapes_jaccard_macro: 0.2697132769972086
  cityscapes_jaccard_micro: 0.7566041983664036

2024-06-24 16:03:11,760 - INFO - Epoch 2/120
2024-06-24 16:05:04,768 - INFO - Train Stats
Loss:
  total: 0.44446692120644354
Metrics:
  cityscapes_dice: 0.8269370644323287
  cityscapes_jaccard_macro: 0.27968925064609895
  cityscapes_jaccard_micro: 0.7682235963882939

2024-06-24 16:05:28,155 - INFO - Validation Stats
Loss:
  total: 0.4055150309577584
Metrics:
  cityscapes_dice: 0.8336656764149666
  cityscapes_jaccard_macro: 0.3039721855893731
  cityscapes_jaccard_micro: 0.781586155295372

2024-06-24 16:05:29,670 - INFO - Epoch 3/120
2024-06-24 16:07:22,356 - INFO - Train Stats
Loss:
  total: 0.3983825260593045
Metrics:
  cityscapes_dice: 0.8360564308781777
  cityscapes_jaccard_macro: 0.309668884546526
  cityscapes_jaccard_micro: 0.7836890293705848

2024-06-24 16:07:45,741 - INFO - Validation Stats
Loss:
  total: 0.36909313686192036
Metrics:
  cityscapes_dice: 0.8431559447199106
  cityscapes_jaccard_macro: 0.3356930175796151
  cityscapes_jaccard_micro: 0.7953394632786512

2024-06-24 16:07:47,320 - INFO - Epoch 4/120
2024-06-24 16:09:42,937 - INFO - Train Stats
Loss:
  total: 0.36976902023438485
Metrics:
  cityscapes_dice: 0.8414183774302083
  cityscapes_jaccard_macro: 0.33284485282436493
  cityscapes_jaccard_micro: 0.7935185617016208

2024-06-24 16:10:06,378 - INFO - Validation Stats
Loss:
  total: 0.36908997036516666
Metrics:
  cityscapes_dice: 0.8402656335383654
  cityscapes_jaccard_macro: 0.34319503884762526
  cityscapes_jaccard_micro: 0.7907974310219288

2024-06-24 16:10:08,200 - INFO - Epoch 5/120
2024-06-24 16:12:02,644 - INFO - Train Stats
Loss:
  total: 0.3452166441948183
Metrics:
  cityscapes_dice: 0.8472438804564938
  cityscapes_jaccard_macro: 0.34506799001847543
  cityscapes_jaccard_micro: 0.8028022662285835

2024-06-24 16:12:26,415 - INFO - Validation Stats
Loss:
  total: 0.3303592405281961
Metrics:
  cityscapes_dice: 0.849126098677516
  cityscapes_jaccard_macro: 0.35643664840608835
  cityscapes_jaccard_micro: 0.8070807736366987

2024-06-24 16:12:28,095 - INFO - Epoch 6/120
2024-06-24 16:14:25,569 - INFO - Train Stats
Loss:
  total: 0.3295233918774513
Metrics:
  cityscapes_dice: 0.8504215655788299
  cityscapes_jaccard_macro: 0.3575587670649252
  cityscapes_jaccard_micro: 0.808409377836412

2024-06-24 16:14:49,865 - INFO - Validation Stats
Loss:
  total: 0.3328114738687873
Metrics:
  cityscapes_dice: 0.8484083171933889
  cityscapes_jaccard_macro: 0.3747374592348933
  cityscapes_jaccard_micro: 0.8073863871395588

2024-06-24 16:14:49,865 - INFO - Epoch 7/120
2024-06-24 16:16:45,771 - INFO - Train Stats
Loss:
  total: 0.3172687817965784
Metrics:
  cityscapes_dice: 0.8533877153550425
  cityscapes_jaccard_macro: 0.3739630876048919
  cityscapes_jaccard_micro: 0.8136836836414952

2024-06-24 16:17:09,912 - INFO - Validation Stats
Loss:
  total: 0.31000526528805494
Metrics:
  cityscapes_dice: 0.8556568343192339
  cityscapes_jaccard_macro: 0.3845304427668452
  cityscapes_jaccard_micro: 0.8178397472947836

2024-06-24 16:17:11,738 - INFO - Epoch 8/120
2024-06-24 16:19:07,647 - INFO - Train Stats
Loss:
  total: 0.2985741162492383
Metrics:
  cityscapes_dice: 0.858884669503858
  cityscapes_jaccard_macro: 0.3878642411001267
  cityscapes_jaccard_micro: 0.8228990347154679

2024-06-24 16:19:31,847 - INFO - Validation Stats
Loss:
  total: 0.3019189559854567
Metrics:
  cityscapes_dice: 0.8566501718014479
  cityscapes_jaccard_macro: 0.39108508080244064
  cityscapes_jaccard_micro: 0.8199201002717018

2024-06-24 16:19:34,477 - INFO - Epoch 9/120
2024-06-24 16:21:30,851 - INFO - Train Stats
Loss:
  total: 0.2901114082144153
Metrics:
  cityscapes_dice: 0.861166561418964
  cityscapes_jaccard_macro: 0.39509371038406127
  cityscapes_jaccard_micro: 0.8273881412321521

2024-06-24 16:21:54,846 - INFO - Validation Stats
Loss:
  total: 0.29425856936722994
Metrics:
  cityscapes_dice: 0.8593151234090328
  cityscapes_jaccard_macro: 0.39990358147770166
  cityscapes_jaccard_micro: 0.8233586680144072

2024-06-24 16:21:56,626 - INFO - Epoch 10/120
2024-06-24 16:23:53,845 - INFO - Train Stats
Loss:
  total: 0.28042861905790145
Metrics:
  cityscapes_dice: 0.8643732413168876
  cityscapes_jaccard_macro: 0.4064969043577871
  cityscapes_jaccard_micro: 0.8321475202037442

2024-06-24 16:24:18,053 - INFO - Validation Stats
Loss:
  total: 0.3010086021386087
Metrics:
  cityscapes_dice: 0.8563656266778708
  cityscapes_jaccard_macro: 0.40557742584496737
  cityscapes_jaccard_micro: 0.8202576469630003

2024-06-24 16:24:19,581 - INFO - Epoch 11/120
2024-06-24 16:26:15,047 - INFO - Train Stats
Loss:
  total: 0.2757608714603609
Metrics:
  cityscapes_dice: 0.8653973698616028
  cityscapes_jaccard_macro: 0.41088980551688903
  cityscapes_jaccard_micro: 0.8343935947264395

2024-06-24 16:26:38,930 - INFO - Validation Stats
Loss:
  total: 0.2902433960698545
Metrics:
  cityscapes_dice: 0.8613698072731495
  cityscapes_jaccard_macro: 0.41321953292936087
  cityscapes_jaccard_micro: 0.8269138690084219

2024-06-24 16:26:40,426 - INFO - Epoch 12/120
2024-06-24 16:28:38,954 - INFO - Train Stats
Loss:
  total: 0.2644371897943558
Metrics:
  cityscapes_dice: 0.8687826948781168
  cityscapes_jaccard_macro: 0.42577458389343753
  cityscapes_jaccard_micro: 0.8404585299953338

2024-06-24 16:29:02,790 - INFO - Validation Stats
Loss:
  total: 0.27120225969702005
Metrics:
  cityscapes_dice: 0.8670927882194519
  cityscapes_jaccard_macro: 0.4207092449069023
  cityscapes_jaccard_micro: 0.8358003664761782

2024-06-24 16:29:04,444 - INFO - Epoch 13/120
2024-06-24 16:31:00,010 - INFO - Train Stats
Loss:
  total: 0.258982333829326
Metrics:
  cityscapes_dice: 0.8705507086169335
  cityscapes_jaccard_macro: 0.4324444207452959
  cityscapes_jaccard_micro: 0.843529692772896

2024-06-24 16:31:24,916 - INFO - Validation Stats
Loss:
  total: 0.2752091847360134
Metrics:
  cityscapes_dice: 0.8654319122433662
  cityscapes_jaccard_macro: 0.4193961676210165
  cityscapes_jaccard_micro: 0.834236491471529

2024-06-24 16:31:24,916 - INFO - Epoch 14/120
2024-06-24 16:33:14,495 - INFO - Train Stats
Loss:
  total: 0.24922848824531801
Metrics:
  cityscapes_dice: 0.8730642499462251
  cityscapes_jaccard_macro: 0.4387583117331228
  cityscapes_jaccard_micro: 0.8488021139175661

2024-06-24 16:33:39,250 - INFO - Validation Stats
Loss:
  total: 0.26654959423467517
Metrics:
  cityscapes_dice: 0.867408499121666
  cityscapes_jaccard_macro: 0.42927536834031343
  cityscapes_jaccard_micro: 0.8382845185697079

2024-06-24 16:33:40,816 - INFO - Epoch 15/120
2024-06-24 16:35:36,506 - INFO - Train Stats
Loss:
  total: 0.24450217773837427
Metrics:
  cityscapes_dice: 0.8745893363029726
  cityscapes_jaccard_macro: 0.447373955480514
  cityscapes_jaccard_micro: 0.8510903254632027

2024-06-24 16:36:01,247 - INFO - Validation Stats
Loss:
  total: 0.260284801479429
Metrics:
  cityscapes_dice: 0.869744285941124
  cityscapes_jaccard_macro: 0.4250734122470021
  cityscapes_jaccard_micro: 0.8428020980209112

2024-06-24 16:36:02,752 - INFO - Epoch 16/120
2024-06-24 16:37:58,988 - INFO - Train Stats
Loss:
  total: 0.23819561110388848
Metrics:
  cityscapes_dice: 0.8764540514638347
  cityscapes_jaccard_macro: 0.45656534375682956
  cityscapes_jaccard_micro: 0.8540641676995062

2024-06-24 16:38:22,944 - INFO - Validation Stats
Loss:
  total: 0.2536670914851129
Metrics:
  cityscapes_dice: 0.8707590717822313
  cityscapes_jaccard_macro: 0.44357341807335615
  cityscapes_jaccard_micro: 0.8446221649646759

2024-06-24 16:38:24,433 - INFO - Epoch 17/120
2024-06-24 16:40:23,770 - INFO - Train Stats
Loss:
  total: 0.2329442314563259
Metrics:
  cityscapes_dice: 0.8781341741161962
  cityscapes_jaccard_macro: 0.46060225213727646
  cityscapes_jaccard_micro: 0.8572693874759059

2024-06-24 16:40:47,758 - INFO - Validation Stats
Loss:
  total: 0.25723882112652063
Metrics:
  cityscapes_dice: 0.871204063296318
  cityscapes_jaccard_macro: 0.4446888556703925
  cityscapes_jaccard_micro: 0.8430856242775917

2024-06-24 16:40:47,759 - INFO - Epoch 18/120
2024-06-24 16:42:45,753 - INFO - Train Stats
Loss:
  total: 0.2296603524877179
Metrics:
  cityscapes_dice: 0.8797731411072516
  cityscapes_jaccard_macro: 0.4654099331748101
  cityscapes_jaccard_micro: 0.8589299325020082

2024-06-24 16:43:09,571 - INFO - Validation Stats
Loss:
  total: 0.25000132666900754
Metrics:
  cityscapes_dice: 0.8729653004556894
  cityscapes_jaccard_macro: 0.44546356704086065
  cityscapes_jaccard_micro: 0.8489007353782654

2024-06-24 16:43:11,107 - INFO - Epoch 19/120
2024-06-24 16:45:14,450 - INFO - Train Stats
Loss:
  total: 0.22532883199953263
Metrics:
  cityscapes_dice: 0.8809455733145437
  cityscapes_jaccard_macro: 0.47119048545437475
  cityscapes_jaccard_micro: 0.8611933508226949

2024-06-24 16:45:38,414 - INFO - Validation Stats
Loss:
  total: 0.2451005312614143
Metrics:
  cityscapes_dice: 0.8733172323554754
  cityscapes_jaccard_macro: 0.455075160600245
  cityscapes_jaccard_micro: 0.8485312405973673

2024-06-24 16:45:39,964 - INFO - Epoch 20/120
2024-06-24 16:47:40,595 - INFO - Train Stats
Loss:
  total: 0.22227324016632571
Metrics:
  cityscapes_dice: 0.8813142368870397
  cityscapes_jaccard_macro: 0.4713107485924998
  cityscapes_jaccard_micro: 0.8627169197605502

2024-06-24 16:48:05,166 - INFO - Validation Stats
Loss:
  total: 0.2398926424793899
Metrics:
  cityscapes_dice: 0.8755214791744947
  cityscapes_jaccard_macro: 0.4603974735364318
  cityscapes_jaccard_micro: 0.8520537838339806

2024-06-24 16:48:08,070 - INFO - Epoch 21/120
2024-06-24 16:50:08,339 - INFO - Train Stats
Loss:
  total: 0.21834564160916112
Metrics:
  cityscapes_dice: 0.882683567846975
  cityscapes_jaccard_macro: 0.4782914544305494
  cityscapes_jaccard_micro: 0.8650777070753036

2024-06-24 16:50:33,239 - INFO - Validation Stats
Loss:
  total: 0.24819733668118715
Metrics:
  cityscapes_dice: 0.8728918861597776
  cityscapes_jaccard_macro: 0.4574507251381874
  cityscapes_jaccard_micro: 0.8495818246155977

2024-06-24 16:50:33,239 - INFO - Epoch 22/120
2024-06-24 16:52:33,174 - INFO - Train Stats
Loss:
  total: 0.21545341207135107
Metrics:
  cityscapes_dice: 0.8830678439909412
  cityscapes_jaccard_macro: 0.48135337195088784
  cityscapes_jaccard_micro: 0.8664152745277651

2024-06-24 16:52:56,692 - INFO - Validation Stats
Loss:
  total: 0.24408816872164607
Metrics:
  cityscapes_dice: 0.8752523735165596
  cityscapes_jaccard_macro: 0.4537285789847374
  cityscapes_jaccard_micro: 0.8508744407445192

2024-06-24 16:52:56,692 - INFO - Epoch 23/120
2024-06-24 16:54:52,913 - INFO - Train Stats
Loss:
  total: 0.20970924602400873
Metrics:
  cityscapes_dice: 0.8852669731263192
  cityscapes_jaccard_macro: 0.4847903634271314
  cityscapes_jaccard_micro: 0.8696901321411132

2024-06-24 16:55:17,874 - INFO - Validation Stats
Loss:
  total: 0.24499680753797293
Metrics:
  cityscapes_dice: 0.8743823599070311
  cityscapes_jaccard_macro: 0.46025633066892624
  cityscapes_jaccard_micro: 0.8499403204768896

2024-06-24 16:55:17,874 - INFO - Epoch 24/120
2024-06-24 16:57:15,236 - INFO - Train Stats
Loss:
  total: 0.21039206904749716
Metrics:
  cityscapes_dice: 0.8848875741804799
  cityscapes_jaccard_macro: 0.49373608154635273
  cityscapes_jaccard_micro: 0.8689837901822982

2024-06-24 16:57:40,346 - INFO - Validation Stats
Loss:
  total: 0.2368023837916553
Metrics:
  cityscapes_dice: 0.8761319071054459
  cityscapes_jaccard_macro: 0.4563628910109401
  cityscapes_jaccard_micro: 0.8552828747779131

2024-06-24 16:57:41,789 - INFO - Epoch 25/120
2024-06-24 16:59:32,912 - INFO - Train Stats
Loss:
  total: 0.20792127463125412
Metrics:
  cityscapes_dice: 0.8853259405782146
  cityscapes_jaccard_macro: 0.4953388121820265
  cityscapes_jaccard_micro: 0.8706049061590625

2024-06-24 16:59:57,068 - INFO - Validation Stats
Loss:
  total: 0.2554272888228297
Metrics:
  cityscapes_dice: 0.8718431461602449
  cityscapes_jaccard_macro: 0.45531391352415085
  cityscapes_jaccard_micro: 0.8454864323139191

2024-06-24 16:59:57,068 - INFO - Epoch 26/120
2024-06-24 17:02:00,148 - INFO - Train Stats
Loss:
  total: 0.20458486983853003
Metrics:
  cityscapes_dice: 0.8865691561852732
  cityscapes_jaccard_macro: 0.49730707214724634
  cityscapes_jaccard_micro: 0.8721770375005661

2024-06-24 17:02:24,012 - INFO - Validation Stats
Loss:
  total: 0.23794826911762357
Metrics:
  cityscapes_dice: 0.8777134083211422
  cityscapes_jaccard_macro: 0.466029267758131
  cityscapes_jaccard_micro: 0.8549727965146303

2024-06-24 17:02:24,012 - INFO - Epoch 27/120
2024-06-24 17:04:20,954 - INFO - Train Stats
Loss:
  total: 0.2015586567501868
Metrics:
  cityscapes_dice: 0.8876654544184285
  cityscapes_jaccard_macro: 0.5033910826329262
  cityscapes_jaccard_micro: 0.8740165060566317

2024-06-24 17:04:44,108 - INFO - Validation Stats
Loss:
  total: 0.23127451539039612
Metrics:
  cityscapes_dice: 0.8792854305356741
  cityscapes_jaccard_macro: 0.4581021135672927
  cityscapes_jaccard_micro: 0.8577212281525135

2024-06-24 17:04:45,616 - INFO - Epoch 28/120
2024-06-24 17:06:41,456 - INFO - Train Stats
Loss:
  total: 0.2025390434649683
Metrics:
  cityscapes_dice: 0.8872548376360248
  cityscapes_jaccard_macro: 0.5046875824851375
  cityscapes_jaccard_micro: 0.8733097076416015

2024-06-24 17:07:06,374 - INFO - Validation Stats
Loss:
  total: 0.23381561925634742
Metrics:
  cityscapes_dice: 0.8769472297281027
  cityscapes_jaccard_macro: 0.46400834433734417
  cityscapes_jaccard_micro: 0.8565895222127438

2024-06-24 17:07:06,374 - INFO - Epoch 29/120
2024-06-24 17:09:09,684 - INFO - Train Stats
Loss:
  total: 0.19784913707164026
Metrics:
  cityscapes_dice: 0.8886636872445384
  cityscapes_jaccard_macro: 0.5075345977660148
  cityscapes_jaccard_micro: 0.8762020707130432

2024-06-24 17:09:33,400 - INFO - Validation Stats
Loss:
  total: 0.23098692717030644
Metrics:
  cityscapes_dice: 0.8790127206593752
  cityscapes_jaccard_macro: 0.4703600713983178
  cityscapes_jaccard_micro: 0.8591971285641193

2024-06-24 17:09:34,883 - INFO - Epoch 30/120
2024-06-24 17:11:36,030 - INFO - Train Stats
Loss:
  total: 0.1963403264361043
Metrics:
  cityscapes_dice: 0.8887885824326546
  cityscapes_jaccard_macro: 0.5112732231616974
  cityscapes_jaccard_micro: 0.8768712159126035

2024-06-24 17:12:00,381 - INFO - Validation Stats
Loss:
  total: 0.22890706453472376
Metrics:
  cityscapes_dice: 0.8802880179136992
  cityscapes_jaccard_macro: 0.4757619882002473
  cityscapes_jaccard_micro: 0.8602017052471638

2024-06-24 17:12:04,684 - INFO - Epoch 31/120
2024-06-24 17:14:04,937 - INFO - Train Stats
Loss:
  total: 0.19446539725026776
Metrics:
  cityscapes_dice: 0.8895978750721101
  cityscapes_jaccard_macro: 0.5144242375127731
  cityscapes_jaccard_micro: 0.8779514478098962

2024-06-24 17:14:28,899 - INFO - Validation Stats
Loss:
  total: 0.22471644030883908
Metrics:
  cityscapes_dice: 0.8802011664956808
  cityscapes_jaccard_macro: 0.4756883690133691
  cityscapes_jaccard_micro: 0.860446659848094

2024-06-24 17:14:32,980 - INFO - Epoch 32/120
2024-06-24 17:16:37,061 - INFO - Train Stats
Loss:
  total: 0.19245029995518345
Metrics:
  cityscapes_dice: 0.8902971167718211
  cityscapes_jaccard_macro: 0.5243754815670751
  cityscapes_jaccard_micro: 0.8788799824253205

2024-06-24 17:17:01,988 - INFO - Validation Stats
Loss:
  total: 0.2265838156454265
Metrics:
  cityscapes_dice: 0.8795266281813383
  cityscapes_jaccard_macro: 0.4710408542305231
  cityscapes_jaccard_micro: 0.8601853046566248

2024-06-24 17:17:01,988 - INFO - Epoch 33/120
2024-06-24 17:19:03,655 - INFO - Train Stats
Loss:
  total: 0.19013843286421991
Metrics:
  cityscapes_dice: 0.8911894002268391
  cityscapes_jaccard_macro: 0.5179275554995383
  cityscapes_jaccard_micro: 0.8802717685699463

2024-06-24 17:19:27,159 - INFO - Validation Stats
Loss:
  total: 0.22084113955497742
Metrics:
  cityscapes_dice: 0.8796333577483892
  cityscapes_jaccard_macro: 0.47415141109377146
  cityscapes_jaccard_micro: 0.8630938194692135

2024-06-24 17:19:29,413 - INFO - Epoch 34/120
2024-06-24 17:21:19,216 - INFO - Train Stats
Loss:
  total: 0.18868647890706217
Metrics:
  cityscapes_dice: 0.8907324256435517
  cityscapes_jaccard_macro: 0.5231763539775726
  cityscapes_jaccard_micro: 0.8809481540033894

2024-06-24 17:21:42,920 - INFO - Validation Stats
Loss:
  total: 0.23034881381317973
Metrics:
  cityscapes_dice: 0.8791151400655508
  cityscapes_jaccard_macro: 0.470208159647882
  cityscapes_jaccard_micro: 0.8597321640700102

2024-06-24 17:21:42,920 - INFO - Epoch 35/120
2024-06-24 17:23:33,623 - INFO - Train Stats
Loss:
  total: 0.1878496834347325
Metrics:
  cityscapes_dice: 0.8915759971064906
  cityscapes_jaccard_macro: 0.5225029024385637
  cityscapes_jaccard_micro: 0.8812795823620212

2024-06-24 17:23:57,146 - INFO - Validation Stats
Loss:
  total: 0.23205821495503187
Metrics:
  cityscapes_dice: 0.8779886122792959
  cityscapes_jaccard_macro: 0.4834545608609915
  cityscapes_jaccard_micro: 0.8587311282753944

2024-06-24 17:23:57,146 - INFO - Epoch 36/120
2024-06-24 17:25:54,041 - INFO - Train Stats
Loss:
  total: 0.1861237815310878
Metrics:
  cityscapes_dice: 0.8914560840975854
  cityscapes_jaccard_macro: 0.524459066506355
  cityscapes_jaccard_micro: 0.8825101487098201

2024-06-24 17:26:19,266 - INFO - Validation Stats
Loss:
  total: 0.22383806155994534
Metrics:
  cityscapes_dice: 0.8814089987426996
  cityscapes_jaccard_macro: 0.48130134120583534
  cityscapes_jaccard_micro: 0.8626954164355993

2024-06-24 17:26:19,266 - INFO - Epoch 37/120
2024-06-24 17:28:13,027 - INFO - Train Stats
Loss:
  total: 0.18633360103253396
Metrics:
  cityscapes_dice: 0.8913792183322291
  cityscapes_jaccard_macro: 0.5309728668582054
  cityscapes_jaccard_micro: 0.8821700576812991

2024-06-24 17:28:36,822 - INFO - Validation Stats
Loss:
  total: 0.22010162379592657
Metrics:
  cityscapes_dice: 0.8832878451794386
  cityscapes_jaccard_macro: 0.4796409644186497
  cityscapes_jaccard_micro: 0.8640307020395994

2024-06-24 17:28:38,856 - INFO - Epoch 38/120
2024-06-24 17:30:39,784 - INFO - Train Stats
Loss:
  total: 0.18413765622723488
Metrics:
  cityscapes_dice: 0.8916663535179631
  cityscapes_jaccard_macro: 0.5334060361308436
  cityscapes_jaccard_micro: 0.8830762451694858

2024-06-24 17:31:04,107 - INFO - Validation Stats
Loss:
  total: 0.22137308400124311
Metrics:
  cityscapes_dice: 0.8828565925359726
  cityscapes_jaccard_macro: 0.4825169835239649
  cityscapes_jaccard_micro: 0.863999517634511

2024-06-24 17:31:04,107 - INFO - Epoch 39/120
2024-06-24 17:33:02,708 - INFO - Train Stats
Loss:
  total: 0.18290138484970217
Metrics:
  cityscapes_dice: 0.8928983430708608
  cityscapes_jaccard_macro: 0.5312980988333302
  cityscapes_jaccard_micro: 0.8841156182750579

2024-06-24 17:33:26,205 - INFO - Validation Stats
Loss:
  total: 0.21853247843682766
Metrics:
  cityscapes_dice: 0.8816625121980906
  cityscapes_jaccard_macro: 0.4828646769747138
  cityscapes_jaccard_micro: 0.8645080905407667

2024-06-24 17:33:28,099 - INFO - Epoch 40/120
2024-06-24 17:35:26,459 - INFO - Train Stats
Loss:
  total: 0.18234267436688947
Metrics:
  cityscapes_dice: 0.892946764346092
  cityscapes_jaccard_macro: 0.5380555031761046
  cityscapes_jaccard_micro: 0.8843399109378938

2024-06-24 17:35:50,683 - INFO - Validation Stats
Loss:
  total: 0.22637401707470417
Metrics:
  cityscapes_dice: 0.8807456996291876
  cityscapes_jaccard_macro: 0.48238420486450195
  cityscapes_jaccard_micro: 0.8625658247619867

2024-06-24 17:35:52,700 - INFO - Epoch 41/120
2024-06-24 17:37:44,641 - INFO - Train Stats
Loss:
  total: 0.17961172913351367
Metrics:
  cityscapes_dice: 0.894744086265564
  cityscapes_jaccard_macro: 0.5415328316150173
  cityscapes_jaccard_micro: 0.885939194310096

2024-06-24 17:38:08,839 - INFO - Validation Stats
Loss:
  total: 0.2276061289012432
Metrics:
  cityscapes_dice: 0.8790780361741781
  cityscapes_jaccard_macro: 0.4738353993743658
  cityscapes_jaccard_micro: 0.8599846716970205

2024-06-24 17:38:08,839 - INFO - Epoch 42/120
2024-06-24 17:40:05,268 - INFO - Train Stats
Loss:
  total: 0.1798259380363649
Metrics:
  cityscapes_dice: 0.893315940518533
  cityscapes_jaccard_macro: 0.5413219067358201
  cityscapes_jaccard_micro: 0.8854539540506179

2024-06-24 17:40:29,132 - INFO - Validation Stats
Loss:
  total: 0.2256263648159802
Metrics:
  cityscapes_dice: 0.8796913679689169
  cityscapes_jaccard_macro: 0.48175259679555893
  cityscapes_jaccard_micro: 0.8612707946449518

2024-06-24 17:40:29,132 - INFO - Epoch 43/120
2024-06-24 17:42:25,297 - INFO - Train Stats
Loss:
  total: 0.17746807231057074
Metrics:
  cityscapes_dice: 0.8943320508926146
  cityscapes_jaccard_macro: 0.5393292573190505
  cityscapes_jaccard_micro: 0.8868646006430349

2024-06-24 17:42:49,468 - INFO - Validation Stats
Loss:
  total: 0.22175145568326116
Metrics:
  cityscapes_dice: 0.8807919379323721
  cityscapes_jaccard_macro: 0.4878205228596926
  cityscapes_jaccard_micro: 0.8625081237405539

2024-06-24 17:42:49,468 - INFO - Epoch 44/120
2024-06-24 17:44:45,810 - INFO - Train Stats
Loss:
  total: 0.17879912718649835
Metrics:
  cityscapes_dice: 0.8933511191798794
  cityscapes_jaccard_macro: 0.5439527532746715
  cityscapes_jaccard_micro: 0.8860058676811957

2024-06-24 17:45:08,781 - INFO - Validation Stats
Loss:
  total: 0.2153140683658421
Metrics:
  cityscapes_dice: 0.8833149075508118
  cityscapes_jaccard_macro: 0.49122954718768597
  cityscapes_jaccard_micro: 0.8660374395549297

2024-06-24 17:45:10,654 - INFO - Epoch 45/120
2024-06-24 17:47:01,152 - INFO - Train Stats
Loss:
  total: 0.1769333472174983
Metrics:
  cityscapes_dice: 0.8940740416126867
  cityscapes_jaccard_macro: 0.5425849051244798
  cityscapes_jaccard_micro: 0.8869006760658756

2024-06-24 17:47:25,198 - INFO - Validation Stats
Loss:
  total: 0.2228850075043738
Metrics:
  cityscapes_dice: 0.8798039183020592
  cityscapes_jaccard_macro: 0.49096471909433603
  cityscapes_jaccard_micro: 0.8632426671683788

2024-06-24 17:47:25,198 - INFO - Epoch 46/120
2024-06-24 17:49:14,904 - INFO - Train Stats
Loss:
  total: 0.17397514783566997
Metrics:
  cityscapes_dice: 0.8959272376952633
  cityscapes_jaccard_macro: 0.5411231352436927
  cityscapes_jaccard_micro: 0.8889095660178892

2024-06-24 17:49:38,954 - INFO - Validation Stats
Loss:
  total: 0.22198841767385602
Metrics:
  cityscapes_dice: 0.881370646879077
  cityscapes_jaccard_macro: 0.47925292141735554
  cityscapes_jaccard_micro: 0.8637219928205013

2024-06-24 17:49:38,955 - INFO - Epoch 47/120
2024-06-24 17:51:36,703 - INFO - Train Stats
Loss:
  total: 0.1751276889154988
Metrics:
  cityscapes_dice: 0.8946645786685329
  cityscapes_jaccard_macro: 0.5465111982437872
  cityscapes_jaccard_micro: 0.8879806549318375

2024-06-24 17:52:01,615 - INFO - Validation Stats
Loss:
  total: 0.21307590091601014
Metrics:
  cityscapes_dice: 0.8834505081176758
  cityscapes_jaccard_macro: 0.49184689950197935
  cityscapes_jaccard_micro: 0.8667914420366287

2024-06-24 17:52:03,416 - INFO - Epoch 48/120
2024-06-24 17:53:59,154 - INFO - Train Stats
Loss:
  total: 0.17394762106480138
Metrics:
  cityscapes_dice: 0.895134291725774
  cityscapes_jaccard_macro: 0.5522177321295585
  cityscapes_jaccard_micro: 0.8885089785821976

2024-06-24 17:54:22,461 - INFO - Validation Stats
Loss:
  total: 0.22349454183131456
Metrics:
  cityscapes_dice: 0.881699912250042
  cityscapes_jaccard_macro: 0.4789975928142667
  cityscapes_jaccard_micro: 0.863258458673954

2024-06-24 17:54:22,461 - INFO - Epoch 49/120
2024-06-24 17:56:13,735 - INFO - Train Stats
Loss:
  total: 0.173751359120492
Metrics:
  cityscapes_dice: 0.8958416661908549
  cityscapes_jaccard_macro: 0.5534155230368337
  cityscapes_jaccard_micro: 0.888728880497717

2024-06-24 17:56:36,769 - INFO - Validation Stats
Loss:
  total: 0.20904941344633698
Metrics:
  cityscapes_dice: 0.8859975468367338
  cityscapes_jaccard_macro: 0.49504897836595774
  cityscapes_jaccard_micro: 0.8701055813580751

2024-06-24 17:56:39,220 - INFO - Epoch 50/120
2024-06-24 17:58:34,603 - INFO - Train Stats
Loss:
  total: 0.17200564376769528
Metrics:
  cityscapes_dice: 0.8957381202328589
  cityscapes_jaccard_macro: 0.5539849815830108
  cityscapes_jaccard_micro: 0.8894947463466275

2024-06-24 17:58:57,966 - INFO - Validation Stats
Loss:
  total: 0.22186722280457616
Metrics:
  cityscapes_dice: 0.8808357361704111
  cityscapes_jaccard_macro: 0.49427634105086327
  cityscapes_jaccard_micro: 0.8632734231650829

2024-06-24 17:58:59,811 - INFO - Epoch 51/120
2024-06-24 18:00:51,208 - INFO - Train Stats
Loss:
  total: 0.1709863643492422
Metrics:
  cityscapes_dice: 0.8960798836523487
  cityscapes_jaccard_macro: 0.5497003328415655
  cityscapes_jaccard_micro: 0.8902843436887188

2024-06-24 18:01:15,039 - INFO - Validation Stats
Loss:
  total: 0.2214338704943657
Metrics:
  cityscapes_dice: 0.8818739447742701
  cityscapes_jaccard_macro: 0.4870150117203593
  cityscapes_jaccard_micro: 0.8649590276181698

2024-06-24 18:01:15,039 - INFO - Epoch 52/120
2024-06-24 18:03:11,741 - INFO - Train Stats
Loss:
  total: 0.1704644053213058
Metrics:
  cityscapes_dice: 0.8962094606891755
  cityscapes_jaccard_macro: 0.5609259668857821
  cityscapes_jaccard_micro: 0.8902551174163819

2024-06-24 18:03:35,413 - INFO - Validation Stats
Loss:
  total: 0.22108856262639165
Metrics:
  cityscapes_dice: 0.8807243015617132
  cityscapes_jaccard_macro: 0.4916920708492398
  cityscapes_jaccard_micro: 0.8638880327343941

2024-06-24 18:03:35,414 - INFO - Epoch 53/120
2024-06-24 18:05:29,020 - INFO - Train Stats
Loss:
  total: 0.1706175196555353
Metrics:
  cityscapes_dice: 0.8958783876511358
  cityscapes_jaccard_macro: 0.5611660176707852
  cityscapes_jaccard_micro: 0.8903704885513551

2024-06-24 18:05:51,996 - INFO - Validation Stats
Loss:
  total: 0.21763675566762686
Metrics:
  cityscapes_dice: 0.8840101230889559
  cityscapes_jaccard_macro: 0.49575308710336685
  cityscapes_jaccard_micro: 0.8666811846196651

2024-06-24 18:05:51,996 - INFO - Epoch 54/120
2024-06-24 18:07:44,093 - INFO - Train Stats
Loss:
  total: 0.16792034718298143
Metrics:
  cityscapes_dice: 0.8968438106198464
  cityscapes_jaccard_macro: 0.5568605899810791
  cityscapes_jaccard_micro: 0.8917487875107796

2024-06-24 18:08:07,719 - INFO - Validation Stats
Loss:
  total: 0.22104134736582637
Metrics:
  cityscapes_dice: 0.8827798869460821
  cityscapes_jaccard_macro: 0.4875132478773594
  cityscapes_jaccard_micro: 0.8648647870868444

2024-06-24 18:08:07,719 - INFO - Epoch 55/120
2024-06-24 18:10:00,668 - INFO - Train Stats
Loss:
  total: 0.16929602224019266
Metrics:
  cityscapes_dice: 0.896547657059085
  cityscapes_jaccard_macro: 0.5620509874436164
  cityscapes_jaccard_micro: 0.8911224157579484

2024-06-24 18:10:23,627 - INFO - Validation Stats
Loss:
  total: 0.21822315594181418
Metrics:
  cityscapes_dice: 0.8826524969190359
  cityscapes_jaccard_macro: 0.4896817682310939
  cityscapes_jaccard_micro: 0.8650590479373932

2024-06-24 18:10:23,627 - INFO - Epoch 56/120
2024-06-24 18:12:13,872 - INFO - Train Stats
Loss:
  total: 0.16772105732271747
Metrics:
  cityscapes_dice: 0.8966151918134382
  cityscapes_jaccard_macro: 0.5619772018924836
  cityscapes_jaccard_micro: 0.8919484196170684

2024-06-24 18:12:37,642 - INFO - Validation Stats
Loss:
  total: 0.22574239177629352
Metrics:
  cityscapes_dice: 0.8808213490992785
  cityscapes_jaccard_macro: 0.490836039185524
  cityscapes_jaccard_micro: 0.8633972499519587

2024-06-24 18:12:37,642 - INFO - Epoch 57/120
2024-06-24 18:14:30,836 - INFO - Train Stats
Loss:
  total: 0.16776030294356808
Metrics:
  cityscapes_dice: 0.8972133498038015
  cityscapes_jaccard_macro: 0.5646648691546532
  cityscapes_jaccard_micro: 0.892032370644231

2024-06-24 18:14:54,375 - INFO - Validation Stats
Loss:
  total: 0.21892863372340798
Metrics:
  cityscapes_dice: 0.8832008186727762
  cityscapes_jaccard_macro: 0.49311363883316517
  cityscapes_jaccard_micro: 0.8653842285275459

2024-06-24 18:14:54,375 - INFO - Epoch 58/120
2024-06-24 18:16:51,218 - INFO - Train Stats
Loss:
  total: 0.16548435101586004
Metrics:
  cityscapes_dice: 0.8977527972190611
  cityscapes_jaccard_macro: 0.5683092755656088
  cityscapes_jaccard_micro: 0.8931976260677461

2024-06-24 18:17:14,837 - INFO - Validation Stats
Loss:
  total: 0.22003165679052472
Metrics:
  cityscapes_dice: 0.8816286902874708
  cityscapes_jaccard_macro: 0.49872981291264296
  cityscapes_jaccard_micro: 0.8660517930984497

2024-06-24 18:17:14,838 - INFO - Epoch 59/120
2024-06-24 18:19:06,749 - INFO - Train Stats
Loss:
  total: 0.16481890620723846
Metrics:
  cityscapes_dice: 0.8976787990139377
  cityscapes_jaccard_macro: 0.563014991052689
  cityscapes_jaccard_micro: 0.8936864229940599

2024-06-24 18:19:30,128 - INFO - Validation Stats
Loss:
  total: 0.21883945912122726
Metrics:
  cityscapes_dice: 0.8812534213066101
  cityscapes_jaccard_macro: 0.49189168866723776
  cityscapes_jaccard_micro: 0.8658465426415205

2024-06-24 18:19:30,128 - INFO - Epoch 60/120
2024-06-24 18:21:24,588 - INFO - Train Stats
Loss:
  total: 0.1648744596588996
Metrics:
  cityscapes_dice: 0.8979782785138776
  cityscapes_jaccard_macro: 0.5638615940847704
  cityscapes_jaccard_micro: 0.8933826246569233

2024-06-24 18:21:48,199 - INFO - Validation Stats
Loss:
  total: 0.22584659792482853
Metrics:
  cityscapes_dice: 0.8813766092061996
  cityscapes_jaccard_macro: 0.4906264077872038
  cityscapes_jaccard_micro: 0.8639119975268841

2024-06-24 18:21:49,978 - INFO - Epoch 61/120
2024-06-24 18:23:42,970 - INFO - Train Stats
Loss:
  total: 0.16429953113678963
Metrics:
  cityscapes_dice: 0.898376017232095
  cityscapes_jaccard_macro: 0.5671079431810687
  cityscapes_jaccard_micro: 0.8937148824814827

2024-06-24 18:24:06,191 - INFO - Validation Stats
Loss:
  total: 0.2195018157362938
Metrics:
  cityscapes_dice: 0.882973263040185
  cityscapes_jaccard_macro: 0.49266286566853523
  cityscapes_jaccard_micro: 0.8669014442712069

2024-06-24 18:24:06,191 - INFO - Epoch 62/120
2024-06-24 18:26:01,420 - INFO - Train Stats
Loss:
  total: 0.16377958275618093
Metrics:
  cityscapes_dice: 0.8981136368167015
  cityscapes_jaccard_macro: 0.5672908538772213
  cityscapes_jaccard_micro: 0.8940039173249276

2024-06-24 18:26:24,495 - INFO - Validation Stats
Loss:
  total: 0.21276874421164393
Metrics:
  cityscapes_dice: 0.8842045273631811
  cityscapes_jaccard_macro: 0.4950497802346945
  cityscapes_jaccard_micro: 0.8686935249716043

2024-06-24 18:26:24,495 - INFO - Epoch 63/120
2024-06-24 18:28:19,861 - INFO - Train Stats
Loss:
  total: 0.1644528018851434
Metrics:
  cityscapes_dice: 0.8981762955265661
  cityscapes_jaccard_macro: 0.5662937233524937
  cityscapes_jaccard_micro: 0.8935959362214612

2024-06-24 18:28:43,726 - INFO - Validation Stats
Loss:
  total: 0.21227731416001916
Metrics:
  cityscapes_dice: 0.8831323608756065
  cityscapes_jaccard_macro: 0.4923432907089591
  cityscapes_jaccard_micro: 0.8696227353066206

2024-06-24 18:28:43,727 - INFO - Epoch 64/120
2024-06-24 18:30:36,338 - INFO - Train Stats
Loss:
  total: 0.16330055440625837
Metrics:
  cityscapes_dice: 0.8983369504251788
  cityscapes_jaccard_macro: 0.5710784862118382
  cityscapes_jaccard_micro: 0.8943341535906638

2024-06-24 18:30:59,473 - INFO - Validation Stats
Loss:
  total: 0.21774487104266882
Metrics:
  cityscapes_dice: 0.8804039992392063
  cityscapes_jaccard_macro: 0.49674357380717993
  cityscapes_jaccard_micro: 0.8653280436992645

2024-06-24 18:30:59,474 - INFO - Epoch 65/120
2024-06-24 18:32:51,080 - INFO - Train Stats
Loss:
  total: 0.1618482352264466
Metrics:
  cityscapes_dice: 0.8986349071225812
  cityscapes_jaccard_macro: 0.5724929198142021
  cityscapes_jaccard_micro: 0.8950995822106639

2024-06-24 18:33:14,512 - INFO - Validation Stats
Loss:
  total: 0.21914782002568245
Metrics:
  cityscapes_dice: 0.8817051313817501
  cityscapes_jaccard_macro: 0.49001473747193813
  cityscapes_jaccard_micro: 0.8653082437813282

2024-06-24 18:33:14,512 - INFO - Epoch 66/120
2024-06-24 18:35:05,829 - INFO - Train Stats
Loss:
  total: 0.1615019436805479
Metrics:
  cityscapes_dice: 0.8988291048234509
  cityscapes_jaccard_macro: 0.5714443014514061
  cityscapes_jaccard_micro: 0.8954887970801323

2024-06-24 18:35:29,474 - INFO - Validation Stats
Loss:
  total: 0.21429952047765255
Metrics:
  cityscapes_dice: 0.8848555348813534
  cityscapes_jaccard_macro: 0.4961308538913727
  cityscapes_jaccard_micro: 0.8684466946870089

2024-06-24 18:35:29,474 - INFO - Epoch 67/120
2024-06-24 18:37:23,152 - INFO - Train Stats
Loss:
  total: 0.16151491941944246
Metrics:
  cityscapes_dice: 0.8990757949890629
  cityscapes_jaccard_macro: 0.5764032275445999
  cityscapes_jaccard_micro: 0.8951132982007919

2024-06-24 18:37:46,671 - INFO - Validation Stats
Loss:
  total: 0.20775082614272833
Metrics:
  cityscapes_dice: 0.8844269309192896
  cityscapes_jaccard_macro: 0.4952336773276329
  cityscapes_jaccard_micro: 0.8718988839536905

2024-06-24 18:37:48,303 - INFO - Epoch 68/120
2024-06-24 18:39:43,819 - INFO - Train Stats
Loss:
  total: 0.16137811680955272
Metrics:
  cityscapes_dice: 0.8983999102346358
  cityscapes_jaccard_macro: 0.5792886572499429
  cityscapes_jaccard_micro: 0.8951563692861988

2024-06-24 18:40:07,667 - INFO - Validation Stats
Loss:
  total: 0.21283092582598329
Metrics:
  cityscapes_dice: 0.8833577707409859
  cityscapes_jaccard_macro: 0.49373352341353893
  cityscapes_jaccard_micro: 0.8675900977104902

2024-06-24 18:40:07,667 - INFO - Epoch 69/120
2024-06-24 18:41:57,067 - INFO - Train Stats
Loss:
  total: 0.1603366290850024
Metrics:
  cityscapes_dice: 0.8999556426079043
  cityscapes_jaccard_macro: 0.5745382210900707
  cityscapes_jaccard_micro: 0.8960553411514528

2024-06-24 18:42:19,652 - INFO - Validation Stats
Loss:
  total: 0.2154372613877058
Metrics:
  cityscapes_dice: 0.8844110853970051
  cityscapes_jaccard_macro: 0.49022106174379587
  cityscapes_jaccard_micro: 0.8677210845053196

2024-06-24 18:42:19,652 - INFO - Epoch 70/120
2024-06-24 18:44:11,861 - INFO - Train Stats
Loss:
  total: 0.16007017964316952
Metrics:
  cityscapes_dice: 0.8988384304508086
  cityscapes_jaccard_macro: 0.57664731202587
  cityscapes_jaccard_micro: 0.8960317430957672

2024-06-24 18:44:34,377 - INFO - Validation Stats
Loss:
  total: 0.21609651343896985
Metrics:
  cityscapes_dice: 0.8836045898497105
  cityscapes_jaccard_macro: 0.5012529557570815
  cityscapes_jaccard_micro: 0.8657922316342592

2024-06-24 18:44:35,885 - INFO - Epoch 71/120
2024-06-24 18:46:28,806 - INFO - Train Stats
Loss:
  total: 0.15996702794105777
Metrics:
  cityscapes_dice: 0.8985935980273831
  cityscapes_jaccard_macro: 0.5780915967879757
  cityscapes_jaccard_micro: 0.8959469483744713

2024-06-24 18:46:51,236 - INFO - Validation Stats
Loss:
  total: 0.21219339920207858
Metrics:
  cityscapes_dice: 0.8845786955207586
  cityscapes_jaccard_macro: 0.5081425420939922
  cityscapes_jaccard_micro: 0.8696739319711924

2024-06-24 18:46:51,236 - INFO - Epoch 72/120
2024-06-24 18:48:40,440 - INFO - Train Stats
Loss:
  total: 0.15818593771226944
Metrics:
  cityscapes_dice: 0.8994951225096179
  cityscapes_jaccard_macro: 0.5794928393056316
  cityscapes_jaccard_micro: 0.8971306531660018

2024-06-24 18:49:03,173 - INFO - Validation Stats
Loss:
  total: 0.21617968520149589
Metrics:
  cityscapes_dice: 0.8835985343903303
  cityscapes_jaccard_macro: 0.4947277642786503
  cityscapes_jaccard_micro: 0.8665431346744299

2024-06-24 18:49:03,173 - INFO - Epoch 73/120
2024-06-24 18:50:48,850 - INFO - Train Stats
Loss:
  total: 0.15832295071694158
Metrics:
  cityscapes_dice: 0.8996270556603708
  cityscapes_jaccard_macro: 0.577590093305034
  cityscapes_jaccard_micro: 0.8969795796179002

2024-06-24 18:51:11,437 - INFO - Validation Stats
Loss:
  total: 0.21643336629495025
Metrics:
  cityscapes_dice: 0.8832707479596138
  cityscapes_jaccard_macro: 0.502037133090198
  cityscapes_jaccard_micro: 0.8676659055054188

2024-06-24 18:51:11,438 - INFO - Epoch 74/120
2024-06-24 18:53:01,073 - INFO - Train Stats
Loss:
  total: 0.1569545934277196
Metrics:
  cityscapes_dice: 0.8999084099646537
  cityscapes_jaccard_macro: 0.585098542897932
  cityscapes_jaccard_micro: 0.8977424513909125

2024-06-24 18:53:24,647 - INFO - Validation Stats
Loss:
  total: 0.2163264094851911
Metrics:
  cityscapes_dice: 0.8841627817600965
  cityscapes_jaccard_macro: 0.49422435741871595
  cityscapes_jaccard_micro: 0.8677700292319059

2024-06-24 18:53:24,647 - INFO - Epoch 75/120
2024-06-24 18:55:17,830 - INFO - Train Stats
Loss:
  total: 0.15767813502780853
Metrics:
  cityscapes_dice: 0.9001735556510186
  cityscapes_jaccard_macro: 0.5786048256581829
  cityscapes_jaccard_micro: 0.8971700010761138

2024-06-24 18:55:41,258 - INFO - Validation Stats
Loss:
  total: 0.21834964584559202
Metrics:
  cityscapes_dice: 0.8836375717073679
  cityscapes_jaccard_macro: 0.5013787392526865
  cityscapes_jaccard_micro: 0.8658764902502298

2024-06-24 18:55:41,258 - INFO - Epoch 76/120
2024-06-24 18:57:35,189 - INFO - Train Stats
Loss:
  total: 0.15693271837888226
Metrics:
  cityscapes_dice: 0.899869067053641
  cityscapes_jaccard_macro: 0.5798319735834675
  cityscapes_jaccard_micro: 0.8975552593508075

2024-06-24 18:57:58,420 - INFO - Validation Stats
Loss:
  total: 0.22325449995696545
Metrics:
  cityscapes_dice: 0.882647205144167
  cityscapes_jaccard_macro: 0.49779763631522655
  cityscapes_jaccard_micro: 0.8649584222584963

2024-06-24 18:57:58,421 - INFO - Epoch 77/120
