2024-06-20 19:02:35,597 - INFO - Loading configuration files...
2024-06-20 19:02:36,915 - INFO - Loading model configuration
args:
  backbone: resnet101
  num_classes: 20
class: DeepLabV3

2024-06-20 19:02:36,934 - INFO - Loading train_dataset configuration
args:
  root: /data/auto/kitti
class: UnsupervisedKittiSeg

2024-06-20 19:02:36,945 - INFO - Loading optimizer configuration
args:
  lr: 0.0003
class: Adam

2024-06-20 19:02:36,978 - INFO - Loading method configuration
args:
  color_jitter_strength: 1
  ema_decay: 0.99
  hidden_size: 2048
  image_size:
  - 188
  - 621
  prediction_size: 128
  projection_size: 128
  representation_size: 2048
class: BYOLKitti

2024-06-20 19:02:36,978 - INFO - Loading metrics configuration
{}

2024-06-20 19:02:36,978 - INFO - Loading hyperparameters configuration
batch_size: 16
ema_decay: null
epochs: 50
max_num_samples: -1
num_workers: 4
save_freq: 5

2024-06-20 19:02:37,306 - INFO - Using device: cuda
2024-06-20 19:02:37,753 - INFO - Training for 50 epochs
2024-06-20 19:02:37,773 - INFO - Epoch 1/50
2024-06-20 19:10:33,185 - INFO - Train Stats
Loss:
  total: 0.4525606041929707
Metrics: {}

2024-06-20 19:10:42,722 - INFO - Epoch 2/50
2024-06-20 19:18:39,007 - INFO - Train Stats
Loss:
  total: 0.1336873703231393
Metrics: {}

2024-06-20 19:18:49,083 - INFO - Epoch 3/50
2024-06-20 19:26:49,488 - INFO - Train Stats
Loss:
  total: 0.08533045220362298
Metrics: {}

2024-06-20 19:27:07,895 - INFO - Epoch 4/50
2024-06-20 19:35:01,364 - INFO - Train Stats
Loss:
  total: 0.08344237723365841
Metrics: {}

2024-06-20 19:35:10,228 - INFO - Epoch 5/50
2024-06-20 19:43:00,490 - INFO - Train Stats
Loss:
  total: 0.09242261269746041
Metrics: {}

2024-06-20 19:43:09,227 - INFO - Epoch 6/50
2024-06-20 19:51:02,854 - INFO - Train Stats
Loss:
  total: 0.08709965796235797
Metrics: {}

2024-06-20 19:51:02,854 - INFO - Epoch 7/50
2024-06-20 19:58:59,622 - INFO - Train Stats
Loss:
  total: 0.07864703681535333
Metrics: {}

2024-06-20 19:59:08,638 - INFO - Epoch 8/50
2024-06-20 20:07:01,170 - INFO - Train Stats
Loss:
  total: 0.0632515127353801
Metrics: {}

2024-06-20 20:07:10,590 - INFO - Epoch 9/50
2024-06-20 20:15:02,040 - INFO - Train Stats
Loss:
  total: 0.046927180005600415
Metrics: {}

2024-06-20 20:15:12,669 - INFO - Epoch 10/50
2024-06-20 20:23:13,101 - INFO - Train Stats
Loss:
  total: 0.09401993742272481
Metrics: {}

2024-06-20 20:23:22,115 - INFO - Epoch 11/50
2024-06-20 20:31:09,458 - INFO - Train Stats
Loss:
  total: 0.07542493124143469
Metrics: {}

2024-06-20 20:31:09,459 - INFO - Epoch 12/50
2024-06-20 20:39:07,766 - INFO - Train Stats
Loss:
  total: 0.08478084854318958
Metrics: {}

2024-06-20 20:39:07,766 - INFO - Epoch 13/50
2024-06-20 20:47:13,364 - INFO - Train Stats
Loss:
  total: 0.07556305428452359
Metrics: {}

2024-06-20 20:47:13,364 - INFO - Epoch 14/50
2024-06-20 20:55:23,088 - INFO - Train Stats
Loss:
  total: 0.07652205262309224
Metrics: {}

2024-06-20 20:55:23,089 - INFO - Epoch 15/50
2024-06-20 21:03:23,760 - INFO - Train Stats
Loss:
  total: 0.04342346702257622
Metrics: {}

2024-06-20 21:03:41,268 - INFO - Epoch 16/50
2024-06-20 21:11:38,926 - INFO - Train Stats
Loss:
  total: 0.037440954825224665
Metrics: {}

2024-06-20 21:11:47,791 - INFO - Epoch 17/50
2024-06-20 21:20:00,407 - INFO - Train Stats
Loss:
  total: 0.04567712353945289
Metrics: {}

2024-06-20 21:20:00,408 - INFO - Epoch 18/50
2024-06-20 21:27:59,144 - INFO - Train Stats
Loss:
  total: 0.06034576210015846
Metrics: {}

2024-06-20 21:27:59,145 - INFO - Epoch 19/50
2024-06-20 21:36:01,094 - INFO - Train Stats
Loss:
  total: 0.047784833584531214
Metrics: {}

2024-06-20 21:36:01,095 - INFO - Epoch 20/50
2024-06-20 21:43:59,579 - INFO - Train Stats
Loss:
  total: 0.04697530968732956
Metrics: {}

2024-06-20 21:44:08,781 - INFO - Epoch 21/50
2024-06-20 21:51:52,427 - INFO - Train Stats
Loss:
  total: 0.0726642671820949
Metrics: {}

2024-06-20 21:51:52,428 - INFO - Epoch 22/50
2024-06-20 21:59:51,591 - INFO - Train Stats
Loss:
  total: 0.07631132198094812
Metrics: {}

2024-06-20 21:59:51,591 - INFO - Epoch 23/50
2024-06-20 22:07:46,295 - INFO - Train Stats
Loss:
  total: 0.06868180817659203
Metrics: {}

2024-06-20 22:07:46,296 - INFO - Epoch 24/50
2024-06-20 22:15:37,751 - INFO - Train Stats
Loss:
  total: 0.043270848914821344
Metrics: {}

2024-06-20 22:15:37,751 - INFO - Epoch 25/50
2024-06-20 22:23:34,309 - INFO - Train Stats
Loss:
  total: 0.05304152165924456
Metrics: {}

2024-06-20 22:23:45,862 - INFO - Epoch 26/50
2024-06-20 22:31:44,920 - INFO - Train Stats
Loss:
  total: 0.05495144560837388
Metrics: {}

2024-06-20 22:31:44,920 - INFO - Epoch 27/50
2024-06-20 22:39:34,404 - INFO - Train Stats
Loss:
  total: 0.04481560277415547
Metrics: {}

2024-06-20 22:39:34,456 - INFO - Epoch 28/50
2024-06-20 22:47:32,858 - INFO - Train Stats
Loss:
  total: 0.06333179658625826
Metrics: {}

2024-06-20 22:47:32,859 - INFO - Epoch 29/50
2024-06-20 22:55:33,999 - INFO - Train Stats
Loss:
  total: 0.07078502989300313
Metrics: {}

2024-06-20 22:55:34,000 - INFO - Epoch 30/50
2024-06-20 23:03:26,967 - INFO - Train Stats
Loss:
  total: 0.04941166922992506
Metrics: {}

2024-06-20 23:03:39,572 - INFO - Epoch 31/50
2024-06-20 23:11:26,582 - INFO - Train Stats
Loss:
  total: 0.04968583548732692
Metrics: {}

2024-06-20 23:11:26,583 - INFO - Epoch 32/50
2024-06-20 23:19:25,321 - INFO - Train Stats
Loss:
  total: 0.04691630812477504
Metrics: {}

2024-06-20 23:19:25,321 - INFO - Epoch 33/50
2024-06-20 23:27:26,769 - INFO - Train Stats
Loss:
  total: 0.07017338022238692
Metrics: {}

2024-06-20 23:27:26,770 - INFO - Epoch 34/50
2024-06-20 23:35:21,390 - INFO - Train Stats
Loss:
  total: 0.05013135830199693
Metrics: {}

2024-06-20 23:35:21,390 - INFO - Epoch 35/50
2024-06-20 23:43:11,084 - INFO - Train Stats
Loss:
  total: 0.06150487673167754
Metrics: {}

2024-06-20 23:43:24,135 - INFO - Epoch 36/50
2024-06-20 23:51:17,147 - INFO - Train Stats
Loss:
  total: 0.04155090746392019
Metrics: {}

2024-06-20 23:51:17,151 - INFO - Epoch 37/50
2024-06-20 23:59:21,623 - INFO - Train Stats
Loss:
  total: 0.06120089140004724
Metrics: {}

2024-06-20 23:59:21,624 - INFO - Epoch 38/50
2024-06-21 00:07:22,637 - INFO - Train Stats
Loss:
  total: 0.057357391226853245
Metrics: {}

2024-06-21 00:07:22,637 - INFO - Epoch 39/50
2024-06-21 00:15:34,958 - INFO - Train Stats
Loss:
  total: 0.07647004476259811
Metrics: {}

2024-06-21 00:15:34,958 - INFO - Epoch 40/50
2024-06-21 00:23:27,286 - INFO - Train Stats
Loss:
  total: 0.049204723163641495
Metrics: {}

2024-06-21 00:23:37,337 - INFO - Epoch 41/50
2024-06-21 00:31:39,545 - INFO - Train Stats
Loss:
  total: 0.041807062588871416
Metrics: {}

2024-06-21 00:31:39,546 - INFO - Epoch 42/50
2024-06-21 00:39:49,151 - INFO - Train Stats
Loss:
  total: 0.044779914525004474
Metrics: {}

2024-06-21 00:39:49,152 - INFO - Epoch 43/50
2024-06-21 00:47:48,373 - INFO - Train Stats
Loss:
  total: 0.04152439834601874
Metrics: {}

2024-06-21 00:47:48,373 - INFO - Epoch 44/50
2024-06-21 00:55:46,108 - INFO - Train Stats
Loss:
  total: 0.049730099179249504
Metrics: {}

2024-06-21 00:55:46,108 - INFO - Epoch 45/50
2024-06-21 01:03:47,755 - INFO - Train Stats
Loss:
  total: 0.04808448465656673
Metrics: {}

2024-06-21 01:03:56,714 - INFO - Epoch 46/50
2024-06-21 01:11:52,202 - INFO - Train Stats
Loss:
  total: 0.049059147083019033
Metrics: {}

2024-06-21 01:11:52,203 - INFO - Epoch 47/50
2024-06-21 01:19:48,696 - INFO - Train Stats
Loss:
  total: 0.05379031137493489
Metrics: {}

2024-06-21 01:19:48,696 - INFO - Epoch 48/50
2024-06-21 01:27:49,925 - INFO - Train Stats
Loss:
  total: 0.047699805676171304
Metrics: {}

2024-06-21 01:27:49,926 - INFO - Epoch 49/50
2024-06-21 01:35:46,588 - INFO - Train Stats
Loss:
  total: 0.045878546444072965
Metrics: {}

2024-06-21 01:35:46,589 - INFO - Epoch 50/50
2024-06-21 01:43:37,659 - INFO - Train Stats
Loss:
  total: 0.05449609450469436
Metrics: {}

2024-06-21 01:43:46,538 - INFO - Best train loss: 0.037440954825224665
2024-06-21 01:43:50,435 - INFO - Best model saved to /home/up201905337/exploring-label-efficiency/weights/byol_kitti_deeplabv3_resnet101_pretrained.pth
2024-06-21 01:43:50,437 - INFO - Training took 24068.785351991653 seconds to complete
