2024-06-23 21:54:26,478 - INFO - Loading configuration files...
2024-06-23 21:54:27,662 - INFO - Loading model configuration
args:
  backbone: mobilenet_v3_large
  num_classes: 20
  weights_backbone: DEFAULT
class: DeepLabV3

2024-06-23 21:54:27,673 - INFO - Loading train_dataset configuration
args:
  num_labeled: 18
  root: /data/auto/kitti
  train_val_test_split:
  - 0.7
  - 0.1
  - 0.2
class: SemiSupervisedKittiSeg

2024-06-23 21:54:27,685 - INFO - Loading val_dataset configuration
args:
  root: /data/auto/kitti
  train_val_test_split:
  - 0.7
  - 0.1
  - 0.2
class: KittiSeg

2024-06-23 21:54:27,692 - INFO - Loading optimizer configuration
args:
  lr: 0.001
class: Adam

2024-06-23 21:54:27,693 - INFO - Loading loss configuration
args:
  ignore_index: 0
class: CrossEntropyLoss

2024-06-23 21:54:27,774 - INFO - Loading metrics configuration
kitti_dice:
  args:
    average: micro
    ignore_index: 0
    num_classes: 20
  class: Dice
kitti_jaccard_macro:
  args:
    average: macro
    ignore_index: 0
    num_classes: 20
    task: multiclass
    validate_args: false
  class: JaccardIndex
kitti_jaccard_micro:
  args:
    average: micro
    ignore_index: 0
    num_classes: 20
    task: multiclass
    validate_args: false
  class: JaccardIndex

2024-06-23 21:54:27,774 - INFO - Loading hyperparameters configuration
batch_size: 8
ema_decay: null
epochs: 120
num_workers: 4
save_freq: 5

2024-06-23 21:54:27,784 - INFO - Using device: cuda
2024-06-23 21:54:27,847 - INFO - Training for 120 epochs
2024-06-23 21:54:27,847 - INFO - Epoch 1/120
2024-06-23 21:54:29,261 - INFO - Train Stats
Loss:
  total: 2.4751402537027993
Metrics:
  kitti_dice: 0.36439474920431775
  kitti_jaccard_macro: 0.06925441355754931
  kitti_jaccard_micro: 0.25051524738470715

2024-06-23 21:54:29,739 - INFO - Validation Stats
Loss:
  total: 2.3724871476491294
Metrics:
  kitti_dice: 0.4928890864054362
  kitti_jaccard_macro: 0.07631013790766399
  kitti_jaccard_micro: 0.3371296723683675

2024-06-23 21:54:29,858 - INFO - Epoch 2/120
2024-06-23 21:54:30,546 - INFO - Train Stats
Loss:
  total: 1.5210681358973186
Metrics:
  kitti_dice: 0.6323086420694987
  kitti_jaccard_macro: 0.16694395740826926
  kitti_jaccard_micro: 0.47831715146700543

2024-06-23 21:54:30,971 - INFO - Validation Stats
Loss:
  total: 1.9037587245305378
Metrics:
  kitti_dice: 0.5466086864471436
  kitti_jaccard_macro: 0.11933949341376622
  kitti_jaccard_micro: 0.3874477744102478

2024-06-23 21:54:31,153 - INFO - Epoch 3/120
2024-06-23 21:54:31,850 - INFO - Train Stats
Loss:
  total: 1.1394658486048381
Metrics:
  kitti_dice: 0.6861939827601115
  kitti_jaccard_macro: 0.1865511288245519
  kitti_jaccard_micro: 0.5418761769930521

2024-06-23 21:54:32,280 - INFO - Validation Stats
Loss:
  total: 1.5685588121414185
Metrics:
  kitti_dice: 0.616732120513916
  kitti_jaccard_macro: 0.15621727208296457
  kitti_jaccard_micro: 0.45941612124443054

2024-06-23 21:54:32,460 - INFO - Epoch 4/120
2024-06-23 21:54:33,159 - INFO - Train Stats
Loss:
  total: 0.872001051902771
Metrics:
  kitti_dice: 0.7515302300453186
  kitti_jaccard_macro: 0.22992037733395895
  kitti_jaccard_micro: 0.6285916368166605

2024-06-23 21:54:33,585 - INFO - Validation Stats
Loss:
  total: 1.5012002388636272
Metrics:
  kitti_dice: 0.614082396030426
  kitti_jaccard_macro: 0.16192259887854257
  kitti_jaccard_micro: 0.45656290650367737

2024-06-23 21:54:33,770 - INFO - Epoch 5/120
2024-06-23 21:54:34,460 - INFO - Train Stats
Loss:
  total: 0.9309357007344564
Metrics:
  kitti_dice: 0.7248019377390543
  kitti_jaccard_macro: 0.21712371706962585
  kitti_jaccard_micro: 0.595597525437673

2024-06-23 21:54:34,883 - INFO - Validation Stats
Loss:
  total: 1.4386077324549358
Metrics:
  kitti_dice: 0.6044660210609436
  kitti_jaccard_macro: 0.15448586642742157
  kitti_jaccard_micro: 0.4454405705134074

2024-06-23 21:54:35,171 - INFO - Epoch 6/120
2024-06-23 21:54:35,861 - INFO - Train Stats
Loss:
  total: 0.7362333138783773
Metrics:
  kitti_dice: 0.7646752794583639
  kitti_jaccard_macro: 0.28307561079661053
  kitti_jaccard_micro: 0.648267130057017

2024-06-23 21:54:36,290 - INFO - Validation Stats
Loss:
  total: 1.3922837177912395
Metrics:
  kitti_dice: 0.6168961922327677
  kitti_jaccard_macro: 0.1676826924085617
  kitti_jaccard_micro: 0.45965155959129333

2024-06-23 21:54:36,463 - INFO - Epoch 7/120
2024-06-23 21:54:37,151 - INFO - Train Stats
Loss:
  total: 0.6582093437512716
Metrics:
  kitti_dice: 0.8019515077273051
  kitti_jaccard_macro: 0.2956303457419078
  kitti_jaccard_micro: 0.6924779613812765

2024-06-23 21:54:37,579 - INFO - Validation Stats
Loss:
  total: 1.2932064135869343
Metrics:
  kitti_dice: 0.6368533770243326
  kitti_jaccard_macro: 0.18072739243507385
  kitti_jaccard_micro: 0.4820586045583089

2024-06-23 21:54:37,765 - INFO - Epoch 8/120
2024-06-23 21:54:38,460 - INFO - Train Stats
Loss:
  total: 0.5640799701213837
Metrics:
  kitti_dice: 0.8179480830828348
  kitti_jaccard_macro: 0.3260163366794586
  kitti_jaccard_micro: 0.7250683108965555

2024-06-23 21:54:38,887 - INFO - Validation Stats
Loss:
  total: 1.2233559290568035
Metrics:
  kitti_dice: 0.6471019784609476
  kitti_jaccard_macro: 0.18182381987571716
  kitti_jaccard_micro: 0.493864764769872

2024-06-23 21:54:39,062 - INFO - Epoch 9/120
2024-06-23 21:54:39,761 - INFO - Train Stats
Loss:
  total: 0.5814310908317566
Metrics:
  kitti_dice: 0.817476729551951
  kitti_jaccard_macro: 0.30646904309590656
  kitti_jaccard_micro: 0.7211684584617615

2024-06-23 21:54:40,191 - INFO - Validation Stats
Loss:
  total: 1.2287005980809529
Metrics:
  kitti_dice: 0.6441579063733419
  kitti_jaccard_macro: 0.17851833999156952
  kitti_jaccard_micro: 0.49069368839263916

2024-06-23 21:54:40,191 - INFO - Epoch 10/120
2024-06-23 21:54:40,883 - INFO - Train Stats
Loss:
  total: 0.5223917464415232
Metrics:
  kitti_dice: 0.829086164633433
  kitti_jaccard_macro: 0.34090490142504376
  kitti_jaccard_micro: 0.7353510061899821

2024-06-23 21:54:41,308 - INFO - Validation Stats
Loss:
  total: 1.2092294295628865
Metrics:
  kitti_dice: 0.651795228322347
  kitti_jaccard_macro: 0.18244392176469168
  kitti_jaccard_micro: 0.499150554339091

2024-06-23 21:54:41,652 - INFO - Epoch 11/120
2024-06-23 21:54:42,345 - INFO - Train Stats
Loss:
  total: 0.4770035743713379
Metrics:
  kitti_dice: 0.835828979810079
  kitti_jaccard_macro: 0.3430090645949046
  kitti_jaccard_micro: 0.7516678174336752

2024-06-23 21:54:42,772 - INFO - Validation Stats
Loss:
  total: 1.0712260603904724
Metrics:
  kitti_dice: 0.6851746638615926
  kitti_jaccard_macro: 0.20339474578698477
  kitti_jaccard_micro: 0.5387901961803436

2024-06-23 21:54:42,941 - INFO - Epoch 12/120
2024-06-23 21:54:43,638 - INFO - Train Stats
Loss:
  total: 0.4726468622684479
Metrics:
  kitti_dice: 0.836090624332428
  kitti_jaccard_macro: 0.3407937486966451
  kitti_jaccard_micro: 0.7504151066144308

2024-06-23 21:54:44,064 - INFO - Validation Stats
Loss:
  total: 1.0480546752611797
Metrics:
  kitti_dice: 0.6878517270088196
  kitti_jaccard_macro: 0.2046626756588618
  kitti_jaccard_micro: 0.542048990726471

2024-06-23 21:54:44,242 - INFO - Epoch 13/120
2024-06-23 21:54:44,940 - INFO - Train Stats
Loss:
  total: 0.5960553884506226
Metrics:
  kitti_dice: 0.8039659261703491
  kitti_jaccard_macro: 0.3547539909680684
  kitti_jaccard_micro: 0.7042391697565714

2024-06-23 21:54:45,367 - INFO - Validation Stats
Loss:
  total: 1.1125688552856445
Metrics:
  kitti_dice: 0.6694851318995158
  kitti_jaccard_macro: 0.19307947158813477
  kitti_jaccard_micro: 0.5196922918160757

2024-06-23 21:54:45,367 - INFO - Epoch 14/120
2024-06-23 21:54:46,059 - INFO - Train Stats
Loss:
  total: 0.5333448946475983
Metrics:
  kitti_dice: 0.8158112366994222
  kitti_jaccard_macro: 0.32183202107747394
  kitti_jaccard_micro: 0.7150102257728577

2024-06-23 21:54:46,487 - INFO - Validation Stats
Loss:
  total: 1.0841758251190186
Metrics:
  kitti_dice: 0.6866032679875692
  kitti_jaccard_macro: 0.20636166632175446
  kitti_jaccard_micro: 0.5389149089654287

2024-06-23 21:54:46,487 - INFO - Epoch 15/120
2024-06-23 21:54:47,181 - INFO - Train Stats
Loss:
  total: 0.5181121130784353
Metrics:
  kitti_dice: 0.8256106575330099
  kitti_jaccard_macro: 0.359411358833313
  kitti_jaccard_micro: 0.7289198438326517

2024-06-23 21:54:47,611 - INFO - Validation Stats
Loss:
  total: 0.9945254921913147
Metrics:
  kitti_dice: 0.7095503608385721
  kitti_jaccard_macro: 0.21829701960086823
  kitti_jaccard_micro: 0.5672648946444193

2024-06-23 21:54:48,035 - INFO - Epoch 16/120
2024-06-23 21:54:48,735 - INFO - Train Stats
Loss:
  total: 0.456132173538208
Metrics:
  kitti_dice: 0.8351292212804159
  kitti_jaccard_macro: 0.36069634556770325
  kitti_jaccard_micro: 0.743770440419515

2024-06-23 21:54:49,166 - INFO - Validation Stats
Loss:
  total: 0.9958957036336263
Metrics:
  kitti_dice: 0.7082222501436869
  kitti_jaccard_macro: 0.21860448022683462
  kitti_jaccard_micro: 0.5655629833539327

2024-06-23 21:54:49,166 - INFO - Epoch 17/120
2024-06-23 21:54:49,860 - INFO - Train Stats
Loss:
  total: 0.424039751291275
Metrics:
  kitti_dice: 0.853304922580719
  kitti_jaccard_macro: 0.38256550828615826
  kitti_jaccard_micro: 0.7764062484105428

2024-06-23 21:54:50,287 - INFO - Validation Stats
Loss:
  total: 1.0075716574986775
Metrics:
  kitti_dice: 0.7094942331314087
  kitti_jaccard_macro: 0.21939256290594736
  kitti_jaccard_micro: 0.5663798848787943

2024-06-23 21:54:50,287 - INFO - Epoch 18/120
2024-06-23 21:54:51,025 - INFO - Train Stats
Loss:
  total: 0.4004001518090566
Metrics:
  kitti_dice: 0.8540007869402567
  kitti_jaccard_macro: 0.41222308079401654
  kitti_jaccard_micro: 0.7887298067410787

2024-06-23 21:54:51,455 - INFO - Validation Stats
Loss:
  total: 0.9852913618087769
Metrics:
  kitti_dice: 0.7204335927963257
  kitti_jaccard_macro: 0.22654937207698822
  kitti_jaccard_micro: 0.580647349357605

2024-06-23 21:54:51,641 - INFO - Epoch 19/120
2024-06-23 21:54:52,338 - INFO - Train Stats
Loss:
  total: 0.4704059064388275
Metrics:
  kitti_dice: 0.836899995803833
  kitti_jaccard_macro: 0.3584498067696889
  kitti_jaccard_micro: 0.7473133206367493

2024-06-23 21:54:52,766 - INFO - Validation Stats
Loss:
  total: 0.9811314543088278
Metrics:
  kitti_dice: 0.7193525036176046
  kitti_jaccard_macro: 0.2278857429822286
  kitti_jaccard_micro: 0.5798044602076212

2024-06-23 21:54:52,945 - INFO - Epoch 20/120
2024-06-23 21:54:53,641 - INFO - Train Stats
Loss:
  total: 0.42967771490414935
Metrics:
  kitti_dice: 0.845586876074473
  kitti_jaccard_macro: 0.38182681798934937
  kitti_jaccard_micro: 0.7627629439036051

2024-06-23 21:54:54,072 - INFO - Validation Stats
Loss:
  total: 0.9622586568196615
Metrics:
  kitti_dice: 0.7227491537729899
  kitti_jaccard_macro: 0.2319404979546865
  kitti_jaccard_micro: 0.5838433504104614

2024-06-23 21:54:54,435 - INFO - Epoch 21/120
2024-06-23 21:54:55,138 - INFO - Train Stats
Loss:
  total: 0.36652512351671857
Metrics:
  kitti_dice: 0.8618397315343221
  kitti_jaccard_macro: 0.3963974316914876
  kitti_jaccard_micro: 0.7945514718691508

2024-06-23 21:54:55,565 - INFO - Validation Stats
Loss:
  total: 0.8981724182764689
Metrics:
  kitti_dice: 0.7418929934501648
  kitti_jaccard_macro: 0.24808035294214884
  kitti_jaccard_micro: 0.6093762715657552

2024-06-23 21:54:55,736 - INFO - Epoch 22/120
2024-06-23 21:54:56,433 - INFO - Train Stats
Loss:
  total: 0.4218856791655223
Metrics:
  kitti_dice: 0.8456074396769205
  kitti_jaccard_macro: 0.40283481280008954
  kitti_jaccard_micro: 0.7648054758707682

2024-06-23 21:54:56,860 - INFO - Validation Stats
Loss:
  total: 0.8826607465744019
Metrics:
  kitti_dice: 0.7441631158192953
  kitti_jaccard_macro: 0.2474470684925715
  kitti_jaccard_micro: 0.6121195952097574

2024-06-23 21:54:57,040 - INFO - Epoch 23/120
2024-06-23 21:54:57,737 - INFO - Train Stats
Loss:
  total: 0.37426671385765076
Metrics:
  kitti_dice: 0.8655778765678406
  kitti_jaccard_macro: 0.38941149910291034
  kitti_jaccard_micro: 0.7940911849339803

2024-06-23 21:54:58,160 - INFO - Validation Stats
Loss:
  total: 0.8540478746096293
Metrics:
  kitti_dice: 0.7444239656130472
  kitti_jaccard_macro: 0.2480117678642273
  kitti_jaccard_micro: 0.6129693190256754

2024-06-23 21:54:58,330 - INFO - Epoch 24/120
2024-06-23 21:54:59,030 - INFO - Train Stats
Loss:
  total: 0.3430485526720683
Metrics:
  kitti_dice: 0.8699993093808492
  kitti_jaccard_macro: 0.41216427087783813
  kitti_jaccard_micro: 0.8039554158846537

2024-06-23 21:54:59,464 - INFO - Validation Stats
Loss:
  total: 0.8381552497545878
Metrics:
  kitti_dice: 0.7530168493588766
  kitti_jaccard_macro: 0.25470951696236926
  kitti_jaccard_micro: 0.6248197158177694

2024-06-23 21:54:59,638 - INFO - Epoch 25/120
2024-06-23 21:55:00,334 - INFO - Train Stats
Loss:
  total: 0.40191683173179626
Metrics:
  kitti_dice: 0.8465998371442159
  kitti_jaccard_macro: 0.4278714060783386
  kitti_jaccard_micro: 0.7711978952089945

2024-06-23 21:55:00,763 - INFO - Validation Stats
Loss:
  total: 0.8426944414774576
Metrics:
  kitti_dice: 0.7573884924252828
  kitti_jaccard_macro: 0.25735914210478467
  kitti_jaccard_micro: 0.6305681069691976

2024-06-23 21:55:00,933 - INFO - Epoch 26/120
2024-06-23 21:55:01,621 - INFO - Train Stats
Loss:
  total: 0.33341123660405475
Metrics:
  kitti_dice: 0.8740285237630209
  kitti_jaccard_macro: 0.42972248792648315
  kitti_jaccard_micro: 0.8081061045328776

2024-06-23 21:55:02,048 - INFO - Validation Stats
Loss:
  total: 0.8280888597170512
Metrics:
  kitti_dice: 0.7625216444333395
  kitti_jaccard_macro: 0.2676577568054199
  kitti_jaccard_micro: 0.6378124753634135

2024-06-23 21:55:02,207 - INFO - Epoch 27/120
2024-06-23 21:55:02,910 - INFO - Train Stats
Loss:
  total: 0.3530516525109609
Metrics:
  kitti_dice: 0.8705171346664429
  kitti_jaccard_macro: 0.4124482572078705
  kitti_jaccard_micro: 0.8017594814300537

2024-06-23 21:55:03,344 - INFO - Validation Stats
Loss:
  total: 0.8348983724912008
Metrics:
  kitti_dice: 0.7581583261489868
  kitti_jaccard_macro: 0.2698027888933818
  kitti_jaccard_micro: 0.631737490495046

2024-06-23 21:55:03,344 - INFO - Epoch 28/120
2024-06-23 21:55:04,039 - INFO - Train Stats
Loss:
  total: 0.46019890904426575
Metrics:
  kitti_dice: 0.8392860492070516
  kitti_jaccard_macro: 0.4404829740524292
  kitti_jaccard_micro: 0.7553272247314453

2024-06-23 21:55:04,469 - INFO - Validation Stats
Loss:
  total: 0.8667540748914083
Metrics:
  kitti_dice: 0.750744899113973
  kitti_jaccard_macro: 0.2603978017965953
  kitti_jaccard_micro: 0.6215310295422872

2024-06-23 21:55:04,469 - INFO - Epoch 29/120
2024-06-23 21:55:05,171 - INFO - Train Stats
Loss:
  total: 0.39753155906995136
Metrics:
  kitti_dice: 0.8549792369206747
  kitti_jaccard_macro: 0.4269301692644755
  kitti_jaccard_micro: 0.7769022186597189

2024-06-23 21:55:05,602 - INFO - Validation Stats
Loss:
  total: 0.8617116014162699
Metrics:
  kitti_dice: 0.7484624981880188
  kitti_jaccard_macro: 0.2574925770362218
  kitti_jaccard_micro: 0.6185439825057983

2024-06-23 21:55:05,603 - INFO - Epoch 30/120
2024-06-23 21:55:06,301 - INFO - Train Stats
Loss:
  total: 0.34525324900945026
Metrics:
  kitti_dice: 0.8672129313151041
  kitti_jaccard_macro: 0.44380442301432294
  kitti_jaccard_micro: 0.8000308275222778

2024-06-23 21:55:06,734 - INFO - Validation Stats
Loss:
  total: 0.8432063857714335
Metrics:
  kitti_dice: 0.7532143990198771
  kitti_jaccard_macro: 0.2547792394955953
  kitti_jaccard_micro: 0.6242692470550537

2024-06-23 21:55:06,901 - INFO - Epoch 31/120
2024-06-23 21:55:07,595 - INFO - Train Stats
Loss:
  total: 0.3691452940305074
Metrics:
  kitti_dice: 0.8624659975369772
  kitti_jaccard_macro: 0.42487776279449463
  kitti_jaccard_micro: 0.7886817256609598

2024-06-23 21:55:08,023 - INFO - Validation Stats
Loss:
  total: 0.8191318313280741
Metrics:
  kitti_dice: 0.7612638473510742
  kitti_jaccard_macro: 0.25885959963003796
  kitti_jaccard_micro: 0.6346031427383423

2024-06-23 21:55:08,204 - INFO - Epoch 32/120
2024-06-23 21:55:08,899 - INFO - Train Stats
Loss:
  total: 0.3202045162518819
Metrics:
  kitti_dice: 0.8809071977933248
  kitti_jaccard_macro: 0.43157819906870526
  kitti_jaccard_micro: 0.8170358935991923

2024-06-23 21:55:09,325 - INFO - Validation Stats
Loss:
  total: 0.7908159693082174
Metrics:
  kitti_dice: 0.7667566537857056
  kitti_jaccard_macro: 0.26385429004828137
  kitti_jaccard_micro: 0.6423101822535197

2024-06-23 21:55:09,495 - INFO - Epoch 33/120
2024-06-23 21:55:10,196 - INFO - Train Stats
Loss:
  total: 0.3196323017279307
Metrics:
  kitti_dice: 0.8786484996477762
  kitti_jaccard_macro: 0.4438224931557973
  kitti_jaccard_micro: 0.8150709867477417

2024-06-23 21:55:10,621 - INFO - Validation Stats
Loss:
  total: 0.8386008342107137
Metrics:
  kitti_dice: 0.7506405711174011
  kitti_jaccard_macro: 0.2526351014773051
  kitti_jaccard_micro: 0.6214519540468851

2024-06-23 21:55:10,621 - INFO - Epoch 34/120
2024-06-23 21:55:11,318 - INFO - Train Stats
Loss:
  total: 0.2792023221651713
Metrics:
  kitti_dice: 0.8860213955243429
  kitti_jaccard_macro: 0.46632956465085346
  kitti_jaccard_micro: 0.8413290778795878

2024-06-23 21:55:11,741 - INFO - Validation Stats
Loss:
  total: 0.8585521976153055
Metrics:
  kitti_dice: 0.750278890132904
  kitti_jaccard_macro: 0.25332920749982196
  kitti_jaccard_micro: 0.6198358734448751

2024-06-23 21:55:11,741 - INFO - Epoch 35/120
2024-06-23 21:55:12,444 - INFO - Train Stats
Loss:
  total: 0.36942891279856366
Metrics:
  kitti_dice: 0.8630091746648153
  kitti_jaccard_macro: 0.4644194046656291
  kitti_jaccard_micro: 0.7871556282043457

2024-06-23 21:55:12,880 - INFO - Validation Stats
Loss:
  total: 0.8667837580045065
Metrics:
  kitti_dice: 0.7449814081192017
  kitti_jaccard_macro: 0.2562783459822337
  kitti_jaccard_micro: 0.6136641899744669

2024-06-23 21:55:13,055 - INFO - Epoch 36/120
2024-06-23 21:55:13,754 - INFO - Train Stats
Loss:
  total: 0.3088134328524272
Metrics:
  kitti_dice: 0.8795185287793478
  kitti_jaccard_macro: 0.471230685710907
  kitti_jaccard_micro: 0.8153281609217325

2024-06-23 21:55:14,180 - INFO - Validation Stats
Loss:
  total: 0.8667838374773661
Metrics:
  kitti_dice: 0.7501920660336813
  kitti_jaccard_macro: 0.26077650487422943
  kitti_jaccard_micro: 0.6200701395670573

2024-06-23 21:55:14,180 - INFO - Epoch 37/120
2024-06-23 21:55:14,885 - INFO - Train Stats
Loss:
  total: 0.4559213121732076
Metrics:
  kitti_dice: 0.8374317487080892
  kitti_jaccard_macro: 0.4493151108423869
  kitti_jaccard_micro: 0.7548936804135641

2024-06-23 21:55:15,316 - INFO - Validation Stats
Loss:
  total: 0.8796015977859497
Metrics:
  kitti_dice: 0.748500406742096
  kitti_jaccard_macro: 0.26437756419181824
  kitti_jaccard_micro: 0.6178130507469177

2024-06-23 21:55:15,316 - INFO - Epoch 38/120
2024-06-23 21:55:16,014 - INFO - Train Stats
Loss:
  total: 0.3091553846995036
Metrics:
  kitti_dice: 0.8735529581705729
  kitti_jaccard_macro: 0.4936827818552653
  kitti_jaccard_micro: 0.8113249739011129

2024-06-23 21:55:16,444 - INFO - Validation Stats
Loss:
  total: 0.9311909874280294
Metrics:
  kitti_dice: 0.7386619647343954
  kitti_jaccard_macro: 0.25489115218321484
  kitti_jaccard_micro: 0.604454775651296

2024-06-23 21:55:16,444 - INFO - Epoch 39/120
2024-06-23 21:55:17,145 - INFO - Train Stats
Loss:
  total: 0.32312265038490295
Metrics:
  kitti_dice: 0.8755881587664286
  kitti_jaccard_macro: 0.47032687067985535
  kitti_jaccard_micro: 0.8097578088442484

2024-06-23 21:55:17,578 - INFO - Validation Stats
Loss:
  total: 0.9089416066805521
Metrics:
  kitti_dice: 0.7416053613026937
  kitti_jaccard_macro: 0.25370801488558453
  kitti_jaccard_micro: 0.6092631022135416

2024-06-23 21:55:17,578 - INFO - Epoch 40/120
2024-06-23 21:55:18,278 - INFO - Train Stats
Loss:
  total: 0.3143313725789388
Metrics:
  kitti_dice: 0.8718556960423788
  kitti_jaccard_macro: 0.4607763687769572
  kitti_jaccard_micro: 0.8074473341306051

2024-06-23 21:55:18,713 - INFO - Validation Stats
Loss:
  total: 0.9097208579381307
Metrics:
  kitti_dice: 0.7416338125864664
  kitti_jaccard_macro: 0.24501954019069672
  kitti_jaccard_micro: 0.6093508005142212

2024-06-23 21:55:18,958 - INFO - Epoch 41/120
2024-06-23 21:55:19,656 - INFO - Train Stats
Loss:
  total: 0.2804596225420634
Metrics:
  kitti_dice: 0.8815584778785706
  kitti_jaccard_macro: 0.44868887464205426
  kitti_jaccard_micro: 0.8312928080558777

2024-06-23 21:55:20,083 - INFO - Validation Stats
Loss:
  total: 0.9198241233825684
Metrics:
  kitti_dice: 0.7427553534507751
  kitti_jaccard_macro: 0.249583770831426
  kitti_jaccard_micro: 0.6097298661867777

2024-06-23 21:55:20,083 - INFO - Epoch 42/120
2024-06-23 21:55:20,786 - INFO - Train Stats
Loss:
  total: 0.2747528950373332
Metrics:
  kitti_dice: 0.8886477549870809
  kitti_jaccard_macro: 0.48346736033757526
  kitti_jaccard_micro: 0.8350256085395813

2024-06-23 21:55:21,218 - INFO - Validation Stats
Loss:
  total: 0.901458740234375
Metrics:
  kitti_dice: 0.747626006603241
  kitti_jaccard_macro: 0.2517179350058238
  kitti_jaccard_micro: 0.6160011092821757

2024-06-23 21:55:21,218 - INFO - Epoch 43/120
2024-06-23 21:55:21,955 - INFO - Train Stats
Loss:
  total: 0.28750862181186676
Metrics:
  kitti_dice: 0.8859788775444031
  kitti_jaccard_macro: 0.4773453970750173
  kitti_jaccard_micro: 0.8293150862058004

2024-06-23 21:55:22,385 - INFO - Validation Stats
Loss:
  total: 0.8747421304384867
Metrics:
  kitti_dice: 0.7563743789990743
  kitti_jaccard_macro: 0.25909412900606793
  kitti_jaccard_micro: 0.6282001932462057

2024-06-23 21:55:22,385 - INFO - Epoch 44/120
2024-06-23 21:55:23,089 - INFO - Train Stats
Loss:
  total: 0.26651227474212646
Metrics:
  kitti_dice: 0.8921970725059509
  kitti_jaccard_macro: 0.5053762396176656
  kitti_jaccard_micro: 0.839203953742981

2024-06-23 21:55:23,517 - INFO - Validation Stats
Loss:
  total: 0.8792359828948975
Metrics:
  kitti_dice: 0.7555572589238485
  kitti_jaccard_macro: 0.25953597327073413
  kitti_jaccard_micro: 0.6265735427538554

2024-06-23 21:55:23,518 - INFO - Epoch 45/120
2024-06-23 21:55:24,215 - INFO - Train Stats
Loss:
  total: 0.25139135122299194
Metrics:
  kitti_dice: 0.8953880469004313
  kitti_jaccard_macro: 0.5058514475822449
  kitti_jaccard_micro: 0.8473159670829773

2024-06-23 21:55:24,645 - INFO - Validation Stats
Loss:
  total: 0.8686708013216654
Metrics:
  kitti_dice: 0.7586031953493754
  kitti_jaccard_macro: 0.2669373999039332
  kitti_jaccard_micro: 0.6311207413673401

2024-06-23 21:55:24,890 - INFO - Epoch 46/120
2024-06-23 21:55:25,594 - INFO - Train Stats
Loss:
  total: 0.27376729249954224
Metrics:
  kitti_dice: 0.8916189074516296
  kitti_jaccard_macro: 0.5053262909253439
  kitti_jaccard_micro: 0.8362705111503601

2024-06-23 21:55:26,024 - INFO - Validation Stats
Loss:
  total: 0.865055243174235
Metrics:
  kitti_dice: 0.7614027659098307
  kitti_jaccard_macro: 0.26401538650194806
  kitti_jaccard_micro: 0.634837806224823

2024-06-23 21:55:26,025 - INFO - Epoch 47/120
2024-06-23 21:55:26,732 - INFO - Train Stats
Loss:
  total: 0.31217695275942486
Metrics:
  kitti_dice: 0.8770706057548523
  kitti_jaccard_macro: 0.48961925506591797
  kitti_jaccard_micro: 0.8148132960001627

2024-06-23 21:55:27,164 - INFO - Validation Stats
Loss:
  total: 0.8541486461957296
Metrics:
  kitti_dice: 0.764647384484609
  kitti_jaccard_macro: 0.273162305355072
  kitti_jaccard_micro: 0.6394323309262594

2024-06-23 21:55:27,164 - INFO - Epoch 48/120
2024-06-23 21:55:27,872 - INFO - Train Stats
Loss:
  total: 0.23688077926635742
Metrics:
  kitti_dice: 0.8954795797665914
  kitti_jaccard_macro: 0.5155869921048483
  kitti_jaccard_micro: 0.8508381843566895

2024-06-23 21:55:28,298 - INFO - Validation Stats
Loss:
  total: 0.8620142141977946
Metrics:
  kitti_dice: 0.7661396265029907
  kitti_jaccard_macro: 0.2766568015019099
  kitti_jaccard_micro: 0.6413529515266418

2024-06-23 21:55:28,298 - INFO - Epoch 49/120
2024-06-23 21:55:29,006 - INFO - Train Stats
Loss:
  total: 0.2669825752576192
Metrics:
  kitti_dice: 0.8908287485440572
  kitti_jaccard_macro: 0.524511973063151
  kitti_jaccard_micro: 0.8351046641667684

2024-06-23 21:55:29,422 - INFO - Validation Stats
Loss:
  total: 0.8603696227073669
Metrics:
  kitti_dice: 0.7664329608281454
  kitti_jaccard_macro: 0.2746555954217911
  kitti_jaccard_micro: 0.6411280433336893

2024-06-23 21:55:29,422 - INFO - Epoch 50/120
2024-06-23 21:55:30,133 - INFO - Train Stats
Loss:
  total: 0.2432077725728353
Metrics:
  kitti_dice: 0.8988009293874105
  kitti_jaccard_macro: 0.5372490882873535
  kitti_jaccard_micro: 0.8482925494511923

2024-06-23 21:55:30,563 - INFO - Validation Stats
Loss:
  total: 0.8537001609802246
Metrics:
  kitti_dice: 0.7680504322052002
  kitti_jaccard_macro: 0.2739574958880742
  kitti_jaccard_micro: 0.643785297870636

2024-06-23 21:55:30,824 - INFO - Epoch 51/120
2024-06-23 21:55:31,529 - INFO - Train Stats
Loss:
  total: 0.26894932985305786
Metrics:
  kitti_dice: 0.8831712404886881
  kitti_jaccard_macro: 0.507126639286677
  kitti_jaccard_micro: 0.8273194432258606

2024-06-23 21:55:31,956 - INFO - Validation Stats
Loss:
  total: 0.8492267727851868
Metrics:
  kitti_dice: 0.7657806277275085
  kitti_jaccard_macro: 0.27345092097918194
  kitti_jaccard_micro: 0.6401135921478271

2024-06-23 21:55:31,957 - INFO - Epoch 52/120
2024-06-23 21:55:32,658 - INFO - Train Stats
Loss:
  total: 0.22856973111629486
Metrics:
  kitti_dice: 0.895017683506012
  kitti_jaccard_macro: 0.49452580014864606
  kitti_jaccard_micro: 0.8586416045824686

2024-06-23 21:55:33,087 - INFO - Validation Stats
Loss:
  total: 0.8324203888575236
Metrics:
  kitti_dice: 0.7637940645217896
  kitti_jaccard_macro: 0.2728140701850255
  kitti_jaccard_micro: 0.6377642949422201

2024-06-23 21:55:33,087 - INFO - Epoch 53/120
2024-06-23 21:55:33,791 - INFO - Train Stats
Loss:
  total: 0.24731928606828055
Metrics:
  kitti_dice: 0.8999446630477905
  kitti_jaccard_macro: 0.5044859846433004
  kitti_jaccard_micro: 0.8461480140686035

2024-06-23 21:55:34,221 - INFO - Validation Stats
Loss:
  total: 0.8185675938924154
Metrics:
  kitti_dice: 0.7725128134091696
  kitti_jaccard_macro: 0.2893638660510381
  kitti_jaccard_micro: 0.6498227914174398

2024-06-23 21:55:34,222 - INFO - Epoch 54/120
2024-06-23 21:55:34,931 - INFO - Train Stats
Loss:
  total: 0.25277236600716907
Metrics:
  kitti_dice: 0.8961663643519083
  kitti_jaccard_macro: 0.5364398956298828
  kitti_jaccard_micro: 0.8430052200953165

2024-06-23 21:55:35,355 - INFO - Validation Stats
Loss:
  total: 0.8201816082000732
Metrics:
  kitti_dice: 0.7724036971728007
  kitti_jaccard_macro: 0.2894069701433182
  kitti_jaccard_micro: 0.6490011811256409

2024-06-23 21:55:35,355 - INFO - Epoch 55/120
2024-06-23 21:55:36,048 - INFO - Train Stats
Loss:
  total: 0.23284086088339487
Metrics:
  kitti_dice: 0.902230461438497
  kitti_jaccard_macro: 0.5639174779256185
  kitti_jaccard_micro: 0.8512905041376749

2024-06-23 21:55:36,474 - INFO - Validation Stats
Loss:
  total: 0.8589145342508951
Metrics:
  kitti_dice: 0.7677071690559387
  kitti_jaccard_macro: 0.28326793511708576
  kitti_jaccard_micro: 0.6433866421381632

2024-06-23 21:55:36,730 - INFO - Epoch 56/120
2024-06-23 21:55:37,445 - INFO - Train Stats
Loss:
  total: 0.24541300535202026
Metrics:
  kitti_dice: 0.8883852163950602
  kitti_jaccard_macro: 0.5268759727478027
  kitti_jaccard_micro: 0.8404372334480286

2024-06-23 21:55:37,875 - INFO - Validation Stats
Loss:
  total: 0.8467603723208109
Metrics:
  kitti_dice: 0.768382211526235
  kitti_jaccard_macro: 0.28007260461648303
  kitti_jaccard_micro: 0.6435635089874268

2024-06-23 21:55:37,875 - INFO - Epoch 57/120
2024-06-23 21:55:38,573 - INFO - Train Stats
Loss:
  total: 0.2161108503739039
Metrics:
  kitti_dice: 0.9031127293904623
  kitti_jaccard_macro: 0.5317240953445435
  kitti_jaccard_micro: 0.861753006776174

2024-06-23 21:55:39,007 - INFO - Validation Stats
Loss:
  total: 0.8314340313275655
Metrics:
  kitti_dice: 0.7713434894879659
  kitti_jaccard_macro: 0.29204683502515155
  kitti_jaccard_micro: 0.6478744149208069

2024-06-23 21:55:39,007 - INFO - Epoch 58/120
2024-06-23 21:55:39,708 - INFO - Train Stats
Loss:
  total: 0.2062730739514033
Metrics:
  kitti_dice: 0.9056579073270162
  kitti_jaccard_macro: 0.5268697241942087
  kitti_jaccard_micro: 0.8662344614664713

2024-06-23 21:55:40,134 - INFO - Validation Stats
Loss:
  total: 0.8266179362932841
Metrics:
  kitti_dice: 0.7712191939353943
  kitti_jaccard_macro: 0.2944847544034322
  kitti_jaccard_micro: 0.6481077472368876

2024-06-23 21:55:40,134 - INFO - Epoch 59/120
2024-06-23 21:55:40,848 - INFO - Train Stats
Loss:
  total: 0.21514109273751578
Metrics:
  kitti_dice: 0.9025863806406657
  kitti_jaccard_macro: 0.5655046701431274
  kitti_jaccard_micro: 0.8626644611358643

2024-06-23 21:55:41,279 - INFO - Validation Stats
Loss:
  total: 0.846058170000712
Metrics:
  kitti_dice: 0.7679666876792908
  kitti_jaccard_macro: 0.287450651327769
  kitti_jaccard_micro: 0.6433935364087423

2024-06-23 21:55:41,280 - INFO - Epoch 60/120
2024-06-23 21:55:41,990 - INFO - Train Stats
Loss:
  total: 0.20081409811973572
Metrics:
  kitti_dice: 0.904420534769694
  kitti_jaccard_macro: 0.5178658366203308
  kitti_jaccard_micro: 0.8729391296704611

2024-06-23 21:55:42,417 - INFO - Validation Stats
Loss:
  total: 0.8266932169596354
Metrics:
  kitti_dice: 0.7747053305308024
  kitti_jaccard_macro: 0.29380810757478076
  kitti_jaccard_micro: 0.6529873013496399

2024-06-23 21:55:42,587 - INFO - Epoch 61/120
2024-06-23 21:55:43,291 - INFO - Train Stats
Loss:
  total: 0.2296064297358195
Metrics:
  kitti_dice: 0.8965486486752828
  kitti_jaccard_macro: 0.5258630514144897
  kitti_jaccard_micro: 0.8473890026410421

2024-06-23 21:55:43,727 - INFO - Validation Stats
Loss:
  total: 0.833090603351593
Metrics:
  kitti_dice: 0.7744680444399515
  kitti_jaccard_macro: 0.29511656363805133
  kitti_jaccard_micro: 0.6524365941683451

2024-06-23 21:55:43,727 - INFO - Epoch 62/120
2024-06-23 21:55:44,432 - INFO - Train Stats
Loss:
  total: 0.21245420475800833
Metrics:
  kitti_dice: 0.9031064112981161
  kitti_jaccard_macro: 0.5437466700871786
  kitti_jaccard_micro: 0.8613929152488708

2024-06-23 21:55:44,866 - INFO - Validation Stats
Loss:
  total: 0.8585228125254313
Metrics:
  kitti_dice: 0.7623884876569113
  kitti_jaccard_macro: 0.28828660647074383
  kitti_jaccard_micro: 0.6367518703142802

2024-06-23 21:55:44,866 - INFO - Epoch 63/120
2024-06-23 21:55:45,570 - INFO - Train Stats
Loss:
  total: 0.22578118741512299
Metrics:
  kitti_dice: 0.9006035327911377
  kitti_jaccard_macro: 0.5208937525749207
  kitti_jaccard_micro: 0.8503657380739847

2024-06-23 21:55:46,003 - INFO - Validation Stats
Loss:
  total: 0.8307880957921346
Metrics:
  kitti_dice: 0.7732102274894714
  kitti_jaccard_macro: 0.2965533137321472
  kitti_jaccard_micro: 0.6508468985557556

2024-06-23 21:55:46,003 - INFO - Epoch 64/120
2024-06-23 21:55:46,706 - INFO - Train Stats
Loss:
  total: 0.21072321633497873
Metrics:
  kitti_dice: 0.902598241964976
  kitti_jaccard_macro: 0.53751207391421
  kitti_jaccard_micro: 0.8595485091209412

2024-06-23 21:55:47,174 - INFO - Validation Stats
Loss:
  total: 0.835420032342275
Metrics:
  kitti_dice: 0.7772759199142456
  kitti_jaccard_macro: 0.2942533741394679
  kitti_jaccard_micro: 0.657286802927653

2024-06-23 21:55:47,174 - INFO - Epoch 65/120
2024-06-23 21:55:47,875 - INFO - Train Stats
Loss:
  total: 0.19848544895648956
Metrics:
  kitti_dice: 0.9049415985743204
  kitti_jaccard_macro: 0.5256419976552328
  kitti_jaccard_micro: 0.8684910734494528

2024-06-23 21:55:48,306 - INFO - Validation Stats
Loss:
  total: 0.8492392897605896
Metrics:
  kitti_dice: 0.7742593685785929
  kitti_jaccard_macro: 0.2916427900393804
  kitti_jaccard_micro: 0.6524281104405721

2024-06-23 21:55:48,482 - INFO - Epoch 66/120
2024-06-23 21:55:49,189 - INFO - Train Stats
Loss:
  total: 0.3073979765176773
Metrics:
  kitti_dice: 0.8705345988273621
  kitti_jaccard_macro: 0.514500747124354
  kitti_jaccard_micro: 0.8095604379971822

2024-06-23 21:55:49,620 - INFO - Validation Stats
Loss:
  total: 0.8404984076817831
Metrics:
  kitti_dice: 0.7656239668528239
  kitti_jaccard_macro: 0.2856878836949666
  kitti_jaccard_micro: 0.6404761672019958

2024-06-23 21:55:49,620 - INFO - Epoch 67/120
2024-06-23 21:55:50,331 - INFO - Train Stats
Loss:
  total: 0.25727862616380054
Metrics:
  kitti_dice: 0.8854988813400269
  kitti_jaccard_macro: 0.5516788760821024
  kitti_jaccard_micro: 0.8293094833691915

2024-06-23 21:55:50,757 - INFO - Validation Stats
Loss:
  total: 0.959982673327128
Metrics:
  kitti_dice: 0.7343178391456604
  kitti_jaccard_macro: 0.291135976711909
  kitti_jaccard_micro: 0.5985162258148193

2024-06-23 21:55:50,757 - INFO - Epoch 68/120
2024-06-23 21:55:51,469 - INFO - Train Stats
Loss:
  total: 0.24448187152544656
Metrics:
  kitti_dice: 0.8924975991249084
  kitti_jaccard_macro: 0.5310668547948202
  kitti_jaccard_micro: 0.840889036655426

2024-06-23 21:55:51,897 - INFO - Validation Stats
Loss:
  total: 0.8923716147740682
Metrics:
  kitti_dice: 0.746630072593689
  kitti_jaccard_macro: 0.28654729823271435
  kitti_jaccard_micro: 0.6148825883865356

2024-06-23 21:55:51,898 - INFO - Epoch 69/120
2024-06-23 21:55:52,610 - INFO - Train Stats
Loss:
  total: 0.2598746567964554
Metrics:
  kitti_dice: 0.8906437953313192
  kitti_jaccard_macro: 0.542592446009318
  kitti_jaccard_micro: 0.8349054455757141

2024-06-23 21:55:53,042 - INFO - Validation Stats
Loss:
  total: 0.8880943059921265
Metrics:
  kitti_dice: 0.7549954851468405
  kitti_jaccard_macro: 0.2898586491743724
  kitti_jaccard_micro: 0.6256858507792155

2024-06-23 21:55:53,042 - INFO - Epoch 70/120
2024-06-23 21:55:53,751 - INFO - Train Stats
Loss:
  total: 0.20199880500634512
Metrics:
  kitti_dice: 0.9072258273760477
  kitti_jaccard_macro: 0.5636665225028992
  kitti_jaccard_micro: 0.8690811991691589

2024-06-23 21:55:54,186 - INFO - Validation Stats
Loss:
  total: 0.8326829274495443
Metrics:
  kitti_dice: 0.772982140382131
  kitti_jaccard_macro: 0.30655185381571454
  kitti_jaccard_micro: 0.6509885390599569

2024-06-23 21:55:54,434 - INFO - Epoch 71/120
2024-06-23 21:55:55,145 - INFO - Train Stats
Loss:
  total: 0.20988060534000397
Metrics:
  kitti_dice: 0.9045926332473755
  kitti_jaccard_macro: 0.5365115801493326
  kitti_jaccard_micro: 0.860758642355601

2024-06-23 21:55:55,572 - INFO - Validation Stats
Loss:
  total: 0.8236789504686991
Metrics:
  kitti_dice: 0.7660778760910034
  kitti_jaccard_macro: 0.30850603183110553
  kitti_jaccard_micro: 0.641322672367096

2024-06-23 21:55:55,572 - INFO - Epoch 72/120
2024-06-23 21:55:56,286 - INFO - Train Stats
Loss:
  total: 0.22712547580401102
Metrics:
  kitti_dice: 0.8956581354141235
  kitti_jaccard_macro: 0.5119494597117106
  kitti_jaccard_micro: 0.8476525942484537

2024-06-23 21:55:56,720 - INFO - Validation Stats
Loss:
  total: 0.8368768294652303
Metrics:
  kitti_dice: 0.759599526723226
  kitti_jaccard_macro: 0.30284319818019867
  kitti_jaccard_micro: 0.6321581602096558

2024-06-23 21:55:56,721 - INFO - Epoch 73/120
2024-06-23 21:55:57,428 - INFO - Train Stats
Loss:
  total: 0.19169756273428598
Metrics:
  kitti_dice: 0.90760870774587
  kitti_jaccard_macro: 0.5521108905474345
  kitti_jaccard_micro: 0.8722353180249532

2024-06-23 21:55:57,865 - INFO - Validation Stats
Loss:
  total: 0.8536631266276041
Metrics:
  kitti_dice: 0.7496795852979025
  kitti_jaccard_macro: 0.29839256405830383
  kitti_jaccard_micro: 0.6186378200848898

2024-06-23 21:55:57,865 - INFO - Epoch 74/120
2024-06-23 21:55:58,579 - INFO - Train Stats
Loss:
  total: 0.2092555413643519
Metrics:
  kitti_dice: 0.9005912144978842
  kitti_jaccard_macro: 0.5689758062362671
  kitti_jaccard_micro: 0.863117496172587

2024-06-23 21:55:59,009 - INFO - Validation Stats
Loss:
  total: 0.8785995642344157
Metrics:
  kitti_dice: 0.7477750778198242
  kitti_jaccard_macro: 0.28559066851933795
  kitti_jaccard_micro: 0.6157884200414022

2024-06-23 21:55:59,009 - INFO - Epoch 75/120
2024-06-23 21:55:59,710 - INFO - Train Stats
Loss:
  total: 0.20713352660338083
Metrics:
  kitti_dice: 0.9024972120920817
  kitti_jaccard_macro: 0.5435588558514913
  kitti_jaccard_micro: 0.8594215313593546

2024-06-23 21:56:00,147 - INFO - Validation Stats
Loss:
  total: 0.8549422820409139
Metrics:
  kitti_dice: 0.7630335092544556
  kitti_jaccard_macro: 0.2978401978810628
  kitti_jaccard_micro: 0.6364796757698059

2024-06-23 21:56:00,401 - INFO - Epoch 76/120
2024-06-23 21:56:01,110 - INFO - Train Stats
Loss:
  total: 0.205014834801356
Metrics:
  kitti_dice: 0.9069448908170065
  kitti_jaccard_macro: 0.5211756626764933
  kitti_jaccard_micro: 0.8608862559000651

2024-06-23 21:56:01,546 - INFO - Validation Stats
Loss:
  total: 0.8343347311019897
Metrics:
  kitti_dice: 0.7683505415916443
  kitti_jaccard_macro: 0.3049197494983673
  kitti_jaccard_micro: 0.6434643467267355

2024-06-23 21:56:01,546 - INFO - Epoch 77/120
2024-06-23 21:56:02,256 - INFO - Train Stats
Loss:
  total: 0.22848792870839438
Metrics:
  kitti_dice: 0.8991747299830118
  kitti_jaccard_macro: 0.5581831932067871
  kitti_jaccard_micro: 0.8503254652023315

2024-06-23 21:56:02,688 - INFO - Validation Stats
Loss:
  total: 0.8084995547930399
Metrics:
  kitti_dice: 0.7685194214185079
  kitti_jaccard_macro: 0.30827174584070843
  kitti_jaccard_micro: 0.6441454688707987

2024-06-23 21:56:02,688 - INFO - Epoch 78/120
2024-06-23 21:56:03,385 - INFO - Train Stats
Loss:
  total: 0.2158461113770803
Metrics:
  kitti_dice: 0.8986088633537292
  kitti_jaccard_macro: 0.5512339472770691
  kitti_jaccard_micro: 0.8537956873575846

2024-06-23 21:56:03,817 - INFO - Validation Stats
Loss:
  total: 0.8480085333188375
Metrics:
  kitti_dice: 0.7556737462679545
  kitti_jaccard_macro: 0.2997081975142161
  kitti_jaccard_micro: 0.626307467619578

2024-06-23 21:56:03,817 - INFO - Epoch 79/120
2024-06-23 21:56:04,526 - INFO - Train Stats
Loss:
  total: 0.20973790685335794
Metrics:
  kitti_dice: 0.9008046189943949
  kitti_jaccard_macro: 0.5249332785606384
  kitti_jaccard_micro: 0.8572983543078104

2024-06-23 21:56:04,958 - INFO - Validation Stats
Loss:
  total: 0.854148248831431
Metrics:
  kitti_dice: 0.7574210365613302
  kitti_jaccard_macro: 0.30124642451604206
  kitti_jaccard_micro: 0.6286526719729105

2024-06-23 21:56:04,958 - INFO - Epoch 80/120
2024-06-23 21:56:05,666 - INFO - Train Stats
Loss:
  total: 0.20928201576073965
Metrics:
  kitti_dice: 0.908873438835144
  kitti_jaccard_macro: 0.5362680951754252
  kitti_jaccard_micro: 0.8616327246030172

2024-06-23 21:56:06,100 - INFO - Validation Stats
Loss:
  total: 0.8426450689633688
Metrics:
  kitti_dice: 0.764011005560557
  kitti_jaccard_macro: 0.30000998079776764
  kitti_jaccard_micro: 0.638065238793691

2024-06-23 21:56:06,276 - INFO - Epoch 81/120
2024-06-23 21:56:06,984 - INFO - Train Stats
Loss:
  total: 0.21611482401688895
Metrics:
  kitti_dice: 0.8997169137001038
  kitti_jaccard_macro: 0.5615105032920837
  kitti_jaccard_micro: 0.8532635172208151

2024-06-23 21:56:07,418 - INFO - Validation Stats
Loss:
  total: 0.8254976471265157
Metrics:
  kitti_dice: 0.7622611323992411
  kitti_jaccard_macro: 0.2952200770378113
  kitti_jaccard_micro: 0.6352566480636597

2024-06-23 21:56:07,419 - INFO - Epoch 82/120
2024-06-23 21:56:08,125 - INFO - Train Stats
Loss:
  total: 0.19104982912540436
Metrics:
  kitti_dice: 0.9100777904192606
  kitti_jaccard_macro: 0.545852800210317
  kitti_jaccard_micro: 0.871152420838674

2024-06-23 21:56:08,553 - INFO - Validation Stats
Loss:
  total: 0.8305285970369974
Metrics:
  kitti_dice: 0.7564762632052103
  kitti_jaccard_macro: 0.2967018534739812
  kitti_jaccard_micro: 0.6274873812993368

2024-06-23 21:56:08,553 - INFO - Epoch 83/120
2024-06-23 21:56:09,267 - INFO - Train Stats
Loss:
  total: 0.1921477218468984
Metrics:
  kitti_dice: 0.9124529560407003
  kitti_jaccard_macro: 0.5774872501691183
  kitti_jaccard_micro: 0.869539479414622

2024-06-23 21:56:09,699 - INFO - Validation Stats
Loss:
  total: 0.8231685360272726
Metrics:
  kitti_dice: 0.758235236008962
  kitti_jaccard_macro: 0.30030255516370136
  kitti_jaccard_micro: 0.6296125253041586

2024-06-23 21:56:09,699 - INFO - Epoch 84/120
2024-06-23 21:56:10,405 - INFO - Train Stats
Loss:
  total: 0.19527461131413779
Metrics:
  kitti_dice: 0.9091756939888
  kitti_jaccard_macro: 0.5697092612584432
  kitti_jaccard_micro: 0.8653820951779684

2024-06-23 21:56:10,845 - INFO - Validation Stats
Loss:
  total: 0.8488516608874003
Metrics:
  kitti_dice: 0.7544995546340942
  kitti_jaccard_macro: 0.28534577786922455
  kitti_jaccard_micro: 0.6257587869962057

2024-06-23 21:56:10,845 - INFO - Epoch 85/120
2024-06-23 21:56:11,559 - INFO - Train Stats
Loss:
  total: 0.17316944897174835
Metrics:
  kitti_dice: 0.9109932581583658
  kitti_jaccard_macro: 0.6057998140652975
  kitti_jaccard_micro: 0.8784934083620707

2024-06-23 21:56:11,989 - INFO - Validation Stats
Loss:
  total: 0.8382283449172974
Metrics:
  kitti_dice: 0.7599753737449646
  kitti_jaccard_macro: 0.29356078803539276
  kitti_jaccard_micro: 0.632608970006307

2024-06-23 21:56:12,245 - INFO - Epoch 86/120
2024-06-23 21:56:12,953 - INFO - Train Stats
Loss:
  total: 0.195975661277771
Metrics:
  kitti_dice: 0.9101689060529073
  kitti_jaccard_macro: 0.5660374363263448
  kitti_jaccard_micro: 0.868510901927948

2024-06-23 21:56:13,377 - INFO - Validation Stats
Loss:
  total: 0.8383330901463827
Metrics:
  kitti_dice: 0.7604226867357889
  kitti_jaccard_macro: 0.28888267278671265
  kitti_jaccard_micro: 0.6321675181388855

2024-06-23 21:56:13,377 - INFO - Epoch 87/120
2024-06-23 21:56:14,084 - INFO - Train Stats
Loss:
  total: 0.21204805870850882
Metrics:
  kitti_dice: 0.9020295341809591
  kitti_jaccard_macro: 0.5263300736745199
  kitti_jaccard_micro: 0.8565795024236044

2024-06-23 21:56:14,516 - INFO - Validation Stats
Loss:
  total: 0.822718063990275
Metrics:
  kitti_dice: 0.7638944983482361
  kitti_jaccard_macro: 0.2965031862258911
  kitti_jaccard_micro: 0.6379663348197937

2024-06-23 21:56:14,516 - INFO - Epoch 88/120
2024-06-23 21:56:15,225 - INFO - Train Stats
Loss:
  total: 0.18102615574995676
Metrics:
  kitti_dice: 0.9101992646853129
  kitti_jaccard_macro: 0.5689862966537476
  kitti_jaccard_micro: 0.8762271602948507

2024-06-23 21:56:15,657 - INFO - Validation Stats
Loss:
  total: 0.8339611887931824
Metrics:
  kitti_dice: 0.7627954085667928
  kitti_jaccard_macro: 0.29613274335861206
  kitti_jaccard_micro: 0.6363304257392883

2024-06-23 21:56:15,657 - INFO - Epoch 89/120
2024-06-23 21:56:16,362 - INFO - Train Stats
Loss:
  total: 0.21533270180225372
Metrics:
  kitti_dice: 0.899986187616984
  kitti_jaccard_macro: 0.5680994590123495
  kitti_jaccard_micro: 0.8531147440274557

2024-06-23 21:56:16,796 - INFO - Validation Stats
Loss:
  total: 0.7923049330711365
Metrics:
  kitti_dice: 0.7680007417996725
  kitti_jaccard_macro: 0.3008284668127696
  kitti_jaccard_micro: 0.6432214577992758

2024-06-23 21:56:16,796 - INFO - Epoch 90/120
2024-06-23 21:56:17,504 - INFO - Train Stats
Loss:
  total: 0.1884032686551412
Metrics:
  kitti_dice: 0.9099830587704977
  kitti_jaccard_macro: 0.5642895897229513
  kitti_jaccard_micro: 0.8709725141525269

2024-06-23 21:56:17,936 - INFO - Validation Stats
Loss:
  total: 0.7915728688240051
Metrics:
  kitti_dice: 0.766467014948527
  kitti_jaccard_macro: 0.30340367555618286
  kitti_jaccard_micro: 0.6411609649658203

2024-06-23 21:56:18,113 - INFO - Epoch 91/120
2024-06-23 21:56:18,823 - INFO - Train Stats
Loss:
  total: 0.23444982369740805
Metrics:
  kitti_dice: 0.8953526417414347
  kitti_jaccard_macro: 0.5546393791834513
  kitti_jaccard_micro: 0.8483689228693644

2024-06-23 21:56:19,254 - INFO - Validation Stats
Loss:
  total: 0.8123750885327657
Metrics:
  kitti_dice: 0.7620105743408203
  kitti_jaccard_macro: 0.30026882886886597
  kitti_jaccard_micro: 0.6349401672681173

2024-06-23 21:56:19,254 - INFO - Epoch 92/120
2024-06-23 21:56:19,961 - INFO - Train Stats
Loss:
  total: 0.18464763959248862
Metrics:
  kitti_dice: 0.9093827207883199
  kitti_jaccard_macro: 0.5476266344388326
  kitti_jaccard_micro: 0.871526857217153

2024-06-23 21:56:20,395 - INFO - Validation Stats
Loss:
  total: 0.8095490535100301
Metrics:
  kitti_dice: 0.7648216485977173
  kitti_jaccard_macro: 0.30686108271280926
  kitti_jaccard_micro: 0.6387226382891337

2024-06-23 21:56:20,395 - INFO - Epoch 93/120
2024-06-23 21:56:21,102 - INFO - Train Stats
Loss:
  total: 0.1815166970094045
Metrics:
  kitti_dice: 0.9108941753705343
  kitti_jaccard_macro: 0.5607303977012634
  kitti_jaccard_micro: 0.876896341641744

2024-06-23 21:56:21,540 - INFO - Validation Stats
Loss:
  total: 0.8303918441136678
Metrics:
  kitti_dice: 0.7645055651664734
  kitti_jaccard_macro: 0.3048156996568044
  kitti_jaccard_micro: 0.6381892363230387

2024-06-23 21:56:21,540 - INFO - Epoch 94/120
2024-06-23 21:56:22,245 - INFO - Train Stats
Loss:
  total: 0.18928594887256622
Metrics:
  kitti_dice: 0.9103199243545532
  kitti_jaccard_macro: 0.5368607838948568
  kitti_jaccard_micro: 0.8693105181058248

2024-06-23 21:56:22,716 - INFO - Validation Stats
Loss:
  total: 0.8212553262710571
Metrics:
  kitti_dice: 0.7690796454747518
  kitti_jaccard_macro: 0.3028392195701599
  kitti_jaccard_micro: 0.6448036034901937

2024-06-23 21:56:22,716 - INFO - Epoch 95/120
2024-06-23 21:56:23,423 - INFO - Train Stats
Loss:
  total: 0.1842986692984899
Metrics:
  kitti_dice: 0.9141566753387451
  kitti_jaccard_macro: 0.5845671693483988
  kitti_jaccard_micro: 0.8750861088434855

2024-06-23 21:56:23,856 - INFO - Validation Stats
Loss:
  total: 0.8007412751515707
Metrics:
  kitti_dice: 0.7706681887308756
  kitti_jaccard_macro: 0.30402491490046185
  kitti_jaccard_micro: 0.6466504534085592

2024-06-23 21:56:24,027 - INFO - Epoch 96/120
2024-06-23 21:56:24,742 - INFO - Train Stats
Loss:
  total: 0.18120905260245004
Metrics:
  kitti_dice: 0.9146196047465006
  kitti_jaccard_macro: 0.5940598050753275
  kitti_jaccard_micro: 0.8771291971206665

2024-06-23 21:56:25,171 - INFO - Validation Stats
Loss:
  total: 0.822107990582784
Metrics:
  kitti_dice: 0.7633015116055807
  kitti_jaccard_macro: 0.3039858440558116
  kitti_jaccard_micro: 0.6366720199584961

2024-06-23 21:56:25,171 - INFO - Epoch 97/120
2024-06-23 21:56:25,883 - INFO - Train Stats
Loss:
  total: 0.18182478845119476
Metrics:
  kitti_dice: 0.910589337348938
  kitti_jaccard_macro: 0.5085885028044382
  kitti_jaccard_micro: 0.8742990493774414

2024-06-23 21:56:26,317 - INFO - Validation Stats
Loss:
  total: 0.8154064814249674
Metrics:
  kitti_dice: 0.7681400775909424
  kitti_jaccard_macro: 0.3066931863625844
  kitti_jaccard_micro: 0.6437546014785767

2024-06-23 21:56:26,317 - INFO - Epoch 98/120
2024-06-23 21:56:27,028 - INFO - Train Stats
Loss:
  total: 0.17310796678066254
Metrics:
  kitti_dice: 0.9183331926663717
  kitti_jaccard_macro: 0.559256931145986
  kitti_jaccard_micro: 0.8807724118232727

2024-06-23 21:56:27,460 - INFO - Validation Stats
Loss:
  total: 0.8285068869590759
Metrics:
  kitti_dice: 0.7669837276140848
  kitti_jaccard_macro: 0.3046528100967407
  kitti_jaccard_micro: 0.6413809259732565

2024-06-23 21:56:27,460 - INFO - Epoch 99/120
2024-06-23 21:56:28,162 - INFO - Train Stats
Loss:
  total: 0.17189441621303558
Metrics:
  kitti_dice: 0.9150988658269247
  kitti_jaccard_macro: 0.5811753869056702
  kitti_jaccard_micro: 0.879590113957723

2024-06-23 21:56:28,591 - INFO - Validation Stats
Loss:
  total: 0.8573306004206339
Metrics:
  kitti_dice: 0.7612300912539164
  kitti_jaccard_macro: 0.29805901646614075
  kitti_jaccard_micro: 0.634335974852244

2024-06-23 21:56:28,591 - INFO - Epoch 100/120
2024-06-23 21:56:29,294 - INFO - Train Stats
Loss:
  total: 0.16238786031802496
Metrics:
  kitti_dice: 0.9150283932685852
  kitti_jaccard_macro: 0.601182758808136
  kitti_jaccard_micro: 0.8862874309221903

2024-06-23 21:56:29,730 - INFO - Validation Stats
Loss:
  total: 0.867508053779602
Metrics:
  kitti_dice: 0.7574648857116699
  kitti_jaccard_macro: 0.2948042303323746
  kitti_jaccard_micro: 0.6292248964309692

2024-06-23 21:56:29,976 - INFO - Epoch 101/120
2024-06-23 21:56:30,689 - INFO - Train Stats
Loss:
  total: 0.1841874122619629
Metrics:
  kitti_dice: 0.9143462975819906
  kitti_jaccard_macro: 0.5678642988204956
  kitti_jaccard_micro: 0.8707355459531149

2024-06-23 21:56:31,121 - INFO - Validation Stats
Loss:
  total: 0.86822642882665
Metrics:
  kitti_dice: 0.7619185249010721
  kitti_jaccard_macro: 0.297368327776591
  kitti_jaccard_micro: 0.6343436439832052

2024-06-23 21:56:31,121 - INFO - Epoch 102/120
2024-06-23 21:56:31,839 - INFO - Train Stats
Loss:
  total: 0.17651447653770447
Metrics:
  kitti_dice: 0.9153591990470886
  kitti_jaccard_macro: 0.5646751920382181
  kitti_jaccard_micro: 0.8737159570058187

2024-06-23 21:56:32,271 - INFO - Validation Stats
Loss:
  total: 0.8090226451555887
Metrics:
  kitti_dice: 0.7705960472424825
  kitti_jaccard_macro: 0.3034908523162206
  kitti_jaccard_micro: 0.6468906799952189

2024-06-23 21:56:32,271 - INFO - Epoch 103/120
2024-06-23 21:56:32,985 - INFO - Train Stats
Loss:
  total: 0.2056428144375483
Metrics:
  kitti_dice: 0.9022352695465088
  kitti_jaccard_macro: 0.5784887274106344
  kitti_jaccard_micro: 0.8595446348190308

2024-06-23 21:56:33,414 - INFO - Validation Stats
Loss:
  total: 0.826555867989858
Metrics:
  kitti_dice: 0.7657317916552225
  kitti_jaccard_macro: 0.30179301897684735
  kitti_jaccard_micro: 0.6398558020591736

2024-06-23 21:56:33,414 - INFO - Epoch 104/120
2024-06-23 21:56:34,129 - INFO - Train Stats
Loss:
  total: 0.1596212163567543
Metrics:
  kitti_dice: 0.9153484304745992
  kitti_jaccard_macro: 0.5584019422531128
  kitti_jaccard_micro: 0.8868841528892517

2024-06-23 21:56:34,560 - INFO - Validation Stats
Loss:
  total: 0.8149954080581665
Metrics:
  kitti_dice: 0.7663383086522421
  kitti_jaccard_macro: 0.3024518887201945
  kitti_jaccard_micro: 0.6405794223149618

2024-06-23 21:56:34,560 - INFO - Epoch 105/120
2024-06-23 21:56:35,278 - INFO - Train Stats
Loss:
  total: 0.15474441399176916
Metrics:
  kitti_dice: 0.9197640816370646
  kitti_jaccard_macro: 0.6151910424232483
  kitti_jaccard_micro: 0.8909180760383606

2024-06-23 21:56:35,714 - INFO - Validation Stats
Loss:
  total: 0.813522219657898
Metrics:
  kitti_dice: 0.7699622710545858
  kitti_jaccard_macro: 0.30150007208188373
  kitti_jaccard_micro: 0.6457933584849039

2024-06-23 21:56:35,968 - INFO - Epoch 106/120
2024-06-23 21:56:36,678 - INFO - Train Stats
Loss:
  total: 0.1517990082502365
Metrics:
  kitti_dice: 0.9177162845929464
  kitti_jaccard_macro: 0.6191187302271525
  kitti_jaccard_micro: 0.8908258080482483

2024-06-23 21:56:37,116 - INFO - Validation Stats
Loss:
  total: 0.8285401066144308
Metrics:
  kitti_dice: 0.7700797915458679
  kitti_jaccard_macro: 0.30256543556849164
  kitti_jaccard_micro: 0.6460612813631693

2024-06-23 21:56:37,116 - INFO - Epoch 107/120
2024-06-23 21:56:37,823 - INFO - Train Stats
Loss:
  total: 0.1504151647289594
Metrics:
  kitti_dice: 0.9221503535906473
  kitti_jaccard_macro: 0.5734346111615499
  kitti_jaccard_micro: 0.8935811320940653

2024-06-23 21:56:38,260 - INFO - Validation Stats
Loss:
  total: 0.8038201530774435
Metrics:
  kitti_dice: 0.7769583861033121
  kitti_jaccard_macro: 0.30706419547398883
  kitti_jaccard_micro: 0.6555581092834473

2024-06-23 21:56:38,260 - INFO - Epoch 108/120
2024-06-23 21:56:38,977 - INFO - Train Stats
Loss:
  total: 0.16597159703572592
Metrics:
  kitti_dice: 0.918947696685791
  kitti_jaccard_macro: 0.5653178691864014
  kitti_jaccard_micro: 0.8831058541933695

2024-06-23 21:56:39,411 - INFO - Validation Stats
Loss:
  total: 0.782088021437327
Metrics:
  kitti_dice: 0.7795009215672811
  kitti_jaccard_macro: 0.3092768092950185
  kitti_jaccard_micro: 0.6592009663581848

2024-06-23 21:56:39,582 - INFO - Epoch 109/120
2024-06-23 21:56:40,298 - INFO - Train Stats
Loss:
  total: 0.16825424134731293
Metrics:
  kitti_dice: 0.9189311265945435
  kitti_jaccard_macro: 0.5933873057365417
  kitti_jaccard_micro: 0.8806298573811849

2024-06-23 21:56:40,730 - INFO - Validation Stats
Loss:
  total: 0.7957126100858053
Metrics:
  kitti_dice: 0.7753080328305563
  kitti_jaccard_macro: 0.30702773729960126
  kitti_jaccard_micro: 0.653536319732666

2024-06-23 21:56:40,730 - INFO - Epoch 110/120
2024-06-23 21:56:41,437 - INFO - Train Stats
Loss:
  total: 0.16096287965774536
Metrics:
  kitti_dice: 0.9165731271107992
  kitti_jaccard_macro: 0.5649888118108114
  kitti_jaccard_micro: 0.886731485525767

2024-06-23 21:56:41,869 - INFO - Validation Stats
Loss:
  total: 0.8054659167925516
Metrics:
  kitti_dice: 0.775507390499115
  kitti_jaccard_macro: 0.3046259383360545
  kitti_jaccard_micro: 0.6535048484802246

2024-06-23 21:56:42,124 - INFO - Epoch 111/120
2024-06-23 21:56:42,838 - INFO - Train Stats
Loss:
  total: 0.14938756575187048
Metrics:
  kitti_dice: 0.9151303569475809
  kitti_jaccard_macro: 0.5865766008694967
  kitti_jaccard_micro: 0.8933241367340088

2024-06-23 21:56:43,275 - INFO - Validation Stats
Loss:
  total: 0.8209607203801473
Metrics:
  kitti_dice: 0.7719088792800903
  kitti_jaccard_macro: 0.3030010759830475
  kitti_jaccard_micro: 0.6488044261932373

2024-06-23 21:56:43,275 - INFO - Epoch 112/120
2024-06-23 21:56:43,992 - INFO - Train Stats
Loss:
  total: 0.1492184946934382
Metrics:
  kitti_dice: 0.9188483754793803
  kitti_jaccard_macro: 0.5866586367289225
  kitti_jaccard_micro: 0.8925612171490988

2024-06-23 21:56:44,428 - INFO - Validation Stats
Loss:
  total: 0.8202685515085856
Metrics:
  kitti_dice: 0.7783768971761068
  kitti_jaccard_macro: 0.3054499725500743
  kitti_jaccard_micro: 0.6576095620791117

2024-06-23 21:56:44,428 - INFO - Epoch 113/120
2024-06-23 21:56:45,136 - INFO - Train Stats
Loss:
  total: 0.1686897004644076
Metrics:
  kitti_dice: 0.9210268060366312
  kitti_jaccard_macro: 0.5733295877774557
  kitti_jaccard_micro: 0.8828667998313904

2024-06-23 21:56:45,573 - INFO - Validation Stats
Loss:
  total: 0.8142032225926717
Metrics:
  kitti_dice: 0.7796136538187662
  kitti_jaccard_macro: 0.3104987343152364
  kitti_jaccard_micro: 0.6586640079816183

2024-06-23 21:56:45,573 - INFO - Epoch 114/120
2024-06-23 21:56:46,278 - INFO - Train Stats
Loss:
  total: 0.15348651011784872
Metrics:
  kitti_dice: 0.9231202006340027
  kitti_jaccard_macro: 0.6121822396914164
  kitti_jaccard_micro: 0.891374389330546

2024-06-23 21:56:46,711 - INFO - Validation Stats
Loss:
  total: 0.8510002891222636
Metrics:
  kitti_dice: 0.7686995466550192
  kitti_jaccard_macro: 0.2995587885379791
  kitti_jaccard_micro: 0.6439011295636495

2024-06-23 21:56:46,711 - INFO - Epoch 115/120
2024-06-23 21:56:47,419 - INFO - Train Stats
Loss:
  total: 0.14526526381572089
Metrics:
  kitti_dice: 0.9176018834114075
  kitti_jaccard_macro: 0.5575636823972067
  kitti_jaccard_micro: 0.896378775437673

2024-06-23 21:56:47,854 - INFO - Validation Stats
Loss:
  total: 0.8296229243278503
Metrics:
  kitti_dice: 0.7723948756853739
  kitti_jaccard_macro: 0.3014710744222005
  kitti_jaccard_micro: 0.6491529742876688

2024-06-23 21:56:48,112 - INFO - Epoch 116/120
2024-06-23 21:56:48,817 - INFO - Train Stats
Loss:
  total: 0.15192461013793945
Metrics:
  kitti_dice: 0.9168960849444071
  kitti_jaccard_macro: 0.5921090046564738
  kitti_jaccard_micro: 0.8901392817497253

2024-06-23 21:56:49,254 - INFO - Validation Stats
Loss:
  total: 0.8228002190589905
Metrics:
  kitti_dice: 0.7743938366572062
  kitti_jaccard_macro: 0.3050440549850464
  kitti_jaccard_micro: 0.6518764098485311

2024-06-23 21:56:49,254 - INFO - Epoch 117/120
2024-06-23 21:56:49,974 - INFO - Train Stats
Loss:
  total: 0.18654310703277588
Metrics:
  kitti_dice: 0.9073340892791748
  kitti_jaccard_macro: 0.6144765218098959
  kitti_jaccard_micro: 0.8675874670346578

2024-06-23 21:56:50,406 - INFO - Validation Stats
Loss:
  total: 0.8271597822507223
Metrics:
  kitti_dice: 0.773226002852122
  kitti_jaccard_macro: 0.3090346157550812
  kitti_jaccard_micro: 0.6500622431437174

2024-06-23 21:56:50,406 - INFO - Epoch 118/120
2024-06-23 21:56:51,117 - INFO - Train Stats
Loss:
  total: 0.2441750019788742
Metrics:
  kitti_dice: 0.8951161702473959
  kitti_jaccard_macro: 0.5444625020027161
  kitti_jaccard_micro: 0.8430371483167013

2024-06-23 21:56:51,551 - INFO - Validation Stats
Loss:
  total: 0.8405793905258179
Metrics:
  kitti_dice: 0.75894828637441
  kitti_jaccard_macro: 0.29790876309076947
  kitti_jaccard_micro: 0.6301889618237814

2024-06-23 21:56:51,551 - INFO - Epoch 119/120
2024-06-23 21:56:52,268 - INFO - Train Stats
Loss:
  total: 0.19767380754152933
Metrics:
  kitti_dice: 0.9059463143348694
  kitti_jaccard_macro: 0.6105348269144694
  kitti_jaccard_micro: 0.8622880776723226

2024-06-23 21:56:52,697 - INFO - Validation Stats
Loss:
  total: 0.9019603927930196
Metrics:
  kitti_dice: 0.7428207794825236
  kitti_jaccard_macro: 0.2904481341441472
  kitti_jaccard_micro: 0.6087665756543478

2024-06-23 21:56:52,697 - INFO - Epoch 120/120
2024-06-23 21:56:53,396 - INFO - Train Stats
Loss:
  total: 0.1647535115480423
Metrics:
  kitti_dice: 0.9143274823824564
  kitti_jaccard_macro: 0.5993607441584269
  kitti_jaccard_micro: 0.8821049133936564

2024-06-23 21:56:53,829 - INFO - Validation Stats
Loss:
  total: 0.8693040410677592
Metrics:
  kitti_dice: 0.7606804569562277
  kitti_jaccard_macro: 0.29257718722025555
  kitti_jaccard_micro: 0.6323888301849365

2024-06-23 21:56:54,002 - INFO - Best validation loss: 0.782088021437327
2024-06-23 21:56:54,107 - INFO - Best model saved to /home/up201905337/exploring-label-efficiency/weights/sl_kitti_mobilenet_pretrained_18l.pth
2024-06-23 21:56:54,108 - INFO - Training took 146.15591669082642 seconds to complete
