2024-06-21 14:16:44,758 - INFO - Loading configuration files...
2024-06-21 14:16:45,558 - INFO - Loading model configuration
args:
  backbone: resnet101
  num_classes: 20
  weights_backbone: DEFAULT
class: DeepLabV3

2024-06-21 14:16:45,598 - INFO - Loading train_dataset configuration
args:
  num_labeled: 155
  root: /data/auto/cityscapes
  train_val_split: 2475
class: SemiSupervisedCityscapesSeg

2024-06-21 14:16:45,739 - INFO - Loading val_dataset configuration
args:
  mode: fine
  root: /data/auto/cityscapes
  train_val_split: 2475
class: CityscapesSeg

2024-06-21 14:16:45,750 - INFO - Loading optimizer configuration
args:
  lr: 0.007
  momentum: 0.9
  weight_decay: 0.0005
class: SGD

2024-06-21 14:16:45,752 - INFO - Loading loss configuration
args:
  ignore_index: 0
class: CrossEntropyLoss

2024-06-21 14:16:45,776 - INFO - Loading metrics configuration
cityscapes_dice:
  args:
    average: micro
    ignore_index: 0
    num_classes: 20
  class: Dice
cityscapes_jaccard_macro:
  args:
    average: macro
    ignore_index: 0
    num_classes: 20
    task: multiclass
    validate_args: false
  class: JaccardIndex
cityscapes_jaccard_micro:
  args:
    average: micro
    ignore_index: 0
    num_classes: 20
    task: multiclass
    validate_args: false
  class: JaccardIndex

2024-06-21 14:16:45,781 - INFO - Loading scheduler configuration
args:
  power: 0.9
  total_iters: 120
class: PolynomialLR

2024-06-21 14:16:45,781 - INFO - Loading hyperparameters configuration
batch_size: 16
ema_decay: null
epochs: 120
num_workers: 4
save_freq: 10

2024-06-21 14:16:46,255 - INFO - Using device: cuda
2024-06-21 14:16:46,934 - INFO - Training for 120 epochs
2024-06-21 14:16:46,934 - INFO - Epoch 1/120
2024-06-21 14:17:17,436 - INFO - Train Stats
Loss:
  total: 2.402502143383026
Metrics:
  cityscapes_dice: 0.3008476883172989
  cityscapes_jaccard_macro: 0.02109041139483452
  cityscapes_jaccard_micro: 0.1963612250983715

2024-06-21 14:17:47,806 - INFO - Validation Stats
Loss:
  total: 2.5872104465961456
Metrics:
  cityscapes_dice: 0.41703363973647356
  cityscapes_jaccard_macro: 0.030651801032945514
  cityscapes_jaccard_micro: 0.2807905999943614

2024-06-21 14:17:55,513 - INFO - Epoch 2/120
2024-06-21 14:18:20,162 - INFO - Train Stats
Loss:
  total: 1.3541759848594666
Metrics:
  cityscapes_dice: 0.5697800070047379
  cityscapes_jaccard_macro: 0.0722667120397091
  cityscapes_jaccard_micro: 0.43485130071640016

2024-06-21 14:18:49,055 - INFO - Validation Stats
Loss:
  total: 1.3749701716005802
Metrics:
  cityscapes_dice: 0.6189285647124052
  cityscapes_jaccard_macro: 0.0987157819326967
  cityscapes_jaccard_micro: 0.4833845663815737

2024-06-21 14:18:59,480 - INFO - Epoch 3/120
2024-06-21 14:19:23,899 - INFO - Train Stats
Loss:
  total: 0.998680979013443
Metrics:
  cityscapes_dice: 0.696548467874527
  cityscapes_jaccard_macro: 0.13389619812369347
  cityscapes_jaccard_micro: 0.5793876051902771

2024-06-21 14:19:55,974 - INFO - Validation Stats
Loss:
  total: 0.8919235970824957
Metrics:
  cityscapes_dice: 0.7270842511206865
  cityscapes_jaccard_macro: 0.14498676778748631
  cityscapes_jaccard_micro: 0.6189968287944794

2024-06-21 14:20:04,716 - INFO - Epoch 4/120
2024-06-21 14:20:29,023 - INFO - Train Stats
Loss:
  total: 0.7921652793884277
Metrics:
  cityscapes_dice: 0.7372533679008484
  cityscapes_jaccard_macro: 0.1618369847536087
  cityscapes_jaccard_micro: 0.6371640503406525

2024-06-21 14:20:57,008 - INFO - Validation Stats
Loss:
  total: 0.7491647507995367
Metrics:
  cityscapes_dice: 0.7657318208366632
  cityscapes_jaccard_macro: 0.18713645078241825
  cityscapes_jaccard_micro: 0.675823213532567

2024-06-21 14:21:04,204 - INFO - Epoch 5/120
2024-06-21 14:21:28,861 - INFO - Train Stats
Loss:
  total: 0.6943346858024597
Metrics:
  cityscapes_dice: 0.7680572032928467
  cityscapes_jaccard_macro: 0.2049291267991066
  cityscapes_jaccard_micro: 0.6805419921875

2024-06-21 14:21:56,637 - INFO - Validation Stats
Loss:
  total: 0.6945920418947935
Metrics:
  cityscapes_dice: 0.7759313993155956
  cityscapes_jaccard_macro: 0.2037216853350401
  cityscapes_jaccard_micro: 0.6904669161885977

2024-06-21 14:22:06,736 - INFO - Epoch 6/120
2024-06-21 14:22:31,293 - INFO - Train Stats
Loss:
  total: 0.6280351936817169
Metrics:
  cityscapes_dice: 0.7896815299987793
  cityscapes_jaccard_macro: 0.22078379094600678
  cityscapes_jaccard_micro: 0.7136754274368287

2024-06-21 14:22:59,403 - INFO - Validation Stats
Loss:
  total: 0.6355745363980532
Metrics:
  cityscapes_dice: 0.7895022183656693
  cityscapes_jaccard_macro: 0.22158309957012534
  cityscapes_jaccard_micro: 0.711031299084425

2024-06-21 14:23:06,305 - INFO - Epoch 7/120
2024-06-21 14:23:30,829 - INFO - Train Stats
Loss:
  total: 0.5814154922962189
Metrics:
  cityscapes_dice: 0.7955798208713531
  cityscapes_jaccard_macro: 0.224211423099041
  cityscapes_jaccard_micro: 0.7239258646965027

2024-06-21 14:23:59,641 - INFO - Validation Stats
Loss:
  total: 0.5858103316277266
Metrics:
  cityscapes_dice: 0.7980322223156691
  cityscapes_jaccard_macro: 0.23135005962103605
  cityscapes_jaccard_micro: 0.7251732721924782

2024-06-21 14:24:14,727 - INFO - Epoch 8/120
2024-06-21 14:24:39,806 - INFO - Train Stats
Loss:
  total: 0.5514287799596786
Metrics:
  cityscapes_dice: 0.800975227355957
  cityscapes_jaccard_macro: 0.23615832775831222
  cityscapes_jaccard_micro: 0.7336991727352142

2024-06-21 14:25:10,623 - INFO - Validation Stats
Loss:
  total: 0.5304913017898798
Metrics:
  cityscapes_dice: 0.8107030019164085
  cityscapes_jaccard_macro: 0.2358246436342597
  cityscapes_jaccard_micro: 0.7433960773050785

2024-06-21 14:25:18,166 - INFO - Epoch 9/120
2024-06-21 14:25:42,671 - INFO - Train Stats
Loss:
  total: 0.4846806526184082
Metrics:
  cityscapes_dice: 0.8197492718696594
  cityscapes_jaccard_macro: 0.2464152380824089
  cityscapes_jaccard_micro: 0.7632003009319306

2024-06-21 14:26:09,647 - INFO - Validation Stats
Loss:
  total: 0.5138819962739944
Metrics:
  cityscapes_dice: 0.8160834163427353
  cityscapes_jaccard_macro: 0.24844279326498508
  cityscapes_jaccard_micro: 0.7516466621309519

2024-06-21 14:26:18,530 - INFO - Epoch 10/120
2024-06-21 14:26:43,033 - INFO - Train Stats
Loss:
  total: 0.4796292334794998
Metrics:
  cityscapes_dice: 0.8198755383491516
  cityscapes_jaccard_macro: 0.25646773278713225
  cityscapes_jaccard_micro: 0.7634657919406891

2024-06-21 14:27:11,538 - INFO - Validation Stats
Loss:
  total: 0.4904500264674425
Metrics:
  cityscapes_dice: 0.8215669374912977
  cityscapes_jaccard_macro: 0.2579860305413604
  cityscapes_jaccard_micro: 0.7613121960312128

2024-06-21 14:27:26,470 - INFO - Epoch 11/120
2024-06-21 14:27:51,715 - INFO - Train Stats
Loss:
  total: 0.4456979125738144
Metrics:
  cityscapes_dice: 0.8264315485954284
  cityscapes_jaccard_macro: 0.26770868003368375
  cityscapes_jaccard_micro: 0.7734958827495575

2024-06-21 14:28:18,768 - INFO - Validation Stats
Loss:
  total: 0.4825186440721154
Metrics:
  cityscapes_dice: 0.8223026040941477
  cityscapes_jaccard_macro: 0.26728630252182484
  cityscapes_jaccard_micro: 0.7615706901997328

2024-06-21 14:28:26,606 - INFO - Epoch 12/120
2024-06-21 14:28:51,378 - INFO - Train Stats
Loss:
  total: 0.43746249973773954
Metrics:
  cityscapes_dice: 0.828367954492569
  cityscapes_jaccard_macro: 0.2806530833244324
  cityscapes_jaccard_micro: 0.7766677081584931

2024-06-21 14:29:17,027 - INFO - Validation Stats
Loss:
  total: 0.46500996872782707
Metrics:
  cityscapes_dice: 0.8263488300144672
  cityscapes_jaccard_macro: 0.2800786276347935
  cityscapes_jaccard_micro: 0.7695722002536058

2024-06-21 14:29:29,896 - INFO - Epoch 13/120
2024-06-21 14:29:54,262 - INFO - Train Stats
Loss:
  total: 0.39666150212287904
Metrics:
  cityscapes_dice: 0.8407825767993927
  cityscapes_jaccard_macro: 0.287698420882225
  cityscapes_jaccard_micro: 0.7944844245910645

2024-06-21 14:30:23,452 - INFO - Validation Stats
Loss:
  total: 0.438909656368196
Metrics:
  cityscapes_dice: 0.8325345646589994
  cityscapes_jaccard_macro: 0.2857769411057234
  cityscapes_jaccard_micro: 0.779265996068716

2024-06-21 14:30:36,120 - INFO - Epoch 14/120
2024-06-21 14:31:01,758 - INFO - Train Stats
Loss:
  total: 0.40005322098731994
Metrics:
  cityscapes_dice: 0.8391909062862396
  cityscapes_jaccard_macro: 0.3022014617919922
  cityscapes_jaccard_micro: 0.791817432641983

2024-06-21 14:31:33,402 - INFO - Validation Stats
Loss:
  total: 0.43258455861359835
Metrics:
  cityscapes_dice: 0.8346631936728954
  cityscapes_jaccard_macro: 0.30561429169029
  cityscapes_jaccard_micro: 0.7816444505006075

2024-06-21 14:31:40,212 - INFO - Epoch 15/120
2024-06-21 14:32:04,726 - INFO - Train Stats
Loss:
  total: 0.3883787959814072
Metrics:
  cityscapes_dice: 0.8436075031757355
  cityscapes_jaccard_macro: 0.31967402100563047
  cityscapes_jaccard_micro: 0.8000241696834565

2024-06-21 14:32:33,263 - INFO - Validation Stats
Loss:
  total: 0.415074716322124
Metrics:
  cityscapes_dice: 0.8402867875993252
  cityscapes_jaccard_macro: 0.3178001157939434
  cityscapes_jaccard_micro: 0.7908203825354576

2024-06-21 14:32:44,286 - INFO - Epoch 16/120
2024-06-21 14:33:11,309 - INFO - Train Stats
Loss:
  total: 0.3554856151342392
Metrics:
  cityscapes_dice: 0.8518990278244019
  cityscapes_jaccard_macro: 0.3428679883480072
  cityscapes_jaccard_micro: 0.8154250979423523

2024-06-21 14:33:41,937 - INFO - Validation Stats
Loss:
  total: 0.41513690911233425
Metrics:
  cityscapes_dice: 0.8395950458943844
  cityscapes_jaccard_macro: 0.3255024030804634
  cityscapes_jaccard_micro: 0.7895560171455145

2024-06-21 14:33:41,937 - INFO - Epoch 17/120
2024-06-21 14:34:06,403 - INFO - Train Stats
Loss:
  total: 0.36117373406887054
Metrics:
  cityscapes_dice: 0.8512145042419433
  cityscapes_jaccard_macro: 0.3549612045288086
  cityscapes_jaccard_micro: 0.8139490723609925

2024-06-21 14:34:35,299 - INFO - Validation Stats
Loss:
  total: 0.4054341996088624
Metrics:
  cityscapes_dice: 0.841239245608449
  cityscapes_jaccard_macro: 0.33064368180930614
  cityscapes_jaccard_micro: 0.7929225899279118

2024-06-21 14:34:42,545 - INFO - Epoch 18/120
2024-06-21 14:35:07,117 - INFO - Train Stats
Loss:
  total: 0.33924858272075653
Metrics:
  cityscapes_dice: 0.8573200523853302
  cityscapes_jaccard_macro: 0.3688505858182907
  cityscapes_jaccard_micro: 0.8238959074020386

2024-06-21 14:35:34,360 - INFO - Validation Stats
Loss:
  total: 0.3980403561145067
Metrics:
  cityscapes_dice: 0.843805331736803
  cityscapes_jaccard_macro: 0.3422366911545396
  cityscapes_jaccard_micro: 0.7976681515574455

2024-06-21 14:35:44,163 - INFO - Epoch 19/120
2024-06-21 14:36:08,692 - INFO - Train Stats
Loss:
  total: 0.34072631001472475
Metrics:
  cityscapes_dice: 0.8580144286155701
  cityscapes_jaccard_macro: 0.3883569806814194
  cityscapes_jaccard_micro: 0.8256717383861542

2024-06-21 14:36:34,364 - INFO - Validation Stats
Loss:
  total: 0.40092496387660503
Metrics:
  cityscapes_dice: 0.8428157027810812
  cityscapes_jaccard_macro: 0.3454464301466942
  cityscapes_jaccard_micro: 0.7962140794843435

2024-06-21 14:36:34,365 - INFO - Epoch 20/120
2024-06-21 14:36:59,083 - INFO - Train Stats
Loss:
  total: 0.3193238690495491
Metrics:
  cityscapes_dice: 0.8613817572593689
  cityscapes_jaccard_macro: 0.3733347594738007
  cityscapes_jaccard_micro: 0.8322482883930207

2024-06-21 14:37:27,838 - INFO - Validation Stats
Loss:
  total: 0.39011096954345703
Metrics:
  cityscapes_dice: 0.8443273715674877
  cityscapes_jaccard_macro: 0.3493976704776287
  cityscapes_jaccard_micro: 0.7990453485399485

2024-06-21 14:37:44,625 - INFO - Epoch 21/120
2024-06-21 14:38:09,197 - INFO - Train Stats
Loss:
  total: 0.3221524089574814
Metrics:
  cityscapes_dice: 0.8612273693084717
  cityscapes_jaccard_macro: 0.38691312074661255
  cityscapes_jaccard_micro: 0.8306499421596527

2024-06-21 14:38:35,941 - INFO - Validation Stats
Loss:
  total: 0.39131272304803133
Metrics:
  cityscapes_dice: 0.8450563065707684
  cityscapes_jaccard_macro: 0.3540345709770918
  cityscapes_jaccard_micro: 0.7993071302771568

2024-06-21 14:38:35,941 - INFO - Epoch 22/120
2024-06-21 14:39:01,063 - INFO - Train Stats
Loss:
  total: 0.31392568051815034
Metrics:
  cityscapes_dice: 0.8627931535243988
  cityscapes_jaccard_macro: 0.40263505280017853
  cityscapes_jaccard_micro: 0.831633573770523

2024-06-21 14:39:30,485 - INFO - Validation Stats
Loss:
  total: 0.38552230782806873
Metrics:
  cityscapes_dice: 0.8465343303978443
  cityscapes_jaccard_macro: 0.3563201501965523
  cityscapes_jaccard_micro: 0.800433911383152

2024-06-21 14:39:38,158 - INFO - Epoch 23/120
2024-06-21 14:40:02,516 - INFO - Train Stats
Loss:
  total: 0.3009540766477585
Metrics:
  cityscapes_dice: 0.8663855969905854
  cityscapes_jaccard_macro: 0.39557806253433225
  cityscapes_jaccard_micro: 0.8394848883152009

2024-06-21 14:40:30,082 - INFO - Validation Stats
Loss:
  total: 0.37792210280895233
Metrics:
  cityscapes_dice: 0.8473261799663305
  cityscapes_jaccard_macro: 0.3567259106785059
  cityscapes_jaccard_micro: 0.8030649125576019

2024-06-21 14:40:37,291 - INFO - Epoch 24/120
2024-06-21 14:41:02,588 - INFO - Train Stats
Loss:
  total: 0.30991740226745607
Metrics:
  cityscapes_dice: 0.8625846326351165
  cityscapes_jaccard_macro: 0.3981793522834778
  cityscapes_jaccard_micro: 0.8334839642047882

2024-06-21 14:41:33,213 - INFO - Validation Stats
Loss:
  total: 0.36374279111623764
Metrics:
  cityscapes_dice: 0.8502668179571629
  cityscapes_jaccard_macro: 0.3606524718925357
  cityscapes_jaccard_micro: 0.8089605160057545

2024-06-21 14:41:40,372 - INFO - Epoch 25/120
2024-06-21 14:42:06,591 - INFO - Train Stats
Loss:
  total: 0.27716503441333773
Metrics:
  cityscapes_dice: 0.8716404736042023
  cityscapes_jaccard_macro: 0.3991106539964676
  cityscapes_jaccard_micro: 0.8493259251117706

2024-06-21 14:42:32,526 - INFO - Validation Stats
Loss:
  total: 0.36453547794371843
Metrics:
  cityscapes_dice: 0.8507773168385029
  cityscapes_jaccard_macro: 0.3634385000914335
  cityscapes_jaccard_micro: 0.8084825295954943

2024-06-21 14:42:32,526 - INFO - Epoch 26/120
2024-06-21 14:42:57,112 - INFO - Train Stats
Loss:
  total: 0.2861594095826149
Metrics:
  cityscapes_dice: 0.8694887816905975
  cityscapes_jaccard_macro: 0.4157532274723053
  cityscapes_jaccard_micro: 0.8458548069000245

2024-06-21 14:43:29,209 - INFO - Validation Stats
Loss:
  total: 0.3617998771369457
Metrics:
  cityscapes_dice: 0.8511214461177588
  cityscapes_jaccard_macro: 0.37425511609762907
  cityscapes_jaccard_micro: 0.8083835188299417

2024-06-21 14:43:36,463 - INFO - Epoch 27/120
2024-06-21 14:44:00,884 - INFO - Train Stats
Loss:
  total: 0.27081774175167084
Metrics:
  cityscapes_dice: 0.8712122559547424
  cityscapes_jaccard_macro: 0.4128382712602615
  cityscapes_jaccard_micro: 0.8504160702228546

2024-06-21 14:44:30,811 - INFO - Validation Stats
Loss:
  total: 0.35514550749212503
Metrics:
  cityscapes_dice: 0.8525334093719721
  cityscapes_jaccard_macro: 0.3689906895160675
  cityscapes_jaccard_micro: 0.8117927685379982

2024-06-21 14:44:39,357 - INFO - Epoch 28/120
2024-06-21 14:45:03,826 - INFO - Train Stats
Loss:
  total: 0.27382121980190277
Metrics:
  cityscapes_dice: 0.871837568283081
  cityscapes_jaccard_macro: 0.4171655148267746
  cityscapes_jaccard_micro: 0.8490125596523285

2024-06-21 14:45:33,635 - INFO - Validation Stats
Loss:
  total: 0.3650238551199436
Metrics:
  cityscapes_dice: 0.8506137616932392
  cityscapes_jaccard_macro: 0.376342348754406
  cityscapes_jaccard_micro: 0.8078718949109316

2024-06-21 14:45:33,635 - INFO - Epoch 29/120
2024-06-21 14:45:59,926 - INFO - Train Stats
Loss:
  total: 0.2642559975385666
Metrics:
  cityscapes_dice: 0.8723151922225952
  cityscapes_jaccard_macro: 0.4218883991241455
  cityscapes_jaccard_micro: 0.8527546465396881

2024-06-21 14:46:25,630 - INFO - Validation Stats
Loss:
  total: 0.36366019770503044
Metrics:
  cityscapes_dice: 0.8490654565393925
  cityscapes_jaccard_macro: 0.37292930483818054
  cityscapes_jaccard_micro: 0.8073947988450527

2024-06-21 14:46:25,630 - INFO - Epoch 30/120
2024-06-21 14:46:50,097 - INFO - Train Stats
Loss:
  total: 0.2694210633635521
Metrics:
  cityscapes_dice: 0.8739835858345032
  cityscapes_jaccard_macro: 0.420161709189415
  cityscapes_jaccard_micro: 0.8512230217456818

2024-06-21 14:47:16,090 - INFO - Validation Stats
Loss:
  total: 0.35696805734187365
Metrics:
  cityscapes_dice: 0.8508093468844891
  cityscapes_jaccard_macro: 0.3731521861627698
  cityscapes_jaccard_micro: 0.8102302253246307

2024-06-21 14:47:28,926 - INFO - Epoch 31/120
2024-06-21 14:47:53,767 - INFO - Train Stats
Loss:
  total: 0.26825587302446363
Metrics:
  cityscapes_dice: 0.8715831339359283
  cityscapes_jaccard_macro: 0.4252794414758682
  cityscapes_jaccard_micro: 0.8530364871025086

2024-06-21 14:48:18,203 - INFO - Validation Stats
Loss:
  total: 0.3437780737876892
Metrics:
  cityscapes_dice: 0.8551129270344973
  cityscapes_jaccard_macro: 0.37321275286376476
  cityscapes_jaccard_micro: 0.8158026188611984

2024-06-21 14:48:26,275 - INFO - Epoch 32/120
2024-06-21 14:48:52,342 - INFO - Train Stats
Loss:
  total: 0.2581972718238831
Metrics:
  cityscapes_dice: 0.8724037766456604
  cityscapes_jaccard_macro: 0.42316349148750304
  cityscapes_jaccard_micro: 0.8549446821212768

2024-06-21 14:49:20,597 - INFO - Validation Stats
Loss:
  total: 0.36337330006062984
Metrics:
  cityscapes_dice: 0.8491648882627487
  cityscapes_jaccard_macro: 0.37850651517510414
  cityscapes_jaccard_micro: 0.8067032862454653

2024-06-21 14:49:20,598 - INFO - Epoch 33/120
2024-06-21 14:49:45,781 - INFO - Train Stats
Loss:
  total: 0.25825354754924773
Metrics:
  cityscapes_dice: 0.8750735580921173
  cityscapes_jaccard_macro: 0.42628578245639803
  cityscapes_jaccard_micro: 0.8551077783107758

2024-06-21 14:50:15,845 - INFO - Validation Stats
Loss:
  total: 0.34473278746008873
Metrics:
  cityscapes_dice: 0.8532295115292072
  cityscapes_jaccard_macro: 0.38139524683356285
  cityscapes_jaccard_micro: 0.8145776353776455

2024-06-21 14:50:15,845 - INFO - Epoch 34/120
2024-06-21 14:50:40,278 - INFO - Train Stats
Loss:
  total: 0.25437560230493544
Metrics:
  cityscapes_dice: 0.8762764692306518
  cityscapes_jaccard_macro: 0.4302453935146332
  cityscapes_jaccard_micro: 0.8561417758464813

2024-06-21 14:51:04,644 - INFO - Validation Stats
Loss:
  total: 0.3523514475673437
Metrics:
  cityscapes_dice: 0.8525441531091928
  cityscapes_jaccard_macro: 0.3842813791707158
  cityscapes_jaccard_micro: 0.8109554592519999

2024-06-21 14:51:04,645 - INFO - Epoch 35/120
2024-06-21 14:51:30,174 - INFO - Train Stats
Loss:
  total: 0.24092234224081038
Metrics:
  cityscapes_dice: 0.8796146035194397
  cityscapes_jaccard_macro: 0.428633975982666
  cityscapes_jaccard_micro: 0.8630805492401123

2024-06-21 14:51:56,414 - INFO - Validation Stats
Loss:
  total: 0.33939544297754765
Metrics:
  cityscapes_dice: 0.8539996948093176
  cityscapes_jaccard_macro: 0.3714582361280918
  cityscapes_jaccard_micro: 0.8158016931265593

2024-06-21 14:52:03,236 - INFO - Epoch 36/120
2024-06-21 14:52:27,625 - INFO - Train Stats
Loss:
  total: 0.2507734760642052
Metrics:
  cityscapes_dice: 0.8782758831977844
  cityscapes_jaccard_macro: 0.4374488204717636
  cityscapes_jaccard_micro: 0.8597160935401916

2024-06-21 14:52:57,267 - INFO - Validation Stats
Loss:
  total: 0.3412636830471456
Metrics:
  cityscapes_dice: 0.8518487419933081
  cityscapes_jaccard_macro: 0.38409093394875526
  cityscapes_jaccard_micro: 0.8142455946654081

2024-06-21 14:52:57,267 - INFO - Epoch 37/120
2024-06-21 14:53:21,776 - INFO - Train Stats
Loss:
  total: 0.24230331182479858
Metrics:
  cityscapes_dice: 0.8781162142753601
  cityscapes_jaccard_macro: 0.437188982963562
  cityscapes_jaccard_micro: 0.8605438768863678

2024-06-21 14:53:48,215 - INFO - Validation Stats
Loss:
  total: 0.3416390111669898
Metrics:
  cityscapes_dice: 0.8531872071325779
  cityscapes_jaccard_macro: 0.38006332796067
  cityscapes_jaccard_micro: 0.8149812202900648

2024-06-21 14:53:48,215 - INFO - Epoch 38/120
2024-06-21 14:54:12,926 - INFO - Train Stats
Loss:
  total: 0.24478113800287246
Metrics:
  cityscapes_dice: 0.87632315158844
  cityscapes_jaccard_macro: 0.43645356595516205
  cityscapes_jaccard_micro: 0.8595673501491546

2024-06-21 14:54:37,616 - INFO - Validation Stats
Loss:
  total: 0.34411727264523506
Metrics:
  cityscapes_dice: 0.8532855529338121
  cityscapes_jaccard_macro: 0.38141295965760946
  cityscapes_jaccard_micro: 0.813724784180522

2024-06-21 14:54:37,616 - INFO - Epoch 39/120
2024-06-21 14:55:07,360 - INFO - Train Stats
Loss:
  total: 0.23297577500343322
Metrics:
  cityscapes_dice: 0.8799302160739899
  cityscapes_jaccard_macro: 0.4391591250896454
  cityscapes_jaccard_micro: 0.8645281612873077

2024-06-21 14:55:39,037 - INFO - Validation Stats
Loss:
  total: 0.3313961187377572
Metrics:
  cityscapes_dice: 0.8580197710543871
  cityscapes_jaccard_macro: 0.3943690760061145
  cityscapes_jaccard_micro: 0.8202489130198956

2024-06-21 14:55:49,181 - INFO - Epoch 40/120
2024-06-21 14:56:13,557 - INFO - Train Stats
Loss:
  total: 0.24206903725862502
Metrics:
  cityscapes_dice: 0.8764279127120972
  cityscapes_jaccard_macro: 0.43380271792411806
  cityscapes_jaccard_micro: 0.8596962690353394

2024-06-21 14:56:40,453 - INFO - Validation Stats
Loss:
  total: 0.3356449562124908
Metrics:
  cityscapes_dice: 0.8541557509452105
  cityscapes_jaccard_macro: 0.3867445318028331
  cityscapes_jaccard_micro: 0.8162879813462496

2024-06-21 14:56:47,364 - INFO - Epoch 41/120
2024-06-21 14:57:11,906 - INFO - Train Stats
Loss:
  total: 0.22853781878948212
Metrics:
  cityscapes_dice: 0.8808392465114594
  cityscapes_jaccard_macro: 0.4409206956624985
  cityscapes_jaccard_micro: 0.8670445740222931

2024-06-21 14:57:39,741 - INFO - Validation Stats
Loss:
  total: 0.3339835233055055
Metrics:
  cityscapes_dice: 0.8552139773964882
  cityscapes_jaccard_macro: 0.382970062084496
  cityscapes_jaccard_micro: 0.8173050731420517

2024-06-21 14:57:39,741 - INFO - Epoch 42/120
2024-06-21 14:58:04,152 - INFO - Train Stats
Loss:
  total: 0.23814232945442199
Metrics:
  cityscapes_dice: 0.8766746699810029
  cityscapes_jaccard_macro: 0.4449758917093277
  cityscapes_jaccard_micro: 0.8605861365795135

2024-06-21 14:58:31,979 - INFO - Validation Stats
Loss:
  total: 0.33154376642778516
Metrics:
  cityscapes_dice: 0.8573296181857586
  cityscapes_jaccard_macro: 0.3929934371262789
  cityscapes_jaccard_micro: 0.8183750491589308

2024-06-21 14:58:31,979 - INFO - Epoch 43/120
2024-06-21 14:58:56,631 - INFO - Train Stats
Loss:
  total: 0.22955387979745864
Metrics:
  cityscapes_dice: 0.8793055951595307
  cityscapes_jaccard_macro: 0.44321500360965727
  cityscapes_jaccard_micro: 0.8651101529598236

2024-06-21 14:59:24,333 - INFO - Validation Stats
Loss:
  total: 0.33838740922510624
Metrics:
  cityscapes_dice: 0.8525381963700056
  cityscapes_jaccard_macro: 0.38731955271214247
  cityscapes_jaccard_micro: 0.8141683712601662

2024-06-21 14:59:24,333 - INFO - Epoch 44/120
2024-06-21 14:59:49,095 - INFO - Train Stats
Loss:
  total: 0.23105024546384811
Metrics:
  cityscapes_dice: 0.8802237927913665
  cityscapes_jaccard_macro: 0.448279595375061
  cityscapes_jaccard_micro: 0.8642844021320343

2024-06-21 15:00:16,444 - INFO - Validation Stats
Loss:
  total: 0.33499902253970504
Metrics:
  cityscapes_dice: 0.8557045832276344
  cityscapes_jaccard_macro: 0.38439356815069914
  cityscapes_jaccard_micro: 0.8163344748318195

2024-06-21 15:00:16,444 - INFO - Epoch 45/120
2024-06-21 15:00:41,357 - INFO - Train Stats
Loss:
  total: 0.22299785315990447
Metrics:
  cityscapes_dice: 0.8797546446323394
  cityscapes_jaccard_macro: 0.46105252802371977
  cityscapes_jaccard_micro: 0.86761195063591

2024-06-21 15:01:07,175 - INFO - Validation Stats
Loss:
  total: 0.3224863028153777
Metrics:
  cityscapes_dice: 0.8588807322084904
  cityscapes_jaccard_macro: 0.3937288448214531
  cityscapes_jaccard_micro: 0.8231124579906464

2024-06-21 15:01:20,160 - INFO - Epoch 46/120
2024-06-21 15:01:44,839 - INFO - Train Stats
Loss:
  total: 0.2187890127301216
Metrics:
  cityscapes_dice: 0.8840191066265106
  cityscapes_jaccard_macro: 0.45534042418003084
  cityscapes_jaccard_micro: 0.8712084591388702

2024-06-21 15:02:09,522 - INFO - Validation Stats
Loss:
  total: 0.32057408709079027
Metrics:
  cityscapes_dice: 0.8585417754948139
  cityscapes_jaccard_macro: 0.3951685409992933
  cityscapes_jaccard_micro: 0.822074281051755

2024-06-21 15:02:16,012 - INFO - Epoch 47/120
2024-06-21 15:02:40,976 - INFO - Train Stats
Loss:
  total: 0.21459299921989441
Metrics:
  cityscapes_dice: 0.8837415158748627
  cityscapes_jaccard_macro: 0.45936320424079896
  cityscapes_jaccard_micro: 0.8739455759525299

2024-06-21 15:03:06,224 - INFO - Validation Stats
Loss:
  total: 0.33174661733210087
Metrics:
  cityscapes_dice: 0.8547190688550472
  cityscapes_jaccard_macro: 0.3916769688948989
  cityscapes_jaccard_micro: 0.8178897704929113

2024-06-21 15:03:06,224 - INFO - Epoch 48/120
2024-06-21 15:03:30,526 - INFO - Train Stats
Loss:
  total: 0.21775119751691818
Metrics:
  cityscapes_dice: 0.883630782365799
  cityscapes_jaccard_macro: 0.47253108620643614
  cityscapes_jaccard_micro: 0.8718117117881775

2024-06-21 15:03:57,861 - INFO - Validation Stats
Loss:
  total: 0.3207672694697976
Metrics:
  cityscapes_dice: 0.8577654138207436
  cityscapes_jaccard_macro: 0.3892903318628669
  cityscapes_jaccard_micro: 0.8224461916834116

2024-06-21 15:03:57,861 - INFO - Epoch 49/120
2024-06-21 15:04:23,988 - INFO - Train Stats
Loss:
  total: 0.2146511495113373
Metrics:
  cityscapes_dice: 0.8831351637840271
  cityscapes_jaccard_macro: 0.48861575722694395
  cityscapes_jaccard_micro: 0.8727445721626281

2024-06-21 15:04:54,126 - INFO - Validation Stats
Loss:
  total: 0.3215841487981379
Metrics:
  cityscapes_dice: 0.8574004713445902
  cityscapes_jaccard_macro: 0.4006492868065834
  cityscapes_jaccard_micro: 0.8215104974806309

2024-06-21 15:04:54,126 - INFO - Epoch 50/120
2024-06-21 15:05:18,832 - INFO - Train Stats
Loss:
  total: 0.21784050166606903
Metrics:
  cityscapes_dice: 0.8803336322307587
  cityscapes_jaccard_macro: 0.5046593993902206
  cityscapes_jaccard_micro: 0.8721277177333832

2024-06-21 15:05:46,958 - INFO - Validation Stats
Loss:
  total: 0.32972324173897505
Metrics:
  cityscapes_dice: 0.8552418425679207
  cityscapes_jaccard_macro: 0.4032119521871209
  cityscapes_jaccard_micro: 0.8176402449607849

2024-06-21 15:05:54,387 - INFO - Epoch 51/120
2024-06-21 15:06:18,879 - INFO - Train Stats
Loss:
  total: 0.2056892678141594
Metrics:
  cityscapes_dice: 0.8871206402778625
  cityscapes_jaccard_macro: 0.4859549432992935
  cityscapes_jaccard_micro: 0.8790822088718414

2024-06-21 15:06:47,715 - INFO - Validation Stats
Loss:
  total: 0.312474996317178
Metrics:
  cityscapes_dice: 0.8602702673524618
  cityscapes_jaccard_macro: 0.4066496342420578
  cityscapes_jaccard_micro: 0.8275650441646576

2024-06-21 15:06:54,829 - INFO - Epoch 52/120
2024-06-21 15:07:19,423 - INFO - Train Stats
Loss:
  total: 0.217657208442688
Metrics:
  cityscapes_dice: 0.881737470626831
  cityscapes_jaccard_macro: 0.4729005068540573
  cityscapes_jaccard_micro: 0.8698644399642944

2024-06-21 15:07:47,553 - INFO - Validation Stats
Loss:
  total: 0.31627636309713125
Metrics:
  cityscapes_dice: 0.8597894627600908
  cityscapes_jaccard_macro: 0.4068633336573839
  cityscapes_jaccard_micro: 0.8247454892843962

2024-06-21 15:07:47,553 - INFO - Epoch 53/120
2024-06-21 15:08:12,748 - INFO - Train Stats
Loss:
  total: 0.21558377891778946
Metrics:
  cityscapes_dice: 0.884388905763626
  cityscapes_jaccard_macro: 0.4966138780117035
  cityscapes_jaccard_micro: 0.8724079072475434

2024-06-21 15:08:38,637 - INFO - Validation Stats
Loss:
  total: 0.3193564717657864
Metrics:
  cityscapes_dice: 0.8584265187382698
  cityscapes_jaccard_macro: 0.4104200294241309
  cityscapes_jaccard_micro: 0.8223988339304924

2024-06-21 15:08:38,637 - INFO - Epoch 54/120
2024-06-21 15:09:03,029 - INFO - Train Stats
Loss:
  total: 0.20427591651678084
Metrics:
  cityscapes_dice: 0.8879051744937897
  cityscapes_jaccard_macro: 0.48891968131065366
  cityscapes_jaccard_micro: 0.8796046495437622

2024-06-21 15:09:33,139 - INFO - Validation Stats
Loss:
  total: 0.32306093676015735
Metrics:
  cityscapes_dice: 0.8566978685557842
  cityscapes_jaccard_macro: 0.4159032916650176
  cityscapes_jaccard_micro: 0.8207739423960447

2024-06-21 15:09:33,139 - INFO - Epoch 55/120
2024-06-21 15:09:57,556 - INFO - Train Stats
Loss:
  total: 0.20172762274742126
Metrics:
  cityscapes_dice: 0.8870835185050965
  cityscapes_jaccard_macro: 0.4838653415441513
  cityscapes_jaccard_micro: 0.8822079777717591

2024-06-21 15:10:23,574 - INFO - Validation Stats
Loss:
  total: 0.32293567014858127
Metrics:
  cityscapes_dice: 0.8579113222658634
  cityscapes_jaccard_macro: 0.416528670117259
  cityscapes_jaccard_micro: 0.8222689833492041

2024-06-21 15:10:23,574 - INFO - Epoch 56/120
2024-06-21 15:10:48,042 - INFO - Train Stats
Loss:
  total: 0.20589430034160613
Metrics:
  cityscapes_dice: 0.8891392290592194
  cityscapes_jaccard_macro: 0.5060647398233413
  cityscapes_jaccard_micro: 0.8793116927146911

2024-06-21 15:11:14,611 - INFO - Validation Stats
Loss:
  total: 0.3186436304822564
Metrics:
  cityscapes_dice: 0.8585070241242647
  cityscapes_jaccard_macro: 0.4122431017458439
  cityscapes_jaccard_micro: 0.8230714611709118

2024-06-21 15:11:14,611 - INFO - Epoch 57/120
2024-06-21 15:11:39,061 - INFO - Train Stats
Loss:
  total: 0.20229040384292601
Metrics:
  cityscapes_dice: 0.8904208838939667
  cityscapes_jaccard_macro: 0.5067928612232209
  cityscapes_jaccard_micro: 0.881160455942154

2024-06-21 15:12:05,955 - INFO - Validation Stats
Loss:
  total: 0.3181367749348283
Metrics:
  cityscapes_dice: 0.8585264515131712
  cityscapes_jaccard_macro: 0.41986025497317314
  cityscapes_jaccard_micro: 0.8230775240808725

2024-06-21 15:12:05,955 - INFO - Epoch 58/120
2024-06-21 15:12:30,514 - INFO - Train Stats
Loss:
  total: 0.2016104653477669
Metrics:
  cityscapes_dice: 0.8909746468067169
  cityscapes_jaccard_macro: 0.5023511707782745
  cityscapes_jaccard_micro: 0.8819598853588104

2024-06-21 15:12:54,871 - INFO - Validation Stats
Loss:
  total: 0.31539271492511034
Metrics:
  cityscapes_dice: 0.8612594213336706
  cityscapes_jaccard_macro: 0.41998575907200575
  cityscapes_jaccard_micro: 0.825464429333806

2024-06-21 15:12:54,871 - INFO - Epoch 59/120
2024-06-21 15:13:19,372 - INFO - Train Stats
Loss:
  total: 0.1965323805809021
Metrics:
  cityscapes_dice: 0.8915466129779815
  cityscapes_jaccard_macro: 0.5259591788053513
  cityscapes_jaccard_micro: 0.8839759707450867

2024-06-21 15:13:48,460 - INFO - Validation Stats
Loss:
  total: 0.3174984734505415
Metrics:
  cityscapes_dice: 0.8588445819914341
  cityscapes_jaccard_macro: 0.4186685737222433
  cityscapes_jaccard_micro: 0.8242057673633099

2024-06-21 15:13:48,460 - INFO - Epoch 60/120
2024-06-21 15:14:12,810 - INFO - Train Stats
Loss:
  total: 0.1979628399014473
Metrics:
  cityscapes_dice: 0.8887171149253845
  cityscapes_jaccard_macro: 0.5280548632144928
  cityscapes_jaccard_micro: 0.8825206220149994

2024-06-21 15:14:38,184 - INFO - Validation Stats
Loss:
  total: 0.3174449447542429
Metrics:
  cityscapes_dice: 0.8590491134673357
  cityscapes_jaccard_macro: 0.4190237885341048
  cityscapes_jaccard_micro: 0.8240092694759369

2024-06-21 15:14:44,924 - INFO - Epoch 61/120
2024-06-21 15:15:09,602 - INFO - Train Stats
Loss:
  total: 0.19750285446643828
Metrics:
  cityscapes_dice: 0.8895576357841491
  cityscapes_jaccard_macro: 0.5301915675401687
  cityscapes_jaccard_micro: 0.8838866174221038

2024-06-21 15:15:34,435 - INFO - Validation Stats
Loss:
  total: 0.32313082087785006
Metrics:
  cityscapes_dice: 0.8578682094812393
  cityscapes_jaccard_macro: 0.4225028892979026
  cityscapes_jaccard_micro: 0.8217802289873362

2024-06-21 15:15:34,435 - INFO - Epoch 62/120
2024-06-21 15:15:59,089 - INFO - Train Stats
Loss:
  total: 0.19889930486679078
Metrics:
  cityscapes_dice: 0.889171814918518
  cityscapes_jaccard_macro: 0.5319216221570968
  cityscapes_jaccard_micro: 0.8828523874282836

2024-06-21 15:16:25,524 - INFO - Validation Stats
Loss:
  total: 0.30984907085075974
Metrics:
  cityscapes_dice: 0.8619662802666426
  cityscapes_jaccard_macro: 0.4307932546362281
  cityscapes_jaccard_micro: 0.8276992663741112

2024-06-21 15:16:32,718 - INFO - Epoch 63/120
2024-06-21 15:16:57,277 - INFO - Train Stats
Loss:
  total: 0.19383269399404526
Metrics:
  cityscapes_dice: 0.8906583070755005
  cityscapes_jaccard_macro: 0.5369126409292221
  cityscapes_jaccard_micro: 0.8852467477321625

2024-06-21 15:17:24,257 - INFO - Validation Stats
Loss:
  total: 0.31178306275978684
Metrics:
  cityscapes_dice: 0.8617889974266291
  cityscapes_jaccard_macro: 0.4255954856052995
  cityscapes_jaccard_micro: 0.825897891074419

2024-06-21 15:17:24,257 - INFO - Epoch 64/120
2024-06-21 15:17:48,869 - INFO - Train Stats
Loss:
  total: 0.19590161144733428
Metrics:
  cityscapes_dice: 0.8910713791847229
  cityscapes_jaccard_macro: 0.5542886972427368
  cityscapes_jaccard_micro: 0.8848997414112091

2024-06-21 15:18:16,402 - INFO - Validation Stats
Loss:
  total: 0.2994336783885956
Metrics:
  cityscapes_dice: 0.8631683196872473
  cityscapes_jaccard_macro: 0.42873030435293913
  cityscapes_jaccard_micro: 0.8315929044038057

2024-06-21 15:18:23,176 - INFO - Epoch 65/120
2024-06-21 15:18:47,716 - INFO - Train Stats
Loss:
  total: 0.1883153036236763
Metrics:
  cityscapes_dice: 0.8918052434921264
  cityscapes_jaccard_macro: 0.5355540752410889
  cityscapes_jaccard_micro: 0.8884880661964416

2024-06-21 15:19:15,355 - INFO - Validation Stats
Loss:
  total: 0.3038265332579613
Metrics:
  cityscapes_dice: 0.8617231193929911
  cityscapes_jaccard_macro: 0.4291937770321965
  cityscapes_jaccard_micro: 0.8301291633397341

2024-06-21 15:19:15,355 - INFO - Epoch 66/120
2024-06-21 15:19:40,008 - INFO - Train Stats
Loss:
  total: 0.20070575624704362
Metrics:
  cityscapes_dice: 0.8890142023563385
  cityscapes_jaccard_macro: 0.5431288778781891
  cityscapes_jaccard_micro: 0.8815786600112915

2024-06-21 15:20:04,915 - INFO - Validation Stats
Loss:
  total: 0.31047703279182315
Metrics:
  cityscapes_dice: 0.861413549631834
  cityscapes_jaccard_macro: 0.42520384676754475
  cityscapes_jaccard_micro: 0.8270260747522116

2024-06-21 15:20:04,915 - INFO - Epoch 67/120
2024-06-21 15:20:29,278 - INFO - Train Stats
Loss:
  total: 0.18556840866804122
Metrics:
  cityscapes_dice: 0.8918358147144317
  cityscapes_jaccard_macro: 0.5475388526916504
  cityscapes_jaccard_micro: 0.8897914528846741

2024-06-21 15:20:57,093 - INFO - Validation Stats
Loss:
  total: 0.31479197880253196
Metrics:
  cityscapes_dice: 0.8585390225052834
  cityscapes_jaccard_macro: 0.4283636501058936
  cityscapes_jaccard_micro: 0.8249216787517071

2024-06-21 15:20:57,093 - INFO - Epoch 68/120
2024-06-21 15:21:21,518 - INFO - Train Stats
Loss:
  total: 0.1910160943865776
Metrics:
  cityscapes_dice: 0.8920600116252899
  cityscapes_jaccard_macro: 0.5471565961837769
  cityscapes_jaccard_micro: 0.8870395958423615

2024-06-21 15:21:49,300 - INFO - Validation Stats
Loss:
  total: 0.3073565009981394
Metrics:
  cityscapes_dice: 0.8634338043630123
  cityscapes_jaccard_macro: 0.4340818887576461
  cityscapes_jaccard_micro: 0.8291594441980124

2024-06-21 15:21:49,300 - INFO - Epoch 69/120
2024-06-21 15:22:14,349 - INFO - Train Stats
Loss:
  total: 0.18444699347019194
Metrics:
  cityscapes_dice: 0.8933428943157196
  cityscapes_jaccard_macro: 0.5549215257167817
  cityscapes_jaccard_micro: 0.890393191576004

2024-06-21 15:22:40,173 - INFO - Validation Stats
Loss:
  total: 0.30987399304285645
Metrics:
  cityscapes_dice: 0.8612509742379189
  cityscapes_jaccard_macro: 0.4318926865234971
  cityscapes_jaccard_micro: 0.826672088354826

2024-06-21 15:22:40,173 - INFO - Epoch 70/120
2024-06-21 15:23:04,747 - INFO - Train Stats
Loss:
  total: 0.19484718143939972
Metrics:
  cityscapes_dice: 0.8910507321357727
  cityscapes_jaccard_macro: 0.5370533555746079
  cityscapes_jaccard_micro: 0.8851728737354279

2024-06-21 15:23:34,189 - INFO - Validation Stats
Loss:
  total: 0.3055373886600137
Metrics:
  cityscapes_dice: 0.8628539405763149
  cityscapes_jaccard_macro: 0.43747198209166527
  cityscapes_jaccard_micro: 0.8298010174185038

2024-06-21 15:23:41,030 - INFO - Epoch 71/120
2024-06-21 15:24:05,607 - INFO - Train Stats
Loss:
  total: 0.18489041775465012
Metrics:
  cityscapes_dice: 0.8939121127128601
  cityscapes_jaccard_macro: 0.5498641967773438
  cityscapes_jaccard_micro: 0.8894726693630218

2024-06-21 15:24:31,326 - INFO - Validation Stats
Loss:
  total: 0.3068314050324261
Metrics:
  cityscapes_dice: 0.860773716121912
  cityscapes_jaccard_macro: 0.4353580055758357
  cityscapes_jaccard_micro: 0.8276883140206337

2024-06-21 15:24:31,326 - INFO - Epoch 72/120
2024-06-21 15:24:55,966 - INFO - Train Stats
Loss:
  total: 0.1858029246330261
Metrics:
  cityscapes_dice: 0.8922512769699097
  cityscapes_jaccard_macro: 0.5365024685859681
  cityscapes_jaccard_micro: 0.8897251427173615

2024-06-21 15:25:21,800 - INFO - Validation Stats
Loss:
  total: 0.3046564017422497
Metrics:
  cityscapes_dice: 0.8621068634092808
  cityscapes_jaccard_macro: 0.435658760368824
  cityscapes_jaccard_micro: 0.8302459418773651

2024-06-21 15:25:21,800 - INFO - Epoch 73/120
2024-06-21 15:25:46,284 - INFO - Train Stats
Loss:
  total: 0.17978957295417786
Metrics:
  cityscapes_dice: 0.8943067252635956
  cityscapes_jaccard_macro: 0.5393966913223267
  cityscapes_jaccard_micro: 0.8925116300582886

2024-06-21 15:26:18,963 - INFO - Validation Stats
Loss:
  total: 0.3079457567073405
Metrics:
  cityscapes_dice: 0.8609736952930689
  cityscapes_jaccard_macro: 0.4358749631792307
  cityscapes_jaccard_micro: 0.8268834035843611

2024-06-21 15:26:18,963 - INFO - Epoch 74/120
2024-06-21 15:26:43,479 - INFO - Train Stats
Loss:
  total: 0.1920900136232376
Metrics:
  cityscapes_dice: 0.8911162972450256
  cityscapes_jaccard_macro: 0.5386197209358216
  cityscapes_jaccard_micro: 0.8846309602260589

2024-06-21 15:27:09,621 - INFO - Validation Stats
Loss:
  total: 0.3055343986488879
Metrics:
  cityscapes_dice: 0.8639335241168737
  cityscapes_jaccard_macro: 0.43450042232871056
  cityscapes_jaccard_micro: 0.8297963067889214

2024-06-21 15:27:09,621 - INFO - Epoch 75/120
2024-06-21 15:27:34,343 - INFO - Train Stats
Loss:
  total: 0.18711117058992385
Metrics:
  cityscapes_dice: 0.8936241388320922
  cityscapes_jaccard_macro: 0.5663934826850892
  cityscapes_jaccard_micro: 0.8888904750347137

2024-06-21 15:28:00,370 - INFO - Validation Stats
Loss:
  total: 0.3136049616150558
Metrics:
  cityscapes_dice: 0.8618231620639563
  cityscapes_jaccard_macro: 0.43589472956955433
  cityscapes_jaccard_micro: 0.8274176344275475

2024-06-21 15:28:00,371 - INFO - Epoch 76/120
2024-06-21 15:28:24,920 - INFO - Train Stats
Loss:
  total: 0.18169485181570053
Metrics:
  cityscapes_dice: 0.8936718583106995
  cityscapes_jaccard_macro: 0.5499156832695007
  cityscapes_jaccard_micro: 0.8921482384204864

2024-06-21 15:28:51,180 - INFO - Validation Stats
Loss:
  total: 0.31212406465783715
Metrics:
  cityscapes_dice: 0.8611716795712709
  cityscapes_jaccard_macro: 0.4389524171128869
  cityscapes_jaccard_micro: 0.8272081781178713

2024-06-21 15:28:51,180 - INFO - Epoch 77/120
2024-06-21 15:29:17,814 - INFO - Train Stats
Loss:
  total: 0.18144110292196275
Metrics:
  cityscapes_dice: 0.8928679704666138
  cityscapes_jaccard_macro: 0.5506465435028076
  cityscapes_jaccard_micro: 0.8911569654941559

2024-06-21 15:29:44,995 - INFO - Validation Stats
Loss:
  total: 0.31439232220873237
Metrics:
  cityscapes_dice: 0.8593456894159317
  cityscapes_jaccard_macro: 0.43035938590765
  cityscapes_jaccard_micro: 0.8249649200588465

2024-06-21 15:29:44,996 - INFO - Epoch 78/120
2024-06-21 15:30:09,405 - INFO - Train Stats
Loss:
  total: 0.17634117007255554
Metrics:
  cityscapes_dice: 0.8960029006004333
  cityscapes_jaccard_macro: 0.5492968022823334
  cityscapes_jaccard_micro: 0.8942171454429626

2024-06-21 15:30:36,774 - INFO - Validation Stats
Loss:
  total: 0.30486485129222274
Metrics:
  cityscapes_dice: 0.8632858004420996
  cityscapes_jaccard_macro: 0.44071587920188904
  cityscapes_jaccard_micro: 0.8294952921569347

2024-06-21 15:30:36,774 - INFO - Epoch 79/120
2024-06-21 15:31:01,241 - INFO - Train Stats
Loss:
  total: 0.1745253473520279
Metrics:
  cityscapes_dice: 0.8964032888412475
  cityscapes_jaccard_macro: 0.558025786280632
  cityscapes_jaccard_micro: 0.8955675780773162

2024-06-21 15:31:27,002 - INFO - Validation Stats
Loss:
  total: 0.3151248823851347
Metrics:
  cityscapes_dice: 0.859017513692379
  cityscapes_jaccard_macro: 0.42878254503011703
  cityscapes_jaccard_micro: 0.8250249940901995

2024-06-21 15:31:27,002 - INFO - Epoch 80/120
2024-06-21 15:31:51,475 - INFO - Train Stats
Loss:
  total: 0.17699748575687407
Metrics:
  cityscapes_dice: 0.8961348295211792
  cityscapes_jaccard_macro: 0.5495115935802459
  cityscapes_jaccard_micro: 0.8937748372554779

2024-06-21 15:32:16,356 - INFO - Validation Stats
Loss:
  total: 0.3167912825010717
Metrics:
  cityscapes_dice: 0.8582463450729847
  cityscapes_jaccard_macro: 0.4371228311210871
  cityscapes_jaccard_micro: 0.8242265675216913

2024-06-21 15:32:23,129 - INFO - Epoch 81/120
2024-06-21 15:32:47,584 - INFO - Train Stats
Loss:
  total: 0.17732343971729278
Metrics:
  cityscapes_dice: 0.8944513916969299
  cityscapes_jaccard_macro: 0.5493124008178711
  cityscapes_jaccard_micro: 0.892773711681366

2024-06-21 15:33:16,046 - INFO - Validation Stats
Loss:
  total: 0.30816278886049986
Metrics:
  cityscapes_dice: 0.8618812952190638
  cityscapes_jaccard_macro: 0.43611984327435493
  cityscapes_jaccard_micro: 0.8287448529154062

2024-06-21 15:33:16,046 - INFO - Epoch 82/120
2024-06-21 15:33:40,581 - INFO - Train Stats
Loss:
  total: 0.1829156056046486
Metrics:
  cityscapes_dice: 0.8932987034320832
  cityscapes_jaccard_macro: 0.5809527158737182
  cityscapes_jaccard_micro: 0.8900414049625397

2024-06-21 15:34:05,005 - INFO - Validation Stats
Loss:
  total: 0.2987945042550564
Metrics:
  cityscapes_dice: 0.863479733467102
  cityscapes_jaccard_macro: 0.44236715137958527
  cityscapes_jaccard_micro: 0.8327432367950678

2024-06-21 15:34:11,700 - INFO - Epoch 83/120
2024-06-21 15:34:36,325 - INFO - Train Stats
Loss:
  total: 0.1760847747325897
Metrics:
  cityscapes_dice: 0.8975254476070404
  cityscapes_jaccard_macro: 0.5580431520938873
  cityscapes_jaccard_micro: 0.8943870663642883

2024-06-21 15:35:02,374 - INFO - Validation Stats
Loss:
  total: 0.31067003775388
Metrics:
  cityscapes_dice: 0.8588103502988815
  cityscapes_jaccard_macro: 0.43182179890573025
  cityscapes_jaccard_micro: 0.8266375213861465

2024-06-21 15:35:02,374 - INFO - Epoch 84/120
2024-06-21 15:35:26,843 - INFO - Train Stats
Loss:
  total: 0.17429739236831665
Metrics:
  cityscapes_dice: 0.8956416368484497
  cityscapes_jaccard_macro: 0.5569180548191071
  cityscapes_jaccard_micro: 0.8951433420181274

2024-06-21 15:35:57,672 - INFO - Validation Stats
Loss:
  total: 0.29703073436394334
Metrics:
  cityscapes_dice: 0.8650301974266768
  cityscapes_jaccard_macro: 0.44426178093999624
  cityscapes_jaccard_micro: 0.8327698744833469

2024-06-21 15:36:04,646 - INFO - Epoch 85/120
2024-06-21 15:36:29,165 - INFO - Train Stats
Loss:
  total: 0.1778967946767807
Metrics:
  cityscapes_dice: 0.8967071413993836
  cityscapes_jaccard_macro: 0.5807163834571838
  cityscapes_jaccard_micro: 0.893669068813324

2024-06-21 15:36:54,507 - INFO - Validation Stats
Loss:
  total: 0.3020971338264644
Metrics:
  cityscapes_dice: 0.8634133506566286
  cityscapes_jaccard_macro: 0.44004910811781883
  cityscapes_jaccard_micro: 0.8310516625642776

2024-06-21 15:36:54,507 - INFO - Epoch 86/120
2024-06-21 15:37:19,840 - INFO - Train Stats
Loss:
  total: 0.1681688666343689
Metrics:
  cityscapes_dice: 0.897646963596344
  cityscapes_jaccard_macro: 0.5761223196983337
  cityscapes_jaccard_micro: 0.8999583721160889

2024-06-21 15:37:46,076 - INFO - Validation Stats
Loss:
  total: 0.2950266283005476
Metrics:
  cityscapes_dice: 0.8652700651437044
  cityscapes_jaccard_macro: 0.44066381175071
  cityscapes_jaccard_micro: 0.8334910981357098

2024-06-21 15:37:50,977 - INFO - Epoch 87/120
2024-06-21 15:38:15,411 - INFO - Train Stats
Loss:
  total: 0.17533496022224426
Metrics:
  cityscapes_dice: 0.893963485956192
  cityscapes_jaccard_macro: 0.5808544218540191
  cityscapes_jaccard_micro: 0.8950525879859924

2024-06-21 15:38:43,459 - INFO - Validation Stats
Loss:
  total: 0.3010595669038594
Metrics:
  cityscapes_dice: 0.8622775487601757
  cityscapes_jaccard_macro: 0.4428801676258445
  cityscapes_jaccard_micro: 0.8313204143196344

2024-06-21 15:38:43,459 - INFO - Epoch 88/120
2024-06-21 15:39:08,781 - INFO - Train Stats
Loss:
  total: 0.17233040183782578
Metrics:
  cityscapes_dice: 0.8960116326808929
  cityscapes_jaccard_macro: 0.5972481161355973
  cityscapes_jaccard_micro: 0.8953977465629578

2024-06-21 15:39:36,364 - INFO - Validation Stats
Loss:
  total: 0.31086856173351407
Metrics:
  cityscapes_dice: 0.8606800753623247
  cityscapes_jaccard_macro: 0.44467870704829693
  cityscapes_jaccard_micro: 0.8261879645287991

2024-06-21 15:39:36,364 - INFO - Epoch 89/120
2024-06-21 15:40:00,965 - INFO - Train Stats
Loss:
  total: 0.17000930905342101
Metrics:
  cityscapes_dice: 0.8965971350669861
  cityscapes_jaccard_macro: 0.5612863898277283
  cityscapes_jaccard_micro: 0.897041517496109

2024-06-21 15:40:30,384 - INFO - Validation Stats
Loss:
  total: 0.3032418224029243
Metrics:
  cityscapes_dice: 0.862631905823946
  cityscapes_jaccard_macro: 0.4443891244009137
  cityscapes_jaccard_micro: 0.8311121892184019

2024-06-21 15:40:30,384 - INFO - Epoch 90/120
2024-06-21 15:40:55,693 - INFO - Train Stats
Loss:
  total: 0.1697302207350731
Metrics:
  cityscapes_dice: 0.8969601988792419
  cityscapes_jaccard_macro: 0.5882372856140137
  cityscapes_jaccard_micro: 0.8980425894260406

2024-06-21 15:41:22,694 - INFO - Validation Stats
Loss:
  total: 0.29173725144937634
Metrics:
  cityscapes_dice: 0.8662243150174618
  cityscapes_jaccard_macro: 0.4434679988771677
  cityscapes_jaccard_micro: 0.8359736129641533

2024-06-21 15:41:43,054 - INFO - Epoch 91/120
2024-06-21 15:42:07,571 - INFO - Train Stats
Loss:
  total: 0.16849019825458528
Metrics:
  cityscapes_dice: 0.8973874270915985
  cityscapes_jaccard_macro: 0.5853242456912995
  cityscapes_jaccard_micro: 0.8976367115974426

2024-06-21 15:42:32,510 - INFO - Validation Stats
Loss:
  total: 0.3061633971519768
Metrics:
  cityscapes_dice: 0.8626390863209963
  cityscapes_jaccard_macro: 0.4467355031520128
  cityscapes_jaccard_micro: 0.8300759047269821

2024-06-21 15:42:32,510 - INFO - Epoch 92/120
2024-06-21 15:42:57,152 - INFO - Train Stats
Loss:
  total: 0.16647084206342697
Metrics:
  cityscapes_dice: 0.8988718867301941
  cityscapes_jaccard_macro: 0.579370641708374
  cityscapes_jaccard_micro: 0.8988133072853088

2024-06-21 15:43:26,370 - INFO - Validation Stats
Loss:
  total: 0.3104550698772073
Metrics:
  cityscapes_dice: 0.8611430488526821
  cityscapes_jaccard_macro: 0.44074916187673807
  cityscapes_jaccard_micro: 0.827063350006938

2024-06-21 15:43:26,370 - INFO - Epoch 93/120
2024-06-21 15:43:50,831 - INFO - Train Stats
Loss:
  total: 0.17121505439281465
Metrics:
  cityscapes_dice: 0.8978385627269745
  cityscapes_jaccard_macro: 0.5767492890357971
  cityscapes_jaccard_micro: 0.8968233287334442

2024-06-21 15:44:17,904 - INFO - Validation Stats
Loss:
  total: 0.298626643139869
Metrics:
  cityscapes_dice: 0.8648988641798496
  cityscapes_jaccard_macro: 0.4364822879433632
  cityscapes_jaccard_micro: 0.8318325337022543

2024-06-21 15:44:17,905 - INFO - Epoch 94/120
2024-06-21 15:44:44,107 - INFO - Train Stats
Loss:
  total: 0.16708976030349731
Metrics:
  cityscapes_dice: 0.8963991940021515
  cityscapes_jaccard_macro: 0.5718968510627747
  cityscapes_jaccard_micro: 0.8983713865280152

2024-06-21 15:45:09,013 - INFO - Validation Stats
Loss:
  total: 0.29770577792078257
Metrics:
  cityscapes_dice: 0.864827673882246
  cityscapes_jaccard_macro: 0.4461300624534488
  cityscapes_jaccard_micro: 0.8324889801442623

2024-06-21 15:45:09,013 - INFO - Epoch 95/120
2024-06-21 15:45:33,567 - INFO - Train Stats
Loss:
  total: 0.17402958124876022
Metrics:
  cityscapes_dice: 0.8940244913101196
  cityscapes_jaccard_macro: 0.5792050302028656
  cityscapes_jaccard_micro: 0.8947340726852417

2024-06-21 15:46:01,202 - INFO - Validation Stats
Loss:
  total: 0.30264926981180906
Metrics:
  cityscapes_dice: 0.8642054293304682
  cityscapes_jaccard_macro: 0.4407620057463646
  cityscapes_jaccard_micro: 0.8320115767419338

2024-06-21 15:46:01,202 - INFO - Epoch 96/120
2024-06-21 15:46:25,695 - INFO - Train Stats
Loss:
  total: 0.1687600702047348
Metrics:
  cityscapes_dice: 0.8997842967510223
  cityscapes_jaccard_macro: 0.5793206453323364
  cityscapes_jaccard_micro: 0.8975714862346649

2024-06-21 15:46:51,482 - INFO - Validation Stats
Loss:
  total: 0.3000374548137188
Metrics:
  cityscapes_dice: 0.8634307514876127
  cityscapes_jaccard_macro: 0.44386725686490536
  cityscapes_jaccard_micro: 0.8317940644919872

2024-06-21 15:46:51,483 - INFO - Epoch 97/120
2024-06-21 15:47:17,056 - INFO - Train Stats
Loss:
  total: 0.17167138308286667
Metrics:
  cityscapes_dice: 0.8954338610172272
  cityscapes_jaccard_macro: 0.5694527268409729
  cityscapes_jaccard_micro: 0.8966655254364013

2024-06-21 15:47:44,021 - INFO - Validation Stats
Loss:
  total: 0.2993893940001726
Metrics:
  cityscapes_dice: 0.8645368181169033
  cityscapes_jaccard_macro: 0.4382235798984766
  cityscapes_jaccard_micro: 0.8323029428720474

2024-06-21 15:47:44,021 - INFO - Epoch 98/120
2024-06-21 15:48:08,376 - INFO - Train Stats
Loss:
  total: 0.1688646212220192
Metrics:
  cityscapes_dice: 0.8979685068130493
  cityscapes_jaccard_macro: 0.5889965653419494
  cityscapes_jaccard_micro: 0.8975857198238373

2024-06-21 15:48:34,777 - INFO - Validation Stats
Loss:
  total: 0.30746016185730696
Metrics:
  cityscapes_dice: 0.8607738502323627
  cityscapes_jaccard_macro: 0.4494563266634941
  cityscapes_jaccard_micro: 0.8281304333359003

2024-06-21 15:48:34,777 - INFO - Epoch 99/120
2024-06-21 15:49:01,151 - INFO - Train Stats
Loss:
  total: 0.16924278885126115
Metrics:
  cityscapes_dice: 0.8972869038581848
  cityscapes_jaccard_macro: 0.5881496906280518
  cityscapes_jaccard_micro: 0.8974447846412659

2024-06-21 15:49:28,704 - INFO - Validation Stats
Loss:
  total: 0.2979153427295387
Metrics:
  cityscapes_dice: 0.8639637809246778
  cityscapes_jaccard_macro: 0.4450963493436575
  cityscapes_jaccard_micro: 0.8323386386036873

2024-06-21 15:49:28,704 - INFO - Epoch 100/120
2024-06-21 15:49:53,280 - INFO - Train Stats
Loss:
  total: 0.16586478054523468
Metrics:
  cityscapes_dice: 0.9004129409790039
  cityscapes_jaccard_macro: 0.5899452477693558
  cityscapes_jaccard_micro: 0.899479728937149

2024-06-21 15:50:22,692 - INFO - Validation Stats
Loss:
  total: 0.29854160360991955
Metrics:
  cityscapes_dice: 0.8634637128561735
  cityscapes_jaccard_macro: 0.4521664921194315
  cityscapes_jaccard_micro: 0.8307963665574789

2024-06-21 15:50:29,609 - INFO - Epoch 101/120
2024-06-21 15:50:54,178 - INFO - Train Stats
Loss:
  total: 0.16646696925163268
Metrics:
  cityscapes_dice: 0.8973802506923676
  cityscapes_jaccard_macro: 0.5796062648296356
  cityscapes_jaccard_micro: 0.8987558901309967

2024-06-21 15:51:22,297 - INFO - Validation Stats
Loss:
  total: 0.2991279810667038
Metrics:
  cityscapes_dice: 0.8636232949793339
  cityscapes_jaccard_macro: 0.44388251565396786
  cityscapes_jaccard_micro: 0.8329975325614214

2024-06-21 15:51:22,297 - INFO - Epoch 102/120
2024-06-21 15:51:49,889 - INFO - Train Stats
Loss:
  total: 0.16298550516366958
Metrics:
  cityscapes_dice: 0.8981016933917999
  cityscapes_jaccard_macro: 0.582872599363327
  cityscapes_jaccard_micro: 0.9010839641094208

2024-06-21 15:52:15,514 - INFO - Validation Stats
Loss:
  total: 0.3011045535095036
Metrics:
  cityscapes_dice: 0.8627152256667614
  cityscapes_jaccard_macro: 0.4423599122092128
  cityscapes_jaccard_micro: 0.8312072902917862

2024-06-21 15:52:15,514 - INFO - Epoch 103/120
2024-06-21 15:52:39,940 - INFO - Train Stats
Loss:
  total: 0.16866851300001146
Metrics:
  cityscapes_dice: 0.8985451042652131
  cityscapes_jaccard_macro: 0.5774183869361877
  cityscapes_jaccard_micro: 0.8975470066070557

2024-06-21 15:53:11,412 - INFO - Validation Stats
Loss:
  total: 0.2994734547100961
Metrics:
  cityscapes_dice: 0.8640803284943104
  cityscapes_jaccard_macro: 0.45144609548151493
  cityscapes_jaccard_micro: 0.8341003730893135

2024-06-21 15:53:11,412 - INFO - Epoch 104/120
2024-06-21 15:53:35,921 - INFO - Train Stats
Loss:
  total: 0.16981495171785355
Metrics:
  cityscapes_dice: 0.8987024545669555
  cityscapes_jaccard_macro: 0.5781301915645599
  cityscapes_jaccard_micro: 0.8959339618682861

2024-06-21 15:54:02,039 - INFO - Validation Stats
Loss:
  total: 0.30620354134589434
Metrics:
  cityscapes_dice: 0.8626549802720547
  cityscapes_jaccard_macro: 0.44478071574121714
  cityscapes_jaccard_micro: 0.8297337088733912

2024-06-21 15:54:02,039 - INFO - Epoch 105/120
2024-06-21 15:54:26,475 - INFO - Train Stats
Loss:
  total: 0.16808881014585494
Metrics:
  cityscapes_dice: 0.8975888252258301
  cityscapes_jaccard_macro: 0.5646064877510071
  cityscapes_jaccard_micro: 0.8982303619384766

2024-06-21 15:54:52,873 - INFO - Validation Stats
Loss:
  total: 0.30286039877682924
Metrics:
  cityscapes_dice: 0.8621783778071404
  cityscapes_jaccard_macro: 0.4443127401173115
  cityscapes_jaccard_micro: 0.8304598536342382

2024-06-21 15:54:52,873 - INFO - Epoch 106/120
2024-06-21 15:55:17,349 - INFO - Train Stats
Loss:
  total: 0.16848960816860198
Metrics:
  cityscapes_dice: 0.8974179863929749
  cityscapes_jaccard_macro: 0.5767484426498413
  cityscapes_jaccard_micro: 0.8981362700462341

2024-06-21 15:55:45,443 - INFO - Validation Stats
Loss:
  total: 0.2996128434315324
Metrics:
  cityscapes_dice: 0.8638497181236744
  cityscapes_jaccard_macro: 0.4461840009316802
  cityscapes_jaccard_micro: 0.8327216058969498

2024-06-21 15:55:45,443 - INFO - Epoch 107/120
2024-06-21 15:56:09,927 - INFO - Train Stats
Loss:
  total: 0.16241347044706345
Metrics:
  cityscapes_dice: 0.8976671159267425
  cityscapes_jaccard_macro: 0.5884477317333221
  cityscapes_jaccard_micro: 0.9007713735103607

2024-06-21 15:56:34,291 - INFO - Validation Stats
Loss:
  total: 0.29197597224265337
Metrics:
  cityscapes_dice: 0.8666019178926945
  cityscapes_jaccard_macro: 0.4446989390999079
  cityscapes_jaccard_micro: 0.8352597691118717

2024-06-21 15:56:34,292 - INFO - Epoch 108/120
2024-06-21 15:57:00,262 - INFO - Train Stats
Loss:
  total: 0.17366314828395843
Metrics:
  cityscapes_dice: 0.8960134267807007
  cityscapes_jaccard_macro: 0.5942517161369324
  cityscapes_jaccard_micro: 0.8951660871505738

2024-06-21 15:57:24,452 - INFO - Validation Stats
Loss:
  total: 0.29161176923662424
Metrics:
  cityscapes_dice: 0.8662141803652048
  cityscapes_jaccard_macro: 0.44335814844816923
  cityscapes_jaccard_micro: 0.8366441242396832

2024-06-21 15:57:31,524 - INFO - Epoch 109/120
2024-06-21 15:57:55,979 - INFO - Train Stats
Loss:
  total: 0.1641705960035324
Metrics:
  cityscapes_dice: 0.8968282401561737
  cityscapes_jaccard_macro: 0.5748925328254699
  cityscapes_jaccard_micro: 0.8980337798595428

2024-06-21 15:58:25,545 - INFO - Validation Stats
Loss:
  total: 0.30053225345909595
Metrics:
  cityscapes_dice: 0.864560429006815
  cityscapes_jaccard_macro: 0.44856033846735954
  cityscapes_jaccard_micro: 0.8318793848156929

2024-06-21 15:58:25,546 - INFO - Epoch 110/120
2024-06-21 15:58:50,106 - INFO - Train Stats
Loss:
  total: 0.1619955852627754
Metrics:
  cityscapes_dice: 0.8996412813663482
  cityscapes_jaccard_macro: 0.5910438865423202
  cityscapes_jaccard_micro: 0.9009352505207062

2024-06-21 15:59:18,350 - INFO - Validation Stats
Loss:
  total: 0.29345256742089987
Metrics:
  cityscapes_dice: 0.8663877546787262
  cityscapes_jaccard_macro: 0.4459480121731758
  cityscapes_jaccard_micro: 0.8360803853720427

2024-06-21 15:59:25,302 - INFO - Epoch 111/120
2024-06-21 15:59:49,805 - INFO - Train Stats
Loss:
  total: 0.16637839376926422
Metrics:
  cityscapes_dice: 0.8980759739875793
  cityscapes_jaccard_macro: 0.5962102532386779
  cityscapes_jaccard_micro: 0.898454338312149

2024-06-21 16:00:13,511 - INFO - Validation Stats
Loss:
  total: 0.3028015517629683
Metrics:
  cityscapes_dice: 0.8635310716927052
  cityscapes_jaccard_macro: 0.4439092120155692
  cityscapes_jaccard_micro: 0.8303438648581505

2024-06-21 16:00:13,511 - INFO - Epoch 112/120
2024-06-21 16:00:37,998 - INFO - Train Stats
Loss:
  total: 0.16808501929044722
Metrics:
  cityscapes_dice: 0.8960272133350372
  cityscapes_jaccard_macro: 0.5832191944122315
  cityscapes_jaccard_micro: 0.8976152062416076

2024-06-21 16:01:05,850 - INFO - Validation Stats
Loss:
  total: 0.3040850735269487
Metrics:
  cityscapes_dice: 0.8623502757400274
  cityscapes_jaccard_macro: 0.4457003716379404
  cityscapes_jaccard_micro: 0.8298545610159636

2024-06-21 16:01:05,850 - INFO - Epoch 113/120
2024-06-21 16:01:30,380 - INFO - Train Stats
Loss:
  total: 0.16692093312740325
Metrics:
  cityscapes_dice: 0.8986195921897888
  cityscapes_jaccard_macro: 0.6085239052772522
  cityscapes_jaccard_micro: 0.8983404695987701

2024-06-21 16:01:55,405 - INFO - Validation Stats
Loss:
  total: 0.30306542478501797
Metrics:
  cityscapes_dice: 0.8634235393255949
  cityscapes_jaccard_macro: 0.45184335578233004
  cityscapes_jaccard_micro: 0.8314638789743185

2024-06-21 16:01:55,405 - INFO - Epoch 114/120
2024-06-21 16:02:19,768 - INFO - Train Stats
Loss:
  total: 0.16548696607351304
Metrics:
  cityscapes_dice: 0.8970936596393585
  cityscapes_jaccard_macro: 0.5823974311351776
  cityscapes_jaccard_micro: 0.8981897830963135

2024-06-21 16:02:46,590 - INFO - Validation Stats
Loss:
  total: 0.29994677985087037
Metrics:
  cityscapes_dice: 0.8645086120814085
  cityscapes_jaccard_macro: 0.4351841760799289
  cityscapes_jaccard_micro: 0.8316516038030386

2024-06-21 16:02:46,590 - INFO - Epoch 115/120
2024-06-21 16:03:11,410 - INFO - Train Stats
Loss:
  total: 0.1641570195555687
Metrics:
  cityscapes_dice: 0.8964286625385285
  cityscapes_jaccard_macro: 0.5842289686203003
  cityscapes_jaccard_micro: 0.9000026285648346

2024-06-21 16:03:35,527 - INFO - Validation Stats
Loss:
  total: 0.3036519829183817
Metrics:
  cityscapes_dice: 0.862602649256587
  cityscapes_jaccard_macro: 0.4490918694064021
  cityscapes_jaccard_micro: 0.8302020337432623

2024-06-21 16:03:35,528 - INFO - Epoch 116/120
2024-06-21 16:04:00,262 - INFO - Train Stats
Loss:
  total: 0.16458437889814376
Metrics:
  cityscapes_dice: 0.9013674974441528
  cityscapes_jaccard_macro: 0.5803237199783325
  cityscapes_jaccard_micro: 0.898905998468399

2024-06-21 16:04:26,155 - INFO - Validation Stats
Loss:
  total: 0.30061215022578835
Metrics:
  cityscapes_dice: 0.8631293438374996
  cityscapes_jaccard_macro: 0.44741576816886663
  cityscapes_jaccard_micro: 0.832235611975193

2024-06-21 16:04:26,155 - INFO - Epoch 117/120
2024-06-21 16:04:50,706 - INFO - Train Stats
Loss:
  total: 0.1590527907013893
Metrics:
  cityscapes_dice: 0.9009740710258484
  cityscapes_jaccard_macro: 0.5947143316268921
  cityscapes_jaccard_micro: 0.9024923801422119

2024-06-21 16:05:18,225 - INFO - Validation Stats
Loss:
  total: 0.3003917592577636
Metrics:
  cityscapes_dice: 0.8644489161670208
  cityscapes_jaccard_macro: 0.44515519589185715
  cityscapes_jaccard_micro: 0.8311471156775951

2024-06-21 16:05:18,226 - INFO - Epoch 118/120
2024-06-21 16:05:44,299 - INFO - Train Stats
Loss:
  total: 0.15793853476643563
Metrics:
  cityscapes_dice: 0.9005415201187134
  cityscapes_jaccard_macro: 0.583751767873764
  cityscapes_jaccard_micro: 0.9028977155685425

2024-06-21 16:06:09,564 - INFO - Validation Stats
Loss:
  total: 0.30342110665515065
Metrics:
  cityscapes_dice: 0.8635069411247969
  cityscapes_jaccard_macro: 0.4435187755152583
  cityscapes_jaccard_micro: 0.8306153174489737

2024-06-21 16:06:09,565 - INFO - Epoch 119/120
2024-06-21 16:06:33,970 - INFO - Train Stats
Loss:
  total: 0.16966547220945358
Metrics:
  cityscapes_dice: 0.8962839603424072
  cityscapes_jaccard_macro: 0.5618015557527543
  cityscapes_jaccard_micro: 0.8964237093925476

2024-06-21 16:07:02,975 - INFO - Validation Stats
Loss:
  total: 0.2997463829815388
Metrics:
  cityscapes_dice: 0.8646461199969053
  cityscapes_jaccard_macro: 0.44868163019418716
  cityscapes_jaccard_micro: 0.8316342495381832

2024-06-21 16:07:02,976 - INFO - Epoch 120/120
2024-06-21 16:07:27,604 - INFO - Train Stats
Loss:
  total: 0.16640557050704957
Metrics:
  cityscapes_dice: 0.8945229291915894
  cityscapes_jaccard_macro: 0.5937634468078613
  cityscapes_jaccard_micro: 0.898026043176651

2024-06-21 16:07:52,158 - INFO - Validation Stats
Loss:
  total: 0.28664656076580286
Metrics:
  cityscapes_dice: 0.8661051988601685
  cityscapes_jaccard_macro: 0.44950404204428196
  cityscapes_jaccard_micro: 0.8372921478003263

2024-06-21 16:08:13,363 - INFO - Best validation loss: 0.28664656076580286
2024-06-21 16:08:17,452 - INFO - Best model saved to /home/up201905337/exploring-label-efficiency/weights/sl_cityscapes_deeplabv3_pretrained_155l.pth
2024-06-21 16:08:17,454 - INFO - Training took 6686.429271221161 seconds to complete
