2024-05-21 12:12:48,259 - INFO - Loading configuration files...
2024-05-21 12:12:50,463 - INFO - Loading model configuration
args:
  num_classes: 10
class: ResNet50

2024-05-21 12:12:56,576 - INFO - Loading train_dataset configuration
args:
  root: ./data/
  train_val_split: 0.9
class: CIFAR10

2024-05-21 12:13:02,142 - INFO - Loading val_dataset configuration
args:
  root: ./data/
  train_val_split: 0.9
class: CIFAR10

2024-05-21 12:13:02,251 - INFO - Loading optimizer configuration
args:
  lr: 0.1
  momentum: 0.9
  weight_decay: 0.0005
class: SGD

2024-05-21 12:13:02,262 - INFO - Loading loss configuration
args: {}
class: CrossEntropyLoss

2024-05-21 12:13:02,385 - INFO - Loading metrics configuration
cifar10_top1_accuracy:
  args:
    num_classes: 10
    task: multiclass
    top_k: 1
  class: Accuracy
cifar10_top5_accuracy:
  args:
    num_classes: 10
    task: multiclass
    top_k: 5
  class: Accuracy

2024-05-21 12:13:02,440 - INFO - Loading scheduler configuration
args:
  T_max: 100
class: CosineAnnealingLR

2024-05-21 12:13:02,443 - INFO - Loading hyperparameters configuration
batch_size: 128
ema_decay: null
epochs: 100
num_workers: 4
save_freq: 30

2024-05-21 12:13:02,990 - INFO - Using device: cuda
2024-05-21 12:13:03,762 - INFO - Training for 100 epochs
2024-05-21 12:13:03,763 - INFO - Epoch 1/100
2024-05-21 12:14:00,148 - INFO - Train Stats
Loss:
  total: 4.867706713351336
Metrics:
  cifar10_top1_accuracy: 0.11787060055543076
  cifar10_top5_accuracy: 0.5526998500255021

2024-05-21 12:14:03,717 - INFO - Validation Stats
Loss:
  total: 2.317990165948868
Metrics:
  cifar10_top1_accuracy: 0.14609375
  cifar10_top5_accuracy: 0.639453125

2024-05-21 12:14:05,309 - INFO - Epoch 2/100
2024-05-21 12:14:58,783 - INFO - Train Stats
Loss:
  total: 2.1264404204081404
Metrics:
  cifar10_top1_accuracy: 0.19210661300034684
  cifar10_top5_accuracy: 0.7301185684786602

2024-05-21 12:15:01,989 - INFO - Validation Stats
Loss:
  total: 2.258682295680046
Metrics:
  cifar10_top1_accuracy: 0.1984375
  cifar10_top5_accuracy: 0.745703125

2024-05-21 12:15:03,932 - INFO - Epoch 3/100
2024-05-21 12:15:58,812 - INFO - Train Stats
Loss:
  total: 1.8548035543750634
Metrics:
  cifar10_top1_accuracy: 0.28882822360504756
  cifar10_top5_accuracy: 0.8388745857572014

2024-05-21 12:16:01,966 - INFO - Validation Stats
Loss:
  total: 1.7327494621276855
Metrics:
  cifar10_top1_accuracy: 0.3466796875
  cifar10_top5_accuracy: 0.875

2024-05-21 12:16:03,895 - INFO - Epoch 4/100
2024-05-21 12:16:57,994 - INFO - Train Stats
Loss:
  total: 1.6970084980130196
Metrics:
  cifar10_top1_accuracy: 0.3681048768657175
  cifar10_top5_accuracy: 0.8772811119190671

2024-05-21 12:17:01,079 - INFO - Validation Stats
Loss:
  total: 1.6270234763622284
Metrics:
  cifar10_top1_accuracy: 0.41875
  cifar10_top5_accuracy: 0.8908203125

2024-05-21 12:17:03,046 - INFO - Epoch 5/100
2024-05-21 12:17:56,758 - INFO - Train Stats
Loss:
  total: 1.5816057426008312
Metrics:
  cifar10_top1_accuracy: 0.4149404198608615
  cifar10_top5_accuracy: 0.9005706479603593

2024-05-21 12:17:59,914 - INFO - Validation Stats
Loss:
  total: 1.5278715074062348
Metrics:
  cifar10_top1_accuracy: 0.4396484375
  cifar10_top5_accuracy: 0.9103515625

2024-05-21 12:18:01,880 - INFO - Epoch 6/100
2024-05-21 12:18:54,105 - INFO - Train Stats
Loss:
  total: 1.492027173665437
Metrics:
  cifar10_top1_accuracy: 0.45271316678686574
  cifar10_top5_accuracy: 0.9152338818054307

2024-05-21 12:18:57,256 - INFO - Validation Stats
Loss:
  total: 1.3736084192991256
Metrics:
  cifar10_top1_accuracy: 0.4986328125
  cifar10_top5_accuracy: 0.926171875

2024-05-21 12:18:59,237 - INFO - Epoch 7/100
2024-05-21 12:19:52,811 - INFO - Train Stats
Loss:
  total: 1.4194453016600825
Metrics:
  cifar10_top1_accuracy: 0.4820938880809329
  cifar10_top5_accuracy: 0.9224643900313161

2024-05-21 12:19:55,847 - INFO - Validation Stats
Loss:
  total: 1.8057896703481675
Metrics:
  cifar10_top1_accuracy: 0.4373046875
  cifar10_top5_accuracy: 0.8884765625

2024-05-21 12:19:55,848 - INFO - Epoch 8/100
2024-05-21 12:20:49,676 - INFO - Train Stats
Loss:
  total: 1.3567829050801017
Metrics:
  cifar10_top1_accuracy: 0.5065301451832056
  cifar10_top5_accuracy: 0.932491418143565

2024-05-21 12:20:52,809 - INFO - Validation Stats
Loss:
  total: 1.3081120371818542
Metrics:
  cifar10_top1_accuracy: 0.5349609375
  cifar10_top5_accuracy: 0.9380859375

2024-05-21 12:20:54,790 - INFO - Epoch 9/100
2024-05-21 12:21:48,610 - INFO - Train Stats
Loss:
  total: 1.3023541271686554
Metrics:
  cifar10_top1_accuracy: 0.5311266966164112
  cifar10_top5_accuracy: 0.9395616318691861

2024-05-21 12:21:51,624 - INFO - Validation Stats
Loss:
  total: 1.257730071246624
Metrics:
  cifar10_top1_accuracy: 0.563671875
  cifar10_top5_accuracy: 0.942578125

2024-05-21 12:21:53,567 - INFO - Epoch 10/100
2024-05-21 12:22:47,122 - INFO - Train Stats
Loss:
  total: 1.2495283674110065
Metrics:
  cifar10_top1_accuracy: 0.5499970406632532
  cifar10_top5_accuracy: 0.9463753747669134

2024-05-21 12:22:50,307 - INFO - Validation Stats
Loss:
  total: 1.2989864945411682
Metrics:
  cifar10_top1_accuracy: 0.5578125
  cifar10_top5_accuracy: 0.9416015625

2024-05-21 12:22:50,310 - INFO - Epoch 11/100
2024-05-21 12:23:44,082 - INFO - Train Stats
Loss:
  total: 1.2015550349923698
Metrics:
  cifar10_top1_accuracy: 0.571895715018565
  cifar10_top5_accuracy: 0.948367956856435

2024-05-21 12:23:47,217 - INFO - Validation Stats
Loss:
  total: 1.1357135638594626
Metrics:
  cifar10_top1_accuracy: 0.603125
  cifar10_top5_accuracy: 0.95859375

2024-05-21 12:23:49,159 - INFO - Epoch 12/100
2024-05-21 12:24:44,361 - INFO - Train Stats
Loss:
  total: 1.168349602683024
Metrics:
  cifar10_top1_accuracy: 0.5826970880681818
  cifar10_top5_accuracy: 0.9534455886618658

2024-05-21 12:24:47,494 - INFO - Validation Stats
Loss:
  total: 1.0366525381803513
Metrics:
  cifar10_top1_accuracy: 0.638671875
  cifar10_top5_accuracy: 0.9666015625

2024-05-21 12:24:49,434 - INFO - Epoch 13/100
2024-05-21 12:25:43,693 - INFO - Train Stats
Loss:
  total: 1.0758142955601215
Metrics:
  cifar10_top1_accuracy: 0.619258996268565
  cifar10_top5_accuracy: 0.9617389718239958

2024-05-21 12:25:46,895 - INFO - Validation Stats
Loss:
  total: 1.1677546933293343
Metrics:
  cifar10_top1_accuracy: 0.6068359375
  cifar10_top5_accuracy: 0.943359375

2024-05-21 12:25:46,897 - INFO - Epoch 14/100
2024-05-21 12:26:40,174 - INFO - Train Stats
Loss:
  total: 1.0273696499114686
Metrics:
  cifar10_top1_accuracy: 0.6394560843367468
  cifar10_top5_accuracy: 0.9648930713195693

2024-05-21 12:26:43,246 - INFO - Validation Stats
Loss:
  total: 1.0430277317762375
Metrics:
  cifar10_top1_accuracy: 0.6375
  cifar10_top5_accuracy: 0.9671875

2024-05-21 12:26:43,247 - INFO - Epoch 15/100
2024-05-21 12:27:37,222 - INFO - Train Stats
Loss:
  total: 0.998191220855171
Metrics:
  cifar10_top1_accuracy: 0.6477198744700714
  cifar10_top5_accuracy: 0.9678400213068182

2024-05-21 12:27:40,535 - INFO - Validation Stats
Loss:
  total: 0.9567916348576546
Metrics:
  cifar10_top1_accuracy: 0.675
  cifar10_top5_accuracy: 0.9671875

2024-05-21 12:27:42,490 - INFO - Epoch 16/100
2024-05-21 12:28:35,655 - INFO - Train Stats
Loss:
  total: 0.9788438913158395
Metrics:
  cifar10_top1_accuracy: 0.6572413588450714
  cifar10_top5_accuracy: 0.9686045020141385

2024-05-21 12:28:38,713 - INFO - Validation Stats
Loss:
  total: 0.9263202384114265
Metrics:
  cifar10_top1_accuracy: 0.6857421875
  cifar10_top5_accuracy: 0.9697265625

2024-05-21 12:28:40,662 - INFO - Epoch 17/100
2024-05-21 12:29:34,905 - INFO - Train Stats
Loss:
  total: 0.9425210011276332
Metrics:
  cifar10_top1_accuracy: 0.6728170375255021
  cifar10_top5_accuracy: 0.970286359671842

2024-05-21 12:29:37,992 - INFO - Validation Stats
Loss:
  total: 0.9393190905451775
Metrics:
  cifar10_top1_accuracy: 0.681640625
  cifar10_top5_accuracy: 0.9681640625

2024-05-21 12:29:37,993 - INFO - Epoch 18/100
2024-05-21 12:30:32,061 - INFO - Train Stats
Loss:
  total: 0.92466967637566
Metrics:
  cifar10_top1_accuracy: 0.6782152579927986
  cifar10_top5_accuracy: 0.971507062796842

2024-05-21 12:30:35,159 - INFO - Validation Stats
Loss:
  total: 0.9275987729430198
Metrics:
  cifar10_top1_accuracy: 0.680859375
  cifar10_top5_accuracy: 0.967578125

2024-05-21 12:30:35,161 - INFO - Epoch 19/100
2024-05-21 12:31:27,706 - INFO - Train Stats
Loss:
  total: 0.8986381453207948
Metrics:
  cifar10_top1_accuracy: 0.6891103417358615
  cifar10_top5_accuracy: 0.9727894176136364

2024-05-21 12:31:30,851 - INFO - Validation Stats
Loss:
  total: 1.0198040738701821
Metrics:
  cifar10_top1_accuracy: 0.6615234375
  cifar10_top5_accuracy: 0.9638671875

2024-05-21 12:31:30,852 - INFO - Epoch 20/100
2024-05-21 12:32:24,788 - INFO - Train Stats
Loss:
  total: 0.874498350545764
Metrics:
  cifar10_top1_accuracy: 0.6967896741222251
  cifar10_top5_accuracy: 0.9745699179104783

2024-05-21 12:32:27,964 - INFO - Validation Stats
Loss:
  total: 0.9780424654483795
Metrics:
  cifar10_top1_accuracy: 0.6615234375
  cifar10_top5_accuracy: 0.96484375

2024-05-21 12:32:27,965 - INFO - Epoch 21/100
2024-05-21 12:33:22,635 - INFO - Train Stats
Loss:
  total: 0.8566401929340579
Metrics:
  cifar10_top1_accuracy: 0.7016034366732294
  cifar10_top5_accuracy: 0.9758350102400238

2024-05-21 12:33:25,787 - INFO - Validation Stats
Loss:
  total: 0.886026693880558
Metrics:
  cifar10_top1_accuracy: 0.6990234375
  cifar10_top5_accuracy: 0.9744140625

2024-05-21 12:33:27,678 - INFO - Epoch 22/100
2024-05-21 12:34:20,869 - INFO - Train Stats
Loss:
  total: 0.8358296464112672
Metrics:
  cifar10_top1_accuracy: 0.7093345565213398
  cifar10_top5_accuracy: 0.9776598997414112

2024-05-21 12:34:23,973 - INFO - Validation Stats
Loss:
  total: 0.9029463782906533
Metrics:
  cifar10_top1_accuracy: 0.685546875
  cifar10_top5_accuracy: 0.97421875

2024-05-21 12:34:23,974 - INFO - Epoch 23/100
2024-05-21 12:35:18,588 - INFO - Train Stats
Loss:
  total: 0.8265567540445111
Metrics:
  cifar10_top1_accuracy: 0.7113764599304307
  cifar10_top5_accuracy: 0.9768115727400238

2024-05-21 12:35:21,700 - INFO - Validation Stats
Loss:
  total: 0.8662296012043953
Metrics:
  cifar10_top1_accuracy: 0.6970703125
  cifar10_top5_accuracy: 0.97421875

2024-05-21 12:35:23,644 - INFO - Epoch 24/100
2024-05-21 12:36:16,752 - INFO - Train Stats
Loss:
  total: 0.8044725045223128
Metrics:
  cifar10_top1_accuracy: 0.7227450284090909
  cifar10_top5_accuracy: 0.9786734533580866

2024-05-21 12:36:19,939 - INFO - Validation Stats
Loss:
  total: 0.7703205868601799
Metrics:
  cifar10_top1_accuracy: 0.7384765625
  cifar10_top5_accuracy: 0.979296875

2024-05-21 12:36:21,901 - INFO - Epoch 25/100
2024-05-21 12:37:16,281 - INFO - Train Stats
Loss:
  total: 0.7928925337777897
Metrics:
  cifar10_top1_accuracy: 0.7266981337558139
  cifar10_top5_accuracy: 0.978098859671842

2024-05-21 12:37:19,420 - INFO - Validation Stats
Loss:
  total: 0.8330974817276001
Metrics:
  cifar10_top1_accuracy: 0.7203125
  cifar10_top5_accuracy: 0.977734375

2024-05-21 12:37:19,421 - INFO - Epoch 26/100
2024-05-21 12:38:12,406 - INFO - Train Stats
Loss:
  total: 0.7770928669382225
Metrics:
  cifar10_top1_accuracy: 0.7343108823353593
  cifar10_top5_accuracy: 0.979075422171842

2024-05-21 12:38:15,571 - INFO - Validation Stats
Loss:
  total: 0.8076287358999252
Metrics:
  cifar10_top1_accuracy: 0.7283203125
  cifar10_top5_accuracy: 0.9720703125

2024-05-21 12:38:15,573 - INFO - Epoch 27/100
2024-05-21 12:39:09,611 - INFO - Train Stats
Loss:
  total: 0.7666543907570568
Metrics:
  cifar10_top1_accuracy: 0.734177714721723
  cifar10_top5_accuracy: 0.98095703125

2024-05-21 12:39:12,752 - INFO - Validation Stats
Loss:
  total: 0.8794338971376419
Metrics:
  cifar10_top1_accuracy: 0.703515625
  cifar10_top5_accuracy: 0.9751953125

2024-05-21 12:39:12,753 - INFO - Epoch 28/100
2024-05-21 12:40:07,361 - INFO - Train Stats
Loss:
  total: 0.7528563422912901
Metrics:
  cifar10_top1_accuracy: 0.739085187796842
  cifar10_top5_accuracy: 0.9820273042741147

2024-05-21 12:40:10,519 - INFO - Validation Stats
Loss:
  total: 0.7848017036914825
Metrics:
  cifar10_top1_accuracy: 0.7357421875
  cifar10_top5_accuracy: 0.9755859375

2024-05-21 12:40:10,520 - INFO - Epoch 29/100
2024-05-21 12:41:04,520 - INFO - Train Stats
Loss:
  total: 0.7419748113236644
Metrics:
  cifar10_top1_accuracy: 0.7433835423805497
  cifar10_top5_accuracy: 0.9823355627330866

2024-05-21 12:41:07,640 - INFO - Validation Stats
Loss:
  total: 0.9062143117189407
Metrics:
  cifar10_top1_accuracy: 0.696484375
  cifar10_top5_accuracy: 0.9705078125

2024-05-21 12:41:07,640 - INFO - Epoch 30/100
2024-05-21 12:42:00,035 - INFO - Train Stats
Loss:
  total: 0.7393396273255348
Metrics:
  cifar10_top1_accuracy: 0.7471911497414112
  cifar10_top5_accuracy: 0.9821111505681818

2024-05-21 12:42:03,122 - INFO - Validation Stats
Loss:
  total: 0.8696960955858231
Metrics:
  cifar10_top1_accuracy: 0.7029296875
  cifar10_top5_accuracy: 0.980078125

2024-05-21 12:42:04,727 - INFO - Epoch 31/100
2024-05-21 12:42:57,440 - INFO - Train Stats
Loss:
  total: 0.734658903780986
Metrics:
  cifar10_top1_accuracy: 0.7479852233082056
  cifar10_top5_accuracy: 0.9819557883522727

2024-05-21 12:43:00,504 - INFO - Validation Stats
Loss:
  total: 0.7571849644184112
Metrics:
  cifar10_top1_accuracy: 0.7427734375
  cifar10_top5_accuracy: 0.9779296875

2024-05-21 12:43:02,419 - INFO - Epoch 32/100
2024-05-21 12:43:56,286 - INFO - Train Stats
Loss:
  total: 0.7230799198150635
Metrics:
  cifar10_top1_accuracy: 0.7510382141917944
  cifar10_top5_accuracy: 0.9826808119700714

2024-05-21 12:43:59,352 - INFO - Validation Stats
Loss:
  total: 0.7195617631077766
Metrics:
  cifar10_top1_accuracy: 0.7544921875
  cifar10_top5_accuracy: 0.9826171875

2024-05-21 12:44:01,288 - INFO - Epoch 33/100
2024-05-21 12:44:53,824 - INFO - Train Stats
Loss:
  total: 0.7068571096116846
Metrics:
  cifar10_top1_accuracy: 0.7566238557073203
  cifar10_top5_accuracy: 0.983940972184593

2024-05-21 12:44:56,836 - INFO - Validation Stats
Loss:
  total: 0.8098549261689186
Metrics:
  cifar10_top1_accuracy: 0.7265625
  cifar10_top5_accuracy: 0.978125

2024-05-21 12:44:56,837 - INFO - Epoch 34/100
2024-05-21 12:45:50,511 - INFO - Train Stats
Loss:
  total: 0.7026664932173762
Metrics:
  cifar10_top1_accuracy: 0.7580591067671776
  cifar10_top5_accuracy: 0.9837856099686839

2024-05-21 12:45:53,503 - INFO - Validation Stats
Loss:
  total: 0.8786380887031555
Metrics:
  cifar10_top1_accuracy: 0.71171875
  cifar10_top5_accuracy: 0.981640625

2024-05-21 12:45:53,504 - INFO - Epoch 35/100
2024-05-21 12:46:48,629 - INFO - Train Stats
Loss:
  total: 0.6917921369895339
Metrics:
  cifar10_top1_accuracy: 0.7616546323353593
  cifar10_top5_accuracy: 0.9831641611050476

2024-05-21 12:46:51,883 - INFO - Validation Stats
Loss:
  total: 0.7587760381400586
Metrics:
  cifar10_top1_accuracy: 0.7447265625
  cifar10_top5_accuracy: 0.9814453125

2024-05-21 12:46:51,884 - INFO - Epoch 36/100
2024-05-21 12:47:48,607 - INFO - Train Stats
Loss:
  total: 0.6781322279606353
Metrics:
  cifar10_top1_accuracy: 0.7677877406505021
  cifar10_top5_accuracy: 0.9855118568309329

2024-05-21 12:47:51,832 - INFO - Validation Stats
Loss:
  total: 0.8162503689527512
Metrics:
  cifar10_top1_accuracy: 0.7390625
  cifar10_top5_accuracy: 0.9794921875

2024-05-21 12:47:51,833 - INFO - Epoch 37/100
2024-05-21 12:48:48,227 - INFO - Train Stats
Loss:
  total: 0.6776276865804737
Metrics:
  cifar10_top1_accuracy: 0.7669024227017706
  cifar10_top5_accuracy: 0.9847177832641385

2024-05-21 12:48:51,571 - INFO - Validation Stats
Loss:
  total: 0.7371007777750492
Metrics:
  cifar10_top1_accuracy: 0.75078125
  cifar10_top5_accuracy: 0.978515625

2024-05-21 12:48:51,572 - INFO - Epoch 38/100
2024-05-21 12:49:47,616 - INFO - Train Stats
Loss:
  total: 0.663781322454187
Metrics:
  cifar10_top1_accuracy: 0.7702390111305497
  cifar10_top5_accuracy: 0.9852504537186839

2024-05-21 12:49:50,984 - INFO - Validation Stats
Loss:
  total: 0.6843201383948326
Metrics:
  cifar10_top1_accuracy: 0.77109375
  cifar10_top5_accuracy: 0.980078125

2024-05-21 12:49:52,983 - INFO - Epoch 39/100
2024-05-21 12:50:49,255 - INFO - Train Stats
Loss:
  total: 0.660758641463789
Metrics:
  cifar10_top1_accuracy: 0.7731810290027749
  cifar10_top5_accuracy: 0.9857066761363636

2024-05-21 12:50:52,404 - INFO - Validation Stats
Loss:
  total: 0.6962318792939186
Metrics:
  cifar10_top1_accuracy: 0.7525390625
  cifar10_top5_accuracy: 0.985546875

2024-05-21 12:50:52,405 - INFO - Epoch 40/100
2024-05-21 12:51:47,816 - INFO - Train Stats
Loss:
  total: 0.6542665085501291
Metrics:
  cifar10_top1_accuracy: 0.7764411695640195
  cifar10_top5_accuracy: 0.9859508167613636

2024-05-21 12:51:50,961 - INFO - Validation Stats
Loss:
  total: 0.7544947892427445
Metrics:
  cifar10_top1_accuracy: 0.74140625
  cifar10_top5_accuracy: 0.9783203125

2024-05-21 12:51:50,962 - INFO - Epoch 41/100
2024-05-21 12:52:43,764 - INFO - Train Stats
Loss:
  total: 0.6439370865171606
Metrics:
  cifar10_top1_accuracy: 0.7778049045327035
  cifar10_top5_accuracy: 0.9866166548295454

2024-05-21 12:52:46,916 - INFO - Validation Stats
Loss:
  total: 0.671664334833622
Metrics:
  cifar10_top1_accuracy: 0.7705078125
  cifar10_top5_accuracy: 0.9861328125

2024-05-21 12:52:48,847 - INFO - Epoch 42/100
2024-05-21 12:53:44,353 - INFO - Train Stats
Loss:
  total: 0.6335262545299801
Metrics:
  cifar10_top1_accuracy: 0.7836297545582056
  cifar10_top5_accuracy: 0.9867054332386364

2024-05-21 12:53:47,393 - INFO - Validation Stats
Loss:
  total: 0.6875785917043686
Metrics:
  cifar10_top1_accuracy: 0.7689453125
  cifar10_top5_accuracy: 0.984765625

2024-05-21 12:53:47,394 - INFO - Epoch 43/100
2024-05-21 12:54:40,894 - INFO - Train Stats
Loss:
  total: 0.6298542466353286
Metrics:
  cifar10_top1_accuracy: 0.7838517005809329
  cifar10_top5_accuracy: 0.986887922171842

2024-05-21 12:54:44,124 - INFO - Validation Stats
Loss:
  total: 0.6624368272721768
Metrics:
  cifar10_top1_accuracy: 0.7734375
  cifar10_top5_accuracy: 0.9828125

2024-05-21 12:54:46,030 - INFO - Epoch 44/100
2024-05-21 12:55:40,009 - INFO - Train Stats
Loss:
  total: 0.6163328685374423
Metrics:
  cifar10_top1_accuracy: 0.7884607795964588
  cifar10_top5_accuracy: 0.9875143031505021

2024-05-21 12:55:43,097 - INFO - Validation Stats
Loss:
  total: 0.7114875726401806
Metrics:
  cifar10_top1_accuracy: 0.755859375
  cifar10_top5_accuracy: 0.9849609375

2024-05-21 12:55:43,099 - INFO - Epoch 45/100
2024-05-21 12:56:36,235 - INFO - Train Stats
Loss:
  total: 0.6113941745663231
Metrics:
  cifar10_top1_accuracy: 0.7900957820767706
  cifar10_top5_accuracy: 0.9873096196150238

2024-05-21 12:56:39,405 - INFO - Validation Stats
Loss:
  total: 0.6974792938679457
Metrics:
  cifar10_top1_accuracy: 0.7689453125
  cifar10_top5_accuracy: 0.983984375

2024-05-21 12:56:39,406 - INFO - Epoch 46/100
2024-05-21 12:57:34,152 - INFO - Train Stats
Loss:
  total: 0.5974590233103796
Metrics:
  cifar10_top1_accuracy: 0.7934619633650238
  cifar10_top5_accuracy: 0.9878694167868658

2024-05-21 12:57:37,214 - INFO - Validation Stats
Loss:
  total: 0.6330242663621902
Metrics:
  cifar10_top1_accuracy: 0.7916015625
  cifar10_top5_accuracy: 0.9857421875

2024-05-21 12:57:39,155 - INFO - Epoch 47/100
2024-05-21 12:58:33,076 - INFO - Train Stats
Loss:
  total: 0.5886815225874836
Metrics:
  cifar10_top1_accuracy: 0.797725793143565
  cifar10_top5_accuracy: 0.9889298255809329

2024-05-21 12:58:36,102 - INFO - Validation Stats
Loss:
  total: 0.6064730741083622
Metrics:
  cifar10_top1_accuracy: 0.7955078125
  cifar10_top5_accuracy: 0.9888671875

2024-05-21 12:58:38,000 - INFO - Epoch 48/100
2024-05-21 12:59:31,045 - INFO - Train Stats
Loss:
  total: 0.5858396279032935
Metrics:
  cifar10_top1_accuracy: 0.7993410669944503
  cifar10_top5_accuracy: 0.9885747119445693

2024-05-21 12:59:34,190 - INFO - Validation Stats
Loss:
  total: 0.6095866307616233
Metrics:
  cifar10_top1_accuracy: 0.7953125
  cifar10_top5_accuracy: 0.9884765625

2024-05-21 12:59:34,191 - INFO - Epoch 49/100
2024-05-21 13:00:28,399 - INFO - Train Stats
Loss:
  total: 0.5744340913370252
Metrics:
  cifar10_top1_accuracy: 0.8040043994445693
  cifar10_top5_accuracy: 0.9889791469005021

2024-05-21 13:00:31,465 - INFO - Validation Stats
Loss:
  total: 0.6290676042437553
Metrics:
  cifar10_top1_accuracy: 0.784765625
  cifar10_top5_accuracy: 0.98828125

2024-05-21 13:00:31,466 - INFO - Epoch 50/100
2024-05-21 13:01:23,780 - INFO - Train Stats
Loss:
  total: 0.5683428574861451
Metrics:
  cifar10_top1_accuracy: 0.8048823193054307
  cifar10_top5_accuracy: 0.9892898713323203

2024-05-21 13:01:26,929 - INFO - Validation Stats
Loss:
  total: 0.6358467832207679
Metrics:
  cifar10_top1_accuracy: 0.7833984375
  cifar10_top5_accuracy: 0.9888671875

2024-05-21 13:01:26,930 - INFO - Epoch 51/100
2024-05-21 13:02:20,253 - INFO - Train Stats
Loss:
  total: 0.5594919086010619
Metrics:
  cifar10_top1_accuracy: 0.8076467803594741
  cifar10_top5_accuracy: 0.9899507772854783

2024-05-21 13:02:23,369 - INFO - Validation Stats
Loss:
  total: 0.8174639642238617
Metrics:
  cifar10_top1_accuracy: 0.7248046875
  cifar10_top5_accuracy: 0.9755859375

2024-05-21 13:02:23,370 - INFO - Epoch 52/100
2024-05-21 13:03:18,805 - INFO - Train Stats
Loss:
  total: 0.5492233155633915
Metrics:
  cifar10_top1_accuracy: 0.8120684383267706
  cifar10_top5_accuracy: 0.9901899857954546

2024-05-21 13:03:22,118 - INFO - Validation Stats
Loss:
  total: 0.6517692171037197
Metrics:
  cifar10_top1_accuracy: 0.78203125
  cifar10_top5_accuracy: 0.986328125

2024-05-21 13:03:22,119 - INFO - Epoch 53/100
2024-05-21 13:04:16,081 - INFO - Train Stats
Loss:
  total: 0.5454323591495102
Metrics:
  cifar10_top1_accuracy: 0.8120709042996168
  cifar10_top5_accuracy: 0.9900666824118658

2024-05-21 13:04:19,379 - INFO - Validation Stats
Loss:
  total: 0.5919311001896859
Metrics:
  cifar10_top1_accuracy: 0.805078125
  cifar10_top5_accuracy: 0.9873046875

2024-05-21 13:04:21,393 - INFO - Epoch 54/100
2024-05-21 13:05:14,626 - INFO - Train Stats
Loss:
  total: 0.530798992226747
Metrics:
  cifar10_top1_accuracy: 0.8178982204672965
  cifar10_top5_accuracy: 0.9910999644886364

2024-05-21 13:05:17,763 - INFO - Validation Stats
Loss:
  total: 0.6180719964206218
Metrics:
  cifar10_top1_accuracy: 0.79921875
  cifar10_top5_accuracy: 0.98828125

2024-05-21 13:05:17,764 - INFO - Epoch 55/100
2024-05-21 13:06:11,795 - INFO - Train Stats
Loss:
  total: 0.518261940557171
Metrics:
  cifar10_top1_accuracy: 0.8210399897599762
  cifar10_top5_accuracy: 0.9914600102400238

2024-05-21 13:06:14,716 - INFO - Validation Stats
Loss:
  total: 0.6426861636340618
Metrics:
  cifar10_top1_accuracy: 0.7775390625
  cifar10_top5_accuracy: 0.9896484375

2024-05-21 13:06:14,717 - INFO - Epoch 56/100
2024-05-21 13:07:08,400 - INFO - Train Stats
Loss:
  total: 0.5116109848022461
Metrics:
  cifar10_top1_accuracy: 0.8246330491859805
  cifar10_top5_accuracy: 0.9912109375

2024-05-21 13:07:11,518 - INFO - Validation Stats
Loss:
  total: 0.6781261429190636
Metrics:
  cifar10_top1_accuracy: 0.771484375
  cifar10_top5_accuracy: 0.9826171875

2024-05-21 13:07:11,519 - INFO - Epoch 57/100
2024-05-21 13:08:05,972 - INFO - Train Stats
Loss:
  total: 0.5033502755686641
Metrics:
  cifar10_top1_accuracy: 0.8269955414262685
  cifar10_top5_accuracy: 0.9913712318309329

2024-05-21 13:08:09,239 - INFO - Validation Stats
Loss:
  total: 0.5613868027925492
Metrics:
  cifar10_top1_accuracy: 0.808984375
  cifar10_top5_accuracy: 0.9880859375

2024-05-21 13:08:11,177 - INFO - Epoch 58/100
2024-05-21 13:09:05,187 - INFO - Train Stats
Loss:
  total: 0.49610709881579335
Metrics:
  cifar10_top1_accuracy: 0.8289166074246168
  cifar10_top5_accuracy: 0.9925426136363636

2024-05-21 13:09:08,346 - INFO - Validation Stats
Loss:
  total: 0.7261539362370968
Metrics:
  cifar10_top1_accuracy: 0.7603515625
  cifar10_top5_accuracy: 0.985546875

2024-05-21 13:09:08,347 - INFO - Epoch 59/100
2024-05-21 13:10:02,685 - INFO - Train Stats
Loss:
  total: 0.486731977540661
Metrics:
  cifar10_top1_accuracy: 0.8350201230496168
  cifar10_top5_accuracy: 0.992730034684593

2024-05-21 13:10:05,751 - INFO - Validation Stats
Loss:
  total: 0.5998126167804003
Metrics:
  cifar10_top1_accuracy: 0.8001953125
  cifar10_top5_accuracy: 0.9841796875

2024-05-21 13:10:05,751 - INFO - Epoch 60/100
2024-05-21 13:10:59,982 - INFO - Train Stats
Loss:
  total: 0.47786407943137665
Metrics:
  cifar10_top1_accuracy: 0.8366452611305497
  cifar10_top5_accuracy: 0.9927744238891385

2024-05-21 13:11:02,978 - INFO - Validation Stats
Loss:
  total: 0.5505993925035
Metrics:
  cifar10_top1_accuracy: 0.8140625
  cifar10_top5_accuracy: 0.98984375

2024-05-21 13:11:06,787 - INFO - Epoch 61/100
2024-05-21 13:12:00,828 - INFO - Train Stats
Loss:
  total: 0.4721444636075334
Metrics:
  cifar10_top1_accuracy: 0.8371483388949524
  cifar10_top5_accuracy: 0.9928755326704546

2024-05-21 13:12:03,879 - INFO - Validation Stats
Loss:
  total: 0.5523793812841177
Metrics:
  cifar10_top1_accuracy: 0.8126953125
  cifar10_top5_accuracy: 0.99140625

2024-05-21 13:12:03,880 - INFO - Epoch 62/100
2024-05-21 13:12:57,188 - INFO - Train Stats
Loss:
  total: 0.4557145662944425
Metrics:
  cifar10_top1_accuracy: 0.843821515921842
  cifar10_top5_accuracy: 0.9936622079800476

2024-05-21 13:13:00,477 - INFO - Validation Stats
Loss:
  total: 0.5708256714046002
Metrics:
  cifar10_top1_accuracy: 0.8109375
  cifar10_top5_accuracy: 0.987109375

2024-05-21 13:13:00,478 - INFO - Epoch 63/100
2024-05-21 13:13:55,311 - INFO - Train Stats
Loss:
  total: 0.4479212901470336
Metrics:
  cifar10_top1_accuracy: 0.8455650252713398
  cifar10_top5_accuracy: 0.9931739267300476

2024-05-21 13:13:58,738 - INFO - Validation Stats
Loss:
  total: 0.5169227667152881
Metrics:
  cifar10_top1_accuracy: 0.821875
  cifar10_top5_accuracy: 0.9916015625

2024-05-21 13:14:00,699 - INFO - Epoch 64/100
2024-05-21 13:14:55,563 - INFO - Train Stats
Loss:
  total: 0.43987560069019144
Metrics:
  cifar10_top1_accuracy: 0.848090277815407
  cifar10_top5_accuracy: 0.9942343355241147

2024-05-21 13:14:58,601 - INFO - Validation Stats
Loss:
  total: 0.51109070032835
Metrics:
  cifar10_top1_accuracy: 0.8240234375
  cifar10_top5_accuracy: 0.9908203125

2024-05-21 13:15:00,534 - INFO - Epoch 65/100
2024-05-21 13:15:54,741 - INFO - Train Stats
Loss:
  total: 0.4237612083723599
Metrics:
  cifar10_top1_accuracy: 0.8545193142172965
  cifar10_top5_accuracy: 0.9944957386363636

2024-05-21 13:15:57,939 - INFO - Validation Stats
Loss:
  total: 0.5138048298656941
Metrics:
  cifar10_top1_accuracy: 0.8150390625
  cifar10_top5_accuracy: 0.9927734375

2024-05-21 13:15:57,941 - INFO - Epoch 66/100
2024-05-21 13:16:51,481 - INFO - Train Stats
Loss:
  total: 0.4159749150276184
Metrics:
  cifar10_top1_accuracy: 0.8571382772854783
  cifar10_top5_accuracy: 0.99462890625

2024-05-21 13:16:54,586 - INFO - Validation Stats
Loss:
  total: 0.516319067031145
Metrics:
  cifar10_top1_accuracy: 0.8267578125
  cifar10_top5_accuracy: 0.9900390625

2024-05-21 13:16:54,588 - INFO - Epoch 67/100
2024-05-21 13:17:48,354 - INFO - Train Stats
Loss:
  total: 0.39976113255728374
Metrics:
  cifar10_top1_accuracy: 0.8618829900568182
  cifar10_top5_accuracy: 0.9947275488891385

2024-05-21 13:17:51,622 - INFO - Validation Stats
Loss:
  total: 0.5047832436859607
Metrics:
  cifar10_top1_accuracy: 0.8259765625
  cifar10_top5_accuracy: 0.9892578125

2024-05-21 13:17:53,525 - INFO - Epoch 68/100
2024-05-21 13:18:46,933 - INFO - Train Stats
Loss:
  total: 0.39956807383251464
Metrics:
  cifar10_top1_accuracy: 0.8638015900823203
  cifar10_top5_accuracy: 0.9947842684659091

2024-05-21 13:18:50,046 - INFO - Validation Stats
Loss:
  total: 0.5036762529984117
Metrics:
  cifar10_top1_accuracy: 0.831640625
  cifar10_top5_accuracy: 0.9900390625

2024-05-21 13:18:52,033 - INFO - Epoch 69/100
2024-05-21 13:19:45,736 - INFO - Train Stats
Loss:
  total: 0.3772183854810216
Metrics:
  cifar10_top1_accuracy: 0.8706498579545454
  cifar10_top5_accuracy: 0.9960049715909091

2024-05-21 13:19:48,797 - INFO - Validation Stats
Loss:
  total: 0.4743344847112894
Metrics:
  cifar10_top1_accuracy: 0.844921875
  cifar10_top5_accuracy: 0.990234375

2024-05-21 13:19:52,134 - INFO - Epoch 70/100
2024-05-21 13:20:47,166 - INFO - Train Stats
Loss:
  total: 0.3661829499019818
Metrics:
  cifar10_top1_accuracy: 0.8741812658580866
  cifar10_top5_accuracy: 0.9956325954672965

2024-05-21 13:20:50,295 - INFO - Validation Stats
Loss:
  total: 0.4764672413468361
Metrics:
  cifar10_top1_accuracy: 0.834765625
  cifar10_top5_accuracy: 0.99140625

2024-05-21 13:20:50,296 - INFO - Epoch 71/100
2024-05-21 13:21:43,749 - INFO - Train Stats
Loss:
  total: 0.3578863909722052
Metrics:
  cifar10_top1_accuracy: 0.8770887587558139
  cifar10_top5_accuracy: 0.9965376420454546

2024-05-21 13:21:46,810 - INFO - Validation Stats
Loss:
  total: 0.46646918505430224
Metrics:
  cifar10_top1_accuracy: 0.8466796875
  cifar10_top5_accuracy: 0.990625

2024-05-21 13:21:48,801 - INFO - Epoch 72/100
2024-05-21 13:22:41,858 - INFO - Train Stats
Loss:
  total: 0.356614979872988
Metrics:
  cifar10_top1_accuracy: 0.875542534684593
  cifar10_top5_accuracy: 0.9962540443309329

2024-05-21 13:22:44,936 - INFO - Validation Stats
Loss:
  total: 0.5332723695784807
Metrics:
  cifar10_top1_accuracy: 0.8177734375
  cifar10_top5_accuracy: 0.9896484375

2024-05-21 13:22:44,938 - INFO - Epoch 73/100
2024-05-21 13:23:38,263 - INFO - Train Stats
Loss:
  total: 0.33399754229255696
Metrics:
  cifar10_top1_accuracy: 0.8823513454672965
  cifar10_top5_accuracy: 0.9970259232954546

2024-05-21 13:23:41,347 - INFO - Validation Stats
Loss:
  total: 0.4479645496234298
Metrics:
  cifar10_top1_accuracy: 0.85234375
  cifar10_top5_accuracy: 0.992578125

2024-05-21 13:23:43,357 - INFO - Epoch 74/100
2024-05-21 13:24:38,564 - INFO - Train Stats
Loss:
  total: 0.32679825703698123
Metrics:
  cifar10_top1_accuracy: 0.8879789102145217
  cifar10_top5_accuracy: 0.9971812855113636

2024-05-21 13:24:41,688 - INFO - Validation Stats
Loss:
  total: 0.5338730884715914
Metrics:
  cifar10_top1_accuracy: 0.8328125
  cifar10_top5_accuracy: 0.991015625

2024-05-21 13:24:41,689 - INFO - Epoch 75/100
2024-05-21 13:25:35,403 - INFO - Train Stats
Loss:
  total: 0.3100928538478911
Metrics:
  cifar10_top1_accuracy: 0.8930738045072014
  cifar10_top5_accuracy: 0.9972922585227273

2024-05-21 13:25:38,526 - INFO - Validation Stats
Loss:
  total: 0.4769297018647194
Metrics:
  cifar10_top1_accuracy: 0.8396484375
  cifar10_top5_accuracy: 0.9931640625

2024-05-21 13:25:38,528 - INFO - Epoch 76/100
2024-05-21 13:26:31,906 - INFO - Train Stats
Loss:
  total: 0.29451255436817353
Metrics:
  cifar10_top1_accuracy: 0.8976902817799286
  cifar10_top5_accuracy: 0.9976917613636364

2024-05-21 13:26:35,234 - INFO - Validation Stats
Loss:
  total: 0.42669784985482695
Metrics:
  cifar10_top1_accuracy: 0.861328125
  cifar10_top5_accuracy: 0.99296875

2024-05-21 13:26:37,185 - INFO - Epoch 77/100
2024-05-21 13:27:30,430 - INFO - Train Stats
Loss:
  total: 0.2841692856216634
Metrics:
  cifar10_top1_accuracy: 0.9010293363508853
  cifar10_top5_accuracy: 0.997802734375

2024-05-21 13:27:33,591 - INFO - Validation Stats
Loss:
  total: 0.43433163985610007
Metrics:
  cifar10_top1_accuracy: 0.8646484375
  cifar10_top5_accuracy: 0.99296875

2024-05-21 13:27:33,592 - INFO - Epoch 78/100
2024-05-21 13:28:28,059 - INFO - Train Stats
Loss:
  total: 0.2722506685690446
Metrics:
  cifar10_top1_accuracy: 0.9060329860922965
  cifar10_top5_accuracy: 0.998046875

2024-05-21 13:28:31,284 - INFO - Validation Stats
Loss:
  total: 0.409668679907918
Metrics:
  cifar10_top1_accuracy: 0.866015625
  cifar10_top5_accuracy: 0.9935546875

2024-05-21 13:28:33,306 - INFO - Epoch 79/100
2024-05-21 13:29:26,766 - INFO - Train Stats
Loss:
  total: 0.25578023671087896
Metrics:
  cifar10_top1_accuracy: 0.9118060488253832
  cifar10_top5_accuracy: 0.9982688210227273

2024-05-21 13:29:29,900 - INFO - Validation Stats
Loss:
  total: 0.403114515542984
Metrics:
  cifar10_top1_accuracy: 0.8666015625
  cifar10_top5_accuracy: 0.9953125

2024-05-21 13:29:31,851 - INFO - Epoch 80/100
2024-05-21 13:30:24,981 - INFO - Train Stats
Loss:
  total: 0.23775294186039406
Metrics:
  cifar10_top1_accuracy: 0.9171006943691861
  cifar10_top5_accuracy: 0.9982022372159091

2024-05-21 13:30:28,215 - INFO - Validation Stats
Loss:
  total: 0.40862096324563024
Metrics:
  cifar10_top1_accuracy: 0.8728515625
  cifar10_top5_accuracy: 0.992578125

2024-05-21 13:30:28,216 - INFO - Epoch 81/100
2024-05-21 13:31:22,850 - INFO - Train Stats
Loss:
  total: 0.23320636618882418
Metrics:
  cifar10_top1_accuracy: 0.9188663983209566
  cifar10_top5_accuracy: 0.9985400883650238

2024-05-21 13:31:26,060 - INFO - Validation Stats
Loss:
  total: 0.3766007797792554
Metrics:
  cifar10_top1_accuracy: 0.8779296875
  cifar10_top5_accuracy: 0.99453125

2024-05-21 13:31:27,986 - INFO - Epoch 82/100
2024-05-21 13:32:21,739 - INFO - Train Stats
Loss:
  total: 0.22057454057291828
Metrics:
  cifar10_top1_accuracy: 0.9241857047785412
  cifar10_top5_accuracy: 0.9988236860795454

2024-05-21 13:32:24,881 - INFO - Validation Stats
Loss:
  total: 0.4198944948613644
Metrics:
  cifar10_top1_accuracy: 0.8654296875
  cifar10_top5_accuracy: 0.992578125

2024-05-21 13:32:24,882 - INFO - Epoch 83/100
2024-05-21 13:33:18,114 - INFO - Train Stats
Loss:
  total: 0.20723732096270064
Metrics:
  cifar10_top1_accuracy: 0.9272978812117468
  cifar10_top5_accuracy: 0.9990900213068182

2024-05-21 13:33:21,234 - INFO - Validation Stats
Loss:
  total: 0.41670543476939204
Metrics:
  cifar10_top1_accuracy: 0.8673828125
  cifar10_top5_accuracy: 0.994140625

2024-05-21 13:33:21,235 - INFO - Epoch 84/100
2024-05-21 13:34:14,528 - INFO - Train Stats
Loss:
  total: 0.1919990061909299
Metrics:
  cifar10_top1_accuracy: 0.9339463974941861
  cifar10_top5_accuracy: 0.9990234375

2024-05-21 13:34:17,719 - INFO - Validation Stats
Loss:
  total: 0.41112439297139647
Metrics:
  cifar10_top1_accuracy: 0.875
  cifar10_top5_accuracy: 0.99375

2024-05-21 13:34:17,720 - INFO - Epoch 85/100
2024-05-21 13:35:10,438 - INFO - Train Stats
Loss:
  total: 0.17939515369520945
Metrics:
  cifar10_top1_accuracy: 0.9377244121649049
  cifar10_top5_accuracy: 0.9990900213068182

2024-05-21 13:35:13,445 - INFO - Validation Stats
Loss:
  total: 0.385180236119777
Metrics:
  cifar10_top1_accuracy: 0.8826171875
  cifar10_top5_accuracy: 0.9943359375

2024-05-21 13:35:13,447 - INFO - Epoch 86/100
2024-05-21 13:36:06,799 - INFO - Train Stats
Loss:
  total: 0.165007839709605
Metrics:
  cifar10_top1_accuracy: 0.9423063644631342
  cifar10_top5_accuracy: 0.9995339133522727

2024-05-21 13:36:09,919 - INFO - Validation Stats
Loss:
  total: 0.3915706269443035
Metrics:
  cifar10_top1_accuracy: 0.8802734375
  cifar10_top5_accuracy: 0.9935546875

2024-05-21 13:36:09,920 - INFO - Epoch 87/100
2024-05-21 13:37:05,067 - INFO - Train Stats
Loss:
  total: 0.15010772571391004
Metrics:
  cifar10_top1_accuracy: 0.9490165324373678
  cifar10_top5_accuracy: 0.9994451349431818

2024-05-21 13:37:08,093 - INFO - Validation Stats
Loss:
  total: 0.38665552753955124
Metrics:
  cifar10_top1_accuracy: 0.880078125
  cifar10_top5_accuracy: 0.9931640625

2024-05-21 13:37:08,094 - INFO - Epoch 88/100
2024-05-21 13:38:01,131 - INFO - Train Stats
Loss:
  total: 0.1407020430144092
Metrics:
  cifar10_top1_accuracy: 0.950910471887751
  cifar10_top5_accuracy: 0.9994451349431818

2024-05-21 13:38:04,396 - INFO - Validation Stats
Loss:
  total: 0.3932274241000414
Metrics:
  cifar10_top1_accuracy: 0.879296875
  cifar10_top5_accuracy: 0.994140625

2024-05-21 13:38:04,398 - INFO - Epoch 89/100
2024-05-21 13:38:58,004 - INFO - Train Stats
Loss:
  total: 0.12665159365860745
Metrics:
  cifar10_top1_accuracy: 0.9571372908963398
  cifar10_top5_accuracy: 0.9995339133522727

2024-05-21 13:39:01,262 - INFO - Validation Stats
Loss:
  total: 0.3731723913922906
Metrics:
  cifar10_top1_accuracy: 0.8830078125
  cifar10_top5_accuracy: 0.995703125

2024-05-21 13:39:03,247 - INFO - Epoch 90/100
2024-05-21 13:39:57,364 - INFO - Train Stats
Loss:
  total: 0.12256403010211546
Metrics:
  cifar10_top1_accuracy: 0.9585207544944503
  cifar10_top5_accuracy: 0.9994007457386364

2024-05-21 13:40:00,478 - INFO - Validation Stats
Loss:
  total: 0.3861469395458698
Metrics:
  cifar10_top1_accuracy: 0.8841796875
  cifar10_top5_accuracy: 0.9947265625

2024-05-21 13:40:02,487 - INFO - Epoch 91/100
2024-05-21 13:40:56,456 - INFO - Train Stats
Loss:
  total: 0.10887921174501324
Metrics:
  cifar10_top1_accuracy: 0.9632556028664112
  cifar10_top5_accuracy: 0.9998224431818182

2024-05-21 13:40:59,462 - INFO - Validation Stats
Loss:
  total: 0.3808673433959484
Metrics:
  cifar10_top1_accuracy: 0.8892578125
  cifar10_top5_accuracy: 0.99453125

2024-05-21 13:40:59,464 - INFO - Epoch 92/100
2024-05-21 13:41:52,561 - INFO - Train Stats
Loss:
  total: 0.10173681306927888
Metrics:
  cifar10_top1_accuracy: 0.9668609926646407
  cifar10_top5_accuracy: 0.9997114701704546

2024-05-21 13:41:55,936 - INFO - Validation Stats
Loss:
  total: 0.37275899490341546
Metrics:
  cifar10_top1_accuracy: 0.8923828125
  cifar10_top5_accuracy: 0.9953125

2024-05-21 13:41:57,873 - INFO - Epoch 93/100
2024-05-21 13:42:50,814 - INFO - Train Stats
Loss:
  total: 0.0936666615148583
Metrics:
  cifar10_top1_accuracy: 0.9686587554487315
  cifar10_top5_accuracy: 0.9998002485795454

2024-05-21 13:42:53,979 - INFO - Validation Stats
Loss:
  total: 0.3833713514730334
Metrics:
  cifar10_top1_accuracy: 0.8892578125
  cifar10_top5_accuracy: 0.994140625

2024-05-21 13:42:53,981 - INFO - Epoch 94/100
2024-05-21 13:43:47,113 - INFO - Train Stats
Loss:
  total: 0.0880392266818407
Metrics:
  cifar10_top1_accuracy: 0.9698917889459566
  cifar10_top5_accuracy: 0.9998668323863636

2024-05-21 13:43:50,255 - INFO - Validation Stats
Loss:
  total: 0.36847804617136715
Metrics:
  cifar10_top1_accuracy: 0.8908203125
  cifar10_top5_accuracy: 0.99453125

2024-05-21 13:43:52,213 - INFO - Epoch 95/100
2024-05-21 13:44:47,576 - INFO - Train Stats
Loss:
  total: 0.08245895784718661
Metrics:
  cifar10_top1_accuracy: 0.9720002761618658
  cifar10_top5_accuracy: 0.9998668323863636

2024-05-21 13:44:50,675 - INFO - Validation Stats
Loss:
  total: 0.3734982075169683
Metrics:
  cifar10_top1_accuracy: 0.8943359375
  cifar10_top5_accuracy: 0.99453125

2024-05-21 13:44:50,675 - INFO - Epoch 96/100
2024-05-21 13:45:43,669 - INFO - Train Stats
Loss:
  total: 0.07750577781222422
Metrics:
  cifar10_top1_accuracy: 0.9736821338195693
  cifar10_top5_accuracy: 0.9998446377840909

2024-05-21 13:45:46,925 - INFO - Validation Stats
Loss:
  total: 0.37052456606179474
Metrics:
  cifar10_top1_accuracy: 0.892578125
  cifar10_top5_accuracy: 0.9947265625

2024-05-21 13:45:46,926 - INFO - Epoch 97/100
2024-05-21 13:46:39,160 - INFO - Train Stats
Loss:
  total: 0.0729316469091414
Metrics:
  cifar10_top1_accuracy: 0.9759287207641385
  cifar10_top5_accuracy: 0.9998890269886364

2024-05-21 13:46:42,224 - INFO - Validation Stats
Loss:
  total: 0.37246280554682015
Metrics:
  cifar10_top1_accuracy: 0.8935546875
  cifar10_top5_accuracy: 0.9947265625

2024-05-21 13:46:42,226 - INFO - Epoch 98/100
2024-05-21 13:47:36,695 - INFO - Train Stats
Loss:
  total: 0.07365610269533301
Metrics:
  cifar10_top1_accuracy: 0.9756623855368658
  cifar10_top5_accuracy: 0.9998890269886364

2024-05-21 13:47:39,781 - INFO - Validation Stats
Loss:
  total: 0.3703262974508107
Metrics:
  cifar10_top1_accuracy: 0.8939453125
  cifar10_top5_accuracy: 0.9951171875

2024-05-21 13:47:39,783 - INFO - Epoch 99/100
2024-05-21 13:48:32,374 - INFO - Train Stats
Loss:
  total: 0.07497554361841387
Metrics:
  cifar10_top1_accuracy: 0.9753516611050476
  cifar10_top5_accuracy: 0.9997780539772727

2024-05-21 13:48:35,484 - INFO - Validation Stats
Loss:
  total: 0.36970355845987796
Metrics:
  cifar10_top1_accuracy: 0.89296875
  cifar10_top5_accuracy: 0.994921875

2024-05-21 13:48:35,485 - INFO - Epoch 100/100
2024-05-21 13:49:30,062 - INFO - Train Stats
Loss:
  total: 0.07053287865445865
Metrics:
  cifar10_top1_accuracy: 0.977033518762751
  cifar10_top5_accuracy: 0.9998890269886364

2024-05-21 13:49:33,169 - INFO - Validation Stats
Loss:
  total: 0.36977657545357945
Metrics:
  cifar10_top1_accuracy: 0.8947265625
  cifar10_top5_accuracy: 0.9951171875

2024-05-21 13:49:35,096 - INFO - Best validation loss: 0.36847804617136715
2024-05-21 13:49:36,573 - INFO - Best model saved to /home/up201905337/exploring-label-efficiency/weights/sl_cifar10_resnet50.pth
2024-05-21 13:49:36,576 - INFO - Training took 5791.335238695145 seconds to complete
