2024-06-27 19:11:40,866 - INFO - Loading configuration files...
2024-06-27 19:11:40,982 - INFO - Loading model configuration
args:
  backbone: mobilenet_v3_large
  num_classes: 20
class: DeepLabV3

2024-06-27 19:11:41,083 - INFO - Loading train_dataset configuration
args:
  num_labeled: 309
  root: /data/auto/cityscapes
  train_val_split: 2475
class: SemiSupervisedCityscapesSeg

2024-06-27 19:11:41,129 - INFO - Loading train_dataset configuration
args:
  num_labeled: 309
  root: /data/auto/cityscapes
  train_val_split: 2475
class: SemiSupervisedCityscapesSeg

2024-06-27 19:11:41,145 - INFO - Loading val_dataset configuration
args:
  mode: fine
  root: /data/auto/cityscapes
  train_val_split: 2475
class: CityscapesSeg

2024-06-27 19:11:41,153 - INFO - Loading optimizer configuration
args:
  lr: 0.01
  momentum: 0.9
  nesterov: true
  weight_decay: 0.0005
class: SGD

2024-06-27 19:11:41,159 - INFO - Loading method configuration
args:
  alpha: 0.75
  k: 2
  temperature: 0.5
  unsupervised_weight_rampup_length: 60
  w_max: 75.0
class: MixMatchV2CityscapesSeg

2024-06-27 19:11:41,160 - INFO - Loading loss configuration
args:
  ignore_index: 0
class: CrossEntropyLoss

2024-06-27 19:11:41,174 - INFO - Loading metrics configuration
cityscapes_dice:
  args:
    average: micro
    ignore_index: 0
    num_classes: 20
  class: Dice
cityscapes_jaccard_macro:
  args:
    average: macro
    ignore_index: 0
    num_classes: 20
    task: multiclass
    validate_args: false
  class: JaccardIndex
cityscapes_jaccard_micro:
  args:
    average: micro
    ignore_index: 0
    num_classes: 20
    task: multiclass
    validate_args: false
  class: JaccardIndex

2024-06-27 19:11:41,177 - INFO - Loading scheduler configuration
args:
  T_max: 120
class: CosineAnnealingLR

2024-06-27 19:11:41,177 - INFO - Loading hyperparameters configuration
ema_decay: 0.99
epochs: 120
labeled_batch_size: 1
num_workers: 4
save_freq: 10
unlabeled_batch_size: 3

2024-06-27 19:11:41,181 - INFO - Using device: cuda
2024-06-27 19:11:42,769 - INFO - Training for 120 epochs
2024-06-27 19:11:42,793 - INFO - Epoch 1/120
2024-06-27 19:18:41,719 - INFO - Train Stats
Loss:
  supervised: 1.0345359836195664
  total: 1.0345359836195664
  unsupervised: 0.005953614624114677
  unsupervised_weighted: 0.0
Metrics:
  cityscapes_dice: 0.7308090152143588
  cityscapes_jaccard_macro: 0.24280678032984818
  cityscapes_jaccard_micro: 0.6237357985642723

2024-06-27 19:19:12,755 - INFO - Validation Stats
Loss:
  total: 0.666274507522583
Metrics:
  cityscapes_dice: 0.7883502783775329
  cityscapes_jaccard_macro: 0.250519610285759
  cityscapes_jaccard_micro: 0.6901955881118774

2024-06-27 19:19:12,861 - INFO - Epoch 2/120
2024-06-27 19:26:10,849 - INFO - Train Stats
Loss:
  supervised: 0.8867458375140687
  total: 0.893701778357083
  unsupervised: 0.005564753422408115
  unsupervised_weighted: 0.006955941783378811
Metrics:
  cityscapes_dice: 0.7841330194615226
  cityscapes_jaccard_macro: 0.2972670912207255
  cityscapes_jaccard_micro: 0.6883850365275861

2024-06-27 19:26:41,773 - INFO - Validation Stats
Loss:
  total: 0.635106828212738
Metrics:
  cityscapes_dice: 0.8017438292503357
  cityscapes_jaccard_macro: 0.27697472286224367
  cityscapes_jaccard_micro: 0.714669606924057

2024-06-27 19:26:41,925 - INFO - Epoch 3/120
2024-06-27 19:33:50,585 - INFO - Train Stats
Loss:
  supervised: 0.7967430012704485
  total: 0.8085530639466344
  unsupervised: 0.004724025390258595
  unsupervised_weighted: 0.011810063471879002
Metrics:
  cityscapes_dice: 0.8057630728918179
  cityscapes_jaccard_macro: 0.31607364995772785
  cityscapes_jaccard_micro: 0.716103533849506

2024-06-27 19:34:21,652 - INFO - Validation Stats
Loss:
  total: 0.5473758640289307
Metrics:
  cityscapes_dice: 0.8283161354064942
  cityscapes_jaccard_macro: 0.3061262445449829
  cityscapes_jaccard_micro: 0.737558738231659

2024-06-27 19:34:21,790 - INFO - Epoch 4/120
2024-06-27 19:41:22,860 - INFO - Train Stats
Loss:
  supervised: 0.7580024597135563
  total: 0.7740970713999665
  unsupervised: 0.004291896251313581
  unsupervised_weighted: 0.016094610928392043
Metrics:
  cityscapes_dice: 0.8128267284542997
  cityscapes_jaccard_macro: 0.3183527505175967
  cityscapes_jaccard_micro: 0.7285340715766339

2024-06-27 19:41:53,950 - INFO - Validation Stats
Loss:
  total: 0.5670865592956543
Metrics:
  cityscapes_dice: 0.8171752052307129
  cityscapes_jaccard_macro: 0.299899994969368
  cityscapes_jaccard_micro: 0.7303873853683471

2024-06-27 19:41:53,951 - INFO - Epoch 5/120
2024-06-27 19:49:07,181 - INFO - Train Stats
Loss:
  supervised: 0.7062096872568903
  total: 0.7222902772881838
  unsupervised: 0.0032161174897363705
  unsupervised_weighted: 0.016080587437756144
Metrics:
  cityscapes_dice: 0.8230392198684147
  cityscapes_jaccard_macro: 0.3318760022521019
  cityscapes_jaccard_micro: 0.7412277529299452

2024-06-27 19:49:39,319 - INFO - Validation Stats
Loss:
  total: 0.5053721697330474
Metrics:
  cityscapes_dice: 0.8345342049598694
  cityscapes_jaccard_macro: 0.3129511157274246
  cityscapes_jaccard_micro: 0.755011338710785

2024-06-27 19:49:39,426 - INFO - Epoch 6/120
2024-06-27 19:56:48,610 - INFO - Train Stats
Loss:
  supervised: 0.6753924163992737
  total: 0.6922461299834514
  unsupervised: 0.0026965943053229124
  unsupervised_weighted: 0.016853714426587604
Metrics:
  cityscapes_dice: 0.8231223438109925
  cityscapes_jaccard_macro: 0.33915793819768913
  cityscapes_jaccard_micro: 0.7419821378280647

2024-06-27 19:57:20,291 - INFO - Validation Stats
Loss:
  total: 0.5690393681526185
Metrics:
  cityscapes_dice: 0.8395234975814819
  cityscapes_jaccard_macro: 0.31815276956558225
  cityscapes_jaccard_micro: 0.7494451122283936

2024-06-27 19:57:20,291 - INFO - Epoch 7/120
2024-06-27 20:04:21,422 - INFO - Train Stats
Loss:
  supervised: 0.6668409547470149
  total: 0.6836789711393585
  unsupervised: 0.0022450688309759554
  unsupervised_weighted: 0.016838016225067254
Metrics:
  cityscapes_dice: 0.818580169076986
  cityscapes_jaccard_macro: 0.34020869583373703
  cityscapes_jaccard_micro: 0.7370178396557382

2024-06-27 20:05:03,575 - INFO - Validation Stats
Loss:
  total: 0.5892092823982239
Metrics:
  cityscapes_dice: 0.8399914059638977
  cityscapes_jaccard_macro: 0.32302318704128263
  cityscapes_jaccard_micro: 0.7490591540336609

2024-06-27 20:05:03,575 - INFO - Epoch 8/120
2024-06-27 20:12:13,775 - INFO - Train Stats
Loss:
  supervised: 0.6135680918554658
  total: 0.630101992377957
  unsupervised: 0.001889588847333674
  unsupervised_weighted: 0.01653390233992662
Metrics:
  cityscapes_dice: 0.8289379072661924
  cityscapes_jaccard_macro: 0.3538614044924384
  cityscapes_jaccard_micro: 0.7509809832742684

2024-06-27 20:12:44,728 - INFO - Validation Stats
Loss:
  total: 0.4811447598934174
Metrics:
  cityscapes_dice: 0.8484810128211975
  cityscapes_jaccard_macro: 0.34546788907051085
  cityscapes_jaccard_micro: 0.7654794516563416

2024-06-27 20:12:44,839 - INFO - Epoch 9/120
2024-06-27 20:19:57,770 - INFO - Train Stats
Loss:
  supervised: 0.5876651101031349
  total: 0.602597842903199
  unsupervised: 0.001493273372234457
  unsupervised_weighted: 0.014932733744195991
Metrics:
  cityscapes_dice: 0.8341439373091972
  cityscapes_jaccard_macro: 0.3506924765106158
  cityscapes_jaccard_micro: 0.7567553770484277

2024-06-27 20:20:37,969 - INFO - Validation Stats
Loss:
  total: 0.4537412978410721
Metrics:
  cityscapes_dice: 0.85127854347229
  cityscapes_jaccard_macro: 0.33501067185401917
  cityscapes_jaccard_micro: 0.7764643335342407

2024-06-27 20:20:38,079 - INFO - Epoch 10/120
2024-06-27 20:27:45,384 - INFO - Train Stats
Loss:
  supervised: 0.604708973161611
  total: 0.6201736563907086
  unsupervised: 0.00137463840175628
  unsupervised_weighted: 0.015464682030283566
Metrics:
  cityscapes_dice: 0.8221459185951736
  cityscapes_jaccard_macro: 0.34246776162565334
  cityscapes_jaccard_micro: 0.7413602439282782

2024-06-27 20:28:16,856 - INFO - Validation Stats
Loss:
  total: 0.4407468874454498
Metrics:
  cityscapes_dice: 0.8552840352058411
  cityscapes_jaccard_macro: 0.3530480686426163
  cityscapes_jaccard_micro: 0.7784643201828003

2024-06-27 20:28:17,075 - INFO - Epoch 11/120
2024-06-27 20:35:20,714 - INFO - Train Stats
Loss:
  supervised: 0.5997825303509783
  total: 0.6175279493856585
  unsupervised: 0.0014196333470136457
  unsupervised_weighted: 0.017745416790011872
Metrics:
  cityscapes_dice: 0.8218375565936265
  cityscapes_jaccard_macro: 0.34757400639234626
  cityscapes_jaccard_micro: 0.7440177042121641

2024-06-27 20:35:51,870 - INFO - Validation Stats
Loss:
  total: 0.4861085350513458
Metrics:
  cityscapes_dice: 0.8459210638999939
  cityscapes_jaccard_macro: 0.33840594816207886
  cityscapes_jaccard_micro: 0.7606672368049622

2024-06-27 20:35:51,870 - INFO - Epoch 12/120
2024-06-27 20:43:07,157 - INFO - Train Stats
Loss:
  supervised: 0.5918857496726089
  total: 0.6092719759755921
  unsupervised: 0.0012644527960454888
  unsupervised_weighted: 0.017386225906643762
Metrics:
  cityscapes_dice: 0.8274249482694953
  cityscapes_jaccard_macro: 0.35143861328899667
  cityscapes_jaccard_micro: 0.7465029789020329

2024-06-27 20:43:38,402 - INFO - Validation Stats
Loss:
  total: 0.4864798836708069
Metrics:
  cityscapes_dice: 0.8454012579917908
  cityscapes_jaccard_macro: 0.34781622695922854
  cityscapes_jaccard_micro: 0.7615796165466309

2024-06-27 20:43:38,402 - INFO - Epoch 13/120
2024-06-27 20:50:48,422 - INFO - Train Stats
Loss:
  supervised: 0.5567315354412813
  total: 0.5737574208997985
  unsupervised: 0.0011350589635850511
  unsupervised_weighted: 0.017025884393825644
Metrics:
  cityscapes_dice: 0.8403028165831149
  cityscapes_jaccard_macro: 0.36031304572295986
  cityscapes_jaccard_micro: 0.7645681398200371

2024-06-27 20:51:19,674 - INFO - Validation Stats
Loss:
  total: 0.47066233050823214
Metrics:
  cityscapes_dice: 0.845978714466095
  cityscapes_jaccard_macro: 0.32937568593025207
  cityscapes_jaccard_micro: 0.7646448364257813

2024-06-27 20:51:19,674 - INFO - Epoch 14/120
2024-06-27 20:58:35,415 - INFO - Train Stats
Loss:
  supervised: 0.5554585269257475
  total: 0.5703396325068952
  unsupervised: 0.0009157603891874576
  unsupervised_weighted: 0.01488110632108205
Metrics:
  cityscapes_dice: 0.8386591181978824
  cityscapes_jaccard_macro: 0.36450638364048066
  cityscapes_jaccard_micro: 0.7644957380194495

2024-06-27 20:59:06,651 - INFO - Validation Stats
Loss:
  total: 0.5707782304286957
Metrics:
  cityscapes_dice: 0.8315547113418579
  cityscapes_jaccard_macro: 0.3523598408699036
  cityscapes_jaccard_micro: 0.733421181678772

2024-06-27 20:59:06,651 - INFO - Epoch 15/120
2024-06-27 21:06:11,492 - INFO - Train Stats
Loss:
  supervised: 0.5390189743832863
  total: 0.5557544834212578
  unsupervised: 0.0009563147748461065
  unsupervised_weighted: 0.016735508505248957
Metrics:
  cityscapes_dice: 0.835878342486508
  cityscapes_jaccard_macro: 0.36467780035386965
  cityscapes_jaccard_micro: 0.760357475637618

2024-06-27 21:06:42,660 - INFO - Validation Stats
Loss:
  total: 0.5131817605495453
Metrics:
  cityscapes_dice: 0.8456564536094665
  cityscapes_jaccard_macro: 0.3521081367731094
  cityscapes_jaccard_micro: 0.7601680464744568

2024-06-27 21:06:42,660 - INFO - Epoch 16/120
2024-06-27 21:13:58,470 - INFO - Train Stats
Loss:
  supervised: 0.5424114168172516
  total: 0.5585837011680634
  unsupervised: 0.0008625217858840588
  unsupervised_weighted: 0.016172283495592504
Metrics:
  cityscapes_dice: 0.8378830764768193
  cityscapes_jaccard_macro: 0.36644785781315614
  cityscapes_jaccard_micro: 0.7625107410330699

2024-06-27 21:14:32,070 - INFO - Validation Stats
Loss:
  total: 0.4821848750114441
Metrics:
  cityscapes_dice: 0.8425494503974914
  cityscapes_jaccard_macro: 0.3383893634080887
  cityscapes_jaccard_micro: 0.7582131667137146

2024-06-27 21:14:32,070 - INFO - Epoch 17/120
2024-06-27 21:21:40,965 - INFO - Train Stats
Loss:
  supervised: 0.5347476634875085
  total: 0.550977305783423
  unsupervised: 0.0008114821748588758
  unsupervised_weighted: 0.01622964348417969
Metrics:
  cityscapes_dice: 0.8382520772106825
  cityscapes_jaccard_macro: 0.36827679764491456
  cityscapes_jaccard_micro: 0.7643503638340046

2024-06-27 21:22:12,110 - INFO - Validation Stats
Loss:
  total: 0.4719397654533386
Metrics:
  cityscapes_dice: 0.8480575075149536
  cityscapes_jaccard_macro: 0.34782435393333433
  cityscapes_jaccard_micro: 0.7666209363937377

2024-06-27 21:22:12,110 - INFO - Epoch 18/120
2024-06-27 21:29:26,794 - INFO - Train Stats
Loss:
  supervised: 0.5583474296099932
  total: 0.5782569926533498
  unsupervised: 0.0009369205879473239
  unsupervised_weighted: 0.019909562472205815
Metrics:
  cityscapes_dice: 0.8290134122456547
  cityscapes_jaccard_macro: 0.35622793534909253
  cityscapes_jaccard_micro: 0.7485866335892755

2024-06-27 21:30:10,288 - INFO - Validation Stats
Loss:
  total: 0.5187176516056061
Metrics:
  cityscapes_dice: 0.8295203595161438
  cityscapes_jaccard_macro: 0.33008362412452696
  cityscapes_jaccard_micro: 0.7404184045791626

2024-06-27 21:30:10,288 - INFO - Epoch 19/120
2024-06-27 21:37:20,627 - INFO - Train Stats
Loss:
  supervised: 0.514091934249239
  total: 0.5306058290224631
  unsupervised: 0.000733950820197291
  unsupervised_weighted: 0.016513893440287426
Metrics:
  cityscapes_dice: 0.8489009100449509
  cityscapes_jaccard_macro: 0.37387009295348594
  cityscapes_jaccard_micro: 0.7742479525530608

2024-06-27 21:37:51,774 - INFO - Validation Stats
Loss:
  total: 0.6228766332864761
Metrics:
  cityscapes_dice: 0.831310667514801
  cityscapes_jaccard_macro: 0.33565691876411435
  cityscapes_jaccard_micro: 0.7354399995803833

2024-06-27 21:37:51,774 - INFO - Epoch 20/120
2024-06-27 21:45:07,390 - INFO - Train Stats
Loss:
  supervised: 0.5085667119057047
  total: 0.5254732519388199
  unsupervised: 0.0007118543099576583
  unsupervised_weighted: 0.01690653987111325
Metrics:
  cityscapes_dice: 0.8455272355511736
  cityscapes_jaccard_macro: 0.37897010984254886
  cityscapes_jaccard_micro: 0.7720273185316413

2024-06-27 21:45:38,753 - INFO - Validation Stats
Loss:
  total: 0.3924224452972412
Metrics:
  cityscapes_dice: 0.8646811475753784
  cityscapes_jaccard_macro: 0.3708230648040772
  cityscapes_jaccard_micro: 0.7956264371871948

2024-06-27 21:45:39,013 - INFO - Epoch 21/120
2024-06-27 21:52:48,893 - INFO - Train Stats
Loss:
  supervised: 0.5365466624498367
  total: 0.5582458973895384
  unsupervised: 0.0008679694095988152
  unsupervised_weighted: 0.021699235213974728
Metrics:
  cityscapes_dice: 0.8387473948950906
  cityscapes_jaccard_macro: 0.368743758371347
  cityscapes_jaccard_micro: 0.7630481160092122

2024-06-27 21:53:20,073 - INFO - Validation Stats
Loss:
  total: 0.434328737616539
Metrics:
  cityscapes_dice: 0.850761477470398
  cityscapes_jaccard_macro: 0.33812922024726866
  cityscapes_jaccard_micro: 0.7740670852661132

2024-06-27 21:53:20,074 - INFO - Epoch 22/120
2024-06-27 22:00:31,628 - INFO - Train Stats
Loss:
  supervised: 0.5007570388826351
  total: 0.51877775243378
  unsupervised: 0.000686503407912906
  unsupervised_weighted: 0.018020714482467344
Metrics:
  cityscapes_dice: 0.8550353035764787
  cityscapes_jaccard_macro: 0.38346721972173087
  cityscapes_jaccard_micro: 0.7826417934354455

2024-06-27 22:01:02,836 - INFO - Validation Stats
Loss:
  total: 0.4120459896326065
Metrics:
  cityscapes_dice: 0.8724724864959716
  cityscapes_jaccard_macro: 0.3720266237258911
  cityscapes_jaccard_micro: 0.8000538549423217

2024-06-27 22:01:02,836 - INFO - Epoch 23/120
2024-06-27 22:08:12,114 - INFO - Train Stats
Loss:
  supervised: 0.5100448238135927
  total: 0.5313196101234955
  unsupervised: 0.0007736286039218913
  unsupervised_weighted: 0.021274786569859264
Metrics:
  cityscapes_dice: 0.8499759099051405
  cityscapes_jaccard_macro: 0.3791650725848081
  cityscapes_jaccard_micro: 0.777607215646787

2024-06-27 22:08:46,189 - INFO - Validation Stats
Loss:
  total: 0.5803365559577942
Metrics:
  cityscapes_dice: 0.8103988747596741
  cityscapes_jaccard_macro: 0.3273185781240463
  cityscapes_jaccard_micro: 0.7135542576313019

2024-06-27 22:08:46,189 - INFO - Epoch 24/120
2024-06-27 22:16:02,227 - INFO - Train Stats
Loss:
  supervised: 0.48451295437164676
  total: 0.5029673836763623
  unsupervised: 0.0006418932140932922
  unsupervised_weighted: 0.018454429880387382
Metrics:
  cityscapes_dice: 0.8568718901151207
  cityscapes_jaccard_macro: 0.38054321342205155
  cityscapes_jaccard_micro: 0.7849352346269058

2024-06-27 22:16:33,935 - INFO - Validation Stats
Loss:
  total: 0.3817796319723129
Metrics:
  cityscapes_dice: 0.8735042033195496
  cityscapes_jaccard_macro: 0.38946923351287843
  cityscapes_jaccard_micro: 0.8091566410064698

2024-06-27 22:16:34,067 - INFO - Epoch 25/120
2024-06-27 22:23:45,030 - INFO - Train Stats
Loss:
  supervised: 0.4931315437296833
  total: 0.5138320177793503
  unsupervised: 0.0006900157969807422
  unsupervised_weighted: 0.02070047394116334
Metrics:
  cityscapes_dice: 0.8535401921442025
  cityscapes_jaccard_macro: 0.38856720803817885
  cityscapes_jaccard_micro: 0.7830332745240344

2024-06-27 22:24:16,413 - INFO - Validation Stats
Loss:
  total: 0.5488271405696868
Metrics:
  cityscapes_dice: 0.8274618601799011
  cityscapes_jaccard_macro: 0.34113488292694094
  cityscapes_jaccard_micro: 0.7323983311653137

2024-06-27 22:24:16,414 - INFO - Epoch 26/120
2024-06-27 22:31:26,871 - INFO - Train Stats
Loss:
  supervised: 0.5055229550040655
  total: 0.5282534438525974
  unsupervised: 0.0007273755617900133
  unsupervised_weighted: 0.022730486247459467
Metrics:
  cityscapes_dice: 0.8469026858909326
  cityscapes_jaccard_macro: 0.3803541111835144
  cityscapes_jaccard_micro: 0.7717512499363125

2024-06-27 22:31:57,969 - INFO - Validation Stats
Loss:
  total: 0.7205972585678101
Metrics:
  cityscapes_dice: 0.8008229780197144
  cityscapes_jaccard_macro: 0.32710364437103273
  cityscapes_jaccard_micro: 0.6883118791580201

2024-06-27 22:31:57,969 - INFO - Epoch 27/120
2024-06-27 22:39:09,587 - INFO - Train Stats
Loss:
  supervised: 0.48896633645573867
  total: 0.5071083136795023
  unsupervised: 0.0005582146958361717
  unsupervised_weighted: 0.018141977647229017
Metrics:
  cityscapes_dice: 0.8551773390337873
  cityscapes_jaccard_macro: 0.38654104596106365
  cityscapes_jaccard_micro: 0.7833576391429963

2024-06-27 22:39:40,940 - INFO - Validation Stats
Loss:
  total: 0.5386397883892059
Metrics:
  cityscapes_dice: 0.8226505179405212
  cityscapes_jaccard_macro: 0.3202368298768997
  cityscapes_jaccard_micro: 0.7271717019081115

2024-06-27 22:39:40,940 - INFO - Epoch 28/120
2024-06-27 22:46:56,631 - INFO - Train Stats
Loss:
  supervised: 0.4895618969761438
  total: 0.5103401884581279
  unsupervised: 0.000615653077592172
  unsupervised_weighted: 0.02077829135841054
Metrics:
  cityscapes_dice: 0.8548044957775128
  cityscapes_jaccard_macro: 0.3775024337145503
  cityscapes_jaccard_micro: 0.7807868332345894

2024-06-27 22:47:32,871 - INFO - Validation Stats
Loss:
  total: 0.502227264881134
Metrics:
  cityscapes_dice: 0.8430953364372253
  cityscapes_jaccard_macro: 0.3698190522193909
  cityscapes_jaccard_micro: 0.7540951271057129

2024-06-27 22:47:32,871 - INFO - Epoch 29/120
2024-06-27 22:54:38,713 - INFO - Train Stats
Loss:
  supervised: 0.4829524601643911
  total: 0.5084262105446418
  unsupervised: 0.0007278214097499597
  unsupervised_weighted: 0.025473749378099313
Metrics:
  cityscapes_dice: 0.8541263949523852
  cityscapes_jaccard_macro: 0.3901953975576606
  cityscapes_jaccard_micro: 0.783923673494734

2024-06-27 22:55:10,691 - INFO - Validation Stats
Loss:
  total: 0.5026520748138428
Metrics:
  cityscapes_dice: 0.831376615524292
  cityscapes_jaccard_macro: 0.340317574262619
  cityscapes_jaccard_micro: 0.7470441021919251

2024-06-27 22:55:10,691 - INFO - Epoch 30/120
2024-06-27 23:02:19,177 - INFO - Train Stats
Loss:
  supervised: 0.4800699196490655
  total: 0.5021489073543487
  unsupervised: 0.0006090755497925224
  unsupervised_weighted: 0.02207898864338723
Metrics:
  cityscapes_dice: 0.8604570151725633
  cityscapes_jaccard_macro: 0.3879890937635428
  cityscapes_jaccard_micro: 0.7903964703715735

2024-06-27 23:03:04,135 - INFO - Validation Stats
Loss:
  total: 0.4430557487010956
Metrics:
  cityscapes_dice: 0.8600325899124146
  cityscapes_jaccard_macro: 0.3764068944454193
  cityscapes_jaccard_micro: 0.7825861296653748

2024-06-27 23:03:04,252 - INFO - Epoch 31/120
2024-06-27 23:10:20,225 - INFO - Train Stats
Loss:
  supervised: 0.4943016117444702
  total: 0.5184722934340196
  unsupervised: 0.000644551485890491
  unsupervised_weighted: 0.024170680707742528
Metrics:
  cityscapes_dice: 0.8513529481046794
  cityscapes_jaccard_macro: 0.38288684150740554
  cityscapes_jaccard_micro: 0.7795143976662923

2024-06-27 23:10:51,488 - INFO - Validation Stats
Loss:
  total: 0.41658069264888764
Metrics:
  cityscapes_dice: 0.8664240884780884
  cityscapes_jaccard_macro: 0.3670010149478912
  cityscapes_jaccard_micro: 0.7916654977798462

2024-06-27 23:10:51,488 - INFO - Epoch 32/120
2024-06-27 23:18:01,834 - INFO - Train Stats
Loss:
  supervised: 0.4854963281731389
  total: 0.5100815754781649
  unsupervised: 0.0006344579605954175
  unsupervised_weighted: 0.02458524597208935
Metrics:
  cityscapes_dice: 0.8563271548755732
  cityscapes_jaccard_macro: 0.39244873566149124
  cityscapes_jaccard_micro: 0.7855948045801576

2024-06-27 23:18:33,048 - INFO - Validation Stats
Loss:
  total: 0.5259089992046356
Metrics:
  cityscapes_dice: 0.8407211012840271
  cityscapes_jaccard_macro: 0.35192113292217253
  cityscapes_jaccard_micro: 0.7515075368881226

2024-06-27 23:18:33,048 - INFO - Epoch 33/120
2024-06-27 23:25:44,560 - INFO - Train Stats
Loss:
  supervised: 0.49320384498360087
  total: 0.5240930031900652
  unsupervised: 0.000772228973659967
  unsupervised_weighted: 0.03088915890269584
Metrics:
  cityscapes_dice: 0.8520275733424622
  cityscapes_jaccard_macro: 0.38604484057252847
  cityscapes_jaccard_micro: 0.7814822211427596

2024-06-27 23:26:15,728 - INFO - Validation Stats
Loss:
  total: 0.45696188163757323
Metrics:
  cityscapes_dice: 0.8452082028388977
  cityscapes_jaccard_macro: 0.3523956831693649
  cityscapes_jaccard_micro: 0.7602050108909607

2024-06-27 23:26:15,728 - INFO - Epoch 34/120
2024-06-27 23:33:26,133 - INFO - Train Stats
Loss:
  supervised: 0.47767088622529913
  total: 0.5018998434146246
  unsupervised: 0.0005873686684017494
  unsupervised_weighted: 0.02422895765046568
Metrics:
  cityscapes_dice: 0.8546226209807164
  cityscapes_jaccard_macro: 0.39085609550229167
  cityscapes_jaccard_micro: 0.7847299777863481

2024-06-27 23:33:59,176 - INFO - Validation Stats
Loss:
  total: 0.35441292107105254
Metrics:
  cityscapes_dice: 0.877244921207428
  cityscapes_jaccard_macro: 0.38969213628768923
  cityscapes_jaccard_micro: 0.8127416090965272

2024-06-27 23:33:59,311 - INFO - Epoch 35/120
2024-06-27 23:41:15,105 - INFO - Train Stats
Loss:
  supervised: 0.47913917132372996
  total: 0.5054219621188433
  unsupervised: 0.0006184185951208608
  unsupervised_weighted: 0.02628279032945199
Metrics:
  cityscapes_dice: 0.8540611786942651
  cityscapes_jaccard_macro: 0.39036996650560774
  cityscapes_jaccard_micro: 0.781851216379107

2024-06-27 23:41:46,407 - INFO - Validation Stats
Loss:
  total: 0.4145033543109894
Metrics:
  cityscapes_dice: 0.8624146308898926
  cityscapes_jaccard_macro: 0.35929931592941283
  cityscapes_jaccard_micro: 0.7887645282745361

2024-06-27 23:41:46,407 - INFO - Epoch 36/120
2024-06-27 23:48:56,440 - INFO - Train Stats
Loss:
  supervised: 0.48816284595183956
  total: 0.521778492238915
  unsupervised: 0.0007683576387861852
  unsupervised_weighted: 0.03361564665176818
Metrics:
  cityscapes_dice: 0.8502871246592513
  cityscapes_jaccard_macro: 0.3815387989300933
  cityscapes_jaccard_micro: 0.7747622560528875

2024-06-27 23:49:29,347 - INFO - Validation Stats
Loss:
  total: 0.4587792727947235
Metrics:
  cityscapes_dice: 0.8554692029953003
  cityscapes_jaccard_macro: 0.3552500479221344
  cityscapes_jaccard_micro: 0.7741345825195313

2024-06-27 23:49:29,347 - INFO - Epoch 37/120
2024-06-27 23:56:40,443 - INFO - Train Stats
Loss:
  supervised: 0.4805583430146708
  total: 0.5092857830154086
  unsupervised: 0.0006383875730640743
  unsupervised_weighted: 0.028727440757248972
Metrics:
  cityscapes_dice: 0.8559613466928909
  cityscapes_jaccard_macro: 0.3909007120744889
  cityscapes_jaccard_micro: 0.7844158615916967

2024-06-27 23:57:11,516 - INFO - Validation Stats
Loss:
  total: 0.48227343034744263
Metrics:
  cityscapes_dice: 0.8509636330604553
  cityscapes_jaccard_macro: 0.36417761504650115
  cityscapes_jaccard_micro: 0.7639591302871704

2024-06-27 23:57:11,516 - INFO - Epoch 38/120
2024-06-28 00:04:23,479 - INFO - Train Stats
Loss:
  supervised: 0.48430942567999696
  total: 0.5115350100021918
  unsupervised: 0.0005886613111227184
  unsupervised_weighted: 0.027225585589577175
Metrics:
  cityscapes_dice: 0.8602699382791241
  cityscapes_jaccard_macro: 0.4031063698738524
  cityscapes_jaccard_micro: 0.7916916652694104

2024-06-28 00:04:54,860 - INFO - Validation Stats
Loss:
  total: 0.49717555451393125
Metrics:
  cityscapes_dice: 0.844214063167572
  cityscapes_jaccard_macro: 0.3375291476249695
  cityscapes_jaccard_micro: 0.7592165846824646

2024-06-28 00:04:54,860 - INFO - Epoch 39/120
2024-06-28 00:12:10,630 - INFO - Train Stats
Loss:
  supervised: 0.4768800880627339
  total: 0.5037301217950277
  unsupervised: 0.0005652638537043323
  unsupervised_weighted: 0.026850033055653366
Metrics:
  cityscapes_dice: 0.8517070006832336
  cityscapes_jaccard_macro: 0.38741749926533514
  cityscapes_jaccard_micro: 0.7804084698455619

2024-06-28 00:12:42,157 - INFO - Validation Stats
Loss:
  total: 0.5106634306907654
Metrics:
  cityscapes_dice: 0.8380402064323426
  cityscapes_jaccard_macro: 0.3609262092113495
  cityscapes_jaccard_micro: 0.7474074888229371

2024-06-28 00:12:42,157 - INFO - Epoch 40/120
2024-06-28 00:19:53,266 - INFO - Train Stats
Loss:
  supervised: 0.502817421476432
  total: 0.5347359258090794
  unsupervised: 0.000654738565731129
  unsupervised_weighted: 0.03191850497914798
Metrics:
  cityscapes_dice: 0.8481409290268969
  cityscapes_jaccard_macro: 0.38952816422413855
  cityscapes_jaccard_micro: 0.7752230451427231

2024-06-28 00:20:24,527 - INFO - Validation Stats
Loss:
  total: 0.45282209825515746
Metrics:
  cityscapes_dice: 0.8566131281852722
  cityscapes_jaccard_macro: 0.36657728934288025
  cityscapes_jaccard_micro: 0.7764917974472045

2024-06-28 00:20:24,653 - INFO - Epoch 41/120
2024-06-28 00:27:36,128 - INFO - Train Stats
Loss:
  supervised: 0.47139314501802515
  total: 0.5004700002257492
  unsupervised: 0.00058153711962378
  unsupervised_weighted: 0.029076856016980117
Metrics:
  cityscapes_dice: 0.861110705870255
  cityscapes_jaccard_macro: 0.3980253318318657
  cityscapes_jaccard_micro: 0.7909240142041426

2024-06-28 00:28:07,731 - INFO - Validation Stats
Loss:
  total: 0.48558942127227783
Metrics:
  cityscapes_dice: 0.8579086217880248
  cityscapes_jaccard_macro: 0.36327164673805235
  cityscapes_jaccard_micro: 0.7725258054733276

2024-06-28 00:28:07,731 - INFO - Epoch 42/120
2024-06-28 00:35:19,635 - INFO - Train Stats
Loss:
  supervised: 0.4651453896247839
  total: 0.4980856687505654
  unsupervised: 0.0006427371516870108
  unsupervised_weighted: 0.032940278972068075
Metrics:
  cityscapes_dice: 0.8647263224649584
  cityscapes_jaccard_macro: 0.40335007397680994
  cityscapes_jaccard_micro: 0.7960895799510301

2024-06-28 00:35:51,728 - INFO - Validation Stats
Loss:
  total: 0.41651935160160064
Metrics:
  cityscapes_dice: 0.8705549201965332
  cityscapes_jaccard_macro: 0.3831179037094116
  cityscapes_jaccard_micro: 0.7950385370254517

2024-06-28 00:35:51,728 - INFO - Epoch 43/120
2024-06-28 00:43:07,436 - INFO - Train Stats
Loss:
  supervised: 0.4673944530845846
  total: 0.5009558777110862
  unsupervised: 0.0006392652341797587
  unsupervised_weighted: 0.033561424826178396
Metrics:
  cityscapes_dice: 0.8547670393699967
  cityscapes_jaccard_macro: 0.40283666003772745
  cityscapes_jaccard_micro: 0.7887477844857089

2024-06-28 00:43:38,842 - INFO - Validation Stats
Loss:
  total: 0.8007265524864197
Metrics:
  cityscapes_dice: 0.781677137374878
  cityscapes_jaccard_macro: 0.3114950063228607
  cityscapes_jaccard_micro: 0.6618438258171081

2024-06-28 00:43:38,842 - INFO - Epoch 44/120
2024-06-28 00:50:51,269 - INFO - Train Stats
Loss:
  supervised: 0.5006714066351887
  total: 0.5537495172332406
  unsupervised: 0.0009874997476711463
  unsupervised_weighted: 0.053078111544444334
Metrics:
  cityscapes_dice: 0.8497170281255901
  cityscapes_jaccard_macro: 0.3929500540531569
  cityscapes_jaccard_micro: 0.778612017293964

2024-06-28 00:51:22,398 - INFO - Validation Stats
Loss:
  total: 0.5005254849195481
Metrics:
  cityscapes_dice: 0.8454708089828491
  cityscapes_jaccard_macro: 0.3280090136528015
  cityscapes_jaccard_micro: 0.7586638751029968

2024-06-28 00:51:22,398 - INFO - Epoch 45/120
2024-06-28 00:58:34,801 - INFO - Train Stats
Loss:
  supervised: 0.44508654125107144
  total: 0.4925348763519892
  unsupervised: 0.0008626970215542333
  unsupervised_weighted: 0.04744833618595377
Metrics:
  cityscapes_dice: 0.8702753289424872
  cityscapes_jaccard_macro: 0.40688716436956307
  cityscapes_jaccard_micro: 0.8038432473696552

2024-06-28 00:59:05,871 - INFO - Validation Stats
Loss:
  total: 0.5920706973075867
Metrics:
  cityscapes_dice: 0.8158249917030335
  cityscapes_jaccard_macro: 0.3300902100801468
  cityscapes_jaccard_micro: 0.7137328820228577

2024-06-28 00:59:05,871 - INFO - Epoch 46/120
2024-06-28 01:06:16,699 - INFO - Train Stats
Loss:
  supervised: 0.44753385308683885
  total: 0.48018525586641336
  unsupervised: 0.0005804693473898203
  unsupervised_weighted: 0.032651400763215946
Metrics:
  cityscapes_dice: 0.8695796514020383
  cityscapes_jaccard_macro: 0.41035394155959865
  cityscapes_jaccard_micro: 0.8030836791475228

2024-06-28 01:06:47,857 - INFO - Validation Stats
Loss:
  total: 0.5306313242912293
Metrics:
  cityscapes_dice: 0.8395649676322937
  cityscapes_jaccard_macro: 0.3433925529718399
  cityscapes_jaccard_micro: 0.7449415011405944

2024-06-28 01:06:47,857 - INFO - Epoch 47/120
2024-06-28 01:14:04,276 - INFO - Train Stats
Loss:
  supervised: 0.4707693292195743
  total: 0.5200803084087989
  unsupervised: 0.0008575822425720622
  unsupervised_weighted: 0.0493109789496125
Metrics:
  cityscapes_dice: 0.8631116065971288
  cityscapes_jaccard_macro: 0.4068860545706209
  cityscapes_jaccard_micro: 0.7920903730353877

2024-06-28 01:14:35,458 - INFO - Validation Stats
Loss:
  total: 0.46976353621482847
Metrics:
  cityscapes_dice: 0.8612172207832336
  cityscapes_jaccard_macro: 0.378870263338089
  cityscapes_jaccard_micro: 0.7829179649353027

2024-06-28 01:14:35,458 - INFO - Epoch 48/120
2024-06-28 01:21:43,636 - INFO - Train Stats
Loss:
  supervised: 0.47111495919405066
  total: 0.5117687518831981
  unsupervised: 0.0006919794244628436
  unsupervised_weighted: 0.040653791111324306
Metrics:
  cityscapes_dice: 0.8581869318165054
  cityscapes_jaccard_macro: 0.3996786609967164
  cityscapes_jaccard_micro: 0.7867981240297984

2024-06-28 01:22:21,788 - INFO - Validation Stats
Loss:
  total: 0.6939528906345367
Metrics:
  cityscapes_dice: 0.7982492427825928
  cityscapes_jaccard_macro: 0.337823690533638
  cityscapes_jaccard_micro: 0.6902510287761688

2024-06-28 01:22:21,788 - INFO - Epoch 49/120
2024-06-28 01:29:38,359 - INFO - Train Stats
Loss:
  supervised: 0.4707972118962544
  total: 0.5159633087783956
  unsupervised: 0.000752768280364356
  unsupervised_weighted: 0.04516609686104322
Metrics:
  cityscapes_dice: 0.864822751881621
  cityscapes_jaccard_macro: 0.4013988476330987
  cityscapes_jaccard_micro: 0.7958807511237062

2024-06-28 01:30:09,643 - INFO - Validation Stats
Loss:
  total: 0.39977069664001463
Metrics:
  cityscapes_dice: 0.8645081315040588
  cityscapes_jaccard_macro: 0.3736554024219513
  cityscapes_jaccard_micro: 0.790307991027832

2024-06-28 01:30:09,644 - INFO - Epoch 50/120
2024-06-28 01:37:19,477 - INFO - Train Stats
Loss:
  supervised: 0.5018600415450469
  total: 0.551687185384309
  unsupervised: 0.0008135043941912901
  unsupervised_weighted: 0.04982714416175888
Metrics:
  cityscapes_dice: 0.8544803925798935
  cityscapes_jaccard_macro: 0.399024042834356
  cityscapes_jaccard_micro: 0.7848098944257764

2024-06-28 01:37:50,992 - INFO - Validation Stats
Loss:
  total: 0.47401757287979124
Metrics:
  cityscapes_dice: 0.8620649151802063
  cityscapes_jaccard_macro: 0.37119659733772276
  cityscapes_jaccard_micro: 0.782677001953125

2024-06-28 01:37:51,109 - INFO - Epoch 51/120
2024-06-28 01:45:07,246 - INFO - Train Stats
Loss:
  supervised: 0.47133788562901197
  total: 0.5159100245889336
  unsupervised: 0.0007131542270350598
  unsupervised_weighted: 0.04457213921008276
Metrics:
  cityscapes_dice: 0.859868167384157
  cityscapes_jaccard_macro: 0.39941999723706817
  cityscapes_jaccard_micro: 0.790972749006401

2024-06-28 01:45:41,726 - INFO - Validation Stats
Loss:
  total: 0.6488766615390777
Metrics:
  cityscapes_dice: 0.8047219290733337
  cityscapes_jaccard_macro: 0.32102060222625733
  cityscapes_jaccard_micro: 0.6944413578510285

2024-06-28 01:45:41,726 - INFO - Epoch 52/120
2024-06-28 01:52:48,580 - INFO - Train Stats
Loss:
  supervised: 0.4794605940001682
  total: 0.5253042233896873
  unsupervised: 0.0007191157628443773
  unsupervised_weighted: 0.045843629794900566
Metrics:
  cityscapes_dice: 0.8512044898128818
  cityscapes_jaccard_macro: 0.3941050764522892
  cityscapes_jaccard_micro: 0.7813393925482401

2024-06-28 01:53:19,770 - INFO - Validation Stats
Loss:
  total: 0.517178258895874
Metrics:
  cityscapes_dice: 0.8450515637397766
  cityscapes_jaccard_macro: 0.3432216773033142
  cityscapes_jaccard_micro: 0.7533712797164916

2024-06-28 01:53:19,770 - INFO - Epoch 53/120
2024-06-28 02:00:34,849 - INFO - Train Stats
Loss:
  supervised: 0.45400362078425954
  total: 0.4946217121236918
  unsupervised: 0.0006248937151357109
  unsupervised_weighted: 0.04061809136354422
Metrics:
  cityscapes_dice: 0.8622119749826906
  cityscapes_jaccard_macro: 0.4065868143281601
  cityscapes_jaccard_micro: 0.7929679621915215

2024-06-28 02:01:23,021 - INFO - Validation Stats
Loss:
  total: 0.4134187777042389
Metrics:
  cityscapes_dice: 0.8661021852493286
  cityscapes_jaccard_macro: 0.3800060361623764
  cityscapes_jaccard_micro: 0.7915728716850281

2024-06-28 02:01:23,021 - INFO - Epoch 54/120
2024-06-28 02:08:38,806 - INFO - Train Stats
Loss:
  supervised: 0.43522863273288825
  total: 0.48034274500936364
  unsupervised: 0.0006809677169255122
  unsupervised_weighted: 0.04511411120500235
Metrics:
  cityscapes_dice: 0.8798092800436668
  cityscapes_jaccard_macro: 0.42447491351840566
  cityscapes_jaccard_micro: 0.816865644987347

2024-06-28 02:09:10,133 - INFO - Validation Stats
Loss:
  total: 0.4273196812868118
Metrics:
  cityscapes_dice: 0.8684696598052979
  cityscapes_jaccard_macro: 0.37806841588020323
  cityscapes_jaccard_micro: 0.7928162536621094

2024-06-28 02:09:10,133 - INFO - Epoch 55/120
2024-06-28 02:16:21,781 - INFO - Train Stats
Loss:
  supervised: 0.45422605567379676
  total: 0.5031996823630287
  unsupervised: 0.0007255352149313635
  unsupervised_weighted: 0.0489736271232463
Metrics:
  cityscapes_dice: 0.8775491377875257
  cityscapes_jaccard_macro: 0.4192102815726814
  cityscapes_jaccard_micro: 0.8114609681672649

2024-06-28 02:16:52,997 - INFO - Validation Stats
Loss:
  total: 0.6533138840198517
Metrics:
  cityscapes_dice: 0.8128750820159912
  cityscapes_jaccard_macro: 0.3187610644102097
  cityscapes_jaccard_micro: 0.7071970090866089

2024-06-28 02:16:52,997 - INFO - Epoch 56/120
2024-06-28 02:24:04,683 - INFO - Train Stats
Loss:
  supervised: 0.47353462284147546
  total: 0.5410841352345488
  unsupervised: 0.0009825383346436642
  unsupervised_weighted: 0.06754951054851215
Metrics:
  cityscapes_dice: 0.8708358879614031
  cityscapes_jaccard_macro: 0.4158054720911779
  cityscapes_jaccard_micro: 0.8024846833307766

2024-06-28 02:24:35,902 - INFO - Validation Stats
Loss:
  total: 0.46989500427246095
Metrics:
  cityscapes_dice: 0.8518404393196106
  cityscapes_jaccard_macro: 0.35690599715709687
  cityscapes_jaccard_micro: 0.7689409303665161

2024-06-28 02:24:35,902 - INFO - Epoch 57/120
2024-06-28 02:31:47,177 - INFO - Train Stats
Loss:
  supervised: 0.46362977735336547
  total: 0.5309170266088931
  unsupervised: 0.0009612464333747282
  unsupervised_weighted: 0.06728725023808796
Metrics:
  cityscapes_dice: 0.867528827155678
  cityscapes_jaccard_macro: 0.4161215931370035
  cityscapes_jaccard_micro: 0.8016813466849836

2024-06-28 02:32:18,891 - INFO - Validation Stats
Loss:
  total: 0.5250937707424164
Metrics:
  cityscapes_dice: 0.8354982848167419
  cityscapes_jaccard_macro: 0.35365391290187836
  cityscapes_jaccard_micro: 0.7423339819908142

2024-06-28 02:32:18,891 - INFO - Epoch 58/120
2024-06-28 02:39:34,296 - INFO - Train Stats
Loss:
  supervised: 0.4659274450976486
  total: 0.5482100728646065
  unsupervised: 0.0011548438862201225
  unsupervised_weighted: 0.08228262706168454
Metrics:
  cityscapes_dice: 0.8714500249010845
  cityscapes_jaccard_macro: 0.4196949008261502
  cityscapes_jaccard_micro: 0.8040037829320408

2024-06-28 02:40:05,907 - INFO - Validation Stats
Loss:
  total: 0.4083616621494293
Metrics:
  cityscapes_dice: 0.8666064600944519
  cityscapes_jaccard_macro: 0.37168348288536074
  cityscapes_jaccard_micro: 0.7945851340293885

2024-06-28 02:40:05,907 - INFO - Epoch 59/120
2024-06-28 02:47:17,143 - INFO - Train Stats
Loss:
  supervised: 0.4708013397349123
  total: 0.5619662475913859
  unsupervised: 0.0012574470140458865
  unsupervised_weighted: 0.09116490853160716
Metrics:
  cityscapes_dice: 0.8804066180218385
  cityscapes_jaccard_macro: 0.4195556836172601
  cityscapes_jaccard_micro: 0.8168970749119725

2024-06-28 02:47:48,329 - INFO - Validation Stats
Loss:
  total: 0.4039513829946518
Metrics:
  cityscapes_dice: 0.8667582006454467
  cityscapes_jaccard_macro: 0.38719753420352937
  cityscapes_jaccard_micro: 0.7913880176544189

2024-06-28 02:47:48,329 - INFO - Epoch 60/120
2024-06-28 02:54:59,724 - INFO - Train Stats
Loss:
  supervised: 0.4765417315427539
  total: 0.5677801869737292
  unsupervised: 0.0012371315859886591
  unsupervised_weighted: 0.09123845449663867
Metrics:
  cityscapes_dice: 0.8740703746145982
  cityscapes_jaccard_macro: 0.4153501612034816
  cityscapes_jaccard_micro: 0.8073385858420029

2024-06-28 02:55:30,896 - INFO - Validation Stats
Loss:
  total: 0.41389644050598146
Metrics:
  cityscapes_dice: 0.8653547358512879
  cityscapes_jaccard_macro: 0.37294822883605955
  cityscapes_jaccard_micro: 0.7937433633804322

2024-06-28 02:55:31,036 - INFO - Epoch 61/120
2024-06-28 03:02:41,627 - INFO - Train Stats
Loss:
  supervised: 0.46265289115095604
  total: 0.5679826336674706
  unsupervised: 0.0014043965664749488
  unsupervised_weighted: 0.10532974260693422
Metrics:
  cityscapes_dice: 0.8867782676595484
  cityscapes_jaccard_macro: 0.4279111736125545
  cityscapes_jaccard_micro: 0.8250528878960337

2024-06-28 03:03:12,815 - INFO - Validation Stats
Loss:
  total: 0.4460310842990875
Metrics:
  cityscapes_dice: 0.8597776741981507
  cityscapes_jaccard_macro: 0.3763630120754242
  cityscapes_jaccard_micro: 0.7853221311569214

2024-06-28 03:03:12,815 - INFO - Epoch 62/120
2024-06-28 03:10:29,165 - INFO - Train Stats
Loss:
  supervised: 0.4806639243001691
  total: 0.5978147987408932
  unsupervised: 0.0015620116517776593
  unsupervised_weighted: 0.11715087398259771
Metrics:
  cityscapes_dice: 0.8772623888111423
  cityscapes_jaccard_macro: 0.4246153886215972
  cityscapes_jaccard_micro: 0.8150007169223527

2024-06-28 03:11:00,420 - INFO - Validation Stats
Loss:
  total: 0.5885051765441894
Metrics:
  cityscapes_dice: 0.8279747929573059
  cityscapes_jaccard_macro: 0.34819506931304933
  cityscapes_jaccard_micro: 0.7302922830581665

2024-06-28 03:11:00,420 - INFO - Epoch 63/120
2024-06-28 03:18:06,513 - INFO - Train Stats
Loss:
  supervised: 0.47274596415291326
  total: 0.5801818367443424
  unsupervised: 0.0014324783097762724
  unsupervised_weighted: 0.1074358732303948
Metrics:
  cityscapes_dice: 0.8840418525498276
  cityscapes_jaccard_macro: 0.4317374418950775
  cityscapes_jaccard_micro: 0.8226262076387127

2024-06-28 03:18:37,878 - INFO - Validation Stats
Loss:
  total: 0.43792413640022276
Metrics:
  cityscapes_dice: 0.8681930003166198
  cityscapes_jaccard_macro: 0.3883536329269409
  cityscapes_jaccard_micro: 0.7964801802635193

2024-06-28 03:18:37,878 - INFO - Epoch 64/120
2024-06-28 03:25:53,857 - INFO - Train Stats
Loss:
  supervised: 0.4523513474076697
  total: 0.5496944221381617
  unsupervised: 0.0012979076623887992
  unsupervised_weighted: 0.09734307482091162
Metrics:
  cityscapes_dice: 0.8887956101917526
  cityscapes_jaccard_macro: 0.44020150476481923
  cityscapes_jaccard_micro: 0.8274819685031681

2024-06-28 03:26:25,832 - INFO - Validation Stats
Loss:
  total: 0.45527403891086576
Metrics:
  cityscapes_dice: 0.8617172002792358
  cityscapes_jaccard_macro: 0.3765684721469879
  cityscapes_jaccard_micro: 0.7867533988952636

2024-06-28 03:26:25,832 - INFO - Epoch 65/120
2024-06-28 03:33:31,034 - INFO - Train Stats
Loss:
  supervised: 0.494639273359166
  total: 0.6178244098683391
  unsupervised: 0.001642468504356763
  unsupervised_weighted: 0.1231851381487831
Metrics:
  cityscapes_dice: 0.8717241385608043
  cityscapes_jaccard_macro: 0.41748631417654863
  cityscapes_jaccard_micro: 0.8066183598199709

2024-06-28 03:34:02,203 - INFO - Validation Stats
Loss:
  total: 0.4967024167776108
Metrics:
  cityscapes_dice: 0.8456007380485535
  cityscapes_jaccard_macro: 0.34890648078918457
  cityscapes_jaccard_micro: 0.7596291551589965

2024-06-28 03:34:02,203 - INFO - Epoch 66/120
2024-06-28 03:41:17,373 - INFO - Train Stats
Loss:
  supervised: 0.489430741729474
  total: 0.6204575920375034
  unsupervised: 0.0017470246889932882
  unsupervised_weighted: 0.13102685159801666
Metrics:
  cityscapes_dice: 0.8767035527329614
  cityscapes_jaccard_macro: 0.42229961982436937
  cityscapes_jaccard_micro: 0.8147355401496671

2024-06-28 03:41:48,612 - INFO - Validation Stats
Loss:
  total: 0.5104532568454743
Metrics:
  cityscapes_dice: 0.8600755977630615
  cityscapes_jaccard_macro: 0.3642546479701996
  cityscapes_jaccard_micro: 0.7737567486763001

2024-06-28 03:41:48,612 - INFO - Epoch 67/120
2024-06-28 03:48:53,924 - INFO - Train Stats
Loss:
  supervised: 0.49397467891761015
  total: 0.6204963583487138
  unsupervised: 0.0016869557083322151
  unsupervised_weighted: 0.12652167802055678
Metrics:
  cityscapes_dice: 0.8871168015844227
  cityscapes_jaccard_macro: 0.43432982164679224
  cityscapes_jaccard_micro: 0.8245179139101775

2024-06-28 03:49:25,119 - INFO - Validation Stats
Loss:
  total: 0.4350660402774811
Metrics:
  cityscapes_dice: 0.8663872599601745
  cityscapes_jaccard_macro: 0.37437354612350465
  cityscapes_jaccard_micro: 0.7950939383506775

2024-06-28 03:49:25,120 - INFO - Epoch 68/120
2024-06-28 03:56:39,922 - INFO - Train Stats
Loss:
  supervised: 0.47868928491683455
  total: 0.6097902067270865
  unsupervised: 0.001748012287261923
  unsupervised_weighted: 0.1311009215691329
Metrics:
  cityscapes_dice: 0.8881586633839653
  cityscapes_jaccard_macro: 0.4441581989810305
  cityscapes_jaccard_micro: 0.8306517886980452

2024-06-28 03:57:11,479 - INFO - Validation Stats
Loss:
  total: 0.4964804689884186
Metrics:
  cityscapes_dice: 0.8598936696052552
  cityscapes_jaccard_macro: 0.3704559051990509
  cityscapes_jaccard_micro: 0.7758702874183655

2024-06-28 03:57:11,479 - INFO - Epoch 69/120
2024-06-28 04:04:21,067 - INFO - Train Stats
Loss:
  supervised: 0.48282633704950123
  total: 0.6297428895354656
  unsupervised: 0.0019588873747654837
  unsupervised_weighted: 0.14691655305259435
Metrics:
  cityscapes_dice: 0.8917270733893496
  cityscapes_jaccard_macro: 0.44627729762333496
  cityscapes_jaccard_micro: 0.8323620361996314

2024-06-28 04:04:52,223 - INFO - Validation Stats
Loss:
  total: 0.6490208704471588
Metrics:
  cityscapes_dice: 0.8073028955459595
  cityscapes_jaccard_macro: 0.30341418850421903
  cityscapes_jaccard_micro: 0.7023343822956085

2024-06-28 04:04:52,223 - INFO - Epoch 70/120
2024-06-28 04:12:06,975 - INFO - Train Stats
Loss:
  supervised: 0.48509726282751675
  total: 0.6443060271948287
  unsupervised: 0.002122783520286089
  unsupervised_weighted: 0.15920876421058447
Metrics:
  cityscapes_dice: 0.8944551155790927
  cityscapes_jaccard_macro: 0.4469147448738416
  cityscapes_jaccard_micro: 0.8352678297599928

2024-06-28 04:12:38,120 - INFO - Validation Stats
Loss:
  total: 0.588911740064621
Metrics:
  cityscapes_dice: 0.8301891670227051
  cityscapes_jaccard_macro: 0.3463269995450973
  cityscapes_jaccard_micro: 0.7309282717704773

2024-06-28 04:12:38,260 - INFO - Epoch 71/120
2024-06-28 04:19:43,468 - INFO - Train Stats
Loss:
  supervised: 0.4901065914665611
  total: 0.6502912369071473
  unsupervised: 0.0021357952711672725
  unsupervised_weighted: 0.16018464525974685
Metrics:
  cityscapes_dice: 0.8953843826614923
  cityscapes_jaccard_macro: 0.4389391925824884
  cityscapes_jaccard_micro: 0.835844621544517

2024-06-28 04:20:14,624 - INFO - Validation Stats
Loss:
  total: 0.4356533098220825
Metrics:
  cityscapes_dice: 0.870029869556427
  cityscapes_jaccard_macro: 0.372226368188858
  cityscapes_jaccard_micro: 0.7961977348327637

2024-06-28 04:20:14,624 - INFO - Epoch 72/120
2024-06-28 04:27:30,671 - INFO - Train Stats
Loss:
  supervised: 0.5013359578199756
  total: 0.6492525032423075
  unsupervised: 0.0019722205960089312
  unsupervised_weighted: 0.14791654486775785
Metrics:
  cityscapes_dice: 0.8877319621229635
  cityscapes_jaccard_macro: 0.43481747634877665
  cityscapes_jaccard_micro: 0.8280702963905427

2024-06-28 04:28:01,869 - INFO - Validation Stats
Loss:
  total: 0.47226389694213866
Metrics:
  cityscapes_dice: 0.8544536647796631
  cityscapes_jaccard_macro: 0.36010822558403016
  cityscapes_jaccard_micro: 0.7693548154830933

2024-06-28 04:28:01,870 - INFO - Epoch 73/120
2024-06-28 04:35:12,265 - INFO - Train Stats
Loss:
  supervised: 0.4893980369116496
  total: 0.6195297388775834
  unsupervised: 0.0017350893593875505
  unsupervised_weighted: 0.1301317022552768
Metrics:
  cityscapes_dice: 0.8842880053620508
  cityscapes_jaccard_macro: 0.44072076475736005
  cityscapes_jaccard_micro: 0.8234840872604099

2024-06-28 04:35:43,363 - INFO - Validation Stats
Loss:
  total: 0.4244749969244003
Metrics:
  cityscapes_dice: 0.8694894351959228
  cityscapes_jaccard_macro: 0.3951493842601776
  cityscapes_jaccard_micro: 0.7966746444702149

2024-06-28 04:35:43,363 - INFO - Epoch 74/120
2024-06-28 04:42:58,317 - INFO - Train Stats
Loss:
  supervised: 0.4679710890338259
  total: 0.6058279374270763
  unsupervised: 0.0018380912991683676
  unsupervised_weighted: 0.1378568474046621
Metrics:
  cityscapes_dice: 0.8957654701660366
  cityscapes_jaccard_macro: 0.449147745243554
  cityscapes_jaccard_micro: 0.8358631680891352

2024-06-28 04:43:29,496 - INFO - Validation Stats
Loss:
  total: 0.5350825688838958
Metrics:
  cityscapes_dice: 0.8416074299812317
  cityscapes_jaccard_macro: 0.36741688489913943
  cityscapes_jaccard_micro: 0.7480363535881043

2024-06-28 04:43:29,496 - INFO - Epoch 75/120
2024-06-28 04:49:53,177 - INFO - Train Stats
Loss:
  supervised: 0.4709639433518197
  total: 0.5992338278822142
  unsupervised: 0.0017102651204235707
  unsupervised_weighted: 0.12826988389142893
Metrics:
  cityscapes_dice: 0.8831649398533657
  cityscapes_jaccard_macro: 0.4384363178875068
  cityscapes_jaccard_micro: 0.820205850122816

2024-06-28 04:50:24,287 - INFO - Validation Stats
Loss:
  total: 0.43858761322498324
Metrics:
  cityscapes_dice: 0.8652416954040527
  cityscapes_jaccard_macro: 0.3730402880907059
  cityscapes_jaccard_micro: 0.7902275004386902

2024-06-28 04:50:24,287 - INFO - Epoch 76/120
2024-06-28 04:57:39,058 - INFO - Train Stats
Loss:
  supervised: 0.4928527452461542
  total: 0.6285887434837502
  unsupervised: 0.0018098132977183775
  unsupervised_weighted: 0.1357359974660148
Metrics:
  cityscapes_dice: 0.8852259506106762
  cityscapes_jaccard_macro: 0.4390994705814374
  cityscapes_jaccard_micro: 0.8233485363158594

2024-06-28 04:58:10,286 - INFO - Validation Stats
Loss:
  total: 0.5049460706710815
Metrics:
  cityscapes_dice: 0.8547318811416627
  cityscapes_jaccard_macro: 0.37021646976470945
  cityscapes_jaccard_micro: 0.7711799530982971

2024-06-28 04:58:10,286 - INFO - Epoch 77/120
2024-06-28 05:05:20,928 - INFO - Train Stats
Loss:
  supervised: 0.46995392574365086
  total: 0.6149145073971702
  unsupervised: 0.0019328077436759346
  unsupervised_weighted: 0.14496058105072157
Metrics:
  cityscapes_dice: 0.8968278732886207
  cityscapes_jaccard_macro: 0.45074934264024097
  cityscapes_jaccard_micro: 0.8390933118013116

2024-06-28 05:05:52,191 - INFO - Validation Stats
Loss:
  total: 0.44010761892795563
Metrics:
  cityscapes_dice: 0.8669449110031128
  cityscapes_jaccard_macro: 0.3777289454936981
  cityscapes_jaccard_micro: 0.7918889694213868

2024-06-28 05:05:52,191 - INFO - Epoch 78/120
2024-06-28 05:13:06,300 - INFO - Train Stats
Loss:
  supervised: 0.47027138174544647
  total: 0.6142153872062474
  unsupervised: 0.001919253399628772
  unsupervised_weighted: 0.1439440049906186
Metrics:
  cityscapes_dice: 0.8984487712576166
  cityscapes_jaccard_macro: 0.45379092517794145
  cityscapes_jaccard_micro: 0.8394803277497153

2024-06-28 05:13:45,218 - INFO - Validation Stats
Loss:
  total: 0.47408410120010375
Metrics:
  cityscapes_dice: 0.8565944552421569
  cityscapes_jaccard_macro: 0.37959101700782777
  cityscapes_jaccard_micro: 0.7723967332839966

2024-06-28 05:13:45,219 - INFO - Epoch 79/120
2024-06-28 05:20:24,004 - INFO - Train Stats
Loss:
  supervised: 0.47021874905982836
  total: 0.6110851268938058
  unsupervised: 0.001878218357899591
  unsupervised_weighted: 0.14086637705034036
Metrics:
  cityscapes_dice: 0.8917430519671887
  cityscapes_jaccard_macro: 0.45484602280129893
  cityscapes_jaccard_micro: 0.8318147463513038

2024-06-28 05:20:54,980 - INFO - Validation Stats
Loss:
  total: 0.4295688863992691
Metrics:
  cityscapes_dice: 0.8666958642005921
  cityscapes_jaccard_macro: 0.3798103740215302
  cityscapes_jaccard_micro: 0.7918979563713073

2024-06-28 05:20:54,980 - INFO - Epoch 80/120
2024-06-28 05:28:09,054 - INFO - Train Stats
Loss:
  supervised: 0.4826570295014428
  total: 0.6476007622326077
  unsupervised: 0.00219924976366563
  unsupervised_weighted: 0.16494373208014323
Metrics:
  cityscapes_dice: 0.8970713475568395
  cityscapes_jaccard_macro: 0.4530408265714121
  cityscapes_jaccard_micro: 0.8391448814892074

2024-06-28 05:28:40,190 - INFO - Validation Stats
Loss:
  total: 0.5752748551368714
Metrics:
  cityscapes_dice: 0.8362410345077514
  cityscapes_jaccard_macro: 0.35113462591171263
  cityscapes_jaccard_micro: 0.7375447092056274

2024-06-28 05:28:40,320 - INFO - Epoch 81/120
2024-06-28 05:35:50,320 - INFO - Train Stats
Loss:
  supervised: 0.4713155820387081
  total: 0.6109559564914518
  unsupervised: 0.0018618716506067434
  unsupervised_weighted: 0.13964037422368056
Metrics:
  cityscapes_dice: 0.890045087700137
  cityscapes_jaccard_macro: 0.4471626098728874
  cityscapes_jaccard_micro: 0.8313798311265926

2024-06-28 05:36:21,446 - INFO - Validation Stats
Loss:
  total: 0.47392687237262726
Metrics:
  cityscapes_dice: 0.8639839882850647
  cityscapes_jaccard_macro: 0.3884327154159546
  cityscapes_jaccard_micro: 0.7810691223144531

2024-06-28 05:36:21,447 - INFO - Epoch 82/120
2024-06-28 05:43:30,872 - INFO - Train Stats
Loss:
  supervised: 0.4906763608980333
  total: 0.6431941793188694
  unsupervised: 0.0020335709073725475
  unsupervised_weighted: 0.1525178179506538
Metrics:
  cityscapes_dice: 0.8946105129896245
  cityscapes_jaccard_macro: 0.44599442101990905
  cityscapes_jaccard_micro: 0.8347332704221546

2024-06-28 05:44:13,661 - INFO - Validation Stats
Loss:
  total: 0.4915069932937622
Metrics:
  cityscapes_dice: 0.8482645468711854
  cityscapes_jaccard_macro: 0.36941267776489256
  cityscapes_jaccard_micro: 0.7634025449752808

2024-06-28 05:44:13,661 - INFO - Epoch 83/120
2024-06-28 05:51:24,934 - INFO - Train Stats
Loss:
  supervised: 0.46260247526624054
  total: 0.5925854342751519
  unsupervised: 0.0017331061072114096
  unsupervised_weighted: 0.12998295847844923
Metrics:
  cityscapes_dice: 0.8920772951397695
  cityscapes_jaccard_macro: 0.450457334687216
  cityscapes_jaccard_micro: 0.8323287859703731

2024-06-28 05:51:56,456 - INFO - Validation Stats
Loss:
  total: 0.43873467910289765
Metrics:
  cityscapes_dice: 0.8681193814277649
  cityscapes_jaccard_macro: 0.3871742672920227
  cityscapes_jaccard_micro: 0.7925602884292603

2024-06-28 05:51:56,456 - INFO - Epoch 84/120
2024-06-28 05:59:07,073 - INFO - Train Stats
Loss:
  supervised: 0.5103192101790296
  total: 0.6722066236063114
  unsupervised: 0.0021584988494469967
  unsupervised_weighted: 0.1618874135960653
Metrics:
  cityscapes_dice: 0.885829186651699
  cityscapes_jaccard_macro: 0.4411433932271976
  cityscapes_jaccard_micro: 0.8240302164577743

2024-06-28 05:59:45,369 - INFO - Validation Stats
Loss:
  total: 0.4794961190223694
Metrics:
  cityscapes_dice: 0.8589750967025757
  cityscapes_jaccard_macro: 0.3658284683227539
  cityscapes_jaccard_micro: 0.7748042273521424

2024-06-28 05:59:45,369 - INFO - Epoch 85/120
2024-06-28 06:06:58,625 - INFO - Train Stats
Loss:
  supervised: 0.4801296721963049
  total: 0.6404583850049664
  unsupervised: 0.002137716171824491
  unsupervised_weighted: 0.16032871292922105
Metrics:
  cityscapes_dice: 0.9017423391342163
  cityscapes_jaccard_macro: 0.459995606281225
  cityscapes_jaccard_micro: 0.8440433495638826

2024-06-28 06:07:29,856 - INFO - Validation Stats
Loss:
  total: 0.5785450046062469
Metrics:
  cityscapes_dice: 0.8270091762542725
  cityscapes_jaccard_macro: 0.34286888003349303
  cityscapes_jaccard_micro: 0.7289015846252441

2024-06-28 06:07:29,856 - INFO - Epoch 86/120
2024-06-28 06:14:33,408 - INFO - Train Stats
Loss:
  supervised: 0.46521169511438576
  total: 0.6176672628975223
  unsupervised: 0.002032740894760816
  unsupervised_weighted: 0.15245556744556982
Metrics:
  cityscapes_dice: 0.901895831125068
  cityscapes_jaccard_macro: 0.45636440032315484
  cityscapes_jaccard_micro: 0.8453468207788313

2024-06-28 06:15:04,587 - INFO - Validation Stats
Loss:
  total: 0.423496533870697
Metrics:
  cityscapes_dice: 0.8713234601020813
  cityscapes_jaccard_macro: 0.37830311036109926
  cityscapes_jaccard_micro: 0.796966655254364

2024-06-28 06:15:04,587 - INFO - Epoch 87/120
2024-06-28 06:22:20,000 - INFO - Train Stats
Loss:
  supervised: 0.47772246922297
  total: 0.630926389524466
  unsupervised: 0.002042718930923437
  unsupervised_weighted: 0.15320392034971983
Metrics:
  cityscapes_dice: 0.8849962461727723
  cityscapes_jaccard_macro: 0.4530829604486046
  cityscapes_jaccard_micro: 0.8240030185111518

2024-06-28 06:22:51,331 - INFO - Validation Stats
Loss:
  total: 0.4242122818231583
Metrics:
  cityscapes_dice: 0.8766813206672669
  cityscapes_jaccard_macro: 0.3903580148220062
  cityscapes_jaccard_micro: 0.8027573437690735

2024-06-28 06:22:51,331 - INFO - Epoch 88/120
2024-06-28 06:30:00,258 - INFO - Train Stats
Loss:
  supervised: 0.48693239100542657
  total: 0.6522076592862027
  unsupervised: 0.002203670242751578
  unsupervised_weighted: 0.16527526835311193
Metrics:
  cityscapes_dice: 0.8915738956249262
  cityscapes_jaccard_macro: 0.447543810414072
  cityscapes_jaccard_micro: 0.8303373155084629

2024-06-28 06:30:31,381 - INFO - Validation Stats
Loss:
  total: 0.49307882857322693
Metrics:
  cityscapes_dice: 0.8560197129249573
  cityscapes_jaccard_macro: 0.3767700200080872
  cityscapes_jaccard_micro: 0.7721197037696839

2024-06-28 06:30:31,381 - INFO - Epoch 89/120
2024-06-28 06:37:45,223 - INFO - Train Stats
Loss:
  supervised: 0.48241498598581767
  total: 0.6305190919383058
  unsupervised: 0.0019747214190267075
  unsupervised_weighted: 0.14810410637444663
Metrics:
  cityscapes_dice: 0.895194391409556
  cityscapes_jaccard_macro: 0.4547495517915892
  cityscapes_jaccard_micro: 0.8361615232375833

2024-06-28 06:38:16,450 - INFO - Validation Stats
Loss:
  total: 0.4410389496088028
Metrics:
  cityscapes_dice: 0.8680598034858703
  cityscapes_jaccard_macro: 0.39212135767936707
  cityscapes_jaccard_micro: 0.7908136467933655

2024-06-28 06:38:16,450 - INFO - Epoch 90/120
2024-06-28 06:45:19,932 - INFO - Train Stats
Loss:
  supervised: 0.4966705019034228
  total: 0.6655204459590819
  unsupervised: 0.002251332585811374
  unsupervised_weighted: 0.16884994398332337
Metrics:
  cityscapes_dice: 0.8966835411235352
  cityscapes_jaccard_macro: 0.4621875191221924
  cityscapes_jaccard_micro: 0.8382735634795284

2024-06-28 06:45:51,144 - INFO - Validation Stats
Loss:
  total: 0.5953412144184113
Metrics:
  cityscapes_dice: 0.8220326752662659
  cityscapes_jaccard_macro: 0.35478411078453065
  cityscapes_jaccard_micro: 0.7223949909210206

2024-06-28 06:45:51,288 - INFO - Epoch 91/120
2024-06-28 06:53:04,619 - INFO - Train Stats
Loss:
  supervised: 0.4919312883976208
  total: 0.6621906292477087
  unsupervised: 0.0022701245009624864
  unsupervised_weighted: 0.1702593380289942
Metrics:
  cityscapes_dice: 0.8948175340022856
  cityscapes_jaccard_macro: 0.4513343082180301
  cityscapes_jaccard_micro: 0.8357424277896635

2024-06-28 06:53:37,262 - INFO - Validation Stats
Loss:
  total: 0.42142942917346954
Metrics:
  cityscapes_dice: 0.8720864067077637
  cityscapes_jaccard_macro: 0.3930913853645325
  cityscapes_jaccard_micro: 0.8002441515922546

2024-06-28 06:53:37,262 - INFO - Epoch 92/120
2024-06-28 07:00:40,964 - INFO - Train Stats
Loss:
  supervised: 0.4777030728058136
  total: 0.6378542344932803
  unsupervised: 0.002135348832347765
  unsupervised_weighted: 0.16015116232643237
Metrics:
  cityscapes_dice: 0.9021143341334507
  cityscapes_jaccard_macro: 0.45315195460921354
  cityscapes_jaccard_micro: 0.8462682108855942

2024-06-28 07:01:12,069 - INFO - Validation Stats
Loss:
  total: 0.4512702090740204
Metrics:
  cityscapes_dice: 0.865900628566742
  cityscapes_jaccard_macro: 0.3838698706626892
  cityscapes_jaccard_micro: 0.7876126804351806

2024-06-28 07:01:12,069 - INFO - Epoch 93/120
2024-06-28 07:08:26,594 - INFO - Train Stats
Loss:
  supervised: 0.47697999943228603
  total: 0.6595276261417611
  unsupervised: 0.0024339683729896026
  unsupervised_weighted: 0.18254762786684683
Metrics:
  cityscapes_dice: 0.9039295514424642
  cityscapes_jaccard_macro: 0.4690095523318041
  cityscapes_jaccard_micro: 0.8478407206851688

2024-06-28 07:09:07,150 - INFO - Validation Stats
Loss:
  total: 0.4597033442258835
Metrics:
  cityscapes_dice: 0.8616539702415467
  cityscapes_jaccard_macro: 0.3884280233383179
  cityscapes_jaccard_micro: 0.7827130842208863

2024-06-28 07:09:07,151 - INFO - Epoch 94/120
2024-06-28 07:16:12,871 - INFO - Train Stats
Loss:
  supervised: 0.4964483316662242
  total: 0.6875293338279508
  unsupervised: 0.0025477466926213752
  unsupervised_weighted: 0.19108100165537645
Metrics:
  cityscapes_dice: 0.904820678496438
  cityscapes_jaccard_macro: 0.4734744883856727
  cityscapes_jaccard_micro: 0.8495584550798904

2024-06-28 07:16:45,028 - INFO - Validation Stats
Loss:
  total: 0.4659517872333527
Metrics:
  cityscapes_dice: 0.856672435760498
  cityscapes_jaccard_macro: 0.37524828696250917
  cityscapes_jaccard_micro: 0.7757236242294312

2024-06-28 07:16:45,028 - INFO - Epoch 95/120
2024-06-28 07:23:58,654 - INFO - Train Stats
Loss:
  supervised: 0.4720051594343772
  total: 0.6443982278644845
  unsupervised: 0.0022985742543824017
  unsupervised_weighted: 0.17239306892440157
Metrics:
  cityscapes_dice: 0.9030376157714325
  cityscapes_jaccard_macro: 0.45830826104458866
  cityscapes_jaccard_micro: 0.8469604041584101

2024-06-28 07:24:29,987 - INFO - Validation Stats
Loss:
  total: 0.46347678065299985
Metrics:
  cityscapes_dice: 0.8583634691238403
  cityscapes_jaccard_macro: 0.3740814298391342
  cityscapes_jaccard_micro: 0.7770517597198486

2024-06-28 07:24:29,987 - INFO - Epoch 96/120
2024-06-28 07:31:39,043 - INFO - Train Stats
Loss:
  supervised: 0.4741434069850684
  total: 0.6489945318320808
  unsupervised: 0.0023313483334836643
  unsupervised_weighted: 0.17485112525691493
Metrics:
  cityscapes_dice: 0.9026145075710075
  cityscapes_jaccard_macro: 0.46751581944983367
  cityscapes_jaccard_micro: 0.8482086290047778

2024-06-28 07:32:10,578 - INFO - Validation Stats
Loss:
  total: 0.4591730272769928
Metrics:
  cityscapes_dice: 0.8628161044120789
  cityscapes_jaccard_macro: 0.3860662200450897
  cityscapes_jaccard_micro: 0.7829722189903259

2024-06-28 07:32:10,578 - INFO - Epoch 97/120
2024-06-28 07:39:18,250 - INFO - Train Stats
Loss:
  supervised: 0.4868696959128658
  total: 0.6779183503300626
  unsupervised: 0.0025473154041822698
  unsupervised_weighted: 0.1910486550441066
Metrics:
  cityscapes_dice: 0.9050456505377316
  cityscapes_jaccard_macro: 0.4721475297096864
  cityscapes_jaccard_micro: 0.8494650946273001

2024-06-28 07:39:49,615 - INFO - Validation Stats
Loss:
  total: 0.541136189699173
Metrics:
  cityscapes_dice: 0.8313469800949097
  cityscapes_jaccard_macro: 0.36157030320167544
  cityscapes_jaccard_micro: 0.7347294783592224

2024-06-28 07:39:49,615 - INFO - Epoch 98/120
2024-06-28 07:46:58,572 - INFO - Train Stats
Loss:
  supervised: 0.47501722819693265
  total: 0.6708903376338551
  unsupervised: 0.002611641465041268
  unsupervised_weighted: 0.1958731101602798
Metrics:
  cityscapes_dice: 0.9051753704987683
  cityscapes_jaccard_macro: 0.4677650984919187
  cityscapes_jaccard_micro: 0.8494926943748129

2024-06-28 07:47:29,805 - INFO - Validation Stats
Loss:
  total: 0.47664592397212985
Metrics:
  cityscapes_dice: 0.8538465857505798
  cityscapes_jaccard_macro: 0.3768710961341858
  cityscapes_jaccard_micro: 0.771647518157959

2024-06-28 07:47:29,805 - INFO - Epoch 99/120
2024-06-28 07:54:44,602 - INFO - Train Stats
Loss:
  supervised: 0.4824732872371149
  total: 0.6717088341134266
  unsupervised: 0.0025231406333009352
  unsupervised_weighted: 0.18923554790106792
Metrics:
  cityscapes_dice: 0.9002771473046646
  cityscapes_jaccard_macro: 0.4597607217608532
  cityscapes_jaccard_micro: 0.8424016872848894

2024-06-28 07:55:15,847 - INFO - Validation Stats
Loss:
  total: 0.5022235398292542
Metrics:
  cityscapes_dice: 0.8559121189117431
  cityscapes_jaccard_macro: 0.3707986977100372
  cityscapes_jaccard_micro: 0.7697320833206177

2024-06-28 07:55:15,847 - INFO - Epoch 100/120
2024-06-28 08:02:25,389 - INFO - Train Stats
Loss:
  supervised: 0.48701840798252993
  total: 0.6713673682178108
  unsupervised: 0.0024579861529117216
  unsupervised_weighted: 0.18434896163377176
Metrics:
  cityscapes_dice: 0.9025892965423251
  cityscapes_jaccard_macro: 0.46297501509822303
  cityscapes_jaccard_micro: 0.8446602237359605

2024-06-28 08:02:56,655 - INFO - Validation Stats
Loss:
  total: 0.4581916251182556
Metrics:
  cityscapes_dice: 0.8666391339302063
  cityscapes_jaccard_macro: 0.3899970896244049
  cityscapes_jaccard_micro: 0.7875234203338624

2024-06-28 08:02:56,781 - INFO - Epoch 101/120
2024-06-28 08:10:05,623 - INFO - Train Stats
Loss:
  supervised: 0.48083962133594316
  total: 0.6494955138384717
  unsupervised: 0.00224874525264653
  unsupervised_weighted: 0.16865589390101943
Metrics:
  cityscapes_dice: 0.9005249028838568
  cityscapes_jaccard_macro: 0.4630051161189681
  cityscapes_jaccard_micro: 0.8452618335250126

2024-06-28 08:10:36,686 - INFO - Validation Stats
Loss:
  total: 0.452735764503479
Metrics:
  cityscapes_dice: 0.8704816513061523
  cityscapes_jaccard_macro: 0.3941440269947052
  cityscapes_jaccard_micro: 0.7921885895729065

2024-06-28 08:10:36,686 - INFO - Epoch 102/120
2024-06-28 08:17:47,232 - INFO - Train Stats
Loss:
  supervised: 0.4859425020690489
  total: 0.6594839023251364
  unsupervised: 0.0023138853271106037
  unsupervised_weighted: 0.17354139991852072
Metrics:
  cityscapes_dice: 0.9018396798846791
  cityscapes_jaccard_macro: 0.46963681492797765
  cityscapes_jaccard_micro: 0.8446947645793841

2024-06-28 08:18:18,464 - INFO - Validation Stats
Loss:
  total: 0.46458538055419923
Metrics:
  cityscapes_dice: 0.8667889337539673
  cityscapes_jaccard_macro: 0.3960863552093506
  cityscapes_jaccard_micro: 0.786468147277832

2024-06-28 08:18:18,464 - INFO - Epoch 103/120
2024-06-28 08:25:32,650 - INFO - Train Stats
Loss:
  supervised: 0.4648169194224583
  total: 0.6437527016046364
  unsupervised: 0.0023858104112880565
  unsupervised_weighted: 0.17893578088013484
Metrics:
  cityscapes_dice: 0.9064390641971699
  cityscapes_jaccard_macro: 0.47348546851607204
  cityscapes_jaccard_micro: 0.8520347394025056

2024-06-28 08:26:03,880 - INFO - Validation Stats
Loss:
  total: 0.40184469473361967
Metrics:
  cityscapes_dice: 0.8787791814804077
  cityscapes_jaccard_macro: 0.4028589148521423
  cityscapes_jaccard_micro: 0.8079105701446533

2024-06-28 08:26:03,880 - INFO - Epoch 104/120
2024-06-28 08:33:14,022 - INFO - Train Stats
Loss:
  supervised: 0.5032438201811708
  total: 0.6825909925606645
  unsupervised: 0.0023912956322540307
  unsupervised_weighted: 0.17934717286173193
Metrics:
  cityscapes_dice: 0.9001536002822679
  cityscapes_jaccard_macro: 0.4691798330607152
  cityscapes_jaccard_micro: 0.8427448248593167

2024-06-28 08:33:45,848 - INFO - Validation Stats
Loss:
  total: 0.38969418907165526
Metrics:
  cityscapes_dice: 0.8825460529327392
  cityscapes_jaccard_macro: 0.41177694487571714
  cityscapes_jaccard_micro: 0.8160944709777832

2024-06-28 08:33:45,848 - INFO - Epoch 105/120
2024-06-28 08:40:54,675 - INFO - Train Stats
Loss:
  supervised: 0.4873100164252963
  total: 0.6656717895304115
  unsupervised: 0.0023781569777463463
  unsupervised_weighted: 0.17836177320156282
Metrics:
  cityscapes_dice: 0.8973181801320665
  cityscapes_jaccard_macro: 0.4642190851005921
  cityscapes_jaccard_micro: 0.840152366261652

2024-06-28 08:41:42,883 - INFO - Validation Stats
Loss:
  total: 0.45309161019325256
Metrics:
  cityscapes_dice: 0.868590660572052
  cityscapes_jaccard_macro: 0.38669511246681215
  cityscapes_jaccard_micro: 0.7920369472503662

2024-06-28 08:41:42,883 - INFO - Epoch 106/120
2024-06-28 08:48:57,585 - INFO - Train Stats
Loss:
  supervised: 0.4866328149985727
  total: 0.6570236261415636
  unsupervised: 0.0022718774619690085
  unsupervised_weighted: 0.17039081000973105
Metrics:
  cityscapes_dice: 0.8959754283952868
  cityscapes_jaccard_macro: 0.4632122799223681
  cityscapes_jaccard_micro: 0.8386998536806662

2024-06-28 08:49:28,698 - INFO - Validation Stats
Loss:
  total: 0.4504979794025421
Metrics:
  cityscapes_dice: 0.8681169700622559
  cityscapes_jaccard_macro: 0.3859346902370453
  cityscapes_jaccard_micro: 0.7906836075782776

2024-06-28 08:49:28,698 - INFO - Epoch 107/120
2024-06-28 08:56:38,957 - INFO - Train Stats
Loss:
  supervised: 0.44060126132660316
  total: 0.6106647809539412
  unsupervised: 0.002267513588420492
  unsupervised_weighted: 0.17006351895220456
Metrics:
  cityscapes_dice: 0.9110660211553852
  cityscapes_jaccard_macro: 0.4780942557023953
  cityscapes_jaccard_micro: 0.8581101973465731

2024-06-28 08:57:12,254 - INFO - Validation Stats
Loss:
  total: 0.4527071805000305
Metrics:
  cityscapes_dice: 0.8715345201492309
  cityscapes_jaccard_macro: 0.3873095104694366
  cityscapes_jaccard_micro: 0.794483030796051

2024-06-28 08:57:12,254 - INFO - Epoch 108/120
2024-06-28 09:04:23,471 - INFO - Train Stats
Loss:
  supervised: 0.4687557027804813
  total: 0.6492393026942188
  unsupervised: 0.0024064479858771234
  unsupervised_weighted: 0.18048359909393255
Metrics:
  cityscapes_dice: 0.9118485288712584
  cityscapes_jaccard_macro: 0.4789194944510568
  cityscapes_jaccard_micro: 0.8583377451186813

2024-06-28 09:05:00,944 - INFO - Validation Stats
Loss:
  total: 0.429238067984581
Metrics:
  cityscapes_dice: 0.8691568670272827
  cityscapes_jaccard_macro: 0.39618568897247314
  cityscapes_jaccard_micro: 0.7950819773674012

2024-06-28 09:05:00,944 - INFO - Epoch 109/120
2024-06-28 09:12:08,961 - INFO - Train Stats
Loss:
  supervised: 0.4807133536219211
  total: 0.6652727889976069
  unsupervised: 0.002460792473845883
  unsupervised_weighted: 0.18455943537568584
Metrics:
  cityscapes_dice: 0.908225045717264
  cityscapes_jaccard_macro: 0.4743724155773237
  cityscapes_jaccard_micro: 0.8540847968418621

2024-06-28 09:12:40,165 - INFO - Validation Stats
Loss:
  total: 0.4687564578056335
Metrics:
  cityscapes_dice: 0.8617053594589233
  cityscapes_jaccard_macro: 0.384717857837677
  cityscapes_jaccard_micro: 0.7807376708984375

2024-06-28 09:12:40,165 - INFO - Epoch 110/120
2024-06-28 09:19:56,791 - INFO - Train Stats
Loss:
  supervised: 0.4826170161704029
  total: 0.6599683370983717
  unsupervised: 0.0023646842873682387
  unsupervised_weighted: 0.17735132165132603
Metrics:
  cityscapes_dice: 0.9045344355808492
  cityscapes_jaccard_macro: 0.4704589503289812
  cityscapes_jaccard_micro: 0.8484909578820262

2024-06-28 09:20:28,112 - INFO - Validation Stats
Loss:
  total: 0.46594696009159087
Metrics:
  cityscapes_dice: 0.8627436575889588
  cityscapes_jaccard_macro: 0.3901456413269043
  cityscapes_jaccard_micro: 0.7799270377159119

2024-06-28 09:20:28,253 - INFO - Epoch 111/120
2024-06-28 09:27:36,536 - INFO - Train Stats
Loss:
  supervised: 0.4724881297465667
  total: 0.649285468758117
  unsupervised: 0.00235729786555334
  unsupervised_weighted: 0.17679733966257194
Metrics:
  cityscapes_dice: 0.9078536896836796
  cityscapes_jaccard_macro: 0.48106213415517773
  cityscapes_jaccard_micro: 0.8531727757075843

2024-06-28 09:28:07,919 - INFO - Validation Stats
Loss:
  total: 0.4726050498485565
Metrics:
  cityscapes_dice: 0.8610629072189331
  cityscapes_jaccard_macro: 0.3826953229904175
  cityscapes_jaccard_micro: 0.7791303625106811

2024-06-28 09:28:07,919 - INFO - Epoch 112/120
2024-06-28 09:35:18,457 - INFO - Train Stats
Loss:
  supervised: 0.48809531261137773
  total: 0.6721392067022693
  unsupervised: 0.00245391860250896
  unsupervised_weighted: 0.18404389548938252
Metrics:
  cityscapes_dice: 0.9023826534115381
  cityscapes_jaccard_macro: 0.46328779948953674
  cityscapes_jaccard_micro: 0.8461657113434813

2024-06-28 09:35:49,775 - INFO - Validation Stats
Loss:
  total: 0.4515948079824448
Metrics:
  cityscapes_dice: 0.8656588540077209
  cityscapes_jaccard_macro: 0.38419479274749757
  cityscapes_jaccard_micro: 0.7868634839057922

2024-06-28 09:35:49,776 - INFO - Epoch 113/120
2024-06-28 09:42:58,933 - INFO - Train Stats
Loss:
  supervised: 0.48911276331900777
  total: 0.6660006230510168
  unsupervised: 0.002358504781811453
  unsupervised_weighted: 0.17688785900865173
Metrics:
  cityscapes_dice: 0.9011004929789448
  cityscapes_jaccard_macro: 0.4637147773141614
  cityscapes_jaccard_micro: 0.8432007277667716

2024-06-28 09:43:30,014 - INFO - Validation Stats
Loss:
  total: 0.3994768236875534
Metrics:
  cityscapes_dice: 0.8790548067092896
  cityscapes_jaccard_macro: 0.3991720554828644
  cityscapes_jaccard_micro: 0.8078661437034607

2024-06-28 09:43:30,014 - INFO - Epoch 114/120
2024-06-28 09:50:44,282 - INFO - Train Stats
Loss:
  supervised: 0.47381166023922583
  total: 0.6461494782981749
  unsupervised: 0.0022978375571279584
  unsupervised_weighted: 0.17233781678101778
Metrics:
  cityscapes_dice: 0.908045951988319
  cityscapes_jaccard_macro: 0.4663460943787615
  cityscapes_jaccard_micro: 0.8529426125646795

2024-06-28 09:51:15,509 - INFO - Validation Stats
Loss:
  total: 0.474223219871521
Metrics:
  cityscapes_dice: 0.8625146756172181
  cityscapes_jaccard_macro: 0.38071360743045807
  cityscapes_jaccard_micro: 0.779734896183014

2024-06-28 09:51:15,509 - INFO - Epoch 115/120
2024-06-28 09:58:24,917 - INFO - Train Stats
Loss:
  supervised: 0.4820388909007353
  total: 0.6611676415289875
  unsupervised: 0.0023883833511488387
  unsupervised_weighted: 0.17912875188207164
Metrics:
  cityscapes_dice: 0.9043651538566478
  cityscapes_jaccard_macro: 0.4675431357618289
  cityscapes_jaccard_micro: 0.8488863502360856

2024-06-28 09:58:56,190 - INFO - Validation Stats
Loss:
  total: 0.44579866790771483
Metrics:
  cityscapes_dice: 0.8679290571212769
  cityscapes_jaccard_macro: 0.3913613910675049
  cityscapes_jaccard_micro: 0.790565408706665

2024-06-28 09:58:56,190 - INFO - Epoch 116/120
2024-06-28 10:06:05,501 - INFO - Train Stats
Loss:
  supervised: 0.45527942939194277
  total: 0.6250116535278586
  unsupervised: 0.002263096331477069
  unsupervised_weighted: 0.1697322246904898
Metrics:
  cityscapes_dice: 0.9075594770098195
  cityscapes_jaccard_macro: 0.4833032758394106
  cityscapes_jaccard_micro: 0.8534632457305699

2024-06-28 10:06:36,606 - INFO - Validation Stats
Loss:
  total: 0.4115745067596436
Metrics:
  cityscapes_dice: 0.8768084321022034
  cityscapes_jaccard_macro: 0.4084692702293396
  cityscapes_jaccard_micro: 0.8044186434745788

2024-06-28 10:06:36,606 - INFO - Epoch 117/120
2024-06-28 10:13:46,876 - INFO - Train Stats
Loss:
  supervised: 0.4751110711047565
  total: 0.651263519398217
  unsupervised: 0.002348699306121283
  unsupervised_weighted: 0.17615244802822957
Metrics:
  cityscapes_dice: 0.9053868362047139
  cityscapes_jaccard_macro: 0.47395647334049434
  cityscapes_jaccard_micro: 0.8509150015304775

2024-06-28 10:14:18,175 - INFO - Validation Stats
Loss:
  total: 0.47250839495658875
Metrics:
  cityscapes_dice: 0.8591334266662598
  cityscapes_jaccard_macro: 0.3823115510940552
  cityscapes_jaccard_micro: 0.7767196111679077

2024-06-28 10:14:18,175 - INFO - Epoch 118/120
2024-06-28 10:21:26,313 - INFO - Train Stats
Loss:
  supervised: 0.46115079117052765
  total: 0.6319767095896033
  unsupervised: 0.0022776789260985975
  unsupervised_weighted: 0.17082591974523076
Metrics:
  cityscapes_dice: 0.9068210749950224
  cityscapes_jaccard_macro: 0.4810843642764879
  cityscapes_jaccard_micro: 0.8510239535165065

2024-06-28 10:21:57,875 - INFO - Validation Stats
Loss:
  total: 0.48405685007572175
Metrics:
  cityscapes_dice: 0.8547071838378906
  cityscapes_jaccard_macro: 0.3753856391906738
  cityscapes_jaccard_micro: 0.7701916375160217

2024-06-28 10:21:57,876 - INFO - Epoch 119/120
2024-06-28 10:28:59,977 - INFO - Train Stats
Loss:
  supervised: 0.4559164722856966
  total: 0.6308090583599115
  unsupervised: 0.0023319011438836896
  unsupervised_weighted: 0.1748925860259911
Metrics:
  cityscapes_dice: 0.9113647762239944
  cityscapes_jaccard_macro: 0.4734547031157225
  cityscapes_jaccard_micro: 0.8586930546752843

2024-06-28 10:29:30,986 - INFO - Validation Stats
Loss:
  total: 0.42351341438293455
Metrics:
  cityscapes_dice: 0.8737574663162232
  cityscapes_jaccard_macro: 0.3956517255306244
  cityscapes_jaccard_micro: 0.7998382110595703

2024-06-28 10:29:30,987 - INFO - Epoch 120/120
2024-06-28 10:36:32,666 - INFO - Train Stats
Loss:
  supervised: 0.4831385858670407
  total: 0.6599333965276823
  unsupervised: 0.0023572641646362916
  unsupervised_weighted: 0.17679481217969198
Metrics:
  cityscapes_dice: 0.9009691280068703
  cityscapes_jaccard_macro: 0.46462818951282686
  cityscapes_jaccard_micro: 0.8446357237675429

2024-06-28 10:37:02,829 - INFO - Validation Stats
Loss:
  total: 0.42415029561519624
Metrics:
  cityscapes_dice: 0.8719879450798035
  cityscapes_jaccard_macro: 0.3986367499828339
  cityscapes_jaccard_micro: 0.7980239391326904

2024-06-28 10:37:20,885 - INFO - Best validation loss: 0.35441292107105254
2024-06-28 10:37:23,052 - INFO - Best model saved to /home/up201905337/exploring-label-efficiency/weights/mixmatch_seg_cityscapes_mobilenet_309l.pth
2024-06-28 10:37:23,052 - INFO - Training took 55538.11638712883 seconds to complete
