2024-03-29 19:01:51,270 - INFO - Loading configuration files...
2024-03-29 19:01:52,135 - INFO - Loading model configuration
args:
  backbone: resnet101
  num_classes: 20
class: DeepLabV3

2024-03-29 19:01:52,161 - INFO - Loading train_dataset configuration
args:
  num_labeled: 309
  root: /data/auto/cityscapes
  train_val_split: 2475
class: SemiSupervisedCityscapesSeg

2024-03-29 19:01:52,231 - INFO - Loading train_dataset configuration
args:
  num_labeled: 309
  root: /data/auto/cityscapes
  train_val_split: 2475
class: SemiSupervisedCityscapesSeg

2024-03-29 19:01:52,262 - INFO - Loading val_dataset configuration
args:
  mode: fine
  root: /data/auto/cityscapes
  train_val_split: 2475
class: CityscapesSeg

2024-03-29 19:01:52,273 - INFO - Loading optimizer configuration
args:
  lr: 0.01
  momentum: 0.9
  nesterov: true
  weight_decay: 0.0005
class: SGD

2024-03-29 19:01:52,281 - INFO - Loading method configuration
args:
  confidence: 0.5
  wu: 1
class: FixMatchCityscapesSeg

2024-03-29 19:01:52,282 - INFO - Loading loss configuration
args: {}
class: CrossEntropyLoss

2024-03-29 19:01:52,293 - INFO - Loading metrics configuration
cityscapes_dice:
  args:
    average: micro
    ignore_index: 0
    num_classes: 20
  class: Dice
cityscapes_jaccard_macro:
  args:
    average: macro
    ignore_index: 0
    num_classes: 20
    task: multiclass
    validate_args: false
  class: JaccardIndex
cityscapes_jaccard_micro:
  args:
    average: micro
    ignore_index: 0
    num_classes: 20
    task: multiclass
    validate_args: false
  class: JaccardIndex

2024-03-29 19:01:52,297 - INFO - Loading scheduler configuration
args:
  T_max: 120
class: CosineAnnealingLR

2024-03-29 19:01:52,298 - INFO - Loading hyperparameters configuration
ema_decay: 0.99
epochs: 120
labeled_batch_size: 1
num_workers: 4
save_freq: 10
unlabeled_batch_size: 3

2024-03-29 19:01:52,669 - INFO - Using device: cuda
2024-03-29 19:01:53,382 - INFO - Training for 120 epochs
2024-03-29 19:01:53,437 - INFO - Epoch 1/120
2024-03-29 19:05:55,100 - INFO - Train Stats
Loss:
  supervised: 0.9144578190297371
  total: 1.2223164517323948
  unsupervised: 0.3078586321066414
  unsupervised_weighted: 0.3078586321066414
Metrics:
  cityscapes_dice: 0.7510824144417029
  cityscapes_jaccard_macro: 0.2675403543600276
  cityscapes_jaccard_micro: 0.6450117780408041

2024-03-29 19:06:21,050 - INFO - Validation Stats
Loss:
  total: 0.7245522558689117
Metrics:
  cityscapes_dice: 0.810000102519989
  cityscapes_jaccard_macro: 0.2596489900350571
  cityscapes_jaccard_micro: 0.7104342412948609

2024-03-29 19:06:21,685 - INFO - Epoch 2/120
2024-03-29 19:10:22,124 - INFO - Train Stats
Loss:
  supervised: 0.6306871567825669
  total: 0.9228795480380938
  unsupervised: 0.29219239019460275
  unsupervised_weighted: 0.29219239019460275
Metrics:
  cityscapes_dice: 0.8357580083280706
  cityscapes_jaccard_macro: 0.3395720940674007
  cityscapes_jaccard_micro: 0.75715881701812

2024-03-29 19:10:50,106 - INFO - Validation Stats
Loss:
  total: 0.675790920495987
Metrics:
  cityscapes_dice: 0.8324915881156921
  cityscapes_jaccard_macro: 0.31118677031993863
  cityscapes_jaccard_micro: 0.745588903427124

2024-03-29 19:10:50,924 - INFO - Epoch 3/120
2024-03-29 19:14:51,296 - INFO - Train Stats
Loss:
  supervised: 0.6013034812165695
  total: 0.8978754373622944
  unsupervised: 0.29657195532591984
  unsupervised_weighted: 0.29657195532591984
Metrics:
  cityscapes_dice: 0.8404431773235111
  cityscapes_jaccard_macro: 0.35887545482240446
  cityscapes_jaccard_micro: 0.7644061712867619

2024-03-29 19:15:19,269 - INFO - Validation Stats
Loss:
  total: 0.574383837223053
Metrics:
  cityscapes_dice: 0.8530399727821351
  cityscapes_jaccard_macro: 0.32186106526851654
  cityscapes_jaccard_micro: 0.7749407477378846

2024-03-29 19:15:20,141 - INFO - Epoch 4/120
2024-03-29 19:19:20,715 - INFO - Train Stats
Loss:
  supervised: 0.5178021641755567
  total: 0.7864380847288953
  unsupervised: 0.2686359200228765
  unsupervised_weighted: 0.2686359200228765
Metrics:
  cityscapes_dice: 0.8634681451860755
  cityscapes_jaccard_macro: 0.38144943450839774
  cityscapes_jaccard_micro: 0.7976927828634441

2024-03-29 19:19:46,438 - INFO - Validation Stats
Loss:
  total: 0.6075591411590576
Metrics:
  cityscapes_dice: 0.8323932857513427
  cityscapes_jaccard_macro: 0.3294163051843643
  cityscapes_jaccard_micro: 0.7429311318397522

2024-03-29 19:19:46,438 - INFO - Epoch 5/120
2024-03-29 19:23:46,433 - INFO - Train Stats
Loss:
  supervised: 0.47650474372612234
  total: 0.7534028238173828
  unsupervised: 0.2768980811762964
  unsupervised_weighted: 0.2768980811762964
Metrics:
  cityscapes_dice: 0.8669715690574213
  cityscapes_jaccard_macro: 0.3940255128353545
  cityscapes_jaccard_micro: 0.8012439900810279

2024-03-29 19:24:10,495 - INFO - Validation Stats
Loss:
  total: 0.4970619421005249
Metrics:
  cityscapes_dice: 0.8709494690895081
  cityscapes_jaccard_macro: 0.36934951901435853
  cityscapes_jaccard_micro: 0.8052516121864319

2024-03-29 19:24:11,258 - INFO - Epoch 6/120
2024-03-29 19:28:11,475 - INFO - Train Stats
Loss:
  supervised: 0.44495833452947703
  total: 0.7190236849981604
  unsupervised: 0.27406535107148117
  unsupervised_weighted: 0.27406535107148117
Metrics:
  cityscapes_dice: 0.8770496939764054
  cityscapes_jaccard_macro: 0.40291548542027333
  cityscapes_jaccard_micro: 0.8198140116957013

2024-03-29 19:28:34,116 - INFO - Validation Stats
Loss:
  total: 0.49885608875751497
Metrics:
  cityscapes_dice: 0.8769254097938538
  cityscapes_jaccard_macro: 0.3837170825004578
  cityscapes_jaccard_micro: 0.8151022481918335

2024-03-29 19:28:34,117 - INFO - Epoch 7/120
2024-03-29 19:32:34,205 - INFO - Train Stats
Loss:
  supervised: 0.4229253749438474
  total: 0.6989734185359239
  unsupervised: 0.27604804178368314
  unsupervised_weighted: 0.27604804178368314
Metrics:
  cityscapes_dice: 0.8818008783951546
  cityscapes_jaccard_macro: 0.41843567412455107
  cityscapes_jaccard_micro: 0.8236843564556641

2024-03-29 19:32:59,442 - INFO - Validation Stats
Loss:
  total: 0.4830042333602905
Metrics:
  cityscapes_dice: 0.8779940123558044
  cityscapes_jaccard_macro: 0.38648304653167725
  cityscapes_jaccard_micro: 0.8170092022418975

2024-03-29 19:33:00,203 - INFO - Epoch 8/120
2024-03-29 19:37:00,327 - INFO - Train Stats
Loss:
  supervised: 0.41670526672624847
  total: 0.6808547393017989
  unsupervised: 0.2641494720692002
  unsupervised_weighted: 0.2641494720692002
Metrics:
  cityscapes_dice: 0.8816943576613676
  cityscapes_jaccard_macro: 0.41569080702888156
  cityscapes_jaccard_micro: 0.8248112792432502

2024-03-29 19:37:25,270 - INFO - Validation Stats
Loss:
  total: 0.5051479066610336
Metrics:
  cityscapes_dice: 0.8726917519569397
  cityscapes_jaccard_macro: 0.3753031365871429
  cityscapes_jaccard_micro: 0.806094316959381

2024-03-29 19:37:25,271 - INFO - Epoch 9/120
2024-03-29 19:41:25,424 - INFO - Train Stats
Loss:
  supervised: 0.3608514920214619
  total: 0.6226953893031889
  unsupervised: 0.2618438957506206
  unsupervised_weighted: 0.2618438957506206
Metrics:
  cityscapes_dice: 0.8979779933262797
  cityscapes_jaccard_macro: 0.4352411448859088
  cityscapes_jaccard_micro: 0.8462957294241896

2024-03-29 19:41:49,490 - INFO - Validation Stats
Loss:
  total: 0.4870578362941742
Metrics:
  cityscapes_dice: 0.8837607765197754
  cityscapes_jaccard_macro: 0.4038902328014374
  cityscapes_jaccard_micro: 0.8249346499443054

2024-03-29 19:41:49,490 - INFO - Epoch 10/120
2024-03-29 19:45:49,576 - INFO - Train Stats
Loss:
  supervised: 0.3848452190461668
  total: 0.6493144063791411
  unsupervised: 0.26446918639260975
  unsupervised_weighted: 0.26446918639260975
Metrics:
  cityscapes_dice: 0.8923125968203189
  cityscapes_jaccard_macro: 0.4278001662307573
  cityscapes_jaccard_micro: 0.8384448219464434

2024-03-29 19:46:15,699 - INFO - Validation Stats
Loss:
  total: 0.4315858689546585
Metrics:
  cityscapes_dice: 0.8809084730148316
  cityscapes_jaccard_macro: 0.4133579134941101
  cityscapes_jaccard_micro: 0.8149952611923218

2024-03-29 19:46:17,042 - INFO - Epoch 11/120
2024-03-29 19:50:17,212 - INFO - Train Stats
Loss:
  supervised: 0.3901297490332505
  total: 0.6627640211562894
  unsupervised: 0.2726342713755697
  unsupervised_weighted: 0.2726342713755697
Metrics:
  cityscapes_dice: 0.8861392159678018
  cityscapes_jaccard_macro: 0.4267645140681838
  cityscapes_jaccard_micro: 0.8320253776886702

2024-03-29 19:50:41,671 - INFO - Validation Stats
Loss:
  total: 0.5263567728996277
Metrics:
  cityscapes_dice: 0.8746744074821472
  cityscapes_jaccard_macro: 0.38642803502082823
  cityscapes_jaccard_micro: 0.8083871922492981

2024-03-29 19:50:41,672 - INFO - Epoch 12/120
2024-03-29 19:54:41,676 - INFO - Train Stats
Loss:
  supervised: 0.38382899862469977
  total: 0.6625456494613758
  unsupervised: 0.27871664861838025
  unsupervised_weighted: 0.27871664861838025
Metrics:
  cityscapes_dice: 0.8911162258930576
  cityscapes_jaccard_macro: 0.4218365806109697
  cityscapes_jaccard_micro: 0.8389701509552866

2024-03-29 19:55:06,592 - INFO - Validation Stats
Loss:
  total: 0.4275924973487854
Metrics:
  cityscapes_dice: 0.8865670895576477
  cityscapes_jaccard_macro: 0.4100215394496918
  cityscapes_jaccard_micro: 0.8284988570213317

2024-03-29 19:55:07,354 - INFO - Epoch 13/120
2024-03-29 19:59:07,522 - INFO - Train Stats
Loss:
  supervised: 0.3602951458356913
  total: 0.6253097032266142
  unsupervised: 0.2650145577887694
  unsupervised_weighted: 0.2650145577887694
Metrics:
  cityscapes_dice: 0.8956889114719379
  cityscapes_jaccard_macro: 0.4278926776065024
  cityscapes_jaccard_micro: 0.8444551115668707

2024-03-29 19:59:31,279 - INFO - Validation Stats
Loss:
  total: 0.42605905199050903
Metrics:
  cityscapes_dice: 0.8872374777793884
  cityscapes_jaccard_macro: 0.4115798487663269
  cityscapes_jaccard_micro: 0.8279102692604065

2024-03-29 19:59:32,066 - INFO - Epoch 14/120
2024-03-29 20:03:32,416 - INFO - Train Stats
Loss:
  supervised: 0.35222435048193607
  total: 0.6256788348881558
  unsupervised: 0.27345448320062415
  unsupervised_weighted: 0.27345448320062415
Metrics:
  cityscapes_dice: 0.8971547930950485
  cityscapes_jaccard_macro: 0.4395974037330899
  cityscapes_jaccard_micro: 0.8467203614009623

2024-03-29 20:03:57,648 - INFO - Validation Stats
Loss:
  total: 0.409977984547615
Metrics:
  cityscapes_dice: 0.8881772627830505
  cityscapes_jaccard_macro: 0.41229121303558347
  cityscapes_jaccard_micro: 0.829852303981781

2024-03-29 20:03:58,499 - INFO - Epoch 15/120
2024-03-29 20:07:59,094 - INFO - Train Stats
Loss:
  supervised: 0.3255286119323718
  total: 0.6050524360539458
  unsupervised: 0.27952382372372747
  unsupervised_weighted: 0.27952382372372747
Metrics:
  cityscapes_dice: 0.9044535638445018
  cityscapes_jaccard_macro: 0.44761917212055724
  cityscapes_jaccard_micro: 0.8534393727200703

2024-03-29 20:08:26,559 - INFO - Validation Stats
Loss:
  total: 0.39984802281856535
Metrics:
  cityscapes_dice: 0.89257475233078
  cityscapes_jaccard_macro: 0.4071843965053558
  cityscapes_jaccard_micro: 0.8364025249481201

2024-03-29 20:08:27,359 - INFO - Epoch 16/120
2024-03-29 20:12:27,851 - INFO - Train Stats
Loss:
  supervised: 0.3186274652631537
  total: 0.5779954688834527
  unsupervised: 0.25936800170340196
  unsupervised_weighted: 0.25936800170340196
Metrics:
  cityscapes_dice: 0.9075156755046165
  cityscapes_jaccard_macro: 0.4445652464543346
  cityscapes_jaccard_micro: 0.8576799870308934

2024-03-29 20:12:53,223 - INFO - Validation Stats
Loss:
  total: 0.441475839138031
Metrics:
  cityscapes_dice: 0.8893350253105163
  cityscapes_jaccard_macro: 0.4251514782905579
  cityscapes_jaccard_micro: 0.8313482708930969

2024-03-29 20:12:53,223 - INFO - Epoch 17/120
2024-03-29 20:16:53,328 - INFO - Train Stats
Loss:
  supervised: 0.32171174177363465
  total: 0.5889404846723025
  unsupervised: 0.26722874459855767
  unsupervised_weighted: 0.26722874459855767
Metrics:
  cityscapes_dice: 0.9059376652958324
  cityscapes_jaccard_macro: 0.44386868275292096
  cityscapes_jaccard_micro: 0.8553216377315398

2024-03-29 20:17:19,723 - INFO - Validation Stats
Loss:
  total: 0.4536594010591507
Metrics:
  cityscapes_dice: 0.8829368982315063
  cityscapes_jaccard_macro: 0.4012453167438507
  cityscapes_jaccard_micro: 0.8220576753616333

2024-03-29 20:17:19,724 - INFO - Epoch 18/120
2024-03-29 20:21:20,066 - INFO - Train Stats
Loss:
  supervised: 0.3019722637428049
  total: 0.5730535382206
  unsupervised: 0.2710812737182699
  unsupervised_weighted: 0.2710812737182699
Metrics:
  cityscapes_dice: 0.911728018502973
  cityscapes_jaccard_macro: 0.4525769227530964
  cityscapes_jaccard_micro: 0.8642704947866668

2024-03-29 20:21:46,868 - INFO - Validation Stats
Loss:
  total: 0.438948174238205
Metrics:
  cityscapes_dice: 0.8882726101875306
  cityscapes_jaccard_macro: 0.4163220231533051
  cityscapes_jaccard_micro: 0.8288235235214233

2024-03-29 20:21:46,868 - INFO - Epoch 19/120
2024-03-29 20:25:47,342 - INFO - Train Stats
Loss:
  supervised: 0.3048557550390176
  total: 0.5664932084025689
  unsupervised: 0.2616374514345984
  unsupervised_weighted: 0.2616374514345984
Metrics:
  cityscapes_dice: 0.909556768280017
  cityscapes_jaccard_macro: 0.4575977167747553
  cityscapes_jaccard_micro: 0.8599745353448738

2024-03-29 20:26:14,986 - INFO - Validation Stats
Loss:
  total: 0.4869414871931076
Metrics:
  cityscapes_dice: 0.87953049659729
  cityscapes_jaccard_macro: 0.40437302231788635
  cityscapes_jaccard_micro: 0.8148166728019715

2024-03-29 20:26:14,986 - INFO - Epoch 20/120
2024-03-29 20:30:15,196 - INFO - Train Stats
Loss:
  supervised: 0.31567553758717665
  total: 0.5879699703076896
  unsupervised: 0.27229443285312854
  unsupervised_weighted: 0.27229443285312854
Metrics:
  cityscapes_dice: 0.9080397673795139
  cityscapes_jaccard_macro: 0.4459582978564173
  cityscapes_jaccard_micro: 0.8607194297329122

2024-03-29 20:30:41,916 - INFO - Validation Stats
Loss:
  total: 0.49271290946006774
Metrics:
  cityscapes_dice: 0.8670891189575195
  cityscapes_jaccard_macro: 0.39370368647575377
  cityscapes_jaccard_micro: 0.7970085623264312

2024-03-29 20:30:42,779 - INFO - Epoch 21/120
2024-03-29 20:34:42,834 - INFO - Train Stats
Loss:
  supervised: 0.30466884243208614
  total: 0.593003569876106
  unsupervised: 0.2883347278418664
  unsupervised_weighted: 0.2883347278418664
Metrics:
  cityscapes_dice: 0.9118456844373043
  cityscapes_jaccard_macro: 0.455715975088209
  cityscapes_jaccard_micro: 0.8654795040204687

2024-03-29 20:35:08,965 - INFO - Validation Stats
Loss:
  total: 0.42799763679504393
Metrics:
  cityscapes_dice: 0.8874935274124145
  cityscapes_jaccard_macro: 0.42650947284698487
  cityscapes_jaccard_micro: 0.8229970450401306

2024-03-29 20:35:08,965 - INFO - Epoch 22/120
2024-03-29 20:39:09,230 - INFO - Train Stats
Loss:
  supervised: 0.28265620399157976
  total: 0.5592497371161254
  unsupervised: 0.27659353329332903
  unsupervised_weighted: 0.27659353329332903
Metrics:
  cityscapes_dice: 0.9164303936618817
  cityscapes_jaccard_macro: 0.4657718460150907
  cityscapes_jaccard_micro: 0.8702104743630369

2024-03-29 20:39:36,388 - INFO - Validation Stats
Loss:
  total: 0.436256752371788
Metrics:
  cityscapes_dice: 0.8857393569946289
  cityscapes_jaccard_macro: 0.426491003036499
  cityscapes_jaccard_micro: 0.8255362598896027

2024-03-29 20:39:36,388 - INFO - Epoch 23/120
2024-03-29 20:43:36,472 - INFO - Train Stats
Loss:
  supervised: 0.2924779085713683
  total: 0.5590125775163614
  unsupervised: 0.26653466878826565
  unsupervised_weighted: 0.26653466878826565
Metrics:
  cityscapes_dice: 0.9135575819169819
  cityscapes_jaccard_macro: 0.4574939135980452
  cityscapes_jaccard_micro: 0.8645504936817009

2024-03-29 20:44:00,908 - INFO - Validation Stats
Loss:
  total: 0.4760957477092743
Metrics:
  cityscapes_dice: 0.8839598460197449
  cityscapes_jaccard_macro: 0.42010153841972353
  cityscapes_jaccard_micro: 0.8223437690734863

2024-03-29 20:44:00,908 - INFO - Epoch 24/120
2024-03-29 20:48:01,050 - INFO - Train Stats
Loss:
  supervised: 0.31178067745128496
  total: 0.5975853348916402
  unsupervised: 0.28580465847716746
  unsupervised_weighted: 0.28580465847716746
Metrics:
  cityscapes_dice: 0.9077897237728328
  cityscapes_jaccard_macro: 0.45653766861432576
  cityscapes_jaccard_micro: 0.8580736681867186

2024-03-29 20:48:25,972 - INFO - Validation Stats
Loss:
  total: 0.40201659548282626
Metrics:
  cityscapes_dice: 0.9005783228874207
  cityscapes_jaccard_macro: 0.443580338716507
  cityscapes_jaccard_micro: 0.8505508699417115

2024-03-29 20:48:25,972 - INFO - Epoch 25/120
2024-03-29 20:52:26,176 - INFO - Train Stats
Loss:
  supervised: 0.29361010248799924
  total: 0.5629250569733215
  unsupervised: 0.2693149560767084
  unsupervised_weighted: 0.2693149560767084
Metrics:
  cityscapes_dice: 0.9140786086857126
  cityscapes_jaccard_macro: 0.46760991538805485
  cityscapes_jaccard_micro: 0.8664636133558156

2024-03-29 20:52:46,871 - INFO - Validation Stats
Loss:
  total: 0.4300427488088608
Metrics:
  cityscapes_dice: 0.8830432710647583
  cityscapes_jaccard_macro: 0.41916276001930236
  cityscapes_jaccard_micro: 0.8207292976379394

2024-03-29 20:52:46,872 - INFO - Epoch 26/120
2024-03-29 20:56:46,853 - INFO - Train Stats
Loss:
  supervised: 0.27046808655883114
  total: 0.5481195020154842
  unsupervised: 0.2776514143233932
  unsupervised_weighted: 0.2776514143233932
Metrics:
  cityscapes_dice: 0.9209273359150563
  cityscapes_jaccard_macro: 0.468958339162629
  cityscapes_jaccard_micro: 0.8753615160590237

2024-03-29 20:57:10,244 - INFO - Validation Stats
Loss:
  total: 0.4178335999250412
Metrics:
  cityscapes_dice: 0.8923525080680847
  cityscapes_jaccard_macro: 0.43362503933906554
  cityscapes_jaccard_micro: 0.8357676734924316

2024-03-29 20:57:10,244 - INFO - Epoch 27/120
2024-03-29 21:01:11,542 - INFO - Train Stats
Loss:
  supervised: 0.27633957764959644
  total: 0.5555869713666756
  unsupervised: 0.2792473949829544
  unsupervised_weighted: 0.2792473949829544
Metrics:
  cityscapes_dice: 0.9176080606901915
  cityscapes_jaccard_macro: 0.4719182274584631
  cityscapes_jaccard_micro: 0.8703551167037494

2024-03-29 21:01:43,465 - INFO - Validation Stats
Loss:
  total: 0.39940748596191405
Metrics:
  cityscapes_dice: 0.8965063695907592
  cityscapes_jaccard_macro: 0.4345633962154388
  cityscapes_jaccard_micro: 0.8408297109603882

2024-03-29 21:01:44,388 - INFO - Epoch 28/120
2024-03-29 21:05:45,521 - INFO - Train Stats
Loss:
  supervised: 0.284814206961675
  total: 0.566547045526381
  unsupervised: 0.28173283942067895
  unsupervised_weighted: 0.28173283942067895
Metrics:
  cityscapes_dice: 0.9149669015291825
  cityscapes_jaccard_macro: 0.4670114055227693
  cityscapes_jaccard_micro: 0.8674735332384078

2024-03-29 21:06:16,262 - INFO - Validation Stats
Loss:
  total: 0.4428163093328476
Metrics:
  cityscapes_dice: 0.8961606645584106
  cityscapes_jaccard_macro: 0.43581705594062803
  cityscapes_jaccard_micro: 0.8441038417816162

2024-03-29 21:06:16,263 - INFO - Epoch 29/120
2024-03-29 21:10:16,828 - INFO - Train Stats
Loss:
  supervised: 0.24442456567412826
  total: 0.5225772746268985
  unsupervised: 0.27815270896482625
  unsupervised_weighted: 0.27815270896482625
Metrics:
  cityscapes_dice: 0.9273111685194244
  cityscapes_jaccard_macro: 0.4895007502299682
  cityscapes_jaccard_micro: 0.8836021791769849

2024-03-29 21:10:43,427 - INFO - Validation Stats
Loss:
  total: 0.3758061043024063
Metrics:
  cityscapes_dice: 0.8998244791030884
  cityscapes_jaccard_macro: 0.4526211407184601
  cityscapes_jaccard_micro: 0.8459760479927063

2024-03-29 21:10:44,426 - INFO - Epoch 30/120
2024-03-29 21:14:44,683 - INFO - Train Stats
Loss:
  supervised: 0.2430774204818755
  total: 0.5201238330128124
  unsupervised: 0.27704641192813906
  unsupervised_weighted: 0.27704641192813906
Metrics:
  cityscapes_dice: 0.9267202119997018
  cityscapes_jaccard_macro: 0.4880380352241708
  cityscapes_jaccard_micro: 0.8834473967166394

2024-03-29 21:15:11,087 - INFO - Validation Stats
Loss:
  total: 0.47512472414970397
Metrics:
  cityscapes_dice: 0.8871632752418518
  cityscapes_jaccard_macro: 0.4187144105434418
  cityscapes_jaccard_micro: 0.8266586451530457

2024-03-29 21:15:11,893 - INFO - Epoch 31/120
2024-03-29 21:19:12,945 - INFO - Train Stats
Loss:
  supervised: 0.27050851724294395
  total: 0.5514191119512694
  unsupervised: 0.28091059608270436
  unsupervised_weighted: 0.28091059608270436
Metrics:
  cityscapes_dice: 0.920548579839441
  cityscapes_jaccard_macro: 0.4825884194918049
  cityscapes_jaccard_micro: 0.8765874106714255

2024-03-29 21:19:39,182 - INFO - Validation Stats
Loss:
  total: 0.37050168311595916
Metrics:
  cityscapes_dice: 0.9050008153915405
  cityscapes_jaccard_macro: 0.45919797325134276
  cityscapes_jaccard_micro: 0.8543341722488403

2024-03-29 21:19:40,120 - INFO - Epoch 32/120
2024-03-29 21:23:41,528 - INFO - Train Stats
Loss:
  supervised: 0.23330506959682915
  total: 0.5099829482607857
  unsupervised: 0.27667787830227786
  unsupervised_weighted: 0.27667787830227786
Metrics:
  cityscapes_dice: 0.9318328443854372
  cityscapes_jaccard_macro: 0.4950575704617022
  cityscapes_jaccard_micro: 0.8915354048164146

2024-03-29 21:24:12,447 - INFO - Validation Stats
Loss:
  total: 0.4191134567260742
Metrics:
  cityscapes_dice: 0.8981236553192139
  cityscapes_jaccard_macro: 0.4573719913959503
  cityscapes_jaccard_micro: 0.84540087890625

2024-03-29 21:24:12,448 - INFO - Epoch 33/120
2024-03-29 21:28:12,802 - INFO - Train Stats
Loss:
  supervised: 0.2579313066688556
  total: 0.5426664489854887
  unsupervised: 0.2847351430641023
  unsupervised_weighted: 0.2847351430641023
Metrics:
  cityscapes_dice: 0.9223442615814579
  cityscapes_jaccard_macro: 0.48503940501838055
  cityscapes_jaccard_micro: 0.8767520563502142

2024-03-29 21:28:44,159 - INFO - Validation Stats
Loss:
  total: 0.40240167605876925
Metrics:
  cityscapes_dice: 0.8970235390663147
  cityscapes_jaccard_macro: 0.4483903982639313
  cityscapes_jaccard_micro: 0.8424909138679504

2024-03-29 21:28:44,159 - INFO - Epoch 34/120
2024-03-29 21:32:45,264 - INFO - Train Stats
Loss:
  supervised: 0.23561787643864704
  total: 0.5123937178198188
  unsupervised: 0.27677584011529643
  unsupervised_weighted: 0.27677584011529643
Metrics:
  cityscapes_dice: 0.9291997978216622
  cityscapes_jaccard_macro: 0.50289728601002
  cityscapes_jaccard_micro: 0.8857123147708312

2024-03-29 21:33:14,175 - INFO - Validation Stats
Loss:
  total: 0.38857875382900237
Metrics:
  cityscapes_dice: 0.9039048109054565
  cityscapes_jaccard_macro: 0.46993064975738524
  cityscapes_jaccard_micro: 0.8557956881523132

2024-03-29 21:33:14,175 - INFO - Epoch 35/120
2024-03-29 21:37:15,107 - INFO - Train Stats
Loss:
  supervised: 0.23913724821748086
  total: 0.5293529874684355
  unsupervised: 0.29021574058916577
  unsupervised_weighted: 0.29021574058916577
Metrics:
  cityscapes_dice: 0.9278513937706314
  cityscapes_jaccard_macro: 0.4911463314179078
  cityscapes_jaccard_micro: 0.8839852364317885

2024-03-29 21:37:44,137 - INFO - Validation Stats
Loss:
  total: 0.38762867951393126
Metrics:
  cityscapes_dice: 0.9014140677452087
  cityscapes_jaccard_macro: 0.4626007339954376
  cityscapes_jaccard_micro: 0.8500065960884094

2024-03-29 21:37:44,137 - INFO - Epoch 36/120
2024-03-29 21:41:44,886 - INFO - Train Stats
Loss:
  supervised: 0.215576430439081
  total: 0.48013116983534065
  unsupervised: 0.2645547381665522
  unsupervised_weighted: 0.2645547381665522
Metrics:
  cityscapes_dice: 0.9348588352450276
  cityscapes_jaccard_macro: 0.5089095002432086
  cityscapes_jaccard_micro: 0.8946990852988653

2024-03-29 21:42:15,380 - INFO - Validation Stats
Loss:
  total: 0.40558260667324064
Metrics:
  cityscapes_dice: 0.9031697058677673
  cityscapes_jaccard_macro: 0.45411110496520996
  cityscapes_jaccard_micro: 0.849125057220459

2024-03-29 21:42:15,381 - INFO - Epoch 37/120
2024-03-29 21:46:16,864 - INFO - Train Stats
Loss:
  supervised: 0.23330448583540023
  total: 0.5256525439158998
  unsupervised: 0.292348057429478
  unsupervised_weighted: 0.292348057429478
Metrics:
  cityscapes_dice: 0.9300616981527952
  cityscapes_jaccard_macro: 0.5029133352839831
  cityscapes_jaccard_micro: 0.8876886529829896

2024-03-29 21:46:47,824 - INFO - Validation Stats
Loss:
  total: 0.4145782928466797
Metrics:
  cityscapes_dice: 0.8963207569122315
  cityscapes_jaccard_macro: 0.4499651520252228
  cityscapes_jaccard_micro: 0.8417074217796325

2024-03-29 21:46:47,824 - INFO - Epoch 38/120
2024-03-29 21:50:49,483 - INFO - Train Stats
Loss:
  supervised: 0.21071017234553024
  total: 0.5011925290799836
  unsupervised: 0.29048235761453806
  unsupervised_weighted: 0.29048235761453806
Metrics:
  cityscapes_dice: 0.9357306592672774
  cityscapes_jaccard_macro: 0.5174088562962307
  cityscapes_jaccard_micro: 0.8967260112654429

2024-03-29 21:51:21,719 - INFO - Validation Stats
Loss:
  total: 0.40276606917381286
Metrics:
  cityscapes_dice: 0.9072132272720337
  cityscapes_jaccard_macro: 0.4732607533931732
  cityscapes_jaccard_micro: 0.8586500582695007

2024-03-29 21:51:21,720 - INFO - Epoch 39/120
2024-03-29 21:55:22,403 - INFO - Train Stats
Loss:
  supervised: 0.22371540284899447
  total: 0.4910349324586708
  unsupervised: 0.26731952933238934
  unsupervised_weighted: 0.26731952933238934
Metrics:
  cityscapes_dice: 0.9329891272347336
  cityscapes_jaccard_macro: 0.5098164511729985
  cityscapes_jaccard_micro: 0.893312722251639

2024-03-29 21:55:50,733 - INFO - Validation Stats
Loss:
  total: 0.36049585008621216
Metrics:
  cityscapes_dice: 0.9068750686645508
  cityscapes_jaccard_macro: 0.4642617766857147
  cityscapes_jaccard_micro: 0.8574165091514587

2024-03-29 21:55:51,590 - INFO - Epoch 40/120
2024-03-29 21:59:51,893 - INFO - Train Stats
Loss:
  supervised: 0.20493295447581408
  total: 0.4820711531685394
  unsupervised: 0.27713820007916024
  unsupervised_weighted: 0.27713820007916024
Metrics:
  cityscapes_dice: 0.9380672705212072
  cityscapes_jaccard_macro: 0.5253985776870382
  cityscapes_jaccard_micro: 0.8990163793455821

2024-03-29 22:00:19,532 - INFO - Validation Stats
Loss:
  total: 0.3770300030708313
Metrics:
  cityscapes_dice: 0.9061783032417298
  cityscapes_jaccard_macro: 0.4651759495735168
  cityscapes_jaccard_micro: 0.8552189583778381

2024-03-29 22:00:20,350 - INFO - Epoch 41/120
2024-03-29 22:04:20,500 - INFO - Train Stats
Loss:
  supervised: 0.22780586400560576
  total: 0.5108463070249866
  unsupervised: 0.28304044282648555
  unsupervised_weighted: 0.28304044282648555
Metrics:
  cityscapes_dice: 0.9309554642072387
  cityscapes_jaccard_macro: 0.5143568556285599
  cityscapes_jaccard_micro: 0.891804036777768

2024-03-29 22:04:46,344 - INFO - Validation Stats
Loss:
  total: 0.38799776101112365
Metrics:
  cityscapes_dice: 0.9039645285606385
  cityscapes_jaccard_macro: 0.47570852494239807
  cityscapes_jaccard_micro: 0.8521888613700866

2024-03-29 22:04:46,344 - INFO - Epoch 42/120
2024-03-29 22:08:46,384 - INFO - Train Stats
Loss:
  supervised: 0.21620989053187634
  total: 0.49508065660408784
  unsupervised: 0.27887076644594616
  unsupervised_weighted: 0.27887076644594616
Metrics:
  cityscapes_dice: 0.9340174103631942
  cityscapes_jaccard_macro: 0.5097208131092652
  cityscapes_jaccard_micro: 0.893598002330385

2024-03-29 22:09:13,733 - INFO - Validation Stats
Loss:
  total: 0.39321477711200714
Metrics:
  cityscapes_dice: 0.9038890385627747
  cityscapes_jaccard_macro: 0.46912136697769163
  cityscapes_jaccard_micro: 0.8531393113136292

2024-03-29 22:09:13,733 - INFO - Epoch 43/120
2024-03-29 22:13:13,625 - INFO - Train Stats
Loss:
  supervised: 0.25305338962226626
  total: 0.539536946221077
  unsupervised: 0.2864835569604894
  unsupervised_weighted: 0.2864835569604894
Metrics:
  cityscapes_dice: 0.9242177956698396
  cityscapes_jaccard_macro: 0.48846050711125616
  cityscapes_jaccard_micro: 0.8783057573157993

2024-03-29 22:13:37,417 - INFO - Validation Stats
Loss:
  total: 0.3811523449420929
Metrics:
  cityscapes_dice: 0.902058741569519
  cityscapes_jaccard_macro: 0.46990726232528685
  cityscapes_jaccard_micro: 0.849750274181366

2024-03-29 22:13:37,417 - INFO - Epoch 44/120
2024-03-29 22:17:37,321 - INFO - Train Stats
Loss:
  supervised: 0.2287151613137097
  total: 0.5021975691457397
  unsupervised: 0.27348240744623936
  unsupervised_weighted: 0.27348240744623936
Metrics:
  cityscapes_dice: 0.930706245999506
  cityscapes_jaccard_macro: 0.5041734615768816
  cityscapes_jaccard_micro: 0.8887751735144063

2024-03-29 22:18:02,503 - INFO - Validation Stats
Loss:
  total: 0.3855684357881546
Metrics:
  cityscapes_dice: 0.9058283705711365
  cityscapes_jaccard_macro: 0.4738182740211487
  cityscapes_jaccard_micro: 0.8555785670280457

2024-03-29 22:18:02,503 - INFO - Epoch 45/120
2024-03-29 22:22:02,271 - INFO - Train Stats
Loss:
  supervised: 0.21001578956649528
  total: 0.49598672335008975
  unsupervised: 0.285970933638923
  unsupervised_weighted: 0.285970933638923
Metrics:
  cityscapes_dice: 0.937140328791535
  cityscapes_jaccard_macro: 0.5221960763522336
  cityscapes_jaccard_micro: 0.8979857365290324

2024-03-29 22:22:29,507 - INFO - Validation Stats
Loss:
  total: 0.38072411823272706
Metrics:
  cityscapes_dice: 0.9074301977157593
  cityscapes_jaccard_macro: 0.4858138771057129
  cityscapes_jaccard_micro: 0.8595564637184143

2024-03-29 22:22:29,507 - INFO - Epoch 46/120
2024-03-29 22:26:31,244 - INFO - Train Stats
Loss:
  supervised: 0.18987296114172364
  total: 0.4629806632170014
  unsupervised: 0.27310770207527774
  unsupervised_weighted: 0.27310770207527774
Metrics:
  cityscapes_dice: 0.9426868571432663
  cityscapes_jaccard_macro: 0.5339815959961283
  cityscapes_jaccard_micro: 0.9061638736030431

2024-03-29 22:27:05,846 - INFO - Validation Stats
Loss:
  total: 0.37455488860607145
Metrics:
  cityscapes_dice: 0.9052876725196838
  cityscapes_jaccard_macro: 0.47200119829177856
  cityscapes_jaccard_micro: 0.8534505362510681

2024-03-29 22:27:05,846 - INFO - Epoch 47/120
2024-03-29 22:31:05,984 - INFO - Train Stats
Loss:
  supervised: 0.2278289599374274
  total: 0.5140791599032948
  unsupervised: 0.28625020011053887
  unsupervised_weighted: 0.28625020011053887
Metrics:
  cityscapes_dice: 0.9322766873828802
  cityscapes_jaccard_macro: 0.516895104187592
  cityscapes_jaccard_micro: 0.8925619042421236

2024-03-29 22:31:36,659 - INFO - Validation Stats
Loss:
  total: 0.451632346868515
Metrics:
  cityscapes_dice: 0.8944433526992798
  cityscapes_jaccard_macro: 0.4500600526332855
  cityscapes_jaccard_micro: 0.8399683241844177

2024-03-29 22:31:36,659 - INFO - Epoch 48/120
2024-03-29 22:35:36,899 - INFO - Train Stats
Loss:
  supervised: 0.20124080340742678
  total: 0.4712376021885563
  unsupervised: 0.2699967993115916
  unsupervised_weighted: 0.2699967993115916
Metrics:
  cityscapes_dice: 0.9384727115384197
  cityscapes_jaccard_macro: 0.5319382014012259
  cityscapes_jaccard_micro: 0.900012745440585

2024-03-29 22:36:06,192 - INFO - Validation Stats
Loss:
  total: 0.3663059787750244
Metrics:
  cityscapes_dice: 0.9100611004829406
  cityscapes_jaccard_macro: 0.47858401560783387
  cityscapes_jaccard_micro: 0.8641805734634399

2024-03-29 22:36:06,192 - INFO - Epoch 49/120
2024-03-29 22:40:07,592 - INFO - Train Stats
Loss:
  supervised: 0.19196808704666335
  total: 0.4646525165988404
  unsupervised: 0.27268442923872216
  unsupervised_weighted: 0.27268442923872216
Metrics:
  cityscapes_dice: 0.94164687510833
  cityscapes_jaccard_macro: 0.5357633638150484
  cityscapes_jaccard_micro: 0.9051642196078131

2024-03-29 22:40:37,285 - INFO - Validation Stats
Loss:
  total: 0.37820930588245394
Metrics:
  cityscapes_dice: 0.904548415184021
  cityscapes_jaccard_macro: 0.473866518497467
  cityscapes_jaccard_micro: 0.8527606935501099

2024-03-29 22:40:37,286 - INFO - Epoch 50/120
2024-03-29 22:44:37,359 - INFO - Train Stats
Loss:
  supervised: 0.2009522907170663
  total: 0.47253400280251856
  unsupervised: 0.27158171225423566
  unsupervised_weighted: 0.27158171225423566
Metrics:
  cityscapes_dice: 0.940049776946071
  cityscapes_jaccard_macro: 0.5328979725590801
  cityscapes_jaccard_micro: 0.9019863964284508

2024-03-29 22:45:03,328 - INFO - Validation Stats
Loss:
  total: 0.41240625524520874
Metrics:
  cityscapes_dice: 0.906184317111969
  cityscapes_jaccard_macro: 0.4631259000301361
  cityscapes_jaccard_micro: 0.8602801079750061

2024-03-29 22:45:04,113 - INFO - Epoch 51/120
2024-03-29 22:49:04,150 - INFO - Train Stats
Loss:
  supervised: 0.19405431834480524
  total: 0.4615816148691193
  unsupervised: 0.2675272967774891
  unsupervised_weighted: 0.2675272967774891
Metrics:
  cityscapes_dice: 0.9407130317780578
  cityscapes_jaccard_macro: 0.5367187921283314
  cityscapes_jaccard_micro: 0.9031078261850721

2024-03-29 22:49:32,023 - INFO - Validation Stats
Loss:
  total: 0.3981380186080933
Metrics:
  cityscapes_dice: 0.9020853061676025
  cityscapes_jaccard_macro: 0.4773834788799286
  cityscapes_jaccard_micro: 0.8446258420944214

2024-03-29 22:49:32,023 - INFO - Epoch 52/120
2024-03-29 22:53:31,967 - INFO - Train Stats
Loss:
  supervised: 0.18470518743094888
  total: 0.46484967410371525
  unsupervised: 0.280144487046501
  unsupervised_weighted: 0.280144487046501
Metrics:
  cityscapes_dice: 0.9433869127316769
  cityscapes_jaccard_macro: 0.5459382071078402
  cityscapes_jaccard_micro: 0.90658206827818

2024-03-29 22:54:01,072 - INFO - Validation Stats
Loss:
  total: 0.389080952167511
Metrics:
  cityscapes_dice: 0.9103992595672608
  cityscapes_jaccard_macro: 0.4816673502922058
  cityscapes_jaccard_micro: 0.8648872861862182

2024-03-29 22:54:01,073 - INFO - Epoch 53/120
2024-03-29 22:58:00,972 - INFO - Train Stats
Loss:
  supervised: 0.19139193812789076
  total: 0.4574948724564225
  unsupervised: 0.26610293329774753
  unsupervised_weighted: 0.26610293329774753
Metrics:
  cityscapes_dice: 0.942507286866506
  cityscapes_jaccard_macro: 0.5429922465753401
  cityscapes_jaccard_micro: 0.9067262823913476

2024-03-29 22:58:34,353 - INFO - Validation Stats
Loss:
  total: 0.37068875539302826
Metrics:
  cityscapes_dice: 0.9112133345603943
  cityscapes_jaccard_macro: 0.49043306851387025
  cityscapes_jaccard_micro: 0.8643040618896485

2024-03-29 22:58:34,353 - INFO - Epoch 54/120
2024-03-29 23:02:34,349 - INFO - Train Stats
Loss:
  supervised: 0.17471069212653298
  total: 0.4487342143907516
  unsupervised: 0.27402352199295965
  unsupervised_weighted: 0.27402352199295965
Metrics:
  cityscapes_dice: 0.945931517190532
  cityscapes_jaccard_macro: 0.5503673846667638
  cityscapes_jaccard_micro: 0.9105713762897504

2024-03-29 23:03:02,430 - INFO - Validation Stats
Loss:
  total: 0.3732829005718231
Metrics:
  cityscapes_dice: 0.9095835399627685
  cityscapes_jaccard_macro: 0.47540854263305665
  cityscapes_jaccard_micro: 0.8608986449241638

2024-03-29 23:03:02,430 - INFO - Epoch 55/120
2024-03-29 23:07:02,611 - INFO - Train Stats
Loss:
  supervised: 0.17667075428617424
  total: 0.465304249144102
  unsupervised: 0.28863349488203965
  unsupervised_weighted: 0.28863349488203965
Metrics:
  cityscapes_dice: 0.9451618943013805
  cityscapes_jaccard_macro: 0.542318448761906
  cityscapes_jaccard_micro: 0.908950016529429

2024-03-29 23:07:29,781 - INFO - Validation Stats
Loss:
  total: 0.3628209511041641
Metrics:
  cityscapes_dice: 0.9105016732215881
  cityscapes_jaccard_macro: 0.4881043064594269
  cityscapes_jaccard_micro: 0.8627596158981323

2024-03-29 23:07:29,781 - INFO - Epoch 56/120
2024-03-29 23:11:30,224 - INFO - Train Stats
Loss:
  supervised: 0.1672486439166428
  total: 0.4254608533336121
  unsupervised: 0.2582122100137391
  unsupervised_weighted: 0.2582122100137391
Metrics:
  cityscapes_dice: 0.9484433527903263
  cityscapes_jaccard_macro: 0.5621447476368506
  cityscapes_jaccard_micro: 0.9142206727879719

2024-03-29 23:12:00,849 - INFO - Validation Stats
Loss:
  total: 0.36376519143581393
Metrics:
  cityscapes_dice: 0.9115044975280762
  cityscapes_jaccard_macro: 0.4891351618766785
  cityscapes_jaccard_micro: 0.8656939425468445

2024-03-29 23:12:00,850 - INFO - Epoch 57/120
2024-03-29 23:16:00,824 - INFO - Train Stats
Loss:
  supervised: 0.16143237458222506
  total: 0.42403510598688837
  unsupervised: 0.2626027314528871
  unsupervised_weighted: 0.2626027314528871
Metrics:
  cityscapes_dice: 0.9500910090011301
  cityscapes_jaccard_macro: 0.5666526012050296
  cityscapes_jaccard_micro: 0.9170315024536404

2024-03-29 23:16:26,883 - INFO - Validation Stats
Loss:
  total: 0.37629063403606416
Metrics:
  cityscapes_dice: 0.9144562368392944
  cityscapes_jaccard_macro: 0.49744237542152403
  cityscapes_jaccard_micro: 0.8691466603279113

2024-03-29 23:16:26,883 - INFO - Epoch 58/120
2024-03-29 23:20:26,955 - INFO - Train Stats
Loss:
  supervised: 0.16767428073923565
  total: 0.4335376530596354
  unsupervised: 0.2658633720431127
  unsupervised_weighted: 0.2658633720431127
Metrics:
  cityscapes_dice: 0.9482790220130994
  cityscapes_jaccard_macro: 0.5619699152059925
  cityscapes_jaccard_micro: 0.9144697777661691

2024-03-29 23:20:56,260 - INFO - Validation Stats
Loss:
  total: 0.3969928333759308
Metrics:
  cityscapes_dice: 0.9104345746040344
  cityscapes_jaccard_macro: 0.49387981271743775
  cityscapes_jaccard_micro: 0.8656842451095581

2024-03-29 23:20:56,261 - INFO - Epoch 59/120
2024-03-29 23:24:56,490 - INFO - Train Stats
Loss:
  supervised: 0.1598276156015863
  total: 0.4307791326906303
  unsupervised: 0.27095151556396563
  unsupervised_weighted: 0.27095151556396563
Metrics:
  cityscapes_dice: 0.9504413760981514
  cityscapes_jaccard_macro: 0.570411740383284
  cityscapes_jaccard_micro: 0.9175302181814866

2024-03-29 23:25:23,380 - INFO - Validation Stats
Loss:
  total: 0.37804871940612794
Metrics:
  cityscapes_dice: 0.9132893605232238
  cityscapes_jaccard_macro: 0.48598346948623655
  cityscapes_jaccard_micro: 0.8689514150619507

2024-03-29 23:25:23,380 - INFO - Epoch 60/120
2024-03-29 23:29:23,289 - INFO - Train Stats
Loss:
  supervised: 0.15630725184063696
  total: 0.43695059961196286
  unsupervised: 0.2806433477833819
  unsupervised_weighted: 0.2806433477833819
Metrics:
  cityscapes_dice: 0.9515275758446999
  cityscapes_jaccard_macro: 0.5754573208228669
  cityscapes_jaccard_micro: 0.9184977863598796

2024-03-29 23:29:50,127 - INFO - Validation Stats
Loss:
  total: 0.36520249235630037
Metrics:
  cityscapes_dice: 0.9151802043914795
  cityscapes_jaccard_macro: 0.4986706566810608
  cityscapes_jaccard_micro: 0.8700782737731934

2024-03-29 23:29:50,956 - INFO - Epoch 61/120
2024-03-29 23:33:51,301 - INFO - Train Stats
Loss:
  supervised: 0.16568861710070407
  total: 0.44365547513016607
  unsupervised: 0.27796685829469303
  unsupervised_weighted: 0.27796685829469303
Metrics:
  cityscapes_dice: 0.9478463034799569
  cityscapes_jaccard_macro: 0.5692561454950413
  cityscapes_jaccard_micro: 0.9122959485331785

2024-03-29 23:34:22,452 - INFO - Validation Stats
Loss:
  total: 0.3655204476118088
Metrics:
  cityscapes_dice: 0.9094829573631287
  cityscapes_jaccard_macro: 0.4910461025238037
  cityscapes_jaccard_micro: 0.8605698885917663

2024-03-29 23:34:22,452 - INFO - Epoch 62/120
2024-03-29 23:38:22,354 - INFO - Train Stats
Loss:
  supervised: 0.1625804524253873
  total: 0.42837543882019696
  unsupervised: 0.26579498680471214
  unsupervised_weighted: 0.26579498680471214
Metrics:
  cityscapes_dice: 0.9498170461855274
  cityscapes_jaccard_macro: 0.5661313370786438
  cityscapes_jaccard_micro: 0.9167731730297546

2024-03-29 23:38:51,988 - INFO - Validation Stats
Loss:
  total: 0.37254207515716553
Metrics:
  cityscapes_dice: 0.9115218386650086
  cityscapes_jaccard_macro: 0.48336441493034366
  cityscapes_jaccard_micro: 0.8641067957878112

2024-03-29 23:38:51,988 - INFO - Epoch 63/120
2024-03-29 23:42:52,025 - INFO - Train Stats
Loss:
  supervised: 0.15847096088851734
  total: 0.42377152645954425
  unsupervised: 0.2653005660351812
  unsupervised_weighted: 0.2653005660351812
Metrics:
  cityscapes_dice: 0.9501061680633274
  cityscapes_jaccard_macro: 0.5721415785716961
  cityscapes_jaccard_micro: 0.916797806529937

2024-03-29 23:43:17,315 - INFO - Validation Stats
Loss:
  total: 0.3771599678993225
Metrics:
  cityscapes_dice: 0.9114862713813782
  cityscapes_jaccard_macro: 0.4957527480125427
  cityscapes_jaccard_micro: 0.8645126180648803

2024-03-29 23:43:17,315 - INFO - Epoch 64/120
2024-03-29 23:47:17,455 - INFO - Train Stats
Loss:
  supervised: 0.1531457437268642
  total: 0.41324472871027335
  unsupervised: 0.2600989856284027
  unsupervised_weighted: 0.2600989856284027
Metrics:
  cityscapes_dice: 0.9513755861223708
  cityscapes_jaccard_macro: 0.5789749302138788
  cityscapes_jaccard_micro: 0.9179472822973258

2024-03-29 23:47:44,183 - INFO - Validation Stats
Loss:
  total: 0.390001478433609
Metrics:
  cityscapes_dice: 0.9102519993782043
  cityscapes_jaccard_macro: 0.4905526626110077
  cityscapes_jaccard_micro: 0.86100568151474

2024-03-29 23:47:44,184 - INFO - Epoch 65/120
2024-03-29 23:51:44,332 - INFO - Train Stats
Loss:
  supervised: 0.1530194013442808
  total: 0.41938860649333415
  unsupervised: 0.2663692069453908
  unsupervised_weighted: 0.2663692069453908
Metrics:
  cityscapes_dice: 0.9519208555854254
  cityscapes_jaccard_macro: 0.583984130022981
  cityscapes_jaccard_micro: 0.9192389276806976

2024-03-29 23:52:16,599 - INFO - Validation Stats
Loss:
  total: 0.36210306465625763
Metrics:
  cityscapes_dice: 0.9160293650627136
  cityscapes_jaccard_macro: 0.494426349401474
  cityscapes_jaccard_micro: 0.8704554042816162

2024-03-29 23:52:16,599 - INFO - Epoch 66/120
2024-03-29 23:56:16,710 - INFO - Train Stats
Loss:
  supervised: 0.14500536612901102
  total: 0.3990404580789091
  unsupervised: 0.25403509244419226
  unsupervised_weighted: 0.25403509244419226
Metrics:
  cityscapes_dice: 0.9542574479356167
  cityscapes_jaccard_macro: 0.5768506835579487
  cityscapes_jaccard_micro: 0.9229445470961166

2024-03-29 23:56:48,996 - INFO - Validation Stats
Loss:
  total: 0.37714670252799987
Metrics:
  cityscapes_dice: 0.9163623523712158
  cityscapes_jaccard_macro: 0.5069116907119751
  cityscapes_jaccard_micro: 0.8723210577964783

2024-03-29 23:56:48,997 - INFO - Epoch 67/120
2024-03-30 00:00:49,235 - INFO - Train Stats
Loss:
  supervised: 0.14115162415604762
  total: 0.3956456729557522
  unsupervised: 0.2544940494386702
  unsupervised_weighted: 0.2544940494386702
Metrics:
  cityscapes_dice: 0.9550956705627318
  cityscapes_jaccard_macro: 0.5813731633150847
  cityscapes_jaccard_micro: 0.9240199306250391

2024-03-30 00:01:17,451 - INFO - Validation Stats
Loss:
  total: 0.35151315355300905
Metrics:
  cityscapes_dice: 0.9175892992019653
  cityscapes_jaccard_macro: 0.5089562110900879
  cityscapes_jaccard_micro: 0.8751563262939454

2024-03-30 00:01:18,308 - INFO - Epoch 68/120
2024-03-30 00:05:18,805 - INFO - Train Stats
Loss:
  supervised: 0.13850152040424857
  total: 0.4024768724169546
  unsupervised: 0.26397535214532153
  unsupervised_weighted: 0.26397535214532153
Metrics:
  cityscapes_dice: 0.9564123807601559
  cityscapes_jaccard_macro: 0.5837149669244451
  cityscapes_jaccard_micro: 0.9263599152318096

2024-03-30 00:05:47,044 - INFO - Validation Stats
Loss:
  total: 0.36223189389705657
Metrics:
  cityscapes_dice: 0.9180330867767335
  cityscapes_jaccard_macro: 0.5070296440124512
  cityscapes_jaccard_micro: 0.8765943822860718

2024-03-30 00:05:47,044 - INFO - Epoch 69/120
2024-03-30 00:09:47,124 - INFO - Train Stats
Loss:
  supervised: 0.1410824417055232
  total: 0.4097720388937922
  unsupervised: 0.26868959648902363
  unsupervised_weighted: 0.26868959648902363
Metrics:
  cityscapes_dice: 0.9556952456440355
  cityscapes_jaccard_macro: 0.5926885065716061
  cityscapes_jaccard_micro: 0.9249613381512343

2024-03-30 00:10:16,998 - INFO - Validation Stats
Loss:
  total: 0.36482573759555814
Metrics:
  cityscapes_dice: 0.91819757604599
  cityscapes_jaccard_macro: 0.5088251740932465
  cityscapes_jaccard_micro: 0.8753917860984802

2024-03-30 00:10:16,999 - INFO - Epoch 70/120
2024-03-30 00:14:17,013 - INFO - Train Stats
Loss:
  supervised: 0.1395559341595493
  total: 0.39668928993365526
  unsupervised: 0.2571333547312658
  unsupervised_weighted: 0.2571333547312658
Metrics:
  cityscapes_dice: 0.9558069551646903
  cityscapes_jaccard_macro: 0.5910636230001172
  cityscapes_jaccard_micro: 0.9256607662512647

2024-03-30 00:14:44,074 - INFO - Validation Stats
Loss:
  total: 0.34988065719604494
Metrics:
  cityscapes_dice: 0.9193009238243103
  cityscapes_jaccard_macro: 0.5037169904708863
  cityscapes_jaccard_micro: 0.8766162881851196

2024-03-30 00:14:45,615 - INFO - Epoch 71/120
2024-03-30 00:18:45,747 - INFO - Train Stats
Loss:
  supervised: 0.13370705403773336
  total: 0.3911486945347107
  unsupervised: 0.2574416399002075
  unsupervised_weighted: 0.2574416399002075
Metrics:
  cityscapes_dice: 0.9571487521662295
  cityscapes_jaccard_macro: 0.602617785093468
  cityscapes_jaccard_micro: 0.9271932460343568

2024-03-30 00:19:14,653 - INFO - Validation Stats
Loss:
  total: 0.3628455184698105
Metrics:
  cityscapes_dice: 0.9177412695884705
  cityscapes_jaccard_macro: 0.5091142768859863
  cityscapes_jaccard_micro: 0.8744418473243714

2024-03-30 00:19:14,653 - INFO - Epoch 72/120
2024-03-30 00:23:14,661 - INFO - Train Stats
Loss:
  supervised: 0.13411280347643162
  total: 0.39296960483476956
  unsupervised: 0.25885680110516285
  unsupervised_weighted: 0.25885680110516285
Metrics:
  cityscapes_dice: 0.9573113457284699
  cityscapes_jaccard_macro: 0.6020046218892131
  cityscapes_jaccard_micro: 0.9276414440287741

2024-03-30 00:23:42,043 - INFO - Validation Stats
Loss:
  total: 0.35424877440929414
Metrics:
  cityscapes_dice: 0.9203114075660705
  cityscapes_jaccard_macro: 0.5108810260295867
  cityscapes_jaccard_micro: 0.8801038637161255

2024-03-30 00:23:42,043 - INFO - Epoch 73/120
2024-03-30 00:27:42,116 - INFO - Train Stats
Loss:
  supervised: 0.13219196689963147
  total: 0.37899713743851793
  unsupervised: 0.24680517169023022
  unsupervised_weighted: 0.24680517169023022
Metrics:
  cityscapes_dice: 0.9582152765931435
  cityscapes_jaccard_macro: 0.5961831208185856
  cityscapes_jaccard_micro: 0.9292518278541688

2024-03-30 00:28:09,435 - INFO - Validation Stats
Loss:
  total: 0.35532050937414167
Metrics:
  cityscapes_dice: 0.9153972811698914
  cityscapes_jaccard_macro: 0.5087419402599335
  cityscapes_jaccard_micro: 0.8691048278808594

2024-03-30 00:28:09,435 - INFO - Epoch 74/120
2024-03-30 00:32:09,818 - INFO - Train Stats
Loss:
  supervised: 0.13141088892967956
  total: 0.38717823960248704
  unsupervised: 0.25576735193868283
  unsupervised_weighted: 0.25576735193868283
Metrics:
  cityscapes_dice: 0.95826927840131
  cityscapes_jaccard_macro: 0.6050850597593005
  cityscapes_jaccard_micro: 0.9292648720124007

2024-03-30 00:32:38,988 - INFO - Validation Stats
Loss:
  total: 0.3617487871646881
Metrics:
  cityscapes_dice: 0.9159426832199097
  cityscapes_jaccard_macro: 0.511613116979599
  cityscapes_jaccard_micro: 0.8714211125373841

2024-03-30 00:32:38,988 - INFO - Epoch 75/120
2024-03-30 00:36:38,971 - INFO - Train Stats
Loss:
  supervised: 0.1327499245688271
  total: 0.38715307443466
  unsupervised: 0.25440315026970745
  unsupervised_weighted: 0.25440315026970745
Metrics:
  cityscapes_dice: 0.9575555762426753
  cityscapes_jaccard_macro: 0.6014096168831329
  cityscapes_jaccard_micro: 0.9281870086216232

2024-03-30 00:37:05,247 - INFO - Validation Stats
Loss:
  total: 0.3464278987646103
Metrics:
  cityscapes_dice: 0.9205976452827453
  cityscapes_jaccard_macro: 0.5145501489639283
  cityscapes_jaccard_micro: 0.8778631820678711

2024-03-30 00:37:06,021 - INFO - Epoch 76/120
2024-03-30 00:41:06,074 - INFO - Train Stats
Loss:
  supervised: 0.12769810628133876
  total: 0.38312281974407464
  unsupervised: 0.25542471284185414
  unsupervised_weighted: 0.25542471284185414
Metrics:
  cityscapes_dice: 0.9590810979068473
  cityscapes_jaccard_macro: 0.6165617172000477
  cityscapes_jaccard_micro: 0.9303164898770527

2024-03-30 00:41:33,758 - INFO - Validation Stats
Loss:
  total: 0.37267159259319305
Metrics:
  cityscapes_dice: 0.9182019591331482
  cityscapes_jaccard_macro: 0.5134682130813598
  cityscapes_jaccard_micro: 0.8769324207305909

2024-03-30 00:41:33,759 - INFO - Epoch 77/120
2024-03-30 00:45:33,850 - INFO - Train Stats
Loss:
  supervised: 0.12591628685690054
  total: 0.3868265496054514
  unsupervised: 0.2609102625194877
  unsupervised_weighted: 0.2609102625194877
Metrics:
  cityscapes_dice: 0.9594231946182868
  cityscapes_jaccard_macro: 0.6175087047047599
  cityscapes_jaccard_micro: 0.9313130669995033

2024-03-30 00:46:04,325 - INFO - Validation Stats
Loss:
  total: 0.34102265977859497
Metrics:
  cityscapes_dice: 0.9199186973571777
  cityscapes_jaccard_macro: 0.517895212650299
  cityscapes_jaccard_micro: 0.8784403285980225

2024-03-30 00:46:05,185 - INFO - Epoch 78/120
2024-03-30 00:50:05,310 - INFO - Train Stats
Loss:
  supervised: 0.12408232691314999
  total: 0.3825189594456679
  unsupervised: 0.2584366333583509
  unsupervised_weighted: 0.2584366333583509
Metrics:
  cityscapes_dice: 0.9597114218477293
  cityscapes_jaccard_macro: 0.6189947787997792
  cityscapes_jaccard_micro: 0.9310007288232205

2024-03-30 00:50:35,418 - INFO - Validation Stats
Loss:
  total: 0.3422821971178055
Metrics:
  cityscapes_dice: 0.9209636445045472
  cityscapes_jaccard_macro: 0.5205717549324036
  cityscapes_jaccard_micro: 0.8777769050598144

2024-03-30 00:50:35,419 - INFO - Epoch 79/120
2024-03-30 00:54:35,464 - INFO - Train Stats
Loss:
  supervised: 0.12550195680274162
  total: 0.3692891974858096
  unsupervised: 0.24378724047811673
  unsupervised_weighted: 0.24378724047811673
Metrics:
  cityscapes_dice: 0.9596827460338383
  cityscapes_jaccard_macro: 0.622310090122871
  cityscapes_jaccard_micro: 0.9316544316733153

2024-03-30 00:55:04,132 - INFO - Validation Stats
Loss:
  total: 0.35079867708683016
Metrics:
  cityscapes_dice: 0.9204961667060853
  cityscapes_jaccard_macro: 0.5145027167797088
  cityscapes_jaccard_micro: 0.8791295938491821

2024-03-30 00:55:04,132 - INFO - Epoch 80/120
2024-03-30 00:59:04,221 - INFO - Train Stats
Loss:
  supervised: 0.1199946372218213
  total: 0.37286132688613
  unsupervised: 0.2528666891639865
  unsupervised_weighted: 0.2528666891639865
Metrics:
  cityscapes_dice: 0.9604875553387269
  cityscapes_jaccard_macro: 0.6202907786014397
  cityscapes_jaccard_micro: 0.9320765548539394

2024-03-30 00:59:29,689 - INFO - Validation Stats
Loss:
  total: 0.3771614421010017
Metrics:
  cityscapes_dice: 0.9169451956748962
  cityscapes_jaccard_macro: 0.5213823473453522
  cityscapes_jaccard_micro: 0.8743863801956177

2024-03-30 00:59:30,474 - INFO - Epoch 81/120
2024-03-30 01:03:30,296 - INFO - Train Stats
Loss:
  supervised: 0.12378938153723683
  total: 0.3660362811825422
  unsupervised: 0.2422469012125796
  unsupervised_weighted: 0.2422469012125796
Metrics:
  cityscapes_dice: 0.9600876857161907
  cityscapes_jaccard_macro: 0.6143519119344483
  cityscapes_jaccard_micro: 0.9316958314392559

2024-03-30 01:03:57,573 - INFO - Validation Stats
Loss:
  total: 0.32924792683124543
Metrics:
  cityscapes_dice: 0.9216078104972839
  cityscapes_jaccard_macro: 0.5157017874717712
  cityscapes_jaccard_micro: 0.879638512134552

2024-03-30 01:03:58,304 - INFO - Epoch 82/120
2024-03-30 01:07:58,455 - INFO - Train Stats
Loss:
  supervised: 0.11811558359745637
  total: 0.3624554982704252
  unsupervised: 0.24433991443184974
  unsupervised_weighted: 0.24433991443184974
Metrics:
  cityscapes_dice: 0.9614740714286137
  cityscapes_jaccard_macro: 0.6230875615356037
  cityscapes_jaccard_micro: 0.9340294211813547

2024-03-30 01:08:25,545 - INFO - Validation Stats
Loss:
  total: 0.3764767099618912
Metrics:
  cityscapes_dice: 0.9168573698997498
  cityscapes_jaccard_macro: 0.5232368156909942
  cityscapes_jaccard_micro: 0.8737228803634643

2024-03-30 01:08:25,545 - INFO - Epoch 83/120
2024-03-30 01:12:25,618 - INFO - Train Stats
Loss:
  supervised: 0.11895200882022627
  total: 0.3577253723269913
  unsupervised: 0.2387733630546667
  unsupervised_weighted: 0.2387733630546667
Metrics:
  cityscapes_dice: 0.9610752083337037
  cityscapes_jaccard_macro: 0.6259494949505938
  cityscapes_jaccard_micro: 0.9330058261800352

2024-03-30 01:12:55,043 - INFO - Validation Stats
Loss:
  total: 0.33789355790615083
Metrics:
  cityscapes_dice: 0.92275821352005
  cityscapes_jaccard_macro: 0.5208621740341186
  cityscapes_jaccard_micro: 0.881625828742981

2024-03-30 01:12:55,044 - INFO - Epoch 84/120
2024-03-30 01:16:55,209 - INFO - Train Stats
Loss:
  supervised: 0.11874049000176796
  total: 0.3776023359697999
  unsupervised: 0.258861846504522
  unsupervised_weighted: 0.258861846504522
Metrics:
  cityscapes_dice: 0.9613291860398351
  cityscapes_jaccard_macro: 0.6301207182669717
  cityscapes_jaccard_micro: 0.9332403970767765

2024-03-30 01:17:22,868 - INFO - Validation Stats
Loss:
  total: 0.341211352288723
Metrics:
  cityscapes_dice: 0.9215441975593567
  cityscapes_jaccard_macro: 0.5166215801239014
  cityscapes_jaccard_micro: 0.8810786075592041

2024-03-30 01:17:22,868 - INFO - Epoch 85/120
2024-03-30 01:21:22,941 - INFO - Train Stats
Loss:
  supervised: 0.1148585011718439
  total: 0.36290470826587246
  unsupervised: 0.2480462076184626
  unsupervised_weighted: 0.2480462076184626
Metrics:
  cityscapes_dice: 0.9622989725140692
  cityscapes_jaccard_macro: 0.6313090508616858
  cityscapes_jaccard_micro: 0.9354370197817732

2024-03-30 01:21:52,954 - INFO - Validation Stats
Loss:
  total: 0.35512272465229033
Metrics:
  cityscapes_dice: 0.9203769569396972
  cityscapes_jaccard_macro: 0.5237429783344268
  cityscapes_jaccard_micro: 0.8798698954582215

2024-03-30 01:21:52,954 - INFO - Epoch 86/120
2024-03-30 01:25:53,127 - INFO - Train Stats
Loss:
  supervised: 0.1155928093578341
  total: 0.3513968626224107
  unsupervised: 0.2358040527039747
  unsupervised_weighted: 0.2358040527039747
Metrics:
  cityscapes_dice: 0.961980987328156
  cityscapes_jaccard_macro: 0.6348169408376935
  cityscapes_jaccard_micro: 0.934826837388443

2024-03-30 01:26:20,695 - INFO - Validation Stats
Loss:
  total: 0.3592354962825775
Metrics:
  cityscapes_dice: 0.9216399188041687
  cityscapes_jaccard_macro: 0.5211670777797699
  cityscapes_jaccard_micro: 0.8821392111778259

2024-03-30 01:26:20,695 - INFO - Epoch 87/120
2024-03-30 01:30:20,888 - INFO - Train Stats
Loss:
  supervised: 0.11909926862645785
  total: 0.36274144919076784
  unsupervised: 0.2436421806396597
  unsupervised_weighted: 0.2436421806396597
Metrics:
  cityscapes_dice: 0.9612499409894727
  cityscapes_jaccard_macro: 0.6281454720350531
  cityscapes_jaccard_micro: 0.9337368188938276

2024-03-30 01:30:46,701 - INFO - Validation Stats
Loss:
  total: 0.35545043742656707
Metrics:
  cityscapes_dice: 0.9217708430290222
  cityscapes_jaccard_macro: 0.5170951898097992
  cityscapes_jaccard_micro: 0.8808083920478821

2024-03-30 01:30:46,701 - INFO - Epoch 88/120
2024-03-30 01:34:46,592 - INFO - Train Stats
Loss:
  supervised: 0.11707301955658063
  total: 0.36667070723467277
  unsupervised: 0.2495976878167356
  unsupervised_weighted: 0.2495976878167356
Metrics:
  cityscapes_dice: 0.9617981168058698
  cityscapes_jaccard_macro: 0.6262622174707432
  cityscapes_jaccard_micro: 0.9341023774594551

2024-03-30 01:35:16,505 - INFO - Validation Stats
Loss:
  total: 0.33216772162914276
Metrics:
  cityscapes_dice: 0.9220937705039978
  cityscapes_jaccard_macro: 0.518035176038742
  cityscapes_jaccard_micro: 0.8799670267105103

2024-03-30 01:35:16,505 - INFO - Epoch 89/120
2024-03-30 01:39:16,569 - INFO - Train Stats
Loss:
  supervised: 0.11413679082657913
  total: 0.346609455988438
  unsupervised: 0.23247266480620818
  unsupervised_weighted: 0.23247266480620818
Metrics:
  cityscapes_dice: 0.9626345985529878
  cityscapes_jaccard_macro: 0.630852303458649
  cityscapes_jaccard_micro: 0.9358150503782007

2024-03-30 01:39:43,075 - INFO - Validation Stats
Loss:
  total: 0.345323726773262
Metrics:
  cityscapes_dice: 0.9228311982154846
  cityscapes_jaccard_macro: 0.5290738775730133
  cityscapes_jaccard_micro: 0.8825805687904358

2024-03-30 01:39:43,075 - INFO - Epoch 90/120
2024-03-30 01:43:42,990 - INFO - Train Stats
Loss:
  supervised: 0.11533032293796154
  total: 0.35646726475564405
  unsupervised: 0.24113694260131965
  unsupervised_weighted: 0.24113694260131965
Metrics:
  cityscapes_dice: 0.9618204025774711
  cityscapes_jaccard_macro: 0.6358998875016147
  cityscapes_jaccard_micro: 0.9342356233535075

2024-03-30 01:44:14,693 - INFO - Validation Stats
Loss:
  total: 0.3409802476763725
Metrics:
  cityscapes_dice: 0.923461793422699
  cityscapes_jaccard_macro: 0.5227877631187439
  cityscapes_jaccard_micro: 0.8849768552780152

2024-03-30 01:44:15,518 - INFO - Epoch 91/120
2024-03-30 01:48:15,461 - INFO - Train Stats
Loss:
  supervised: 0.11149582787022043
  total: 0.35200512129512035
  unsupervised: 0.2405092932983124
  unsupervised_weighted: 0.2405092932983124
Metrics:
  cityscapes_dice: 0.9633337267008414
  cityscapes_jaccard_macro: 0.6409540359642127
  cityscapes_jaccard_micro: 0.9367355823902637

2024-03-30 01:48:42,125 - INFO - Validation Stats
Loss:
  total: 0.35006707412004473
Metrics:
  cityscapes_dice: 0.9228996343612671
  cityscapes_jaccard_macro: 0.5264665429592132
  cityscapes_jaccard_micro: 0.8835783743858338

2024-03-30 01:48:42,125 - INFO - Epoch 92/120
2024-03-30 01:52:42,181 - INFO - Train Stats
Loss:
  supervised: 0.10976500244371135
  total: 0.34416934331836824
  unsupervised: 0.2344043407360134
  unsupervised_weighted: 0.2344043407360134
Metrics:
  cityscapes_dice: 0.9638735611461898
  cityscapes_jaccard_macro: 0.6549767788174083
  cityscapes_jaccard_micro: 0.937596777882005

2024-03-30 01:53:11,407 - INFO - Validation Stats
Loss:
  total: 0.3451191692352295
Metrics:
  cityscapes_dice: 0.9240182766914368
  cityscapes_jaccard_macro: 0.5308509554862976
  cityscapes_jaccard_micro: 0.8849688568115235

2024-03-30 01:53:11,407 - INFO - Epoch 93/120
2024-03-30 01:57:11,557 - INFO - Train Stats
Loss:
  supervised: 0.10866288028802108
  total: 0.3419992724572185
  unsupervised: 0.23333639215111346
  unsupervised_weighted: 0.23333639215111346
Metrics:
  cityscapes_dice: 0.9639774485699182
  cityscapes_jaccard_macro: 0.6436559392024784
  cityscapes_jaccard_micro: 0.9376598253219259

2024-03-30 01:57:38,333 - INFO - Validation Stats
Loss:
  total: 0.3563930156826973
Metrics:
  cityscapes_dice: 0.923095193862915
  cityscapes_jaccard_macro: 0.5294604616165162
  cityscapes_jaccard_micro: 0.8842213625907898

2024-03-30 01:57:38,333 - INFO - Epoch 94/120
2024-03-30 02:01:38,349 - INFO - Train Stats
Loss:
  supervised: 0.1054813877037428
  total: 0.3524606615353171
  unsupervised: 0.2469792743379244
  unsupervised_weighted: 0.2469792743379244
Metrics:
  cityscapes_dice: 0.9647590413834285
  cityscapes_jaccard_macro: 0.6515502817808232
  cityscapes_jaccard_micro: 0.9390462704460983

2024-03-30 02:02:04,777 - INFO - Validation Stats
Loss:
  total: 0.3517762773633003
Metrics:
  cityscapes_dice: 0.9233377480506897
  cityscapes_jaccard_macro: 0.5260950148105621
  cityscapes_jaccard_micro: 0.8847849640846253

2024-03-30 02:02:04,777 - INFO - Epoch 95/120
2024-03-30 02:06:05,025 - INFO - Train Stats
Loss:
  supervised: 0.10687891261284406
  total: 0.3413418536240229
  unsupervised: 0.23446294120407413
  unsupervised_weighted: 0.23446294120407413
Metrics:
  cityscapes_dice: 0.9643795322445989
  cityscapes_jaccard_macro: 0.642954314507327
  cityscapes_jaccard_micro: 0.9385771573940141

2024-03-30 02:06:32,146 - INFO - Validation Stats
Loss:
  total: 0.35121258330345156
Metrics:
  cityscapes_dice: 0.9234152002334595
  cityscapes_jaccard_macro: 0.5281487290859223
  cityscapes_jaccard_micro: 0.8839265689849853

2024-03-30 02:06:32,146 - INFO - Epoch 96/120
2024-03-30 02:10:32,706 - INFO - Train Stats
Loss:
  supervised: 0.10594530321633545
  total: 0.34099343701184376
  unsupervised: 0.23504813380756426
  unsupervised_weighted: 0.23504813380756426
Metrics:
  cityscapes_dice: 0.9648060626968211
  cityscapes_jaccard_macro: 0.6502606137670746
  cityscapes_jaccard_micro: 0.9389322174405589

2024-03-30 02:11:03,007 - INFO - Validation Stats
Loss:
  total: 0.3439386798143387
Metrics:
  cityscapes_dice: 0.9237149162292481
  cityscapes_jaccard_macro: 0.5252035291194915
  cityscapes_jaccard_micro: 0.885141297340393

2024-03-30 02:11:03,007 - INFO - Epoch 97/120
2024-03-30 02:15:03,191 - INFO - Train Stats
Loss:
  supervised: 0.10635887651212972
  total: 0.3404552759331407
  unsupervised: 0.23409639933059131
  unsupervised_weighted: 0.23409639933059131
Metrics:
  cityscapes_dice: 0.9647555198870045
  cityscapes_jaccard_macro: 0.6497065167403916
  cityscapes_jaccard_micro: 0.939320834130531

2024-03-30 02:15:30,930 - INFO - Validation Stats
Loss:
  total: 0.357857616007328
Metrics:
  cityscapes_dice: 0.9213070917129517
  cityscapes_jaccard_macro: 0.5236481890678406
  cityscapes_jaccard_micro: 0.8805128507614136

2024-03-30 02:15:30,930 - INFO - Epoch 98/120
2024-03-30 02:19:30,974 - INFO - Train Stats
Loss:
  supervised: 0.1054767145380426
  total: 0.336983150721175
  unsupervised: 0.23150643635794377
  unsupervised_weighted: 0.23150643635794377
Metrics:
  cityscapes_dice: 0.9649098214593906
  cityscapes_jaccard_macro: 0.6482543312615947
  cityscapes_jaccard_micro: 0.9392104633031926

2024-03-30 02:19:56,526 - INFO - Validation Stats
Loss:
  total: 0.33992425894737244
Metrics:
  cityscapes_dice: 0.924333664894104
  cityscapes_jaccard_macro: 0.530721830368042
  cityscapes_jaccard_micro: 0.8848203415870667

2024-03-30 02:19:56,526 - INFO - Epoch 99/120
2024-03-30 02:23:56,355 - INFO - Train Stats
Loss:
  supervised: 0.1053267237293296
  total: 0.3489251579233358
  unsupervised: 0.24359843390466326
  unsupervised_weighted: 0.24359843390466326
Metrics:
  cityscapes_dice: 0.9647103198909451
  cityscapes_jaccard_macro: 0.649492540116449
  cityscapes_jaccard_micro: 0.9392169866361278

2024-03-30 02:24:26,565 - INFO - Validation Stats
Loss:
  total: 0.34788530331850054
Metrics:
  cityscapes_dice: 0.9239717736244202
  cityscapes_jaccard_macro: 0.5303335552215576
  cityscapes_jaccard_micro: 0.8857483186721802

2024-03-30 02:24:26,565 - INFO - Epoch 100/120
2024-03-30 02:28:26,767 - INFO - Train Stats
Loss:
  supervised: 0.10524624008022272
  total: 0.3420883531661095
  unsupervised: 0.23684211226005383
  unsupervised_weighted: 0.23684211226005383
Metrics:
  cityscapes_dice: 0.9647387783118436
  cityscapes_jaccard_macro: 0.65201171489981
  cityscapes_jaccard_micro: 0.9390421575327136

2024-03-30 02:28:52,491 - INFO - Validation Stats
Loss:
  total: 0.354138118326664
Metrics:
  cityscapes_dice: 0.9218259902000427
  cityscapes_jaccard_macro: 0.5244893987178803
  cityscapes_jaccard_micro: 0.8814042315483094

2024-03-30 02:28:53,500 - INFO - Epoch 101/120
2024-03-30 02:32:54,058 - INFO - Train Stats
Loss:
  supervised: 0.10576209761684574
  total: 0.3359286650099029
  unsupervised: 0.23016656707357436
  unsupervised_weighted: 0.23016656707357436
Metrics:
  cityscapes_dice: 0.9646894169856816
  cityscapes_jaccard_macro: 0.653031036498863
  cityscapes_jaccard_micro: 0.9387578462705644

2024-03-30 02:33:20,812 - INFO - Validation Stats
Loss:
  total: 0.3488593510389328
Metrics:
  cityscapes_dice: 0.9249515447616578
  cityscapes_jaccard_macro: 0.5329975278377533
  cityscapes_jaccard_micro: 0.8876211152076722

2024-03-30 02:33:20,812 - INFO - Epoch 102/120
2024-03-30 02:37:20,919 - INFO - Train Stats
Loss:
  supervised: 0.10096015092166304
  total: 0.3315125141762993
  unsupervised: 0.23055236404430132
  unsupervised_weighted: 0.23055236404430132
Metrics:
  cityscapes_dice: 0.9656530774912788
  cityscapes_jaccard_macro: 0.6558081170116041
  cityscapes_jaccard_micro: 0.9400307997144928

2024-03-30 02:37:53,188 - INFO - Validation Stats
Loss:
  total: 0.35270845305919646
Metrics:
  cityscapes_dice: 0.9235263314247132
  cityscapes_jaccard_macro: 0.525437569141388
  cityscapes_jaccard_micro: 0.8841150059700013

2024-03-30 02:37:53,188 - INFO - Epoch 103/120
2024-03-30 02:41:53,346 - INFO - Train Stats
Loss:
  supervised: 0.102863247907181
  total: 0.32787484350135027
  unsupervised: 0.22501159646219807
  unsupervised_weighted: 0.22501159646219807
Metrics:
  cityscapes_dice: 0.9657120482821295
  cityscapes_jaccard_macro: 0.6529817187670365
  cityscapes_jaccard_micro: 0.9406061803252952

2024-03-30 02:42:20,444 - INFO - Validation Stats
Loss:
  total: 0.34977200376987455
Metrics:
  cityscapes_dice: 0.9216850552558898
  cityscapes_jaccard_macro: 0.5299728491306305
  cityscapes_jaccard_micro: 0.8796208219528199

2024-03-30 02:42:20,444 - INFO - Epoch 104/120
2024-03-30 02:46:20,296 - INFO - Train Stats
Loss:
  supervised: 0.10257819242486098
  total: 0.3450883435248171
  unsupervised: 0.24251015098542458
  unsupervised_weighted: 0.24251015098542458
Metrics:
  cityscapes_dice: 0.9653472342923235
  cityscapes_jaccard_macro: 0.6540292934499512
  cityscapes_jaccard_micro: 0.9400118903820569

2024-03-30 02:46:52,089 - INFO - Validation Stats
Loss:
  total: 0.34853739315271376
Metrics:
  cityscapes_dice: 0.9235092759132385
  cityscapes_jaccard_macro: 0.530402019739151
  cityscapes_jaccard_micro: 0.8845257735252381

2024-03-30 02:46:52,089 - INFO - Epoch 105/120
2024-03-30 02:50:52,433 - INFO - Train Stats
Loss:
  supervised: 0.10121318279587721
  total: 0.31830876742558956
  unsupervised: 0.2170955847020481
  unsupervised_weighted: 0.2170955847020481
Metrics:
  cityscapes_dice: 0.9660120978710335
  cityscapes_jaccard_macro: 0.6618625290185502
  cityscapes_jaccard_micro: 0.940743915278549

2024-03-30 02:51:20,416 - INFO - Validation Stats
Loss:
  total: 0.37541660767793655
Metrics:
  cityscapes_dice: 0.920214361667633
  cityscapes_jaccard_macro: 0.5332916660308837
  cityscapes_jaccard_micro: 0.8807442150115967

2024-03-30 02:51:20,416 - INFO - Epoch 106/120
2024-03-30 02:55:20,652 - INFO - Train Stats
Loss:
  supervised: 0.10241338487075563
  total: 0.34685776416441383
  unsupervised: 0.24444437958300114
  unsupervised_weighted: 0.24444437958300114
Metrics:
  cityscapes_dice: 0.9657618123736582
  cityscapes_jaccard_macro: 0.6583441461174233
  cityscapes_jaccard_micro: 0.9407156786872345

2024-03-30 02:55:49,355 - INFO - Validation Stats
Loss:
  total: 0.34630122876167296
Metrics:
  cityscapes_dice: 0.9247528471946717
  cityscapes_jaccard_macro: 0.53158269572258
  cityscapes_jaccard_micro: 0.8866855616569519

2024-03-30 02:55:49,355 - INFO - Epoch 107/120
2024-03-30 02:59:49,529 - INFO - Train Stats
Loss:
  supervised: 0.0995031219084286
  total: 0.32098387391532507
  unsupervised: 0.22148075175372142
  unsupervised_weighted: 0.22148075175372142
Metrics:
  cityscapes_dice: 0.96627961316155
  cityscapes_jaccard_macro: 0.6661310946285531
  cityscapes_jaccard_micro: 0.9411586995649492

2024-03-30 03:00:15,591 - INFO - Validation Stats
Loss:
  total: 0.3506566677689552
Metrics:
  cityscapes_dice: 0.925539749622345
  cityscapes_jaccard_macro: 0.5394894533157348
  cityscapes_jaccard_micro: 0.8888747372627258

2024-03-30 03:00:15,591 - INFO - Epoch 108/120
2024-03-30 03:04:15,480 - INFO - Train Stats
Loss:
  supervised: 0.10183825304665418
  total: 0.34201344350973767
  unsupervised: 0.24017518915501226
  unsupervised_weighted: 0.24017518915501226
Metrics:
  cityscapes_dice: 0.9660987643748039
  cityscapes_jaccard_macro: 0.6595635987022548
  cityscapes_jaccard_micro: 0.9414866728690064

2024-03-30 03:04:47,427 - INFO - Validation Stats
Loss:
  total: 0.3501818160414696
Metrics:
  cityscapes_dice: 0.9230776448249817
  cityscapes_jaccard_macro: 0.5311081414222717
  cityscapes_jaccard_micro: 0.8837867245674134

2024-03-30 03:04:47,427 - INFO - Epoch 109/120
2024-03-30 03:08:47,513 - INFO - Train Stats
Loss:
  supervised: 0.10137935486112791
  total: 0.32464474133399696
  unsupervised: 0.2232653858399314
  unsupervised_weighted: 0.2232653858399314
Metrics:
  cityscapes_dice: 0.9657670573895032
  cityscapes_jaccard_macro: 0.6660169436322061
  cityscapes_jaccard_micro: 0.9404477974743519

2024-03-30 03:09:15,944 - INFO - Validation Stats
Loss:
  total: 0.35802611750364305
Metrics:
  cityscapes_dice: 0.923227888584137
  cityscapes_jaccard_macro: 0.5282818608283997
  cityscapes_jaccard_micro: 0.885102460861206

2024-03-30 03:09:15,944 - INFO - Epoch 110/120
2024-03-30 03:13:16,187 - INFO - Train Stats
Loss:
  supervised: 0.09958044967303674
  total: 0.3260505646467209
  unsupervised: 0.22647011593514663
  unsupervised_weighted: 0.22647011593514663
Metrics:
  cityscapes_dice: 0.9662904546484592
  cityscapes_jaccard_macro: 0.66325250943116
  cityscapes_jaccard_micro: 0.9413879222468651

2024-03-30 03:13:49,290 - INFO - Validation Stats
Loss:
  total: 0.35034021043777464
Metrics:
  cityscapes_dice: 0.9256179556846619
  cityscapes_jaccard_macro: 0.5316255793571473
  cityscapes_jaccard_micro: 0.8878720645904541

2024-03-30 03:13:50,124 - INFO - Epoch 111/120
2024-03-30 03:17:49,964 - INFO - Train Stats
Loss:
  supervised: 0.10223591504889784
  total: 0.32668627357309304
  unsupervised: 0.2244503579816772
  unsupervised_weighted: 0.2244503579816772
Metrics:
  cityscapes_dice: 0.9655593068468532
  cityscapes_jaccard_macro: 0.6608587642317837
  cityscapes_jaccard_micro: 0.9404519694136956

2024-03-30 03:18:16,725 - INFO - Validation Stats
Loss:
  total: 0.36597447776794434
Metrics:
  cityscapes_dice: 0.920996397972107
  cityscapes_jaccard_macro: 0.5353820612430572
  cityscapes_jaccard_micro: 0.8798754901885987

2024-03-30 03:18:16,725 - INFO - Epoch 112/120
2024-03-30 03:22:16,899 - INFO - Train Stats
Loss:
  supervised: 0.10325708544683496
  total: 0.3347462213637374
  unsupervised: 0.23148913670053953
  unsupervised_weighted: 0.23148913670053953
Metrics:
  cityscapes_dice: 0.9655665421563059
  cityscapes_jaccard_macro: 0.6639371446807022
  cityscapes_jaccard_micro: 0.9403390016370606

2024-03-30 03:22:45,618 - INFO - Validation Stats
Loss:
  total: 0.3428138670921326
Metrics:
  cityscapes_dice: 0.9247503342628479
  cityscapes_jaccard_macro: 0.5275939347743988
  cityscapes_jaccard_micro: 0.8854013924598694

2024-03-30 03:22:45,618 - INFO - Epoch 113/120
2024-03-30 03:26:45,638 - INFO - Train Stats
Loss:
  supervised: 0.10032481427114566
  total: 0.3256247336569342
  unsupervised: 0.22529991843939598
  unsupervised_weighted: 0.22529991843939598
Metrics:
  cityscapes_dice: 0.966617000913157
  cityscapes_jaccard_macro: 0.6617639243216962
  cityscapes_jaccard_micro: 0.9420614616770575

2024-03-30 03:27:15,607 - INFO - Validation Stats
Loss:
  total: 0.34167491340637207
Metrics:
  cityscapes_dice: 0.9254047021865844
  cityscapes_jaccard_macro: 0.5341241700649262
  cityscapes_jaccard_micro: 0.885700828075409

2024-03-30 03:27:15,607 - INFO - Epoch 114/120
2024-03-30 03:31:15,749 - INFO - Train Stats
Loss:
  supervised: 0.09964059234798726
  total: 0.32252475674773495
  unsupervised: 0.2228841651653009
  unsupervised_weighted: 0.2228841651653009
Metrics:
  cityscapes_dice: 0.9662845119303484
  cityscapes_jaccard_macro: 0.6642154090612837
  cityscapes_jaccard_micro: 0.9413701160825958

2024-03-30 03:31:43,281 - INFO - Validation Stats
Loss:
  total: 0.3501760584115982
Metrics:
  cityscapes_dice: 0.9222280426025391
  cityscapes_jaccard_macro: 0.5300768506526947
  cityscapes_jaccard_micro: 0.8815394849777222

2024-03-30 03:31:43,282 - INFO - Epoch 115/120
2024-03-30 03:35:43,479 - INFO - Train Stats
Loss:
  supervised: 0.09930957950241744
  total: 0.31654973070116105
  unsupervised: 0.21724015124696744
  unsupervised_weighted: 0.21724015124696744
Metrics:
  cityscapes_dice: 0.9661296334081483
  cityscapes_jaccard_macro: 0.6698175814352375
  cityscapes_jaccard_micro: 0.9409518893868406

2024-03-30 03:36:12,991 - INFO - Validation Stats
Loss:
  total: 0.3541489871740341
Metrics:
  cityscapes_dice: 0.9243324809074401
  cityscapes_jaccard_macro: 0.5250642077922821
  cityscapes_jaccard_micro: 0.8866764283180237

2024-03-30 03:36:12,992 - INFO - Epoch 116/120
2024-03-30 03:40:12,966 - INFO - Train Stats
Loss:
  supervised: 0.10166441512363436
  total: 0.3269603626145514
  unsupervised: 0.2252959477260082
  unsupervised_weighted: 0.2252959477260082
Metrics:
  cityscapes_dice: 0.9658604169740646
  cityscapes_jaccard_macro: 0.6631050312403336
  cityscapes_jaccard_micro: 0.9409231859889231

2024-03-30 03:40:38,505 - INFO - Validation Stats
Loss:
  total: 0.36035491186380386
Metrics:
  cityscapes_dice: 0.9231849336624145
  cityscapes_jaccard_macro: 0.5292232587337494
  cityscapes_jaccard_micro: 0.8832630033493042

2024-03-30 03:40:38,506 - INFO - Epoch 117/120
2024-03-30 03:44:38,614 - INFO - Train Stats
Loss:
  supervised: 0.09894445894774302
  total: 0.31684947508149164
  unsupervised: 0.21790501718864472
  unsupervised_weighted: 0.21790501718864472
Metrics:
  cityscapes_dice: 0.966652602246664
  cityscapes_jaccard_macro: 0.66355435728641
  cityscapes_jaccard_micro: 0.9419479017118806

2024-03-30 03:45:03,897 - INFO - Validation Stats
Loss:
  total: 0.3406043490767479
Metrics:
  cityscapes_dice: 0.924657452583313
  cityscapes_jaccard_macro: 0.5279023180007935
  cityscapes_jaccard_micro: 0.8861248698234558

2024-03-30 03:45:03,898 - INFO - Epoch 118/120
2024-03-30 03:49:03,657 - INFO - Train Stats
Loss:
  supervised: 0.10166345827257363
  total: 0.3196512973568972
  unsupervised: 0.21798783915665929
  unsupervised_weighted: 0.21798783915665929
Metrics:
  cityscapes_dice: 0.9658382504117528
  cityscapes_jaccard_macro: 0.6577760530906973
  cityscapes_jaccard_micro: 0.9408102861114305

2024-03-30 03:49:35,114 - INFO - Validation Stats
Loss:
  total: 0.3553764533996582
Metrics:
  cityscapes_dice: 0.9218262572288514
  cityscapes_jaccard_macro: 0.5280330438613892
  cityscapes_jaccard_micro: 0.8817480406761169

2024-03-30 03:49:35,114 - INFO - Epoch 119/120
2024-03-30 03:53:35,203 - INFO - Train Stats
Loss:
  supervised: 0.09875505362127977
  total: 0.31420360064332925
  unsupervised: 0.21544854714260903
  unsupervised_weighted: 0.21544854714260903
Metrics:
  cityscapes_dice: 0.9667933237977012
  cityscapes_jaccard_macro: 0.6605022233280935
  cityscapes_jaccard_micro: 0.9422008481997888

2024-03-30 03:54:05,000 - INFO - Validation Stats
Loss:
  total: 0.3503243374824524
Metrics:
  cityscapes_dice: 0.9233158679008484
  cityscapes_jaccard_macro: 0.5313196671009064
  cityscapes_jaccard_micro: 0.88351833152771

2024-03-30 03:54:05,001 - INFO - Epoch 120/120
2024-03-30 03:58:05,150 - INFO - Train Stats
Loss:
  supervised: 0.0971330957649981
  total: 0.3177542176495478
  unsupervised: 0.2206211216976824
  unsupervised_weighted: 0.2206211216976824
Metrics:
  cityscapes_dice: 0.9668818062177368
  cityscapes_jaccard_macro: 0.6699920374791599
  cityscapes_jaccard_micro: 0.9421569118607778

2024-03-30 03:58:32,465 - INFO - Validation Stats
Loss:
  total: 0.35335828840732575
Metrics:
  cityscapes_dice: 0.9238168840408325
  cityscapes_jaccard_macro: 0.5352070662975311
  cityscapes_jaccard_micro: 0.8846452054977417

2024-03-30 03:58:50,541 - INFO - Best validation loss: 0.32924792683124543
2024-03-30 03:58:51,186 - INFO - Best model saved to /home/up201905337/exploring-label-efficiency/weights/fixmatch_seg_cityscapes_deeplabv3_309l.pth
2024-03-30 03:58:51,202 - INFO - Training took 32217.1595184803 seconds to complete
