2024-06-24 22:00:59,142 - INFO - Loading configuration files...
2024-06-24 22:00:59,515 - INFO - Loading model configuration
args:
  backbone: mobilenet_v3_large
  num_classes: 20
  weights_backbone: DEFAULT
class: DeepLabV3

2024-06-24 22:00:59,551 - INFO - Loading train_dataset configuration
args:
  num_labeled: 1238
  root: /data/auto/cityscapes
  train_val_split: 2475
class: SemiSupervisedCityscapesSeg

2024-06-24 22:00:59,717 - INFO - Loading val_dataset configuration
args:
  mode: fine
  root: /data/auto/cityscapes
  train_val_split: 2475
class: CityscapesSeg

2024-06-24 22:00:59,728 - INFO - Loading optimizer configuration
args:
  lr: 0.007
  momentum: 0.9
  weight_decay: 0.0005
class: SGD

2024-06-24 22:00:59,730 - INFO - Loading loss configuration
args:
  ignore_index: 0
class: CrossEntropyLoss

2024-06-24 22:00:59,753 - INFO - Loading metrics configuration
cityscapes_dice:
  args:
    average: micro
    ignore_index: 0
    num_classes: 20
  class: Dice
cityscapes_jaccard_macro:
  args:
    average: macro
    ignore_index: 0
    num_classes: 20
    task: multiclass
    validate_args: false
  class: JaccardIndex
cityscapes_jaccard_micro:
  args:
    average: micro
    ignore_index: 0
    num_classes: 20
    task: multiclass
    validate_args: false
  class: JaccardIndex

2024-06-24 22:00:59,758 - INFO - Loading scheduler configuration
args:
  power: 0.9
  total_iters: 120
class: PolynomialLR

2024-06-24 22:00:59,758 - INFO - Loading hyperparameters configuration
batch_size: 16
ema_decay: null
epochs: 120
num_workers: 4
save_freq: 10

2024-06-24 22:01:00,151 - INFO - Using device: cuda
2024-06-24 22:01:00,426 - INFO - Training for 120 epochs
2024-06-24 22:01:00,426 - INFO - Epoch 1/120
2024-06-24 22:01:56,158 - INFO - Train Stats
Loss:
  total: 0.998396404278584
Metrics:
  cityscapes_dice: 0.7005685352457639
  cityscapes_jaccard_macro: 0.15900768361126
  cityscapes_jaccard_micro: 0.6033058374499282

2024-06-24 22:02:19,328 - INFO - Validation Stats
Loss:
  total: 0.6058644419535995
Metrics:
  cityscapes_dice: 0.7855502497404814
  cityscapes_jaccard_macro: 0.21957865497097373
  cityscapes_jaccard_micro: 0.7027391884475946

2024-06-24 22:02:20,979 - INFO - Epoch 2/120
2024-06-24 22:03:19,552 - INFO - Train Stats
Loss:
  total: 0.5292287274048879
Metrics:
  cityscapes_dice: 0.8094092981937604
  cityscapes_jaccard_macro: 0.242356341618758
  cityscapes_jaccard_micro: 0.7399776180585226

2024-06-24 22:03:42,868 - INFO - Validation Stats
Loss:
  total: 0.4813305661082268
Metrics:
  cityscapes_dice: 0.8160111382603645
  cityscapes_jaccard_macro: 0.266261316370219
  cityscapes_jaccard_micro: 0.752680191770196

2024-06-24 22:03:44,472 - INFO - Epoch 3/120
2024-06-24 22:04:37,617 - INFO - Train Stats
Loss:
  total: 0.4688697121082208
Metrics:
  cityscapes_dice: 0.8211668042036203
  cityscapes_jaccard_macro: 0.2709597845872243
  cityscapes_jaccard_micro: 0.7590421705673902

2024-06-24 22:05:00,862 - INFO - Validation Stats
Loss:
  total: 0.4355066083371639
Metrics:
  cityscapes_dice: 0.8280807286500931
  cityscapes_jaccard_macro: 0.2887568660080433
  cityscapes_jaccard_micro: 0.7702375780791044

2024-06-24 22:05:02,393 - INFO - Epoch 4/120
2024-06-24 22:05:58,256 - INFO - Train Stats
Loss:
  total: 0.4270400565404158
Metrics:
  cityscapes_dice: 0.8298967916231889
  cityscapes_jaccard_macro: 0.28886063931844175
  cityscapes_jaccard_micro: 0.7731474760251168

2024-06-24 22:06:21,329 - INFO - Validation Stats
Loss:
  total: 0.41182825341820717
Metrics:
  cityscapes_dice: 0.8324304819107056
  cityscapes_jaccard_macro: 0.30495484732091427
  cityscapes_jaccard_micro: 0.7776624541729689

2024-06-24 22:06:22,931 - INFO - Epoch 5/120
2024-06-24 22:07:18,664 - INFO - Train Stats
Loss:
  total: 0.4034216128862821
Metrics:
  cityscapes_dice: 0.8349986129846328
  cityscapes_jaccard_macro: 0.30756291594260776
  cityscapes_jaccard_micro: 0.7810487059446481

2024-06-24 22:07:41,154 - INFO - Validation Stats
Loss:
  total: 0.38692218251526356
Metrics:
  cityscapes_dice: 0.8375450633466244
  cityscapes_jaccard_macro: 0.3236194346100092
  cityscapes_jaccard_micro: 0.7874012347310781

2024-06-24 22:07:42,854 - INFO - Epoch 6/120
2024-06-24 22:08:41,721 - INFO - Train Stats
Loss:
  total: 0.3786176622678072
Metrics:
  cityscapes_dice: 0.8408222695191702
  cityscapes_jaccard_macro: 0.3282890560535284
  cityscapes_jaccard_micro: 0.7908309896787008

2024-06-24 22:09:04,609 - INFO - Validation Stats
Loss:
  total: 0.3789891181513667
Metrics:
  cityscapes_dice: 0.8378779850900173
  cityscapes_jaccard_macro: 0.3389286585152149
  cityscapes_jaccard_micro: 0.7894901316612959

2024-06-24 22:09:07,918 - INFO - Epoch 7/120
2024-06-24 22:10:00,645 - INFO - Train Stats
Loss:
  total: 0.3538821652913705
Metrics:
  cityscapes_dice: 0.8466277940151019
  cityscapes_jaccard_macro: 0.34313036310367095
  cityscapes_jaccard_micro: 0.8014449171530895

2024-06-24 22:10:23,087 - INFO - Validation Stats
Loss:
  total: 0.3549645785242319
Metrics:
  cityscapes_dice: 0.8448385186493397
  cityscapes_jaccard_macro: 0.34738206677138805
  cityscapes_jaccard_micro: 0.7992719933390617

2024-06-24 22:10:24,660 - INFO - Epoch 8/120
2024-06-24 22:11:18,471 - INFO - Train Stats
Loss:
  total: 0.34522840227836216
Metrics:
  cityscapes_dice: 0.8487800199251908
  cityscapes_jaccard_macro: 0.3536841063163219
  cityscapes_jaccard_micro: 0.8042569962831644

2024-06-24 22:11:40,327 - INFO - Validation Stats
Loss:
  total: 0.33727340027689934
Metrics:
  cityscapes_dice: 0.8484296090900898
  cityscapes_jaccard_macro: 0.35859150532633066
  cityscapes_jaccard_micro: 0.8057093434035778

2024-06-24 22:11:41,901 - INFO - Epoch 9/120
2024-06-24 22:12:37,874 - INFO - Train Stats
Loss:
  total: 0.33177232169187987
Metrics:
  cityscapes_dice: 0.8523066494709406
  cityscapes_jaccard_macro: 0.36331324661389375
  cityscapes_jaccard_micro: 0.8099078780565506

2024-06-24 22:13:00,699 - INFO - Validation Stats
Loss:
  total: 0.3300200393423438
Metrics:
  cityscapes_dice: 0.8502597771584988
  cityscapes_jaccard_macro: 0.3564490620046854
  cityscapes_jaccard_micro: 0.8076677192002535

2024-06-24 22:13:02,242 - INFO - Epoch 10/120
2024-06-24 22:13:59,861 - INFO - Train Stats
Loss:
  total: 0.31758605822538716
Metrics:
  cityscapes_dice: 0.8552859318562043
  cityscapes_jaccard_macro: 0.37394680426670956
  cityscapes_jaccard_micro: 0.8158876735430497

2024-06-24 22:14:22,645 - INFO - Validation Stats
Loss:
  total: 0.3231608923524618
Metrics:
  cityscapes_dice: 0.8517319373786449
  cityscapes_jaccard_macro: 0.37614303175359964
  cityscapes_jaccard_micro: 0.812147943302989

2024-06-24 22:14:25,733 - INFO - Epoch 11/120
2024-06-24 22:15:19,262 - INFO - Train Stats
Loss:
  total: 0.30863393881382084
Metrics:
  cityscapes_dice: 0.8574859645122137
  cityscapes_jaccard_macro: 0.3873686045408249
  cityscapes_jaccard_micro: 0.820370825437399

2024-06-24 22:15:42,351 - INFO - Validation Stats
Loss:
  total: 0.33751087775453925
Metrics:
  cityscapes_dice: 0.848691975697875
  cityscapes_jaccard_macro: 0.37761176843196154
  cityscapes_jaccard_micro: 0.8049775436520576

2024-06-24 22:15:42,351 - INFO - Epoch 12/120
2024-06-24 22:16:38,945 - INFO - Train Stats
Loss:
  total: 0.30395809064308804
Metrics:
  cityscapes_dice: 0.8599818188410538
  cityscapes_jaccard_macro: 0.3799851219623517
  cityscapes_jaccard_micro: 0.8226510813603034

2024-06-24 22:17:02,186 - INFO - Validation Stats
Loss:
  total: 0.31426724325865507
Metrics:
  cityscapes_dice: 0.8549620732665062
  cityscapes_jaccard_macro: 0.3758405866101384
  cityscapes_jaccard_micro: 0.8146362714469433

2024-06-24 22:17:03,812 - INFO - Epoch 13/120
2024-06-24 22:17:59,721 - INFO - Train Stats
Loss:
  total: 0.295282145914359
Metrics:
  cityscapes_dice: 0.860286418444071
  cityscapes_jaccard_macro: 0.392501739355234
  cityscapes_jaccard_micro: 0.8257574309141208

2024-06-24 22:18:23,134 - INFO - Validation Stats
Loss:
  total: 0.3060854491777718
Metrics:
  cityscapes_dice: 0.8559799995273352
  cityscapes_jaccard_macro: 0.38731269259005785
  cityscapes_jaccard_micro: 0.8176926542073488

2024-06-24 22:18:24,623 - INFO - Epoch 14/120
2024-06-24 22:19:22,772 - INFO - Train Stats
Loss:
  total: 0.28989433764647216
Metrics:
  cityscapes_dice: 0.8629204057730161
  cityscapes_jaccard_macro: 0.4047474238352898
  cityscapes_jaccard_micro: 0.8284841668911469

2024-06-24 22:19:45,706 - INFO - Validation Stats
Loss:
  total: 0.29900762625038624
Metrics:
  cityscapes_dice: 0.8580210320651531
  cityscapes_jaccard_macro: 0.3939537201076746
  cityscapes_jaccard_micro: 0.8217599857598543

2024-06-24 22:19:47,386 - INFO - Epoch 15/120
2024-06-24 22:20:40,177 - INFO - Train Stats
Loss:
  total: 0.2796196672014701
Metrics:
  cityscapes_dice: 0.8658229196682955
  cityscapes_jaccard_macro: 0.4097308932970732
  cityscapes_jaccard_micro: 0.8337333408685831

2024-06-24 22:21:03,442 - INFO - Validation Stats
Loss:
  total: 0.29438287718221545
Metrics:
  cityscapes_dice: 0.8595071602612734
  cityscapes_jaccard_macro: 0.38678641989827156
  cityscapes_jaccard_micro: 0.8247053939849138

2024-06-24 22:21:04,978 - INFO - Epoch 16/120
2024-06-24 22:22:00,276 - INFO - Train Stats
Loss:
  total: 0.2770162501778358
Metrics:
  cityscapes_dice: 0.8657625317573547
  cityscapes_jaccard_macro: 0.41800213624269533
  cityscapes_jaccard_micro: 0.8346151747764685

2024-06-24 22:22:23,331 - INFO - Validation Stats
Loss:
  total: 0.28915157821029425
Metrics:
  cityscapes_dice: 0.8600141070783138
  cityscapes_jaccard_macro: 0.40783332008868456
  cityscapes_jaccard_micro: 0.8256524689495564

2024-06-24 22:22:24,894 - INFO - Epoch 17/120
2024-06-24 22:23:22,690 - INFO - Train Stats
Loss:
  total: 0.269734165034233
Metrics:
  cityscapes_dice: 0.8691808566068991
  cityscapes_jaccard_macro: 0.4278956590554653
  cityscapes_jaccard_micro: 0.8386786496027921

2024-06-24 22:23:46,200 - INFO - Validation Stats
Loss:
  total: 0.29224709793925285
Metrics:
  cityscapes_dice: 0.8617486692965031
  cityscapes_jaccard_macro: 0.4070274718105793
  cityscapes_jaccard_micro: 0.8264161664992571

2024-06-24 22:23:46,200 - INFO - Epoch 18/120
2024-06-24 22:24:40,950 - INFO - Train Stats
Loss:
  total: 0.26307848458870864
Metrics:
  cityscapes_dice: 0.8712300597093044
  cityscapes_jaccard_macro: 0.43427012325861514
  cityscapes_jaccard_micro: 0.8427315499538031

2024-06-24 22:25:03,647 - INFO - Validation Stats
Loss:
  total: 0.28433403838425875
Metrics:
  cityscapes_dice: 0.8629705905914307
  cityscapes_jaccard_macro: 0.4110297588631511
  cityscapes_jaccard_micro: 0.8311642725020647

2024-06-24 22:25:05,136 - INFO - Epoch 19/120
2024-06-24 22:26:01,975 - INFO - Train Stats
Loss:
  total: 0.2554043187544896
Metrics:
  cityscapes_dice: 0.8732720399514223
  cityscapes_jaccard_macro: 0.4387781803424542
  cityscapes_jaccard_micro: 0.8466762617612497

2024-06-24 22:26:24,822 - INFO - Validation Stats
Loss:
  total: 0.27578440960496664
Metrics:
  cityscapes_dice: 0.8653483595699072
  cityscapes_jaccard_macro: 0.4191278778016567
  cityscapes_jaccard_micro: 0.8343458194285631

2024-06-24 22:26:26,578 - INFO - Epoch 20/120
2024-06-24 22:27:23,450 - INFO - Train Stats
Loss:
  total: 0.2536230253485533
Metrics:
  cityscapes_dice: 0.8736126002592918
  cityscapes_jaccard_macro: 0.44288172477330917
  cityscapes_jaccard_micro: 0.846988945435255

2024-06-24 22:27:45,398 - INFO - Validation Stats
Loss:
  total: 0.2682360685430467
Metrics:
  cityscapes_dice: 0.867454070597887
  cityscapes_jaccard_macro: 0.42384705413132906
  cityscapes_jaccard_micro: 0.8376228008419275

2024-06-24 22:27:48,686 - INFO - Epoch 21/120
2024-06-24 22:28:43,384 - INFO - Train Stats
Loss:
  total: 0.24746618477197793
Metrics:
  cityscapes_dice: 0.8743147330406384
  cityscapes_jaccard_macro: 0.4536785785204325
  cityscapes_jaccard_micro: 0.8504072962663113

2024-06-24 22:29:06,808 - INFO - Validation Stats
Loss:
  total: 0.27074280194938183
Metrics:
  cityscapes_dice: 0.8668988533318043
  cityscapes_jaccard_macro: 0.43030108511447906
  cityscapes_jaccard_micro: 0.8388444259762764

2024-06-24 22:29:06,808 - INFO - Epoch 22/120
2024-06-24 22:30:00,841 - INFO - Train Stats
Loss:
  total: 0.2455552359804129
Metrics:
  cityscapes_dice: 0.8746009805263617
  cityscapes_jaccard_macro: 0.45284039622698075
  cityscapes_jaccard_micro: 0.8514161125207559

2024-06-24 22:30:23,880 - INFO - Validation Stats
Loss:
  total: 0.2638994883745909
Metrics:
  cityscapes_dice: 0.8693594727665186
  cityscapes_jaccard_macro: 0.4206918105483055
  cityscapes_jaccard_micro: 0.8403125647455454

2024-06-24 22:30:25,437 - INFO - Epoch 23/120
2024-06-24 22:31:22,175 - INFO - Train Stats
Loss:
  total: 0.23886520835833672
Metrics:
  cityscapes_dice: 0.8778989414374033
  cityscapes_jaccard_macro: 0.46216429005830717
  cityscapes_jaccard_micro: 0.855300478446178

2024-06-24 22:31:44,833 - INFO - Validation Stats
Loss:
  total: 0.2690138570033014
Metrics:
  cityscapes_dice: 0.8678255509585142
  cityscapes_jaccard_macro: 0.4361228970810771
  cityscapes_jaccard_micro: 0.8382547907531261

2024-06-24 22:31:44,833 - INFO - Epoch 24/120
2024-06-24 22:32:40,133 - INFO - Train Stats
Loss:
  total: 0.2376162908398188
Metrics:
  cityscapes_dice: 0.878478908385986
  cityscapes_jaccard_macro: 0.4622877664290942
  cityscapes_jaccard_micro: 0.8559827116819528

2024-06-24 22:33:02,955 - INFO - Validation Stats
Loss:
  total: 0.2650998430326581
Metrics:
  cityscapes_dice: 0.8677348531782627
  cityscapes_jaccard_macro: 0.43676882795989513
  cityscapes_jaccard_micro: 0.8402187395840883

2024-06-24 22:33:02,955 - INFO - Epoch 25/120
2024-06-24 22:34:00,040 - INFO - Train Stats
Loss:
  total: 0.2317810438764401
Metrics:
  cityscapes_dice: 0.8783857142313932
  cityscapes_jaccard_macro: 0.468180497105305
  cityscapes_jaccard_micro: 0.8583268347458962

2024-06-24 22:34:22,775 - INFO - Validation Stats
Loss:
  total: 0.26195942237973213
Metrics:
  cityscapes_dice: 0.8696602396667004
  cityscapes_jaccard_macro: 0.439450372941792
  cityscapes_jaccard_micro: 0.8415283896028996

2024-06-24 22:34:24,413 - INFO - Epoch 26/120
2024-06-24 22:35:20,345 - INFO - Train Stats
Loss:
  total: 0.22905202974111605
Metrics:
  cityscapes_dice: 0.8798188101022671
  cityscapes_jaccard_macro: 0.4735679798401319
  cityscapes_jaccard_micro: 0.8599785207173763

2024-06-24 22:35:43,497 - INFO - Validation Stats
Loss:
  total: 0.25554469134658575
Metrics:
  cityscapes_dice: 0.87220648676157
  cityscapes_jaccard_macro: 0.43725669104605913
  cityscapes_jaccard_micro: 0.8450645264238119

2024-06-24 22:35:45,091 - INFO - Epoch 27/120
2024-06-24 22:36:42,470 - INFO - Train Stats
Loss:
  total: 0.22807528174076325
Metrics:
  cityscapes_dice: 0.8806647612498357
  cityscapes_jaccard_macro: 0.4678592009422107
  cityscapes_jaccard_micro: 0.8602153719999851

2024-06-24 22:37:04,822 - INFO - Validation Stats
Loss:
  total: 0.25295191491022706
Metrics:
  cityscapes_dice: 0.8728353772312403
  cityscapes_jaccard_macro: 0.43415485229343176
  cityscapes_jaccard_micro: 0.8461292125284672

2024-06-24 22:37:06,369 - INFO - Epoch 28/120
2024-06-24 22:38:05,258 - INFO - Train Stats
Loss:
  total: 0.22324708581734926
Metrics:
  cityscapes_dice: 0.882289306475566
  cityscapes_jaccard_macro: 0.4823786096695142
  cityscapes_jaccard_micro: 0.863600628498273

2024-06-24 22:38:28,542 - INFO - Validation Stats
Loss:
  total: 0.2567739197984338
Metrics:
  cityscapes_dice: 0.8703587893396616
  cityscapes_jaccard_macro: 0.44101694133132696
  cityscapes_jaccard_micro: 0.8447743877768517

2024-06-24 22:38:28,542 - INFO - Epoch 29/120
2024-06-24 22:39:24,895 - INFO - Train Stats
Loss:
  total: 0.2179637841689281
Metrics:
  cityscapes_dice: 0.8837391611857291
  cityscapes_jaccard_macro: 0.48409777077344746
  cityscapes_jaccard_micro: 0.8656287888685862

2024-06-24 22:39:47,790 - INFO - Validation Stats
Loss:
  total: 0.2518289037980139
Metrics:
  cityscapes_dice: 0.8730281088501215
  cityscapes_jaccard_macro: 0.44831685069948435
  cityscapes_jaccard_micro: 0.8483799826353788

2024-06-24 22:39:49,442 - INFO - Epoch 30/120
2024-06-24 22:40:42,504 - INFO - Train Stats
Loss:
  total: 0.21943999559451371
Metrics:
  cityscapes_dice: 0.8828664597792503
  cityscapes_jaccard_macro: 0.48261837393809587
  cityscapes_jaccard_micro: 0.8645984622148367

2024-06-24 22:41:06,541 - INFO - Validation Stats
Loss:
  total: 0.25041960505768657
Metrics:
  cityscapes_dice: 0.8738095406442881
  cityscapes_jaccard_macro: 0.4544310560449958
  cityscapes_jaccard_micro: 0.848500182852149

2024-06-24 22:41:09,627 - INFO - Epoch 31/120
2024-06-24 22:42:09,718 - INFO - Train Stats
Loss:
  total: 0.21591094613839418
Metrics:
  cityscapes_dice: 0.8840177639936789
  cityscapes_jaccard_macro: 0.48566126861633396
  cityscapes_jaccard_micro: 0.8671375841666491

2024-06-24 22:42:32,796 - INFO - Validation Stats
Loss:
  total: 0.24643996730446815
Metrics:
  cityscapes_dice: 0.874119408428669
  cityscapes_jaccard_macro: 0.4514530636370182
  cityscapes_jaccard_micro: 0.849456800147891

2024-06-24 22:42:34,396 - INFO - Epoch 32/120
2024-06-24 22:43:30,200 - INFO - Train Stats
Loss:
  total: 0.21430541613163093
Metrics:
  cityscapes_dice: 0.8849394611823254
  cityscapes_jaccard_macro: 0.4954756120076546
  cityscapes_jaccard_micro: 0.8669576858862852

2024-06-24 22:43:52,623 - INFO - Validation Stats
Loss:
  total: 0.24423014651983976
Metrics:
  cityscapes_dice: 0.874242814257741
  cityscapes_jaccard_macro: 0.44863512087613344
  cityscapes_jaccard_micro: 0.8506112918257713

2024-06-24 22:43:54,414 - INFO - Epoch 33/120
2024-06-24 22:44:49,858 - INFO - Train Stats
Loss:
  total: 0.21258328969662005
Metrics:
  cityscapes_dice: 0.8848903118035732
  cityscapes_jaccard_macro: 0.4937887642628107
  cityscapes_jaccard_micro: 0.8684553931920956

2024-06-24 22:45:12,885 - INFO - Validation Stats
Loss:
  total: 0.24292799923568964
Metrics:
  cityscapes_dice: 0.8730203323066235
  cityscapes_jaccard_macro: 0.44402636867016554
  cityscapes_jaccard_micro: 0.851091880351305

2024-06-24 22:45:14,398 - INFO - Epoch 34/120
2024-06-24 22:46:14,525 - INFO - Train Stats
Loss:
  total: 0.2112043742568065
Metrics:
  cityscapes_dice: 0.8849893418642191
  cityscapes_jaccard_macro: 0.4945649252488063
  cityscapes_jaccard_micro: 0.8695024335995699

2024-06-24 22:46:38,126 - INFO - Validation Stats
Loss:
  total: 0.2506227856501937
Metrics:
  cityscapes_dice: 0.8732372168451548
  cityscapes_jaccard_macro: 0.4522218918427825
  cityscapes_jaccard_micro: 0.849133150652051

2024-06-24 22:46:38,127 - INFO - Epoch 35/120
2024-06-24 22:47:32,320 - INFO - Train Stats
Loss:
  total: 0.20654052744309107
Metrics:
  cityscapes_dice: 0.8868131645214863
  cityscapes_jaccard_macro: 0.4981346886891585
  cityscapes_jaccard_micro: 0.8720348209906847

2024-06-24 22:47:54,831 - INFO - Validation Stats
Loss:
  total: 0.2521175001747906
Metrics:
  cityscapes_dice: 0.8716990817338228
  cityscapes_jaccard_macro: 0.4569861954078078
  cityscapes_jaccard_micro: 0.8473842013627291

2024-06-24 22:47:54,832 - INFO - Epoch 36/120
2024-06-24 22:48:49,847 - INFO - Train Stats
Loss:
  total: 0.20909584542879692
Metrics:
  cityscapes_dice: 0.8860663909178513
  cityscapes_jaccard_macro: 0.49487582651468426
  cityscapes_jaccard_micro: 0.8702561809466436

2024-06-24 22:49:13,218 - INFO - Validation Stats
Loss:
  total: 0.24536735704168677
Metrics:
  cityscapes_dice: 0.8746900670230389
  cityscapes_jaccard_macro: 0.4594478700309992
  cityscapes_jaccard_micro: 0.8505660016089678

2024-06-24 22:49:13,218 - INFO - Epoch 37/120
2024-06-24 22:50:09,748 - INFO - Train Stats
Loss:
  total: 0.20307959004854545
Metrics:
  cityscapes_dice: 0.8867917068493671
  cityscapes_jaccard_macro: 0.5093958194439228
  cityscapes_jaccard_micro: 0.8736272362562326

2024-06-24 22:50:33,460 - INFO - Validation Stats
Loss:
  total: 0.24235821049660444
Metrics:
  cityscapes_dice: 0.876845421269536
  cityscapes_jaccard_macro: 0.45881104096770287
  cityscapes_jaccard_micro: 0.8523894902318716

2024-06-24 22:50:35,055 - INFO - Epoch 38/120
2024-06-24 22:51:33,373 - INFO - Train Stats
Loss:
  total: 0.20627482197223565
Metrics:
  cityscapes_dice: 0.8872244098247626
  cityscapes_jaccard_macro: 0.5096340744923322
  cityscapes_jaccard_micro: 0.87207658856343

2024-06-24 22:52:01,449 - INFO - Validation Stats
Loss:
  total: 0.24236828787252307
Metrics:
  cityscapes_dice: 0.8770148493349552
  cityscapes_jaccard_macro: 0.46079242043197155
  cityscapes_jaccard_micro: 0.8533725924789906

2024-06-24 22:52:01,449 - INFO - Epoch 39/120
2024-06-24 22:52:59,940 - INFO - Train Stats
Loss:
  total: 0.20096379002699485
Metrics:
  cityscapes_dice: 0.88853669548646
  cityscapes_jaccard_macro: 0.5106126834184695
  cityscapes_jaccard_micro: 0.8746499908276093

2024-06-24 22:53:23,124 - INFO - Validation Stats
Loss:
  total: 0.23836563667282462
Metrics:
  cityscapes_dice: 0.875979358330369
  cityscapes_jaccard_macro: 0.46620187256485224
  cityscapes_jaccard_micro: 0.8541550431400537

2024-06-24 22:53:25,401 - INFO - Epoch 40/120
2024-06-24 22:54:20,093 - INFO - Train Stats
Loss:
  total: 0.20141430447498956
Metrics:
  cityscapes_dice: 0.8878854643075894
  cityscapes_jaccard_macro: 0.5122440457344055
  cityscapes_jaccard_micro: 0.8743819227585425

2024-06-24 22:54:44,150 - INFO - Validation Stats
Loss:
  total: 0.24288884922862053
Metrics:
  cityscapes_dice: 0.8751911595463753
  cityscapes_jaccard_macro: 0.45965985115617514
  cityscapes_jaccard_micro: 0.8524822145700455

2024-06-24 22:54:45,886 - INFO - Epoch 41/120
2024-06-24 22:55:44,428 - INFO - Train Stats
Loss:
  total: 0.1986223787833483
Metrics:
  cityscapes_dice: 0.8896936216415503
  cityscapes_jaccard_macro: 0.5099672335080612
  cityscapes_jaccard_micro: 0.8758581578731537

2024-06-24 22:56:07,993 - INFO - Validation Stats
Loss:
  total: 0.23761772830039263
Metrics:
  cityscapes_dice: 0.8767829090356827
  cityscapes_jaccard_macro: 0.458977984264493
  cityscapes_jaccard_micro: 0.8558002524077892

2024-06-24 22:56:09,518 - INFO - Epoch 42/120
2024-06-24 22:57:08,277 - INFO - Train Stats
Loss:
  total: 0.19696026219007295
Metrics:
  cityscapes_dice: 0.8903234264789484
  cityscapes_jaccard_macro: 0.5141118887143258
  cityscapes_jaccard_micro: 0.8766559446469332

2024-06-24 22:57:31,632 - INFO - Validation Stats
Loss:
  total: 0.2433496080338955
Metrics:
  cityscapes_dice: 0.8743000943213701
  cityscapes_jaccard_macro: 0.458919046446681
  cityscapes_jaccard_micro: 0.8514878526329994

2024-06-24 22:57:31,632 - INFO - Epoch 43/120
2024-06-24 22:58:26,608 - INFO - Train Stats
Loss:
  total: 0.1948987738444255
Metrics:
  cityscapes_dice: 0.8899553662691361
  cityscapes_jaccard_macro: 0.5137764177261255
  cityscapes_jaccard_micro: 0.8779591497702476

2024-06-24 22:58:49,606 - INFO - Validation Stats
Loss:
  total: 0.23547761095687747
Metrics:
  cityscapes_dice: 0.8773008156567812
  cityscapes_jaccard_macro: 0.46582332719117403
  cityscapes_jaccard_micro: 0.8561511971056461

2024-06-24 22:58:51,256 - INFO - Epoch 44/120
2024-06-24 22:59:49,381 - INFO - Train Stats
Loss:
  total: 0.1977995712405596
Metrics:
  cityscapes_dice: 0.8889544300543957
  cityscapes_jaccard_macro: 0.5261442802655392
  cityscapes_jaccard_micro: 0.8759088516235352

2024-06-24 23:00:12,488 - INFO - Validation Stats
Loss:
  total: 0.23120064660906792
Metrics:
  cityscapes_dice: 0.8794744201004505
  cityscapes_jaccard_macro: 0.46980937477201223
  cityscapes_jaccard_micro: 0.8590462002903223

2024-06-24 23:00:14,052 - INFO - Epoch 45/120
2024-06-24 23:01:12,215 - INFO - Train Stats
Loss:
  total: 0.19479941939696288
Metrics:
  cityscapes_dice: 0.8906602164109548
  cityscapes_jaccard_macro: 0.5263976928515312
  cityscapes_jaccard_micro: 0.8779771350897275

2024-06-24 23:01:35,014 - INFO - Validation Stats
Loss:
  total: 0.2397400364279747
Metrics:
  cityscapes_dice: 0.874643437564373
  cityscapes_jaccard_macro: 0.4678456084802747
  cityscapes_jaccard_micro: 0.8538529351353645

2024-06-24 23:01:35,014 - INFO - Epoch 46/120
2024-06-24 23:02:28,323 - INFO - Train Stats
Loss:
  total: 0.1938069000458106
Metrics:
  cityscapes_dice: 0.8905236178483719
  cityscapes_jaccard_macro: 0.5279251921635407
  cityscapes_jaccard_micro: 0.8784947517590646

2024-06-24 23:02:51,021 - INFO - Validation Stats
Loss:
  total: 0.23765543662011623
Metrics:
  cityscapes_dice: 0.8764642644673586
  cityscapes_jaccard_macro: 0.4578253338113427
  cityscapes_jaccard_micro: 0.8548177741467953

2024-06-24 23:02:51,021 - INFO - Epoch 47/120
2024-06-24 23:03:49,362 - INFO - Train Stats
Loss:
  total: 0.1917364729138521
Metrics:
  cityscapes_dice: 0.8906285426555536
  cityscapes_jaccard_macro: 0.5220540895676001
  cityscapes_jaccard_micro: 0.8795463289970007

2024-06-24 23:04:12,321 - INFO - Validation Stats
Loss:
  total: 0.23218673979863524
Metrics:
  cityscapes_dice: 0.8786079920828342
  cityscapes_jaccard_macro: 0.4710157960653305
  cityscapes_jaccard_micro: 0.8579309340566397

2024-06-24 23:04:12,322 - INFO - Epoch 48/120
2024-06-24 23:05:08,221 - INFO - Train Stats
Loss:
  total: 0.19297329756693962
Metrics:
  cityscapes_dice: 0.8902304493463956
  cityscapes_jaccard_macro: 0.5264277370312275
  cityscapes_jaccard_micro: 0.8784245695823278

2024-06-24 23:05:30,854 - INFO - Validation Stats
Loss:
  total: 0.24110034760087729
Metrics:
  cityscapes_dice: 0.8766197673976421
  cityscapes_jaccard_macro: 0.4588212165981531
  cityscapes_jaccard_micro: 0.8540338482707739

2024-06-24 23:05:30,854 - INFO - Epoch 49/120
2024-06-24 23:06:28,831 - INFO - Train Stats
Loss:
  total: 0.19029429707771692
Metrics:
  cityscapes_dice: 0.8908301912821256
  cityscapes_jaccard_macro: 0.5273245874887857
  cityscapes_jaccard_micro: 0.8804305279866244

2024-06-24 23:06:51,921 - INFO - Validation Stats
Loss:
  total: 0.22725828178226948
Metrics:
  cityscapes_dice: 0.8798203486949205
  cityscapes_jaccard_macro: 0.4728229884058237
  cityscapes_jaccard_micro: 0.8588348608464003

2024-06-24 23:06:53,509 - INFO - Epoch 50/120
2024-06-24 23:07:47,247 - INFO - Train Stats
Loss:
  total: 0.18795912426251632
Metrics:
  cityscapes_dice: 0.8923568442845956
  cityscapes_jaccard_macro: 0.5352902718079395
  cityscapes_jaccard_micro: 0.8814550982071803

2024-06-24 23:08:10,321 - INFO - Validation Stats
Loss:
  total: 0.23712610127404332
Metrics:
  cityscapes_dice: 0.8770188763737679
  cityscapes_jaccard_macro: 0.47720709070563316
  cityscapes_jaccard_micro: 0.8563138339668512

2024-06-24 23:08:11,914 - INFO - Epoch 51/120
2024-06-24 23:09:06,748 - INFO - Train Stats
Loss:
  total: 0.18955194892791602
Metrics:
  cityscapes_dice: 0.8908184720919683
  cityscapes_jaccard_macro: 0.5292728646443441
  cityscapes_jaccard_micro: 0.8804321885108948

2024-06-24 23:09:30,164 - INFO - Validation Stats
Loss:
  total: 0.2378824637271464
Metrics:
  cityscapes_dice: 0.8767693508416414
  cityscapes_jaccard_macro: 0.47254760283976793
  cityscapes_jaccard_micro: 0.8556728679686785

2024-06-24 23:09:30,164 - INFO - Epoch 52/120
2024-06-24 23:10:27,931 - INFO - Train Stats
Loss:
  total: 0.18921517771788132
Metrics:
  cityscapes_dice: 0.8908057434436603
  cityscapes_jaccard_macro: 0.5335343590913675
  cityscapes_jaccard_micro: 0.8807112184854654

2024-06-24 23:10:50,388 - INFO - Validation Stats
Loss:
  total: 0.23482612380757928
Metrics:
  cityscapes_dice: 0.8764119315892458
  cityscapes_jaccard_macro: 0.48176152165979147
  cityscapes_jaccard_micro: 0.8560618236660957

2024-06-24 23:10:50,388 - INFO - Epoch 53/120
2024-06-24 23:11:42,762 - INFO - Train Stats
Loss:
  total: 0.18489134330780077
Metrics:
  cityscapes_dice: 0.8919736742973328
  cityscapes_jaccard_macro: 0.5319157846463032
  cityscapes_jaccard_micro: 0.8834926455448835

2024-06-24 23:12:06,436 - INFO - Validation Stats
Loss:
  total: 0.231867965310812
Metrics:
  cityscapes_dice: 0.8801139146089554
  cityscapes_jaccard_macro: 0.47260235622525215
  cityscapes_jaccard_micro: 0.8595715202391148

2024-06-24 23:12:06,436 - INFO - Epoch 54/120
2024-06-24 23:13:04,558 - INFO - Train Stats
Loss:
  total: 0.18820009036706045
Metrics:
  cityscapes_dice: 0.8921344463641827
  cityscapes_jaccard_macro: 0.5334058915957426
  cityscapes_jaccard_micro: 0.8810477401965704

2024-06-24 23:13:27,703 - INFO - Validation Stats
Loss:
  total: 0.23478180821985006
Metrics:
  cityscapes_dice: 0.8788195289671421
  cityscapes_jaccard_macro: 0.46749049704521894
  cityscapes_jaccard_micro: 0.8576384745538235

2024-06-24 23:13:27,703 - INFO - Epoch 55/120
2024-06-24 23:14:24,162 - INFO - Train Stats
Loss:
  total: 0.1843158734532503
Metrics:
  cityscapes_dice: 0.8932167895329304
  cityscapes_jaccard_macro: 0.5366981816597474
  cityscapes_jaccard_micro: 0.8831459459586021

2024-06-24 23:14:47,396 - INFO - Validation Stats
Loss:
  total: 0.2303186426870525
Metrics:
  cityscapes_dice: 0.8790739290416241
  cityscapes_jaccard_macro: 0.4703376926481724
  cityscapes_jaccard_micro: 0.8585024811327457

2024-06-24 23:14:47,396 - INFO - Epoch 56/120
2024-06-24 23:15:43,759 - INFO - Train Stats
Loss:
  total: 0.1837821031610171
Metrics:
  cityscapes_dice: 0.8920741906532874
  cityscapes_jaccard_macro: 0.5356541593105365
  cityscapes_jaccard_micro: 0.8837238458486704

2024-06-24 23:16:07,147 - INFO - Validation Stats
Loss:
  total: 0.23482214380055666
Metrics:
  cityscapes_dice: 0.8783872798085213
  cityscapes_jaccard_macro: 0.48325490206480026
  cityscapes_jaccard_micro: 0.8589365519583225

2024-06-24 23:16:07,147 - INFO - Epoch 57/120
2024-06-24 23:17:03,660 - INFO - Train Stats
Loss:
  total: 0.1809493790452297
Metrics:
  cityscapes_dice: 0.8939427779271052
  cityscapes_jaccard_macro: 0.5443910432931705
  cityscapes_jaccard_micro: 0.8849781163227863

2024-06-24 23:17:26,892 - INFO - Validation Stats
Loss:
  total: 0.23318714136257768
Metrics:
  cityscapes_dice: 0.8788698706775904
  cityscapes_jaccard_macro: 0.47133299242705107
  cityscapes_jaccard_micro: 0.8574903849512339

2024-06-24 23:17:26,892 - INFO - Epoch 58/120
2024-06-24 23:18:23,364 - INFO - Train Stats
Loss:
  total: 0.18282478933150953
Metrics:
  cityscapes_dice: 0.8933889842950381
  cityscapes_jaccard_macro: 0.5363443535871995
  cityscapes_jaccard_micro: 0.8837024913384364

2024-06-24 23:18:47,002 - INFO - Validation Stats
Loss:
  total: 0.23241970222443342
Metrics:
  cityscapes_dice: 0.8775660507380962
  cityscapes_jaccard_macro: 0.4827438211068511
  cityscapes_jaccard_micro: 0.8586444705724716

2024-06-24 23:18:47,002 - INFO - Epoch 59/120
2024-06-24 23:19:42,500 - INFO - Train Stats
Loss:
  total: 0.18196760557400873
Metrics:
  cityscapes_dice: 0.8935207480039352
  cityscapes_jaccard_macro: 0.5386795378648318
  cityscapes_jaccard_micro: 0.8843087676243905

2024-06-24 23:20:04,556 - INFO - Validation Stats
Loss:
  total: 0.22979871043935418
Metrics:
  cityscapes_dice: 0.8780406899750233
  cityscapes_jaccard_macro: 0.47503925673663616
  cityscapes_jaccard_micro: 0.8599936198443174

2024-06-24 23:20:04,557 - INFO - Epoch 60/120
2024-06-24 23:20:59,441 - INFO - Train Stats
Loss:
  total: 0.18126923075089088
Metrics:
  cityscapes_dice: 0.8936811769619967
  cityscapes_jaccard_macro: 0.5474137755540701
  cityscapes_jaccard_micro: 0.8847978046307197

2024-06-24 23:21:21,724 - INFO - Validation Stats
Loss:
  total: 0.23763897782191634
Metrics:
  cityscapes_dice: 0.8774032779037952
  cityscapes_jaccard_macro: 0.4799088155850768
  cityscapes_jaccard_micro: 0.8567247427999973

2024-06-24 23:21:23,397 - INFO - Epoch 61/120
2024-06-24 23:22:17,225 - INFO - Train Stats
Loss:
  total: 0.18074689557154974
Metrics:
  cityscapes_dice: 0.8944035776150532
  cityscapes_jaccard_macro: 0.5430629100555029
  cityscapes_jaccard_micro: 0.8853381612362006

2024-06-24 23:22:39,937 - INFO - Validation Stats
Loss:
  total: 0.23207637947052717
Metrics:
  cityscapes_dice: 0.8792841322720051
  cityscapes_jaccard_macro: 0.4778816094622016
  cityscapes_jaccard_micro: 0.8601583279669285

2024-06-24 23:22:39,937 - INFO - Epoch 62/120
2024-06-24 23:23:36,054 - INFO - Train Stats
Loss:
  total: 0.18055277184034005
Metrics:
  cityscapes_dice: 0.8945944003569775
  cityscapes_jaccard_macro: 0.5463222693174313
  cityscapes_jaccard_micro: 0.8852731004739419

2024-06-24 23:23:59,317 - INFO - Validation Stats
Loss:
  total: 0.2273305980488658
Metrics:
  cityscapes_dice: 0.8804894890636206
  cityscapes_jaccard_macro: 0.4721904434263706
  cityscapes_jaccard_micro: 0.861866720020771

2024-06-24 23:23:59,317 - INFO - Epoch 63/120
2024-06-24 23:24:54,876 - INFO - Train Stats
Loss:
  total: 0.17726769470251524
Metrics:
  cityscapes_dice: 0.8951150056643363
  cityscapes_jaccard_macro: 0.5478569433475152
  cityscapes_jaccard_micro: 0.8869445675458664

2024-06-24 23:25:17,432 - INFO - Validation Stats
Loss:
  total: 0.22648326260969043
Metrics:
  cityscapes_dice: 0.8793052043765783
  cityscapes_jaccard_macro: 0.4735017642378807
  cityscapes_jaccard_micro: 0.8626432530581951

2024-06-24 23:25:19,003 - INFO - Epoch 64/120
2024-06-24 23:26:14,725 - INFO - Train Stats
Loss:
  total: 0.17727463061992937
Metrics:
  cityscapes_dice: 0.8952692945798238
  cityscapes_jaccard_macro: 0.5476459215084711
  cityscapes_jaccard_micro: 0.8868459799350836

2024-06-24 23:26:36,993 - INFO - Validation Stats
Loss:
  total: 0.23052779491990805
Metrics:
  cityscapes_dice: 0.8773758877068758
  cityscapes_jaccard_macro: 0.4763526041060686
  cityscapes_jaccard_micro: 0.8598110489547253

2024-06-24 23:26:36,993 - INFO - Epoch 65/120
2024-06-24 23:27:30,967 - INFO - Train Stats
Loss:
  total: 0.1766065041988324
Metrics:
  cityscapes_dice: 0.8954884394621238
  cityscapes_jaccard_macro: 0.5512707558197852
  cityscapes_jaccard_micro: 0.8874285557331183

2024-06-24 23:27:53,697 - INFO - Validation Stats
Loss:
  total: 0.2308690221980214
Metrics:
  cityscapes_dice: 0.878406161442399
  cityscapes_jaccard_macro: 0.47378095891326666
  cityscapes_jaccard_micro: 0.8592567276209593

2024-06-24 23:27:53,697 - INFO - Epoch 66/120
2024-06-24 23:28:49,369 - INFO - Train Stats
Loss:
  total: 0.17693544179201126
Metrics:
  cityscapes_dice: 0.8952428278250572
  cityscapes_jaccard_macro: 0.5503058632214864
  cityscapes_jaccard_micro: 0.8868950139253567

2024-06-24 23:29:11,713 - INFO - Validation Stats
Loss:
  total: 0.22696924349293113
Metrics:
  cityscapes_dice: 0.8806495890021324
  cityscapes_jaccard_macro: 0.48100685235112906
  cityscapes_jaccard_micro: 0.8607823178172112

2024-06-24 23:29:11,713 - INFO - Epoch 67/120
2024-06-24 23:30:05,756 - INFO - Train Stats
Loss:
  total: 0.1769477516794816
Metrics:
  cityscapes_dice: 0.8950851903511927
  cityscapes_jaccard_macro: 0.5537558450148656
  cityscapes_jaccard_micro: 0.887244701385498

2024-06-24 23:30:28,236 - INFO - Validation Stats
Loss:
  total: 0.22034878144040704
Metrics:
  cityscapes_dice: 0.8804772701114416
  cityscapes_jaccard_macro: 0.48191685508936644
  cityscapes_jaccard_micro: 0.8646272663027048

2024-06-24 23:30:29,765 - INFO - Epoch 68/120
2024-06-24 23:31:26,905 - INFO - Train Stats
Loss:
  total: 0.1753560014260121
Metrics:
  cityscapes_dice: 0.8960307339827219
  cityscapes_jaccard_macro: 0.557285929337526
  cityscapes_jaccard_micro: 0.88830505273281

2024-06-24 23:31:50,337 - INFO - Validation Stats
Loss:
  total: 0.2275503627024591
Metrics:
  cityscapes_dice: 0.879725044593215
  cityscapes_jaccard_macro: 0.48077900148928165
  cityscapes_jaccard_micro: 0.8609642703086138

2024-06-24 23:31:50,338 - INFO - Epoch 69/120
2024-06-24 23:32:45,621 - INFO - Train Stats
Loss:
  total: 0.1744969108930001
Metrics:
  cityscapes_dice: 0.8964379743123666
  cityscapes_jaccard_macro: 0.5531479853850144
  cityscapes_jaccard_micro: 0.8886735783173487

2024-06-24 23:33:08,676 - INFO - Validation Stats
Loss:
  total: 0.2291963491588831
Metrics:
  cityscapes_dice: 0.8806204125285149
  cityscapes_jaccard_macro: 0.4791898224502802
  cityscapes_jaccard_micro: 0.8608140498399734

2024-06-24 23:33:08,677 - INFO - Epoch 70/120
2024-06-24 23:34:04,369 - INFO - Train Stats
Loss:
  total: 0.1737109783750314
Metrics:
  cityscapes_dice: 0.8957640742644285
  cityscapes_jaccard_macro: 0.5503716197533485
  cityscapes_jaccard_micro: 0.8889671151454632

2024-06-24 23:34:27,367 - INFO - Validation Stats
Loss:
  total: 0.23324434086680412
Metrics:
  cityscapes_dice: 0.8794818911701441
  cityscapes_jaccard_macro: 0.4820821173489094
  cityscapes_jaccard_micro: 0.8582671992480755

2024-06-24 23:34:29,046 - INFO - Epoch 71/120
2024-06-24 23:35:20,947 - INFO - Train Stats
Loss:
  total: 0.17261447394505525
Metrics:
  cityscapes_dice: 0.8959684647046603
  cityscapes_jaccard_macro: 0.5532325143233324
  cityscapes_jaccard_micro: 0.8893855833090268

2024-06-24 23:35:43,378 - INFO - Validation Stats
Loss:
  total: 0.22337354347109795
Metrics:
  cityscapes_dice: 0.8812903314828873
  cityscapes_jaccard_macro: 0.4878139793872833
  cityscapes_jaccard_micro: 0.8636351265013218

2024-06-24 23:35:43,378 - INFO - Epoch 72/120
2024-06-24 23:36:39,161 - INFO - Train Stats
Loss:
  total: 0.1741453590683448
Metrics:
  cityscapes_dice: 0.8955091069906186
  cityscapes_jaccard_macro: 0.5507264626331818
  cityscapes_jaccard_micro: 0.8882813575940255

2024-06-24 23:37:02,006 - INFO - Validation Stats
Loss:
  total: 0.22951405122876167
Metrics:
  cityscapes_dice: 0.880177753046155
  cityscapes_jaccard_macro: 0.4797718543559313
  cityscapes_jaccard_micro: 0.8602903727442026

2024-06-24 23:37:02,006 - INFO - Epoch 73/120
2024-06-24 23:37:55,177 - INFO - Train Stats
Loss:
  total: 0.17312793147105437
Metrics:
  cityscapes_dice: 0.8965862141205714
  cityscapes_jaccard_macro: 0.5590444680971977
  cityscapes_jaccard_micro: 0.889337807129591

2024-06-24 23:38:17,696 - INFO - Validation Stats
Loss:
  total: 0.2278269687667489
Metrics:
  cityscapes_dice: 0.8795981947332621
  cityscapes_jaccard_macro: 0.4858994856476784
  cityscapes_jaccard_micro: 0.8609433826059103

2024-06-24 23:38:17,696 - INFO - Epoch 74/120
2024-06-24 23:39:13,676 - INFO - Train Stats
Loss:
  total: 0.17165498416393232
Metrics:
  cityscapes_dice: 0.8965004972922497
  cityscapes_jaccard_macro: 0.554847960288708
  cityscapes_jaccard_micro: 0.8900336470359411

2024-06-24 23:39:36,481 - INFO - Validation Stats
Loss:
  total: 0.22815803857520223
Metrics:
  cityscapes_dice: 0.8806591480970383
  cityscapes_jaccard_macro: 0.48057702276855707
  cityscapes_jaccard_micro: 0.861346572637558

2024-06-24 23:39:36,481 - INFO - Epoch 75/120
2024-06-24 23:40:30,361 - INFO - Train Stats
Loss:
  total: 0.172361124593478
Metrics:
  cityscapes_dice: 0.8963118608181293
  cityscapes_jaccard_macro: 0.564652294684679
  cityscapes_jaccard_micro: 0.88922712741754

2024-06-24 23:40:52,104 - INFO - Validation Stats
Loss:
  total: 0.23015156481415033
Metrics:
  cityscapes_dice: 0.8806443028151989
  cityscapes_jaccard_macro: 0.4848122810944915
  cityscapes_jaccard_micro: 0.8604379631578922

2024-06-24 23:40:52,104 - INFO - Epoch 76/120
2024-06-24 23:41:49,291 - INFO - Train Stats
Loss:
  total: 0.1736505157672442
Metrics:
  cityscapes_dice: 0.8956656517126621
  cityscapes_jaccard_macro: 0.5534742401960568
  cityscapes_jaccard_micro: 0.8887448807557424

2024-06-24 23:42:13,051 - INFO - Validation Stats
Loss:
  total: 0.23791256127879024
Metrics:
  cityscapes_dice: 0.8787342961877584
  cityscapes_jaccard_macro: 0.4815387921407819
  cityscapes_jaccard_micro: 0.8578227292746305

2024-06-24 23:42:13,051 - INFO - Epoch 77/120
2024-06-24 23:43:07,576 - INFO - Train Stats
Loss:
  total: 0.17152147396252707
Metrics:
  cityscapes_dice: 0.8969184313064966
  cityscapes_jaccard_macro: 0.5631121702683277
  cityscapes_jaccard_micro: 0.8901192431266491

2024-06-24 23:43:30,248 - INFO - Validation Stats
Loss:
  total: 0.22175326431170106
Metrics:
  cityscapes_dice: 0.8813136853277683
  cityscapes_jaccard_macro: 0.47760861832648516
  cityscapes_jaccard_micro: 0.865067545324564

2024-06-24 23:43:30,248 - INFO - Epoch 78/120
2024-06-24 23:44:27,253 - INFO - Train Stats
Loss:
  total: 0.17134993141278243
Metrics:
  cityscapes_dice: 0.8972578048706055
  cityscapes_jaccard_macro: 0.554470093968587
  cityscapes_jaccard_micro: 0.8901563340272659

2024-06-24 23:44:50,060 - INFO - Validation Stats
Loss:
  total: 0.22890148358419538
Metrics:
  cityscapes_dice: 0.879936246201396
  cityscapes_jaccard_macro: 0.4870204059407115
  cityscapes_jaccard_micro: 0.8609575945883989

2024-06-24 23:44:50,060 - INFO - Epoch 79/120
2024-06-24 23:45:45,967 - INFO - Train Stats
Loss:
  total: 0.17260174739819306
Metrics:
  cityscapes_dice: 0.8955914829021845
  cityscapes_jaccard_macro: 0.5602541978542621
  cityscapes_jaccard_micro: 0.8891924390426049

2024-06-24 23:46:09,288 - INFO - Validation Stats
Loss:
  total: 0.22797565767541528
Metrics:
  cityscapes_dice: 0.8805516231805086
  cityscapes_jaccard_macro: 0.48456130363047123
  cityscapes_jaccard_micro: 0.8607908152043819

2024-06-24 23:46:09,288 - INFO - Epoch 80/120
2024-06-24 23:47:05,699 - INFO - Train Stats
Loss:
  total: 0.1719548644927832
Metrics:
  cityscapes_dice: 0.8964767754077911
  cityscapes_jaccard_macro: 0.5639560669660568
  cityscapes_jaccard_micro: 0.8893765891209627

2024-06-24 23:47:28,779 - INFO - Validation Stats
Loss:
  total: 0.22562644816935062
Metrics:
  cityscapes_dice: 0.8811093345284462
  cityscapes_jaccard_macro: 0.48122557532042265
  cityscapes_jaccard_micro: 0.8637621570378542

2024-06-24 23:47:30,334 - INFO - Epoch 81/120
2024-06-24 23:48:26,856 - INFO - Train Stats
Loss:
  total: 0.16816727148416716
Metrics:
  cityscapes_dice: 0.897415280342102
  cityscapes_jaccard_macro: 0.5645505354190484
  cityscapes_jaccard_micro: 0.8918786805409652

2024-06-24 23:48:49,512 - INFO - Validation Stats
Loss:
  total: 0.23703246656805277
Metrics:
  cityscapes_dice: 0.8800585437566042
  cityscapes_jaccard_macro: 0.4851705143228173
  cityscapes_jaccard_micro: 0.8598066661506891

2024-06-24 23:48:49,512 - INFO - Epoch 82/120
2024-06-24 23:49:47,686 - INFO - Train Stats
Loss:
  total: 0.17096868042762464
Metrics:
  cityscapes_dice: 0.8971488338250381
  cityscapes_jaccard_macro: 0.5550848520719088
  cityscapes_jaccard_micro: 0.8902393992130573

2024-06-24 23:50:09,981 - INFO - Validation Stats
Loss:
  total: 0.2324844286777079
Metrics:
  cityscapes_dice: 0.8786350898444653
  cityscapes_jaccard_macro: 0.4896748624742031
  cityscapes_jaccard_micro: 0.8594292905181646

2024-06-24 23:50:09,981 - INFO - Epoch 83/120
2024-06-24 23:51:02,816 - INFO - Train Stats
Loss:
  total: 0.16813740057822985
Metrics:
  cityscapes_dice: 0.8978656782553747
  cityscapes_jaccard_macro: 0.5686162129426614
  cityscapes_jaccard_micro: 0.8918968530801626

2024-06-24 23:51:24,946 - INFO - Validation Stats
Loss:
  total: 0.22814936703070998
Metrics:
  cityscapes_dice: 0.880079073831439
  cityscapes_jaccard_macro: 0.48549408186227083
  cityscapes_jaccard_micro: 0.8613841254264116

2024-06-24 23:51:24,946 - INFO - Epoch 84/120
2024-06-24 23:52:17,330 - INFO - Train Stats
Loss:
  total: 0.1675008550668374
Metrics:
  cityscapes_dice: 0.8982979494791764
  cityscapes_jaccard_macro: 0.5603109903824635
  cityscapes_jaccard_micro: 0.8924196744576479

2024-06-24 23:52:40,257 - INFO - Validation Stats
Loss:
  total: 0.2202475555241108
Metrics:
  cityscapes_dice: 0.8816182967275381
  cityscapes_jaccard_macro: 0.48584574460983276
  cityscapes_jaccard_micro: 0.8654776196926832

2024-06-24 23:52:41,917 - INFO - Epoch 85/120
2024-06-24 23:53:40,017 - INFO - Train Stats
Loss:
  total: 0.1688969402741163
Metrics:
  cityscapes_dice: 0.897241581708957
  cityscapes_jaccard_macro: 0.5711778501669565
  cityscapes_jaccard_micro: 0.8914927290036128

2024-06-24 23:54:02,808 - INFO - Validation Stats
Loss:
  total: 0.2265804228372872
Metrics:
  cityscapes_dice: 0.8816421069204807
  cityscapes_jaccard_macro: 0.4869415294378996
  cityscapes_jaccard_micro: 0.863663449883461

2024-06-24 23:54:02,808 - INFO - Epoch 86/120
2024-06-24 23:54:56,856 - INFO - Train Stats
Loss:
  total: 0.16716016618869242
Metrics:
  cityscapes_dice: 0.8975580586836889
  cityscapes_jaccard_macro: 0.5672326890321878
  cityscapes_jaccard_micro: 0.8923174242178599

2024-06-24 23:55:19,655 - INFO - Validation Stats
Loss:
  total: 0.22305608307942748
Metrics:
  cityscapes_dice: 0.8815912120044231
  cityscapes_jaccard_macro: 0.4931962816044688
  cityscapes_jaccard_micro: 0.8641938269138336

2024-06-24 23:55:19,655 - INFO - Epoch 87/120
2024-06-24 23:56:15,555 - INFO - Train Stats
Loss:
  total: 0.16774230278455293
Metrics:
  cityscapes_dice: 0.8978760425861065
  cityscapes_jaccard_macro: 0.5647080433674347
  cityscapes_jaccard_micro: 0.8918554255595574

2024-06-24 23:56:37,662 - INFO - Validation Stats
Loss:
  total: 0.2358078141696751
Metrics:
  cityscapes_dice: 0.8788581863045692
  cityscapes_jaccard_macro: 0.4855512799695134
  cityscapes_jaccard_micro: 0.8604694753885269

2024-06-24 23:56:37,662 - INFO - Epoch 88/120
2024-06-24 23:57:33,687 - INFO - Train Stats
Loss:
  total: 0.16673156065054429
Metrics:
  cityscapes_dice: 0.8984424028641138
  cityscapes_jaccard_macro: 0.5671613201116904
  cityscapes_jaccard_micro: 0.8926338240122184

2024-06-24 23:58:01,445 - INFO - Validation Stats
Loss:
  total: 0.2253215634264052
Metrics:
  cityscapes_dice: 0.8812775500118732
  cityscapes_jaccard_macro: 0.48423247411847115
  cityscapes_jaccard_micro: 0.8634230047464371

2024-06-24 23:58:01,445 - INFO - Epoch 89/120
2024-06-24 23:58:53,929 - INFO - Train Stats
Loss:
  total: 0.16695092083551946
Metrics:
  cityscapes_dice: 0.8978675191219037
  cityscapes_jaccard_macro: 0.5630045437659973
  cityscapes_jaccard_micro: 0.8926199613473355

2024-06-24 23:59:21,718 - INFO - Validation Stats
Loss:
  total: 0.216377355158329
Metrics:
  cityscapes_dice: 0.8832334093749523
  cityscapes_jaccard_macro: 0.47918027359992266
  cityscapes_jaccard_micro: 0.8682345934212208

2024-06-24 23:59:23,399 - INFO - Epoch 90/120
2024-06-25 00:00:19,578 - INFO - Train Stats
Loss:
  total: 0.16874606429766387
Metrics:
  cityscapes_dice: 0.8970444538654425
  cityscapes_jaccard_macro: 0.5683278479637244
  cityscapes_jaccard_micro: 0.8912653090097965

2024-06-25 00:00:41,397 - INFO - Validation Stats
Loss:
  total: 0.2232730146497488
Metrics:
  cityscapes_dice: 0.8809928726404905
  cityscapes_jaccard_macro: 0.4870535023510456
  cityscapes_jaccard_micro: 0.8646698109805584

2024-06-25 00:00:42,989 - INFO - Epoch 91/120
2024-06-25 00:01:38,612 - INFO - Train Stats
Loss:
  total: 0.1672755554318428
Metrics:
  cityscapes_dice: 0.89682420476889
  cityscapes_jaccard_macro: 0.5671052871606289
  cityscapes_jaccard_micro: 0.8922739900075473

2024-06-25 00:02:01,777 - INFO - Validation Stats
Loss:
  total: 0.23305986961349845
Metrics:
  cityscapes_dice: 0.8799345009028912
  cityscapes_jaccard_macro: 0.4843429485335946
  cityscapes_jaccard_micro: 0.8605123721063137

2024-06-25 00:02:01,777 - INFO - Epoch 92/120
2024-06-25 00:02:58,310 - INFO - Train Stats
Loss:
  total: 0.1652524824707936
Metrics:
  cityscapes_dice: 0.8983262739120386
  cityscapes_jaccard_macro: 0.5641749356037531
  cityscapes_jaccard_micro: 0.8932515145876468

2024-06-25 00:03:21,160 - INFO - Validation Stats
Loss:
  total: 0.22282179538160563
Metrics:
  cityscapes_dice: 0.8815017864108086
  cityscapes_jaccard_macro: 0.4882955625653267
  cityscapes_jaccard_micro: 0.8636160995811224

2024-06-25 00:03:21,160 - INFO - Epoch 93/120
2024-06-25 00:04:16,267 - INFO - Train Stats
Loss:
  total: 0.16565172641705245
Metrics:
  cityscapes_dice: 0.8981414315028068
  cityscapes_jaccard_macro: 0.5709755275494013
  cityscapes_jaccard_micro: 0.8930373596839416

2024-06-25 00:04:39,068 - INFO - Validation Stats
Loss:
  total: 0.23132514022290707
Metrics:
  cityscapes_dice: 0.880613474175334
  cityscapes_jaccard_macro: 0.4859043564647436
  cityscapes_jaccard_micro: 0.8610473852604628

2024-06-25 00:04:39,068 - INFO - Epoch 94/120
2024-06-25 00:05:35,840 - INFO - Train Stats
Loss:
  total: 0.16554832057310984
Metrics:
  cityscapes_dice: 0.8979466802034622
  cityscapes_jaccard_macro: 0.572437971830368
  cityscapes_jaccard_micro: 0.8930082183617812

2024-06-25 00:05:58,713 - INFO - Validation Stats
Loss:
  total: 0.23075271164998412
Metrics:
  cityscapes_dice: 0.8805395681411028
  cityscapes_jaccard_macro: 0.4923625458031893
  cityscapes_jaccard_micro: 0.8605580031871796

2024-06-25 00:05:58,714 - INFO - Epoch 95/120
2024-06-25 00:06:51,059 - INFO - Train Stats
Loss:
  total: 0.16494242636821208
Metrics:
  cityscapes_dice: 0.8986687904749161
  cityscapes_jaccard_macro: 0.5740512544528033
  cityscapes_jaccard_micro: 0.8934592619920388

2024-06-25 00:07:14,207 - INFO - Validation Stats
Loss:
  total: 0.22321907291188836
Metrics:
  cityscapes_dice: 0.8830103892832994
  cityscapes_jaccard_macro: 0.49238082580268383
  cityscapes_jaccard_micro: 0.8653491791337729

2024-06-25 00:07:14,207 - INFO - Epoch 96/120
2024-06-25 00:08:10,396 - INFO - Train Stats
Loss:
  total: 0.16514526727872017
Metrics:
  cityscapes_dice: 0.8989980656367081
  cityscapes_jaccard_macro: 0.5743439438251349
  cityscapes_jaccard_micro: 0.8932917095147647

2024-06-25 00:08:33,455 - INFO - Validation Stats
Loss:
  total: 0.22059101378545165
Metrics:
  cityscapes_dice: 0.8815914429724216
  cityscapes_jaccard_macro: 0.49445658177137375
  cityscapes_jaccard_micro: 0.8661258742213249

2024-06-25 00:08:33,455 - INFO - Epoch 97/120
2024-06-25 00:09:28,430 - INFO - Train Stats
Loss:
  total: 0.16379306121514395
Metrics:
  cityscapes_dice: 0.898902578995778
  cityscapes_jaccard_macro: 0.5704555484728936
  cityscapes_jaccard_micro: 0.8944885104130476

2024-06-25 00:09:50,797 - INFO - Validation Stats
Loss:
  total: 0.22152077918872237
Metrics:
  cityscapes_dice: 0.8823337331414223
  cityscapes_jaccard_macro: 0.48565380927175283
  cityscapes_jaccard_micro: 0.864188514649868

2024-06-25 00:09:50,797 - INFO - Epoch 98/120
2024-06-25 00:10:48,531 - INFO - Train Stats
Loss:
  total: 0.16315688660893685
Metrics:
  cityscapes_dice: 0.8998087369478666
  cityscapes_jaccard_macro: 0.5700162202119827
  cityscapes_jaccard_micro: 0.8947028555931189

2024-06-25 00:11:11,932 - INFO - Validation Stats
Loss:
  total: 0.22537925373762846
Metrics:
  cityscapes_dice: 0.8817550484091043
  cityscapes_jaccard_macro: 0.48168996907770634
  cityscapes_jaccard_micro: 0.8643219005316496

2024-06-25 00:11:11,933 - INFO - Epoch 99/120
2024-06-25 00:12:09,719 - INFO - Train Stats
Loss:
  total: 0.16585771987835565
Metrics:
  cityscapes_dice: 0.8980887234210968
  cityscapes_jaccard_macro: 0.5638898687484937
  cityscapes_jaccard_micro: 0.8928377024638348

2024-06-25 00:12:33,107 - INFO - Validation Stats
Loss:
  total: 0.219548380933702
Metrics:
  cityscapes_dice: 0.882795350626111
  cityscapes_jaccard_macro: 0.4852336896583438
  cityscapes_jaccard_micro: 0.8649580013006926

2024-06-25 00:12:33,107 - INFO - Epoch 100/120
2024-06-25 00:13:29,223 - INFO - Train Stats
Loss:
  total: 0.16413775430275843
Metrics:
  cityscapes_dice: 0.8988181536014264
  cityscapes_jaccard_macro: 0.5683503876893948
  cityscapes_jaccard_micro: 0.8939416874677707

2024-06-25 00:13:52,502 - INFO - Validation Stats
Loss:
  total: 0.22205240838229656
Metrics:
  cityscapes_dice: 0.8809244632720947
  cityscapes_jaccard_macro: 0.4955559838563204
  cityscapes_jaccard_micro: 0.8647359982132912

2024-06-25 00:13:54,159 - INFO - Epoch 101/120
2024-06-25 00:14:49,468 - INFO - Train Stats
Loss:
  total: 0.16240101899856177
Metrics:
  cityscapes_dice: 0.8997325568627088
  cityscapes_jaccard_macro: 0.5759819868283395
  cityscapes_jaccard_micro: 0.8948502043883005

2024-06-25 00:15:11,969 - INFO - Validation Stats
Loss:
  total: 0.22398257674649358
Metrics:
  cityscapes_dice: 0.8810679391026497
  cityscapes_jaccard_macro: 0.48591148760169744
  cityscapes_jaccard_micro: 0.8633751515299082

2024-06-25 00:15:11,969 - INFO - Epoch 102/120
2024-06-25 00:16:08,735 - INFO - Train Stats
Loss:
  total: 0.16312300337430757
Metrics:
  cityscapes_dice: 0.8991930026274461
  cityscapes_jaccard_macro: 0.5715852085596476
  cityscapes_jaccard_micro: 0.8945879936218262

2024-06-25 00:16:31,059 - INFO - Validation Stats
Loss:
  total: 0.21842953842133284
Metrics:
  cityscapes_dice: 0.8826962020248175
  cityscapes_jaccard_macro: 0.4842147007584572
  cityscapes_jaccard_micro: 0.8664958067238331

2024-06-25 00:16:31,059 - INFO - Epoch 103/120
2024-06-25 00:17:25,300 - INFO - Train Stats
Loss:
  total: 0.16410174316320664
Metrics:
  cityscapes_dice: 0.898400760613955
  cityscapes_jaccard_macro: 0.5761178036530813
  cityscapes_jaccard_micro: 0.8935627708068261

2024-06-25 00:17:47,448 - INFO - Validation Stats
Loss:
  total: 0.2173324143514037
Metrics:
  cityscapes_dice: 0.883819404989481
  cityscapes_jaccard_macro: 0.4805598733946681
  cityscapes_jaccard_micro: 0.8672859985381365

2024-06-25 00:17:47,448 - INFO - Epoch 104/120
2024-06-25 00:18:44,513 - INFO - Train Stats
Loss:
  total: 0.16224101854440492
Metrics:
  cityscapes_dice: 0.899995031265112
  cityscapes_jaccard_macro: 0.568445548033103
  cityscapes_jaccard_micro: 0.8948374436451838

2024-06-25 00:19:07,636 - INFO - Validation Stats
Loss:
  total: 0.21521404339000583
Metrics:
  cityscapes_dice: 0.8834283538162708
  cityscapes_jaccard_macro: 0.48532137367874384
  cityscapes_jaccard_micro: 0.8677961751818657

2024-06-25 00:19:09,261 - INFO - Epoch 105/120
2024-06-25 00:20:06,391 - INFO - Train Stats
Loss:
  total: 0.16238876413076353
Metrics:
  cityscapes_dice: 0.8997933497795692
  cityscapes_jaccard_macro: 0.5775513140819012
  cityscapes_jaccard_micro: 0.8950308309151576

2024-06-25 00:20:28,887 - INFO - Validation Stats
Loss:
  total: 0.22817793395370245
Metrics:
  cityscapes_dice: 0.881047772243619
  cityscapes_jaccard_macro: 0.49008228350430727
  cityscapes_jaccard_micro: 0.8621876761317253

2024-06-25 00:20:28,887 - INFO - Epoch 106/120
2024-06-25 00:21:25,163 - INFO - Train Stats
Loss:
  total: 0.16206321530999282
Metrics:
  cityscapes_dice: 0.8990860894704477
  cityscapes_jaccard_macro: 0.5758253251894926
  cityscapes_jaccard_micro: 0.8954416819107838

2024-06-25 00:21:47,961 - INFO - Validation Stats
Loss:
  total: 0.21937761502340436
Metrics:
  cityscapes_dice: 0.8824734333902597
  cityscapes_jaccard_macro: 0.4895969880744815
  cityscapes_jaccard_micro: 0.8655816651880741

2024-06-25 00:21:47,961 - INFO - Epoch 107/120
2024-06-25 00:22:43,294 - INFO - Train Stats
Loss:
  total: 0.16338646755768702
Metrics:
  cityscapes_dice: 0.8985432248849136
  cityscapes_jaccard_macro: 0.5706733900767106
  cityscapes_jaccard_micro: 0.894337032849972

2024-06-25 00:23:05,662 - INFO - Validation Stats
Loss:
  total: 0.22603818913921714
Metrics:
  cityscapes_dice: 0.8809585440903902
  cityscapes_jaccard_macro: 0.4910897547379136
  cityscapes_jaccard_micro: 0.8626159410923719

2024-06-25 00:23:05,662 - INFO - Epoch 108/120
2024-06-25 00:23:59,103 - INFO - Train Stats
Loss:
  total: 0.16223417967557907
Metrics:
  cityscapes_dice: 0.8991783949045035
  cityscapes_jaccard_macro: 0.5801941278653268
  cityscapes_jaccard_micro: 0.8948525473093375

2024-06-25 00:24:21,843 - INFO - Validation Stats
Loss:
  total: 0.22047749813646078
Metrics:
  cityscapes_dice: 0.8820298779755831
  cityscapes_jaccard_macro: 0.491726859472692
  cityscapes_jaccard_micro: 0.8650747314095497

2024-06-25 00:24:21,843 - INFO - Epoch 109/120
2024-06-25 00:25:16,115 - INFO - Train Stats
Loss:
  total: 0.16184377097166502
Metrics:
  cityscapes_dice: 0.8999178562408838
  cityscapes_jaccard_macro: 0.579536123917653
  cityscapes_jaccard_micro: 0.8951881206952609

2024-06-25 00:25:39,001 - INFO - Validation Stats
Loss:
  total: 0.22339523816481233
Metrics:
  cityscapes_dice: 0.8809789754450321
  cityscapes_jaccard_macro: 0.49141061399132013
  cityscapes_jaccard_micro: 0.8645573388785124

2024-06-25 00:25:39,001 - INFO - Epoch 110/120
2024-06-25 00:26:34,663 - INFO - Train Stats
Loss:
  total: 0.1624108680929893
Metrics:
  cityscapes_dice: 0.8993508624724853
  cityscapes_jaccard_macro: 0.5720244619326714
  cityscapes_jaccard_micro: 0.8948043768222516

2024-06-25 00:26:58,942 - INFO - Validation Stats
Loss:
  total: 0.22158522065728903
Metrics:
  cityscapes_dice: 0.8822573460638523
  cityscapes_jaccard_macro: 0.4917782247066498
  cityscapes_jaccard_micro: 0.8640501946210861

2024-06-25 00:27:00,484 - INFO - Epoch 111/120
2024-06-25 00:27:55,452 - INFO - Train Stats
Loss:
  total: 0.16002807594262636
Metrics:
  cityscapes_dice: 0.8993936395033811
  cityscapes_jaccard_macro: 0.5749424413228647
  cityscapes_jaccard_micro: 0.8962888656518399

2024-06-25 00:28:18,562 - INFO - Validation Stats
Loss:
  total: 0.22141803754493594
Metrics:
  cityscapes_dice: 0.8821686767041683
  cityscapes_jaccard_macro: 0.48299178574234247
  cityscapes_jaccard_micro: 0.8659857977181673

2024-06-25 00:28:18,562 - INFO - Epoch 112/120
2024-06-25 00:29:15,508 - INFO - Train Stats
Loss:
  total: 0.1625535146166117
Metrics:
  cityscapes_dice: 0.8979566181317354
  cityscapes_jaccard_macro: 0.572787304337208
  cityscapes_jaccard_micro: 0.8944665751396081

2024-06-25 00:29:39,325 - INFO - Validation Stats
Loss:
  total: 0.22239008639007807
Metrics:
  cityscapes_dice: 0.881230840459466
  cityscapes_jaccard_macro: 0.48601015843451023
  cityscapes_jaccard_micro: 0.8638840951025486

2024-06-25 00:29:39,326 - INFO - Epoch 113/120
2024-06-25 00:30:37,168 - INFO - Train Stats
Loss:
  total: 0.16110308506549934
Metrics:
  cityscapes_dice: 0.8991309129274808
  cityscapes_jaccard_macro: 0.5753575506118628
  cityscapes_jaccard_micro: 0.8956309274221078

2024-06-25 00:30:59,757 - INFO - Validation Stats
Loss:
  total: 0.22435197047889233
Metrics:
  cityscapes_dice: 0.8821198772639036
  cityscapes_jaccard_macro: 0.488073518499732
  cityscapes_jaccard_micro: 0.8645374197512865

2024-06-25 00:30:59,757 - INFO - Epoch 114/120
2024-06-25 00:31:53,559 - INFO - Train Stats
Loss:
  total: 0.16062967708477607
Metrics:
  cityscapes_dice: 0.8995781105298263
  cityscapes_jaccard_macro: 0.5736293540551112
  cityscapes_jaccard_micro: 0.8959215611983569

2024-06-25 00:32:16,731 - INFO - Validation Stats
Loss:
  total: 0.2165444679558277
Metrics:
  cityscapes_dice: 0.8822413235902786
  cityscapes_jaccard_macro: 0.4945337176322937
  cityscapes_jaccard_micro: 0.8661088049411774

2024-06-25 00:32:16,731 - INFO - Epoch 115/120
2024-06-25 00:33:12,725 - INFO - Train Stats
Loss:
  total: 0.1615544765805587
Metrics:
  cityscapes_dice: 0.8997980409707779
  cityscapes_jaccard_macro: 0.5745765918340439
  cityscapes_jaccard_micro: 0.8953058757843115

2024-06-25 00:33:34,827 - INFO - Validation Stats
Loss:
  total: 0.2205168572254479
Metrics:
  cityscapes_dice: 0.881504463031888
  cityscapes_jaccard_macro: 0.4861321672797203
  cityscapes_jaccard_micro: 0.8640820849686861

2024-06-25 00:33:34,827 - INFO - Epoch 116/120
2024-06-25 00:34:28,143 - INFO - Train Stats
Loss:
  total: 0.16104520093172026
Metrics:
  cityscapes_dice: 0.8988549961493566
  cityscapes_jaccard_macro: 0.5844720819821725
  cityscapes_jaccard_micro: 0.8955539480233804

2024-06-25 00:34:50,846 - INFO - Validation Stats
Loss:
  total: 0.21810298692435026
Metrics:
  cityscapes_dice: 0.8836122807115316
  cityscapes_jaccard_macro: 0.4906286494806409
  cityscapes_jaccard_micro: 0.8665395621210337

2024-06-25 00:34:50,846 - INFO - Epoch 117/120
2024-06-25 00:35:48,194 - INFO - Train Stats
Loss:
  total: 0.16188489607511422
Metrics:
  cityscapes_dice: 0.8997209354853019
  cityscapes_jaccard_macro: 0.578760373668793
  cityscapes_jaccard_micro: 0.8947925842725314

2024-06-25 00:36:10,919 - INFO - Validation Stats
Loss:
  total: 0.2189786797389388
Metrics:
  cityscapes_dice: 0.8836893625557423
  cityscapes_jaccard_macro: 0.4938134979456663
  cityscapes_jaccard_micro: 0.8670192696154118

2024-06-25 00:36:10,919 - INFO - Epoch 118/120
2024-06-25 00:37:05,890 - INFO - Train Stats
Loss:
  total: 0.16035301505755156
Metrics:
  cityscapes_dice: 0.8995722364156674
  cityscapes_jaccard_macro: 0.5772135995137386
  cityscapes_jaccard_micro: 0.8959842438881214

2024-06-25 00:37:28,587 - INFO - Validation Stats
Loss:
  total: 0.22823038650676608
Metrics:
  cityscapes_dice: 0.8790661469101906
  cityscapes_jaccard_macro: 0.49101607594639063
  cityscapes_jaccard_micro: 0.8611408304423094

2024-06-25 00:37:28,587 - INFO - Epoch 119/120
2024-06-25 00:38:25,545 - INFO - Train Stats
Loss:
  total: 0.16098941327669683
Metrics:
  cityscapes_dice: 0.9001257366094834
  cityscapes_jaccard_macro: 0.582179654103059
  cityscapes_jaccard_micro: 0.8953668337601882

2024-06-25 00:38:48,100 - INFO - Validation Stats
Loss:
  total: 0.2148701511323452
Metrics:
  cityscapes_dice: 0.8853236362338066
  cityscapes_jaccard_macro: 0.48876550141721964
  cityscapes_jaccard_micro: 0.869467793032527

2024-06-25 00:38:49,637 - INFO - Epoch 120/120
2024-06-25 00:39:44,110 - INFO - Train Stats
Loss:
  total: 0.1612040943060166
Metrics:
  cityscapes_dice: 0.8989991729076092
  cityscapes_jaccard_macro: 0.5712662037366476
  cityscapes_jaccard_micro: 0.8955424374494797

2024-06-25 00:40:06,345 - INFO - Validation Stats
Loss:
  total: 0.2155300904996693
Metrics:
  cityscapes_dice: 0.8833748269826174
  cityscapes_jaccard_macro: 0.4911254607141018
  cityscapes_jaccard_micro: 0.8675747867673635

2024-06-25 00:40:07,997 - INFO - Best validation loss: 0.2148701511323452
2024-06-25 00:40:08,904 - INFO - Best model saved to /home/up201905337/exploring-label-efficiency/weights/sl_cityscapes_mobilenet_pretrained_1238l.pth
2024-06-25 00:40:08,905 - INFO - Training took 9547.57197213173 seconds to complete
