2024-05-23 16:49:16,791 - INFO - Loading configuration files...
2024-05-23 16:49:19,015 - INFO - Loading model configuration
args:
  num_classes: 10
class: ResNet50

2024-05-23 16:49:35,111 - INFO - Loading train_dataset configuration
args:
  root: ./data/
  train_val_split: 0.9
class: UnsupervisedSVHN

2024-05-23 16:49:35,258 - INFO - Loading optimizer configuration
args:
  lr: 0.0003
class: Adam

2024-05-23 16:49:35,293 - INFO - Loading method configuration
args:
  color_jitter_strength: 1.0
  projection_dim: 128
  temperature: 0.5
class: SimCLRSVHN

2024-05-23 16:49:35,432 - INFO - Loading metrics configuration
simclr_svhn_resnet50_top1_accuracy:
  args:
    num_classes: 256
    task: multiclass
    top_k: 1
  class: Accuracy
simclr_svhn_resnet50_top5_accuracy:
  args:
    num_classes: 256
    task: multiclass
    top_k: 5
  class: Accuracy

2024-05-23 16:49:35,435 - INFO - Loading hyperparameters configuration
batch_size: 128
ema_decay: null
epochs: 100
max_num_samples: -1
num_workers: 4
save_freq: 30

2024-05-23 16:49:35,942 - INFO - Using device: cuda
2024-05-23 16:49:36,805 - INFO - Training for 100 epochs
2024-05-23 16:49:36,805 - INFO - Epoch 1/100
2024-05-23 16:52:53,179 - INFO - Train Stats
Loss:
  total: 4.543477874126249
Metrics:
  simclr_svhn_resnet50_top1_accuracy: 0.05021996359223301
  simclr_svhn_resnet50_top5_accuracy: 0.186498786407767

2024-05-23 16:52:56,301 - INFO - Epoch 2/100
2024-05-23 16:56:03,661 - INFO - Train Stats
Loss:
  total: 4.321653851259102
Metrics:
  simclr_svhn_resnet50_top1_accuracy: 0.11875
  simclr_svhn_resnet50_top5_accuracy: 0.35002275485436896

2024-05-23 16:56:06,842 - INFO - Epoch 3/100
2024-05-23 16:59:16,008 - INFO - Train Stats
Loss:
  total: 4.233847400054191
Metrics:
  simclr_svhn_resnet50_top1_accuracy: 0.1917627427184466
  simclr_svhn_resnet50_top5_accuracy: 0.46206007281553396

2024-05-23 16:59:19,144 - INFO - Epoch 4/100
2024-05-23 17:02:29,203 - INFO - Train Stats
Loss:
  total: 4.188309264877468
Metrics:
  simclr_svhn_resnet50_top1_accuracy: 0.2287621359223301
  simclr_svhn_resnet50_top5_accuracy: 0.5167930825242718

2024-05-23 17:02:32,288 - INFO - Epoch 5/100
2024-05-23 17:05:42,140 - INFO - Train Stats
Loss:
  total: 4.170518297362096
Metrics:
  simclr_svhn_resnet50_top1_accuracy: 0.24356796116504853
  simclr_svhn_resnet50_top5_accuracy: 0.5360436893203884

2024-05-23 17:05:45,609 - INFO - Epoch 6/100
2024-05-23 17:08:56,315 - INFO - Train Stats
Loss:
  total: 4.143736917069814
Metrics:
  simclr_svhn_resnet50_top1_accuracy: 0.2812424150485437
  simclr_svhn_resnet50_top5_accuracy: 0.5739456917475728

2024-05-23 17:08:59,822 - INFO - Epoch 7/100
2024-05-23 17:12:10,294 - INFO - Train Stats
Loss:
  total: 4.129633688695223
Metrics:
  simclr_svhn_resnet50_top1_accuracy: 0.298096177184466
  simclr_svhn_resnet50_top5_accuracy: 0.5905567354368932

2024-05-23 17:12:13,697 - INFO - Epoch 8/100
2024-05-23 17:15:21,289 - INFO - Train Stats
Loss:
  total: 4.105769218981845
Metrics:
  simclr_svhn_resnet50_top1_accuracy: 0.3304004854368932
  simclr_svhn_resnet50_top5_accuracy: 0.6211620145631068

2024-05-23 17:15:24,384 - INFO - Epoch 9/100
2024-05-23 17:18:31,247 - INFO - Train Stats
Loss:
  total: 4.108999620826499
Metrics:
  simclr_svhn_resnet50_top1_accuracy: 0.3356720266990291
  simclr_svhn_resnet50_top5_accuracy: 0.6214881674757281

2024-05-23 17:18:31,247 - INFO - Epoch 10/100
2024-05-23 17:21:38,411 - INFO - Train Stats
Loss:
  total: 4.1127479201381645
Metrics:
  simclr_svhn_resnet50_top1_accuracy: 0.33222087378640774
  simclr_svhn_resnet50_top5_accuracy: 0.6198574029126214

2024-05-23 17:21:38,411 - INFO - Epoch 11/100
2024-05-23 17:24:49,025 - INFO - Train Stats
Loss:
  total: 4.081348603905983
Metrics:
  simclr_svhn_resnet50_top1_accuracy: 0.37359678398058255
  simclr_svhn_resnet50_top5_accuracy: 0.655931432038835

2024-05-23 17:24:52,366 - INFO - Epoch 12/100
2024-05-23 17:28:02,526 - INFO - Train Stats
Loss:
  total: 4.09577795556448
Metrics:
  simclr_svhn_resnet50_top1_accuracy: 0.3661331917475728
  simclr_svhn_resnet50_top5_accuracy: 0.6452745752427185

2024-05-23 17:28:02,527 - INFO - Epoch 13/100
2024-05-23 17:31:10,399 - INFO - Train Stats
Loss:
  total: 4.0744688770146045
Metrics:
  simclr_svhn_resnet50_top1_accuracy: 0.4040351941747573
  simclr_svhn_resnet50_top5_accuracy: 0.670752427184466

2024-05-23 17:31:13,570 - INFO - Epoch 14/100
2024-05-23 17:34:20,885 - INFO - Train Stats
Loss:
  total: 4.064151381520392
Metrics:
  simclr_svhn_resnet50_top1_accuracy: 0.4222921723300971
  simclr_svhn_resnet50_top5_accuracy: 0.6820160800970874

2024-05-23 17:34:24,028 - INFO - Epoch 15/100
2024-05-23 17:37:32,716 - INFO - Train Stats
Loss:
  total: 4.066046189798892
Metrics:
  simclr_svhn_resnet50_top1_accuracy: 0.42914896844660194
  simclr_svhn_resnet50_top5_accuracy: 0.6869007888349514

2024-05-23 17:37:32,717 - INFO - Epoch 16/100
2024-05-23 17:40:39,011 - INFO - Train Stats
Loss:
  total: 4.052263327941154
Metrics:
  simclr_svhn_resnet50_top1_accuracy: 0.4534359830097087
  simclr_svhn_resnet50_top5_accuracy: 0.7011301577669903

2024-05-23 17:40:42,165 - INFO - Epoch 17/100
2024-05-23 17:43:48,592 - INFO - Train Stats
Loss:
  total: 4.056049650155225
Metrics:
  simclr_svhn_resnet50_top1_accuracy: 0.4490063713592233
  simclr_svhn_resnet50_top5_accuracy: 0.7012363470873786

2024-05-23 17:43:48,592 - INFO - Epoch 18/100
2024-05-23 17:46:54,160 - INFO - Train Stats
Loss:
  total: 4.0401075886291204
Metrics:
  simclr_svhn_resnet50_top1_accuracy: 0.4735057645631068
  simclr_svhn_resnet50_top5_accuracy: 0.7153367718446602

2024-05-23 17:46:57,287 - INFO - Epoch 19/100
2024-05-23 17:50:03,891 - INFO - Train Stats
Loss:
  total: 4.04982675256081
Metrics:
  simclr_svhn_resnet50_top1_accuracy: 0.46503337378640774
  simclr_svhn_resnet50_top5_accuracy: 0.7072360436893204

2024-05-23 17:50:03,892 - INFO - Epoch 20/100
2024-05-23 17:53:08,806 - INFO - Train Stats
Loss:
  total: 4.034084092760549
Metrics:
  simclr_svhn_resnet50_top1_accuracy: 0.4925970873786408
  simclr_svhn_resnet50_top5_accuracy: 0.7252351334951457

2024-05-23 17:53:12,060 - INFO - Epoch 21/100
2024-05-23 17:56:21,545 - INFO - Train Stats
Loss:
  total: 4.043483756352397
Metrics:
  simclr_svhn_resnet50_top1_accuracy: 0.47918689320388347
  simclr_svhn_resnet50_top5_accuracy: 0.7151471480582524

2024-05-23 17:56:21,546 - INFO - Epoch 22/100
2024-05-23 17:59:30,135 - INFO - Train Stats
Loss:
  total: 4.027866038998354
Metrics:
  simclr_svhn_resnet50_top1_accuracy: 0.5144493325242718
  simclr_svhn_resnet50_top5_accuracy: 0.7327214805825243

2024-05-23 17:59:33,281 - INFO - Epoch 23/100
2024-05-23 18:02:39,404 - INFO - Train Stats
Loss:
  total: 4.03577991041165
Metrics:
  simclr_svhn_resnet50_top1_accuracy: 0.5068719660194175
  simclr_svhn_resnet50_top5_accuracy: 0.7273589199029126

2024-05-23 18:02:39,404 - INFO - Epoch 24/100
2024-05-23 18:05:47,197 - INFO - Train Stats
Loss:
  total: 4.013988636535348
Metrics:
  simclr_svhn_resnet50_top1_accuracy: 0.5299074635922331
  simclr_svhn_resnet50_top5_accuracy: 0.744607099514563

2024-05-23 18:05:50,354 - INFO - Epoch 25/100
2024-05-23 18:08:56,805 - INFO - Train Stats
Loss:
  total: 4.019269576118988
Metrics:
  simclr_svhn_resnet50_top1_accuracy: 0.5324332524271844
  simclr_svhn_resnet50_top5_accuracy: 0.7388804611650486

2024-05-23 18:08:56,805 - INFO - Epoch 26/100
2024-05-23 18:12:02,742 - INFO - Train Stats
Loss:
  total: 4.011300328634317
Metrics:
  simclr_svhn_resnet50_top1_accuracy: 0.5431128640776699
  simclr_svhn_resnet50_top5_accuracy: 0.7508267597087379

2024-05-23 18:12:05,708 - INFO - Epoch 27/100
2024-05-23 18:15:12,327 - INFO - Train Stats
Loss:
  total: 3.996766939440977
Metrics:
  simclr_svhn_resnet50_top1_accuracy: 0.5694705703883495
  simclr_svhn_resnet50_top5_accuracy: 0.7613167475728155

2024-05-23 18:15:15,331 - INFO - Epoch 28/100
2024-05-23 18:18:21,663 - INFO - Train Stats
Loss:
  total: 4.000509645406482
Metrics:
  simclr_svhn_resnet50_top1_accuracy: 0.5612408980582524
  simclr_svhn_resnet50_top5_accuracy: 0.7581462378640776

2024-05-23 18:18:21,664 - INFO - Epoch 29/100
2024-05-23 18:21:28,112 - INFO - Train Stats
Loss:
  total: 4.010034457456718
Metrics:
  simclr_svhn_resnet50_top1_accuracy: 0.5520782766990291
  simclr_svhn_resnet50_top5_accuracy: 0.7513956310679611

2024-05-23 18:21:28,113 - INFO - Epoch 30/100
2024-05-23 18:24:34,005 - INFO - Train Stats
Loss:
  total: 3.9951637360656145
Metrics:
  simclr_svhn_resnet50_top1_accuracy: 0.5686969053398059
  simclr_svhn_resnet50_top5_accuracy: 0.761476031553398

2024-05-23 18:24:39,442 - INFO - Epoch 31/100
2024-05-23 18:27:44,486 - INFO - Train Stats
Loss:
  total: 4.003563105018394
Metrics:
  simclr_svhn_resnet50_top1_accuracy: 0.5670206310679612
  simclr_svhn_resnet50_top5_accuracy: 0.7584799757281553

2024-05-23 18:27:44,487 - INFO - Epoch 32/100
2024-05-23 18:30:49,538 - INFO - Train Stats
Loss:
  total: 3.9724604518668167
Metrics:
  simclr_svhn_resnet50_top1_accuracy: 0.603125
  simclr_svhn_resnet50_top5_accuracy: 0.7795964805825243

2024-05-23 18:30:52,613 - INFO - Epoch 33/100
2024-05-23 18:33:57,432 - INFO - Train Stats
Loss:
  total: 3.988070422700308
Metrics:
  simclr_svhn_resnet50_top1_accuracy: 0.5870145631067961
  simclr_svhn_resnet50_top5_accuracy: 0.7684238470873787

2024-05-23 18:33:57,432 - INFO - Epoch 34/100
2024-05-23 18:37:01,849 - INFO - Train Stats
Loss:
  total: 3.9712705380708266
Metrics:
  simclr_svhn_resnet50_top1_accuracy: 0.6048998786407767
  simclr_svhn_resnet50_top5_accuracy: 0.7824408373786408

2024-05-23 18:37:05,047 - INFO - Epoch 35/100
2024-05-23 18:40:11,017 - INFO - Train Stats
Loss:
  total: 3.9641116207085765
Metrics:
  simclr_svhn_resnet50_top1_accuracy: 0.6080552184466019
  simclr_svhn_resnet50_top5_accuracy: 0.7883191747572815

2024-05-23 18:40:14,144 - INFO - Epoch 36/100
2024-05-23 18:43:21,627 - INFO - Train Stats
Loss:
  total: 3.975141240555106
Metrics:
  simclr_svhn_resnet50_top1_accuracy: 0.5959268810679612
  simclr_svhn_resnet50_top5_accuracy: 0.7776092233009708

2024-05-23 18:43:21,627 - INFO - Epoch 37/100
2024-05-23 18:46:27,260 - INFO - Train Stats
Loss:
  total: 3.979431387521688
Metrics:
  simclr_svhn_resnet50_top1_accuracy: 0.5905491504854369
  simclr_svhn_resnet50_top5_accuracy: 0.7731720266990292

2024-05-23 18:46:27,261 - INFO - Epoch 38/100
2024-05-23 18:49:37,071 - INFO - Train Stats
Loss:
  total: 3.96662053923005
Metrics:
  simclr_svhn_resnet50_top1_accuracy: 0.6138121966019418
  simclr_svhn_resnet50_top5_accuracy: 0.7838971480582524

2024-05-23 18:49:37,072 - INFO - Epoch 39/100
2024-05-23 18:52:46,118 - INFO - Train Stats
Loss:
  total: 3.964410700381381
Metrics:
  simclr_svhn_resnet50_top1_accuracy: 0.6105582524271844
  simclr_svhn_resnet50_top5_accuracy: 0.7846935679611651

2024-05-23 18:52:46,119 - INFO - Epoch 40/100
2024-05-23 18:55:52,499 - INFO - Train Stats
Loss:
  total: 3.971558742615783
Metrics:
  simclr_svhn_resnet50_top1_accuracy: 0.602101031553398
  simclr_svhn_resnet50_top5_accuracy: 0.7787166262135923

2024-05-23 18:55:52,500 - INFO - Epoch 41/100
2024-05-23 18:58:56,654 - INFO - Train Stats
Loss:
  total: 3.9677939627934427
Metrics:
  simclr_svhn_resnet50_top1_accuracy: 0.6145706917475728
  simclr_svhn_resnet50_top5_accuracy: 0.7823801577669903

2024-05-23 18:58:56,655 - INFO - Epoch 42/100
2024-05-23 19:02:03,327 - INFO - Train Stats
Loss:
  total: 3.973418484382259
Metrics:
  simclr_svhn_resnet50_top1_accuracy: 0.6070388349514563
  simclr_svhn_resnet50_top5_accuracy: 0.7785270024271844

2024-05-23 19:02:03,328 - INFO - Epoch 43/100
2024-05-23 19:05:12,030 - INFO - Train Stats
Loss:
  total: 3.970040467641886
Metrics:
  simclr_svhn_resnet50_top1_accuracy: 0.6043916868932039
  simclr_svhn_resnet50_top5_accuracy: 0.7816823422330097

2024-05-23 19:05:12,030 - INFO - Epoch 44/100
2024-05-23 19:08:20,823 - INFO - Train Stats
Loss:
  total: 3.9741405982415654
Metrics:
  simclr_svhn_resnet50_top1_accuracy: 0.6076456310679612
  simclr_svhn_resnet50_top5_accuracy: 0.7781553398058253

2024-05-23 19:08:20,824 - INFO - Epoch 45/100
2024-05-23 19:11:28,706 - INFO - Train Stats
Loss:
  total: 3.9400538185267773
Metrics:
  simclr_svhn_resnet50_top1_accuracy: 0.6423771237864078
  simclr_svhn_resnet50_top5_accuracy: 0.8020706917475728

2024-05-23 19:11:31,780 - INFO - Epoch 46/100
2024-05-23 19:14:40,003 - INFO - Train Stats
Loss:
  total: 3.9761992412863427
Metrics:
  simclr_svhn_resnet50_top1_accuracy: 0.6091777912621359
  simclr_svhn_resnet50_top5_accuracy: 0.776122572815534

2024-05-23 19:14:40,004 - INFO - Epoch 47/100
2024-05-23 19:17:45,908 - INFO - Train Stats
Loss:
  total: 3.9698983822054075
Metrics:
  simclr_svhn_resnet50_top1_accuracy: 0.6183176577669903
  simclr_svhn_resnet50_top5_accuracy: 0.780248786407767

2024-05-23 19:17:45,909 - INFO - Epoch 48/100
2024-05-23 19:20:52,277 - INFO - Train Stats
Loss:
  total: 3.9598107671274723
Metrics:
  simclr_svhn_resnet50_top1_accuracy: 0.6217915655339806
  simclr_svhn_resnet50_top5_accuracy: 0.7865670509708738

2024-05-23 19:20:52,278 - INFO - Epoch 49/100
2024-05-23 19:23:56,358 - INFO - Train Stats
Loss:
  total: 3.9603073647878704
Metrics:
  simclr_svhn_resnet50_top1_accuracy: 0.6178853155339806
  simclr_svhn_resnet50_top5_accuracy: 0.788842536407767

2024-05-23 19:23:56,359 - INFO - Epoch 50/100
2024-05-23 19:27:00,266 - INFO - Train Stats
Loss:
  total: 3.958962364104188
Metrics:
  simclr_svhn_resnet50_top1_accuracy: 0.6344356796116505
  simclr_svhn_resnet50_top5_accuracy: 0.7877654733009709

2024-05-23 19:27:00,266 - INFO - Epoch 51/100
2024-05-23 19:30:05,715 - INFO - Train Stats
Loss:
  total: 3.9555002471775684
Metrics:
  simclr_svhn_resnet50_top1_accuracy: 0.6342839805825242
  simclr_svhn_resnet50_top5_accuracy: 0.7901623179611651

2024-05-23 19:30:05,716 - INFO - Epoch 52/100
2024-05-23 19:33:09,426 - INFO - Train Stats
Loss:
  total: 3.957968724815591
Metrics:
  simclr_svhn_resnet50_top1_accuracy: 0.6295813106796116
  simclr_svhn_resnet50_top5_accuracy: 0.7909966626213593

2024-05-23 19:33:09,427 - INFO - Epoch 53/100
2024-05-23 19:36:14,128 - INFO - Train Stats
Loss:
  total: 3.9286565340838386
Metrics:
  simclr_svhn_resnet50_top1_accuracy: 0.6522527305825243
  simclr_svhn_resnet50_top5_accuracy: 0.8075242718446602

2024-05-23 19:36:17,248 - INFO - Epoch 54/100
2024-05-23 19:39:25,467 - INFO - Train Stats
Loss:
  total: 3.9338548715832165
Metrics:
  simclr_svhn_resnet50_top1_accuracy: 0.6528291868932039
  simclr_svhn_resnet50_top5_accuracy: 0.8038986650485437

2024-05-23 19:39:25,468 - INFO - Epoch 55/100
2024-05-23 19:42:31,328 - INFO - Train Stats
Loss:
  total: 3.9472412377885244
Metrics:
  simclr_svhn_resnet50_top1_accuracy: 0.6383343446601941
  simclr_svhn_resnet50_top5_accuracy: 0.7974742111650486

2024-05-23 19:42:31,329 - INFO - Epoch 56/100
2024-05-23 19:45:35,502 - INFO - Train Stats
Loss:
  total: 3.9475559100364017
Metrics:
  simclr_svhn_resnet50_top1_accuracy: 0.640723604368932
  simclr_svhn_resnet50_top5_accuracy: 0.795433859223301

2024-05-23 19:45:35,503 - INFO - Epoch 57/100
2024-05-23 19:48:39,731 - INFO - Train Stats
Loss:
  total: 3.947981776080085
Metrics:
  simclr_svhn_resnet50_top1_accuracy: 0.6402609223300971
  simclr_svhn_resnet50_top5_accuracy: 0.7950091019417476

2024-05-23 19:48:39,732 - INFO - Epoch 58/100
2024-05-23 19:51:44,002 - INFO - Train Stats
Loss:
  total: 3.9462475767413387
Metrics:
  simclr_svhn_resnet50_top1_accuracy: 0.6460558252427184
  simclr_svhn_resnet50_top5_accuracy: 0.7979824029126213

2024-05-23 19:51:44,003 - INFO - Epoch 59/100
2024-05-23 19:54:52,105 - INFO - Train Stats
Loss:
  total: 3.936548148312615
Metrics:
  simclr_svhn_resnet50_top1_accuracy: 0.6571753640776699
  simclr_svhn_resnet50_top5_accuracy: 0.8034056432038835

2024-05-23 19:54:52,106 - INFO - Epoch 60/100
2024-05-23 19:57:58,377 - INFO - Train Stats
Loss:
  total: 3.9342317349702407
Metrics:
  simclr_svhn_resnet50_top1_accuracy: 0.6543082524271845
  simclr_svhn_resnet50_top5_accuracy: 0.8058252427184466

2024-05-23 19:58:01,531 - INFO - Epoch 61/100
2024-05-23 20:01:09,844 - INFO - Train Stats
Loss:
  total: 3.954902817439107
Metrics:
  simclr_svhn_resnet50_top1_accuracy: 0.636476031553398
  simclr_svhn_resnet50_top5_accuracy: 0.792286104368932

2024-05-23 20:01:09,844 - INFO - Epoch 62/100
2024-05-23 20:04:19,645 - INFO - Train Stats
Loss:
  total: 3.9415607656090006
Metrics:
  simclr_svhn_resnet50_top1_accuracy: 0.6467991504854369
  simclr_svhn_resnet50_top5_accuracy: 0.7984223300970874

2024-05-23 20:04:19,646 - INFO - Epoch 63/100
2024-05-23 20:07:28,149 - INFO - Train Stats
Loss:
  total: 3.9597955550962283
Metrics:
  simclr_svhn_resnet50_top1_accuracy: 0.6334799757281553
  simclr_svhn_resnet50_top5_accuracy: 0.7867339199029126

2024-05-23 20:07:28,150 - INFO - Epoch 64/100
2024-05-23 20:10:33,948 - INFO - Train Stats
Loss:
  total: 3.9216295075648038
Metrics:
  simclr_svhn_resnet50_top1_accuracy: 0.6713819781553398
  simclr_svhn_resnet50_top5_accuracy: 0.814525182038835

2024-05-23 20:10:37,111 - INFO - Epoch 65/100
2024-05-23 20:13:41,664 - INFO - Train Stats
Loss:
  total: 3.9460343823849575
Metrics:
  simclr_svhn_resnet50_top1_accuracy: 0.6457827669902912
  simclr_svhn_resnet50_top5_accuracy: 0.796192354368932

2024-05-23 20:13:41,665 - INFO - Epoch 66/100
2024-05-23 20:16:47,969 - INFO - Train Stats
Loss:
  total: 3.913859831708149
Metrics:
  simclr_svhn_resnet50_top1_accuracy: 0.6755157766990292
  simclr_svhn_resnet50_top5_accuracy: 0.8180976941747573

2024-05-23 20:16:51,159 - INFO - Epoch 67/100
2024-05-23 20:19:55,933 - INFO - Train Stats
Loss:
  total: 3.939000144977014
Metrics:
  simclr_svhn_resnet50_top1_accuracy: 0.6559541868932038
  simclr_svhn_resnet50_top5_accuracy: 0.8038455703883495

2024-05-23 20:19:55,934 - INFO - Epoch 68/100
2024-05-23 20:23:00,643 - INFO - Train Stats
Loss:
  total: 3.9332212952734196
Metrics:
  simclr_svhn_resnet50_top1_accuracy: 0.6619311286407767
  simclr_svhn_resnet50_top5_accuracy: 0.8028974514563106

2024-05-23 20:23:00,643 - INFO - Epoch 69/100
2024-05-23 20:26:04,015 - INFO - Train Stats
Loss:
  total: 3.9340338406053563
Metrics:
  simclr_svhn_resnet50_top1_accuracy: 0.6581158980582524
  simclr_svhn_resnet50_top5_accuracy: 0.8030719053398059

2024-05-23 20:26:04,016 - INFO - Epoch 70/100
2024-05-23 20:29:08,100 - INFO - Train Stats
Loss:
  total: 3.931527441450693
Metrics:
  simclr_svhn_resnet50_top1_accuracy: 0.6621738470873786
  simclr_svhn_resnet50_top5_accuracy: 0.8054308252427185

2024-05-23 20:29:08,101 - INFO - Epoch 71/100
2024-05-23 20:32:12,858 - INFO - Train Stats
Loss:
  total: 3.911363772049691
Metrics:
  simclr_svhn_resnet50_top1_accuracy: 0.678466322815534
  simclr_svhn_resnet50_top5_accuracy: 0.8190382281553398

2024-05-23 20:32:15,998 - INFO - Epoch 72/100
2024-05-23 20:35:19,618 - INFO - Train Stats
Loss:
  total: 3.921068857248547
Metrics:
  simclr_svhn_resnet50_top1_accuracy: 0.6729520631067961
  simclr_svhn_resnet50_top5_accuracy: 0.8127806432038835

2024-05-23 20:35:19,619 - INFO - Epoch 73/100
2024-05-23 20:38:23,526 - INFO - Train Stats
Loss:
  total: 3.938598986505305
Metrics:
  simclr_svhn_resnet50_top1_accuracy: 0.6533753033980583
  simclr_svhn_resnet50_top5_accuracy: 0.7991277305825243

2024-05-23 20:38:23,527 - INFO - Epoch 74/100
2024-05-23 20:41:28,957 - INFO - Train Stats
Loss:
  total: 3.9306437598848807
Metrics:
  simclr_svhn_resnet50_top1_accuracy: 0.6672026699029127
  simclr_svhn_resnet50_top5_accuracy: 0.8077973300970874

2024-05-23 20:41:28,958 - INFO - Epoch 75/100
2024-05-23 20:44:35,715 - INFO - Train Stats
Loss:
  total: 3.9326940642977224
Metrics:
  simclr_svhn_resnet50_top1_accuracy: 0.6627958131067961
  simclr_svhn_resnet50_top5_accuracy: 0.8061589805825242

2024-05-23 20:44:35,716 - INFO - Epoch 76/100
2024-05-23 20:47:41,119 - INFO - Train Stats
Loss:
  total: 3.92172281533769
Metrics:
  simclr_svhn_resnet50_top1_accuracy: 0.6755537014563107
  simclr_svhn_resnet50_top5_accuracy: 0.8161104368932038

2024-05-23 20:47:41,120 - INFO - Epoch 77/100
2024-05-23 20:50:47,039 - INFO - Train Stats
Loss:
  total: 3.9203641118355166
Metrics:
  simclr_svhn_resnet50_top1_accuracy: 0.6772148058252427
  simclr_svhn_resnet50_top5_accuracy: 0.8121510922330097

2024-05-23 20:50:47,040 - INFO - Epoch 78/100
2024-05-23 20:53:51,868 - INFO - Train Stats
Loss:
  total: 3.9334459527024945
Metrics:
  simclr_svhn_resnet50_top1_accuracy: 0.6630006067961165
  simclr_svhn_resnet50_top5_accuracy: 0.8035497572815534

2024-05-23 20:53:51,869 - INFO - Epoch 79/100
2024-05-23 20:56:55,669 - INFO - Train Stats
Loss:
  total: 3.9166960933833446
Metrics:
  simclr_svhn_resnet50_top1_accuracy: 0.6830855582524272
  simclr_svhn_resnet50_top5_accuracy: 0.813963895631068

2024-05-23 20:56:55,670 - INFO - Epoch 80/100
2024-05-23 21:00:00,717 - INFO - Train Stats
Loss:
  total: 3.9350726826677045
Metrics:
  simclr_svhn_resnet50_top1_accuracy: 0.6607858009708738
  simclr_svhn_resnet50_top5_accuracy: 0.8028974514563106

2024-05-23 21:00:00,718 - INFO - Epoch 81/100
2024-05-23 21:03:06,782 - INFO - Train Stats
Loss:
  total: 3.9273682316530096
Metrics:
  simclr_svhn_resnet50_top1_accuracy: 0.6661559466019418
  simclr_svhn_resnet50_top5_accuracy: 0.8085027305825243

2024-05-23 21:03:06,783 - INFO - Epoch 82/100
2024-05-23 21:06:12,340 - INFO - Train Stats
Loss:
  total: 3.9234864716390963
Metrics:
  simclr_svhn_resnet50_top1_accuracy: 0.6671192354368932
  simclr_svhn_resnet50_top5_accuracy: 0.8109450849514563

2024-05-23 21:06:12,341 - INFO - Epoch 83/100
2024-05-23 21:09:17,544 - INFO - Train Stats
Loss:
  total: 3.9348791881672387
Metrics:
  simclr_svhn_resnet50_top1_accuracy: 0.6649954490291262
  simclr_svhn_resnet50_top5_accuracy: 0.7996662621359223

2024-05-23 21:09:17,544 - INFO - Epoch 84/100
2024-05-23 21:12:21,552 - INFO - Train Stats
Loss:
  total: 3.92414519161854
Metrics:
  simclr_svhn_resnet50_top1_accuracy: 0.6683404126213592
  simclr_svhn_resnet50_top5_accuracy: 0.8096632281553398

2024-05-23 21:12:21,553 - INFO - Epoch 85/100
2024-05-23 21:15:25,851 - INFO - Train Stats
Loss:
  total: 3.931450268828753
Metrics:
  simclr_svhn_resnet50_top1_accuracy: 0.6709799757281554
  simclr_svhn_resnet50_top5_accuracy: 0.8044902912621359

2024-05-23 21:15:25,852 - INFO - Epoch 86/100
2024-05-23 21:18:30,587 - INFO - Train Stats
Loss:
  total: 3.90528024284585
Metrics:
  simclr_svhn_resnet50_top1_accuracy: 0.6943947208737864
  simclr_svhn_resnet50_top5_accuracy: 0.8226334951456311

2024-05-23 21:18:33,748 - INFO - Epoch 87/100
2024-05-23 21:21:38,654 - INFO - Train Stats
Loss:
  total: 3.9275278725670377
Metrics:
  simclr_svhn_resnet50_top1_accuracy: 0.6693188713592233
  simclr_svhn_resnet50_top5_accuracy: 0.8088516383495146

2024-05-23 21:21:38,655 - INFO - Epoch 88/100
2024-05-23 21:24:43,204 - INFO - Train Stats
Loss:
  total: 3.916943476963969
Metrics:
  simclr_svhn_resnet50_top1_accuracy: 0.6870449029126213
  simclr_svhn_resnet50_top5_accuracy: 0.8145934466019418

2024-05-23 21:24:43,205 - INFO - Epoch 89/100
2024-05-23 21:27:48,139 - INFO - Train Stats
Loss:
  total: 3.907911238624054
Metrics:
  simclr_svhn_resnet50_top1_accuracy: 0.6918992718446602
  simclr_svhn_resnet50_top5_accuracy: 0.8208358616504854

2024-05-23 21:27:48,140 - INFO - Epoch 90/100
2024-05-23 21:30:54,764 - INFO - Train Stats
Loss:
  total: 3.928594296186873
Metrics:
  simclr_svhn_resnet50_top1_accuracy: 0.6728307038834952
  simclr_svhn_resnet50_top5_accuracy: 0.8092839805825243

2024-05-23 21:30:57,988 - INFO - Epoch 91/100
2024-05-23 21:34:02,755 - INFO - Train Stats
Loss:
  total: 3.9192492651707918
Metrics:
  simclr_svhn_resnet50_top1_accuracy: 0.6807493932038835
  simclr_svhn_resnet50_top5_accuracy: 0.8132129854368932

2024-05-23 21:34:02,756 - INFO - Epoch 92/100
2024-05-23 21:37:07,389 - INFO - Train Stats
Loss:
  total: 3.927421717504853
Metrics:
  simclr_svhn_resnet50_top1_accuracy: 0.6771617111650485
  simclr_svhn_resnet50_top5_accuracy: 0.8087606189320389

2024-05-23 21:37:07,390 - INFO - Epoch 93/100
2024-05-23 21:40:12,652 - INFO - Train Stats
Loss:
  total: 3.932807067759986
Metrics:
  simclr_svhn_resnet50_top1_accuracy: 0.6745449029126214
  simclr_svhn_resnet50_top5_accuracy: 0.8024802791262136

2024-05-23 21:40:12,653 - INFO - Epoch 94/100
2024-05-23 21:43:17,938 - INFO - Train Stats
Loss:
  total: 3.9047985373191465
Metrics:
  simclr_svhn_resnet50_top1_accuracy: 0.695069781553398
  simclr_svhn_resnet50_top5_accuracy: 0.8218598300970874

2024-05-23 21:43:21,073 - INFO - Epoch 95/100
2024-05-23 21:46:25,939 - INFO - Train Stats
Loss:
  total: 3.906847649176144
Metrics:
  simclr_svhn_resnet50_top1_accuracy: 0.6969811893203883
  simclr_svhn_resnet50_top5_accuracy: 0.8230885922330097

2024-05-23 21:46:25,941 - INFO - Epoch 96/100
2024-05-23 21:49:29,990 - INFO - Train Stats
Loss:
  total: 3.917752530273882
Metrics:
  simclr_svhn_resnet50_top1_accuracy: 0.6829414441747573
  simclr_svhn_resnet50_top5_accuracy: 0.8147223907766991

2024-05-23 21:49:29,991 - INFO - Epoch 97/100
2024-05-23 21:52:33,863 - INFO - Train Stats
Loss:
  total: 3.9080581303939077
Metrics:
  simclr_svhn_resnet50_top1_accuracy: 0.6905719053398058
  simclr_svhn_resnet50_top5_accuracy: 0.8203883495145631

2024-05-23 21:52:33,864 - INFO - Epoch 98/100
2024-05-23 21:55:38,643 - INFO - Train Stats
Loss:
  total: 3.9134297259802957
Metrics:
  simclr_svhn_resnet50_top1_accuracy: 0.6841398665048544
  simclr_svhn_resnet50_top5_accuracy: 0.8182721480582524

2024-05-23 21:55:38,644 - INFO - Epoch 99/100
2024-05-23 21:58:43,661 - INFO - Train Stats
Loss:
  total: 3.9151450041428353
Metrics:
  simclr_svhn_resnet50_top1_accuracy: 0.687742718446602
  simclr_svhn_resnet50_top5_accuracy: 0.8137591019417476

2024-05-23 21:58:43,662 - INFO - Epoch 100/100
2024-05-23 22:01:48,659 - INFO - Train Stats
Loss:
  total: 3.9143513864683874
Metrics:
  simclr_svhn_resnet50_top1_accuracy: 0.6868552791262136
  simclr_svhn_resnet50_top5_accuracy: 0.8166793082524272

2024-05-23 22:01:51,922 - INFO - Best train loss: 3.9047985373191465
2024-05-23 22:01:53,853 - INFO - Best model saved to /home/up201905337/exploring-label-efficiency/weights/simclr_svhn_resnet50_pretrained.pth
2024-05-23 22:01:53,857 - INFO - Training took 18735.118462324142 seconds to complete
