2024-06-27 13:53:06,258 - INFO - Loading configuration files...
2024-06-27 13:53:06,532 - INFO - Loading model configuration
args:
  num_classes: 10
class: ResNet50

2024-06-27 13:53:08,998 - INFO - Loading train_dataset configuration
args:
  root: ./data/
  train_val_split: 0.9
class: SVHN

2024-06-27 13:53:10,683 - INFO - Loading val_dataset configuration
args:
  root: ./data/
  train_val_split: 0.9
class: SVHN

2024-06-27 13:53:10,695 - INFO - Loading optimizer configuration
args:
  lr: 0.001
class: Adam

2024-06-27 13:53:10,697 - INFO - Loading loss configuration
args: {}
class: CrossEntropyLoss

2024-06-27 13:53:10,726 - INFO - Loading metrics configuration
svhn_top1_accuracy:
  args:
    num_classes: 10
    task: multiclass
    top_k: 1
  class: Accuracy
svhn_top5_accuracy:
  args:
    num_classes: 10
    task: multiclass
    top_k: 5
  class: Accuracy

2024-06-27 13:53:10,726 - INFO - Loading hyperparameters configuration
batch_size: 128
ema_decay: null
epochs: 100
num_workers: 4
save_freq: 30

2024-06-27 13:53:11,131 - INFO - Using device: cuda
2024-06-27 13:53:11,588 - INFO - Training for 100 epochs
2024-06-27 13:53:11,588 - INFO - Epoch 1/100
2024-06-27 13:53:28,657 - INFO - Train Stats
Loss:
  total: 1.900890899721042
Metrics:
  svhn_top1_accuracy: 0.37711691775525263
  svhn_top5_accuracy: 0.7918689989073332

2024-06-27 13:53:29,448 - INFO - Validation Stats
Loss:
  total: 1.2466194074729393
Metrics:
  svhn_top1_accuracy: 0.6215068245756215
  svhn_top5_accuracy: 0.9271551720027266

2024-06-27 13:53:30,174 - INFO - Epoch 2/100
2024-06-27 13:53:40,283 - INFO - Train Stats
Loss:
  total: 1.2687183292799218
Metrics:
  svhn_top1_accuracy: 0.5988853836590929
  svhn_top5_accuracy: 0.9189033320014791

2024-06-27 13:53:40,963 - INFO - Validation Stats
Loss:
  total: 1.6524467879328235
Metrics:
  svhn_top1_accuracy: 0.46790589083885326
  svhn_top5_accuracy: 0.8855693247811548

2024-06-27 13:53:40,963 - INFO - Epoch 3/100
2024-06-27 13:53:51,687 - INFO - Train Stats
Loss:
  total: 0.9975341092939525
Metrics:
  svhn_top1_accuracy: 0.683630913033966
  svhn_top5_accuracy: 0.9466049485197363

2024-06-27 13:53:52,423 - INFO - Validation Stats
Loss:
  total: 0.6325616523109633
Metrics:
  svhn_top1_accuracy: 0.7961206898607057
  svhn_top5_accuracy: 0.9765625

2024-06-27 13:53:53,175 - INFO - Epoch 4/100
2024-06-27 13:54:03,589 - INFO - Train Stats
Loss:
  total: 0.7658793192732242
Metrics:
  svhn_top1_accuracy: 0.7600147550882295
  svhn_top5_accuracy: 0.9627392199612403

2024-06-27 13:54:04,486 - INFO - Validation Stats
Loss:
  total: 0.6303119762190457
Metrics:
  svhn_top1_accuracy: 0.7971354168036888
  svhn_top5_accuracy: 0.9762931034482759

2024-06-27 13:54:05,475 - INFO - Epoch 5/100
2024-06-27 13:54:15,986 - INFO - Train Stats
Loss:
  total: 0.6578796357493992
Metrics:
  svhn_top1_accuracy: 0.8020365354280139
  svhn_top5_accuracy: 0.9727071772019068

2024-06-27 13:54:16,770 - INFO - Validation Stats
Loss:
  total: 0.5810488724503023
Metrics:
  svhn_top1_accuracy: 0.8147449709218124
  svhn_top5_accuracy: 0.9762931034482759

2024-06-27 13:54:17,536 - INFO - Epoch 6/100
2024-06-27 13:54:28,047 - INFO - Train Stats
Loss:
  total: 0.766377056407374
Metrics:
  svhn_top1_accuracy: 0.7698340600775194
  svhn_top5_accuracy: 0.9628603439922481

2024-06-27 13:54:28,735 - INFO - Validation Stats
Loss:
  total: 0.41103514052670576
Metrics:
  svhn_top1_accuracy: 0.8727370685544508
  svhn_top5_accuracy: 0.986260775862069

2024-06-27 13:54:29,480 - INFO - Epoch 7/100
2024-06-27 13:54:39,870 - INFO - Train Stats
Loss:
  total: 0.46858633035259656
Metrics:
  svhn_top1_accuracy: 0.857408110947572
  svhn_top5_accuracy: 0.9811652131782945

2024-06-27 13:54:40,673 - INFO - Validation Stats
Loss:
  total: 0.6227862331373938
Metrics:
  svhn_top1_accuracy: 0.7993265082096231
  svhn_top5_accuracy: 0.9700610627388132

2024-06-27 13:54:40,673 - INFO - Epoch 8/100
2024-06-27 13:54:50,980 - INFO - Train Stats
Loss:
  total: 0.8672117075716802
Metrics:
  svhn_top1_accuracy: 0.74901724369951
  svhn_top5_accuracy: 0.9565371190623719

2024-06-27 13:54:51,726 - INFO - Validation Stats
Loss:
  total: 0.6177841728103572
Metrics:
  svhn_top1_accuracy: 0.8331986347149158
  svhn_top5_accuracy: 0.9810075431034483

2024-06-27 13:54:51,726 - INFO - Epoch 9/100
2024-06-27 13:55:02,135 - INFO - Train Stats
Loss:
  total: 0.5508724899255029
Metrics:
  svhn_top1_accuracy: 0.8340050211941549
  svhn_top5_accuracy: 0.9775012112403101

2024-06-27 13:55:02,855 - INFO - Validation Stats
Loss:
  total: 0.605025607450255
Metrics:
  svhn_top1_accuracy: 0.8587284478647955
  svhn_top5_accuracy: 0.9878771551724138

2024-06-27 13:55:02,855 - INFO - Epoch 10/100
2024-06-27 13:55:13,629 - INFO - Train Stats
Loss:
  total: 1.1095052640451941
Metrics:
  svhn_top1_accuracy: 0.6609201572200124
  svhn_top5_accuracy: 0.9313529554263565

2024-06-27 13:55:14,273 - INFO - Validation Stats
Loss:
  total: 0.9053058408457657
Metrics:
  svhn_top1_accuracy: 0.7772270112202085
  svhn_top5_accuracy: 0.971542743773296

2024-06-27 13:55:14,273 - INFO - Epoch 11/100
2024-06-27 13:55:24,855 - INFO - Train Stats
Loss:
  total: 0.6207906335823296
Metrics:
  svhn_top1_accuracy: 0.8084327101476433
  svhn_top5_accuracy: 0.9725254911553952

2024-06-27 13:55:25,502 - INFO - Validation Stats
Loss:
  total: 0.38643310244741114
Metrics:
  svhn_top1_accuracy: 0.882067169608741
  svhn_top5_accuracy: 0.9842043817043304

2024-06-27 13:55:26,349 - INFO - Epoch 12/100
2024-06-27 13:55:36,617 - INFO - Train Stats
Loss:
  total: 0.4232298899875131
Metrics:
  svhn_top1_accuracy: 0.8674916865289674
  svhn_top5_accuracy: 0.9836331153100775

2024-06-27 13:55:37,479 - INFO - Validation Stats
Loss:
  total: 0.986797034740448
Metrics:
  svhn_top1_accuracy: 0.8548221978647955
  svhn_top5_accuracy: 0.9886494248077787

2024-06-27 13:55:37,479 - INFO - Epoch 13/100
2024-06-27 13:55:48,348 - INFO - Train Stats
Loss:
  total: 0.4480624895167443
Metrics:
  svhn_top1_accuracy: 0.8682583465363628
  svhn_top5_accuracy: 0.9830330008453176

2024-06-27 13:55:49,120 - INFO - Validation Stats
Loss:
  total: 0.3513918113091896
Metrics:
  svhn_top1_accuracy: 0.8894755747811548
  svhn_top5_accuracy: 0.9881106317043304

2024-06-27 13:55:49,944 - INFO - Epoch 14/100
2024-06-27 13:56:00,587 - INFO - Train Stats
Loss:
  total: 0.38097840755484824
Metrics:
  svhn_top1_accuracy: 0.8844462980249131
  svhn_top5_accuracy: 0.9861918604651163

2024-06-27 13:56:01,434 - INFO - Validation Stats
Loss:
  total: 0.324126266199967
Metrics:
  svhn_top1_accuracy: 0.8995420254510025
  svhn_top5_accuracy: 0.989188217911227

2024-06-27 13:56:02,222 - INFO - Epoch 15/100
2024-06-27 13:56:12,765 - INFO - Train Stats
Loss:
  total: 0.3506822804956473
Metrics:
  svhn_top1_accuracy: 0.8953460844219193
  svhn_top5_accuracy: 0.9876866411100063

2024-06-27 13:56:13,518 - INFO - Validation Stats
Loss:
  total: 0.32857712538077916
Metrics:
  svhn_top1_accuracy: 0.8996138644629511
  svhn_top5_accuracy: 0.9887841230836408

2024-06-27 13:56:13,518 - INFO - Epoch 16/100
2024-06-27 13:56:23,701 - INFO - Train Stats
Loss:
  total: 0.36914633973970895
Metrics:
  svhn_top1_accuracy: 0.889631232434465
  svhn_top5_accuracy: 0.9865304572406666

2024-06-27 13:56:24,467 - INFO - Validation Stats
Loss:
  total: 0.2957417695172902
Metrics:
  svhn_top1_accuracy: 0.910317887519968
  svhn_top5_accuracy: 0.9908045972215718

2024-06-27 13:56:25,237 - INFO - Epoch 17/100
2024-06-27 13:56:35,883 - INFO - Train Stats
Loss:
  total: 0.3101123820326125
Metrics:
  svhn_top1_accuracy: 0.9088142508453176
  svhn_top5_accuracy: 0.9893410852713178

2024-06-27 13:56:36,609 - INFO - Validation Stats
Loss:
  total: 0.26043828319886636
Metrics:
  svhn_top1_accuracy: 0.9210578305967922
  svhn_top5_accuracy: 0.9918821834284683

2024-06-27 13:56:37,378 - INFO - Epoch 18/100
2024-06-27 13:56:47,527 - INFO - Train Stats
Loss:
  total: 0.4001291231216155
Metrics:
  svhn_top1_accuracy: 0.8919270833333334
  svhn_top5_accuracy: 0.9866157945736435

2024-06-27 13:56:48,301 - INFO - Validation Stats
Loss:
  total: 0.2839746657630493
Metrics:
  svhn_top1_accuracy: 0.9135865661604651
  svhn_top5_accuracy: 0.9907058189655172

2024-06-27 13:56:48,301 - INFO - Epoch 19/100
2024-06-27 13:56:58,454 - INFO - Train Stats
Loss:
  total: 0.43089977485784725
Metrics:
  svhn_top1_accuracy: 0.8766035170171612
  svhn_top5_accuracy: 0.9824273806902789

2024-06-27 13:56:59,217 - INFO - Validation Stats
Loss:
  total: 2.2193684680708525
Metrics:
  svhn_top1_accuracy: 0.7160111347149158
  svhn_top5_accuracy: 0.9528556034482759

2024-06-27 13:56:59,217 - INFO - Epoch 20/100
2024-06-27 13:57:09,247 - INFO - Train Stats
Loss:
  total: 0.5141832321420197
Metrics:
  svhn_top1_accuracy: 0.8529113812964092
  svhn_top5_accuracy: 0.9802677942107815

2024-06-27 13:57:10,040 - INFO - Validation Stats
Loss:
  total: 0.34536077467531995
Metrics:
  svhn_top1_accuracy: 0.8964798851259823
  svhn_top5_accuracy: 0.9889547413793104

2024-06-27 13:57:10,041 - INFO - Epoch 21/100
2024-06-27 13:57:20,780 - INFO - Train Stats
Loss:
  total: 0.5528241858001828
Metrics:
  svhn_top1_accuracy: 0.8384976216064867
  svhn_top5_accuracy: 0.9765680056902789

2024-06-27 13:57:21,485 - INFO - Validation Stats
Loss:
  total: 0.39069776262702616
Metrics:
  svhn_top1_accuracy: 0.8779903013130714
  svhn_top5_accuracy: 0.9873383620689655

2024-06-27 13:57:21,485 - INFO - Epoch 22/100
2024-06-27 13:57:31,926 - INFO - Train Stats
Loss:
  total: 0.36598532314794935
Metrics:
  svhn_top1_accuracy: 0.8882341768390448
  svhn_top5_accuracy: 0.9862427876670231

2024-06-27 13:57:32,616 - INFO - Validation Stats
Loss:
  total: 0.30158653739711333
Metrics:
  svhn_top1_accuracy: 0.9102550282560545
  svhn_top5_accuracy: 0.9899964075663994

2024-06-27 13:57:32,616 - INFO - Epoch 23/100
2024-06-27 13:57:42,513 - INFO - Train Stats
Loss:
  total: 0.3079682568651299
Metrics:
  svhn_top1_accuracy: 0.907190087691758
  svhn_top5_accuracy: 0.9891593992248062

2024-06-27 13:57:43,248 - INFO - Validation Stats
Loss:
  total: 0.2698351077992341
Metrics:
  svhn_top1_accuracy: 0.9157417385742582
  svhn_top5_accuracy: 0.9913433903250201

2024-06-27 13:57:43,248 - INFO - Epoch 24/100
2024-06-27 13:57:53,673 - INFO - Train Stats
Loss:
  total: 0.2732545579097761
Metrics:
  svhn_top1_accuracy: 0.9187918428995813
  svhn_top5_accuracy: 0.9908551356589147

2024-06-27 13:57:54,461 - INFO - Validation Stats
Loss:
  total: 0.27105799343051584
Metrics:
  svhn_top1_accuracy: 0.9165499282294306
  svhn_top5_accuracy: 0.9906698989457098

2024-06-27 13:57:54,461 - INFO - Epoch 25/100
2024-06-27 13:58:04,520 - INFO - Train Stats
Loss:
  total: 0.2539177661429542
Metrics:
  svhn_top1_accuracy: 0.9251453488372093
  svhn_top5_accuracy: 0.9915667393410853

2024-06-27 13:58:05,243 - INFO - Validation Stats
Loss:
  total: 0.25368159880925867
Metrics:
  svhn_top1_accuracy: 0.9261494248077787
  svhn_top5_accuracy: 0.9902658041181236

2024-06-27 13:58:06,035 - INFO - Epoch 26/100
2024-06-27 13:58:16,223 - INFO - Train Stats
Loss:
  total: 0.2489498703516731
Metrics:
  svhn_top1_accuracy: 0.9269635857537736
  svhn_top5_accuracy: 0.9918599146050077

2024-06-27 13:58:17,093 - INFO - Validation Stats
Loss:
  total: 0.31562656061402683
Metrics:
  svhn_top1_accuracy: 0.8970186782294306
  svhn_top5_accuracy: 0.9908045972215718

2024-06-27 13:58:17,093 - INFO - Epoch 27/100
2024-06-27 13:58:27,396 - INFO - Train Stats
Loss:
  total: 0.2520123953793862
Metrics:
  svhn_top1_accuracy: 0.9270035015751225
  svhn_top5_accuracy: 0.992162724682527

2024-06-27 13:58:28,246 - INFO - Validation Stats
Loss:
  total: 0.2731255714235635
Metrics:
  svhn_top1_accuracy: 0.9141253592639134
  svhn_top5_accuracy: 0.991073993773296

2024-06-27 13:58:28,246 - INFO - Epoch 28/100
2024-06-27 13:58:38,922 - INFO - Train Stats
Loss:
  total: 0.47416598941091187
Metrics:
  svhn_top1_accuracy: 0.8661428052325582
  svhn_top5_accuracy: 0.9831789001937985

2024-06-27 13:58:39,662 - INFO - Validation Stats
Loss:
  total: 0.274404838681221
Metrics:
  svhn_top1_accuracy: 0.9149964081829992
  svhn_top5_accuracy: 0.9917834051724138

2024-06-27 13:58:39,662 - INFO - Epoch 29/100
2024-06-27 13:58:50,241 - INFO - Train Stats
Loss:
  total: 0.275282433660802
Metrics:
  svhn_top1_accuracy: 0.9186308029317116
  svhn_top5_accuracy: 0.991193732434465

2024-06-27 13:58:51,073 - INFO - Validation Stats
Loss:
  total: 0.31888588389445993
Metrics:
  svhn_top1_accuracy: 0.9088362064854852
  svhn_top5_accuracy: 0.9900323275862069

2024-06-27 13:58:51,074 - INFO - Epoch 30/100
2024-06-27 13:59:01,636 - INFO - Train Stats
Loss:
  total: 0.2845841175479482
Metrics:
  svhn_top1_accuracy: 0.9158711019874544
  svhn_top5_accuracy: 0.9909005571705426

2024-06-27 13:59:02,399 - INFO - Validation Stats
Loss:
  total: 0.2715805894855795
Metrics:
  svhn_top1_accuracy: 0.916244611657899
  svhn_top5_accuracy: 0.990301724137931

2024-06-27 13:59:03,067 - INFO - Epoch 31/100
2024-06-27 13:59:13,049 - INFO - Train Stats
Loss:
  total: 0.24911455862050833
Metrics:
  svhn_top1_accuracy: 0.9271191200313642
  svhn_top5_accuracy: 0.9917332848837209

2024-06-27 13:59:13,855 - INFO - Validation Stats
Loss:
  total: 0.24054411773023934
Metrics:
  svhn_top1_accuracy: 0.9285380747811548
  svhn_top5_accuracy: 0.9916127868767443

2024-06-27 13:59:14,679 - INFO - Epoch 32/100
2024-06-27 13:59:25,357 - INFO - Train Stats
Loss:
  total: 0.2215690519083147
Metrics:
  svhn_top1_accuracy: 0.9347499339848526
  svhn_top5_accuracy: 0.9930050872093024

2024-06-27 13:59:26,030 - INFO - Validation Stats
Loss:
  total: 0.23169238146009116
Metrics:
  svhn_top1_accuracy: 0.931869611657899
  svhn_top5_accuracy: 0.9932650862068966

2024-06-27 13:59:26,796 - INFO - Epoch 33/100
2024-06-27 13:59:36,718 - INFO - Train Stats
Loss:
  total: 0.21318309912241476
Metrics:
  svhn_top1_accuracy: 0.9380560694045799
  svhn_top5_accuracy: 0.9938075339147286

2024-06-27 13:59:37,409 - INFO - Validation Stats
Loss:
  total: 0.23613193849551267
Metrics:
  svhn_top1_accuracy: 0.9301544540914995
  svhn_top5_accuracy: 0.9931303879310345

2024-06-27 13:59:37,409 - INFO - Epoch 34/100
2024-06-27 13:59:48,744 - INFO - Train Stats
Loss:
  total: 0.29197725612496916
Metrics:
  svhn_top1_accuracy: 0.9172626520081084
  svhn_top5_accuracy: 0.9911180299150851

2024-06-27 13:59:49,484 - INFO - Validation Stats
Loss:
  total: 0.29781463767947824
Metrics:
  svhn_top1_accuracy: 0.9097790944165197
  svhn_top5_accuracy: 0.990167025862069

2024-06-27 13:59:49,484 - INFO - Epoch 35/100
2024-06-27 13:59:59,949 - INFO - Train Stats
Loss:
  total: 0.2521141662240721
Metrics:
  svhn_top1_accuracy: 0.9261749031007752
  svhn_top5_accuracy: 0.9924448885658915

2024-06-27 14:00:00,729 - INFO - Validation Stats
Loss:
  total: 0.22812175249745106
Metrics:
  svhn_top1_accuracy: 0.9321390082096231
  svhn_top5_accuracy: 0.9931303879310345

2024-06-27 14:00:01,506 - INFO - Epoch 36/100
2024-06-27 14:00:12,187 - INFO - Train Stats
Loss:
  total: 0.20235348299376724
Metrics:
  svhn_top1_accuracy: 0.9406946463178295
  svhn_top5_accuracy: 0.9940649224806202

2024-06-27 14:00:12,919 - INFO - Validation Stats
Loss:
  total: 0.23494878000226513
Metrics:
  svhn_top1_accuracy: 0.9306932471949478
  svhn_top5_accuracy: 0.9927262931034483

2024-06-27 14:00:12,919 - INFO - Epoch 37/100
2024-06-27 14:00:23,493 - INFO - Train Stats
Loss:
  total: 0.190413995277743
Metrics:
  svhn_top1_accuracy: 0.9447578070468681
  svhn_top5_accuracy: 0.9947462451550387

2024-06-27 14:00:24,241 - INFO - Validation Stats
Loss:
  total: 0.2231646218690379
Metrics:
  svhn_top1_accuracy: 0.9321390082096231
  svhn_top5_accuracy: 0.9936691810344828

2024-06-27 14:00:25,008 - INFO - Epoch 38/100
2024-06-27 14:00:35,714 - INFO - Train Stats
Loss:
  total: 0.21377883528092112
Metrics:
  svhn_top1_accuracy: 0.9381510416666666
  svhn_top5_accuracy: 0.9935198643410853

2024-06-27 14:00:36,470 - INFO - Validation Stats
Loss:
  total: 0.2284872642364995
Metrics:
  svhn_top1_accuracy: 0.9320402299535686
  svhn_top5_accuracy: 0.9929956896551724

2024-06-27 14:00:36,470 - INFO - Epoch 39/100
2024-06-27 14:00:46,910 - INFO - Train Stats
Loss:
  total: 0.19013993421482833
Metrics:
  svhn_top1_accuracy: 0.9451266847146574
  svhn_top5_accuracy: 0.9944090248309365

2024-06-27 14:00:47,735 - INFO - Validation Stats
Loss:
  total: 0.2298835488999712
Metrics:
  svhn_top1_accuracy: 0.9335219109880513
  svhn_top5_accuracy: 0.9931303879310345

2024-06-27 14:00:47,735 - INFO - Epoch 40/100
2024-06-27 14:00:58,170 - INFO - Train Stats
Loss:
  total: 0.179551181026063
Metrics:
  svhn_top1_accuracy: 0.9477198401162791
  svhn_top5_accuracy: 0.9952004602713178

2024-06-27 14:00:58,896 - INFO - Validation Stats
Loss:
  total: 0.23005581518699383
Metrics:
  svhn_top1_accuracy: 0.9329831178846031
  svhn_top5_accuracy: 0.993094467911227

2024-06-27 14:00:58,896 - INFO - Epoch 41/100
2024-06-27 14:01:09,008 - INFO - Train Stats
Loss:
  total: 0.17228594582253534
Metrics:
  svhn_top1_accuracy: 0.9496578246124031
  svhn_top5_accuracy: 0.9956546753875969

2024-06-27 14:01:09,686 - INFO - Validation Stats
Loss:
  total: 0.2156569162576363
Metrics:
  svhn_top1_accuracy: 0.9379669540914995
  svhn_top5_accuracy: 0.9932650862068966

2024-06-27 14:01:10,519 - INFO - Epoch 42/100
2024-06-27 14:01:21,309 - INFO - Train Stats
Loss:
  total: 0.17280362397360133
Metrics:
  svhn_top1_accuracy: 0.9494761385658915
  svhn_top5_accuracy: 0.9958969234496124

2024-06-27 14:01:22,005 - INFO - Validation Stats
Loss:
  total: 0.22604128397230444
Metrics:
  svhn_top1_accuracy: 0.9321390082096231
  svhn_top5_accuracy: 0.994073275862069

2024-06-27 14:01:22,005 - INFO - Epoch 43/100
2024-06-27 14:01:32,789 - INFO - Train Stats
Loss:
  total: 0.1860566488936428
Metrics:
  svhn_top1_accuracy: 0.9446311773255814
  svhn_top5_accuracy: 0.9953972868217055

2024-06-27 14:01:33,505 - INFO - Validation Stats
Loss:
  total: 0.2238856534762629
Metrics:
  svhn_top1_accuracy: 0.9356770834018444
  svhn_top5_accuracy: 0.9936332610146753

2024-06-27 14:01:33,505 - INFO - Epoch 44/100
2024-06-27 14:01:43,724 - INFO - Train Stats
Loss:
  total: 0.16366753847403234
Metrics:
  svhn_top1_accuracy: 0.9531153651864029
  svhn_top5_accuracy: 0.9963662790697675

2024-06-27 14:01:44,533 - INFO - Validation Stats
Loss:
  total: 0.22894440861097698
Metrics:
  svhn_top1_accuracy: 0.9372934627121893
  svhn_top5_accuracy: 0.9927262931034483

2024-06-27 14:01:44,533 - INFO - Epoch 45/100
2024-06-27 14:01:55,438 - INFO - Train Stats
Loss:
  total: 0.16931851188717192
Metrics:
  svhn_top1_accuracy: 0.9510658914728682
  svhn_top5_accuracy: 0.9961391715116279

2024-06-27 14:01:56,191 - INFO - Validation Stats
Loss:
  total: 0.22028428431728792
Metrics:
  svhn_top1_accuracy: 0.9382363506432237
  svhn_top5_accuracy: 0.9928250713595028

2024-06-27 14:01:56,191 - INFO - Epoch 46/100
2024-06-27 14:02:06,347 - INFO - Train Stats
Loss:
  total: 0.15081470858625157
Metrics:
  svhn_top1_accuracy: 0.9563499273255814
  svhn_top5_accuracy: 0.9969264777131783

2024-06-27 14:02:07,080 - INFO - Validation Stats
Loss:
  total: 0.22727980272009454
Metrics:
  svhn_top1_accuracy: 0.9362158765052927
  svhn_top5_accuracy: 0.9925556748077787

2024-06-27 14:02:07,080 - INFO - Epoch 47/100
2024-06-27 14:02:17,017 - INFO - Train Stats
Loss:
  total: 0.22527462822320157
Metrics:
  svhn_top1_accuracy: 0.9341140328220618
  svhn_top5_accuracy: 0.9935804263565892

2024-06-27 14:02:17,724 - INFO - Validation Stats
Loss:
  total: 0.24455616147867565
Metrics:
  svhn_top1_accuracy: 0.9293821834284683
  svhn_top5_accuracy: 0.9935344827586207

2024-06-27 14:02:17,724 - INFO - Epoch 48/100
2024-06-27 14:02:28,140 - INFO - Train Stats
Loss:
  total: 0.17050553972710125
Metrics:
  svhn_top1_accuracy: 0.950187742248062
  svhn_top5_accuracy: 0.9958515019379846

2024-06-27 14:02:28,815 - INFO - Validation Stats
Loss:
  total: 0.21633461824265018
Metrics:
  svhn_top1_accuracy: 0.9380657323475542
  svhn_top5_accuracy: 0.9936691810344828

2024-06-27 14:02:28,815 - INFO - Epoch 49/100
2024-06-27 14:02:38,840 - INFO - Train Stats
Loss:
  total: 0.14425506993998274
Metrics:
  svhn_top1_accuracy: 0.9577332188685735
  svhn_top5_accuracy: 0.9973049903100775

2024-06-27 14:02:39,580 - INFO - Validation Stats
Loss:
  total: 0.221953506228225
Metrics:
  svhn_top1_accuracy: 0.9363146547613472
  svhn_top5_accuracy: 0.9938038793103449

2024-06-27 14:02:39,580 - INFO - Epoch 50/100
2024-06-27 14:02:49,637 - INFO - Train Stats
Loss:
  total: 0.14134437709960135
Metrics:
  svhn_top1_accuracy: 0.9592679153348125
  svhn_top5_accuracy: 0.9971233042635659

2024-06-27 14:02:50,300 - INFO - Validation Stats
Loss:
  total: 0.23637666835867124
Metrics:
  svhn_top1_accuracy: 0.9344288788992783
  svhn_top5_accuracy: 0.9921515799801925

2024-06-27 14:02:50,300 - INFO - Epoch 51/100
2024-06-27 14:03:00,459 - INFO - Train Stats
Loss:
  total: 0.14629791599613534
Metrics:
  svhn_top1_accuracy: 0.9573189195736435
  svhn_top5_accuracy: 0.997077882751938

2024-06-27 14:03:01,137 - INFO - Validation Stats
Loss:
  total: 0.22348866855789876
Metrics:
  svhn_top1_accuracy: 0.9391792385742582
  svhn_top5_accuracy: 0.9933997844827587

2024-06-27 14:03:01,137 - INFO - Epoch 52/100
2024-06-27 14:03:11,394 - INFO - Train Stats
Loss:
  total: 0.13110338107054664
Metrics:
  svhn_top1_accuracy: 0.962392364823541
  svhn_top5_accuracy: 0.9978954699612403

2024-06-27 14:03:12,052 - INFO - Validation Stats
Loss:
  total: 0.22264655820768456
Metrics:
  svhn_top1_accuracy: 0.938775143746672
  svhn_top5_accuracy: 0.9913793103448276

2024-06-27 14:03:12,052 - INFO - Epoch 53/100
2024-06-27 14:03:22,582 - INFO - Train Stats
Loss:
  total: 0.13718956902031174
Metrics:
  svhn_top1_accuracy: 0.9604736500701239
  svhn_top5_accuracy: 0.9978500484496124

2024-06-27 14:03:23,233 - INFO - Validation Stats
Loss:
  total: 0.2695112838570414
Metrics:
  svhn_top1_accuracy: 0.9404903013130714
  svhn_top5_accuracy: 0.9936691810344828

2024-06-27 14:03:23,233 - INFO - Epoch 54/100
2024-06-27 14:03:33,505 - INFO - Train Stats
Loss:
  total: 0.12288068567020025
Metrics:
  svhn_top1_accuracy: 0.963819701426713
  svhn_top5_accuracy: 0.9978954699612403

2024-06-27 14:03:34,341 - INFO - Validation Stats
Loss:
  total: 0.24551980557112857
Metrics:
  svhn_top1_accuracy: 0.9412984909682438
  svhn_top5_accuracy: 0.9938038793103449

2024-06-27 14:03:34,341 - INFO - Epoch 55/100
2024-06-27 14:03:44,483 - INFO - Train Stats
Loss:
  total: 0.12433090205340422
Metrics:
  svhn_top1_accuracy: 0.9636283804510914
  svhn_top5_accuracy: 0.998046875

2024-06-27 14:03:45,223 - INFO - Validation Stats
Loss:
  total: 0.3089877288660099
Metrics:
  svhn_top1_accuracy: 0.9367187495889335
  svhn_top5_accuracy: 0.9933997844827587

2024-06-27 14:03:45,223 - INFO - Epoch 56/100
2024-06-27 14:03:55,508 - INFO - Train Stats
Loss:
  total: 0.12304521582536977
Metrics:
  svhn_top1_accuracy: 0.9637536337209303
  svhn_top5_accuracy: 0.9978954699612403

2024-06-27 14:03:56,181 - INFO - Validation Stats
Loss:
  total: 0.2607617222800337
Metrics:
  svhn_top1_accuracy: 0.9374281609880513
  svhn_top5_accuracy: 0.9914780886008822

2024-06-27 14:03:56,181 - INFO - Epoch 57/100
2024-06-27 14:04:06,429 - INFO - Train Stats
Loss:
  total: 0.11888268857638445
Metrics:
  svhn_top1_accuracy: 0.9646015019379846
  svhn_top5_accuracy: 0.9981831395348837

2024-06-27 14:04:07,098 - INFO - Validation Stats
Loss:
  total: 0.2401807369856999
Metrics:
  svhn_top1_accuracy: 0.9361799564854852
  svhn_top5_accuracy: 0.9924209765319166

2024-06-27 14:04:07,098 - INFO - Epoch 58/100
2024-06-27 14:04:17,748 - INFO - Train Stats
Loss:
  total: 0.11938664635513412
Metrics:
  svhn_top1_accuracy: 0.9648740310077519
  svhn_top5_accuracy: 0.9982588420542635

2024-06-27 14:04:18,432 - INFO - Validation Stats
Loss:
  total: 0.22108832875202442
Metrics:
  svhn_top1_accuracy: 0.940660919608741
  svhn_top5_accuracy: 0.9927262931034483

2024-06-27 14:04:18,432 - INFO - Epoch 59/100
2024-06-27 14:04:28,354 - INFO - Train Stats
Loss:
  total: 0.11403362061323007
Metrics:
  svhn_top1_accuracy: 0.9661169287770294
  svhn_top5_accuracy: 0.9983097692561704

2024-06-27 14:04:29,054 - INFO - Validation Stats
Loss:
  total: 0.2542716463835075
Metrics:
  svhn_top1_accuracy: 0.9326778013130714
  svhn_top5_accuracy: 0.9928609913793104

2024-06-27 14:04:29,054 - INFO - Epoch 60/100
2024-06-27 14:04:39,252 - INFO - Train Stats
Loss:
  total: 0.38967178643558376
Metrics:
  svhn_top1_accuracy: 0.8876230509937272
  svhn_top5_accuracy: 0.9844507025193798

2024-06-27 14:04:39,988 - INFO - Validation Stats
Loss:
  total: 0.9020140006624419
Metrics:
  svhn_top1_accuracy: 0.8511494254243785
  svhn_top5_accuracy: 0.9821839075663994

2024-06-27 14:04:40,781 - INFO - Epoch 61/100
2024-06-27 14:04:50,941 - INFO - Train Stats
Loss:
  total: 0.5749810771193615
Metrics:
  svhn_top1_accuracy: 0.8255772661100063
  svhn_top5_accuracy: 0.9742872951797736

2024-06-27 14:04:51,669 - INFO - Validation Stats
Loss:
  total: 0.3371398315347474
Metrics:
  svhn_top1_accuracy: 0.8977909478647955
  svhn_top5_accuracy: 0.9868983472215718

2024-06-27 14:04:51,669 - INFO - Epoch 62/100
2024-06-27 14:05:01,608 - INFO - Train Stats
Loss:
  total: 0.3057086839477799
Metrics:
  svhn_top1_accuracy: 0.9064468265503876
  svhn_top5_accuracy: 0.9906431686046512

2024-06-27 14:05:02,313 - INFO - Validation Stats
Loss:
  total: 0.2780013420972331
Metrics:
  svhn_top1_accuracy: 0.9141882185278267
  svhn_top5_accuracy: 0.9901311058422615

2024-06-27 14:05:02,313 - INFO - Epoch 63/100
2024-06-27 14:05:12,212 - INFO - Train Stats
Loss:
  total: 0.23850350949711116
Metrics:
  svhn_top1_accuracy: 0.9279972692561704
  svhn_top5_accuracy: 0.9937621124031008

2024-06-27 14:05:13,008 - INFO - Validation Stats
Loss:
  total: 0.24916471463852916
Metrics:
  svhn_top1_accuracy: 0.924057111657899
  svhn_top5_accuracy: 0.9918821834284683

2024-06-27 14:05:13,008 - INFO - Epoch 64/100
2024-06-27 14:05:23,280 - INFO - Train Stats
Loss:
  total: 0.21547818669774968
Metrics:
  svhn_top1_accuracy: 0.9353101326282635
  svhn_top5_accuracy: 0.9945948401162791

2024-06-27 14:05:23,989 - INFO - Validation Stats
Loss:
  total: 0.2400518428405811
Metrics:
  svhn_top1_accuracy: 0.927191092022534
  svhn_top5_accuracy: 0.9922862782560545

2024-06-27 14:05:23,989 - INFO - Epoch 65/100
2024-06-27 14:05:34,378 - INFO - Train Stats
Loss:
  total: 0.1771231596755196
Metrics:
  svhn_top1_accuracy: 0.9472862711941549
  svhn_top5_accuracy: 0.9963208575581395

2024-06-27 14:05:35,081 - INFO - Validation Stats
Loss:
  total: 0.23268326770128875
Metrics:
  svhn_top1_accuracy: 0.9332525144363272
  svhn_top5_accuracy: 0.9928250713595028

2024-06-27 14:05:35,082 - INFO - Epoch 66/100
2024-06-27 14:05:45,177 - INFO - Train Stats
Loss:
  total: 0.15233704812694773
Metrics:
  svhn_top1_accuracy: 0.9538875308840774
  svhn_top5_accuracy: 0.9970682479383409

2024-06-27 14:05:45,948 - INFO - Validation Stats
Loss:
  total: 0.22356484560617085
Metrics:
  svhn_top1_accuracy: 0.9355064651061749
  svhn_top5_accuracy: 0.9914780886008822

2024-06-27 14:05:45,948 - INFO - Epoch 67/100
2024-06-27 14:05:56,343 - INFO - Train Stats
Loss:
  total: 0.13894789284022974
Metrics:
  svhn_top1_accuracy: 0.9586774356836496
  svhn_top5_accuracy: 0.997537603558496

2024-06-27 14:05:57,052 - INFO - Validation Stats
Loss:
  total: 0.224101011609209
Metrics:
  svhn_top1_accuracy: 0.9371228444165197
  svhn_top5_accuracy: 0.9932291661870891

2024-06-27 14:05:57,052 - INFO - Epoch 68/100
2024-06-27 14:06:07,654 - INFO - Train Stats
Loss:
  total: 0.1256797973737987
Metrics:
  svhn_top1_accuracy: 0.9624680673429208
  svhn_top5_accuracy: 0.9982134205426356

2024-06-27 14:06:08,406 - INFO - Validation Stats
Loss:
  total: 0.22884623076895189
Metrics:
  svhn_top1_accuracy: 0.9386045254510025
  svhn_top5_accuracy: 0.9941720541181236

2024-06-27 14:06:08,406 - INFO - Epoch 69/100
2024-06-27 14:06:19,509 - INFO - Train Stats
Loss:
  total: 0.11417987661854934
Metrics:
  svhn_top1_accuracy: 0.9657177699859752
  svhn_top5_accuracy: 0.9986222141472868

2024-06-27 14:06:20,225 - INFO - Validation Stats
Loss:
  total: 0.23507324066655388
Metrics:
  svhn_top1_accuracy: 0.9373922409682438
  svhn_top5_accuracy: 0.9934985627388132

2024-06-27 14:06:20,225 - INFO - Epoch 70/100
2024-06-27 14:06:30,624 - INFO - Train Stats
Loss:
  total: 0.11593558978426537
Metrics:
  svhn_top1_accuracy: 0.9656916182170543
  svhn_top5_accuracy: 0.998531371124031

2024-06-27 14:06:31,295 - INFO - Validation Stats
Loss:
  total: 0.2273358869655379
Metrics:
  svhn_top1_accuracy: 0.939915589217482
  svhn_top5_accuracy: 0.9933638644629511

2024-06-27 14:06:31,295 - INFO - Epoch 71/100
2024-06-27 14:06:41,838 - INFO - Train Stats
Loss:
  total: 0.10259374622399955
Metrics:
  svhn_top1_accuracy: 0.9698552567829457
  svhn_top5_accuracy: 0.9988947432170543

2024-06-27 14:06:42,592 - INFO - Validation Stats
Loss:
  total: 0.22955996864314737
Metrics:
  svhn_top1_accuracy: 0.9407956178846031
  svhn_top5_accuracy: 0.9934985627388132

2024-06-27 14:06:42,592 - INFO - Epoch 72/100
2024-06-27 14:06:53,203 - INFO - Train Stats
Loss:
  total: 0.09898741406121457
Metrics:
  svhn_top1_accuracy: 0.9704209611166356
  svhn_top5_accuracy: 0.9986979166666666

2024-06-27 14:06:53,912 - INFO - Validation Stats
Loss:
  total: 0.23485457961415424
Metrics:
  svhn_top1_accuracy: 0.9387392237268645
  svhn_top5_accuracy: 0.9929597696353649

2024-06-27 14:06:53,912 - INFO - Epoch 73/100
2024-06-27 14:07:04,605 - INFO - Train Stats
Loss:
  total: 0.0950377336522752
Metrics:
  svhn_top1_accuracy: 0.972171753875969
  svhn_top5_accuracy: 0.9988039001937985

2024-06-27 14:07:05,374 - INFO - Validation Stats
Loss:
  total: 0.23401013941600404
Metrics:
  svhn_top1_accuracy: 0.9407237788726543
  svhn_top5_accuracy: 0.9932291661870891

2024-06-27 14:07:05,374 - INFO - Epoch 74/100
2024-06-27 14:07:15,547 - INFO - Train Stats
Loss:
  total: 0.08997622627562793
Metrics:
  svhn_top1_accuracy: 0.9732467296511628
  svhn_top5_accuracy: 0.9991975532945736

2024-06-27 14:07:16,285 - INFO - Validation Stats
Loss:
  total: 0.24062100194137673
Metrics:
  svhn_top1_accuracy: 0.9403556030372093
  svhn_top5_accuracy: 0.991073993773296

2024-06-27 14:07:16,285 - INFO - Epoch 75/100
2024-06-27 14:07:26,693 - INFO - Train Stats
Loss:
  total: 0.0949435330198197
Metrics:
  svhn_top1_accuracy: 0.9720671468002852
  svhn_top5_accuracy: 0.9990764292635659

2024-06-27 14:07:27,415 - INFO - Validation Stats
Loss:
  total: 0.24630588061850647
Metrics:
  svhn_top1_accuracy: 0.9380657323475542
  svhn_top5_accuracy: 0.9913433903250201

2024-06-27 14:07:27,415 - INFO - Epoch 76/100
2024-06-27 14:07:38,078 - INFO - Train Stats
Loss:
  total: 0.10347148909616147
Metrics:
  svhn_top1_accuracy: 0.9688408430232558
  svhn_top5_accuracy: 0.9988644622093024

2024-06-27 14:07:38,889 - INFO - Validation Stats
Loss:
  total: 0.2569397621113679
Metrics:
  svhn_top1_accuracy: 0.9363146547613472
  svhn_top5_accuracy: 0.9917474851526064

2024-06-27 14:07:38,889 - INFO - Epoch 77/100
2024-06-27 14:07:49,578 - INFO - Train Stats
Loss:
  total: 0.08674734299587332
Metrics:
  svhn_top1_accuracy: 0.9737215909615967
  svhn_top5_accuracy: 0.9993640988372093

2024-06-27 14:07:50,262 - INFO - Validation Stats
Loss:
  total: 0.25336873223041667
Metrics:
  svhn_top1_accuracy: 0.9378322558156376
  svhn_top5_accuracy: 0.9921515799801925

2024-06-27 14:07:50,262 - INFO - Epoch 78/100
2024-06-27 14:08:00,542 - INFO - Train Stats
Loss:
  total: 0.09244040928892935
Metrics:
  svhn_top1_accuracy: 0.9719143653100775
  svhn_top5_accuracy: 0.9992278343023255

2024-06-27 14:08:01,254 - INFO - Validation Stats
Loss:
  total: 0.23485570555103236
Metrics:
  svhn_top1_accuracy: 0.9397180316777065
  svhn_top5_accuracy: 0.9925556748077787

2024-06-27 14:08:01,254 - INFO - Epoch 79/100
2024-06-27 14:08:11,916 - INFO - Train Stats
Loss:
  total: 0.0843860765778308
Metrics:
  svhn_top1_accuracy: 0.9737876585518667
  svhn_top5_accuracy: 0.9993792393410853

2024-06-27 14:08:12,694 - INFO - Validation Stats
Loss:
  total: 0.24212270268592342
Metrics:
  svhn_top1_accuracy: 0.9395833334018444
  svhn_top5_accuracy: 0.9929956896551724

2024-06-27 14:08:12,694 - INFO - Epoch 80/100
2024-06-27 14:08:23,187 - INFO - Train Stats
Loss:
  total: 0.09078521940806634
Metrics:
  svhn_top1_accuracy: 0.9730154928541923
  svhn_top5_accuracy: 0.9990970754577208

2024-06-27 14:08:23,907 - INFO - Validation Stats
Loss:
  total: 0.26488277290401785
Metrics:
  svhn_top1_accuracy: 0.9383710489190858
  svhn_top5_accuracy: 0.9922862782560545

2024-06-27 14:08:23,907 - INFO - Epoch 81/100
2024-06-27 14:08:35,590 - INFO - Train Stats
Loss:
  total: 0.08860330131128719
Metrics:
  svhn_top1_accuracy: 0.9739789795274882
  svhn_top5_accuracy: 0.9991727779771007

2024-06-27 14:08:36,268 - INFO - Validation Stats
Loss:
  total: 0.24690642798769064
Metrics:
  svhn_top1_accuracy: 0.9390445402983961
  svhn_top5_accuracy: 0.9917474851526064

2024-06-27 14:08:36,269 - INFO - Epoch 82/100
2024-06-27 14:08:46,882 - INFO - Train Stats
Loss:
  total: 0.07950144553152744
Metrics:
  svhn_top1_accuracy: 0.9758660368217055
  svhn_top5_accuracy: 0.9994700823643411

2024-06-27 14:08:47,624 - INFO - Validation Stats
Loss:
  total: 0.26595796516229364
Metrics:
  svhn_top1_accuracy: 0.9403556030372093
  svhn_top5_accuracy: 0.991073993773296

2024-06-27 14:08:47,624 - INFO - Epoch 83/100
2024-06-27 14:08:57,940 - INFO - Train Stats
Loss:
  total: 0.0804747666553558
Metrics:
  svhn_top1_accuracy: 0.9762555606836496
  svhn_top5_accuracy: 0.9994700823643411

2024-06-27 14:08:58,612 - INFO - Validation Stats
Loss:
  total: 0.29269646917437686
Metrics:
  svhn_top1_accuracy: 0.9403556030372093
  svhn_top5_accuracy: 0.9904005023939856

2024-06-27 14:08:58,612 - INFO - Epoch 84/100
2024-06-27 14:09:09,347 - INFO - Train Stats
Loss:
  total: 0.09146399822044583
Metrics:
  svhn_top1_accuracy: 0.9725420079952063
  svhn_top5_accuracy: 0.9992126937984496

2024-06-27 14:09:10,047 - INFO - Validation Stats
Loss:
  total: 0.44138754441820344
Metrics:
  svhn_top1_accuracy: 0.9374281609880513
  svhn_top5_accuracy: 0.9912086920491581

2024-06-27 14:09:10,047 - INFO - Epoch 85/100
2024-06-27 14:09:21,204 - INFO - Train Stats
Loss:
  total: 0.1030239121674365
Metrics:
  svhn_top1_accuracy: 0.9697244979383409
  svhn_top5_accuracy: 0.9988796027131783

2024-06-27 14:09:21,907 - INFO - Validation Stats
Loss:
  total: 0.3217114867835209
Metrics:
  svhn_top1_accuracy: 0.942681393746672
  svhn_top5_accuracy: 0.9925556748077787

2024-06-27 14:09:21,907 - INFO - Epoch 86/100
2024-06-27 14:09:32,708 - INFO - Train Stats
Loss:
  total: 0.07814481254132796
Metrics:
  svhn_top1_accuracy: 0.9763161226991535
  svhn_top5_accuracy: 0.9995609253875969

2024-06-27 14:09:33,462 - INFO - Validation Stats
Loss:
  total: 0.31715747733311406
Metrics:
  svhn_top1_accuracy: 0.9390445402983961
  svhn_top5_accuracy: 0.9920528017241379

2024-06-27 14:09:33,462 - INFO - Epoch 87/100
2024-06-27 14:09:43,435 - INFO - Train Stats
Loss:
  total: 0.0719468678986697
Metrics:
  svhn_top1_accuracy: 0.978006353558496
  svhn_top5_accuracy: 0.999500363372093

2024-06-27 14:09:44,164 - INFO - Validation Stats
Loss:
  total: 0.32749706108508436
Metrics:
  svhn_top1_accuracy: 0.9391433185544508
  svhn_top5_accuracy: 0.9902658041181236

2024-06-27 14:09:44,164 - INFO - Epoch 88/100
2024-06-27 14:09:54,445 - INFO - Train Stats
Loss:
  total: 0.07058311405757717
Metrics:
  svhn_top1_accuracy: 0.9784399224806202
  svhn_top5_accuracy: 0.9996366279069767

2024-06-27 14:09:55,236 - INFO - Validation Stats
Loss:
  total: 0.29434516839683056
Metrics:
  svhn_top1_accuracy: 0.939816809933761
  svhn_top5_accuracy: 0.9918821834284683

2024-06-27 14:09:55,236 - INFO - Epoch 89/100
2024-06-27 14:10:05,387 - INFO - Train Stats
Loss:
  total: 0.06661276444666406
Metrics:
  svhn_top1_accuracy: 0.9796112469693486
  svhn_top5_accuracy: 0.9996971899224806

2024-06-27 14:10:06,091 - INFO - Validation Stats
Loss:
  total: 0.33606856727394563
Metrics:
  svhn_top1_accuracy: 0.9365840513130714
  svhn_top5_accuracy: 0.991073993773296

2024-06-27 14:10:06,091 - INFO - Epoch 90/100
2024-06-27 14:10:16,097 - INFO - Train Stats
Loss:
  total: 0.07309741245008745
Metrics:
  svhn_top1_accuracy: 0.9773043846899225
  svhn_top5_accuracy: 0.9997123304263565

2024-06-27 14:10:16,822 - INFO - Validation Stats
Loss:
  total: 0.2746809813483008
Metrics:
  svhn_top1_accuracy: 0.9373922409682438
  svhn_top5_accuracy: 0.9916127868767443

2024-06-27 14:10:17,547 - INFO - Epoch 91/100
2024-06-27 14:10:28,261 - INFO - Train Stats
Loss:
  total: 0.08812293999236395
Metrics:
  svhn_top1_accuracy: 0.9735660566840061
  svhn_top5_accuracy: 0.9993393235197363

2024-06-27 14:10:29,010 - INFO - Validation Stats
Loss:
  total: 0.3575031254440546
Metrics:
  svhn_top1_accuracy: 0.9392780168303128
  svhn_top5_accuracy: 0.9908045972215718

2024-06-27 14:10:29,010 - INFO - Epoch 92/100
2024-06-27 14:10:39,247 - INFO - Train Stats
Loss:
  total: 0.09150200704646896
Metrics:
  svhn_top1_accuracy: 0.9729397903348125
  svhn_top5_accuracy: 0.9991521317829457

2024-06-27 14:10:39,982 - INFO - Validation Stats
Loss:
  total: 0.30453305807093095
Metrics:
  svhn_top1_accuracy: 0.9379310340716921
  svhn_top5_accuracy: 0.991073993773296

2024-06-27 14:10:39,982 - INFO - Epoch 93/100
2024-06-27 14:10:50,107 - INFO - Train Stats
Loss:
  total: 0.2225595647162332
Metrics:
  svhn_top1_accuracy: 0.9341594543336897
  svhn_top5_accuracy: 0.9957757994186046

2024-06-27 14:10:51,018 - INFO - Validation Stats
Loss:
  total: 0.23943974450230598
Metrics:
  svhn_top1_accuracy: 0.9369881461406576
  svhn_top5_accuracy: 0.9937679592905373

2024-06-27 14:10:51,019 - INFO - Epoch 94/100
2024-06-27 14:11:01,273 - INFO - Train Stats
Loss:
  total: 0.10483162367875262
Metrics:
  svhn_top1_accuracy: 0.9680439020081084
  svhn_top5_accuracy: 0.9990764292635659

2024-06-27 14:11:01,947 - INFO - Validation Stats
Loss:
  total: 0.24666202428012057
Metrics:
  svhn_top1_accuracy: 0.9385057471949478
  svhn_top5_accuracy: 0.9929956896551724

2024-06-27 14:11:01,947 - INFO - Epoch 95/100
2024-06-27 14:11:11,997 - INFO - Train Stats
Loss:
  total: 0.1683682671986347
Metrics:
  svhn_top1_accuracy: 0.9510204699612403
  svhn_top5_accuracy: 0.9975169573643411

2024-06-27 14:11:12,742 - INFO - Validation Stats
Loss:
  total: 0.2491252893774674
Metrics:
  svhn_top1_accuracy: 0.935641163382037
  svhn_top5_accuracy: 0.994207974137931

2024-06-27 14:11:12,742 - INFO - Epoch 96/100
2024-06-27 14:11:22,894 - INFO - Train Stats
Loss:
  total: 0.09145413264054661
Metrics:
  svhn_top1_accuracy: 0.9716019204189611
  svhn_top5_accuracy: 0.9993338178294574

2024-06-27 14:11:23,617 - INFO - Validation Stats
Loss:
  total: 0.2634366380757299
Metrics:
  svhn_top1_accuracy: 0.9372934627121893
  svhn_top5_accuracy: 0.9932650862068966

2024-06-27 14:11:23,617 - INFO - Epoch 97/100
2024-06-27 14:11:33,936 - INFO - Train Stats
Loss:
  total: 0.07865885439213337
Metrics:
  svhn_top1_accuracy: 0.9766739892174107
  svhn_top5_accuracy: 0.9995609253875969

2024-06-27 14:11:34,693 - INFO - Validation Stats
Loss:
  total: 0.35585751082619715
Metrics:
  svhn_top1_accuracy: 0.9339260058156376
  svhn_top5_accuracy: 0.9931303879310345

2024-06-27 14:11:34,693 - INFO - Epoch 98/100
2024-06-27 14:11:45,009 - INFO - Train Stats
Loss:
  total: 0.05893194761087526
Metrics:
  svhn_top1_accuracy: 0.9815588662790697
  svhn_top5_accuracy: 0.9996971899224806

2024-06-27 14:11:45,841 - INFO - Validation Stats
Loss:
  total: 0.30180008812197323
Metrics:
  svhn_top1_accuracy: 0.9413344109880513
  svhn_top5_accuracy: 0.9927262931034483

2024-06-27 14:11:45,841 - INFO - Epoch 99/100
2024-06-27 14:11:56,771 - INFO - Train Stats
Loss:
  total: 0.06380131846662004
Metrics:
  svhn_top1_accuracy: 0.9801507994186046
  svhn_top5_accuracy: 0.9998485949612403

2024-06-27 14:11:57,494 - INFO - Validation Stats
Loss:
  total: 0.2828358740642153
Metrics:
  svhn_top1_accuracy: 0.9309267237268645
  svhn_top5_accuracy: 0.9906698989457098

2024-06-27 14:11:57,494 - INFO - Epoch 100/100
2024-06-27 14:12:07,873 - INFO - Train Stats
Loss:
  total: 0.08995870995522989
Metrics:
  svhn_top1_accuracy: 0.9739583333333334
  svhn_top5_accuracy: 0.9995609253875969

2024-06-27 14:12:08,640 - INFO - Validation Stats
Loss:
  total: 0.26746287158337134
Metrics:
  svhn_top1_accuracy: 0.9389457610146753
  svhn_top5_accuracy: 0.9924568965517241

2024-06-27 14:12:09,387 - INFO - Best validation loss: 0.2156569162576363
2024-06-27 14:12:11,426 - INFO - Best model saved to /home/up201905337/exploring-label-efficiency/weights/sl_svhn_resnet50.pth
2024-06-27 14:12:11,427 - INFO - Training took 1137.799408197403 seconds to complete
