2024-02-24 14:01:47,023 - INFO - Loading configuration files...
2024-02-24 14:01:51,767 - INFO - Loading model configuration
args:
  backbone: resnet101
  num_classes: 20
class: DeepLabV3

2024-02-24 14:01:51,787 - INFO - Loading train_dataset configuration
args:
  num_labeled: 77
  root: /data/auto/cityscapes
  train_val_split: 2475
class: SemiSupervisedCityscapesSeg

2024-02-24 14:01:51,803 - INFO - Loading val_dataset configuration
args:
  mode: fine
  root: /data/auto/cityscapes
  train_val_split: 2475
class: CityscapesSeg

2024-02-24 14:01:51,811 - INFO - Loading optimizer configuration
args:
  lr: 0.007
  momentum: 0.9
  weight_decay: 0.0005
class: SGD

2024-02-24 14:01:51,812 - INFO - Loading loss configuration
args:
  ignore_index: 0
class: CrossEntropyLoss

2024-02-24 14:01:51,824 - INFO - Loading metrics configuration
cityscapes_dice:
  args:
    average: micro
    ignore_index: 0
    num_classes: 20
  class: Dice
cityscapes_jaccard_macro:
  args:
    average: macro
    ignore_index: 0
    num_classes: 20
    task: multiclass
    validate_args: false
  class: JaccardIndex
cityscapes_jaccard_micro:
  args:
    average: micro
    ignore_index: 0
    num_classes: 20
    task: multiclass
    validate_args: false
  class: JaccardIndex

2024-02-24 14:01:51,827 - INFO - Loading scheduler configuration
args:
  power: 0.9
  total_iters: 120
class: PolynomialLR

2024-02-24 14:01:51,828 - INFO - Loading hyperparameters configuration
batch_size: 16
epochs: 120
num_workers: 4
save_freq: 10

2024-02-24 14:01:52,203 - INFO - Using device: cuda
2024-02-24 14:01:52,523 - INFO - Training for 120 epochs
2024-02-24 14:01:52,523 - INFO - Epoch 1/120
2024-02-24 14:02:23,398 - INFO - Train Stats
Loss:
  total: 2.5857183933258057
Metrics:
  cityscapes_dice: 0.31430648639798164
  cityscapes_jaccard_macro: 0.04280254486948252
  cityscapes_jaccard_micro: 0.2162729576230049

2024-02-24 14:02:47,146 - INFO - Validation Stats
Loss:
  total: 2.80903647094965
Metrics:
  cityscapes_dice: 0.5698068179190159
  cityscapes_jaccard_macro: 0.0889584026299417
  cityscapes_jaccard_micro: 0.42891562171280384

2024-02-24 14:02:47,590 - INFO - Epoch 2/120
2024-02-24 14:03:01,152 - INFO - Train Stats
Loss:
  total: 1.4253985643386842
Metrics:
  cityscapes_dice: 0.6751700401306152
  cityscapes_jaccard_macro: 0.11461668908596039
  cityscapes_jaccard_micro: 0.5491120934486389

2024-02-24 14:03:53,673 - INFO - Validation Stats
Loss:
  total: 1.8905265145003796
Metrics:
  cityscapes_dice: 0.7103860285133123
  cityscapes_jaccard_macro: 0.1386022916994989
  cityscapes_jaccard_micro: 0.5957075115293264

2024-02-24 14:03:54,285 - INFO - Epoch 3/120
2024-02-24 14:04:07,693 - INFO - Train Stats
Loss:
  total: 1.007025456428528
Metrics:
  cityscapes_dice: 0.70726979970932
  cityscapes_jaccard_macro: 0.1376900255680084
  cityscapes_jaccard_micro: 0.5879226803779602

2024-02-24 14:04:30,039 - INFO - Validation Stats
Loss:
  total: 1.1023268681019545
Metrics:
  cityscapes_dice: 0.7372917365282774
  cityscapes_jaccard_macro: 0.16366666927933693
  cityscapes_jaccard_micro: 0.6326499655842781

2024-02-24 14:04:30,656 - INFO - Epoch 4/120
2024-02-24 14:04:44,053 - INFO - Train Stats
Loss:
  total: 0.8218185067176819
Metrics:
  cityscapes_dice: 0.7543796300888062
  cityscapes_jaccard_macro: 0.18174277245998383
  cityscapes_jaccard_micro: 0.6525584697723389

2024-02-24 14:05:11,342 - INFO - Validation Stats
Loss:
  total: 0.820992624387145
Metrics:
  cityscapes_dice: 0.7587030455470085
  cityscapes_jaccard_macro: 0.1879350170493126
  cityscapes_jaccard_micro: 0.6640376169234514

2024-02-24 14:05:11,976 - INFO - Epoch 5/120
2024-02-24 14:05:25,282 - INFO - Train Stats
Loss:
  total: 0.6654882311820984
Metrics:
  cityscapes_dice: 0.7889386057853699
  cityscapes_jaccard_macro: 0.2036469906568527
  cityscapes_jaccard_micro: 0.7053411364555359

2024-02-24 14:05:48,651 - INFO - Validation Stats
Loss:
  total: 0.7372974213212729
Metrics:
  cityscapes_dice: 0.7695892602205276
  cityscapes_jaccard_macro: 0.19606366474181414
  cityscapes_jaccard_micro: 0.6798649821430445

2024-02-24 14:05:49,268 - INFO - Epoch 6/120
2024-02-24 14:06:03,240 - INFO - Train Stats
Loss:
  total: 0.5787943243980408
Metrics:
  cityscapes_dice: 0.8057662844657898
  cityscapes_jaccard_macro: 0.21746514737606049
  cityscapes_jaccard_micro: 0.7328229188919068

2024-02-24 14:06:30,377 - INFO - Validation Stats
Loss:
  total: 0.6580572333186865
Metrics:
  cityscapes_dice: 0.7876467946916819
  cityscapes_jaccard_macro: 0.20998480636626482
  cityscapes_jaccard_micro: 0.7074720095843077

2024-02-24 14:06:30,971 - INFO - Epoch 7/120
2024-02-24 14:06:44,658 - INFO - Train Stats
Loss:
  total: 0.5416899919509888
Metrics:
  cityscapes_dice: 0.8122445464134216
  cityscapes_jaccard_macro: 0.22178397476673126
  cityscapes_jaccard_micro: 0.7391009211540223

2024-02-24 14:07:29,383 - INFO - Validation Stats
Loss:
  total: 0.6189079405739903
Metrics:
  cityscapes_dice: 0.7936088070273399
  cityscapes_jaccard_macro: 0.22136282362043858
  cityscapes_jaccard_micro: 0.7176585737615824

2024-02-24 14:07:29,978 - INFO - Epoch 8/120
2024-02-24 14:07:43,611 - INFO - Train Stats
Loss:
  total: 0.5120726823806763
Metrics:
  cityscapes_dice: 0.8229015946388245
  cityscapes_jaccard_macro: 0.2385063499212265
  cityscapes_jaccard_micro: 0.7560781955718994

2024-02-24 14:08:06,100 - INFO - Validation Stats
Loss:
  total: 0.6340561779215932
Metrics:
  cityscapes_dice: 0.7907623611390591
  cityscapes_jaccard_macro: 0.2274751872755587
  cityscapes_jaccard_micro: 0.711109509691596

2024-02-24 14:08:06,101 - INFO - Epoch 9/120
2024-02-24 14:08:19,547 - INFO - Train Stats
Loss:
  total: 0.5078207910060882
Metrics:
  cityscapes_dice: 0.8233060956001281
  cityscapes_jaccard_macro: 0.24833000004291533
  cityscapes_jaccard_micro: 0.7574991464614869

2024-02-24 14:08:42,633 - INFO - Validation Stats
Loss:
  total: 0.5598701955750585
Metrics:
  cityscapes_dice: 0.8089497499167919
  cityscapes_jaccard_macro: 0.2409752686508
  cityscapes_jaccard_micro: 0.7415349967777729

2024-02-24 14:08:43,237 - INFO - Epoch 10/120
2024-02-24 14:08:56,827 - INFO - Train Stats
Loss:
  total: 0.45018012523651124
Metrics:
  cityscapes_dice: 0.8357279777526856
  cityscapes_jaccard_macro: 0.2628402471542358
  cityscapes_jaccard_micro: 0.7807263612747193

2024-02-24 14:10:22,205 - INFO - Validation Stats
Loss:
  total: 0.5453012445941567
Metrics:
  cityscapes_dice: 0.8143520224839449
  cityscapes_jaccard_macro: 0.24512981018051505
  cityscapes_jaccard_micro: 0.7486499212682247

2024-02-24 14:10:23,340 - INFO - Epoch 11/120
2024-02-24 14:10:37,428 - INFO - Train Stats
Loss:
  total: 0.4494729220867157
Metrics:
  cityscapes_dice: 0.836911678314209
  cityscapes_jaccard_macro: 0.25843760967254636
  cityscapes_jaccard_micro: 0.7781026363372803

2024-02-24 14:11:25,785 - INFO - Validation Stats
Loss:
  total: 0.5233399327844381
Metrics:
  cityscapes_dice: 0.8183831013739109
  cityscapes_jaccard_macro: 0.24759558169171214
  cityscapes_jaccard_micro: 0.7557251621037722

2024-02-24 14:11:26,410 - INFO - Epoch 12/120
2024-02-24 14:11:39,883 - INFO - Train Stats
Loss:
  total: 0.4440898597240448
Metrics:
  cityscapes_dice: 0.8358389019966126
  cityscapes_jaccard_macro: 0.2553135007619858
  cityscapes_jaccard_micro: 0.778971791267395

2024-02-24 14:12:02,588 - INFO - Validation Stats
Loss:
  total: 0.5174780776724219
Metrics:
  cityscapes_dice: 0.8198699969798326
  cityscapes_jaccard_macro: 0.24674720130860806
  cityscapes_jaccard_micro: 0.7573561780154705

2024-02-24 14:12:03,190 - INFO - Epoch 13/120
2024-02-24 14:12:16,632 - INFO - Train Stats
Loss:
  total: 0.40429816842079164
Metrics:
  cityscapes_dice: 0.8479297518730163
  cityscapes_jaccard_macro: 0.26489158868789675
  cityscapes_jaccard_micro: 0.7969352006912231

2024-02-24 14:13:17,557 - INFO - Validation Stats
Loss:
  total: 0.5062343468889594
Metrics:
  cityscapes_dice: 0.8212133701890707
  cityscapes_jaccard_macro: 0.2557632774114609
  cityscapes_jaccard_micro: 0.7614760436117649

2024-02-24 14:13:18,174 - INFO - Epoch 14/120
2024-02-24 14:13:31,683 - INFO - Train Stats
Loss:
  total: 0.3938890635967255
Metrics:
  cityscapes_dice: 0.8454773902893067
  cityscapes_jaccard_macro: 0.26859852075576784
  cityscapes_jaccard_micro: 0.7985649466514587

2024-02-24 14:14:31,818 - INFO - Validation Stats
Loss:
  total: 0.48087519966065884
Metrics:
  cityscapes_dice: 0.8287857472896576
  cityscapes_jaccard_macro: 0.26351501047611237
  cityscapes_jaccard_micro: 0.7705731280148029

2024-02-24 14:14:32,517 - INFO - Epoch 15/120
2024-02-24 14:14:59,149 - INFO - Train Stats
Loss:
  total: 0.3715680480003357
Metrics:
  cityscapes_dice: 0.8547644019126892
  cityscapes_jaccard_macro: 0.2905220925807953
  cityscapes_jaccard_micro: 0.8099542617797851

2024-02-24 14:15:23,144 - INFO - Validation Stats
Loss:
  total: 0.47729520685970783
Metrics:
  cityscapes_dice: 0.8290081415325403
  cityscapes_jaccard_macro: 0.26891541946679354
  cityscapes_jaccard_micro: 0.77061209641397

2024-02-24 14:15:23,773 - INFO - Epoch 16/120
2024-02-24 14:15:44,154 - INFO - Train Stats
Loss:
  total: 0.38501653671264646
Metrics:
  cityscapes_dice: 0.8511885166168213
  cityscapes_jaccard_macro: 0.2868638873100281
  cityscapes_jaccard_micro: 0.8050064086914063

2024-02-24 14:16:07,226 - INFO - Validation Stats
Loss:
  total: 0.4762141080573201
Metrics:
  cityscapes_dice: 0.8296553436666727
  cityscapes_jaccard_macro: 0.2748978827148676
  cityscapes_jaccard_micro: 0.771869171410799

2024-02-24 14:16:07,844 - INFO - Epoch 17/120
2024-02-24 14:16:21,321 - INFO - Train Stats
Loss:
  total: 0.3330275058746338
Metrics:
  cityscapes_dice: 0.8668012976646423
  cityscapes_jaccard_macro: 0.3211857557296753
  cityscapes_jaccard_micro: 0.8300114035606384

2024-02-24 14:16:43,886 - INFO - Validation Stats
Loss:
  total: 0.4743270864710212
Metrics:
  cityscapes_dice: 0.8273644372820854
  cityscapes_jaccard_macro: 0.28136415407061577
  cityscapes_jaccard_micro: 0.7714556623250246

2024-02-24 14:16:44,495 - INFO - Epoch 18/120
2024-02-24 14:16:57,836 - INFO - Train Stats
Loss:
  total: 0.3296899855136871
Metrics:
  cityscapes_dice: 0.8676509141921998
  cityscapes_jaccard_macro: 0.3189876675605774
  cityscapes_jaccard_micro: 0.8318806767463685

2024-02-24 14:17:21,001 - INFO - Validation Stats
Loss:
  total: 0.4498253893107176
Metrics:
  cityscapes_dice: 0.8343266621232033
  cityscapes_jaccard_macro: 0.2879248121753335
  cityscapes_jaccard_micro: 0.7824032418429852

2024-02-24 14:17:21,582 - INFO - Epoch 19/120
2024-02-24 14:17:34,935 - INFO - Train Stats
Loss:
  total: 0.3397842705249786
Metrics:
  cityscapes_dice: 0.8640661597251892
  cityscapes_jaccard_macro: 0.32586643695831297
  cityscapes_jaccard_micro: 0.8246870040893555

2024-02-24 14:17:57,808 - INFO - Validation Stats
Loss:
  total: 0.45472415909171104
Metrics:
  cityscapes_dice: 0.8328847978264093
  cityscapes_jaccard_macro: 0.2891634819097817
  cityscapes_jaccard_micro: 0.780495423823595

2024-02-24 14:17:57,809 - INFO - Epoch 20/120
2024-02-24 14:18:24,405 - INFO - Train Stats
Loss:
  total: 0.32094924449920653
Metrics:
  cityscapes_dice: 0.8688925862312317
  cityscapes_jaccard_macro: 0.3171475946903229
  cityscapes_jaccard_micro: 0.8329410433769227

2024-02-24 14:19:10,258 - INFO - Validation Stats
Loss:
  total: 0.44328675884753466
Metrics:
  cityscapes_dice: 0.8376922346651554
  cityscapes_jaccard_macro: 0.2970797410234809
  cityscapes_jaccard_micro: 0.7854651771485806

2024-02-24 14:19:11,566 - INFO - Epoch 21/120
2024-02-24 14:19:25,045 - INFO - Train Stats
Loss:
  total: 0.3310567378997803
Metrics:
  cityscapes_dice: 0.8665595531463623
  cityscapes_jaccard_macro: 0.33182776570320127
  cityscapes_jaccard_micro: 0.8266733884811401

2024-02-24 14:19:47,423 - INFO - Validation Stats
Loss:
  total: 0.44268134888261557
Metrics:
  cityscapes_dice: 0.8359031863510609
  cityscapes_jaccard_macro: 0.2956717247143388
  cityscapes_jaccard_micro: 0.7842657677829266

2024-02-24 14:19:48,021 - INFO - Epoch 22/120
2024-02-24 14:20:01,378 - INFO - Train Stats
Loss:
  total: 0.29389825463294983
Metrics:
  cityscapes_dice: 0.875294315814972
  cityscapes_jaccard_macro: 0.3370894014835358
  cityscapes_jaccard_micro: 0.8446742415428161

2024-02-24 14:20:23,670 - INFO - Validation Stats
Loss:
  total: 0.4365115687251091
Metrics:
  cityscapes_dice: 0.8371229916810989
  cityscapes_jaccard_macro: 0.29596723383292556
  cityscapes_jaccard_micro: 0.7854895498603582

2024-02-24 14:20:24,265 - INFO - Epoch 23/120
2024-02-24 14:20:37,628 - INFO - Train Stats
Loss:
  total: 0.2896668791770935
Metrics:
  cityscapes_dice: 0.8745836615562439
  cityscapes_jaccard_macro: 0.34569005370140077
  cityscapes_jaccard_micro: 0.8476548314094543

2024-02-24 14:21:01,258 - INFO - Validation Stats
Loss:
  total: 0.44257628731429577
Metrics:
  cityscapes_dice: 0.8381061553955078
  cityscapes_jaccard_macro: 0.2977142045274377
  cityscapes_jaccard_micro: 0.7858905829489231

2024-02-24 14:21:01,258 - INFO - Epoch 24/120
2024-02-24 14:21:14,759 - INFO - Train Stats
Loss:
  total: 0.2894040524959564
Metrics:
  cityscapes_dice: 0.8757544994354248
  cityscapes_jaccard_macro: 0.3455677926540375
  cityscapes_jaccard_micro: 0.8482419967651367

2024-02-24 14:21:37,789 - INFO - Validation Stats
Loss:
  total: 0.43979086447507143
Metrics:
  cityscapes_dice: 0.8346133939921856
  cityscapes_jaccard_macro: 0.29692375706508756
  cityscapes_jaccard_micro: 0.7837398629635572

2024-02-24 14:21:37,789 - INFO - Epoch 25/120
2024-02-24 14:21:55,672 - INFO - Train Stats
Loss:
  total: 0.2786972761154175
Metrics:
  cityscapes_dice: 0.881568443775177
  cityscapes_jaccard_macro: 0.3512708008289337
  cityscapes_jaccard_micro: 0.8512888431549073

2024-02-24 14:22:21,195 - INFO - Validation Stats
Loss:
  total: 0.4260891657322645
Metrics:
  cityscapes_dice: 0.8394599482417107
  cityscapes_jaccard_macro: 0.3041205434128642
  cityscapes_jaccard_micro: 0.7901849150657654

2024-02-24 14:22:21,845 - INFO - Epoch 26/120
2024-02-24 14:22:54,662 - INFO - Train Stats
Loss:
  total: 0.33154918551445006
Metrics:
  cityscapes_dice: 0.8613622426986695
  cityscapes_jaccard_macro: 0.3313785672187805
  cityscapes_jaccard_micro: 0.8229336380958557

2024-02-24 14:23:17,632 - INFO - Validation Stats
Loss:
  total: 0.42748154141008854
Metrics:
  cityscapes_dice: 0.8382169138640165
  cityscapes_jaccard_macro: 0.30296873301267624
  cityscapes_jaccard_micro: 0.788135489448905

2024-02-24 14:23:17,632 - INFO - Epoch 27/120
2024-02-24 14:23:31,136 - INFO - Train Stats
Loss:
  total: 0.27288249135017395
Metrics:
  cityscapes_dice: 0.8786522030830384
  cityscapes_jaccard_macro: 0.349909907579422
  cityscapes_jaccard_micro: 0.853762173652649

2024-02-24 14:23:55,565 - INFO - Validation Stats
Loss:
  total: 0.4247149620205164
Metrics:
  cityscapes_dice: 0.8390401881188154
  cityscapes_jaccard_macro: 0.3011552505195141
  cityscapes_jaccard_micro: 0.7886847276240587

2024-02-24 14:23:56,234 - INFO - Epoch 28/120
2024-02-24 14:24:09,752 - INFO - Train Stats
Loss:
  total: 0.26357387006282806
Metrics:
  cityscapes_dice: 0.8833521723747253
  cityscapes_jaccard_macro: 0.35995790362358093
  cityscapes_jaccard_micro: 0.8599606394767761

2024-02-24 14:26:06,229 - INFO - Validation Stats
Loss:
  total: 0.4206910850480199
Metrics:
  cityscapes_dice: 0.8405935168266296
  cityscapes_jaccard_macro: 0.3041914142668247
  cityscapes_jaccard_micro: 0.7920328192412853

2024-02-24 14:26:06,890 - INFO - Epoch 29/120
2024-02-24 14:26:35,890 - INFO - Train Stats
Loss:
  total: 0.28157817423343656
Metrics:
  cityscapes_dice: 0.8812383413314819
  cityscapes_jaccard_macro: 0.3530140221118927
  cityscapes_jaccard_micro: 0.8510271310806274

2024-02-24 14:26:58,688 - INFO - Validation Stats
Loss:
  total: 0.4215790433809161
Metrics:
  cityscapes_dice: 0.8386276289820671
  cityscapes_jaccard_macro: 0.3027677210047841
  cityscapes_jaccard_micro: 0.7901028599590063

2024-02-24 14:26:58,688 - INFO - Epoch 30/120
2024-02-24 14:27:25,348 - INFO - Train Stats
Loss:
  total: 0.27736693024635317
Metrics:
  cityscapes_dice: 0.8779067635536194
  cityscapes_jaccard_macro: 0.36015212535858154
  cityscapes_jaccard_micro: 0.8503313183784484

2024-02-24 14:27:48,514 - INFO - Validation Stats
Loss:
  total: 0.41890738997608423
Metrics:
  cityscapes_dice: 0.8412786144763231
  cityscapes_jaccard_macro: 0.30642275139689445
  cityscapes_jaccard_micro: 0.792328480631113

2024-02-24 14:27:49,674 - INFO - Epoch 31/120
2024-02-24 14:28:03,070 - INFO - Train Stats
Loss:
  total: 0.2730140030384064
Metrics:
  cityscapes_dice: 0.8793268918991088
  cityscapes_jaccard_macro: 0.3504030227661133
  cityscapes_jaccard_micro: 0.8533839225769043

2024-02-24 14:28:25,672 - INFO - Validation Stats
Loss:
  total: 0.4130505658686161
Metrics:
  cityscapes_dice: 0.842203252017498
  cityscapes_jaccard_macro: 0.3037637369707227
  cityscapes_jaccard_micro: 0.7949939779937267

2024-02-24 14:28:26,283 - INFO - Epoch 32/120
2024-02-24 14:28:39,802 - INFO - Train Stats
Loss:
  total: 0.26659059822559356
Metrics:
  cityscapes_dice: 0.8825151443481445
  cityscapes_jaccard_macro: 0.3582094669342041
  cityscapes_jaccard_micro: 0.8579901814460754

2024-02-24 14:29:03,396 - INFO - Validation Stats
Loss:
  total: 0.4200263684615493
Metrics:
  cityscapes_dice: 0.8398898616433144
  cityscapes_jaccard_macro: 0.3067067414522171
  cityscapes_jaccard_micro: 0.7911709416657686

2024-02-24 14:29:03,396 - INFO - Epoch 33/120
2024-02-24 14:29:32,142 - INFO - Train Stats
Loss:
  total: 0.25337316989898684
Metrics:
  cityscapes_dice: 0.8880330443382263
  cityscapes_jaccard_macro: 0.36980156898498534
  cityscapes_jaccard_micro: 0.8644796967506408

2024-02-24 14:29:55,092 - INFO - Validation Stats
Loss:
  total: 0.4030463984236121
Metrics:
  cityscapes_dice: 0.8436394017189741
  cityscapes_jaccard_macro: 0.30971768591552973
  cityscapes_jaccard_micro: 0.7968222182244062

2024-02-24 14:29:55,722 - INFO - Epoch 34/120
2024-02-24 14:30:09,447 - INFO - Train Stats
Loss:
  total: 0.26510995626449585
Metrics:
  cityscapes_dice: 0.8820301175117493
  cityscapes_jaccard_macro: 0.361395400762558
  cityscapes_jaccard_micro: 0.8572882056236267

2024-02-24 14:30:32,773 - INFO - Validation Stats
Loss:
  total: 0.4171820096671581
Metrics:
  cityscapes_dice: 0.8386471755802631
  cityscapes_jaccard_macro: 0.3087794044986367
  cityscapes_jaccard_micro: 0.7898137774318457

2024-02-24 14:30:32,773 - INFO - Epoch 35/120
2024-02-24 14:30:46,472 - INFO - Train Stats
Loss:
  total: 0.27489158511161804
Metrics:
  cityscapes_dice: 0.8791399955749511
  cityscapes_jaccard_macro: 0.3681924521923065
  cityscapes_jaccard_micro: 0.8510213375091553

2024-02-24 14:31:09,950 - INFO - Validation Stats
Loss:
  total: 0.4134505456313491
Metrics:
  cityscapes_dice: 0.8417409565299749
  cityscapes_jaccard_macro: 0.3108458463102579
  cityscapes_jaccard_micro: 0.7935477625578642

2024-02-24 14:31:09,950 - INFO - Epoch 36/120
2024-02-24 14:31:23,636 - INFO - Train Stats
Loss:
  total: 0.2612835794687271
Metrics:
  cityscapes_dice: 0.8827937722206116
  cityscapes_jaccard_macro: 0.37116938829421997
  cityscapes_jaccard_micro: 0.8583452343940735

2024-02-24 14:32:10,019 - INFO - Validation Stats
Loss:
  total: 0.4006676450371742
Metrics:
  cityscapes_dice: 0.8431516904383898
  cityscapes_jaccard_macro: 0.3141925921663642
  cityscapes_jaccard_micro: 0.7972842194139957

2024-02-24 14:32:10,629 - INFO - Epoch 37/120
2024-02-24 14:32:24,037 - INFO - Train Stats
Loss:
  total: 0.2678975373506546
Metrics:
  cityscapes_dice: 0.878272533416748
  cityscapes_jaccard_macro: 0.3751378059387207
  cityscapes_jaccard_micro: 0.8536984920501709

2024-02-24 14:32:47,261 - INFO - Validation Stats
Loss:
  total: 0.40310865547508
Metrics:
  cityscapes_dice: 0.8434793408960104
  cityscapes_jaccard_macro: 0.3169220332056284
  cityscapes_jaccard_micro: 0.7971258629113436

2024-02-24 14:32:47,261 - INFO - Epoch 38/120
2024-02-24 14:33:00,615 - INFO - Train Stats
Loss:
  total: 0.2509565889835358
Metrics:
  cityscapes_dice: 0.8867299318313598
  cityscapes_jaccard_macro: 0.37285746932029723
  cityscapes_jaccard_micro: 0.8625533819198609

2024-02-24 14:33:23,887 - INFO - Validation Stats
Loss:
  total: 0.4076595762744546
Metrics:
  cityscapes_dice: 0.8434797488152981
  cityscapes_jaccard_macro: 0.3184555470943451
  cityscapes_jaccard_micro: 0.7957375217229128

2024-02-24 14:33:23,888 - INFO - Epoch 39/120
2024-02-24 14:33:54,488 - INFO - Train Stats
Loss:
  total: 0.24245645999908447
Metrics:
  cityscapes_dice: 0.8868164420127869
  cityscapes_jaccard_macro: 0.3879097759723663
  cityscapes_jaccard_micro: 0.8672156453132629

2024-02-24 14:34:17,305 - INFO - Validation Stats
Loss:
  total: 0.39229666255414486
Metrics:
  cityscapes_dice: 0.8466873895376921
  cityscapes_jaccard_macro: 0.31690231058746576
  cityscapes_jaccard_micro: 0.8015293329954147

2024-02-24 14:34:17,903 - INFO - Epoch 40/120
2024-02-24 14:34:31,421 - INFO - Train Stats
Loss:
  total: 0.2493647664785385
Metrics:
  cityscapes_dice: 0.8845607757568359
  cityscapes_jaccard_macro: 0.38254148960113527
  cityscapes_jaccard_micro: 0.862743616104126

2024-02-24 14:34:55,820 - INFO - Validation Stats
Loss:
  total: 0.3877406343817711
Metrics:
  cityscapes_dice: 0.8485297579318285
  cityscapes_jaccard_macro: 0.3256408516317606
  cityscapes_jaccard_micro: 0.8039046339690685

2024-02-24 14:34:57,098 - INFO - Epoch 41/120
2024-02-24 14:35:21,626 - INFO - Train Stats
Loss:
  total: 0.23886207342147828
Metrics:
  cityscapes_dice: 0.8896364331245422
  cityscapes_jaccard_macro: 0.41253596544265747
  cityscapes_jaccard_micro: 0.8694231510162354

2024-02-24 14:36:28,276 - INFO - Validation Stats
Loss:
  total: 0.3855975032784045
Metrics:
  cityscapes_dice: 0.8468381017446518
  cityscapes_jaccard_macro: 0.32311256136745214
  cityscapes_jaccard_micro: 0.8037329521030188

2024-02-24 14:36:28,925 - INFO - Epoch 42/120
2024-02-24 14:36:42,682 - INFO - Train Stats
Loss:
  total: 0.24548905491828918
Metrics:
  cityscapes_dice: 0.8846595525741577
  cityscapes_jaccard_macro: 0.36893242597579956
  cityscapes_jaccard_micro: 0.8638734221458435

2024-02-24 14:37:07,506 - INFO - Validation Stats
Loss:
  total: 0.3975294893607497
Metrics:
  cityscapes_dice: 0.8451481908559799
  cityscapes_jaccard_macro: 0.3272739937528968
  cityscapes_jaccard_micro: 0.801069051027298

2024-02-24 14:37:07,506 - INFO - Epoch 43/120
2024-02-24 14:37:22,443 - INFO - Train Stats
Loss:
  total: 0.2371664434671402
Metrics:
  cityscapes_dice: 0.8838261604309082
  cityscapes_jaccard_macro: 0.3902471959590912
  cityscapes_jaccard_micro: 0.8690677642822265

2024-02-24 14:39:53,277 - INFO - Validation Stats
Loss:
  total: 0.4054684368893504
Metrics:
  cityscapes_dice: 0.8406540490686893
  cityscapes_jaccard_macro: 0.32566088531166315
  cityscapes_jaccard_micro: 0.7943142224103212

2024-02-24 14:39:53,277 - INFO - Epoch 44/120
2024-02-24 14:40:18,564 - INFO - Train Stats
Loss:
  total: 0.22049542665481567
Metrics:
  cityscapes_dice: 0.8921311974525452
  cityscapes_jaccard_macro: 0.4015750825405121
  cityscapes_jaccard_micro: 0.8782634735107422

2024-02-24 14:40:42,486 - INFO - Validation Stats
Loss:
  total: 0.37836725264787674
Metrics:
  cityscapes_dice: 0.8497215807437897
  cityscapes_jaccard_macro: 0.329500843770802
  cityscapes_jaccard_micro: 0.8066918477416039

2024-02-24 14:40:43,133 - INFO - Epoch 45/120
2024-02-24 14:40:56,578 - INFO - Train Stats
Loss:
  total: 0.23488783538341523
Metrics:
  cityscapes_dice: 0.8893695831298828
  cityscapes_jaccard_macro: 0.3991945743560791
  cityscapes_jaccard_micro: 0.8697419881820678

2024-02-24 14:41:19,367 - INFO - Validation Stats
Loss:
  total: 0.37976726656779647
Metrics:
  cityscapes_dice: 0.8478789795190096
  cityscapes_jaccard_macro: 0.33256299793720245
  cityscapes_jaccard_micro: 0.8066353239119053

2024-02-24 14:41:19,367 - INFO - Epoch 46/120
2024-02-24 14:41:32,727 - INFO - Train Stats
Loss:
  total: 0.23036356270313263
Metrics:
  cityscapes_dice: 0.8878243088722229
  cityscapes_jaccard_macro: 0.3943842947483063
  cityscapes_jaccard_micro: 0.8705171346664429

2024-02-24 14:42:31,447 - INFO - Validation Stats
Loss:
  total: 0.3810169738717377
Metrics:
  cityscapes_dice: 0.8488813862204552
  cityscapes_jaccard_macro: 0.33082855865359306
  cityscapes_jaccard_micro: 0.8053886406123638

2024-02-24 14:42:31,447 - INFO - Epoch 47/120
2024-02-24 14:42:44,776 - INFO - Train Stats
Loss:
  total: 0.22933486104011536
Metrics:
  cityscapes_dice: 0.8920425176620483
  cityscapes_jaccard_macro: 0.40031014680862426
  cityscapes_jaccard_micro: 0.8718090772628784

2024-02-24 14:43:08,475 - INFO - Validation Stats
Loss:
  total: 0.3788708131760359
Metrics:
  cityscapes_dice: 0.8479525223374367
  cityscapes_jaccard_macro: 0.3356016995385289
  cityscapes_jaccard_micro: 0.8054921235889196

2024-02-24 14:43:08,475 - INFO - Epoch 48/120
2024-02-24 14:43:21,875 - INFO - Train Stats
Loss:
  total: 0.21951710283756257
Metrics:
  cityscapes_dice: 0.8914551496505737
  cityscapes_jaccard_macro: 0.4278640389442444
  cityscapes_jaccard_micro: 0.8781023502349854

2024-02-24 14:43:45,552 - INFO - Validation Stats
Loss:
  total: 0.38874508533626795
Metrics:
  cityscapes_dice: 0.8466352093964815
  cityscapes_jaccard_macro: 0.3332042247056961
  cityscapes_jaccard_micro: 0.8027235586196184

2024-02-24 14:43:45,552 - INFO - Epoch 49/120
2024-02-24 14:43:58,878 - INFO - Train Stats
Loss:
  total: 0.22509170472621917
Metrics:
  cityscapes_dice: 0.8911229729652405
  cityscapes_jaccard_macro: 0.4224217176437378
  cityscapes_jaccard_micro: 0.8759942770004272

2024-02-24 14:44:21,718 - INFO - Validation Stats
Loss:
  total: 0.3889954425394535
Metrics:
  cityscapes_dice: 0.8481176029890776
  cityscapes_jaccard_macro: 0.33392102736979723
  cityscapes_jaccard_micro: 0.8040022235363722

2024-02-24 14:44:21,718 - INFO - Epoch 50/120
2024-02-24 14:44:35,242 - INFO - Train Stats
Loss:
  total: 0.22449802458286286
Metrics:
  cityscapes_dice: 0.8922989249229432
  cityscapes_jaccard_macro: 0.4079518258571625
  cityscapes_jaccard_micro: 0.8748918294906616

2024-02-24 14:45:26,467 - INFO - Validation Stats
Loss:
  total: 0.376207971945405
Metrics:
  cityscapes_dice: 0.8506528716534376
  cityscapes_jaccard_macro: 0.3323343191295862
  cityscapes_jaccard_micro: 0.8078561369329691

2024-02-24 14:45:27,646 - INFO - Epoch 51/120
2024-02-24 14:45:41,253 - INFO - Train Stats
Loss:
  total: 0.23527581691741944
Metrics:
  cityscapes_dice: 0.8863585591316223
  cityscapes_jaccard_macro: 0.4162593841552734
  cityscapes_jaccard_micro: 0.8674554347991943

2024-02-24 14:46:09,829 - INFO - Validation Stats
Loss:
  total: 0.3779933745972812
Metrics:
  cityscapes_dice: 0.8480540625751019
  cityscapes_jaccard_macro: 0.33628442231565714
  cityscapes_jaccard_micro: 0.8053222745656967

2024-02-24 14:46:09,830 - INFO - Epoch 52/120
2024-02-24 14:46:23,305 - INFO - Train Stats
Loss:
  total: 0.222582870721817
Metrics:
  cityscapes_dice: 0.8895660638809204
  cityscapes_jaccard_macro: 0.41731821894645693
  cityscapes_jaccard_micro: 0.8749671459197998

2024-02-24 14:46:46,166 - INFO - Validation Stats
Loss:
  total: 0.38192786229774356
Metrics:
  cityscapes_dice: 0.848933594301343
  cityscapes_jaccard_macro: 0.33327811770141125
  cityscapes_jaccard_micro: 0.8049521800130606

2024-02-24 14:46:46,166 - INFO - Epoch 53/120
2024-02-24 14:46:59,528 - INFO - Train Stats
Loss:
  total: 0.2317444235086441
Metrics:
  cityscapes_dice: 0.8874328136444092
  cityscapes_jaccard_macro: 0.3947656750679016
  cityscapes_jaccard_micro: 0.8681975245475769

2024-02-24 14:47:24,973 - INFO - Validation Stats
Loss:
  total: 0.38535583671182394
Metrics:
  cityscapes_dice: 0.8466265611350536
  cityscapes_jaccard_macro: 0.3376883501186967
  cityscapes_jaccard_micro: 0.8037001993507147

2024-02-24 14:47:24,973 - INFO - Epoch 54/120
2024-02-24 14:47:51,053 - INFO - Train Stats
Loss:
  total: 0.22182986438274382
Metrics:
  cityscapes_dice: 0.8898537039756775
  cityscapes_jaccard_macro: 0.41865418553352357
  cityscapes_jaccard_micro: 0.8742085099220276

2024-02-24 14:49:53,378 - INFO - Validation Stats
Loss:
  total: 0.37629991490393877
Metrics:
  cityscapes_dice: 0.8494479767978191
  cityscapes_jaccard_macro: 0.33553141355514526
  cityscapes_jaccard_micro: 0.8073346298187971

2024-02-24 14:49:53,379 - INFO - Epoch 55/120
2024-02-24 14:50:06,964 - INFO - Train Stats
Loss:
  total: 0.21988261640071868
Metrics:
  cityscapes_dice: 0.8920812010765076
  cityscapes_jaccard_macro: 0.41614274978637694
  cityscapes_jaccard_micro: 0.8761303663253784

2024-02-24 14:50:33,429 - INFO - Validation Stats
Loss:
  total: 0.37167860195040703
Metrics:
  cityscapes_dice: 0.8502993416041136
  cityscapes_jaccard_macro: 0.34094267059117556
  cityscapes_jaccard_micro: 0.808871315792203

2024-02-24 14:50:34,084 - INFO - Epoch 56/120
2024-02-24 14:51:04,631 - INFO - Train Stats
Loss:
  total: 0.20793671905994415
Metrics:
  cityscapes_dice: 0.8974293828010559
  cityscapes_jaccard_macro: 0.43157326579093935
  cityscapes_jaccard_micro: 0.8811578869819641

2024-02-24 14:51:28,661 - INFO - Validation Stats
Loss:
  total: 0.3750400049611926
Metrics:
  cityscapes_dice: 0.8494483474642038
  cityscapes_jaccard_macro: 0.3499419130384922
  cityscapes_jaccard_micro: 0.8072635605931282

2024-02-24 14:51:28,661 - INFO - Epoch 57/120
2024-02-24 14:51:42,158 - INFO - Train Stats
Loss:
  total: 0.21431418061256408
Metrics:
  cityscapes_dice: 0.8949567437171936
  cityscapes_jaccard_macro: 0.40910428762435913
  cityscapes_jaccard_micro: 0.8791501641273498

2024-02-24 14:52:06,563 - INFO - Validation Stats
Loss:
  total: 0.37755132745951414
Metrics:
  cityscapes_dice: 0.85060615837574
  cityscapes_jaccard_macro: 0.34921445418149233
  cityscapes_jaccard_micro: 0.8088951651006937

2024-02-24 14:52:06,563 - INFO - Epoch 58/120
2024-02-24 14:52:37,297 - INFO - Train Stats
Loss:
  total: 0.2243407279253006
Metrics:
  cityscapes_dice: 0.8931305408477783
  cityscapes_jaccard_macro: 0.4336311638355255
  cityscapes_jaccard_micro: 0.873338770866394

2024-02-24 14:54:07,039 - INFO - Validation Stats
Loss:
  total: 0.37095063645392656
Metrics:
  cityscapes_dice: 0.8512353859841824
  cityscapes_jaccard_macro: 0.3511612517759204
  cityscapes_jaccard_micro: 0.8081201538443565

2024-02-24 14:54:07,749 - INFO - Epoch 59/120
2024-02-24 14:54:21,255 - INFO - Train Stats
Loss:
  total: 0.20986263155937196
Metrics:
  cityscapes_dice: 0.8942878723144532
  cityscapes_jaccard_macro: 0.44210863709449766
  cityscapes_jaccard_micro: 0.8819332718849182

2024-02-24 14:54:44,244 - INFO - Validation Stats
Loss:
  total: 0.3776128445751965
Metrics:
  cityscapes_dice: 0.8498774971812963
  cityscapes_jaccard_macro: 0.34564781468361616
  cityscapes_jaccard_micro: 0.808109987527132

2024-02-24 14:54:44,245 - INFO - Epoch 60/120
2024-02-24 14:54:57,579 - INFO - Train Stats
Loss:
  total: 0.21113066375255585
Metrics:
  cityscapes_dice: 0.891933012008667
  cityscapes_jaccard_macro: 0.4408040404319763
  cityscapes_jaccard_micro: 0.880993640422821

2024-02-24 14:55:22,250 - INFO - Validation Stats
Loss:
  total: 0.36548044066876173
Metrics:
  cityscapes_dice: 0.8527542259544134
  cityscapes_jaccard_macro: 0.34679043758660555
  cityscapes_jaccard_micro: 0.810607049614191

2024-02-24 14:55:23,585 - INFO - Epoch 61/120
2024-02-24 14:55:50,346 - INFO - Train Stats
Loss:
  total: 0.20625218451023103
Metrics:
  cityscapes_dice: 0.8942325592041016
  cityscapes_jaccard_macro: 0.434404593706131
  cityscapes_jaccard_micro: 0.8830652475357056

2024-02-24 14:56:13,422 - INFO - Validation Stats
Loss:
  total: 0.36703078588470817
Metrics:
  cityscapes_dice: 0.8523651547729969
  cityscapes_jaccard_macro: 0.3517285594716668
  cityscapes_jaccard_micro: 0.8117308914661407

2024-02-24 14:56:13,422 - INFO - Epoch 62/120
2024-02-24 14:56:26,716 - INFO - Train Stats
Loss:
  total: 0.20514492094516754
Metrics:
  cityscapes_dice: 0.8916695475578308
  cityscapes_jaccard_macro: 0.43472927808761597
  cityscapes_jaccard_micro: 0.8837316155433654

2024-02-24 14:56:50,066 - INFO - Validation Stats
Loss:
  total: 0.3740017404779792
Metrics:
  cityscapes_dice: 0.8508170321583748
  cityscapes_jaccard_macro: 0.36022357270121574
  cityscapes_jaccard_micro: 0.8090067487210035

2024-02-24 14:56:50,066 - INFO - Epoch 63/120
2024-02-24 14:57:03,464 - INFO - Train Stats
Loss:
  total: 0.22120175659656524
Metrics:
  cityscapes_dice: 0.8893221974372864
  cityscapes_jaccard_macro: 0.438952761888504
  cityscapes_jaccard_micro: 0.875398325920105

2024-02-24 14:57:26,750 - INFO - Validation Stats
Loss:
  total: 0.36589270271360874
Metrics:
  cityscapes_dice: 0.8538945838809013
  cityscapes_jaccard_macro: 0.35775018483400345
  cityscapes_jaccard_micro: 0.8129433859139681

2024-02-24 14:57:26,751 - INFO - Epoch 64/120
2024-02-24 14:57:59,778 - INFO - Train Stats
Loss:
  total: 0.19740526676177977
Metrics:
  cityscapes_dice: 0.8981153249740601
  cityscapes_jaccard_macro: 0.45556263327598573
  cityscapes_jaccard_micro: 0.8877001762390136

2024-02-24 14:58:22,535 - INFO - Validation Stats
Loss:
  total: 0.3602147726342082
Metrics:
  cityscapes_dice: 0.8536605350673199
  cityscapes_jaccard_macro: 0.3636952545493841
  cityscapes_jaccard_micro: 0.8134948592633009

2024-02-24 14:58:23,187 - INFO - Epoch 65/120
2024-02-24 14:58:36,632 - INFO - Train Stats
Loss:
  total: 0.21128908395767212
Metrics:
  cityscapes_dice: 0.8946376204490661
  cityscapes_jaccard_macro: 0.447237229347229
  cityscapes_jaccard_micro: 0.880766499042511

2024-02-24 14:58:59,861 - INFO - Validation Stats
Loss:
  total: 0.3767070798203349
Metrics:
  cityscapes_dice: 0.8483763486146927
  cityscapes_jaccard_macro: 0.3564614048227668
  cityscapes_jaccard_micro: 0.8078338764607906

2024-02-24 14:58:59,861 - INFO - Epoch 66/120
2024-02-24 14:59:13,280 - INFO - Train Stats
Loss:
  total: 0.20303774178028106
Metrics:
  cityscapes_dice: 0.8959059357643128
  cityscapes_jaccard_macro: 0.46248125433921816
  cityscapes_jaccard_micro: 0.8843076825141907

2024-02-24 14:59:36,935 - INFO - Validation Stats
Loss:
  total: 0.3684453540481627
Metrics:
  cityscapes_dice: 0.8521075118333101
  cityscapes_jaccard_macro: 0.35410172026604414
  cityscapes_jaccard_micro: 0.8104547839611769

2024-02-24 14:59:36,935 - INFO - Epoch 67/120
2024-02-24 14:59:50,347 - INFO - Train Stats
Loss:
  total: 0.20133948922157288
Metrics:
  cityscapes_dice: 0.897938871383667
  cityscapes_jaccard_macro: 0.4422852694988251
  cityscapes_jaccard_micro: 0.8848807573318481

2024-02-24 15:00:28,469 - INFO - Validation Stats
Loss:
  total: 0.36479556327685714
Metrics:
  cityscapes_dice: 0.8532073255628347
  cityscapes_jaccard_macro: 0.3551228931173682
  cityscapes_jaccard_micro: 0.8133166804909706

2024-02-24 15:00:28,469 - INFO - Epoch 68/120
2024-02-24 15:00:42,214 - INFO - Train Stats
Loss:
  total: 0.20302045941352845
Metrics:
  cityscapes_dice: 0.8945536136627197
  cityscapes_jaccard_macro: 0.4674278497695923
  cityscapes_jaccard_micro: 0.8839673876762391

2024-02-24 15:01:09,824 - INFO - Validation Stats
Loss:
  total: 0.3510597823187709
Metrics:
  cityscapes_dice: 0.8564774878323078
  cityscapes_jaccard_macro: 0.3583941366523504
  cityscapes_jaccard_micro: 0.818851251155138

2024-02-24 15:01:10,516 - INFO - Epoch 69/120
2024-02-24 15:01:33,901 - INFO - Train Stats
Loss:
  total: 0.1961248427629471
Metrics:
  cityscapes_dice: 0.8993114471435547
  cityscapes_jaccard_macro: 0.46008628606796265
  cityscapes_jaccard_micro: 0.8880878806114196

2024-02-24 15:01:58,916 - INFO - Validation Stats
Loss:
  total: 0.3583260499872267
Metrics:
  cityscapes_dice: 0.8548517115414143
  cityscapes_jaccard_macro: 0.3629225008189678
  cityscapes_jaccard_micro: 0.815091097727418

2024-02-24 15:01:58,917 - INFO - Epoch 70/120
2024-02-24 15:02:12,815 - INFO - Train Stats
Loss:
  total: 0.1970115512609482
Metrics:
  cityscapes_dice: 0.8972080707550049
  cityscapes_jaccard_macro: 0.44830224514007566
  cityscapes_jaccard_micro: 0.8880444288253784

2024-02-24 15:02:37,583 - INFO - Validation Stats
Loss:
  total: 0.3560750880278647
Metrics:
  cityscapes_dice: 0.8552690427750349
  cityscapes_jaccard_macro: 0.3644728008657694
  cityscapes_jaccard_micro: 0.8171320576220751

2024-02-24 15:02:38,290 - INFO - Epoch 71/120
2024-02-24 15:02:55,197 - INFO - Train Stats
Loss:
  total: 0.19559745192527772
Metrics:
  cityscapes_dice: 0.8964256405830383
  cityscapes_jaccard_macro: 0.48808795809745786
  cityscapes_jaccard_micro: 0.8885791897773743

2024-02-24 15:03:53,692 - INFO - Validation Stats
Loss:
  total: 0.3503485228866339
Metrics:
  cityscapes_dice: 0.8545686360448599
  cityscapes_jaccard_macro: 0.3654505517333746
  cityscapes_jaccard_micro: 0.8174191676080227

2024-02-24 15:03:54,369 - INFO - Epoch 72/120
2024-02-24 15:04:07,901 - INFO - Train Stats
Loss:
  total: 0.18793046176433564
Metrics:
  cityscapes_dice: 0.9034241557121276
  cityscapes_jaccard_macro: 0.47901950478553773
  cityscapes_jaccard_micro: 0.893146526813507

2024-02-24 15:05:21,293 - INFO - Validation Stats
Loss:
  total: 0.36303189443424344
Metrics:
  cityscapes_dice: 0.8529675807803869
  cityscapes_jaccard_macro: 0.3687029741704464
  cityscapes_jaccard_micro: 0.8136227391660213

2024-02-24 15:05:21,294 - INFO - Epoch 73/120
2024-02-24 15:06:02,624 - INFO - Train Stats
Loss:
  total: 0.20724341571331023
Metrics:
  cityscapes_dice: 0.8967227339744568
  cityscapes_jaccard_macro: 0.45562523007392886
  cityscapes_jaccard_micro: 0.8820879936218262

2024-02-24 15:07:07,379 - INFO - Validation Stats
Loss:
  total: 0.3633968271315098
Metrics:
  cityscapes_dice: 0.8529008496552706
  cityscapes_jaccard_macro: 0.36278648022562265
  cityscapes_jaccard_micro: 0.8127094730734825

2024-02-24 15:07:07,379 - INFO - Epoch 74/120
2024-02-24 15:07:20,867 - INFO - Train Stats
Loss:
  total: 0.19179985523223878
Metrics:
  cityscapes_dice: 0.9002135872840882
  cityscapes_jaccard_macro: 0.4645900666713715
  cityscapes_jaccard_micro: 0.8913989901542664

2024-02-24 15:07:44,158 - INFO - Validation Stats
Loss:
  total: 0.35925653483718634
Metrics:
  cityscapes_dice: 0.8547330815345049
  cityscapes_jaccard_macro: 0.3681572712957859
  cityscapes_jaccard_micro: 0.8152500297874212

2024-02-24 15:07:44,159 - INFO - Epoch 75/120
2024-02-24 15:07:57,879 - INFO - Train Stats
Loss:
  total: 0.18843316435813903
Metrics:
  cityscapes_dice: 0.901837170124054
  cityscapes_jaccard_macro: 0.49592067003250123
  cityscapes_jaccard_micro: 0.8923996567726136

2024-02-24 15:08:44,147 - INFO - Validation Stats
Loss:
  total: 0.3655387284234166
Metrics:
  cityscapes_dice: 0.8537592999637127
  cityscapes_jaccard_macro: 0.3652443019673228
  cityscapes_jaccard_micro: 0.8120915181934834

2024-02-24 15:08:44,148 - INFO - Epoch 76/120
2024-02-24 15:09:15,961 - INFO - Train Stats
Loss:
  total: 0.1992299050092697
Metrics:
  cityscapes_dice: 0.8989471435546875
  cityscapes_jaccard_macro: 0.4806262969970703
  cityscapes_jaccard_micro: 0.8864036083221436

2024-02-24 15:09:38,753 - INFO - Validation Stats
Loss:
  total: 0.35994030022993684
Metrics:
  cityscapes_dice: 0.8534189518541098
  cityscapes_jaccard_macro: 0.364431407302618
  cityscapes_jaccard_micro: 0.8152017500251532

2024-02-24 15:09:38,753 - INFO - Epoch 77/120
2024-02-24 15:09:52,074 - INFO - Train Stats
Loss:
  total: 0.19607550501823426
Metrics:
  cityscapes_dice: 0.8980656623840332
  cityscapes_jaccard_macro: 0.46226192116737364
  cityscapes_jaccard_micro: 0.8867380619049072

2024-02-24 15:10:15,372 - INFO - Validation Stats
Loss:
  total: 0.354135655798018
Metrics:
  cityscapes_dice: 0.8553379159420729
  cityscapes_jaccard_macro: 0.3737962208688259
  cityscapes_jaccard_micro: 0.8162655290216208

2024-02-24 15:10:15,372 - INFO - Epoch 78/120
2024-02-24 15:10:28,701 - INFO - Train Stats
Loss:
  total: 0.18202435970306396
Metrics:
  cityscapes_dice: 0.9028490304946899
  cityscapes_jaccard_macro: 0.49664305448532103
  cityscapes_jaccard_micro: 0.8956761002540589

2024-02-24 15:10:52,099 - INFO - Validation Stats
Loss:
  total: 0.35591568797826767
Metrics:
  cityscapes_dice: 0.8555164225399494
  cityscapes_jaccard_macro: 0.3829288873821497
  cityscapes_jaccard_micro: 0.8178578000515699

2024-02-24 15:10:52,099 - INFO - Epoch 79/120
2024-02-24 15:11:13,382 - INFO - Train Stats
Loss:
  total: 0.18826728463172912
Metrics:
  cityscapes_dice: 0.8979470610618592
  cityscapes_jaccard_macro: 0.48278339505195617
  cityscapes_jaccard_micro: 0.8914980173110962

2024-02-24 15:11:37,086 - INFO - Validation Stats
Loss:
  total: 0.36357917776331306
Metrics:
  cityscapes_dice: 0.8534297924488783
  cityscapes_jaccard_macro: 0.3765737349167466
  cityscapes_jaccard_micro: 0.8159139845520258

2024-02-24 15:11:37,086 - INFO - Epoch 80/120
2024-02-24 15:11:50,425 - INFO - Train Stats
Loss:
  total: 0.18594251871109008
Metrics:
  cityscapes_dice: 0.9023417592048645
  cityscapes_jaccard_macro: 0.48725712299346924
  cityscapes_jaccard_micro: 0.8927564740180969

2024-02-24 15:12:13,601 - INFO - Validation Stats
Loss:
  total: 0.3682303703390062
Metrics:
  cityscapes_dice: 0.852837460115552
  cityscapes_jaccard_macro: 0.37456628680229187
  cityscapes_jaccard_micro: 0.8132553640753031

2024-02-24 15:12:14,289 - INFO - Epoch 81/120
2024-02-24 15:12:52,280 - INFO - Train Stats
Loss:
  total: 0.19333356618881226
Metrics:
  cityscapes_dice: 0.8975138187408447
  cityscapes_jaccard_macro: 0.4927310585975647
  cityscapes_jaccard_micro: 0.8905930399894715

2024-02-24 15:13:26,180 - INFO - Validation Stats
Loss:
  total: 0.35019764862954617
Metrics:
  cityscapes_dice: 0.8555953484028578
  cityscapes_jaccard_macro: 0.3737287325784564
  cityscapes_jaccard_micro: 0.8193874899297953

2024-02-24 15:13:26,828 - INFO - Epoch 82/120
2024-02-24 15:13:40,346 - INFO - Train Stats
Loss:
  total: 0.1801475316286087
Metrics:
  cityscapes_dice: 0.9000444293022156
  cityscapes_jaccard_macro: 0.4824407696723938
  cityscapes_jaccard_micro: 0.8939117908477783

2024-02-24 15:14:04,874 - INFO - Validation Stats
Loss:
  total: 0.3616938106715679
Metrics:
  cityscapes_dice: 0.8550154939293861
  cityscapes_jaccard_macro: 0.3810855932533741
  cityscapes_jaccard_micro: 0.8159645721316338

2024-02-24 15:14:04,874 - INFO - Epoch 83/120
2024-02-24 15:14:18,745 - INFO - Train Stats
Loss:
  total: 0.18726990520954132
Metrics:
  cityscapes_dice: 0.903223741054535
  cityscapes_jaccard_macro: 0.48622995615005493
  cityscapes_jaccard_micro: 0.8928209066390991

2024-02-24 15:14:47,715 - INFO - Validation Stats
Loss:
  total: 0.3520039520226419
Metrics:
  cityscapes_dice: 0.8551337104290724
  cityscapes_jaccard_macro: 0.3782780962064862
  cityscapes_jaccard_micro: 0.8182944282889366

2024-02-24 15:14:47,715 - INFO - Epoch 84/120
2024-02-24 15:15:01,214 - INFO - Train Stats
Loss:
  total: 0.18264054358005524
Metrics:
  cityscapes_dice: 0.9023541331291198
  cityscapes_jaccard_macro: 0.47637317776679994
  cityscapes_jaccard_micro: 0.8923297882080078

2024-02-24 15:15:24,346 - INFO - Validation Stats
Loss:
  total: 0.37370128091424704
Metrics:
  cityscapes_dice: 0.8505627512931824
  cityscapes_jaccard_macro: 0.3721943153068423
  cityscapes_jaccard_micro: 0.8100454900413752

2024-02-24 15:15:24,346 - INFO - Epoch 85/120
2024-02-24 15:15:38,845 - INFO - Train Stats
Loss:
  total: 0.18260627388954162
Metrics:
  cityscapes_dice: 0.9037486433982849
  cityscapes_jaccard_macro: 0.5024178385734558
  cityscapes_jaccard_micro: 0.894484007358551

2024-02-24 15:16:02,136 - INFO - Validation Stats
Loss:
  total: 0.35230521531775594
Metrics:
  cityscapes_dice: 0.8562384136021137
  cityscapes_jaccard_macro: 0.3823148738592863
  cityscapes_jaccard_micro: 0.8187675699591637

2024-02-24 15:16:02,136 - INFO - Epoch 86/120
2024-02-24 15:16:40,348 - INFO - Train Stats
Loss:
  total: 0.1777264207601547
Metrics:
  cityscapes_dice: 0.904261338710785
  cityscapes_jaccard_macro: 0.48225768804550173
  cityscapes_jaccard_micro: 0.8967715978622437

2024-02-24 15:18:40,772 - INFO - Validation Stats
Loss:
  total: 0.34604840027168393
Metrics:
  cityscapes_dice: 0.8564683645963669
  cityscapes_jaccard_macro: 0.3794455574825406
  cityscapes_jaccard_micro: 0.8205250110477209

2024-02-24 15:18:41,368 - INFO - Epoch 87/120
2024-02-24 15:18:54,817 - INFO - Train Stats
Loss:
  total: 0.17979362607002258
Metrics:
  cityscapes_dice: 0.9006258010864258
  cityscapes_jaccard_macro: 0.4915257453918457
  cityscapes_jaccard_micro: 0.8961826682090759

2024-02-24 15:19:18,039 - INFO - Validation Stats
Loss:
  total: 0.3505181707441807
Metrics:
  cityscapes_dice: 0.8566996734589338
  cityscapes_jaccard_macro: 0.3756185816600919
  cityscapes_jaccard_micro: 0.8206985928118229

2024-02-24 15:19:18,039 - INFO - Epoch 88/120
2024-02-24 15:19:44,667 - INFO - Train Stats
Loss:
  total: 0.18952909111976624
Metrics:
  cityscapes_dice: 0.8969920873641968
  cityscapes_jaccard_macro: 0.5007309377193451
  cityscapes_jaccard_micro: 0.8898133397102356

2024-02-24 15:20:32,609 - INFO - Validation Stats
Loss:
  total: 0.358584885019809
Metrics:
  cityscapes_dice: 0.8550256304442883
  cityscapes_jaccard_macro: 0.375829485245049
  cityscapes_jaccard_micro: 0.8165445551276207

2024-02-24 15:20:32,609 - INFO - Epoch 89/120
2024-02-24 15:20:55,035 - INFO - Train Stats
Loss:
  total: 0.17235106527805327
Metrics:
  cityscapes_dice: 0.9044223904609681
  cityscapes_jaccard_macro: 0.49196076989173887
  cityscapes_jaccard_micro: 0.8992557525634766

2024-02-24 15:21:18,369 - INFO - Validation Stats
Loss:
  total: 0.3720813328400254
Metrics:
  cityscapes_dice: 0.8531720377504826
  cityscapes_jaccard_macro: 0.3829160463064909
  cityscapes_jaccard_micro: 0.8131429739296436

2024-02-24 15:21:18,370 - INFO - Epoch 90/120
2024-02-24 15:21:37,613 - INFO - Train Stats
Loss:
  total: 0.17561690211296083
Metrics:
  cityscapes_dice: 0.904684054851532
  cityscapes_jaccard_macro: 0.4862159192562103
  cityscapes_jaccard_micro: 0.897437584400177

2024-02-24 15:22:00,294 - INFO - Validation Stats
Loss:
  total: 0.3542582932859659
Metrics:
  cityscapes_dice: 0.8564054761081934
  cityscapes_jaccard_macro: 0.37870911974459887
  cityscapes_jaccard_micro: 0.8167687729001045

2024-02-24 15:22:00,893 - INFO - Epoch 91/120
2024-02-24 15:22:14,515 - INFO - Train Stats
Loss:
  total: 0.18060200810432434
Metrics:
  cityscapes_dice: 0.900155222415924
  cityscapes_jaccard_macro: 0.5111245214939117
  cityscapes_jaccard_micro: 0.8944813966751098

2024-02-24 15:23:08,838 - INFO - Validation Stats
Loss:
  total: 0.34686647076159716
Metrics:
  cityscapes_dice: 0.8564724903553724
  cityscapes_jaccard_macro: 0.3857959099113941
  cityscapes_jaccard_micro: 0.8199406825006008

2024-02-24 15:23:08,838 - INFO - Epoch 92/120
2024-02-24 15:23:22,106 - INFO - Train Stats
Loss:
  total: 0.18480076491832734
Metrics:
  cityscapes_dice: 0.8970859289169312
  cityscapes_jaccard_macro: 0.5081896185874939
  cityscapes_jaccard_micro: 0.8921201825141907

2024-02-24 15:24:08,156 - INFO - Validation Stats
Loss:
  total: 0.35022151516750455
Metrics:
  cityscapes_dice: 0.8566548656672239
  cityscapes_jaccard_macro: 0.3793797055259347
  cityscapes_jaccard_micro: 0.8189709018915892

2024-02-24 15:24:08,156 - INFO - Epoch 93/120
2024-02-24 15:24:21,599 - INFO - Train Stats
Loss:
  total: 0.17484666407108307
Metrics:
  cityscapes_dice: 0.9010896682739258
  cityscapes_jaccard_macro: 0.5057031273841858
  cityscapes_jaccard_micro: 0.8973291754722595

2024-02-24 15:24:44,908 - INFO - Validation Stats
Loss:
  total: 0.3649930786341429
Metrics:
  cityscapes_dice: 0.8524363972246647
  cityscapes_jaccard_macro: 0.38003196381032467
  cityscapes_jaccard_micro: 0.8133506327867508

2024-02-24 15:24:44,908 - INFO - Epoch 94/120
2024-02-24 15:24:58,458 - INFO - Train Stats
Loss:
  total: 0.17275297343730928
Metrics:
  cityscapes_dice: 0.9045861482620239
  cityscapes_jaccard_macro: 0.4830834209918976
  cityscapes_jaccard_micro: 0.8988921046257019

2024-02-24 15:25:22,122 - INFO - Validation Stats
Loss:
  total: 0.3488093288615346
Metrics:
  cityscapes_dice: 0.857088940218091
  cityscapes_jaccard_macro: 0.38636629562824965
  cityscapes_jaccard_micro: 0.8198283035308123

2024-02-24 15:25:22,122 - INFO - Epoch 95/120
2024-02-24 15:25:35,585 - INFO - Train Stats
Loss:
  total: 0.17181738018989562
Metrics:
  cityscapes_dice: 0.9042298197746277
  cityscapes_jaccard_macro: 0.49759507179260254
  cityscapes_jaccard_micro: 0.8980412960052491

2024-02-24 15:26:07,204 - INFO - Validation Stats
Loss:
  total: 0.3575830194167793
Metrics:
  cityscapes_dice: 0.8560798484832048
  cityscapes_jaccard_macro: 0.38896811846643686
  cityscapes_jaccard_micro: 0.8186933752149343

2024-02-24 15:26:07,204 - INFO - Epoch 96/120
2024-02-24 15:26:31,304 - INFO - Train Stats
Loss:
  total: 0.18302843272686004
Metrics:
  cityscapes_dice: 0.9017582654953002
  cityscapes_jaccard_macro: 0.508219987154007
  cityscapes_jaccard_micro: 0.8925228595733643

2024-02-24 15:27:02,251 - INFO - Validation Stats
Loss:
  total: 0.3535418747924268
Metrics:
  cityscapes_dice: 0.8565558716654778
  cityscapes_jaccard_macro: 0.3898710757493973
  cityscapes_jaccard_micro: 0.8181284815073013

2024-02-24 15:27:02,252 - INFO - Epoch 97/120
2024-02-24 15:27:16,132 - INFO - Train Stats
Loss:
  total: 0.1734333485364914
Metrics:
  cityscapes_dice: 0.9049036264419555
  cityscapes_jaccard_macro: 0.49132161736488345
  cityscapes_jaccard_micro: 0.8976251602172851

2024-02-24 15:27:41,164 - INFO - Validation Stats
Loss:
  total: 0.3558684536255896
Metrics:
  cityscapes_dice: 0.855066591873765
  cityscapes_jaccard_macro: 0.38666004221886396
  cityscapes_jaccard_micro: 0.8162332251667976

2024-02-24 15:27:41,164 - INFO - Epoch 98/120
2024-02-24 15:27:55,600 - INFO - Train Stats
Loss:
  total: 0.18309429585933684
Metrics:
  cityscapes_dice: 0.8996548533439637
  cityscapes_jaccard_macro: 0.4796630799770355
  cityscapes_jaccard_micro: 0.8929634690284729

2024-02-24 15:28:19,933 - INFO - Validation Stats
Loss:
  total: 0.35048463148996234
Metrics:
  cityscapes_dice: 0.8556487206369638
  cityscapes_jaccard_macro: 0.38515578117221594
  cityscapes_jaccard_micro: 0.8177553340792656

2024-02-24 15:28:19,934 - INFO - Epoch 99/120
2024-02-24 15:28:33,594 - INFO - Train Stats
Loss:
  total: 0.17410351037979127
Metrics:
  cityscapes_dice: 0.9043504118919372
  cityscapes_jaccard_macro: 0.5148219048976899
  cityscapes_jaccard_micro: 0.8964855313301087

2024-02-24 15:28:56,668 - INFO - Validation Stats
Loss:
  total: 0.3469686796888709
Metrics:
  cityscapes_dice: 0.8565614949911833
  cityscapes_jaccard_macro: 0.37861761171370745
  cityscapes_jaccard_micro: 0.819773817434907

2024-02-24 15:28:56,668 - INFO - Epoch 100/120
2024-02-24 15:29:10,116 - INFO - Train Stats
Loss:
  total: 0.17110340297222137
Metrics:
  cityscapes_dice: 0.9066308498382568
  cityscapes_jaccard_macro: 0.5065050601959229
  cityscapes_jaccard_micro: 0.9002633213996887

2024-02-24 15:29:32,818 - INFO - Validation Stats
Loss:
  total: 0.3454425451345742
Metrics:
  cityscapes_dice: 0.8579266592860222
  cityscapes_jaccard_macro: 0.38366575818508863
  cityscapes_jaccard_micro: 0.8202817067503929

2024-02-24 15:29:34,031 - INFO - Epoch 101/120
2024-02-24 15:29:47,615 - INFO - Train Stats
Loss:
  total: 0.17698495388031005
Metrics:
  cityscapes_dice: 0.9017144918441773
  cityscapes_jaccard_macro: 0.48584980368614195
  cityscapes_jaccard_micro: 0.8943478465080261

2024-02-24 15:30:21,202 - INFO - Validation Stats
Loss:
  total: 0.35499235102906823
Metrics:
  cityscapes_dice: 0.8534191213548183
  cityscapes_jaccard_macro: 0.38991651590913534
  cityscapes_jaccard_micro: 0.8170817233622074

2024-02-24 15:30:21,202 - INFO - Epoch 102/120
2024-02-24 15:30:54,721 - INFO - Train Stats
Loss:
  total: 0.18925881683826445
Metrics:
  cityscapes_dice: 0.8975103735923767
  cityscapes_jaccard_macro: 0.4763688802719116
  cityscapes_jaccard_micro: 0.8883203506469727

2024-02-24 15:31:19,369 - INFO - Validation Stats
Loss:
  total: 0.3481106525287032
Metrics:
  cityscapes_dice: 0.8570156116038561
  cityscapes_jaccard_macro: 0.3846990279853344
  cityscapes_jaccard_micro: 0.8203385565429926

2024-02-24 15:31:19,369 - INFO - Epoch 103/120
2024-02-24 15:31:33,020 - INFO - Train Stats
Loss:
  total: 0.17995690405368805
Metrics:
  cityscapes_dice: 0.8989495038986206
  cityscapes_jaccard_macro: 0.47586463689804076
  cityscapes_jaccard_micro: 0.8944496631622314

2024-02-24 15:32:04,603 - INFO - Validation Stats
Loss:
  total: 0.3496932042762637
Metrics:
  cityscapes_dice: 0.8576258812099695
  cityscapes_jaccard_macro: 0.3910477673634887
  cityscapes_jaccard_micro: 0.8202153369784355

2024-02-24 15:32:04,604 - INFO - Epoch 104/120
2024-02-24 15:32:30,567 - INFO - Train Stats
Loss:
  total: 0.17207684218883515
Metrics:
  cityscapes_dice: 0.9033552289009095
  cityscapes_jaccard_macro: 0.5232616782188415
  cityscapes_jaccard_micro: 0.898950171470642

2024-02-24 15:33:53,451 - INFO - Validation Stats
Loss:
  total: 0.35128177097067237
Metrics:
  cityscapes_dice: 0.8559417314827442
  cityscapes_jaccard_macro: 0.3876066403463483
  cityscapes_jaccard_micro: 0.8197267148643732

2024-02-24 15:33:53,451 - INFO - Epoch 105/120
2024-02-24 15:34:21,972 - INFO - Train Stats
Loss:
  total: 0.1757497876882553
Metrics:
  cityscapes_dice: 0.9021761655807495
  cityscapes_jaccard_macro: 0.49715410470962523
  cityscapes_jaccard_micro: 0.8968352437019348

2024-02-24 15:34:51,360 - INFO - Validation Stats
Loss:
  total: 0.358270903583616
Metrics:
  cityscapes_dice: 0.8537999931722879
  cityscapes_jaccard_macro: 0.37691284622997046
  cityscapes_jaccard_micro: 0.81482401676476

2024-02-24 15:34:51,360 - INFO - Epoch 106/120
2024-02-24 15:35:22,626 - INFO - Train Stats
Loss:
  total: 0.16911641359329224
Metrics:
  cityscapes_dice: 0.9069868922233582
  cityscapes_jaccard_macro: 0.4885499179363251
  cityscapes_jaccard_micro: 0.8989153504371643

2024-02-24 15:35:45,481 - INFO - Validation Stats
Loss:
  total: 0.3481822060421109
Metrics:
  cityscapes_dice: 0.8567619156092405
  cityscapes_jaccard_macro: 0.3897845549508929
  cityscapes_jaccard_micro: 0.8196034282445908

2024-02-24 15:35:45,481 - INFO - Epoch 107/120
2024-02-24 15:35:58,882 - INFO - Train Stats
Loss:
  total: 0.16403187811374664
Metrics:
  cityscapes_dice: 0.9065778851509094
  cityscapes_jaccard_macro: 0.5021852612495422
  cityscapes_jaccard_micro: 0.9028238654136658

2024-02-24 15:36:22,819 - INFO - Validation Stats
Loss:
  total: 0.34348892187699676
Metrics:
  cityscapes_dice: 0.8572397734969854
  cityscapes_jaccard_macro: 0.3835917003452778
  cityscapes_jaccard_micro: 0.8214866518974304

2024-02-24 15:36:23,443 - INFO - Epoch 108/120
2024-02-24 15:36:37,618 - INFO - Train Stats
Loss:
  total: 0.17510961294174193
Metrics:
  cityscapes_dice: 0.9020007610321045
  cityscapes_jaccard_macro: 0.5178009152412415
  cityscapes_jaccard_micro: 0.8967390775680542

2024-02-24 15:37:11,644 - INFO - Validation Stats
Loss:
  total: 0.3526170733384788
Metrics:
  cityscapes_dice: 0.8552731871604919
  cityscapes_jaccard_macro: 0.38469210267066956
  cityscapes_jaccard_micro: 0.817839989438653

2024-02-24 15:37:11,644 - INFO - Epoch 109/120
2024-02-24 15:37:24,988 - INFO - Train Stats
Loss:
  total: 0.16672443151473998
Metrics:
  cityscapes_dice: 0.9081738591194153
  cityscapes_jaccard_macro: 0.5004747807979584
  cityscapes_jaccard_micro: 0.901299774646759

2024-02-24 15:37:48,222 - INFO - Validation Stats
Loss:
  total: 0.3417958696372807
Metrics:
  cityscapes_dice: 0.8576814401894808
  cityscapes_jaccard_macro: 0.3851581932976842
  cityscapes_jaccard_micro: 0.8217223044484854

2024-02-24 15:37:48,806 - INFO - Epoch 110/120
2024-02-24 15:38:02,197 - INFO - Train Stats
Loss:
  total: 0.16050216555595398
Metrics:
  cityscapes_dice: 0.9066278219223023
  cityscapes_jaccard_macro: 0.5222341120243073
  cityscapes_jaccard_micro: 0.9050755500793457

2024-02-24 15:38:24,953 - INFO - Validation Stats
Loss:
  total: 0.35360649321228266
Metrics:
  cityscapes_dice: 0.8557509742677212
  cityscapes_jaccard_macro: 0.3878047950565815
  cityscapes_jaccard_micro: 0.8173361085355282

2024-02-24 15:38:25,553 - INFO - Epoch 111/120
2024-02-24 15:38:39,028 - INFO - Train Stats
Loss:
  total: 0.1699794799089432
Metrics:
  cityscapes_dice: 0.9049253225326538
  cityscapes_jaccard_macro: 0.5159278035163879
  cityscapes_jaccard_micro: 0.8999346613883972

2024-02-24 15:39:02,191 - INFO - Validation Stats
Loss:
  total: 0.34668493503704667
Metrics:
  cityscapes_dice: 0.8574693035334349
  cityscapes_jaccard_macro: 0.38703513611108065
  cityscapes_jaccard_micro: 0.819750377908349

2024-02-24 15:39:02,191 - INFO - Epoch 112/120
2024-02-24 15:39:15,926 - INFO - Train Stats
Loss:
  total: 0.1679125040769577
Metrics:
  cityscapes_dice: 0.9065069913864136
  cityscapes_jaccard_macro: 0.5140965819358826
  cityscapes_jaccard_micro: 0.9014463067054749

2024-02-24 15:40:58,294 - INFO - Validation Stats
Loss:
  total: 0.3514926270581782
Metrics:
  cityscapes_dice: 0.8554884269833565
  cityscapes_jaccard_macro: 0.38793295435607433
  cityscapes_jaccard_micro: 0.8191954363137484

2024-02-24 15:40:58,294 - INFO - Epoch 113/120
2024-02-24 15:41:12,005 - INFO - Train Stats
Loss:
  total: 0.16987614333629608
Metrics:
  cityscapes_dice: 0.9048137784004211
  cityscapes_jaccard_macro: 0.49860224723815916
  cityscapes_jaccard_micro: 0.8983181834220886

2024-02-24 15:42:07,967 - INFO - Validation Stats
Loss:
  total: 0.34471593983471394
Metrics:
  cityscapes_dice: 0.8577817231416702
  cityscapes_jaccard_macro: 0.38787618465721607
  cityscapes_jaccard_micro: 0.8219554293900728

2024-02-24 15:42:07,967 - INFO - Epoch 114/120
2024-02-24 15:42:22,170 - INFO - Train Stats
Loss:
  total: 0.1651073068380356
Metrics:
  cityscapes_dice: 0.904406464099884
  cityscapes_jaccard_macro: 0.5071974694728851
  cityscapes_jaccard_micro: 0.901870584487915

2024-02-24 15:42:48,317 - INFO - Validation Stats
Loss:
  total: 0.346708164550364
Metrics:
  cityscapes_dice: 0.8586198091506958
  cityscapes_jaccard_macro: 0.39229579363018274
  cityscapes_jaccard_micro: 0.821528060361743

2024-02-24 15:42:48,317 - INFO - Epoch 115/120
2024-02-24 15:43:12,700 - INFO - Train Stats
Loss:
  total: 0.17564865946769714
Metrics:
  cityscapes_dice: 0.8999750852584839
  cityscapes_jaccard_macro: 0.49955841302871706
  cityscapes_jaccard_micro: 0.8969061732292175

2024-02-24 15:45:29,042 - INFO - Validation Stats
Loss:
  total: 0.35612299805507064
Metrics:
  cityscapes_dice: 0.855805853381753
  cityscapes_jaccard_macro: 0.3918024320155382
  cityscapes_jaccard_micro: 0.8181833159178495

2024-02-24 15:45:29,042 - INFO - Epoch 116/120
2024-02-24 15:45:42,512 - INFO - Train Stats
Loss:
  total: 0.17380087375640868
Metrics:
  cityscapes_dice: 0.9040421128273011
  cityscapes_jaccard_macro: 0.5003999233245849
  cityscapes_jaccard_micro: 0.896828579902649

2024-02-24 15:46:06,512 - INFO - Validation Stats
Loss:
  total: 0.34946195781230927
Metrics:
  cityscapes_dice: 0.8572223093360662
  cityscapes_jaccard_macro: 0.3922838792204857
  cityscapes_jaccard_micro: 0.8203146755695343

2024-02-24 15:46:06,512 - INFO - Epoch 117/120
2024-02-24 15:46:23,811 - INFO - Train Stats
Loss:
  total: 0.1663228154182434
Metrics:
  cityscapes_dice: 0.9076165676116943
  cityscapes_jaccard_macro: 0.5020452201366424
  cityscapes_jaccard_micro: 0.9010661959648132

2024-02-24 15:47:15,756 - INFO - Validation Stats
Loss:
  total: 0.3457583198323846
Metrics:
  cityscapes_dice: 0.8591161165386438
  cityscapes_jaccard_macro: 0.39564103726297617
  cityscapes_jaccard_micro: 0.820585411041975

2024-02-24 15:47:15,756 - INFO - Epoch 118/120
2024-02-24 15:47:29,256 - INFO - Train Stats
Loss:
  total: 0.17873731553554534
Metrics:
  cityscapes_dice: 0.9033413290977478
  cityscapes_jaccard_macro: 0.4911203384399414
  cityscapes_jaccard_micro: 0.8938000082969666

2024-02-24 15:48:30,542 - INFO - Validation Stats
Loss:
  total: 0.35514245135709643
Metrics:
  cityscapes_dice: 0.8558153882622719
  cityscapes_jaccard_macro: 0.3842941243201494
  cityscapes_jaccard_micro: 0.818962087854743

2024-02-24 15:48:30,542 - INFO - Epoch 119/120
2024-02-24 15:48:43,879 - INFO - Train Stats
Loss:
  total: 0.1783985197544098
Metrics:
  cityscapes_dice: 0.9014068245887756
  cityscapes_jaccard_macro: 0.5011878907680511
  cityscapes_jaccard_micro: 0.8943625211715698

2024-02-24 15:49:07,478 - INFO - Validation Stats
Loss:
  total: 0.3479544776491821
Metrics:
  cityscapes_dice: 0.8570535555481911
  cityscapes_jaccard_macro: 0.38813389372080564
  cityscapes_jaccard_micro: 0.8200117070227861

2024-02-24 15:49:07,479 - INFO - Epoch 120/120
2024-02-24 15:49:23,128 - INFO - Train Stats
Loss:
  total: 0.1665505588054657
Metrics:
  cityscapes_dice: 0.90683673620224
  cityscapes_jaccard_macro: 0.5152318239212036
  cityscapes_jaccard_micro: 0.9022074699401855

2024-02-24 15:50:03,002 - INFO - Validation Stats
Loss:
  total: 0.33739534486085176
Metrics:
  cityscapes_dice: 0.8589412625879049
  cityscapes_jaccard_macro: 0.3847283236682415
  cityscapes_jaccard_micro: 0.8250004556030035

2024-02-24 15:50:04,274 - INFO - Best validation loss: 0.33739534486085176
2024-02-24 15:50:04,796 - INFO - Best model saved to /home/up201905337/exploring-label-efficiency/weights/sl_cityscapes_deeplabv3_77l.pth
2024-02-24 15:50:04,801 - INFO - Training took 6491.751847267151 seconds to complete
