2024-06-23 21:33:38,511 - INFO - Loading configuration files...
2024-06-23 21:33:38,624 - INFO - Loading model configuration
args:
  backbone: mobilenet_v3_large
  num_classes: 20
class: DeepLabV3

2024-06-23 21:33:38,636 - INFO - Loading train_dataset configuration
args:
  num_labeled: 35
  root: /data/auto/kitti
  train_val_test_split:
  - 0.7
  - 0.1
  - 0.2
class: SemiSupervisedKittiSeg

2024-06-23 21:33:38,648 - INFO - Loading val_dataset configuration
args:
  root: /data/auto/kitti
  train_val_test_split:
  - 0.7
  - 0.1
  - 0.2
class: KittiSeg

2024-06-23 21:33:38,655 - INFO - Loading optimizer configuration
args:
  lr: 0.001
class: Adam

2024-06-23 21:33:38,656 - INFO - Loading loss configuration
args:
  ignore_index: 0
class: CrossEntropyLoss

2024-06-23 21:33:38,732 - INFO - Loading metrics configuration
kitti_dice:
  args:
    average: micro
    ignore_index: 0
    num_classes: 20
  class: Dice
kitti_jaccard_macro:
  args:
    average: macro
    ignore_index: 0
    num_classes: 20
    task: multiclass
    validate_args: false
  class: JaccardIndex
kitti_jaccard_micro:
  args:
    average: micro
    ignore_index: 0
    num_classes: 20
    task: multiclass
    validate_args: false
  class: JaccardIndex

2024-06-23 21:33:38,732 - INFO - Loading hyperparameters configuration
batch_size: 8
ema_decay: null
epochs: 120
num_workers: 4
save_freq: 5

2024-06-23 21:33:38,742 - INFO - Using device: cuda
2024-06-23 21:33:38,802 - INFO - Training for 120 epochs
2024-06-23 21:33:38,803 - INFO - Epoch 1/120
2024-06-23 21:33:40,641 - INFO - Train Stats
Loss:
  total: 1.8766385316848755
Metrics:
  kitti_dice: 0.534906542301178
  kitti_jaccard_macro: 0.13324683532118797
  kitti_jaccard_micro: 0.4150705553591251

2024-06-23 21:33:41,115 - INFO - Validation Stats
Loss:
  total: 1.5679918924967449
Metrics:
  kitti_dice: 0.6327477892239889
  kitti_jaccard_macro: 0.1664834519227346
  kitti_jaccard_micro: 0.47634342312812805

2024-06-23 21:33:41,231 - INFO - Epoch 2/120
2024-06-23 21:33:42,313 - INFO - Train Stats
Loss:
  total: 0.948229992389679
Metrics:
  kitti_dice: 0.7415781378746032
  kitti_jaccard_macro: 0.21908119916915894
  kitti_jaccard_micro: 0.6193653702735901

2024-06-23 21:33:42,737 - INFO - Validation Stats
Loss:
  total: 1.2065645058949788
Metrics:
  kitti_dice: 0.6731273134549459
  kitti_jaccard_macro: 0.1960084786017736
  kitti_jaccard_micro: 0.5226659874121348

2024-06-23 21:33:42,909 - INFO - Epoch 3/120
2024-06-23 21:33:43,996 - INFO - Train Stats
Loss:
  total: 0.7670630693435669
Metrics:
  kitti_dice: 0.7634559988975524
  kitti_jaccard_macro: 0.23640464544296264
  kitti_jaccard_micro: 0.6478156089782715

2024-06-23 21:33:44,419 - INFO - Validation Stats
Loss:
  total: 1.0702390869458516
Metrics:
  kitti_dice: 0.6991008718808492
  kitti_jaccard_macro: 0.21149756014347076
  kitti_jaccard_micro: 0.5547382533550262

2024-06-23 21:33:44,597 - INFO - Epoch 4/120
2024-06-23 21:33:45,689 - INFO - Train Stats
Loss:
  total: 0.7233822464942932
Metrics:
  kitti_dice: 0.7726574659347534
  kitti_jaccard_macro: 0.26793967485427855
  kitti_jaccard_micro: 0.6621085405349731

2024-06-23 21:33:46,119 - INFO - Validation Stats
Loss:
  total: 1.0166727503140767
Metrics:
  kitti_dice: 0.7095290422439575
  kitti_jaccard_macro: 0.21950932840506235
  kitti_jaccard_micro: 0.5683454076449076

2024-06-23 21:33:46,356 - INFO - Epoch 5/120
2024-06-23 21:33:47,460 - INFO - Train Stats
Loss:
  total: 0.607789945602417
Metrics:
  kitti_dice: 0.800725769996643
  kitti_jaccard_macro: 0.27739318609237673
  kitti_jaccard_micro: 0.7019018650054931

2024-06-23 21:33:47,872 - INFO - Validation Stats
Loss:
  total: 0.883115828037262
Metrics:
  kitti_dice: 0.7413283983866373
  kitti_jaccard_macro: 0.2438790649175644
  kitti_jaccard_micro: 0.6077273686726888

2024-06-23 21:33:48,154 - INFO - Epoch 6/120
2024-06-23 21:33:49,235 - INFO - Train Stats
Loss:
  total: 0.6545651078224182
Metrics:
  kitti_dice: 0.7788130283355713
  kitti_jaccard_macro: 0.2823375046253204
  kitti_jaccard_micro: 0.6769116640090942

2024-06-23 21:33:49,658 - INFO - Validation Stats
Loss:
  total: 0.9820954004923502
Metrics:
  kitti_dice: 0.7126146753629049
  kitti_jaccard_macro: 0.2231002946694692
  kitti_jaccard_micro: 0.5713567038377126

2024-06-23 21:33:49,658 - INFO - Epoch 7/120
2024-06-23 21:33:50,762 - INFO - Train Stats
Loss:
  total: 0.5460083484649658
Metrics:
  kitti_dice: 0.8144183278083801
  kitti_jaccard_macro: 0.30028052926063536
  kitti_jaccard_micro: 0.7220896363258362

2024-06-23 21:33:51,183 - INFO - Validation Stats
Loss:
  total: 0.9198851188023885
Metrics:
  kitti_dice: 0.7231011192003886
  kitti_jaccard_macro: 0.2349266310532888
  kitti_jaccard_micro: 0.5851685206095377

2024-06-23 21:33:51,184 - INFO - Epoch 8/120
2024-06-23 21:33:52,279 - INFO - Train Stats
Loss:
  total: 0.5085160255432128
Metrics:
  kitti_dice: 0.8316692113876343
  kitti_jaccard_macro: 0.3155925989151001
  kitti_jaccard_micro: 0.7471214890480041

2024-06-23 21:33:52,702 - INFO - Validation Stats
Loss:
  total: 0.8843976855278015
Metrics:
  kitti_dice: 0.7345705628395081
  kitti_jaccard_macro: 0.23847641050815582
  kitti_jaccard_micro: 0.5993399421374003

2024-06-23 21:33:52,703 - INFO - Epoch 9/120
2024-06-23 21:33:53,780 - INFO - Train Stats
Loss:
  total: 0.46474764347076414
Metrics:
  kitti_dice: 0.8376828312873841
  kitti_jaccard_macro: 0.33048292994499207
  kitti_jaccard_micro: 0.7554560422897338

2024-06-23 21:33:54,202 - INFO - Validation Stats
Loss:
  total: 0.9007751742998759
Metrics:
  kitti_dice: 0.7294039924939474
  kitti_jaccard_macro: 0.2319863239924113
  kitti_jaccard_micro: 0.5935145417849222

2024-06-23 21:33:54,202 - INFO - Epoch 10/120
2024-06-23 21:33:55,313 - INFO - Train Stats
Loss:
  total: 0.4794739246368408
Metrics:
  kitti_dice: 0.8300940752029419
  kitti_jaccard_macro: 0.32650195360183715
  kitti_jaccard_micro: 0.7461206316947937

2024-06-23 21:33:55,739 - INFO - Validation Stats
Loss:
  total: 0.8143471280733744
Metrics:
  kitti_dice: 0.7504022717475891
  kitti_jaccard_macro: 0.252433180809021
  kitti_jaccard_micro: 0.6205516258875529

2024-06-23 21:33:56,174 - INFO - Epoch 11/120
2024-06-23 21:33:57,278 - INFO - Train Stats
Loss:
  total: 0.42557855844497683
Metrics:
  kitti_dice: 0.8508019924163819
  kitti_jaccard_macro: 0.33736532330513
  kitti_jaccard_micro: 0.7765856266021729

2024-06-23 21:33:57,702 - INFO - Validation Stats
Loss:
  total: 0.8054146567980448
Metrics:
  kitti_dice: 0.7639817198117574
  kitti_jaccard_macro: 0.26314517358938855
  kitti_jaccard_micro: 0.6381523609161377

2024-06-23 21:33:57,874 - INFO - Epoch 12/120
2024-06-23 21:33:58,978 - INFO - Train Stats
Loss:
  total: 0.4097526967525482
Metrics:
  kitti_dice: 0.849277138710022
  kitti_jaccard_macro: 0.35873828530311586
  kitti_jaccard_micro: 0.7784467577934265

2024-06-23 21:33:59,402 - INFO - Validation Stats
Loss:
  total: 0.7997249960899353
Metrics:
  kitti_dice: 0.7618764241536459
  kitti_jaccard_macro: 0.26271676023801166
  kitti_jaccard_micro: 0.6359249750773112

2024-06-23 21:33:59,576 - INFO - Epoch 13/120
2024-06-23 21:34:00,656 - INFO - Train Stats
Loss:
  total: 0.4228219032287598
Metrics:
  kitti_dice: 0.8446473002433776
  kitti_jaccard_macro: 0.3645327568054199
  kitti_jaccard_micro: 0.7690162420272827

2024-06-23 21:34:01,079 - INFO - Validation Stats
Loss:
  total: 0.7600144942601522
Metrics:
  kitti_dice: 0.7690222263336182
  kitti_jaccard_macro: 0.26638399561246234
  kitti_jaccard_micro: 0.6452078819274902

2024-06-23 21:34:01,252 - INFO - Epoch 14/120
2024-06-23 21:34:02,354 - INFO - Train Stats
Loss:
  total: 0.39836716651916504
Metrics:
  kitti_dice: 0.8548338174819946
  kitti_jaccard_macro: 0.3701452374458313
  kitti_jaccard_micro: 0.7845594167709351

2024-06-23 21:34:02,780 - INFO - Validation Stats
Loss:
  total: 0.8799479603767395
Metrics:
  kitti_dice: 0.7408964236577352
  kitti_jaccard_macro: 0.25562232236067456
  kitti_jaccard_micro: 0.6076192259788513

2024-06-23 21:34:02,781 - INFO - Epoch 15/120
2024-06-23 21:34:03,894 - INFO - Train Stats
Loss:
  total: 0.4065547823905945
Metrics:
  kitti_dice: 0.8488620519638062
  kitti_jaccard_macro: 0.3699775457382202
  kitti_jaccard_micro: 0.7770745277404785

2024-06-23 21:34:04,360 - INFO - Validation Stats
Loss:
  total: 0.7626809875170389
Metrics:
  kitti_dice: 0.7702209154764811
  kitti_jaccard_macro: 0.2725152124961217
  kitti_jaccard_micro: 0.6467165152231852

2024-06-23 21:34:04,543 - INFO - Epoch 16/120
2024-06-23 21:34:05,645 - INFO - Train Stats
Loss:
  total: 0.37169756293296813
Metrics:
  kitti_dice: 0.8581774353981018
  kitti_jaccard_macro: 0.38743176460266116
  kitti_jaccard_micro: 0.7947107911109924

2024-06-23 21:34:06,075 - INFO - Validation Stats
Loss:
  total: 0.7706701358159384
Metrics:
  kitti_dice: 0.7765062053998312
  kitti_jaccard_macro: 0.27964602907498676
  kitti_jaccard_micro: 0.6558621724446615

2024-06-23 21:34:06,075 - INFO - Epoch 17/120
2024-06-23 21:34:07,190 - INFO - Train Stats
Loss:
  total: 0.36029849052429197
Metrics:
  kitti_dice: 0.8591768860816955
  kitti_jaccard_macro: 0.39080800414085387
  kitti_jaccard_micro: 0.7953996419906616

2024-06-23 21:34:07,613 - INFO - Validation Stats
Loss:
  total: 0.7385933796564738
Metrics:
  kitti_dice: 0.7865865429242452
  kitti_jaccard_macro: 0.2888884097337723
  kitti_jaccard_micro: 0.6693926453590393

2024-06-23 21:34:07,862 - INFO - Epoch 18/120
2024-06-23 21:34:08,975 - INFO - Train Stats
Loss:
  total: 0.34697269201278685
Metrics:
  kitti_dice: 0.8662271738052368
  kitti_jaccard_macro: 0.3973480582237244
  kitti_jaccard_micro: 0.8048390626907349

2024-06-23 21:34:09,399 - INFO - Validation Stats
Loss:
  total: 0.7391144831975301
Metrics:
  kitti_dice: 0.7820338010787964
  kitti_jaccard_macro: 0.2865628053744634
  kitti_jaccard_micro: 0.663520356019338

2024-06-23 21:34:09,400 - INFO - Epoch 19/120
2024-06-23 21:34:10,498 - INFO - Train Stats
Loss:
  total: 0.3304073095321655
Metrics:
  kitti_dice: 0.8685384154319763
  kitti_jaccard_macro: 0.41880202293395996
  kitti_jaccard_micro: 0.8124940037727356

2024-06-23 21:34:10,920 - INFO - Validation Stats
Loss:
  total: 0.7581591010093689
Metrics:
  kitti_dice: 0.7761388421058655
  kitti_jaccard_macro: 0.2869960268338521
  kitti_jaccard_micro: 0.6554208795229594

2024-06-23 21:34:10,920 - INFO - Epoch 20/120
2024-06-23 21:34:12,019 - INFO - Train Stats
Loss:
  total: 0.324416321516037
Metrics:
  kitti_dice: 0.8751723647117615
  kitti_jaccard_macro: 0.41246376633644105
  kitti_jaccard_micro: 0.8163567662239075

2024-06-23 21:34:12,441 - INFO - Validation Stats
Loss:
  total: 0.7484000325202942
Metrics:
  kitti_dice: 0.7820221980412801
  kitti_jaccard_macro: 0.29062403241793316
  kitti_jaccard_micro: 0.6636242270469666

2024-06-23 21:34:12,614 - INFO - Epoch 21/120
2024-06-23 21:34:13,729 - INFO - Train Stats
Loss:
  total: 0.32807902097702024
Metrics:
  kitti_dice: 0.8693989276885986
  kitti_jaccard_macro: 0.42624531388282777
  kitti_jaccard_micro: 0.8101556420326232

2024-06-23 21:34:14,155 - INFO - Validation Stats
Loss:
  total: 0.7522659103075663
Metrics:
  kitti_dice: 0.7813443342844645
  kitti_jaccard_macro: 0.2901292045911153
  kitti_jaccard_micro: 0.6623342037200928

2024-06-23 21:34:14,156 - INFO - Epoch 22/120
2024-06-23 21:34:15,260 - INFO - Train Stats
Loss:
  total: 0.3009765625
Metrics:
  kitti_dice: 0.875146484375
  kitti_jaccard_macro: 0.4446098983287811
  kitti_jaccard_micro: 0.8241212487220764

2024-06-23 21:34:15,687 - INFO - Validation Stats
Loss:
  total: 0.7462818225224813
Metrics:
  kitti_dice: 0.790898064772288
  kitti_jaccard_macro: 0.29199111461639404
  kitti_jaccard_micro: 0.6755424737930298

2024-06-23 21:34:15,687 - INFO - Epoch 23/120
2024-06-23 21:34:16,800 - INFO - Train Stats
Loss:
  total: 0.30882474184036257
Metrics:
  kitti_dice: 0.8615224003791809
  kitti_jaccard_macro: 0.4367873013019562
  kitti_jaccard_micro: 0.8195978760719299

2024-06-23 21:34:17,225 - INFO - Validation Stats
Loss:
  total: 0.7530462344487509
Metrics:
  kitti_dice: 0.7877989808718363
  kitti_jaccard_macro: 0.29365073641141254
  kitti_jaccard_micro: 0.6714029510815939

2024-06-23 21:34:17,225 - INFO - Epoch 24/120
2024-06-23 21:34:18,340 - INFO - Train Stats
Loss:
  total: 0.30360654592514036
Metrics:
  kitti_dice: 0.8770936965942383
  kitti_jaccard_macro: 0.41598506569862365
  kitti_jaccard_micro: 0.8212073802947998

2024-06-23 21:34:18,764 - INFO - Validation Stats
Loss:
  total: 0.747615377108256
Metrics:
  kitti_dice: 0.7845952113469442
  kitti_jaccard_macro: 0.3013998468716939
  kitti_jaccard_micro: 0.6676129500071207

2024-06-23 21:34:18,764 - INFO - Epoch 25/120
2024-06-23 21:34:19,879 - INFO - Train Stats
Loss:
  total: 0.3287360638380051
Metrics:
  kitti_dice: 0.8672001957893372
  kitti_jaccard_macro: 0.4558898091316223
  kitti_jaccard_micro: 0.8074808478355407

2024-06-23 21:34:20,307 - INFO - Validation Stats
Loss:
  total: 0.7455977201461792
Metrics:
  kitti_dice: 0.7853991587956747
  kitti_jaccard_macro: 0.2967732846736908
  kitti_jaccard_micro: 0.668056587378184

2024-06-23 21:34:20,490 - INFO - Epoch 26/120
2024-06-23 21:34:21,612 - INFO - Train Stats
Loss:
  total: 0.30981335043907166
Metrics:
  kitti_dice: 0.8740245461463928
  kitti_jaccard_macro: 0.44471523761749265
  kitti_jaccard_micro: 0.8164936423301696

2024-06-23 21:34:22,035 - INFO - Validation Stats
Loss:
  total: 0.7489589850107828
Metrics:
  kitti_dice: 0.790201207002004
  kitti_jaccard_macro: 0.28869690497716266
  kitti_jaccard_micro: 0.6748690009117126

2024-06-23 21:34:22,035 - INFO - Epoch 27/120
2024-06-23 21:34:23,142 - INFO - Train Stats
Loss:
  total: 0.27374025881290437
Metrics:
  kitti_dice: 0.8832548141479493
  kitti_jaccard_macro: 0.48478734493255615
  kitti_jaccard_micro: 0.8349262833595276

2024-06-23 21:34:23,564 - INFO - Validation Stats
Loss:
  total: 0.7349808216094971
Metrics:
  kitti_dice: 0.7925472259521484
  kitti_jaccard_macro: 0.2991364300251007
  kitti_jaccard_micro: 0.678027888139089

2024-06-23 21:34:23,817 - INFO - Epoch 28/120
2024-06-23 21:34:24,924 - INFO - Train Stats
Loss:
  total: 0.30164711475372313
Metrics:
  kitti_dice: 0.8757614850997925
  kitti_jaccard_macro: 0.4287936627864838
  kitti_jaccard_micro: 0.8218851208686828

2024-06-23 21:34:25,348 - INFO - Validation Stats
Loss:
  total: 0.7556325395901998
Metrics:
  kitti_dice: 0.7860326369603475
  kitti_jaccard_macro: 0.3031260172526042
  kitti_jaccard_micro: 0.6689827839533488

2024-06-23 21:34:25,348 - INFO - Epoch 29/120
2024-06-23 21:34:26,459 - INFO - Train Stats
Loss:
  total: 0.29037106335163115
Metrics:
  kitti_dice: 0.8807785749435425
  kitti_jaccard_macro: 0.4838868975639343
  kitti_jaccard_micro: 0.8281789064407349

2024-06-23 21:34:26,889 - INFO - Validation Stats
Loss:
  total: 0.7074231704076132
Metrics:
  kitti_dice: 0.7947099804878235
  kitti_jaccard_macro: 0.3086770673592885
  kitti_jaccard_micro: 0.6820293068885803

2024-06-23 21:34:27,144 - INFO - Epoch 30/120
2024-06-23 21:34:28,259 - INFO - Train Stats
Loss:
  total: 0.2570760190486908
Metrics:
  kitti_dice: 0.889574670791626
  kitti_jaccard_macro: 0.5090346753597259
  kitti_jaccard_micro: 0.8437992811203003

2024-06-23 21:34:28,683 - INFO - Validation Stats
Loss:
  total: 0.7071118950843811
Metrics:
  kitti_dice: 0.7958170970280966
  kitti_jaccard_macro: 0.3089964787165324
  kitti_jaccard_micro: 0.6832791964213053

2024-06-23 21:34:29,033 - INFO - Epoch 31/120
2024-06-23 21:34:30,160 - INFO - Train Stats
Loss:
  total: 0.25669763684272767
Metrics:
  kitti_dice: 0.8906643271446228
  kitti_jaccard_macro: 0.4773504137992859
  kitti_jaccard_micro: 0.8462985038757325

2024-06-23 21:34:30,583 - INFO - Validation Stats
Loss:
  total: 0.7381732861200968
Metrics:
  kitti_dice: 0.7910781900087992
  kitti_jaccard_macro: 0.30314407745997113
  kitti_jaccard_micro: 0.6753795345624288

2024-06-23 21:34:30,583 - INFO - Epoch 32/120
2024-06-23 21:34:31,701 - INFO - Train Stats
Loss:
  total: 0.275643390417099
Metrics:
  kitti_dice: 0.8787841796875
  kitti_jaccard_macro: 0.49606539607048034
  kitti_jaccard_micro: 0.8327194333076477

2024-06-23 21:34:32,130 - INFO - Validation Stats
Loss:
  total: 0.7090075214703878
Metrics:
  kitti_dice: 0.7980427940686544
  kitti_jaccard_macro: 0.3133315642674764
  kitti_jaccard_micro: 0.686005691687266

2024-06-23 21:34:32,130 - INFO - Epoch 33/120
2024-06-23 21:34:33,241 - INFO - Train Stats
Loss:
  total: 0.2657017379999161
Metrics:
  kitti_dice: 0.8858195900917053
  kitti_jaccard_macro: 0.4787164211273193
  kitti_jaccard_micro: 0.8360287427902222

2024-06-23 21:34:33,657 - INFO - Validation Stats
Loss:
  total: 0.7645511627197266
Metrics:
  kitti_dice: 0.7809354066848755
  kitti_jaccard_macro: 0.3108331263065338
  kitti_jaccard_micro: 0.6621194084485372

2024-06-23 21:34:33,657 - INFO - Epoch 34/120
2024-06-23 21:34:34,782 - INFO - Train Stats
Loss:
  total: 0.25210942327976227
Metrics:
  kitti_dice: 0.8879109859466553
  kitti_jaccard_macro: 0.5121618986129761
  kitti_jaccard_micro: 0.8435033321380615

2024-06-23 21:34:35,209 - INFO - Validation Stats
Loss:
  total: 0.7492949167887369
Metrics:
  kitti_dice: 0.7983696262041727
  kitti_jaccard_macro: 0.3107503652572632
  kitti_jaccard_micro: 0.6854925553003947

2024-06-23 21:34:35,209 - INFO - Epoch 35/120
2024-06-23 21:34:36,320 - INFO - Train Stats
Loss:
  total: 0.23607163727283478
Metrics:
  kitti_dice: 0.8939926624298096
  kitti_jaccard_macro: 0.5125154018402099
  kitti_jaccard_micro: 0.8524258732795715

2024-06-23 21:34:36,750 - INFO - Validation Stats
Loss:
  total: 0.7337969938913981
Metrics:
  kitti_dice: 0.8044514854749044
  kitti_jaccard_macro: 0.3163998027642568
  kitti_jaccard_micro: 0.6954073707262675

2024-06-23 21:34:36,931 - INFO - Epoch 36/120
2024-06-23 21:34:38,053 - INFO - Train Stats
Loss:
  total: 0.2590165674686432
Metrics:
  kitti_dice: 0.8878812432289124
  kitti_jaccard_macro: 0.5116662919521332
  kitti_jaccard_micro: 0.8405933499336242

2024-06-23 21:34:38,478 - INFO - Validation Stats
Loss:
  total: 0.7224785884221395
Metrics:
  kitti_dice: 0.8029919068018595
  kitti_jaccard_macro: 0.3128271500269572
  kitti_jaccard_micro: 0.6932897766431173

2024-06-23 21:34:38,478 - INFO - Epoch 37/120
2024-06-23 21:34:39,599 - INFO - Train Stats
Loss:
  total: 0.23811801075935363
Metrics:
  kitti_dice: 0.8937013626098633
  kitti_jaccard_macro: 0.536058634519577
  kitti_jaccard_micro: 0.8511421322822571

2024-06-23 21:34:40,052 - INFO - Validation Stats
Loss:
  total: 0.7481245398521423
Metrics:
  kitti_dice: 0.7972004214922587
  kitti_jaccard_macro: 0.31945226589838666
  kitti_jaccard_micro: 0.6846132477124532

2024-06-23 21:34:40,052 - INFO - Epoch 38/120
2024-06-23 21:34:41,182 - INFO - Train Stats
Loss:
  total: 0.24584559202194214
Metrics:
  kitti_dice: 0.8881570100784302
  kitti_jaccard_macro: 0.5006721019744873
  kitti_jaccard_micro: 0.8454548954963684

2024-06-23 21:34:41,608 - INFO - Validation Stats
Loss:
  total: 0.7234830856323242
Metrics:
  kitti_dice: 0.7983776132265726
  kitti_jaccard_macro: 0.31315503517786664
  kitti_jaccard_micro: 0.6860650380452474

2024-06-23 21:34:41,608 - INFO - Epoch 39/120
2024-06-23 21:34:42,732 - INFO - Train Stats
Loss:
  total: 0.2351233631372452
Metrics:
  kitti_dice: 0.8770440340042114
  kitti_jaccard_macro: 0.5256400465965271
  kitti_jaccard_micro: 0.852005910873413

2024-06-23 21:34:43,155 - INFO - Validation Stats
Loss:
  total: 0.7252029776573181
Metrics:
  kitti_dice: 0.793744424978892
  kitti_jaccard_macro: 0.30926182866096497
  kitti_jaccard_micro: 0.6800853212674459

2024-06-23 21:34:43,155 - INFO - Epoch 40/120
2024-06-23 21:34:44,279 - INFO - Train Stats
Loss:
  total: 0.2320096731185913
Metrics:
  kitti_dice: 0.8923792362213134
  kitti_jaccard_macro: 0.5192518115043641
  kitti_jaccard_micro: 0.851582145690918

2024-06-23 21:34:44,701 - INFO - Validation Stats
Loss:
  total: 0.7430878082911173
Metrics:
  kitti_dice: 0.7975050012270609
  kitti_jaccard_macro: 0.3127399782339732
  kitti_jaccard_micro: 0.6852039694786072

2024-06-23 21:34:44,873 - INFO - Epoch 41/120
2024-06-23 21:34:45,999 - INFO - Train Stats
Loss:
  total: 0.21400934755802153
Metrics:
  kitti_dice: 0.888073205947876
  kitti_jaccard_macro: 0.5389734923839569
  kitti_jaccard_micro: 0.8635945081710815

2024-06-23 21:34:46,426 - INFO - Validation Stats
Loss:
  total: 0.7349520921707153
Metrics:
  kitti_dice: 0.7984949350357056
  kitti_jaccard_macro: 0.3100959161917369
  kitti_jaccard_micro: 0.6863167881965637

2024-06-23 21:34:46,426 - INFO - Epoch 42/120
2024-06-23 21:34:47,551 - INFO - Train Stats
Loss:
  total: 0.22333685755729676
Metrics:
  kitti_dice: 0.8960180044174194
  kitti_jaccard_macro: 0.5163415312767029
  kitti_jaccard_micro: 0.8567426681518555

2024-06-23 21:34:47,981 - INFO - Validation Stats
Loss:
  total: 0.7468548814455668
Metrics:
  kitti_dice: 0.7979070345560709
  kitti_jaccard_macro: 0.31222086151440936
  kitti_jaccard_micro: 0.6856571038564047

2024-06-23 21:34:47,981 - INFO - Epoch 43/120
2024-06-23 21:34:49,100 - INFO - Train Stats
Loss:
  total: 0.22760590612888337
Metrics:
  kitti_dice: 0.8956799387931824
  kitti_jaccard_macro: 0.5342583358287811
  kitti_jaccard_micro: 0.8555186152458191

2024-06-23 21:34:49,531 - INFO - Validation Stats
Loss:
  total: 0.7235100865364075
Metrics:
  kitti_dice: 0.8018688956896464
  kitti_jaccard_macro: 0.3182185888290405
  kitti_jaccard_micro: 0.6915346384048462

2024-06-23 21:34:49,531 - INFO - Epoch 44/120
2024-06-23 21:34:50,651 - INFO - Train Stats
Loss:
  total: 0.2144911378622055
Metrics:
  kitti_dice: 0.8995977401733398
  kitti_jaccard_macro: 0.5370736062526703
  kitti_jaccard_micro: 0.8592432141304016

2024-06-23 21:34:51,076 - INFO - Validation Stats
Loss:
  total: 0.7482926845550537
Metrics:
  kitti_dice: 0.794791022936503
  kitti_jaccard_macro: 0.2964642147223155
  kitti_jaccard_micro: 0.6810031135876974

2024-06-23 21:34:51,076 - INFO - Epoch 45/120
2024-06-23 21:34:52,187 - INFO - Train Stats
Loss:
  total: 0.20959408283233644
Metrics:
  kitti_dice: 0.9018738985061645
  kitti_jaccard_macro: 0.5314456939697265
  kitti_jaccard_micro: 0.8651304602622986

2024-06-23 21:34:52,609 - INFO - Validation Stats
Loss:
  total: 0.7229065299034119
Metrics:
  kitti_dice: 0.8004057804743449
  kitti_jaccard_macro: 0.31664897004763287
  kitti_jaccard_micro: 0.6892273426055908

2024-06-23 21:34:52,858 - INFO - Epoch 46/120
2024-06-23 21:34:53,989 - INFO - Train Stats
Loss:
  total: 0.2188081830739975
Metrics:
  kitti_dice: 0.8937450766563415
  kitti_jaccard_macro: 0.52324098944664
  kitti_jaccard_micro: 0.8578501105308532

2024-06-23 21:34:54,413 - INFO - Validation Stats
Loss:
  total: 0.7266501188278198
Metrics:
  kitti_dice: 0.8024251858393351
  kitti_jaccard_macro: 0.31446655591328937
  kitti_jaccard_micro: 0.692221979300181

2024-06-23 21:34:54,413 - INFO - Epoch 47/120
2024-06-23 21:34:55,541 - INFO - Train Stats
Loss:
  total: 0.21194661855697633
Metrics:
  kitti_dice: 0.8988304734230042
  kitti_jaccard_macro: 0.5342554688453675
  kitti_jaccard_micro: 0.8594663262367248

2024-06-23 21:34:55,968 - INFO - Validation Stats
Loss:
  total: 0.7230333288510641
Metrics:
  kitti_dice: 0.7996090451876322
  kitti_jaccard_macro: 0.3029081126054128
  kitti_jaccard_micro: 0.6886727412541708

2024-06-23 21:34:55,968 - INFO - Epoch 48/120
2024-06-23 21:34:57,101 - INFO - Train Stats
Loss:
  total: 0.23298240303993226
Metrics:
  kitti_dice: 0.8914955139160157
  kitti_jaccard_macro: 0.5324025452136993
  kitti_jaccard_micro: 0.8499853849411011

2024-06-23 21:34:57,527 - INFO - Validation Stats
Loss:
  total: 0.735541840394338
Metrics:
  kitti_dice: 0.8026987115542094
  kitti_jaccard_macro: 0.3103491961956024
  kitti_jaccard_micro: 0.6929898460706075

2024-06-23 21:34:57,527 - INFO - Epoch 49/120
2024-06-23 21:34:58,643 - INFO - Train Stats
Loss:
  total: 0.20314556658267974
Metrics:
  kitti_dice: 0.9016510963439941
  kitti_jaccard_macro: 0.5493633508682251
  kitti_jaccard_micro: 0.8669510841369629

2024-06-23 21:34:59,066 - INFO - Validation Stats
Loss:
  total: 0.7186478972434998
Metrics:
  kitti_dice: 0.8003343939781189
  kitti_jaccard_macro: 0.3130066990852356
  kitti_jaccard_micro: 0.6885099411010742

2024-06-23 21:34:59,066 - INFO - Epoch 50/120
2024-06-23 21:35:00,193 - INFO - Train Stats
Loss:
  total: 0.2050153434276581
Metrics:
  kitti_dice: 0.8893658638000488
  kitti_jaccard_macro: 0.546229076385498
  kitti_jaccard_micro: 0.8658220648765564

2024-06-23 21:35:00,620 - INFO - Validation Stats
Loss:
  total: 0.7343207001686096
Metrics:
  kitti_dice: 0.8058502276738485
  kitti_jaccard_macro: 0.3174636960029602
  kitti_jaccard_micro: 0.6974791685740153

2024-06-23 21:35:00,800 - INFO - Epoch 51/120
2024-06-23 21:35:01,931 - INFO - Train Stats
Loss:
  total: 0.20937878787517547
Metrics:
  kitti_dice: 0.8994493126869202
  kitti_jaccard_macro: 0.5753317236900329
  kitti_jaccard_micro: 0.863628339767456

2024-06-23 21:35:02,362 - INFO - Validation Stats
Loss:
  total: 0.7449768384297689
Metrics:
  kitti_dice: 0.8057775696118673
  kitti_jaccard_macro: 0.3093913495540619
  kitti_jaccard_micro: 0.6966144641240438

2024-06-23 21:35:02,362 - INFO - Epoch 52/120
2024-06-23 21:35:03,496 - INFO - Train Stats
Loss:
  total: 0.2166124165058136
Metrics:
  kitti_dice: 0.8983563661575318
  kitti_jaccard_macro: 0.5196209669113159
  kitti_jaccard_micro: 0.8587600946426391

2024-06-23 21:35:03,926 - INFO - Validation Stats
Loss:
  total: 0.7259762485822042
Metrics:
  kitti_dice: 0.8037244081497192
  kitti_jaccard_macro: 0.3110215465227763
  kitti_jaccard_micro: 0.69335009654363

2024-06-23 21:35:03,926 - INFO - Epoch 53/120
2024-06-23 21:35:05,052 - INFO - Train Stats
Loss:
  total: 0.21592006981372833
Metrics:
  kitti_dice: 0.9014136672019959
  kitti_jaccard_macro: 0.5290597438812256
  kitti_jaccard_micro: 0.8624881625175476

2024-06-23 21:35:05,483 - INFO - Validation Stats
Loss:
  total: 0.7256401379903158
Metrics:
  kitti_dice: 0.8093785444895426
  kitti_jaccard_macro: 0.3118121822675069
  kitti_jaccard_micro: 0.7020852565765381

2024-06-23 21:35:05,483 - INFO - Epoch 54/120
2024-06-23 21:35:06,621 - INFO - Train Stats
Loss:
  total: 0.20546315014362335
Metrics:
  kitti_dice: 0.8864983677864074
  kitti_jaccard_macro: 0.5823781609535217
  kitti_jaccard_micro: 0.8647158861160278

2024-06-23 21:35:07,048 - INFO - Validation Stats
Loss:
  total: 0.7371973594029745
Metrics:
  kitti_dice: 0.8075803915659586
  kitti_jaccard_macro: 0.3239754339059194
  kitti_jaccard_micro: 0.6991765300432841

2024-06-23 21:35:07,048 - INFO - Epoch 55/120
2024-06-23 21:35:08,182 - INFO - Train Stats
Loss:
  total: 0.20098161399364473
Metrics:
  kitti_dice: 0.9019994378089905
  kitti_jaccard_macro: 0.5306106209754944
  kitti_jaccard_micro: 0.8655655026435852

2024-06-23 21:35:08,612 - INFO - Validation Stats
Loss:
  total: 0.7300964196523031
Metrics:
  kitti_dice: 0.8098300894101461
  kitti_jaccard_macro: 0.32794393102327984
  kitti_jaccard_micro: 0.7036012013753256

2024-06-23 21:35:08,785 - INFO - Epoch 56/120
2024-06-23 21:35:09,921 - INFO - Train Stats
Loss:
  total: 0.19452541768550874
Metrics:
  kitti_dice: 0.9023906588554382
  kitti_jaccard_macro: 0.5349427402019501
  kitti_jaccard_micro: 0.8711963057518005

2024-06-23 21:35:10,347 - INFO - Validation Stats
Loss:
  total: 0.6991720994313558
Metrics:
  kitti_dice: 0.81312229235967
  kitti_jaccard_macro: 0.3299722671508789
  kitti_jaccard_micro: 0.7073967854181925

2024-06-23 21:35:10,523 - INFO - Epoch 57/120
2024-06-23 21:35:11,660 - INFO - Train Stats
Loss:
  total: 0.19945265650749205
Metrics:
  kitti_dice: 0.9005760192871094
  kitti_jaccard_macro: 0.5347439169883728
  kitti_jaccard_micro: 0.8657174706459045

2024-06-23 21:35:12,084 - INFO - Validation Stats
Loss:
  total: 0.7143218914667765
Metrics:
  kitti_dice: 0.8122337063153585
  kitti_jaccard_macro: 0.33277274171511334
  kitti_jaccard_micro: 0.7063297828038534

2024-06-23 21:35:12,084 - INFO - Epoch 58/120
2024-06-23 21:35:13,221 - INFO - Train Stats
Loss:
  total: 0.19004725515842438
Metrics:
  kitti_dice: 0.9052919864654541
  kitti_jaccard_macro: 0.5397656500339508
  kitti_jaccard_micro: 0.8715097904205322

2024-06-23 21:35:13,647 - INFO - Validation Stats
Loss:
  total: 0.7391932606697083
Metrics:
  kitti_dice: 0.808976968129476
  kitti_jaccard_macro: 0.32554763555526733
  kitti_jaccard_micro: 0.7017272114753723

2024-06-23 21:35:13,647 - INFO - Epoch 59/120
2024-06-23 21:35:14,781 - INFO - Train Stats
Loss:
  total: 0.19542953372001648
Metrics:
  kitti_dice: 0.9037578105926514
  kitti_jaccard_macro: 0.5670336842536926
  kitti_jaccard_micro: 0.8681882381439209

2024-06-23 21:35:15,209 - INFO - Validation Stats
Loss:
  total: 0.7209684451421102
Metrics:
  kitti_dice: 0.8069356481234232
  kitti_jaccard_macro: 0.3253745536009471
  kitti_jaccard_micro: 0.6981255213419596

2024-06-23 21:35:15,209 - INFO - Epoch 60/120
2024-06-23 21:35:16,338 - INFO - Train Stats
Loss:
  total: 0.18575037717819215
Metrics:
  kitti_dice: 0.9052492022514343
  kitti_jaccard_macro: 0.5500159680843353
  kitti_jaccard_micro: 0.8723362565040589

2024-06-23 21:35:16,764 - INFO - Validation Stats
Loss:
  total: 0.7229845325152079
Metrics:
  kitti_dice: 0.8095759153366089
  kitti_jaccard_macro: 0.32581504185994464
  kitti_jaccard_micro: 0.7030960321426392

2024-06-23 21:35:16,991 - INFO - Epoch 61/120
2024-06-23 21:35:18,119 - INFO - Train Stats
Loss:
  total: 0.18152393400669098
Metrics:
  kitti_dice: 0.9094236373901368
  kitti_jaccard_macro: 0.5900102138519288
  kitti_jaccard_micro: 0.8769133687019348

2024-06-23 21:35:18,548 - INFO - Validation Stats
Loss:
  total: 0.7424852649370829
Metrics:
  kitti_dice: 0.8130667209625244
  kitti_jaccard_macro: 0.321659396092097
  kitti_jaccard_micro: 0.7078550656636556

2024-06-23 21:35:18,548 - INFO - Epoch 62/120
2024-06-23 21:35:19,679 - INFO - Train Stats
Loss:
  total: 0.20006543695926665
Metrics:
  kitti_dice: 0.9029462814331055
  kitti_jaccard_macro: 0.5457826375961303
  kitti_jaccard_micro: 0.8668249845504761

2024-06-23 21:35:20,107 - INFO - Validation Stats
Loss:
  total: 0.7175870935122172
Metrics:
  kitti_dice: 0.813008705774943
  kitti_jaccard_macro: 0.33085235953330994
  kitti_jaccard_micro: 0.7085248629252116

2024-06-23 21:35:20,107 - INFO - Epoch 63/120
2024-06-23 21:35:21,238 - INFO - Train Stats
Loss:
  total: 0.1929968535900116
Metrics:
  kitti_dice: 0.9039382934570312
  kitti_jaccard_macro: 0.549472963809967
  kitti_jaccard_micro: 0.8679628372192383

2024-06-23 21:35:21,662 - INFO - Validation Stats
Loss:
  total: 0.7592024604479471
Metrics:
  kitti_dice: 0.8050227363904318
  kitti_jaccard_macro: 0.31426382064819336
  kitti_jaccard_micro: 0.6956307689348856

2024-06-23 21:35:21,662 - INFO - Epoch 64/120
2024-06-23 21:35:22,800 - INFO - Train Stats
Loss:
  total: 0.19673939049243927
Metrics:
  kitti_dice: 0.9042787671089172
  kitti_jaccard_macro: 0.54426708817482
  kitti_jaccard_micro: 0.8684018015861511

2024-06-23 21:35:23,222 - INFO - Validation Stats
Loss:
  total: 0.7420062820116679
Metrics:
  kitti_dice: 0.8077203631401062
  kitti_jaccard_macro: 0.3174504339694977
  kitti_jaccard_micro: 0.7004516124725342

2024-06-23 21:35:23,222 - INFO - Epoch 65/120
2024-06-23 21:35:24,350 - INFO - Train Stats
Loss:
  total: 0.19352281391620635
Metrics:
  kitti_dice: 0.9039597392082215
  kitti_jaccard_macro: 0.5718794584274292
  kitti_jaccard_micro: 0.8685463309288025

2024-06-23 21:35:24,778 - INFO - Validation Stats
Loss:
  total: 0.7460590998331705
Metrics:
  kitti_dice: 0.8030946850776672
  kitti_jaccard_macro: 0.32131611307462055
  kitti_jaccard_micro: 0.6929576396942139

2024-06-23 21:35:25,024 - INFO - Epoch 66/120
2024-06-23 21:35:26,156 - INFO - Train Stats
Loss:
  total: 0.1948538601398468
Metrics:
  kitti_dice: 0.9012152075767517
  kitti_jaccard_macro: 0.5655324220657348
  kitti_jaccard_micro: 0.8681474804878235

2024-06-23 21:35:26,581 - INFO - Validation Stats
Loss:
  total: 0.7203134497006735
Metrics:
  kitti_dice: 0.8087601860364279
  kitti_jaccard_macro: 0.32449793815612793
  kitti_jaccard_micro: 0.7012331883112589

2024-06-23 21:35:26,581 - INFO - Epoch 67/120
2024-06-23 21:35:27,717 - INFO - Train Stats
Loss:
  total: 0.18088227212429048
Metrics:
  kitti_dice: 0.9074391841888427
  kitti_jaccard_macro: 0.5730687975883484
  kitti_jaccard_micro: 0.8752187371253968

2024-06-23 21:35:28,139 - INFO - Validation Stats
Loss:
  total: 0.7097127636273702
Metrics:
  kitti_dice: 0.811699112256368
  kitti_jaccard_macro: 0.33893561363220215
  kitti_jaccard_micro: 0.7062190771102905

2024-06-23 21:35:28,139 - INFO - Epoch 68/120
2024-06-23 21:35:29,276 - INFO - Train Stats
Loss:
  total: 0.18839584290981293
Metrics:
  kitti_dice: 0.9040000438690186
  kitti_jaccard_macro: 0.5788943529129028
  kitti_jaccard_micro: 0.8718707084655761

2024-06-23 21:35:29,705 - INFO - Validation Stats
Loss:
  total: 0.7442137400309244
Metrics:
  kitti_dice: 0.8081216216087341
  kitti_jaccard_macro: 0.32300326228141785
  kitti_jaccard_micro: 0.7007173498471578

2024-06-23 21:35:29,705 - INFO - Epoch 69/120
2024-06-23 21:35:30,838 - INFO - Train Stats
Loss:
  total: 0.18991840481758118
Metrics:
  kitti_dice: 0.903679084777832
  kitti_jaccard_macro: 0.5612540364265441
  kitti_jaccard_micro: 0.8705479741096497

2024-06-23 21:35:31,269 - INFO - Validation Stats
Loss:
  total: 0.7691898743311564
Metrics:
  kitti_dice: 0.8090443015098572
  kitti_jaccard_macro: 0.3188515305519104
  kitti_jaccard_micro: 0.7016002734502157

2024-06-23 21:35:31,269 - INFO - Epoch 70/120
2024-06-23 21:35:32,381 - INFO - Train Stats
Loss:
  total: 0.17471123337745667
Metrics:
  kitti_dice: 0.911305558681488
  kitti_jaccard_macro: 0.5672713041305542
  kitti_jaccard_micro: 0.8800135254859924

2024-06-23 21:35:32,805 - INFO - Validation Stats
Loss:
  total: 0.756722092628479
Metrics:
  kitti_dice: 0.8111281593640646
  kitti_jaccard_macro: 0.32234427332878113
  kitti_jaccard_micro: 0.704843540986379

2024-06-23 21:35:32,984 - INFO - Epoch 71/120
2024-06-23 21:35:34,118 - INFO - Train Stats
Loss:
  total: 0.17957917749881744
Metrics:
  kitti_dice: 0.9035955190658569
  kitti_jaccard_macro: 0.5343815088272095
  kitti_jaccard_micro: 0.8766592264175415

2024-06-23 21:35:34,544 - INFO - Validation Stats
Loss:
  total: 0.7487063407897949
Metrics:
  kitti_dice: 0.8097525238990784
  kitti_jaccard_macro: 0.32038355867067975
  kitti_jaccard_micro: 0.7028954823811849

2024-06-23 21:35:34,544 - INFO - Epoch 72/120
2024-06-23 21:35:35,672 - INFO - Train Stats
Loss:
  total: 0.18460523784160615
Metrics:
  kitti_dice: 0.9056686997413635
  kitti_jaccard_macro: 0.5408013582229614
  kitti_jaccard_micro: 0.8725753545761108

2024-06-23 21:35:36,097 - INFO - Validation Stats
Loss:
  total: 0.743074874083201
Metrics:
  kitti_dice: 0.8101688822110494
  kitti_jaccard_macro: 0.3275635838508606
  kitti_jaccard_micro: 0.7036009430885315

2024-06-23 21:35:36,097 - INFO - Epoch 73/120
2024-06-23 21:35:37,234 - INFO - Train Stats
Loss:
  total: 0.18156570196151733
Metrics:
  kitti_dice: 0.9063904523849488
  kitti_jaccard_macro: 0.5717859983444213
  kitti_jaccard_micro: 0.8733205199241638

2024-06-23 21:35:37,657 - INFO - Validation Stats
Loss:
  total: 0.7257296045621237
Metrics:
  kitti_dice: 0.8096197048823038
  kitti_jaccard_macro: 0.3249497214953105
  kitti_jaccard_micro: 0.7029125293095907

2024-06-23 21:35:37,658 - INFO - Epoch 74/120
2024-06-23 21:35:38,778 - INFO - Train Stats
Loss:
  total: 0.17245664000511168
Metrics:
  kitti_dice: 0.9104162573814392
  kitti_jaccard_macro: 0.594071877002716
  kitti_jaccard_micro: 0.8802311182022095

2024-06-23 21:35:39,205 - INFO - Validation Stats
Loss:
  total: 0.7331201235453287
Metrics:
  kitti_dice: 0.8116950591405233
  kitti_jaccard_macro: 0.3223460515340169
  kitti_jaccard_micro: 0.7054771383603414

2024-06-23 21:35:39,206 - INFO - Epoch 75/120
2024-06-23 21:35:40,343 - INFO - Train Stats
Loss:
  total: 0.16598527133464813
Metrics:
  kitti_dice: 0.9119790911674499
  kitti_jaccard_macro: 0.5796626925468444
  kitti_jaccard_micro: 0.8832085967063904

2024-06-23 21:35:40,775 - INFO - Validation Stats
Loss:
  total: 0.7608824769655863
Metrics:
  kitti_dice: 0.8089520533879598
  kitti_jaccard_macro: 0.3215433359146118
  kitti_jaccard_micro: 0.7016887466112772

2024-06-23 21:35:41,023 - INFO - Epoch 76/120
2024-06-23 21:35:42,164 - INFO - Train Stats
Loss:
  total: 0.17067487239837648
Metrics:
  kitti_dice: 0.9095443844795227
  kitti_jaccard_macro: 0.5695876479148865
  kitti_jaccard_micro: 0.8787554264068603

2024-06-23 21:35:42,591 - INFO - Validation Stats
Loss:
  total: 0.7483062545458475
Metrics:
  kitti_dice: 0.812804659207662
  kitti_jaccard_macro: 0.3231394290924072
  kitti_jaccard_micro: 0.707044243812561

2024-06-23 21:35:42,591 - INFO - Epoch 77/120
2024-06-23 21:35:43,702 - INFO - Train Stats
Loss:
  total: 0.16059093475341796
Metrics:
  kitti_dice: 0.9113552212715149
  kitti_jaccard_macro: 0.5981853604316711
  kitti_jaccard_micro: 0.885007643699646

2024-06-23 21:35:44,133 - INFO - Validation Stats
Loss:
  total: 0.7300098141034445
Metrics:
  kitti_dice: 0.8129459619522095
  kitti_jaccard_macro: 0.3216468095779419
  kitti_jaccard_micro: 0.7076621850331625

2024-06-23 21:35:44,133 - INFO - Epoch 78/120
2024-06-23 21:35:45,255 - INFO - Train Stats
Loss:
  total: 0.17064461708068848
Metrics:
  kitti_dice: 0.9111598491668701
  kitti_jaccard_macro: 0.6217788577079773
  kitti_jaccard_micro: 0.8801773071289063

2024-06-23 21:35:45,683 - INFO - Validation Stats
Loss:
  total: 0.7244956890741984
Metrics:
  kitti_dice: 0.8167064587275187
  kitti_jaccard_macro: 0.3336165150006612
  kitti_jaccard_micro: 0.7132564981778463

2024-06-23 21:35:45,683 - INFO - Epoch 79/120
2024-06-23 21:35:46,817 - INFO - Train Stats
Loss:
  total: 0.16308665573596953
Metrics:
  kitti_dice: 0.9083803653717041
  kitti_jaccard_macro: 0.5962904453277588
  kitti_jaccard_micro: 0.884733009338379

2024-06-23 21:35:47,243 - INFO - Validation Stats
Loss:
  total: 0.7604774236679077
Metrics:
  kitti_dice: 0.8099354902903239
  kitti_jaccard_macro: 0.32190364599227905
  kitti_jaccard_micro: 0.7030940850575765

2024-06-23 21:35:47,243 - INFO - Epoch 80/120
2024-06-23 21:35:48,390 - INFO - Train Stats
Loss:
  total: 0.16336363852024077
Metrics:
  kitti_dice: 0.9098436594009399
  kitti_jaccard_macro: 0.6315861582756043
  kitti_jaccard_micro: 0.8836335659027099

2024-06-23 21:35:48,815 - INFO - Validation Stats
Loss:
  total: 0.7693116863568624
Metrics:
  kitti_dice: 0.8095894257227579
  kitti_jaccard_macro: 0.32042821248372394
  kitti_jaccard_micro: 0.7029000918070475

2024-06-23 21:35:48,987 - INFO - Epoch 81/120
2024-06-23 21:35:50,116 - INFO - Train Stats
Loss:
  total: 0.16204075813293456
Metrics:
  kitti_dice: 0.9130372524261474
  kitti_jaccard_macro: 0.584402859210968
  kitti_jaccard_micro: 0.884603226184845

2024-06-23 21:35:50,544 - INFO - Validation Stats
Loss:
  total: 0.7533262968063354
Metrics:
  kitti_dice: 0.8141114711761475
  kitti_jaccard_macro: 0.3281850516796112
  kitti_jaccard_micro: 0.7092597087224325

2024-06-23 21:35:50,544 - INFO - Epoch 82/120
2024-06-23 21:35:51,676 - INFO - Train Stats
Loss:
  total: 0.16593405604362488
Metrics:
  kitti_dice: 0.8936091065406799
  kitti_jaccard_macro: 0.5843591332435608
  kitti_jaccard_micro: 0.8825245380401612

2024-06-23 21:35:52,105 - INFO - Validation Stats
Loss:
  total: 0.7687298059463501
Metrics:
  kitti_dice: 0.8104761441548666
  kitti_jaccard_macro: 0.3239872952302297
  kitti_jaccard_micro: 0.7043378750483195

2024-06-23 21:35:52,105 - INFO - Epoch 83/120
2024-06-23 21:35:53,237 - INFO - Train Stats
Loss:
  total: 0.16951217949390412
Metrics:
  kitti_dice: 0.9076083898544312
  kitti_jaccard_macro: 0.5988523006439209
  kitti_jaccard_micro: 0.8779009819030762

2024-06-23 21:35:53,663 - INFO - Validation Stats
Loss:
  total: 0.7622102697690328
Metrics:
  kitti_dice: 0.8109556436538696
  kitti_jaccard_macro: 0.32846757769584656
  kitti_jaccard_micro: 0.7045016884803772

2024-06-23 21:35:53,663 - INFO - Epoch 84/120
2024-06-23 21:35:54,791 - INFO - Train Stats
Loss:
  total: 0.17154565304517747
Metrics:
  kitti_dice: 0.9078920006752014
  kitti_jaccard_macro: 0.6005885243415833
  kitti_jaccard_micro: 0.8777040719985962

2024-06-23 21:35:55,220 - INFO - Validation Stats
Loss:
  total: 0.7685408790906271
Metrics:
  kitti_dice: 0.809226373831431
  kitti_jaccard_macro: 0.31631548206011456
  kitti_jaccard_micro: 0.703096330165863

2024-06-23 21:35:55,221 - INFO - Epoch 85/120
2024-06-23 21:35:56,354 - INFO - Train Stats
Loss:
  total: 0.16745613217353822
Metrics:
  kitti_dice: 0.9091393828392029
  kitti_jaccard_macro: 0.5990543961524963
  kitti_jaccard_micro: 0.880461585521698

2024-06-23 21:35:56,783 - INFO - Validation Stats
Loss:
  total: 0.7842695315678915
Metrics:
  kitti_dice: 0.8083885312080383
  kitti_jaccard_macro: 0.32018746932347614
  kitti_jaccard_micro: 0.7008198300997416

2024-06-23 21:35:57,039 - INFO - Epoch 86/120
2024-06-23 21:35:58,171 - INFO - Train Stats
Loss:
  total: 0.16309696435928345
Metrics:
  kitti_dice: 0.9103683948516845
  kitti_jaccard_macro: 0.6176054835319519
  kitti_jaccard_micro: 0.8830380082130432

2024-06-23 21:35:58,598 - INFO - Validation Stats
Loss:
  total: 0.780635933081309
Metrics:
  kitti_dice: 0.8096976280212402
  kitti_jaccard_macro: 0.32182157039642334
  kitti_jaccard_micro: 0.7021395564079285

2024-06-23 21:35:58,598 - INFO - Epoch 87/120
2024-06-23 21:35:59,715 - INFO - Train Stats
Loss:
  total: 0.15994406938552858
Metrics:
  kitti_dice: 0.896346390247345
  kitti_jaccard_macro: 0.5784870505332946
  kitti_jaccard_micro: 0.884940755367279

2024-06-23 21:36:00,149 - INFO - Validation Stats
Loss:
  total: 0.7542429169019064
Metrics:
  kitti_dice: 0.8121874332427979
  kitti_jaccard_macro: 0.3271970252195994
  kitti_jaccard_micro: 0.707048257191976

2024-06-23 21:36:00,149 - INFO - Epoch 88/120
2024-06-23 21:36:01,295 - INFO - Train Stats
Loss:
  total: 0.16125253438949586
Metrics:
  kitti_dice: 0.9118698120117188
  kitti_jaccard_macro: 0.6184469938278199
  kitti_jaccard_micro: 0.8839653134346008

2024-06-23 21:36:01,726 - INFO - Validation Stats
Loss:
  total: 0.7561183969179789
Metrics:
  kitti_dice: 0.8130719065666199
  kitti_jaccard_macro: 0.3325719137986501
  kitti_jaccard_micro: 0.7080908020337423

2024-06-23 21:36:01,726 - INFO - Epoch 89/120
2024-06-23 21:36:02,859 - INFO - Train Stats
Loss:
  total: 0.16432250440120696
Metrics:
  kitti_dice: 0.9106556534767151
  kitti_jaccard_macro: 0.5873049736022949
  kitti_jaccard_micro: 0.8817799329757691

2024-06-23 21:36:03,288 - INFO - Validation Stats
Loss:
  total: 0.7823529442151388
Metrics:
  kitti_dice: 0.8098031282424927
  kitti_jaccard_macro: 0.32502097884813946
  kitti_jaccard_micro: 0.7028434077898661

2024-06-23 21:36:03,288 - INFO - Epoch 90/120
2024-06-23 21:36:04,430 - INFO - Train Stats
Loss:
  total: 0.15427031517028808
Metrics:
  kitti_dice: 0.9153447389602661
  kitti_jaccard_macro: 0.6012702107429504
  kitti_jaccard_micro: 0.8885231137275695

2024-06-23 21:36:04,860 - INFO - Validation Stats
Loss:
  total: 0.7631902893384298
Metrics:
  kitti_dice: 0.8124264677365621
  kitti_jaccard_macro: 0.32389814654986065
  kitti_jaccard_micro: 0.706668496131897

2024-06-23 21:36:05,107 - INFO - Epoch 91/120
2024-06-23 21:36:06,251 - INFO - Train Stats
Loss:
  total: 0.16132244169712068
Metrics:
  kitti_dice: 0.9120090126991272
  kitti_jaccard_macro: 0.5721845030784607
  kitti_jaccard_micro: 0.8826280832290649

2024-06-23 21:36:06,682 - INFO - Validation Stats
Loss:
  total: 0.7824574510256449
Metrics:
  kitti_dice: 0.8099079330762228
  kitti_jaccard_macro: 0.3222406009833018
  kitti_jaccard_micro: 0.7032108704249064

2024-06-23 21:36:06,682 - INFO - Epoch 92/120
2024-06-23 21:36:07,811 - INFO - Train Stats
Loss:
  total: 0.15913216173648834
Metrics:
  kitti_dice: 0.9096694827079773
  kitti_jaccard_macro: 0.5866275310516358
  kitti_jaccard_micro: 0.8830525755882264

2024-06-23 21:36:08,245 - INFO - Validation Stats
Loss:
  total: 0.8024540742238363
Metrics:
  kitti_dice: 0.8088035583496094
  kitti_jaccard_macro: 0.32684000333150226
  kitti_jaccard_micro: 0.7015949686368307

2024-06-23 21:36:08,245 - INFO - Epoch 93/120
2024-06-23 21:36:09,373 - INFO - Train Stats
Loss:
  total: 0.15424612760543824
Metrics:
  kitti_dice: 0.9155838012695312
  kitti_jaccard_macro: 0.5987297296524048
  kitti_jaccard_micro: 0.8897037148475647

2024-06-23 21:36:09,802 - INFO - Validation Stats
Loss:
  total: 0.7806181112925211
Metrics:
  kitti_dice: 0.8112502892812093
  kitti_jaccard_macro: 0.32595033446947735
  kitti_jaccard_micro: 0.7049461801846822

2024-06-23 21:36:09,802 - INFO - Epoch 94/120
2024-06-23 21:36:10,949 - INFO - Train Stats
Loss:
  total: 0.15487166345119477
Metrics:
  kitti_dice: 0.9138851642608643
  kitti_jaccard_macro: 0.5963136076927185
  kitti_jaccard_micro: 0.8871413707733155

2024-06-23 21:36:11,380 - INFO - Validation Stats
Loss:
  total: 0.7593729297320048
Metrics:
  kitti_dice: 0.8101819157600403
  kitti_jaccard_macro: 0.33125585317611694
  kitti_jaccard_micro: 0.7038656075795492

2024-06-23 21:36:11,380 - INFO - Epoch 95/120
2024-06-23 21:36:12,519 - INFO - Train Stats
Loss:
  total: 0.16004187166690825
Metrics:
  kitti_dice: 0.9091580867767334
  kitti_jaccard_macro: 0.6106340885162354
  kitti_jaccard_micro: 0.8824421882629394

2024-06-23 21:36:12,950 - INFO - Validation Stats
Loss:
  total: 0.7587291995684305
Metrics:
  kitti_dice: 0.8129384716351827
  kitti_jaccard_macro: 0.33253862460454303
  kitti_jaccard_micro: 0.7072371443112692

2024-06-23 21:36:13,166 - INFO - Epoch 96/120
2024-06-23 21:36:14,291 - INFO - Train Stats
Loss:
  total: 0.1509616941213608
Metrics:
  kitti_dice: 0.8949524283409118
  kitti_jaccard_macro: 0.5926949381828308
  kitti_jaccard_micro: 0.8901617884635925

2024-06-23 21:36:14,717 - INFO - Validation Stats
Loss:
  total: 0.7589584589004517
Metrics:
  kitti_dice: 0.8123392462730408
  kitti_jaccard_macro: 0.32847041885058087
  kitti_jaccard_micro: 0.7069453398386637

2024-06-23 21:36:14,717 - INFO - Epoch 97/120
2024-06-23 21:36:15,855 - INFO - Train Stats
Loss:
  total: 0.1607973277568817
Metrics:
  kitti_dice: 0.9095549345016479
  kitti_jaccard_macro: 0.5968050956726074
  kitti_jaccard_micro: 0.881399405002594

2024-06-23 21:36:16,285 - INFO - Validation Stats
Loss:
  total: 0.7811850110689799
Metrics:
  kitti_dice: 0.8121998310089111
  kitti_jaccard_macro: 0.32605206966400146
  kitti_jaccard_micro: 0.7066913644472758

2024-06-23 21:36:16,285 - INFO - Epoch 98/120
2024-06-23 21:36:17,409 - INFO - Train Stats
Loss:
  total: 0.15359126180410385
Metrics:
  kitti_dice: 0.9121369242668151
  kitti_jaccard_macro: 0.6185803771018982
  kitti_jaccard_micro: 0.8872046113014221

2024-06-23 21:36:17,838 - INFO - Validation Stats
Loss:
  total: 0.7843203743298849
Metrics:
  kitti_dice: 0.8100192149480184
  kitti_jaccard_macro: 0.3258945941925049
  kitti_jaccard_micro: 0.7025104562441508

2024-06-23 21:36:17,839 - INFO - Epoch 99/120
2024-06-23 21:36:18,970 - INFO - Train Stats
Loss:
  total: 0.15619702637195587
Metrics:
  kitti_dice: 0.9118468761444092
  kitti_jaccard_macro: 0.6036001086235047
  kitti_jaccard_micro: 0.8851150393486023

2024-06-23 21:36:19,387 - INFO - Validation Stats
Loss:
  total: 0.7599835991859436
Metrics:
  kitti_dice: 0.8116032679875692
  kitti_jaccard_macro: 0.318830281496048
  kitti_jaccard_micro: 0.7059723337491354

2024-06-23 21:36:19,387 - INFO - Epoch 100/120
2024-06-23 21:36:20,507 - INFO - Train Stats
Loss:
  total: 0.14838366955518723
Metrics:
  kitti_dice: 0.9156857013702393
  kitti_jaccard_macro: 0.6113381028175354
  kitti_jaccard_micro: 0.8923436999320984

2024-06-23 21:36:20,937 - INFO - Validation Stats
Loss:
  total: 0.7512801686922709
Metrics:
  kitti_dice: 0.8126401702562968
  kitti_jaccard_macro: 0.32917584975560504
  kitti_jaccard_micro: 0.7076687614123026

2024-06-23 21:36:21,192 - INFO - Epoch 101/120
2024-06-23 21:36:22,337 - INFO - Train Stats
Loss:
  total: 0.148146952688694
Metrics:
  kitti_dice: 0.9157093405723572
  kitti_jaccard_macro: 0.6143648028373718
  kitti_jaccard_micro: 0.8912962079048157

2024-06-23 21:36:22,762 - INFO - Validation Stats
Loss:
  total: 0.7909601926803589
Metrics:
  kitti_dice: 0.8083441654841105
  kitti_jaccard_macro: 0.3225082854429881
  kitti_jaccard_micro: 0.7002831300099691

2024-06-23 21:36:22,762 - INFO - Epoch 102/120
2024-06-23 21:36:23,902 - INFO - Train Stats
Loss:
  total: 0.15046077370643615
Metrics:
  kitti_dice: 0.9149487972259521
  kitti_jaccard_macro: 0.6063866376876831
  kitti_jaccard_micro: 0.889187753200531

2024-06-23 21:36:24,322 - INFO - Validation Stats
Loss:
  total: 0.7375592986742655
Metrics:
  kitti_dice: 0.8163698315620422
  kitti_jaccard_macro: 0.3350215057531993
  kitti_jaccard_micro: 0.7130410472551981

2024-06-23 21:36:24,322 - INFO - Epoch 103/120
2024-06-23 21:36:25,462 - INFO - Train Stats
Loss:
  total: 0.14544900506734848
Metrics:
  kitti_dice: 0.9166074514389038
  kitti_jaccard_macro: 0.593255615234375
  kitti_jaccard_micro: 0.8929518699645996

2024-06-23 21:36:25,884 - INFO - Validation Stats
Loss:
  total: 0.7648987968762716
Metrics:
  kitti_dice: 0.8166663845380148
  kitti_jaccard_macro: 0.33139996727307636
  kitti_jaccard_micro: 0.7129273613293966

2024-06-23 21:36:25,884 - INFO - Epoch 104/120
2024-06-23 21:36:27,028 - INFO - Train Stats
Loss:
  total: 0.15215113162994384
Metrics:
  kitti_dice: 0.9144359946250915
  kitti_jaccard_macro: 0.6258318424224854
  kitti_jaccard_micro: 0.8887067079544068

2024-06-23 21:36:27,456 - INFO - Validation Stats
Loss:
  total: 0.7815347115198771
Metrics:
  kitti_dice: 0.8100618720054626
  kitti_jaccard_macro: 0.3194874922434489
  kitti_jaccard_micro: 0.7030544281005859

2024-06-23 21:36:27,456 - INFO - Epoch 105/120
2024-06-23 21:36:28,567 - INFO - Train Stats
Loss:
  total: 0.14704348146915436
Metrics:
  kitti_dice: 0.9162825822830201
  kitti_jaccard_macro: 0.6065179824829101
  kitti_jaccard_micro: 0.8927135825157165

2024-06-23 21:36:28,996 - INFO - Validation Stats
Loss:
  total: 0.7672636310259501
Metrics:
  kitti_dice: 0.8097132643063863
  kitti_jaccard_macro: 0.3229644099871318
  kitti_jaccard_micro: 0.7029956976572672

2024-06-23 21:36:29,169 - INFO - Epoch 106/120
2024-06-23 21:36:30,311 - INFO - Train Stats
Loss:
  total: 0.1550304561853409
Metrics:
  kitti_dice: 0.9120309591293335
  kitti_jaccard_macro: 0.6119332194328309
  kitti_jaccard_micro: 0.8854260563850402

2024-06-23 21:36:30,741 - INFO - Validation Stats
Loss:
  total: 0.7655934890111288
Metrics:
  kitti_dice: 0.8117445906003317
  kitti_jaccard_macro: 0.3332969645659129
  kitti_jaccard_micro: 0.7060610850652059

2024-06-23 21:36:30,741 - INFO - Epoch 107/120
2024-06-23 21:36:31,884 - INFO - Train Stats
Loss:
  total: 0.152999646961689
Metrics:
  kitti_dice: 0.9144724369049072
  kitti_jaccard_macro: 0.5925987482070922
  kitti_jaccard_micro: 0.8872671365737915

2024-06-23 21:36:32,315 - INFO - Validation Stats
Loss:
  total: 0.7364177703857422
Metrics:
  kitti_dice: 0.8137637575467428
  kitti_jaccard_macro: 0.32991960644721985
  kitti_jaccard_micro: 0.7090831200281779

2024-06-23 21:36:32,315 - INFO - Epoch 108/120
2024-06-23 21:36:33,445 - INFO - Train Stats
Loss:
  total: 0.14926995038986207
Metrics:
  kitti_dice: 0.9152846932411194
  kitti_jaccard_macro: 0.6502913951873779
  kitti_jaccard_micro: 0.8895928740501404

2024-06-23 21:36:33,872 - INFO - Validation Stats
Loss:
  total: 0.7105130950609843
Metrics:
  kitti_dice: 0.816001812616984
  kitti_jaccard_macro: 0.32890784740448
  kitti_jaccard_micro: 0.7125456134478251

2024-06-23 21:36:33,872 - INFO - Epoch 109/120
2024-06-23 21:36:35,006 - INFO - Train Stats
Loss:
  total: 0.1570069134235382
Metrics:
  kitti_dice: 0.911559271812439
  kitti_jaccard_macro: 0.6015528082847595
  kitti_jaccard_micro: 0.884166419506073

2024-06-23 21:36:35,439 - INFO - Validation Stats
Loss:
  total: 0.7478238741556803
Metrics:
  kitti_dice: 0.8146827419598898
  kitti_jaccard_macro: 0.3260500133037567
  kitti_jaccard_micro: 0.7106300393740336

2024-06-23 21:36:35,439 - INFO - Epoch 110/120
2024-06-23 21:36:36,587 - INFO - Train Stats
Loss:
  total: 0.15206938087940217
Metrics:
  kitti_dice: 0.9147026896476745
  kitti_jaccard_macro: 0.6311616420745849
  kitti_jaccard_micro: 0.8880722284317016

2024-06-23 21:36:37,020 - INFO - Validation Stats
Loss:
  total: 0.7331738869349161
Metrics:
  kitti_dice: 0.8170643250147501
  kitti_jaccard_macro: 0.33347058296203613
  kitti_jaccard_micro: 0.7141984105110168

2024-06-23 21:36:37,275 - INFO - Epoch 111/120
2024-06-23 21:36:38,405 - INFO - Train Stats
Loss:
  total: 0.1575910270214081
Metrics:
  kitti_dice: 0.9133697032928467
  kitti_jaccard_macro: 0.6181670188903808
  kitti_jaccard_micro: 0.8846445560455323

2024-06-23 21:36:38,835 - INFO - Validation Stats
Loss:
  total: 0.748587429523468
Metrics:
  kitti_dice: 0.8134875694910685
  kitti_jaccard_macro: 0.32762855291366577
  kitti_jaccard_micro: 0.709050714969635

2024-06-23 21:36:38,835 - INFO - Epoch 112/120
2024-06-23 21:36:39,964 - INFO - Train Stats
Loss:
  total: 0.14956699311733246
Metrics:
  kitti_dice: 0.9144165515899658
  kitti_jaccard_macro: 0.629667866230011
  kitti_jaccard_micro: 0.8890611290931701

2024-06-23 21:36:40,395 - INFO - Validation Stats
Loss:
  total: 0.760693371295929
Metrics:
  kitti_dice: 0.8159847656885783
  kitti_jaccard_macro: 0.3411108156045278
  kitti_jaccard_micro: 0.7124866843223572

2024-06-23 21:36:40,395 - INFO - Epoch 113/120
2024-06-23 21:36:41,541 - INFO - Train Stats
Loss:
  total: 0.1444550111889839
Metrics:
  kitti_dice: 0.9175818920135498
  kitti_jaccard_macro: 0.6426555275917053
  kitti_jaccard_micro: 0.8931999325752258

2024-06-23 21:36:41,963 - INFO - Validation Stats
Loss:
  total: 0.7414783835411072
Metrics:
  kitti_dice: 0.8183023532231649
  kitti_jaccard_macro: 0.3438303470611572
  kitti_jaccard_micro: 0.7150976856549581

2024-06-23 21:36:41,963 - INFO - Epoch 114/120
2024-06-23 21:36:43,077 - INFO - Train Stats
Loss:
  total: 0.15024867355823518
Metrics:
  kitti_dice: 0.9152142763137817
  kitti_jaccard_macro: 0.6540619611740113
  kitti_jaccard_micro: 0.8884711384773254

2024-06-23 21:36:43,502 - INFO - Validation Stats
Loss:
  total: 0.7917748292287191
Metrics:
  kitti_dice: 0.8112805088361105
  kitti_jaccard_macro: 0.3254398504892985
  kitti_jaccard_micro: 0.7048982977867126

2024-06-23 21:36:43,502 - INFO - Epoch 115/120
2024-06-23 21:36:44,641 - INFO - Train Stats
Loss:
  total: 0.15712227076292037
Metrics:
  kitti_dice: 0.9129850625991821
  kitti_jaccard_macro: 0.6396023392677307
  kitti_jaccard_micro: 0.8855640530586243

2024-06-23 21:36:45,075 - INFO - Validation Stats
Loss:
  total: 0.7687595089276632
Metrics:
  kitti_dice: 0.8140304088592529
  kitti_jaccard_macro: 0.3384393850962321
  kitti_jaccard_micro: 0.7092797160148621

2024-06-23 21:36:45,246 - INFO - Epoch 116/120
2024-06-23 21:36:46,397 - INFO - Train Stats
Loss:
  total: 0.13907413929700851
Metrics:
  kitti_dice: 0.9198637843132019
  kitti_jaccard_macro: 0.6288301229476929
  kitti_jaccard_micro: 0.8976228952407836

2024-06-23 21:36:46,829 - INFO - Validation Stats
Loss:
  total: 0.7586111426353455
Metrics:
  kitti_dice: 0.8100570241610209
  kitti_jaccard_macro: 0.33216022451718646
  kitti_jaccard_micro: 0.7038008570671082

2024-06-23 21:36:46,829 - INFO - Epoch 117/120
2024-06-23 21:36:47,963 - INFO - Train Stats
Loss:
  total: 0.14351337999105454
Metrics:
  kitti_dice: 0.9159740328788757
  kitti_jaccard_macro: 0.6193251132965087
  kitti_jaccard_micro: 0.8920775294303894

2024-06-23 21:36:48,390 - INFO - Validation Stats
Loss:
  total: 0.7597683866818746
Metrics:
  kitti_dice: 0.8141584595044454
  kitti_jaccard_macro: 0.3248601754506429
  kitti_jaccard_micro: 0.7093474070231119

2024-06-23 21:36:48,390 - INFO - Epoch 118/120
2024-06-23 21:36:49,505 - INFO - Train Stats
Loss:
  total: 0.14982051998376847
Metrics:
  kitti_dice: 0.9150642514228821
  kitti_jaccard_macro: 0.6192089915275574
  kitti_jaccard_micro: 0.8884486675262451

2024-06-23 21:36:49,935 - INFO - Validation Stats
Loss:
  total: 0.7466160853703817
Metrics:
  kitti_dice: 0.8138034343719482
  kitti_jaccard_macro: 0.33517561356226605
  kitti_jaccard_micro: 0.7086520592371622

2024-06-23 21:36:49,935 - INFO - Epoch 119/120
2024-06-23 21:36:51,080 - INFO - Train Stats
Loss:
  total: 0.14701243937015535
Metrics:
  kitti_dice: 0.9165351629257202
  kitti_jaccard_macro: 0.6144599199295044
  kitti_jaccard_micro: 0.890416944026947

2024-06-23 21:36:51,508 - INFO - Validation Stats
Loss:
  total: 0.7531618078549703
Metrics:
  kitti_dice: 0.8118946154912313
  kitti_jaccard_macro: 0.3243842621644338
  kitti_jaccard_micro: 0.7059452335039774

2024-06-23 21:36:51,508 - INFO - Epoch 120/120
2024-06-23 21:36:52,647 - INFO - Train Stats
Loss:
  total: 0.14696530252695084
Metrics:
  kitti_dice: 0.9026359558105469
  kitti_jaccard_macro: 0.6326153993606567
  kitti_jaccard_micro: 0.8913639903068542

2024-06-23 21:36:53,076 - INFO - Validation Stats
Loss:
  total: 0.758197546005249
Metrics:
  kitti_dice: 0.8147880037625631
  kitti_jaccard_macro: 0.325591375430425
  kitti_jaccard_micro: 0.7097590366999308

2024-06-23 21:36:53,330 - INFO - Best validation loss: 0.6991720994313558
2024-06-23 21:36:53,433 - INFO - Best model saved to /home/up201905337/exploring-label-efficiency/weights/sl_kitti_mobilenet_35l.pth
2024-06-23 21:36:53,433 - INFO - Training took 194.52782225608826 seconds to complete
