2024-05-23 14:43:46,808 - INFO - Loading configuration files...
2024-05-23 14:43:48,974 - INFO - Loading model configuration
args:
  num_classes: 10
class: ResNet50

2024-05-23 14:43:55,248 - INFO - Loading train_dataset configuration
args:
  force_transform: true
  num_labeled: 4000
  root: ./data/
  train_val_split: 0.9
class: SemiSupervisedCIFAR10

2024-05-23 14:44:00,793 - INFO - Loading val_dataset configuration
args:
  root: ./data/
  train_val_split: 0.9
class: CIFAR10

2024-05-23 14:44:00,918 - INFO - Loading optimizer configuration
args:
  lr: 0.001
class: Adam

2024-05-23 14:44:00,930 - INFO - Loading loss configuration
args: {}
class: CrossEntropyLoss

2024-05-23 14:44:01,059 - INFO - Loading metrics configuration
cifar10_top1_accuracy:
  args:
    num_classes: 10
    task: multiclass
    top_k: 1
  class: Accuracy
cifar10_top5_accuracy:
  args:
    num_classes: 10
    task: multiclass
    top_k: 5
  class: Accuracy

2024-05-23 14:44:01,116 - INFO - Loading scheduler configuration
args:
  T_max: 100
class: CosineAnnealingLR

2024-05-23 14:44:01,118 - INFO - Loading hyperparameters configuration
batch_size: 128
ema_decay: null
epochs: 100
num_workers: 4
save_freq: 30

2024-05-23 14:44:01,642 - INFO - Using device: cuda
2024-05-23 14:44:02,447 - INFO - Training for 100 epochs
2024-05-23 14:44:02,448 - INFO - Epoch 1/100
2024-05-23 14:44:13,246 - INFO - Train Stats
Loss:
  total: 2.5638754963874817
Metrics:
  cifar10_top1_accuracy: 0.171875
  cifar10_top5_accuracy: 0.655029296875

2024-05-23 14:44:16,842 - INFO - Validation Stats
Loss:
  total: 2.1760858327150343
Metrics:
  cifar10_top1_accuracy: 0.23984375
  cifar10_top5_accuracy: 0.7556640625

2024-05-23 14:44:19,568 - INFO - Epoch 2/100
2024-05-23 14:44:25,613 - INFO - Train Stats
Loss:
  total: 2.094471875578165
Metrics:
  cifar10_top1_accuracy: 0.278076171875
  cifar10_top5_accuracy: 0.792236328125

2024-05-23 14:44:29,033 - INFO - Validation Stats
Loss:
  total: 2.260024365782738
Metrics:
  cifar10_top1_accuracy: 0.25859375
  cifar10_top5_accuracy: 0.8076171875

2024-05-23 14:44:29,034 - INFO - Epoch 3/100
2024-05-23 14:44:34,912 - INFO - Train Stats
Loss:
  total: 2.0347315222024918
Metrics:
  cifar10_top1_accuracy: 0.309814453125
  cifar10_top5_accuracy: 0.825439453125

2024-05-23 14:44:38,098 - INFO - Validation Stats
Loss:
  total: 2.0821003288030626
Metrics:
  cifar10_top1_accuracy: 0.3306640625
  cifar10_top5_accuracy: 0.8369140625

2024-05-23 14:44:40,944 - INFO - Epoch 4/100
2024-05-23 14:44:46,709 - INFO - Train Stats
Loss:
  total: 1.9486550241708755
Metrics:
  cifar10_top1_accuracy: 0.3388671875
  cifar10_top5_accuracy: 0.8486328125

2024-05-23 14:44:49,742 - INFO - Validation Stats
Loss:
  total: 2.437910783290863
Metrics:
  cifar10_top1_accuracy: 0.3337890625
  cifar10_top5_accuracy: 0.8419921875

2024-05-23 14:44:49,743 - INFO - Epoch 5/100
2024-05-23 14:44:55,475 - INFO - Train Stats
Loss:
  total: 1.8549777008593082
Metrics:
  cifar10_top1_accuracy: 0.36474609375
  cifar10_top5_accuracy: 0.87451171875

2024-05-23 14:44:58,639 - INFO - Validation Stats
Loss:
  total: 1.8884938269853593
Metrics:
  cifar10_top1_accuracy: 0.36953125
  cifar10_top5_accuracy: 0.880078125

2024-05-23 14:45:01,676 - INFO - Epoch 6/100
2024-05-23 14:45:07,446 - INFO - Train Stats
Loss:
  total: 1.7997221052646637
Metrics:
  cifar10_top1_accuracy: 0.373779296875
  cifar10_top5_accuracy: 0.876220703125

2024-05-23 14:45:10,485 - INFO - Validation Stats
Loss:
  total: 2.1427100867033007
Metrics:
  cifar10_top1_accuracy: 0.365625
  cifar10_top5_accuracy: 0.875

2024-05-23 14:45:10,486 - INFO - Epoch 7/100
2024-05-23 14:45:16,178 - INFO - Train Stats
Loss:
  total: 1.8667249456048012
Metrics:
  cifar10_top1_accuracy: 0.3544921875
  cifar10_top5_accuracy: 0.8642578125

2024-05-23 14:45:19,414 - INFO - Validation Stats
Loss:
  total: 1.78581303358078
Metrics:
  cifar10_top1_accuracy: 0.387890625
  cifar10_top5_accuracy: 0.897265625

2024-05-23 14:45:22,218 - INFO - Epoch 8/100
2024-05-23 14:45:28,053 - INFO - Train Stats
Loss:
  total: 1.766929779201746
Metrics:
  cifar10_top1_accuracy: 0.38330078125
  cifar10_top5_accuracy: 0.886474609375

2024-05-23 14:45:31,096 - INFO - Validation Stats
Loss:
  total: 1.6128585010766983
Metrics:
  cifar10_top1_accuracy: 0.40703125
  cifar10_top5_accuracy: 0.8849609375

2024-05-23 14:45:33,955 - INFO - Epoch 9/100
2024-05-23 14:45:39,921 - INFO - Train Stats
Loss:
  total: 1.7909165173768997
Metrics:
  cifar10_top1_accuracy: 0.394287109375
  cifar10_top5_accuracy: 0.898193359375

2024-05-23 14:45:43,098 - INFO - Validation Stats
Loss:
  total: 2.1777868181467057
Metrics:
  cifar10_top1_accuracy: 0.373046875
  cifar10_top5_accuracy: 0.8802734375

2024-05-23 14:45:43,099 - INFO - Epoch 10/100
2024-05-23 14:45:49,200 - INFO - Train Stats
Loss:
  total: 1.8325964957475662
Metrics:
  cifar10_top1_accuracy: 0.3857421875
  cifar10_top5_accuracy: 0.89404296875

2024-05-23 14:45:52,216 - INFO - Validation Stats
Loss:
  total: 4.07720759510994
Metrics:
  cifar10_top1_accuracy: 0.3447265625
  cifar10_top5_accuracy: 0.8392578125

2024-05-23 14:45:52,218 - INFO - Epoch 11/100
2024-05-23 14:45:58,081 - INFO - Train Stats
Loss:
  total: 1.7382719926536083
Metrics:
  cifar10_top1_accuracy: 0.408447265625
  cifar10_top5_accuracy: 0.893798828125

2024-05-23 14:46:01,483 - INFO - Validation Stats
Loss:
  total: 1.636678898334503
Metrics:
  cifar10_top1_accuracy: 0.404296875
  cifar10_top5_accuracy: 0.90703125

2024-05-23 14:46:01,485 - INFO - Epoch 12/100
2024-05-23 14:46:07,537 - INFO - Train Stats
Loss:
  total: 1.5983197838068008
Metrics:
  cifar10_top1_accuracy: 0.43115234375
  cifar10_top5_accuracy: 0.899658203125

2024-05-23 14:46:10,873 - INFO - Validation Stats
Loss:
  total: 1.7579142570495605
Metrics:
  cifar10_top1_accuracy: 0.442578125
  cifar10_top5_accuracy: 0.9076171875

2024-05-23 14:46:10,874 - INFO - Epoch 13/100
2024-05-23 14:46:16,761 - INFO - Train Stats
Loss:
  total: 1.5480888076126575
Metrics:
  cifar10_top1_accuracy: 0.458984375
  cifar10_top5_accuracy: 0.92431640625

2024-05-23 14:46:20,011 - INFO - Validation Stats
Loss:
  total: 1.5583138912916183
Metrics:
  cifar10_top1_accuracy: 0.4357421875
  cifar10_top5_accuracy: 0.910546875

2024-05-23 14:46:23,007 - INFO - Epoch 14/100
2024-05-23 14:46:29,208 - INFO - Train Stats
Loss:
  total: 1.5333560854196548
Metrics:
  cifar10_top1_accuracy: 0.475341796875
  cifar10_top5_accuracy: 0.92626953125

2024-05-23 14:46:32,519 - INFO - Validation Stats
Loss:
  total: 1.5503763616085053
Metrics:
  cifar10_top1_accuracy: 0.4451171875
  cifar10_top5_accuracy: 0.9181640625

2024-05-23 14:46:35,417 - INFO - Epoch 15/100
2024-05-23 14:46:41,534 - INFO - Train Stats
Loss:
  total: 1.4701950177550316
Metrics:
  cifar10_top1_accuracy: 0.478759765625
  cifar10_top5_accuracy: 0.93212890625

2024-05-23 14:46:45,139 - INFO - Validation Stats
Loss:
  total: 1.9084540456533432
Metrics:
  cifar10_top1_accuracy: 0.4298828125
  cifar10_top5_accuracy: 0.914453125

2024-05-23 14:46:45,140 - INFO - Epoch 16/100
2024-05-23 14:46:51,302 - INFO - Train Stats
Loss:
  total: 1.444262444972992
Metrics:
  cifar10_top1_accuracy: 0.503173828125
  cifar10_top5_accuracy: 0.92626953125

2024-05-23 14:46:54,790 - INFO - Validation Stats
Loss:
  total: 2.196693590283394
Metrics:
  cifar10_top1_accuracy: 0.44765625
  cifar10_top5_accuracy: 0.912890625

2024-05-23 14:46:54,791 - INFO - Epoch 17/100
2024-05-23 14:47:00,563 - INFO - Train Stats
Loss:
  total: 1.388807252049446
Metrics:
  cifar10_top1_accuracy: 0.510009765625
  cifar10_top5_accuracy: 0.937744140625

2024-05-23 14:47:03,843 - INFO - Validation Stats
Loss:
  total: 1.5467966943979263
Metrics:
  cifar10_top1_accuracy: 0.44375
  cifar10_top5_accuracy: 0.9091796875

2024-05-23 14:47:06,709 - INFO - Epoch 18/100
2024-05-23 14:47:12,763 - INFO - Train Stats
Loss:
  total: 1.4335551895201206
Metrics:
  cifar10_top1_accuracy: 0.52001953125
  cifar10_top5_accuracy: 0.940185546875

2024-05-23 14:47:15,841 - INFO - Validation Stats
Loss:
  total: 1.5274781197309495
Metrics:
  cifar10_top1_accuracy: 0.4724609375
  cifar10_top5_accuracy: 0.91953125

2024-05-23 14:47:18,749 - INFO - Epoch 19/100
2024-05-23 14:47:24,906 - INFO - Train Stats
Loss:
  total: 1.5356904715299606
Metrics:
  cifar10_top1_accuracy: 0.480224609375
  cifar10_top5_accuracy: 0.926513671875

2024-05-23 14:47:28,066 - INFO - Validation Stats
Loss:
  total: 13.08943693637848
Metrics:
  cifar10_top1_accuracy: 0.3328125
  cifar10_top5_accuracy: 0.8099609375

2024-05-23 14:47:28,067 - INFO - Epoch 20/100
2024-05-23 14:47:33,838 - INFO - Train Stats
Loss:
  total: 1.5536452569067478
Metrics:
  cifar10_top1_accuracy: 0.46630859375
  cifar10_top5_accuracy: 0.930908203125

2024-05-23 14:47:36,907 - INFO - Validation Stats
Loss:
  total: 2.8725888639688493
Metrics:
  cifar10_top1_accuracy: 0.42734375
  cifar10_top5_accuracy: 0.8876953125

2024-05-23 14:47:36,908 - INFO - Epoch 21/100
2024-05-23 14:47:42,908 - INFO - Train Stats
Loss:
  total: 1.5913999006152153
Metrics:
  cifar10_top1_accuracy: 0.47607421875
  cifar10_top5_accuracy: 0.92431640625

2024-05-23 14:47:46,189 - INFO - Validation Stats
Loss:
  total: 2.694616398215294
Metrics:
  cifar10_top1_accuracy: 0.4705078125
  cifar10_top5_accuracy: 0.9150390625

2024-05-23 14:47:46,191 - INFO - Epoch 22/100
2024-05-23 14:47:52,143 - INFO - Train Stats
Loss:
  total: 1.5058666914701462
Metrics:
  cifar10_top1_accuracy: 0.5029296875
  cifar10_top5_accuracy: 0.9267578125

2024-05-23 14:47:55,231 - INFO - Validation Stats
Loss:
  total: 2.276446595788002
Metrics:
  cifar10_top1_accuracy: 0.4810546875
  cifar10_top5_accuracy: 0.916015625

2024-05-23 14:47:55,233 - INFO - Epoch 23/100
2024-05-23 14:48:01,570 - INFO - Train Stats
Loss:
  total: 1.3242310881614685
Metrics:
  cifar10_top1_accuracy: 0.54296875
  cifar10_top5_accuracy: 0.942626953125

2024-05-23 14:48:05,375 - INFO - Validation Stats
Loss:
  total: 2.1522398710250856
Metrics:
  cifar10_top1_accuracy: 0.4818359375
  cifar10_top5_accuracy: 0.92734375

2024-05-23 14:48:05,377 - INFO - Epoch 24/100
2024-05-23 14:48:11,390 - INFO - Train Stats
Loss:
  total: 1.3149942606687546
Metrics:
  cifar10_top1_accuracy: 0.547607421875
  cifar10_top5_accuracy: 0.945556640625

2024-05-23 14:48:14,615 - INFO - Validation Stats
Loss:
  total: 1.910913634300232
Metrics:
  cifar10_top1_accuracy: 0.4865234375
  cifar10_top5_accuracy: 0.9294921875

2024-05-23 14:48:14,616 - INFO - Epoch 25/100
2024-05-23 14:48:20,414 - INFO - Train Stats
Loss:
  total: 1.2831667512655258
Metrics:
  cifar10_top1_accuracy: 0.56005859375
  cifar10_top5_accuracy: 0.94580078125

2024-05-23 14:48:23,634 - INFO - Validation Stats
Loss:
  total: 1.4569359600543976
Metrics:
  cifar10_top1_accuracy: 0.5021484375
  cifar10_top5_accuracy: 0.9322265625

2024-05-23 14:48:26,505 - INFO - Epoch 26/100
2024-05-23 14:48:32,217 - INFO - Train Stats
Loss:
  total: 1.259899752214551
Metrics:
  cifar10_top1_accuracy: 0.578125
  cifar10_top5_accuracy: 0.953369140625

2024-05-23 14:48:35,318 - INFO - Validation Stats
Loss:
  total: 1.7677260637283325
Metrics:
  cifar10_top1_accuracy: 0.491796875
  cifar10_top5_accuracy: 0.9265625

2024-05-23 14:48:35,319 - INFO - Epoch 27/100
2024-05-23 14:48:41,628 - INFO - Train Stats
Loss:
  total: 1.2115316055715084
Metrics:
  cifar10_top1_accuracy: 0.59033203125
  cifar10_top5_accuracy: 0.95947265625

2024-05-23 14:48:44,737 - INFO - Validation Stats
Loss:
  total: 1.4535462379455566
Metrics:
  cifar10_top1_accuracy: 0.5041015625
  cifar10_top5_accuracy: 0.9267578125

2024-05-23 14:48:47,551 - INFO - Epoch 28/100
2024-05-23 14:48:55,152 - INFO - Train Stats
Loss:
  total: 1.1685284096747637
Metrics:
  cifar10_top1_accuracy: 0.594970703125
  cifar10_top5_accuracy: 0.96240234375

2024-05-23 14:48:58,404 - INFO - Validation Stats
Loss:
  total: 1.5083655625581742
Metrics:
  cifar10_top1_accuracy: 0.4857421875
  cifar10_top5_accuracy: 0.91796875

2024-05-23 14:48:58,405 - INFO - Epoch 29/100
2024-05-23 14:49:04,200 - INFO - Train Stats
Loss:
  total: 1.111379073932767
Metrics:
  cifar10_top1_accuracy: 0.61279296875
  cifar10_top5_accuracy: 0.965576171875

2024-05-23 14:49:07,386 - INFO - Validation Stats
Loss:
  total: 1.5402248054742813
Metrics:
  cifar10_top1_accuracy: 0.4779296875
  cifar10_top5_accuracy: 0.9181640625

2024-05-23 14:49:07,387 - INFO - Epoch 30/100
2024-05-23 14:49:13,587 - INFO - Train Stats
Loss:
  total: 1.5204576589167118
Metrics:
  cifar10_top1_accuracy: 0.4853515625
  cifar10_top5_accuracy: 0.927734375

2024-05-23 14:49:17,056 - INFO - Validation Stats
Loss:
  total: 1.616962915658951
Metrics:
  cifar10_top1_accuracy: 0.4419921875
  cifar10_top5_accuracy: 0.92421875

2024-05-23 14:49:19,848 - INFO - Epoch 31/100
2024-05-23 14:49:25,644 - INFO - Train Stats
Loss:
  total: 1.5561501570045948
Metrics:
  cifar10_top1_accuracy: 0.475341796875
  cifar10_top5_accuracy: 0.919189453125

2024-05-23 14:49:28,689 - INFO - Validation Stats
Loss:
  total: 7.706813490390777
Metrics:
  cifar10_top1_accuracy: 0.433203125
  cifar10_top5_accuracy: 0.90703125

2024-05-23 14:49:28,691 - INFO - Epoch 32/100
2024-05-23 14:49:34,642 - INFO - Train Stats
Loss:
  total: 1.4798217415809631
Metrics:
  cifar10_top1_accuracy: 0.474853515625
  cifar10_top5_accuracy: 0.92431640625

2024-05-23 14:49:37,664 - INFO - Validation Stats
Loss:
  total: 1.56669839322567
Metrics:
  cifar10_top1_accuracy: 0.46875
  cifar10_top5_accuracy: 0.919140625

2024-05-23 14:49:37,665 - INFO - Epoch 33/100
2024-05-23 14:49:43,326 - INFO - Train Stats
Loss:
  total: 1.3672201596200466
Metrics:
  cifar10_top1_accuracy: 0.503173828125
  cifar10_top5_accuracy: 0.936279296875

2024-05-23 14:49:46,547 - INFO - Validation Stats
Loss:
  total: 1.475120911002159
Metrics:
  cifar10_top1_accuracy: 0.470703125
  cifar10_top5_accuracy: 0.9279296875

2024-05-23 14:49:46,548 - INFO - Epoch 34/100
2024-05-23 14:49:52,510 - INFO - Train Stats
Loss:
  total: 1.3133285343647003
Metrics:
  cifar10_top1_accuracy: 0.54345703125
  cifar10_top5_accuracy: 0.945556640625

2024-05-23 14:49:55,816 - INFO - Validation Stats
Loss:
  total: 1.6185924023389817
Metrics:
  cifar10_top1_accuracy: 0.4810546875
  cifar10_top5_accuracy: 0.9291015625

2024-05-23 14:49:55,817 - INFO - Epoch 35/100
2024-05-23 14:50:01,835 - INFO - Train Stats
Loss:
  total: 1.3750356324017048
Metrics:
  cifar10_top1_accuracy: 0.5556640625
  cifar10_top5_accuracy: 0.950927734375

2024-05-23 14:50:05,331 - INFO - Validation Stats
Loss:
  total: 1.4412940174341202
Metrics:
  cifar10_top1_accuracy: 0.49765625
  cifar10_top5_accuracy: 0.923046875

2024-05-23 14:50:08,278 - INFO - Epoch 36/100
2024-05-23 14:50:14,522 - INFO - Train Stats
Loss:
  total: 1.304726142436266
Metrics:
  cifar10_top1_accuracy: 0.556640625
  cifar10_top5_accuracy: 0.949951171875

2024-05-23 14:50:17,885 - INFO - Validation Stats
Loss:
  total: 1.5133856385946274
Metrics:
  cifar10_top1_accuracy: 0.4845703125
  cifar10_top5_accuracy: 0.9212890625

2024-05-23 14:50:17,886 - INFO - Epoch 37/100
2024-05-23 14:50:24,512 - INFO - Train Stats
Loss:
  total: 1.192032665014267
Metrics:
  cifar10_top1_accuracy: 0.575439453125
  cifar10_top5_accuracy: 0.95947265625

2024-05-23 14:50:28,143 - INFO - Validation Stats
Loss:
  total: 1.4465105891227723
Metrics:
  cifar10_top1_accuracy: 0.5068359375
  cifar10_top5_accuracy: 0.9267578125

2024-05-23 14:50:28,144 - INFO - Epoch 38/100
2024-05-23 14:50:34,000 - INFO - Train Stats
Loss:
  total: 1.131633896380663
Metrics:
  cifar10_top1_accuracy: 0.600830078125
  cifar10_top5_accuracy: 0.965087890625

2024-05-23 14:50:37,139 - INFO - Validation Stats
Loss:
  total: 1.6894306391477585
Metrics:
  cifar10_top1_accuracy: 0.492578125
  cifar10_top5_accuracy: 0.925390625

2024-05-23 14:50:37,140 - INFO - Epoch 39/100
2024-05-23 14:50:42,971 - INFO - Train Stats
Loss:
  total: 1.1642264351248741
Metrics:
  cifar10_top1_accuracy: 0.6015625
  cifar10_top5_accuracy: 0.96533203125

2024-05-23 14:50:46,093 - INFO - Validation Stats
Loss:
  total: 1.4723510146141052
Metrics:
  cifar10_top1_accuracy: 0.5037109375
  cifar10_top5_accuracy: 0.9306640625

2024-05-23 14:50:46,094 - INFO - Epoch 40/100
2024-05-23 14:50:51,854 - INFO - Train Stats
Loss:
  total: 1.0694671534001827
Metrics:
  cifar10_top1_accuracy: 0.62255859375
  cifar10_top5_accuracy: 0.97216796875

2024-05-23 14:50:55,159 - INFO - Validation Stats
Loss:
  total: 1.42977277636528
Metrics:
  cifar10_top1_accuracy: 0.5201171875
  cifar10_top5_accuracy: 0.9275390625

2024-05-23 14:50:57,963 - INFO - Epoch 41/100
2024-05-23 14:51:04,045 - INFO - Train Stats
Loss:
  total: 0.9731048941612244
Metrics:
  cifar10_top1_accuracy: 0.65234375
  cifar10_top5_accuracy: 0.97509765625

2024-05-23 14:51:07,257 - INFO - Validation Stats
Loss:
  total: 1.5385285764932632
Metrics:
  cifar10_top1_accuracy: 0.51953125
  cifar10_top5_accuracy: 0.9275390625

2024-05-23 14:51:07,258 - INFO - Epoch 42/100
2024-05-23 14:51:13,018 - INFO - Train Stats
Loss:
  total: 0.950916662812233
Metrics:
  cifar10_top1_accuracy: 0.66748046875
  cifar10_top5_accuracy: 0.97509765625

2024-05-23 14:51:16,197 - INFO - Validation Stats
Loss:
  total: 1.3762030959129334
Metrics:
  cifar10_top1_accuracy: 0.5408203125
  cifar10_top5_accuracy: 0.9380859375

2024-05-23 14:51:19,074 - INFO - Epoch 43/100
2024-05-23 14:51:24,937 - INFO - Train Stats
Loss:
  total: 0.8889976982027292
Metrics:
  cifar10_top1_accuracy: 0.681640625
  cifar10_top5_accuracy: 0.9794921875

2024-05-23 14:51:28,006 - INFO - Validation Stats
Loss:
  total: 1.528315731883049
Metrics:
  cifar10_top1_accuracy: 0.502734375
  cifar10_top5_accuracy: 0.933984375

2024-05-23 14:51:28,007 - INFO - Epoch 44/100
2024-05-23 14:51:33,802 - INFO - Train Stats
Loss:
  total: 0.8531238809227943
Metrics:
  cifar10_top1_accuracy: 0.696044921875
  cifar10_top5_accuracy: 0.979736328125

2024-05-23 14:51:37,344 - INFO - Validation Stats
Loss:
  total: 1.480220240354538
Metrics:
  cifar10_top1_accuracy: 0.5236328125
  cifar10_top5_accuracy: 0.9384765625

2024-05-23 14:51:37,345 - INFO - Epoch 45/100
2024-05-23 14:51:43,095 - INFO - Train Stats
Loss:
  total: 0.8443119116127491
Metrics:
  cifar10_top1_accuracy: 0.696533203125
  cifar10_top5_accuracy: 0.98193359375

2024-05-23 14:51:46,214 - INFO - Validation Stats
Loss:
  total: 1.673148375749588
Metrics:
  cifar10_top1_accuracy: 0.48125
  cifar10_top5_accuracy: 0.9228515625

2024-05-23 14:51:46,215 - INFO - Epoch 46/100
2024-05-23 14:51:52,013 - INFO - Train Stats
Loss:
  total: 0.9384425617754459
Metrics:
  cifar10_top1_accuracy: 0.66015625
  cifar10_top5_accuracy: 0.978759765625

2024-05-23 14:51:55,223 - INFO - Validation Stats
Loss:
  total: 1.5668450206518174
Metrics:
  cifar10_top1_accuracy: 0.5037109375
  cifar10_top5_accuracy: 0.940234375

2024-05-23 14:51:55,224 - INFO - Epoch 47/100
2024-05-23 14:52:01,172 - INFO - Train Stats
Loss:
  total: 0.9700636025518179
Metrics:
  cifar10_top1_accuracy: 0.658447265625
  cifar10_top5_accuracy: 0.979736328125

2024-05-23 14:52:04,304 - INFO - Validation Stats
Loss:
  total: 1.5095856726169585
Metrics:
  cifar10_top1_accuracy: 0.52109375
  cifar10_top5_accuracy: 0.9341796875

2024-05-23 14:52:04,305 - INFO - Epoch 48/100
2024-05-23 14:52:10,431 - INFO - Train Stats
Loss:
  total: 0.827818414196372
Metrics:
  cifar10_top1_accuracy: 0.70849609375
  cifar10_top5_accuracy: 0.983154296875

2024-05-23 14:52:14,143 - INFO - Validation Stats
Loss:
  total: 1.511398035287857
Metrics:
  cifar10_top1_accuracy: 0.533203125
  cifar10_top5_accuracy: 0.9359375

2024-05-23 14:52:14,144 - INFO - Epoch 49/100
2024-05-23 14:52:20,240 - INFO - Train Stats
Loss:
  total: 0.8180453535169363
Metrics:
  cifar10_top1_accuracy: 0.72265625
  cifar10_top5_accuracy: 0.985107421875

2024-05-23 14:52:23,574 - INFO - Validation Stats
Loss:
  total: 1.5221113115549088
Metrics:
  cifar10_top1_accuracy: 0.5333984375
  cifar10_top5_accuracy: 0.9345703125

2024-05-23 14:52:23,576 - INFO - Epoch 50/100
2024-05-23 14:52:29,837 - INFO - Train Stats
Loss:
  total: 0.7581904008984566
Metrics:
  cifar10_top1_accuracy: 0.732666015625
  cifar10_top5_accuracy: 0.988037109375

2024-05-23 14:52:33,032 - INFO - Validation Stats
Loss:
  total: 1.526533392071724
Metrics:
  cifar10_top1_accuracy: 0.5330078125
  cifar10_top5_accuracy: 0.9388671875

2024-05-23 14:52:33,033 - INFO - Epoch 51/100
2024-05-23 14:52:39,107 - INFO - Train Stats
Loss:
  total: 0.7220478057861328
Metrics:
  cifar10_top1_accuracy: 0.75341796875
  cifar10_top5_accuracy: 0.988525390625

2024-05-23 14:52:42,365 - INFO - Validation Stats
Loss:
  total: 1.5457364857196807
Metrics:
  cifar10_top1_accuracy: 0.535546875
  cifar10_top5_accuracy: 0.9345703125

2024-05-23 14:52:42,366 - INFO - Epoch 52/100
2024-05-23 14:52:48,435 - INFO - Train Stats
Loss:
  total: 0.7452398166060448
Metrics:
  cifar10_top1_accuracy: 0.746826171875
  cifar10_top5_accuracy: 0.988037109375

2024-05-23 14:52:52,138 - INFO - Validation Stats
Loss:
  total: 1.6129764199256897
Metrics:
  cifar10_top1_accuracy: 0.5255859375
  cifar10_top5_accuracy: 0.93515625

2024-05-23 14:52:52,139 - INFO - Epoch 53/100
2024-05-23 14:52:58,068 - INFO - Train Stats
Loss:
  total: 0.6723077557981014
Metrics:
  cifar10_top1_accuracy: 0.764404296875
  cifar10_top5_accuracy: 0.9912109375

2024-05-23 14:53:01,172 - INFO - Validation Stats
Loss:
  total: 1.6496153116226195
Metrics:
  cifar10_top1_accuracy: 0.525
  cifar10_top5_accuracy: 0.9369140625

2024-05-23 14:53:01,173 - INFO - Epoch 54/100
2024-05-23 14:53:07,056 - INFO - Train Stats
Loss:
  total: 0.5824910206720233
Metrics:
  cifar10_top1_accuracy: 0.79541015625
  cifar10_top5_accuracy: 0.993896484375

2024-05-23 14:53:10,312 - INFO - Validation Stats
Loss:
  total: 1.72772473692894
Metrics:
  cifar10_top1_accuracy: 0.5232421875
  cifar10_top5_accuracy: 0.9291015625

2024-05-23 14:53:10,314 - INFO - Epoch 55/100
2024-05-23 14:53:16,203 - INFO - Train Stats
Loss:
  total: 0.6150384722277522
Metrics:
  cifar10_top1_accuracy: 0.78173828125
  cifar10_top5_accuracy: 0.991943359375

2024-05-23 14:53:19,379 - INFO - Validation Stats
Loss:
  total: 1.6433703005313873
Metrics:
  cifar10_top1_accuracy: 0.528515625
  cifar10_top5_accuracy: 0.9369140625

2024-05-23 14:53:19,380 - INFO - Epoch 56/100
2024-05-23 14:53:25,301 - INFO - Train Stats
Loss:
  total: 0.5989641826599836
Metrics:
  cifar10_top1_accuracy: 0.796630859375
  cifar10_top5_accuracy: 0.991455078125

2024-05-23 14:53:28,755 - INFO - Validation Stats
Loss:
  total: 1.59609554708004
Metrics:
  cifar10_top1_accuracy: 0.53515625
  cifar10_top5_accuracy: 0.9361328125

2024-05-23 14:53:28,756 - INFO - Epoch 57/100
2024-05-23 14:53:34,862 - INFO - Train Stats
Loss:
  total: 0.536319537088275
Metrics:
  cifar10_top1_accuracy: 0.81103515625
  cifar10_top5_accuracy: 0.995849609375

2024-05-23 14:53:38,012 - INFO - Validation Stats
Loss:
  total: 1.7117793202400207
Metrics:
  cifar10_top1_accuracy: 0.5451171875
  cifar10_top5_accuracy: 0.9357421875

2024-05-23 14:53:38,013 - INFO - Epoch 58/100
2024-05-23 14:53:43,827 - INFO - Train Stats
Loss:
  total: 0.545640897937119
Metrics:
  cifar10_top1_accuracy: 0.811767578125
  cifar10_top5_accuracy: 0.992431640625

2024-05-23 14:53:46,854 - INFO - Validation Stats
Loss:
  total: 1.674564152956009
Metrics:
  cifar10_top1_accuracy: 0.5521484375
  cifar10_top5_accuracy: 0.9392578125

2024-05-23 14:53:46,855 - INFO - Epoch 59/100
2024-05-23 14:53:53,198 - INFO - Train Stats
Loss:
  total: 0.5355182094499469
Metrics:
  cifar10_top1_accuracy: 0.808349609375
  cifar10_top5_accuracy: 0.995849609375

2024-05-23 14:53:56,190 - INFO - Validation Stats
Loss:
  total: 1.7244600862264634
Metrics:
  cifar10_top1_accuracy: 0.5416015625
  cifar10_top5_accuracy: 0.9298828125

2024-05-23 14:53:56,191 - INFO - Epoch 60/100
2024-05-23 14:54:02,155 - INFO - Train Stats
Loss:
  total: 0.49863264337182045
Metrics:
  cifar10_top1_accuracy: 0.82470703125
  cifar10_top5_accuracy: 0.995361328125

2024-05-23 14:54:05,563 - INFO - Validation Stats
Loss:
  total: 1.7799171447753905
Metrics:
  cifar10_top1_accuracy: 0.5318359375
  cifar10_top5_accuracy: 0.9376953125

2024-05-23 14:54:08,309 - INFO - Epoch 61/100
2024-05-23 14:54:14,453 - INFO - Train Stats
Loss:
  total: 0.4395747650414705
Metrics:
  cifar10_top1_accuracy: 0.848876953125
  cifar10_top5_accuracy: 0.996337890625

2024-05-23 14:54:17,658 - INFO - Validation Stats
Loss:
  total: 1.7710140764713287
Metrics:
  cifar10_top1_accuracy: 0.54140625
  cifar10_top5_accuracy: 0.931640625

2024-05-23 14:54:17,659 - INFO - Epoch 62/100
2024-05-23 14:54:23,327 - INFO - Train Stats
Loss:
  total: 0.44332149531692266
Metrics:
  cifar10_top1_accuracy: 0.83837890625
  cifar10_top5_accuracy: 0.9970703125

2024-05-23 14:54:26,635 - INFO - Validation Stats
Loss:
  total: 1.8154095083475112
Metrics:
  cifar10_top1_accuracy: 0.5404296875
  cifar10_top5_accuracy: 0.9296875

2024-05-23 14:54:26,636 - INFO - Epoch 63/100
2024-05-23 14:54:32,540 - INFO - Train Stats
Loss:
  total: 0.40534425247460604
Metrics:
  cifar10_top1_accuracy: 0.860595703125
  cifar10_top5_accuracy: 0.99755859375

2024-05-23 14:54:35,772 - INFO - Validation Stats
Loss:
  total: 1.8367503583431244
Metrics:
  cifar10_top1_accuracy: 0.535546875
  cifar10_top5_accuracy: 0.9298828125

2024-05-23 14:54:35,773 - INFO - Epoch 64/100
2024-05-23 14:54:41,684 - INFO - Train Stats
Loss:
  total: 0.3841547495685518
Metrics:
  cifar10_top1_accuracy: 0.8701171875
  cifar10_top5_accuracy: 0.997314453125

2024-05-23 14:54:45,016 - INFO - Validation Stats
Loss:
  total: 1.862268751859665
Metrics:
  cifar10_top1_accuracy: 0.5353515625
  cifar10_top5_accuracy: 0.93203125

2024-05-23 14:54:45,017 - INFO - Epoch 65/100
2024-05-23 14:54:50,914 - INFO - Train Stats
Loss:
  total: 0.374711184296757
Metrics:
  cifar10_top1_accuracy: 0.8720703125
  cifar10_top5_accuracy: 0.9970703125

2024-05-23 14:54:54,042 - INFO - Validation Stats
Loss:
  total: 1.8898294687271118
Metrics:
  cifar10_top1_accuracy: 0.5376953125
  cifar10_top5_accuracy: 0.930859375

2024-05-23 14:54:54,043 - INFO - Epoch 66/100
2024-05-23 14:54:59,740 - INFO - Train Stats
Loss:
  total: 0.3375132856890559
Metrics:
  cifar10_top1_accuracy: 0.8798828125
  cifar10_top5_accuracy: 0.99853515625

2024-05-23 14:55:02,858 - INFO - Validation Stats
Loss:
  total: 1.943273627758026
Metrics:
  cifar10_top1_accuracy: 0.5357421875
  cifar10_top5_accuracy: 0.9298828125

2024-05-23 14:55:02,859 - INFO - Epoch 67/100
2024-05-23 14:55:08,667 - INFO - Train Stats
Loss:
  total: 0.29777992563322186
Metrics:
  cifar10_top1_accuracy: 0.90185546875
  cifar10_top5_accuracy: 0.99755859375

2024-05-23 14:55:11,779 - INFO - Validation Stats
Loss:
  total: 2.073408818244934
Metrics:
  cifar10_top1_accuracy: 0.5271484375
  cifar10_top5_accuracy: 0.931640625

2024-05-23 14:55:11,780 - INFO - Epoch 68/100
2024-05-23 14:55:17,568 - INFO - Train Stats
Loss:
  total: 0.31074655102565885
Metrics:
  cifar10_top1_accuracy: 0.886962890625
  cifar10_top5_accuracy: 0.998291015625

2024-05-23 14:55:20,800 - INFO - Validation Stats
Loss:
  total: 2.0352287352085114
Metrics:
  cifar10_top1_accuracy: 0.530859375
  cifar10_top5_accuracy: 0.9314453125

2024-05-23 14:55:20,801 - INFO - Epoch 69/100
2024-05-23 14:55:26,978 - INFO - Train Stats
Loss:
  total: 0.27926633739843965
Metrics:
  cifar10_top1_accuracy: 0.90771484375
  cifar10_top5_accuracy: 0.999267578125

2024-05-23 14:55:29,957 - INFO - Validation Stats
Loss:
  total: 2.050488311052322
Metrics:
  cifar10_top1_accuracy: 0.534765625
  cifar10_top5_accuracy: 0.9302734375

2024-05-23 14:55:29,958 - INFO - Epoch 70/100
2024-05-23 14:55:35,706 - INFO - Train Stats
Loss:
  total: 0.27288934122771025
Metrics:
  cifar10_top1_accuracy: 0.904541015625
  cifar10_top5_accuracy: 0.998779296875

2024-05-23 14:55:38,872 - INFO - Validation Stats
Loss:
  total: 2.0334374964237214
Metrics:
  cifar10_top1_accuracy: 0.5435546875
  cifar10_top5_accuracy: 0.932421875

2024-05-23 14:55:38,873 - INFO - Epoch 71/100
2024-05-23 14:55:44,599 - INFO - Train Stats
Loss:
  total: 0.2665319889783859
Metrics:
  cifar10_top1_accuracy: 0.904052734375
  cifar10_top5_accuracy: 0.99853515625

2024-05-23 14:55:47,651 - INFO - Validation Stats
Loss:
  total: 2.042898878455162
Metrics:
  cifar10_top1_accuracy: 0.5494140625
  cifar10_top5_accuracy: 0.930859375

2024-05-23 14:55:47,652 - INFO - Epoch 72/100
2024-05-23 14:55:53,378 - INFO - Train Stats
Loss:
  total: 0.2276967940852046
Metrics:
  cifar10_top1_accuracy: 0.919921875
  cifar10_top5_accuracy: 0.999267578125

2024-05-23 14:55:56,484 - INFO - Validation Stats
Loss:
  total: 2.066029879450798
Metrics:
  cifar10_top1_accuracy: 0.5419921875
  cifar10_top5_accuracy: 0.930859375

2024-05-23 14:55:56,485 - INFO - Epoch 73/100
2024-05-23 14:56:02,583 - INFO - Train Stats
Loss:
  total: 0.21856341557577252
Metrics:
  cifar10_top1_accuracy: 0.92626953125
  cifar10_top5_accuracy: 0.999755859375

2024-05-23 14:56:05,537 - INFO - Validation Stats
Loss:
  total: 2.1759824812412263
Metrics:
  cifar10_top1_accuracy: 0.538671875
  cifar10_top5_accuracy: 0.927734375

2024-05-23 14:56:05,538 - INFO - Epoch 74/100
2024-05-23 14:56:11,587 - INFO - Train Stats
Loss:
  total: 0.22086289804428816
Metrics:
  cifar10_top1_accuracy: 0.927978515625
  cifar10_top5_accuracy: 0.999267578125

2024-05-23 14:56:14,771 - INFO - Validation Stats
Loss:
  total: 2.1998499989509583
Metrics:
  cifar10_top1_accuracy: 0.541015625
  cifar10_top5_accuracy: 0.9259765625

2024-05-23 14:56:14,772 - INFO - Epoch 75/100
2024-05-23 14:56:20,399 - INFO - Train Stats
Loss:
  total: 0.2106551923789084
Metrics:
  cifar10_top1_accuracy: 0.927001953125
  cifar10_top5_accuracy: 0.9990234375

2024-05-23 14:56:23,355 - INFO - Validation Stats
Loss:
  total: 2.1653310000896453
Metrics:
  cifar10_top1_accuracy: 0.5513671875
  cifar10_top5_accuracy: 0.9267578125

2024-05-23 14:56:23,356 - INFO - Epoch 76/100
2024-05-23 14:56:29,111 - INFO - Train Stats
Loss:
  total: 0.20305074658244848
Metrics:
  cifar10_top1_accuracy: 0.936767578125
  cifar10_top5_accuracy: 0.999267578125

2024-05-23 14:56:32,218 - INFO - Validation Stats
Loss:
  total: 2.200490954518318
Metrics:
  cifar10_top1_accuracy: 0.545703125
  cifar10_top5_accuracy: 0.9265625

2024-05-23 14:56:32,219 - INFO - Epoch 77/100
2024-05-23 14:56:38,586 - INFO - Train Stats
Loss:
  total: 0.18034360487945378
Metrics:
  cifar10_top1_accuracy: 0.940673828125
  cifar10_top5_accuracy: 0.998779296875

2024-05-23 14:56:41,959 - INFO - Validation Stats
Loss:
  total: 2.1700265616178513
Metrics:
  cifar10_top1_accuracy: 0.5466796875
  cifar10_top5_accuracy: 0.9294921875

2024-05-23 14:56:41,961 - INFO - Epoch 78/100
2024-05-23 14:56:47,860 - INFO - Train Stats
Loss:
  total: 0.1572689926251769
Metrics:
  cifar10_top1_accuracy: 0.946533203125
  cifar10_top5_accuracy: 1.0

2024-05-23 14:56:51,048 - INFO - Validation Stats
Loss:
  total: 2.236129015684128
Metrics:
  cifar10_top1_accuracy: 0.5556640625
  cifar10_top5_accuracy: 0.93046875

2024-05-23 14:56:51,049 - INFO - Epoch 79/100
2024-05-23 14:56:57,174 - INFO - Train Stats
Loss:
  total: 0.1731845075264573
Metrics:
  cifar10_top1_accuracy: 0.94384765625
  cifar10_top5_accuracy: 0.999755859375

2024-05-23 14:57:00,751 - INFO - Validation Stats
Loss:
  total: 2.253426563739777
Metrics:
  cifar10_top1_accuracy: 0.5494140625
  cifar10_top5_accuracy: 0.929296875

2024-05-23 14:57:00,753 - INFO - Epoch 80/100
2024-05-23 14:57:06,683 - INFO - Train Stats
Loss:
  total: 0.16417942754924297
Metrics:
  cifar10_top1_accuracy: 0.942138671875
  cifar10_top5_accuracy: 0.99951171875

2024-05-23 14:57:09,711 - INFO - Validation Stats
Loss:
  total: 2.2676192045211794
Metrics:
  cifar10_top1_accuracy: 0.545703125
  cifar10_top5_accuracy: 0.9279296875

2024-05-23 14:57:09,712 - INFO - Epoch 81/100
2024-05-23 14:57:15,735 - INFO - Train Stats
Loss:
  total: 0.15293039963580668
Metrics:
  cifar10_top1_accuracy: 0.94775390625
  cifar10_top5_accuracy: 0.99951171875

2024-05-23 14:57:18,905 - INFO - Validation Stats
Loss:
  total: 2.2183627277612685
Metrics:
  cifar10_top1_accuracy: 0.5470703125
  cifar10_top5_accuracy: 0.9255859375

2024-05-23 14:57:18,906 - INFO - Epoch 82/100
2024-05-23 14:57:24,581 - INFO - Train Stats
Loss:
  total: 0.1264995791716501
Metrics:
  cifar10_top1_accuracy: 0.960205078125
  cifar10_top5_accuracy: 0.999755859375

2024-05-23 14:57:27,744 - INFO - Validation Stats
Loss:
  total: 2.247787892818451
Metrics:
  cifar10_top1_accuracy: 0.5537109375
  cifar10_top5_accuracy: 0.93125

2024-05-23 14:57:27,746 - INFO - Epoch 83/100
2024-05-23 14:57:33,485 - INFO - Train Stats
Loss:
  total: 0.11793266888707876
Metrics:
  cifar10_top1_accuracy: 0.963134765625
  cifar10_top5_accuracy: 0.999755859375

2024-05-23 14:57:36,643 - INFO - Validation Stats
Loss:
  total: 2.2616080939769745
Metrics:
  cifar10_top1_accuracy: 0.5537109375
  cifar10_top5_accuracy: 0.93125

2024-05-23 14:57:36,644 - INFO - Epoch 84/100
2024-05-23 14:57:42,338 - INFO - Train Stats
Loss:
  total: 0.1093356313649565
Metrics:
  cifar10_top1_accuracy: 0.964111328125
  cifar10_top5_accuracy: 0.999267578125

2024-05-23 14:57:45,483 - INFO - Validation Stats
Loss:
  total: 2.306738111376762
Metrics:
  cifar10_top1_accuracy: 0.5494140625
  cifar10_top5_accuracy: 0.933203125

2024-05-23 14:57:45,484 - INFO - Epoch 85/100
2024-05-23 14:57:51,468 - INFO - Train Stats
Loss:
  total: 0.10844499839004129
Metrics:
  cifar10_top1_accuracy: 0.965576171875
  cifar10_top5_accuracy: 1.0

2024-05-23 14:57:54,493 - INFO - Validation Stats
Loss:
  total: 2.3559463262557983
Metrics:
  cifar10_top1_accuracy: 0.55234375
  cifar10_top5_accuracy: 0.9318359375

2024-05-23 14:57:54,494 - INFO - Epoch 86/100
2024-05-23 14:58:00,178 - INFO - Train Stats
Loss:
  total: 0.11090801318641752
Metrics:
  cifar10_top1_accuracy: 0.964599609375
  cifar10_top5_accuracy: 1.0

2024-05-23 14:58:03,439 - INFO - Validation Stats
Loss:
  total: 2.391180929541588
Metrics:
  cifar10_top1_accuracy: 0.5478515625
  cifar10_top5_accuracy: 0.9302734375

2024-05-23 14:58:03,440 - INFO - Epoch 87/100
2024-05-23 14:58:09,363 - INFO - Train Stats
Loss:
  total: 0.09777684917207807
Metrics:
  cifar10_top1_accuracy: 0.969970703125
  cifar10_top5_accuracy: 1.0

2024-05-23 14:58:12,503 - INFO - Validation Stats
Loss:
  total: 2.4469945430755615
Metrics:
  cifar10_top1_accuracy: 0.5466796875
  cifar10_top5_accuracy: 0.929296875

2024-05-23 14:58:12,505 - INFO - Epoch 88/100
2024-05-23 14:58:18,334 - INFO - Train Stats
Loss:
  total: 0.07547857129247859
Metrics:
  cifar10_top1_accuracy: 0.97802734375
  cifar10_top5_accuracy: 1.0

2024-05-23 14:58:21,411 - INFO - Validation Stats
Loss:
  total: 2.4253996133804323
Metrics:
  cifar10_top1_accuracy: 0.5431640625
  cifar10_top5_accuracy: 0.9310546875

2024-05-23 14:58:21,412 - INFO - Epoch 89/100
2024-05-23 14:58:27,316 - INFO - Train Stats
Loss:
  total: 0.08583807630930096
Metrics:
  cifar10_top1_accuracy: 0.973388671875
  cifar10_top5_accuracy: 1.0

2024-05-23 14:58:30,372 - INFO - Validation Stats
Loss:
  total: 2.4362186908721926
Metrics:
  cifar10_top1_accuracy: 0.5505859375
  cifar10_top5_accuracy: 0.930859375

2024-05-23 14:58:30,373 - INFO - Epoch 90/100
2024-05-23 14:58:36,326 - INFO - Train Stats
Loss:
  total: 0.08781573240412399
Metrics:
  cifar10_top1_accuracy: 0.968505859375
  cifar10_top5_accuracy: 1.0

2024-05-23 14:58:39,694 - INFO - Validation Stats
Loss:
  total: 2.4404508650302885
Metrics:
  cifar10_top1_accuracy: 0.5501953125
  cifar10_top5_accuracy: 0.929296875

2024-05-23 14:58:42,547 - INFO - Epoch 91/100
2024-05-23 14:58:48,364 - INFO - Train Stats
Loss:
  total: 0.08381107047898695
Metrics:
  cifar10_top1_accuracy: 0.97509765625
  cifar10_top5_accuracy: 0.999755859375

2024-05-23 14:58:51,512 - INFO - Validation Stats
Loss:
  total: 2.4548490971326826
Metrics:
  cifar10_top1_accuracy: 0.5521484375
  cifar10_top5_accuracy: 0.928515625

2024-05-23 14:58:51,513 - INFO - Epoch 92/100
2024-05-23 14:58:57,282 - INFO - Train Stats
Loss:
  total: 0.07074561418266967
Metrics:
  cifar10_top1_accuracy: 0.9765625
  cifar10_top5_accuracy: 0.999755859375

2024-05-23 14:59:00,655 - INFO - Validation Stats
Loss:
  total: 2.4724002152681352
Metrics:
  cifar10_top1_accuracy: 0.5498046875
  cifar10_top5_accuracy: 0.9294921875

2024-05-23 14:59:00,656 - INFO - Epoch 93/100
2024-05-23 14:59:06,523 - INFO - Train Stats
Loss:
  total: 0.08292895799968392
Metrics:
  cifar10_top1_accuracy: 0.971435546875
  cifar10_top5_accuracy: 1.0

2024-05-23 14:59:09,619 - INFO - Validation Stats
Loss:
  total: 2.4891822218894957
Metrics:
  cifar10_top1_accuracy: 0.54921875
  cifar10_top5_accuracy: 0.9291015625

2024-05-23 14:59:09,620 - INFO - Epoch 94/100
2024-05-23 14:59:15,350 - INFO - Train Stats
Loss:
  total: 0.07671461725840345
Metrics:
  cifar10_top1_accuracy: 0.97314453125
  cifar10_top5_accuracy: 0.999755859375

2024-05-23 14:59:18,528 - INFO - Validation Stats
Loss:
  total: 2.489117968082428
Metrics:
  cifar10_top1_accuracy: 0.554296875
  cifar10_top5_accuracy: 0.9296875

2024-05-23 14:59:18,529 - INFO - Epoch 95/100
2024-05-23 14:59:24,301 - INFO - Train Stats
Loss:
  total: 0.08396154805086553
Metrics:
  cifar10_top1_accuracy: 0.969970703125
  cifar10_top5_accuracy: 0.99951171875

2024-05-23 14:59:27,537 - INFO - Validation Stats
Loss:
  total: 2.5183886259794237
Metrics:
  cifar10_top1_accuracy: 0.555078125
  cifar10_top5_accuracy: 0.928515625

2024-05-23 14:59:27,538 - INFO - Epoch 96/100
2024-05-23 14:59:33,252 - INFO - Train Stats
Loss:
  total: 0.07302361814072356
Metrics:
  cifar10_top1_accuracy: 0.976806640625
  cifar10_top5_accuracy: 1.0

2024-05-23 14:59:36,643 - INFO - Validation Stats
Loss:
  total: 2.4818348199129106
Metrics:
  cifar10_top1_accuracy: 0.5537109375
  cifar10_top5_accuracy: 0.9302734375

2024-05-23 14:59:36,644 - INFO - Epoch 97/100
2024-05-23 14:59:42,942 - INFO - Train Stats
Loss:
  total: 0.08847388648428023
Metrics:
  cifar10_top1_accuracy: 0.97265625
  cifar10_top5_accuracy: 1.0

2024-05-23 14:59:46,083 - INFO - Validation Stats
Loss:
  total: 2.493578609824181
Metrics:
  cifar10_top1_accuracy: 0.5537109375
  cifar10_top5_accuracy: 0.92890625

2024-05-23 14:59:46,084 - INFO - Epoch 98/100
2024-05-23 14:59:51,793 - INFO - Train Stats
Loss:
  total: 0.07453954382799566
Metrics:
  cifar10_top1_accuracy: 0.977294921875
  cifar10_top5_accuracy: 0.99951171875

2024-05-23 14:59:54,877 - INFO - Validation Stats
Loss:
  total: 2.4718014270067217
Metrics:
  cifar10_top1_accuracy: 0.5521484375
  cifar10_top5_accuracy: 0.930078125

2024-05-23 14:59:54,878 - INFO - Epoch 99/100
2024-05-23 15:00:00,625 - INFO - Train Stats
Loss:
  total: 0.0658307729754597
Metrics:
  cifar10_top1_accuracy: 0.9775390625
  cifar10_top5_accuracy: 1.0

2024-05-23 15:00:03,626 - INFO - Validation Stats
Loss:
  total: 2.4638844549655916
Metrics:
  cifar10_top1_accuracy: 0.555859375
  cifar10_top5_accuracy: 0.9294921875

2024-05-23 15:00:03,627 - INFO - Epoch 100/100
2024-05-23 15:00:09,591 - INFO - Train Stats
Loss:
  total: 0.07377101801102981
Metrics:
  cifar10_top1_accuracy: 0.977294921875
  cifar10_top5_accuracy: 1.0

2024-05-23 15:00:12,860 - INFO - Validation Stats
Loss:
  total: 2.4838221311569213
Metrics:
  cifar10_top1_accuracy: 0.5541015625
  cifar10_top5_accuracy: 0.9291015625

2024-05-23 15:00:16,013 - INFO - Best validation loss: 1.3762030959129334
2024-05-23 15:00:18,294 - INFO - Best model saved to /home/up201905337/exploring-label-efficiency/weights/sl_cifar10_resnet50_4000l.pth
2024-05-23 15:00:18,298 - INFO - Training took 973.567923784256 seconds to complete
