2024-05-29 21:41:00,316 - INFO - Loading configuration files...
2024-05-29 21:41:00,565 - INFO - Loading model configuration
args:
  num_classes: 10
class: ResNet50

2024-05-29 21:41:02,464 - INFO - Loading train_dataset configuration
args:
  root: ./data/
  train_val_split: 0.9
class: UnsupervisedSVHN

2024-05-29 21:41:02,480 - INFO - Loading optimizer configuration
args:
  lr: 0.0003
class: Adam

2024-05-29 21:41:02,535 - INFO - Loading method configuration
args:
  color_jitter_strength: 0.5
  ema_decay: 0.999
  hidden_size: 512
  image_size: 224
  projection_size: 128
  queue_size: 65536
  representation_size: 2048
  temperature: 0.07
class: MoCoSVHN

2024-05-29 21:41:02,535 - INFO - Loading metrics configuration
{}

2024-05-29 21:41:02,536 - INFO - Loading hyperparameters configuration
batch_size: 256
ema_decay: null
epochs: 100
max_num_samples: -1
num_workers: 4
save_freq: 30

2024-05-29 21:41:02,883 - INFO - Using device: cuda
2024-05-29 21:41:03,132 - INFO - Training for 100 epochs
2024-05-29 21:41:03,182 - INFO - Epoch 1/100
2024-05-29 21:42:33,555 - INFO - Train Stats
Loss:
  total: 10.287831820402628
Metrics: {}

2024-05-29 21:42:33,839 - INFO - Epoch 2/100
2024-05-29 21:44:04,255 - INFO - Train Stats
Loss:
  total: 10.216700019539562
Metrics: {}

2024-05-29 21:44:04,625 - INFO - Epoch 3/100
2024-05-29 21:45:34,564 - INFO - Train Stats
Loss:
  total: 9.757060436887036
Metrics: {}

2024-05-29 21:45:34,963 - INFO - Epoch 4/100
2024-05-29 21:47:04,423 - INFO - Train Stats
Loss:
  total: 9.264679778874616
Metrics: {}

2024-05-29 21:47:04,799 - INFO - Epoch 5/100
2024-05-29 21:48:34,553 - INFO - Train Stats
Loss:
  total: 9.121094640590801
Metrics: {}

2024-05-29 21:48:34,917 - INFO - Epoch 6/100
2024-05-29 21:50:04,458 - INFO - Train Stats
Loss:
  total: 8.977069001253478
Metrics: {}

2024-05-29 21:50:04,830 - INFO - Epoch 7/100
2024-05-29 21:51:34,351 - INFO - Train Stats
Loss:
  total: 8.738836318138508
Metrics: {}

2024-05-29 21:51:34,716 - INFO - Epoch 8/100
2024-05-29 21:53:04,439 - INFO - Train Stats
Loss:
  total: 8.6974813093935
Metrics: {}

2024-05-29 21:53:04,803 - INFO - Epoch 9/100
2024-05-29 21:54:34,669 - INFO - Train Stats
Loss:
  total: 8.576770988419826
Metrics: {}

2024-05-29 21:54:35,140 - INFO - Epoch 10/100
2024-05-29 21:56:04,743 - INFO - Train Stats
Loss:
  total: 8.52048795232513
Metrics: {}

2024-05-29 21:56:05,115 - INFO - Epoch 11/100
2024-05-29 21:57:34,991 - INFO - Train Stats
Loss:
  total: 8.380033120107095
Metrics: {}

2024-05-29 21:57:35,360 - INFO - Epoch 12/100
2024-05-29 21:59:04,999 - INFO - Train Stats
Loss:
  total: 8.295388392437292
Metrics: {}

2024-05-29 21:59:05,369 - INFO - Epoch 13/100
2024-05-29 22:00:35,503 - INFO - Train Stats
Loss:
  total: 8.221501029419064
Metrics: {}

2024-05-29 22:00:35,879 - INFO - Epoch 14/100
2024-05-29 22:02:05,747 - INFO - Train Stats
Loss:
  total: 8.20835252123584
Metrics: {}

2024-05-29 22:02:06,117 - INFO - Epoch 15/100
2024-05-29 22:03:36,592 - INFO - Train Stats
Loss:
  total: 8.100570636036794
Metrics: {}

2024-05-29 22:03:36,961 - INFO - Epoch 16/100
2024-05-29 22:05:07,270 - INFO - Train Stats
Loss:
  total: 8.01039219644747
Metrics: {}

2024-05-29 22:05:07,646 - INFO - Epoch 17/100
2024-05-29 22:06:37,464 - INFO - Train Stats
Loss:
  total: 7.933980873122754
Metrics: {}

2024-05-29 22:06:37,837 - INFO - Epoch 18/100
2024-05-29 22:08:07,548 - INFO - Train Stats
Loss:
  total: 7.7848803598129335
Metrics: {}

2024-05-29 22:08:07,913 - INFO - Epoch 19/100
2024-05-29 22:09:37,683 - INFO - Train Stats
Loss:
  total: 7.677591719052207
Metrics: {}

2024-05-29 22:09:38,050 - INFO - Epoch 20/100
2024-05-29 22:11:08,287 - INFO - Train Stats
Loss:
  total: 7.696916845522038
Metrics: {}

2024-05-29 22:11:08,287 - INFO - Epoch 21/100
2024-05-29 22:12:38,516 - INFO - Train Stats
Loss:
  total: 7.624321312292077
Metrics: {}

2024-05-29 22:12:38,923 - INFO - Epoch 22/100
2024-05-29 22:14:08,643 - INFO - Train Stats
Loss:
  total: 7.434765071720465
Metrics: {}

2024-05-29 22:14:09,012 - INFO - Epoch 23/100
2024-05-29 22:15:38,843 - INFO - Train Stats
Loss:
  total: 7.520970749020113
Metrics: {}

2024-05-29 22:15:38,843 - INFO - Epoch 24/100
2024-05-29 22:17:08,385 - INFO - Train Stats
Loss:
  total: 7.3550690825347305
Metrics: {}

2024-05-29 22:17:08,757 - INFO - Epoch 25/100
2024-05-29 22:18:38,700 - INFO - Train Stats
Loss:
  total: 7.289256253595018
Metrics: {}

2024-05-29 22:18:39,074 - INFO - Epoch 26/100
2024-05-29 22:20:07,896 - INFO - Train Stats
Loss:
  total: 7.2955812034903795
Metrics: {}

2024-05-29 22:20:07,897 - INFO - Epoch 27/100
2024-05-29 22:21:37,882 - INFO - Train Stats
Loss:
  total: 7.351850405741295
Metrics: {}

2024-05-29 22:21:37,882 - INFO - Epoch 28/100
2024-05-29 22:23:07,379 - INFO - Train Stats
Loss:
  total: 7.167355164479653
Metrics: {}

2024-05-29 22:23:07,745 - INFO - Epoch 29/100
2024-05-29 22:24:38,027 - INFO - Train Stats
Loss:
  total: 6.983201681871822
Metrics: {}

2024-05-29 22:24:38,391 - INFO - Epoch 30/100
2024-05-29 22:26:08,722 - INFO - Train Stats
Loss:
  total: 7.076782272947438
Metrics: {}

2024-05-29 22:26:08,994 - INFO - Epoch 31/100
2024-05-29 22:27:39,316 - INFO - Train Stats
Loss:
  total: 6.974881990410474
Metrics: {}

2024-05-29 22:27:39,681 - INFO - Epoch 32/100
2024-05-29 22:29:09,315 - INFO - Train Stats
Loss:
  total: 6.869153393845614
Metrics: {}

2024-05-29 22:29:09,680 - INFO - Epoch 33/100
2024-05-29 22:30:39,316 - INFO - Train Stats
Loss:
  total: 6.818896666575035
Metrics: {}

2024-05-29 22:30:39,681 - INFO - Epoch 34/100
2024-05-29 22:32:09,750 - INFO - Train Stats
Loss:
  total: 6.937010082289403
Metrics: {}

2024-05-29 22:32:09,750 - INFO - Epoch 35/100
2024-05-29 22:33:39,532 - INFO - Train Stats
Loss:
  total: 6.808927536010742
Metrics: {}

2024-05-29 22:33:39,904 - INFO - Epoch 36/100
2024-05-29 22:35:09,662 - INFO - Train Stats
Loss:
  total: 6.628194820092346
Metrics: {}

2024-05-29 22:35:10,031 - INFO - Epoch 37/100
2024-05-29 22:36:40,277 - INFO - Train Stats
Loss:
  total: 6.732874402740122
Metrics: {}

2024-05-29 22:36:40,277 - INFO - Epoch 38/100
2024-05-29 22:38:11,117 - INFO - Train Stats
Loss:
  total: 6.55685596057877
Metrics: {}

2024-05-29 22:38:11,561 - INFO - Epoch 39/100
2024-05-29 22:39:41,545 - INFO - Train Stats
Loss:
  total: 6.585623466551072
Metrics: {}

2024-05-29 22:39:41,545 - INFO - Epoch 40/100
2024-05-29 22:41:12,058 - INFO - Train Stats
Loss:
  total: 6.428728155588826
Metrics: {}

2024-05-29 22:41:12,448 - INFO - Epoch 41/100
2024-05-29 22:42:42,419 - INFO - Train Stats
Loss:
  total: 6.336837592291925
Metrics: {}

2024-05-29 22:42:42,797 - INFO - Epoch 42/100
2024-05-29 22:44:12,603 - INFO - Train Stats
Loss:
  total: 6.329246068279103
Metrics: {}

2024-05-29 22:44:12,969 - INFO - Epoch 43/100
2024-05-29 22:45:42,604 - INFO - Train Stats
Loss:
  total: 6.313281350562544
Metrics: {}

2024-05-29 22:45:42,977 - INFO - Epoch 44/100
2024-05-29 22:47:12,470 - INFO - Train Stats
Loss:
  total: 6.223357764663399
Metrics: {}

2024-05-29 22:47:12,832 - INFO - Epoch 45/100
2024-05-29 22:48:42,356 - INFO - Train Stats
Loss:
  total: 6.102140463743693
Metrics: {}

2024-05-29 22:48:42,716 - INFO - Epoch 46/100
2024-05-29 22:50:11,971 - INFO - Train Stats
Loss:
  total: 6.24532525734215
Metrics: {}

2024-05-29 22:50:11,971 - INFO - Epoch 47/100
2024-05-29 22:51:42,086 - INFO - Train Stats
Loss:
  total: 6.169753828865081
Metrics: {}

2024-05-29 22:51:42,086 - INFO - Epoch 48/100
2024-05-29 22:53:12,038 - INFO - Train Stats
Loss:
  total: 5.985503483375223
Metrics: {}

2024-05-29 22:53:12,401 - INFO - Epoch 49/100
2024-05-29 22:54:42,195 - INFO - Train Stats
Loss:
  total: 6.045378916922246
Metrics: {}

2024-05-29 22:54:42,195 - INFO - Epoch 50/100
2024-05-29 22:56:12,530 - INFO - Train Stats
Loss:
  total: 6.234776490393315
Metrics: {}

2024-05-29 22:56:12,531 - INFO - Epoch 51/100
2024-05-29 22:57:43,881 - INFO - Train Stats
Loss:
  total: 6.014055912596707
Metrics: {}

2024-05-29 22:57:43,881 - INFO - Epoch 52/100
2024-05-29 22:59:13,665 - INFO - Train Stats
Loss:
  total: 5.884038201565873
Metrics: {}

2024-05-29 22:59:14,025 - INFO - Epoch 53/100
2024-05-29 23:00:44,502 - INFO - Train Stats
Loss:
  total: 5.966059476948898
Metrics: {}

2024-05-29 23:00:44,502 - INFO - Epoch 54/100
2024-05-29 23:02:14,623 - INFO - Train Stats
Loss:
  total: 6.005689151556112
Metrics: {}

2024-05-29 23:02:14,623 - INFO - Epoch 55/100
2024-05-29 23:03:44,965 - INFO - Train Stats
Loss:
  total: 5.9608250341526725
Metrics: {}

2024-05-29 23:03:44,965 - INFO - Epoch 56/100
2024-05-29 23:05:15,389 - INFO - Train Stats
Loss:
  total: 5.815365859970508
Metrics: {}

2024-05-29 23:05:15,747 - INFO - Epoch 57/100
2024-05-29 23:06:45,655 - INFO - Train Stats
Loss:
  total: 5.666685708302004
Metrics: {}

2024-05-29 23:06:46,011 - INFO - Epoch 58/100
2024-05-29 23:08:15,149 - INFO - Train Stats
Loss:
  total: 5.659440583292149
Metrics: {}

2024-05-29 23:08:15,509 - INFO - Epoch 59/100
2024-05-29 23:09:45,871 - INFO - Train Stats
Loss:
  total: 5.788315668180295
Metrics: {}

2024-05-29 23:09:45,871 - INFO - Epoch 60/100
2024-05-29 23:11:15,976 - INFO - Train Stats
Loss:
  total: 5.595056957771806
Metrics: {}

2024-05-29 23:11:16,702 - INFO - Epoch 61/100
2024-05-29 23:12:46,733 - INFO - Train Stats
Loss:
  total: 5.6100010983211055
Metrics: {}

2024-05-29 23:12:46,733 - INFO - Epoch 62/100
2024-05-29 23:14:16,730 - INFO - Train Stats
Loss:
  total: 5.604094408829388
Metrics: {}

2024-05-29 23:14:16,730 - INFO - Epoch 63/100
2024-05-29 23:15:46,228 - INFO - Train Stats
Loss:
  total: 5.728418827984584
Metrics: {}

2024-05-29 23:15:46,228 - INFO - Epoch 64/100
2024-05-29 23:17:16,431 - INFO - Train Stats
Loss:
  total: 5.6879770143486645
Metrics: {}

2024-05-29 23:17:16,431 - INFO - Epoch 65/100
2024-05-29 23:18:46,680 - INFO - Train Stats
Loss:
  total: 5.446901886379672
Metrics: {}

2024-05-29 23:18:47,043 - INFO - Epoch 66/100
2024-05-29 23:20:16,929 - INFO - Train Stats
Loss:
  total: 5.478126060174133
Metrics: {}

2024-05-29 23:20:16,930 - INFO - Epoch 67/100
2024-05-29 23:21:47,018 - INFO - Train Stats
Loss:
  total: 5.470318260823706
Metrics: {}

2024-05-29 23:21:47,018 - INFO - Epoch 68/100
2024-05-29 23:23:17,038 - INFO - Train Stats
Loss:
  total: 5.448351947250069
Metrics: {}

2024-05-29 23:23:17,038 - INFO - Epoch 69/100
2024-05-29 23:24:46,926 - INFO - Train Stats
Loss:
  total: 5.402199336990772
Metrics: {}

2024-05-29 23:24:47,291 - INFO - Epoch 70/100
2024-05-29 23:26:16,972 - INFO - Train Stats
Loss:
  total: 5.403030916874511
Metrics: {}

2024-05-29 23:26:16,972 - INFO - Epoch 71/100
2024-05-29 23:27:47,015 - INFO - Train Stats
Loss:
  total: 5.320683945941554
Metrics: {}

2024-05-29 23:27:47,386 - INFO - Epoch 72/100
2024-05-29 23:29:17,619 - INFO - Train Stats
Loss:
  total: 5.3150767092574895
Metrics: {}

2024-05-29 23:29:17,991 - INFO - Epoch 73/100
2024-05-29 23:30:48,585 - INFO - Train Stats
Loss:
  total: 5.024391585286953
Metrics: {}

2024-05-29 23:30:48,971 - INFO - Epoch 74/100
2024-05-29 23:32:19,260 - INFO - Train Stats
Loss:
  total: 5.275346337589308
Metrics: {}

2024-05-29 23:32:19,260 - INFO - Epoch 75/100
2024-05-29 23:33:48,841 - INFO - Train Stats
Loss:
  total: 4.989191918985389
Metrics: {}

2024-05-29 23:33:49,198 - INFO - Epoch 76/100
2024-05-29 23:35:18,900 - INFO - Train Stats
Loss:
  total: 5.059779260872867
Metrics: {}

2024-05-29 23:35:18,900 - INFO - Epoch 77/100
2024-05-29 23:36:48,881 - INFO - Train Stats
Loss:
  total: 5.176175046987571
Metrics: {}

2024-05-29 23:36:48,881 - INFO - Epoch 78/100
2024-05-29 23:38:18,857 - INFO - Train Stats
Loss:
  total: 5.079615181058298
Metrics: {}

2024-05-29 23:38:18,857 - INFO - Epoch 79/100
2024-05-29 23:39:48,383 - INFO - Train Stats
Loss:
  total: 5.012315084034367
Metrics: {}

2024-05-29 23:39:48,383 - INFO - Epoch 80/100
2024-05-29 23:41:18,732 - INFO - Train Stats
Loss:
  total: 5.13713575801033
Metrics: {}

2024-05-29 23:41:18,732 - INFO - Epoch 81/100
2024-05-29 23:42:49,167 - INFO - Train Stats
Loss:
  total: 5.011009876830105
Metrics: {}

2024-05-29 23:42:49,167 - INFO - Epoch 82/100
2024-05-29 23:44:18,919 - INFO - Train Stats
Loss:
  total: 4.93001549253204
Metrics: {}

2024-05-29 23:44:19,290 - INFO - Epoch 83/100
2024-05-29 23:45:49,201 - INFO - Train Stats
Loss:
  total: 4.783214790811798
Metrics: {}

2024-05-29 23:45:49,564 - INFO - Epoch 84/100
2024-05-29 23:47:20,124 - INFO - Train Stats
Loss:
  total: 5.057352412999372
Metrics: {}

2024-05-29 23:47:20,125 - INFO - Epoch 85/100
2024-05-29 23:48:50,021 - INFO - Train Stats
Loss:
  total: 4.997187601453136
Metrics: {}

2024-05-29 23:48:50,021 - INFO - Epoch 86/100
2024-05-29 23:50:19,933 - INFO - Train Stats
Loss:
  total: 4.942802311381477
Metrics: {}

2024-05-29 23:50:19,933 - INFO - Epoch 87/100
2024-05-29 23:51:50,540 - INFO - Train Stats
Loss:
  total: 5.186532809112786
Metrics: {}

2024-05-29 23:51:50,540 - INFO - Epoch 88/100
2024-05-29 23:53:20,434 - INFO - Train Stats
Loss:
  total: 4.737043604312704
Metrics: {}

2024-05-29 23:53:20,799 - INFO - Epoch 89/100
2024-05-29 23:54:50,863 - INFO - Train Stats
Loss:
  total: 4.8243492401063675
Metrics: {}

2024-05-29 23:54:50,863 - INFO - Epoch 90/100
2024-05-29 23:56:21,965 - INFO - Train Stats
Loss:
  total: 4.722075126514361
Metrics: {}

2024-05-29 23:56:22,702 - INFO - Epoch 91/100
2024-05-29 23:57:52,819 - INFO - Train Stats
Loss:
  total: 4.677639127241498
Metrics: {}

2024-05-29 23:57:53,180 - INFO - Epoch 92/100
2024-05-29 23:59:23,481 - INFO - Train Stats
Loss:
  total: 4.7546842543531485
Metrics: {}

2024-05-29 23:59:23,481 - INFO - Epoch 93/100
2024-05-30 00:00:52,987 - INFO - Train Stats
Loss:
  total: 4.9398592687302525
Metrics: {}

2024-05-30 00:00:52,987 - INFO - Epoch 94/100
2024-05-30 00:02:23,737 - INFO - Train Stats
Loss:
  total: 4.854356472594265
Metrics: {}

2024-05-30 00:02:23,737 - INFO - Epoch 95/100
2024-05-30 00:03:54,044 - INFO - Train Stats
Loss:
  total: 4.730081160244775
Metrics: {}

2024-05-30 00:03:54,044 - INFO - Epoch 96/100
2024-05-30 00:05:24,201 - INFO - Train Stats
Loss:
  total: 4.693727097158766
Metrics: {}

2024-05-30 00:05:24,201 - INFO - Epoch 97/100
2024-05-30 00:06:54,317 - INFO - Train Stats
Loss:
  total: 4.550930183685243
Metrics: {}

2024-05-30 00:06:54,675 - INFO - Epoch 98/100
2024-05-30 00:08:24,936 - INFO - Train Stats
Loss:
  total: 4.616446509899332
Metrics: {}

2024-05-30 00:08:24,936 - INFO - Epoch 99/100
2024-05-30 00:09:55,626 - INFO - Train Stats
Loss:
  total: 4.690156969114964
Metrics: {}

2024-05-30 00:09:55,626 - INFO - Epoch 100/100
2024-05-30 00:11:25,334 - INFO - Train Stats
Loss:
  total: 4.555683360953275
Metrics: {}

2024-05-30 00:11:29,307 - INFO - Best train loss: 4.550930183685243
2024-05-30 00:11:29,520 - INFO - Best model saved to /home/up201905337/exploring-label-efficiency/weights/moco_svhn_resnet50_pretrained.pth
2024-05-30 00:11:29,521 - INFO - Training took 9026.175364017487 seconds to complete
