2024-06-23 21:28:41,778 - INFO - Loading configuration files...
2024-06-23 21:28:42,626 - INFO - Loading model configuration
args:
  backbone: mobilenet_v3_large
  num_classes: 20
class: DeepLabV3

2024-06-23 21:28:42,642 - INFO - Loading train_dataset configuration
args:
  num_labeled: 18
  root: /data/auto/kitti
  train_val_test_split:
  - 0.7
  - 0.1
  - 0.2
class: SemiSupervisedKittiSeg

2024-06-23 21:28:42,652 - INFO - Loading val_dataset configuration
args:
  root: /data/auto/kitti
  train_val_test_split:
  - 0.7
  - 0.1
  - 0.2
class: KittiSeg

2024-06-23 21:28:42,659 - INFO - Loading optimizer configuration
args:
  lr: 0.001
class: Adam

2024-06-23 21:28:42,661 - INFO - Loading loss configuration
args:
  ignore_index: 0
class: CrossEntropyLoss

2024-06-23 21:28:42,743 - INFO - Loading metrics configuration
kitti_dice:
  args:
    average: micro
    ignore_index: 0
    num_classes: 20
  class: Dice
kitti_jaccard_macro:
  args:
    average: macro
    ignore_index: 0
    num_classes: 20
    task: multiclass
    validate_args: false
  class: JaccardIndex
kitti_jaccard_micro:
  args:
    average: micro
    ignore_index: 0
    num_classes: 20
    task: multiclass
    validate_args: false
  class: JaccardIndex

2024-06-23 21:28:42,744 - INFO - Loading hyperparameters configuration
batch_size: 8
ema_decay: null
epochs: 120
num_workers: 4
save_freq: 5

2024-06-23 21:28:42,754 - INFO - Using device: cuda
2024-06-23 21:28:42,830 - INFO - Training for 120 epochs
2024-06-23 21:28:42,830 - INFO - Epoch 1/120
2024-06-23 21:28:44,733 - INFO - Train Stats
Loss:
  total: 2.3718403577804565
Metrics:
  kitti_dice: 0.40546193967262906
  kitti_jaccard_macro: 0.08909308972458045
  kitti_jaccard_micro: 0.2912553623318672

2024-06-23 21:28:45,208 - INFO - Validation Stats
Loss:
  total: 2.263818105061849
Metrics:
  kitti_dice: 0.5663399895032247
  kitti_jaccard_macro: 0.12035864591598511
  kitti_jaccard_micro: 0.4058381716410319

2024-06-23 21:28:45,323 - INFO - Epoch 2/120
2024-06-23 21:28:45,996 - INFO - Train Stats
Loss:
  total: 1.2846893866856892
Metrics:
  kitti_dice: 0.6694619456926981
  kitti_jaccard_macro: 0.1914861500263214
  kitti_jaccard_micro: 0.5239652395248413

2024-06-23 21:28:46,410 - INFO - Validation Stats
Loss:
  total: 1.4746387004852295
Metrics:
  kitti_dice: 0.6499479413032532
  kitti_jaccard_macro: 0.17667140066623688
  kitti_jaccard_micro: 0.49561166763305664

2024-06-23 21:28:46,601 - INFO - Epoch 3/120
2024-06-23 21:28:47,274 - INFO - Train Stats
Loss:
  total: 0.9288331071535746
Metrics:
  kitti_dice: 0.7497490445772806
  kitti_jaccard_macro: 0.23361922800540924
  kitti_jaccard_micro: 0.6241413156191508

2024-06-23 21:28:47,691 - INFO - Validation Stats
Loss:
  total: 1.367222746213277
Metrics:
  kitti_dice: 0.6446665128072103
  kitti_jaccard_macro: 0.17699151734511057
  kitti_jaccard_micro: 0.48963138461112976

2024-06-23 21:28:47,868 - INFO - Epoch 4/120
2024-06-23 21:28:48,542 - INFO - Train Stats
Loss:
  total: 0.7951791087786356
Metrics:
  kitti_dice: 0.7741475900014242
  kitti_jaccard_macro: 0.2503139227628708
  kitti_jaccard_micro: 0.6598819494247437

2024-06-23 21:28:48,953 - INFO - Validation Stats
Loss:
  total: 1.3649957180023193
Metrics:
  kitti_dice: 0.6576018134752909
  kitti_jaccard_macro: 0.18403632442156473
  kitti_jaccard_micro: 0.5051884551843008

2024-06-23 21:28:49,125 - INFO - Epoch 5/120
2024-06-23 21:28:49,797 - INFO - Train Stats
Loss:
  total: 0.8245126803716024
Metrics:
  kitti_dice: 0.7547972400983175
  kitti_jaccard_macro: 0.24322958290576935
  kitti_jaccard_micro: 0.632273813088735

2024-06-23 21:28:50,209 - INFO - Validation Stats
Loss:
  total: 1.2881489594777424
Metrics:
  kitti_dice: 0.6642991105715433
  kitti_jaccard_macro: 0.18302626411120096
  kitti_jaccard_micro: 0.5119900206724802

2024-06-23 21:28:50,509 - INFO - Epoch 6/120
2024-06-23 21:28:51,181 - INFO - Train Stats
Loss:
  total: 0.6651929219563802
Metrics:
  kitti_dice: 0.795509934425354
  kitti_jaccard_macro: 0.3056488533814748
  kitti_jaccard_micro: 0.6906594038009644

2024-06-23 21:28:51,596 - INFO - Validation Stats
Loss:
  total: 1.1831729809443157
Metrics:
  kitti_dice: 0.6772931218147278
  kitti_jaccard_macro: 0.19806754092375436
  kitti_jaccard_micro: 0.5273061792055765

2024-06-23 21:28:51,769 - INFO - Epoch 7/120
2024-06-23 21:28:52,452 - INFO - Train Stats
Loss:
  total: 0.6165949702262878
Metrics:
  kitti_dice: 0.8213918407758077
  kitti_jaccard_macro: 0.3206164240837097
  kitti_jaccard_micro: 0.7212552626927694

2024-06-23 21:28:52,869 - INFO - Validation Stats
Loss:
  total: 1.0873822172482808
Metrics:
  kitti_dice: 0.6826722025871277
  kitti_jaccard_macro: 0.20455184082190195
  kitti_jaccard_micro: 0.5346299211184183

2024-06-23 21:28:53,051 - INFO - Epoch 8/120
2024-06-23 21:28:53,725 - INFO - Train Stats
Loss:
  total: 0.5290766855080923
Metrics:
  kitti_dice: 0.829633096853892
  kitti_jaccard_macro: 0.34483840068181354
  kitti_jaccard_micro: 0.7426023483276367

2024-06-23 21:28:54,139 - INFO - Validation Stats
Loss:
  total: 1.0440972248713176
Metrics:
  kitti_dice: 0.685562272866567
  kitti_jaccard_macro: 0.20994693040847778
  kitti_jaccard_micro: 0.5385424196720123

2024-06-23 21:28:54,311 - INFO - Epoch 9/120
2024-06-23 21:28:54,994 - INFO - Train Stats
Loss:
  total: 0.5447553594907125
Metrics:
  kitti_dice: 0.8270324269930521
  kitti_jaccard_macro: 0.31718863050142926
  kitti_jaccard_micro: 0.7358769178390503

2024-06-23 21:28:55,408 - INFO - Validation Stats
Loss:
  total: 1.025994598865509
Metrics:
  kitti_dice: 0.6909070412317911
  kitti_jaccard_macro: 0.21333015958468118
  kitti_jaccard_micro: 0.5456680158774058

2024-06-23 21:28:55,579 - INFO - Epoch 10/120
2024-06-23 21:28:56,254 - INFO - Train Stats
Loss:
  total: 0.5012899239857992
Metrics:
  kitti_dice: 0.8352076609929403
  kitti_jaccard_macro: 0.35014934341112774
  kitti_jaccard_micro: 0.7448087731997172

2024-06-23 21:28:56,671 - INFO - Validation Stats
Loss:
  total: 1.0356613397598267
Metrics:
  kitti_dice: 0.6887023250261942
  kitti_jaccard_macro: 0.21061341961224875
  kitti_jaccard_micro: 0.5434211790561676

2024-06-23 21:28:56,844 - INFO - Epoch 11/120
2024-06-23 21:28:57,522 - INFO - Train Stats
Loss:
  total: 0.45008129874865216
Metrics:
  kitti_dice: 0.8472715616226196
  kitti_jaccard_macro: 0.36325199405352276
  kitti_jaccard_micro: 0.7701466282208761

2024-06-23 21:28:57,937 - INFO - Validation Stats
Loss:
  total: 0.9913284182548523
Metrics:
  kitti_dice: 0.6985441048940023
  kitti_jaccard_macro: 0.21959408124287924
  kitti_jaccard_micro: 0.5554749170939127

2024-06-23 21:28:58,109 - INFO - Epoch 12/120
2024-06-23 21:28:58,784 - INFO - Train Stats
Loss:
  total: 0.4380081097284953
Metrics:
  kitti_dice: 0.8501668572425842
  kitti_jaccard_macro: 0.36192559202512103
  kitti_jaccard_micro: 0.7728764613469442

2024-06-23 21:28:59,203 - INFO - Validation Stats
Loss:
  total: 0.9657795429229736
Metrics:
  kitti_dice: 0.699459175268809
  kitti_jaccard_macro: 0.2237304449081421
  kitti_jaccard_micro: 0.5552552541097006

2024-06-23 21:28:59,371 - INFO - Epoch 13/120
2024-06-23 21:29:00,060 - INFO - Train Stats
Loss:
  total: 0.5661787887414297
Metrics:
  kitti_dice: 0.8188112179438273
  kitti_jaccard_macro: 0.361184557278951
  kitti_jaccard_micro: 0.7248306274414062

2024-06-23 21:29:00,481 - INFO - Validation Stats
Loss:
  total: 0.9566875298817953
Metrics:
  kitti_dice: 0.7044375538825989
  kitti_jaccard_macro: 0.22811981042226157
  kitti_jaccard_micro: 0.5606679320335388

2024-06-23 21:29:00,663 - INFO - Epoch 14/120
2024-06-23 21:29:01,342 - INFO - Train Stats
Loss:
  total: 0.4881365696589152
Metrics:
  kitti_dice: 0.8330942789713541
  kitti_jaccard_macro: 0.3291965425014496
  kitti_jaccard_micro: 0.7413250406583151

2024-06-23 21:29:01,759 - INFO - Validation Stats
Loss:
  total: 0.9652066230773926
Metrics:
  kitti_dice: 0.7015786369641622
  kitti_jaccard_macro: 0.2289439539114634
  kitti_jaccard_micro: 0.5577090382575989

2024-06-23 21:29:01,759 - INFO - Epoch 15/120
2024-06-23 21:29:02,435 - INFO - Train Stats
Loss:
  total: 0.4886011282602946
Metrics:
  kitti_dice: 0.8343416452407837
  kitti_jaccard_macro: 0.36566394567489624
  kitti_jaccard_micro: 0.7416112025578817

2024-06-23 21:29:02,850 - INFO - Validation Stats
Loss:
  total: 0.9111576477686564
Metrics:
  kitti_dice: 0.722348690032959
  kitti_jaccard_macro: 0.23924876749515533
  kitti_jaccard_micro: 0.5840766231218973

2024-06-23 21:29:03,268 - INFO - Epoch 16/120
2024-06-23 21:29:03,953 - INFO - Train Stats
Loss:
  total: 0.41022737820943195
Metrics:
  kitti_dice: 0.8593081633249918
  kitti_jaccard_macro: 0.3794953723748525
  kitti_jaccard_micro: 0.7816445231437683

2024-06-23 21:29:04,369 - INFO - Validation Stats
Loss:
  total: 0.8836840192476908
Metrics:
  kitti_dice: 0.7286064028739929
  kitti_jaccard_macro: 0.24335946639378866
  kitti_jaccard_micro: 0.5917650461196899

2024-06-23 21:29:04,551 - INFO - Epoch 17/120
2024-06-23 21:29:05,236 - INFO - Train Stats
Loss:
  total: 0.3985430697600047
Metrics:
  kitti_dice: 0.8613568345705668
  kitti_jaccard_macro: 0.3777698874473572
  kitti_jaccard_micro: 0.7901684840520223

2024-06-23 21:29:05,661 - INFO - Validation Stats
Loss:
  total: 0.8931606610616049
Metrics:
  kitti_dice: 0.727695365746816
  kitti_jaccard_macro: 0.2386611004670461
  kitti_jaccard_micro: 0.5898715456326803

2024-06-23 21:29:05,662 - INFO - Epoch 18/120
2024-06-23 21:29:06,343 - INFO - Train Stats
Loss:
  total: 0.37648679812749225
Metrics:
  kitti_dice: 0.8611455758412679
  kitti_jaccard_macro: 0.4150676131248474
  kitti_jaccard_micro: 0.7992297212282816

2024-06-23 21:29:06,764 - INFO - Validation Stats
Loss:
  total: 0.9035669763882955
Metrics:
  kitti_dice: 0.7243396043777466
  kitti_jaccard_macro: 0.2343361179033915
  kitti_jaccard_micro: 0.586463212966919

2024-06-23 21:29:06,764 - INFO - Epoch 19/120
2024-06-23 21:29:07,439 - INFO - Train Stats
Loss:
  total: 0.42337915301322937
Metrics:
  kitti_dice: 0.8549300829569498
  kitti_jaccard_macro: 0.37332218885421753
  kitti_jaccard_micro: 0.7751275300979614

2024-06-23 21:29:07,863 - INFO - Validation Stats
Loss:
  total: 0.9048969149589539
Metrics:
  kitti_dice: 0.7264933387438456
  kitti_jaccard_macro: 0.238402192791303
  kitti_jaccard_micro: 0.5895522038141886

2024-06-23 21:29:07,864 - INFO - Epoch 20/120
2024-06-23 21:29:08,545 - INFO - Train Stats
Loss:
  total: 0.4060458441575368
Metrics:
  kitti_dice: 0.8521862626075745
  kitti_jaccard_macro: 0.3886628945668538
  kitti_jaccard_micro: 0.7735055685043335

2024-06-23 21:29:08,966 - INFO - Validation Stats
Loss:
  total: 0.8995089332262675
Metrics:
  kitti_dice: 0.7315030892690023
  kitti_jaccard_macro: 0.24664429823557535
  kitti_jaccard_micro: 0.5961648027102152

2024-06-23 21:29:09,214 - INFO - Epoch 21/120
2024-06-23 21:29:09,893 - INFO - Train Stats
Loss:
  total: 0.3394097040096919
Metrics:
  kitti_dice: 0.8722692131996155
  kitti_jaccard_macro: 0.39048489928245544
  kitti_jaccard_micro: 0.8117428223292033

2024-06-23 21:29:10,315 - INFO - Validation Stats
Loss:
  total: 0.9238494038581848
Metrics:
  kitti_dice: 0.720069944858551
  kitti_jaccard_macro: 0.23464848101139069
  kitti_jaccard_micro: 0.5826331178347269

2024-06-23 21:29:10,315 - INFO - Epoch 22/120
2024-06-23 21:29:10,992 - INFO - Train Stats
Loss:
  total: 0.3875238597393036
Metrics:
  kitti_dice: 0.8553195198376974
  kitti_jaccard_macro: 0.40305401881535846
  kitti_jaccard_micro: 0.7801926533381144

2024-06-23 21:29:11,411 - INFO - Validation Stats
Loss:
  total: 1.0192574659983318
Metrics:
  kitti_dice: 0.7018024126688639
  kitti_jaccard_macro: 0.21276004115740457
  kitti_jaccard_micro: 0.5591855148474375

2024-06-23 21:29:11,412 - INFO - Epoch 23/120
2024-06-23 21:29:12,093 - INFO - Train Stats
Loss:
  total: 0.3709641695022583
Metrics:
  kitti_dice: 0.8638465205828348
  kitti_jaccard_macro: 0.3897871673107147
  kitti_jaccard_micro: 0.7914067506790161

2024-06-23 21:29:12,508 - INFO - Validation Stats
Loss:
  total: 0.9695756435394287
Metrics:
  kitti_dice: 0.7178415854771932
  kitti_jaccard_macro: 0.22871838013331094
  kitti_jaccard_micro: 0.5789106686909994

2024-06-23 21:29:12,508 - INFO - Epoch 24/120
2024-06-23 21:29:13,190 - INFO - Train Stats
Loss:
  total: 0.32706761360168457
Metrics:
  kitti_dice: 0.8738524119059244
  kitti_jaccard_macro: 0.4285940925280253
  kitti_jaccard_micro: 0.810233453909556

2024-06-23 21:29:13,606 - INFO - Validation Stats
Loss:
  total: 0.8859563668568929
Metrics:
  kitti_dice: 0.7452391982078552
  kitti_jaccard_macro: 0.2518548270066579
  kitti_jaccard_micro: 0.6141330202420553

2024-06-23 21:29:13,606 - INFO - Epoch 25/120
2024-06-23 21:29:14,291 - INFO - Train Stats
Loss:
  total: 0.39646486441294354
Metrics:
  kitti_dice: 0.852080504099528
  kitti_jaccard_macro: 0.4290433128674825
  kitti_jaccard_micro: 0.7794796228408813

2024-06-23 21:29:14,702 - INFO - Validation Stats
Loss:
  total: 0.8600819905598959
Metrics:
  kitti_dice: 0.7571666638056437
  kitti_jaccard_macro: 0.26201019684473675
  kitti_jaccard_micro: 0.630199650923411

2024-06-23 21:29:15,130 - INFO - Epoch 26/120
2024-06-23 21:29:15,813 - INFO - Train Stats
Loss:
  total: 0.3299560745557149
Metrics:
  kitti_dice: 0.8746186296145121
  kitti_jaccard_macro: 0.41194860140482586
  kitti_jaccard_micro: 0.8090895811716715

2024-06-23 21:29:16,228 - INFO - Validation Stats
Loss:
  total: 0.8322525024414062
Metrics:
  kitti_dice: 0.7510921359062195
  kitti_jaccard_macro: 0.2611760248740514
  kitti_jaccard_micro: 0.62200395266215

2024-06-23 21:29:16,388 - INFO - Epoch 27/120
2024-06-23 21:29:17,072 - INFO - Train Stats
Loss:
  total: 0.32658956448237103
Metrics:
  kitti_dice: 0.8764874537785848
  kitti_jaccard_macro: 0.410126268863678
  kitti_jaccard_micro: 0.8119698762893677

2024-06-23 21:29:17,490 - INFO - Validation Stats
Loss:
  total: 0.8387165665626526
Metrics:
  kitti_dice: 0.7437886595726013
  kitti_jaccard_macro: 0.2578059832255046
  kitti_jaccard_micro: 0.6123213768005371

2024-06-23 21:29:17,490 - INFO - Epoch 28/120
2024-06-23 21:29:18,173 - INFO - Train Stats
Loss:
  total: 0.4348798294862111
Metrics:
  kitti_dice: 0.8456253210703532
  kitti_jaccard_macro: 0.42570434014002484
  kitti_jaccard_micro: 0.7639704744021097

2024-06-23 21:29:18,589 - INFO - Validation Stats
Loss:
  total: 0.84565269947052
Metrics:
  kitti_dice: 0.7450015346209208
  kitti_jaccard_macro: 0.25791976352532703
  kitti_jaccard_micro: 0.6128137707710266

2024-06-23 21:29:18,590 - INFO - Epoch 29/120
2024-06-23 21:29:19,272 - INFO - Train Stats
Loss:
  total: 0.3933100203673045
Metrics:
  kitti_dice: 0.8526798685391744
  kitti_jaccard_macro: 0.4264352122942607
  kitti_jaccard_micro: 0.7737796703974406

2024-06-23 21:29:19,691 - INFO - Validation Stats
Loss:
  total: 0.832745095094045
Metrics:
  kitti_dice: 0.7443009614944458
  kitti_jaccard_macro: 0.2586135317881902
  kitti_jaccard_micro: 0.6123019854227701

2024-06-23 21:29:19,691 - INFO - Epoch 30/120
2024-06-23 21:29:20,373 - INFO - Train Stats
Loss:
  total: 0.335652490456899
Metrics:
  kitti_dice: 0.8680760065714518
  kitti_jaccard_macro: 0.43331751227378845
  kitti_jaccard_micro: 0.8014484842618307

2024-06-23 21:29:20,829 - INFO - Validation Stats
Loss:
  total: 0.843511164188385
Metrics:
  kitti_dice: 0.7392992973327637
  kitti_jaccard_macro: 0.25834356745084125
  kitti_jaccard_micro: 0.605729361375173

2024-06-23 21:29:21,004 - INFO - Epoch 31/120
2024-06-23 21:29:21,690 - INFO - Train Stats
Loss:
  total: 0.35498828689257306
Metrics:
  kitti_dice: 0.8680047591527303
  kitti_jaccard_macro: 0.421587606271108
  kitti_jaccard_micro: 0.7972808082898458

2024-06-23 21:29:22,108 - INFO - Validation Stats
Loss:
  total: 0.8340332508087158
Metrics:
  kitti_dice: 0.7460024356842041
  kitti_jaccard_macro: 0.26102905968825024
  kitti_jaccard_micro: 0.6139134963353475

2024-06-23 21:29:22,108 - INFO - Epoch 32/120
2024-06-23 21:29:22,789 - INFO - Train Stats
Loss:
  total: 0.3010367751121521
Metrics:
  kitti_dice: 0.8873969316482544
  kitti_jaccard_macro: 0.4485784669717153
  kitti_jaccard_micro: 0.8281275431315104

2024-06-23 21:29:23,209 - INFO - Validation Stats
Loss:
  total: 0.8076704740524292
Metrics:
  kitti_dice: 0.7548611362775167
  kitti_jaccard_macro: 0.2695948580900828
  kitti_jaccard_micro: 0.6255834897359213

2024-06-23 21:29:23,451 - INFO - Epoch 33/120
2024-06-23 21:29:24,132 - INFO - Train Stats
Loss:
  total: 0.3117084503173828
Metrics:
  kitti_dice: 0.8805679480234782
  kitti_jaccard_macro: 0.4569861392180125
  kitti_jaccard_micro: 0.8181303143501282

2024-06-23 21:29:24,544 - INFO - Validation Stats
Loss:
  total: 0.8395954569180807
Metrics:
  kitti_dice: 0.7492374976476034
  kitti_jaccard_macro: 0.2666780700286229
  kitti_jaccard_micro: 0.6185696721076965

2024-06-23 21:29:24,544 - INFO - Epoch 34/120
2024-06-23 21:29:25,226 - INFO - Train Stats
Loss:
  total: 0.2690448760986328
Metrics:
  kitti_dice: 0.888328472773234
  kitti_jaccard_macro: 0.47029242912928265
  kitti_jaccard_micro: 0.8455390930175781

2024-06-23 21:29:25,646 - INFO - Validation Stats
Loss:
  total: 0.8477572798728943
Metrics:
  kitti_dice: 0.7452438871065775
  kitti_jaccard_macro: 0.2684916853904724
  kitti_jaccard_micro: 0.6121352116266886

2024-06-23 21:29:25,646 - INFO - Epoch 35/120
2024-06-23 21:29:26,335 - INFO - Train Stats
Loss:
  total: 0.34571412205696106
Metrics:
  kitti_dice: 0.8732610742251078
  kitti_jaccard_macro: 0.46595701575279236
  kitti_jaccard_micro: 0.8022611935933431

2024-06-23 21:29:26,758 - INFO - Validation Stats
Loss:
  total: 0.8324941396713257
Metrics:
  kitti_dice: 0.7442840933799744
  kitti_jaccard_macro: 0.2684946656227112
  kitti_jaccard_micro: 0.6120395064353943

2024-06-23 21:29:26,932 - INFO - Epoch 36/120
2024-06-23 21:29:27,622 - INFO - Train Stats
Loss:
  total: 0.29594950874646503
Metrics:
  kitti_dice: 0.8871341943740845
  kitti_jaccard_macro: 0.47303472956021625
  kitti_jaccard_micro: 0.8281474908192953

2024-06-23 21:29:28,040 - INFO - Validation Stats
Loss:
  total: 0.8562688032786051
Metrics:
  kitti_dice: 0.7372780044873556
  kitti_jaccard_macro: 0.26549699405829114
  kitti_jaccard_micro: 0.602947731812795

2024-06-23 21:29:28,040 - INFO - Epoch 37/120
2024-06-23 21:29:28,723 - INFO - Train Stats
Loss:
  total: 0.4341895778973897
Metrics:
  kitti_dice: 0.8473678628603617
  kitti_jaccard_macro: 0.4669071435928345
  kitti_jaccard_micro: 0.769101878007253

2024-06-23 21:29:29,141 - INFO - Validation Stats
Loss:
  total: 0.8649098674456278
Metrics:
  kitti_dice: 0.7402925292650858
  kitti_jaccard_macro: 0.26536176602045697
  kitti_jaccard_micro: 0.6071757475535074

2024-06-23 21:29:29,141 - INFO - Epoch 38/120
2024-06-23 21:29:29,824 - INFO - Train Stats
Loss:
  total: 0.2959802548090617
Metrics:
  kitti_dice: 0.8817607363065084
  kitti_jaccard_macro: 0.5031723976135254
  kitti_jaccard_micro: 0.8251064817110697

2024-06-23 21:29:30,242 - INFO - Validation Stats
Loss:
  total: 0.9457580049832662
Metrics:
  kitti_dice: 0.7286230524381002
  kitti_jaccard_macro: 0.2550303339958191
  kitti_jaccard_micro: 0.5929603775342306

2024-06-23 21:29:30,242 - INFO - Epoch 39/120
2024-06-23 21:29:30,929 - INFO - Train Stats
Loss:
  total: 0.3123527268568675
Metrics:
  kitti_dice: 0.8811386624972025
  kitti_jaccard_macro: 0.47574790318806964
  kitti_jaccard_micro: 0.8189751505851746

2024-06-23 21:29:31,350 - INFO - Validation Stats
Loss:
  total: 0.9718898932139078
Metrics:
  kitti_dice: 0.7222296396891276
  kitti_jaccard_macro: 0.2541086773077647
  kitti_jaccard_micro: 0.5850908160209656

2024-06-23 21:29:31,350 - INFO - Epoch 40/120
2024-06-23 21:29:32,030 - INFO - Train Stats
Loss:
  total: 0.2930377225081126
Metrics:
  kitti_dice: 0.8810178637504578
  kitti_jaccard_macro: 0.4717528720696767
  kitti_jaccard_micro: 0.8229000767072042

2024-06-23 21:29:32,447 - INFO - Validation Stats
Loss:
  total: 0.980500857035319
Metrics:
  kitti_dice: 0.7133808135986328
  kitti_jaccard_macro: 0.24759108821551004
  kitti_jaccard_micro: 0.5737240711847941

2024-06-23 21:29:32,630 - INFO - Epoch 41/120
2024-06-23 21:29:33,312 - INFO - Train Stats
Loss:
  total: 0.2681720554828644
Metrics:
  kitti_dice: 0.8850235939025879
  kitti_jaccard_macro: 0.4291244149208069
  kitti_jaccard_micro: 0.8371867140134176

2024-06-23 21:29:33,727 - INFO - Validation Stats
Loss:
  total: 0.9022983908653259
Metrics:
  kitti_dice: 0.7314786314964294
  kitti_jaccard_macro: 0.2629587650299072
  kitti_jaccard_micro: 0.5962590376536051

2024-06-23 21:29:33,727 - INFO - Epoch 42/120
2024-06-23 21:29:34,411 - INFO - Train Stats
Loss:
  total: 0.2705269902944565
Metrics:
  kitti_dice: 0.890447199344635
  kitti_jaccard_macro: 0.4709695080916087
  kitti_jaccard_micro: 0.8382536570231119

2024-06-23 21:29:34,834 - INFO - Validation Stats
Loss:
  total: 0.8834102948506674
Metrics:
  kitti_dice: 0.7328284382820129
  kitti_jaccard_macro: 0.26737930874029797
  kitti_jaccard_micro: 0.5985892613728842

2024-06-23 21:29:34,834 - INFO - Epoch 43/120
2024-06-23 21:29:35,510 - INFO - Train Stats
Loss:
  total: 0.28642600278059643
Metrics:
  kitti_dice: 0.8869309226671854
  kitti_jaccard_macro: 0.48059741655985516
  kitti_jaccard_micro: 0.8310595552126566

2024-06-23 21:29:35,943 - INFO - Validation Stats
Loss:
  total: 0.8943644165992737
Metrics:
  kitti_dice: 0.727750301361084
  kitti_jaccard_macro: 0.2716302772363027
  kitti_jaccard_micro: 0.593267818291982

2024-06-23 21:29:35,943 - INFO - Epoch 44/120
2024-06-23 21:29:36,629 - INFO - Train Stats
Loss:
  total: 0.2607626219590505
Metrics:
  kitti_dice: 0.8935617605845133
  kitti_jaccard_macro: 0.5104872783025106
  kitti_jaccard_micro: 0.8415260712305704

2024-06-23 21:29:37,048 - INFO - Validation Stats
Loss:
  total: 0.8759590784708658
Metrics:
  kitti_dice: 0.7355896433194479
  kitti_jaccard_macro: 0.2816374699274699
  kitti_jaccard_micro: 0.6021451552708944

2024-06-23 21:29:37,048 - INFO - Epoch 45/120
2024-06-23 21:29:37,731 - INFO - Train Stats
Loss:
  total: 0.24771259228388467
Metrics:
  kitti_dice: 0.8959316611289978
  kitti_jaccard_macro: 0.4885201156139374
  kitti_jaccard_micro: 0.8482571244239807

2024-06-23 21:29:38,155 - INFO - Validation Stats
Loss:
  total: 0.8934924403826395
Metrics:
  kitti_dice: 0.7347968220710754
  kitti_jaccard_macro: 0.283968244989713
  kitti_jaccard_micro: 0.6008979876836141

2024-06-23 21:29:38,400 - INFO - Epoch 46/120
2024-06-23 21:29:39,088 - INFO - Train Stats
Loss:
  total: 0.286928912003835
Metrics:
  kitti_dice: 0.8881604274113973
  kitti_jaccard_macro: 0.49496132135391235
  kitti_jaccard_micro: 0.8304952184359232

2024-06-23 21:29:39,509 - INFO - Validation Stats
Loss:
  total: 0.923504372437795
Metrics:
  kitti_dice: 0.7324634194374084
  kitti_jaccard_macro: 0.28305654724438983
  kitti_jaccard_micro: 0.5977235436439514

2024-06-23 21:29:39,509 - INFO - Epoch 47/120
2024-06-23 21:29:40,189 - INFO - Train Stats
Loss:
  total: 0.31030596792697906
Metrics:
  kitti_dice: 0.8757340510686239
  kitti_jaccard_macro: 0.4732796053091685
  kitti_jaccard_micro: 0.8128922979036967

2024-06-23 21:29:40,606 - INFO - Validation Stats
Loss:
  total: 0.8863450487454733
Metrics:
  kitti_dice: 0.7413626909255981
  kitti_jaccard_macro: 0.28548598289489746
  kitti_jaccard_micro: 0.6088997920354208

2024-06-23 21:29:40,606 - INFO - Epoch 48/120
2024-06-23 21:29:41,290 - INFO - Train Stats
Loss:
  total: 0.23563011487325033
Metrics:
  kitti_dice: 0.8959495623906454
  kitti_jaccard_macro: 0.5088951786359152
  kitti_jaccard_micro: 0.8516367673873901

2024-06-23 21:29:41,712 - INFO - Validation Stats
Loss:
  total: 0.8790029088656107
Metrics:
  kitti_dice: 0.7443138758341471
  kitti_jaccard_macro: 0.285972461104393
  kitti_jaccard_micro: 0.6121969620386759

2024-06-23 21:29:41,712 - INFO - Epoch 49/120
2024-06-23 21:29:42,388 - INFO - Train Stats
Loss:
  total: 0.27540648480256397
Metrics:
  kitti_dice: 0.8899893363316854
  kitti_jaccard_macro: 0.5164160331090292
  kitti_jaccard_micro: 0.8337697982788086

2024-06-23 21:29:42,812 - INFO - Validation Stats
Loss:
  total: 0.8655878702799479
Metrics:
  kitti_dice: 0.756055494149526
  kitti_jaccard_macro: 0.2892371912797292
  kitti_jaccard_micro: 0.6269276142120361

2024-06-23 21:29:42,812 - INFO - Epoch 50/120
2024-06-23 21:29:43,491 - INFO - Train Stats
Loss:
  total: 0.23949220776557922
Metrics:
  kitti_dice: 0.9013649225234985
  kitti_jaccard_macro: 0.5297245184580485
  kitti_jaccard_micro: 0.8527606527010599

2024-06-23 21:29:43,912 - INFO - Validation Stats
Loss:
  total: 0.8802231748898824
Metrics:
  kitti_dice: 0.7495030363400778
  kitti_jaccard_macro: 0.2808396617571513
  kitti_jaccard_micro: 0.6189893086751302

2024-06-23 21:29:44,155 - INFO - Epoch 51/120
2024-06-23 21:29:44,845 - INFO - Train Stats
Loss:
  total: 0.2827729384104411
Metrics:
  kitti_dice: 0.87877357006073
  kitti_jaccard_macro: 0.4940936168034871
  kitti_jaccard_micro: 0.8205235203107198

2024-06-23 21:29:45,266 - INFO - Validation Stats
Loss:
  total: 0.9021842082341512
Metrics:
  kitti_dice: 0.7359490394592285
  kitti_jaccard_macro: 0.27593982219696045
  kitti_jaccard_micro: 0.6005825996398926

2024-06-23 21:29:45,266 - INFO - Epoch 52/120
2024-06-23 21:29:45,947 - INFO - Train Stats
Loss:
  total: 0.24723523358503977
Metrics:
  kitti_dice: 0.8883067568143209
  kitti_jaccard_macro: 0.47443491220474243
  kitti_jaccard_micro: 0.8464410503705343

2024-06-23 21:29:46,370 - INFO - Validation Stats
Loss:
  total: 1.004015564918518
Metrics:
  kitti_dice: 0.7005840142567953
  kitti_jaccard_macro: 0.2600052257378896
  kitti_jaccard_micro: 0.5554847121238708

2024-06-23 21:29:46,370 - INFO - Epoch 53/120
2024-06-23 21:29:47,049 - INFO - Train Stats
Loss:
  total: 0.25289207696914673
Metrics:
  kitti_dice: 0.8986097971598307
  kitti_jaccard_macro: 0.5147344370683035
  kitti_jaccard_micro: 0.8438690702120463

2024-06-23 21:29:47,466 - INFO - Validation Stats
Loss:
  total: 0.9009433388710022
Metrics:
  kitti_dice: 0.7333627144495646
  kitti_jaccard_macro: 0.27446646491686505
  kitti_jaccard_micro: 0.5976464748382568

2024-06-23 21:29:47,466 - INFO - Epoch 54/120
2024-06-23 21:29:48,154 - INFO - Train Stats
Loss:
  total: 0.25742282966772717
Metrics:
  kitti_dice: 0.8948524395624796
  kitti_jaccard_macro: 0.5198648373285929
  kitti_jaccard_micro: 0.8406234582265218

2024-06-23 21:29:48,578 - INFO - Validation Stats
Loss:
  total: 0.8699798981348673
Metrics:
  kitti_dice: 0.7498465776443481
  kitti_jaccard_macro: 0.2862970332304637
  kitti_jaccard_micro: 0.6187469959259033

2024-06-23 21:29:48,578 - INFO - Epoch 55/120
2024-06-23 21:29:49,267 - INFO - Train Stats
Loss:
  total: 0.23521742721398672
Metrics:
  kitti_dice: 0.903471032778422
  kitti_jaccard_macro: 0.5604692300160726
  kitti_jaccard_micro: 0.8534652590751648

2024-06-23 21:29:49,688 - INFO - Validation Stats
Loss:
  total: 0.8537771503130595
Metrics:
  kitti_dice: 0.7500252723693848
  kitti_jaccard_macro: 0.2894322524468104
  kitti_jaccard_micro: 0.6200084884961446

2024-06-23 21:29:49,952 - INFO - Epoch 56/120
2024-06-23 21:29:50,644 - INFO - Train Stats
Loss:
  total: 0.25097915530204773
Metrics:
  kitti_dice: 0.8874496420224508
  kitti_jaccard_macro: 0.5198167264461517
  kitti_jaccard_micro: 0.8387503623962402

2024-06-23 21:29:51,070 - INFO - Validation Stats
Loss:
  total: 0.8129924933115641
Metrics:
  kitti_dice: 0.759811540444692
  kitti_jaccard_macro: 0.2922644118467967
  kitti_jaccard_micro: 0.6320947209993998

2024-06-23 21:29:51,070 - INFO - Epoch 57/120
2024-06-23 21:29:51,761 - INFO - Train Stats
Loss:
  total: 0.21940342088540396
Metrics:
  kitti_dice: 0.9019922812779745
  kitti_jaccard_macro: 0.5240963300069174
  kitti_jaccard_micro: 0.859835664431254

2024-06-23 21:29:52,180 - INFO - Validation Stats
Loss:
  total: 0.793787439664205
Metrics:
  kitti_dice: 0.7699409127235413
  kitti_jaccard_macro: 0.3023039599259694
  kitti_jaccard_micro: 0.6470349431037903

2024-06-23 21:29:52,351 - INFO - Epoch 58/120
2024-06-23 21:29:53,047 - INFO - Train Stats
Loss:
  total: 0.20427504678567251
Metrics:
  kitti_dice: 0.9054402112960815
  kitti_jaccard_macro: 0.5327930649121603
  kitti_jaccard_micro: 0.8659080862998962

2024-06-23 21:29:53,468 - INFO - Validation Stats
Loss:
  total: 0.7976100444793701
Metrics:
  kitti_dice: 0.769423246383667
  kitti_jaccard_macro: 0.29557668169339496
  kitti_jaccard_micro: 0.6458987792332967

2024-06-23 21:29:53,468 - INFO - Epoch 59/120
2024-06-23 21:29:54,164 - INFO - Train Stats
Loss:
  total: 0.21588176985581717
Metrics:
  kitti_dice: 0.9035023848215739
  kitti_jaccard_macro: 0.5644281506538391
  kitti_jaccard_micro: 0.8643605709075928

2024-06-23 21:29:54,578 - INFO - Validation Stats
Loss:
  total: 0.8140448133150736
Metrics:
  kitti_dice: 0.7681894699732462
  kitti_jaccard_macro: 0.2905494769414266
  kitti_jaccard_micro: 0.64341139793396

2024-06-23 21:29:54,578 - INFO - Epoch 60/120
2024-06-23 21:29:55,251 - INFO - Train Stats
Loss:
  total: 0.2103323092063268
Metrics:
  kitti_dice: 0.901892344156901
  kitti_jaccard_macro: 0.5280356208483378
  kitti_jaccard_micro: 0.8681984742482504

2024-06-23 21:29:55,675 - INFO - Validation Stats
Loss:
  total: 0.7787228226661682
Metrics:
  kitti_dice: 0.774289588133494
  kitti_jaccard_macro: 0.2989173581202825
  kitti_jaccard_micro: 0.6524548133214315

2024-06-23 21:29:56,105 - INFO - Epoch 61/120
2024-06-23 21:29:56,787 - INFO - Train Stats
Loss:
  total: 0.2234503229459127
Metrics:
  kitti_dice: 0.8995800415674845
  kitti_jaccard_macro: 0.5311702092488607
  kitti_jaccard_micro: 0.8525510430335999

2024-06-23 21:29:57,215 - INFO - Validation Stats
Loss:
  total: 0.7681582768758138
Metrics:
  kitti_dice: 0.7756796677907308
  kitti_jaccard_macro: 0.301910142103831
  kitti_jaccard_micro: 0.654316782951355

2024-06-23 21:29:57,381 - INFO - Epoch 62/120
2024-06-23 21:29:58,070 - INFO - Train Stats
Loss:
  total: 0.21622060736020407
Metrics:
  kitti_dice: 0.9028004805246989
  kitti_jaccard_macro: 0.5334699153900146
  kitti_jaccard_micro: 0.8608477115631104

2024-06-23 21:29:58,497 - INFO - Validation Stats
Loss:
  total: 0.7621846596399943
Metrics:
  kitti_dice: 0.7811834017435709
  kitti_jaccard_macro: 0.30779608090718585
  kitti_jaccard_micro: 0.6629443764686584

2024-06-23 21:29:58,675 - INFO - Epoch 63/120
2024-06-23 21:29:59,366 - INFO - Train Stats
Loss:
  total: 0.21730435391267142
Metrics:
  kitti_dice: 0.906846284866333
  kitti_jaccard_macro: 0.5245096286137899
  kitti_jaccard_micro: 0.8611833055814108

2024-06-23 21:29:59,792 - INFO - Validation Stats
Loss:
  total: 0.7544543345769247
Metrics:
  kitti_dice: 0.7853140433629354
  kitti_jaccard_macro: 0.3104284703731537
  kitti_jaccard_micro: 0.6676700909932455

2024-06-23 21:29:59,962 - INFO - Epoch 64/120
2024-06-23 21:30:00,646 - INFO - Train Stats
Loss:
  total: 0.21724888682365417
Metrics:
  kitti_dice: 0.9014704823493958
  kitti_jaccard_macro: 0.5170365472634634
  kitti_jaccard_micro: 0.8575724562009176

2024-06-23 21:30:01,057 - INFO - Validation Stats
Loss:
  total: 0.7691047191619873
Metrics:
  kitti_dice: 0.7798142433166504
  kitti_jaccard_macro: 0.30157970388730365
  kitti_jaccard_micro: 0.6607113281885783

2024-06-23 21:30:01,057 - INFO - Epoch 65/120
2024-06-23 21:30:01,746 - INFO - Train Stats
Loss:
  total: 0.19612819949785867
Metrics:
  kitti_dice: 0.9066744844118754
  kitti_jaccard_macro: 0.5332884589831034
  kitti_jaccard_micro: 0.8716274897257487

2024-06-23 21:30:02,165 - INFO - Validation Stats
Loss:
  total: 0.7922167380650839
Metrics:
  kitti_dice: 0.7795811692873637
  kitti_jaccard_macro: 0.30019543568293255
  kitti_jaccard_micro: 0.6596530079841614

2024-06-23 21:30:02,329 - INFO - Epoch 66/120
2024-06-23 21:30:03,016 - INFO - Train Stats
Loss:
  total: 0.30268673102060956
Metrics:
  kitti_dice: 0.8755895694096884
  kitti_jaccard_macro: 0.5178446968396505
  kitti_jaccard_micro: 0.817116936047872

2024-06-23 21:30:03,442 - INFO - Validation Stats
Loss:
  total: 0.7611872553825378
Metrics:
  kitti_dice: 0.7808519601821899
  kitti_jaccard_macro: 0.2980540196100871
  kitti_jaccard_micro: 0.6612229148546854

2024-06-23 21:30:03,442 - INFO - Epoch 67/120
2024-06-23 21:30:04,126 - INFO - Train Stats
Loss:
  total: 0.23335164288679758
Metrics:
  kitti_dice: 0.8956640760103861
  kitti_jaccard_macro: 0.5621288617451986
  kitti_jaccard_micro: 0.8472399115562439

2024-06-23 21:30:04,549 - INFO - Validation Stats
Loss:
  total: 0.8085457483927408
Metrics:
  kitti_dice: 0.7617174386978149
  kitti_jaccard_macro: 0.29950804511706036
  kitti_jaccard_micro: 0.6353105703989664

2024-06-23 21:30:04,549 - INFO - Epoch 68/120
2024-06-23 21:30:05,232 - INFO - Train Stats
Loss:
  total: 0.23486867050329843
Metrics:
  kitti_dice: 0.8963049054145813
  kitti_jaccard_macro: 0.5395902792612711
  kitti_jaccard_micro: 0.8476463158925375

2024-06-23 21:30:05,653 - INFO - Validation Stats
Loss:
  total: 0.8183803955713908
Metrics:
  kitti_dice: 0.7686702410380045
  kitti_jaccard_macro: 0.30076050758361816
  kitti_jaccard_micro: 0.6447965900103251

2024-06-23 21:30:05,653 - INFO - Epoch 69/120
2024-06-23 21:30:06,345 - INFO - Train Stats
Loss:
  total: 0.23037364582220712
Metrics:
  kitti_dice: 0.9002450108528137
  kitti_jaccard_macro: 0.5510446826616923
  kitti_jaccard_micro: 0.8514659802118937

2024-06-23 21:30:06,768 - INFO - Validation Stats
Loss:
  total: 0.8144197463989258
Metrics:
  kitti_dice: 0.773377537727356
  kitti_jaccard_macro: 0.3043930133183797
  kitti_jaccard_micro: 0.6507065097490946

2024-06-23 21:30:06,768 - INFO - Epoch 70/120
2024-06-23 21:30:07,466 - INFO - Train Stats
Loss:
  total: 0.2027962158123652
Metrics:
  kitti_dice: 0.9070828159650167
  kitti_jaccard_macro: 0.5584351420402527
  kitti_jaccard_micro: 0.8686717549959818

2024-06-23 21:30:07,884 - INFO - Validation Stats
Loss:
  total: 0.8196645379066467
Metrics:
  kitti_dice: 0.7772362430890402
  kitti_jaccard_macro: 0.30812573432922363
  kitti_jaccard_micro: 0.6566351453463236

2024-06-23 21:30:08,056 - INFO - Epoch 71/120
2024-06-23 21:30:08,744 - INFO - Train Stats
Loss:
  total: 0.20751876135667166
Metrics:
  kitti_dice: 0.906110922495524
  kitti_jaccard_macro: 0.5397492249806722
  kitti_jaccard_micro: 0.8634234070777893

2024-06-23 21:30:09,164 - INFO - Validation Stats
Loss:
  total: 0.7991076111793518
Metrics:
  kitti_dice: 0.7767934004465739
  kitti_jaccard_macro: 0.3039434254169464
  kitti_jaccard_micro: 0.6565552353858948

2024-06-23 21:30:09,165 - INFO - Epoch 72/120
2024-06-23 21:30:09,854 - INFO - Train Stats
Loss:
  total: 0.21185079216957092
Metrics:
  kitti_dice: 0.9023491740226746
  kitti_jaccard_macro: 0.5208113789558411
  kitti_jaccard_micro: 0.8594261010487875

2024-06-23 21:30:10,272 - INFO - Validation Stats
Loss:
  total: 0.7997499704360962
Metrics:
  kitti_dice: 0.7725857297579447
  kitti_jaccard_macro: 0.301437109708786
  kitti_jaccard_micro: 0.650211493174235

2024-06-23 21:30:10,272 - INFO - Epoch 73/120
2024-06-23 21:30:10,957 - INFO - Train Stats
Loss:
  total: 0.18300320456425348
Metrics:
  kitti_dice: 0.9122169216473898
  kitti_jaccard_macro: 0.5791632930437723
  kitti_jaccard_micro: 0.8808864156405131

2024-06-23 21:30:11,379 - INFO - Validation Stats
Loss:
  total: 0.7893300851186117
Metrics:
  kitti_dice: 0.7728517850240072
  kitti_jaccard_macro: 0.2963448663552602
  kitti_jaccard_micro: 0.6502707401911417

2024-06-23 21:30:11,379 - INFO - Epoch 74/120
2024-06-23 21:30:12,071 - INFO - Train Stats
Loss:
  total: 0.20344810684521994
Metrics:
  kitti_dice: 0.9047090609868368
  kitti_jaccard_macro: 0.577061136563619
  kitti_jaccard_micro: 0.8705223997433981

2024-06-23 21:30:12,490 - INFO - Validation Stats
Loss:
  total: 0.8006185491879781
Metrics:
  kitti_dice: 0.77210799853007
  kitti_jaccard_macro: 0.2968286375204722
  kitti_jaccard_micro: 0.6487626433372498

2024-06-23 21:30:12,490 - INFO - Epoch 75/120
2024-06-23 21:30:13,180 - INFO - Train Stats
Loss:
  total: 0.19688072303930917
Metrics:
  kitti_dice: 0.9082952936490377
  kitti_jaccard_macro: 0.5627497037251791
  kitti_jaccard_micro: 0.8697348833084106

2024-06-23 21:30:13,603 - INFO - Validation Stats
Loss:
  total: 0.8120674093564352
Metrics:
  kitti_dice: 0.7755365570386251
  kitti_jaccard_macro: 0.2980943024158478
  kitti_jaccard_micro: 0.6535815596580505

2024-06-23 21:30:13,848 - INFO - Epoch 76/120
2024-06-23 21:30:14,545 - INFO - Train Stats
Loss:
  total: 0.19542816281318665
Metrics:
  kitti_dice: 0.9115899403889974
  kitti_jaccard_macro: 0.5310726761817932
  kitti_jaccard_micro: 0.8691274523735046

2024-06-23 21:30:14,969 - INFO - Validation Stats
Loss:
  total: 0.7789220809936523
Metrics:
  kitti_dice: 0.7853058576583862
  kitti_jaccard_macro: 0.30320154627164203
  kitti_jaccard_micro: 0.6669108271598816

2024-06-23 21:30:14,970 - INFO - Epoch 77/120
2024-06-23 21:30:15,662 - INFO - Train Stats
Loss:
  total: 0.22352409859498343
Metrics:
  kitti_dice: 0.9033193190892538
  kitti_jaccard_macro: 0.5671421686808268
  kitti_jaccard_micro: 0.8576466838518778

2024-06-23 21:30:16,082 - INFO - Validation Stats
Loss:
  total: 0.783117393652598
Metrics:
  kitti_dice: 0.7834509015083313
  kitti_jaccard_macro: 0.3039479951063792
  kitti_jaccard_micro: 0.6645752191543579

2024-06-23 21:30:16,082 - INFO - Epoch 78/120
2024-06-23 21:30:16,770 - INFO - Train Stats
Loss:
  total: 0.20949889222780863
Metrics:
  kitti_dice: 0.9023458162943522
  kitti_jaccard_macro: 0.553092340628306
  kitti_jaccard_micro: 0.8603927691777548

2024-06-23 21:30:17,192 - INFO - Validation Stats
Loss:
  total: 0.7994496623675028
Metrics:
  kitti_dice: 0.7767880956331888
  kitti_jaccard_macro: 0.3045731882254283
  kitti_jaccard_micro: 0.6553311745325724

2024-06-23 21:30:17,192 - INFO - Epoch 79/120
2024-06-23 21:30:17,883 - INFO - Train Stats
Loss:
  total: 0.20186642309029898
Metrics:
  kitti_dice: 0.9046203295389811
  kitti_jaccard_macro: 0.5362252593040466
  kitti_jaccard_micro: 0.8641025821367899

2024-06-23 21:30:18,307 - INFO - Validation Stats
Loss:
  total: 0.811967651049296
Metrics:
  kitti_dice: 0.7739048401514689
  kitti_jaccard_macro: 0.30249746640523273
  kitti_jaccard_micro: 0.651183545589447

2024-06-23 21:30:18,307 - INFO - Epoch 80/120
2024-06-23 21:30:19,004 - INFO - Train Stats
Loss:
  total: 0.20263531307379404
Metrics:
  kitti_dice: 0.9115238984425863
  kitti_jaccard_macro: 0.5441826383272806
  kitti_jaccard_micro: 0.8662344415982565

2024-06-23 21:30:19,420 - INFO - Validation Stats
Loss:
  total: 0.8176146944363912
Metrics:
  kitti_dice: 0.7773454586664835
  kitti_jaccard_macro: 0.30246855815251666
  kitti_jaccard_micro: 0.6562410195668539

2024-06-23 21:30:19,672 - INFO - Epoch 81/120
2024-06-23 21:30:20,372 - INFO - Train Stats
Loss:
  total: 0.20457670589288077
Metrics:
  kitti_dice: 0.9053927461306254
  kitti_jaccard_macro: 0.5685166915257772
  kitti_jaccard_micro: 0.8629477421442667

2024-06-23 21:30:20,792 - INFO - Validation Stats
Loss:
  total: 0.8019537925720215
Metrics:
  kitti_dice: 0.7816429138183594
  kitti_jaccard_macro: 0.29732950528462726
  kitti_jaccard_micro: 0.6617687145868937

2024-06-23 21:30:20,792 - INFO - Epoch 82/120
2024-06-23 21:30:21,484 - INFO - Train Stats
Loss:
  total: 0.18246869246164957
Metrics:
  kitti_dice: 0.9136777520179749
  kitti_jaccard_macro: 0.5635595520337423
  kitti_jaccard_micro: 0.877684752146403

2024-06-23 21:30:21,945 - INFO - Validation Stats
Loss:
  total: 0.794232447942098
Metrics:
  kitti_dice: 0.7836601734161377
  kitti_jaccard_macro: 0.29871974388758343
  kitti_jaccard_micro: 0.6651200453440348

2024-06-23 21:30:21,945 - INFO - Epoch 83/120
2024-06-23 21:30:22,643 - INFO - Train Stats
Loss:
  total: 0.19027428328990936
Metrics:
  kitti_dice: 0.9129915237426758
  kitti_jaccard_macro: 0.574793299039205
  kitti_jaccard_micro: 0.8705230752627054

2024-06-23 21:30:23,068 - INFO - Validation Stats
Loss:
  total: 0.8057616353034973
Metrics:
  kitti_dice: 0.78365558385849
  kitti_jaccard_macro: 0.299080029129982
  kitti_jaccard_micro: 0.6647697687149048

2024-06-23 21:30:23,068 - INFO - Epoch 84/120
2024-06-23 21:30:23,764 - INFO - Train Stats
Loss:
  total: 0.1886285791794459
Metrics:
  kitti_dice: 0.9123629728953043
  kitti_jaccard_macro: 0.5778869191805521
  kitti_jaccard_micro: 0.8710322181383768

2024-06-23 21:30:24,189 - INFO - Validation Stats
Loss:
  total: 0.8178337812423706
Metrics:
  kitti_dice: 0.781135082244873
  kitti_jaccard_macro: 0.2922799040873845
  kitti_jaccard_micro: 0.6621957619984945

2024-06-23 21:30:24,189 - INFO - Epoch 85/120
2024-06-23 21:30:24,877 - INFO - Train Stats
Loss:
  total: 0.1693320373694102
Metrics:
  kitti_dice: 0.914572020371755
  kitti_jaccard_macro: 0.6116002996762594
  kitti_jaccard_micro: 0.8851023515065511

2024-06-23 21:30:25,298 - INFO - Validation Stats
Loss:
  total: 0.8156450986862183
Metrics:
  kitti_dice: 0.7848741014798483
  kitti_jaccard_macro: 0.2981465707222621
  kitti_jaccard_micro: 0.6668928662935892

2024-06-23 21:30:25,550 - INFO - Epoch 86/120
2024-06-23 21:30:26,244 - INFO - Train Stats
Loss:
  total: 0.19407692551612854
Metrics:
  kitti_dice: 0.9102904200553894
  kitti_jaccard_macro: 0.5618128776550293
  kitti_jaccard_micro: 0.8687290946642557

2024-06-23 21:30:26,667 - INFO - Validation Stats
Loss:
  total: 0.8183470964431763
Metrics:
  kitti_dice: 0.7852771282196045
  kitti_jaccard_macro: 0.30002762377262115
  kitti_jaccard_micro: 0.6668687661488851

2024-06-23 21:30:26,667 - INFO - Epoch 87/120
2024-06-23 21:30:27,362 - INFO - Train Stats
Loss:
  total: 0.20383769273757935
Metrics:
  kitti_dice: 0.9034063418706259
  kitti_jaccard_macro: 0.5298128724098206
  kitti_jaccard_micro: 0.8589906295140585

2024-06-23 21:30:27,784 - INFO - Validation Stats
Loss:
  total: 0.7891241510709127
Metrics:
  kitti_dice: 0.788311243057251
  kitti_jaccard_macro: 0.30339351296424866
  kitti_jaccard_micro: 0.6721892952919006

2024-06-23 21:30:27,784 - INFO - Epoch 88/120
2024-06-23 21:30:28,483 - INFO - Train Stats
Loss:
  total: 0.17218743761380514
Metrics:
  kitti_dice: 0.9127110242843628
  kitti_jaccard_macro: 0.5729342897733053
  kitti_jaccard_micro: 0.8807546893755595

2024-06-23 21:30:28,905 - INFO - Validation Stats
Loss:
  total: 0.7995568712552389
Metrics:
  kitti_dice: 0.7851032018661499
  kitti_jaccard_macro: 0.3056611617406209
  kitti_jaccard_micro: 0.6670512159665426

2024-06-23 21:30:28,905 - INFO - Epoch 89/120
2024-06-23 21:30:29,603 - INFO - Train Stats
Loss:
  total: 0.21014374991257986
Metrics:
  kitti_dice: 0.9033208092053732
  kitti_jaccard_macro: 0.5755005876223246
  kitti_jaccard_micro: 0.8587926824887594

2024-06-23 21:30:30,022 - INFO - Validation Stats
Loss:
  total: 0.8004971345265707
Metrics:
  kitti_dice: 0.7854688962300619
  kitti_jaccard_macro: 0.304057498772939
  kitti_jaccard_micro: 0.6673468947410583

2024-06-23 21:30:30,022 - INFO - Epoch 90/120
2024-06-23 21:30:30,718 - INFO - Train Stats
Loss:
  total: 0.17935716609160104
Metrics:
  kitti_dice: 0.9132554133733114
  kitti_jaccard_macro: 0.569584846496582
  kitti_jaccard_micro: 0.876828928788503

2024-06-23 21:30:31,140 - INFO - Validation Stats
Loss:
  total: 0.7726251085599264
Metrics:
  kitti_dice: 0.7916858792304993
  kitti_jaccard_macro: 0.30866008003552753
  kitti_jaccard_micro: 0.6763651768366495

2024-06-23 21:30:31,393 - INFO - Epoch 91/120
2024-06-23 21:30:32,094 - INFO - Train Stats
Loss:
  total: 0.22231435775756836
Metrics:
  kitti_dice: 0.8983861406644186
  kitti_jaccard_macro: 0.5591323375701904
  kitti_jaccard_micro: 0.8537077109018961

2024-06-23 21:30:32,514 - INFO - Validation Stats
Loss:
  total: 0.7925020257631937
Metrics:
  kitti_dice: 0.7911941011746725
  kitti_jaccard_macro: 0.31173408031463623
  kitti_jaccard_micro: 0.6757511297861735

2024-06-23 21:30:32,514 - INFO - Epoch 92/120
2024-06-23 21:30:33,206 - INFO - Train Stats
Loss:
  total: 0.175434281428655
Metrics:
  kitti_dice: 0.9135458866755167
  kitti_jaccard_macro: 0.5455331802368164
  kitti_jaccard_micro: 0.8790802359580994

2024-06-23 21:30:33,627 - INFO - Validation Stats
Loss:
  total: 0.8164149324099222
Metrics:
  kitti_dice: 0.7810496290524801
  kitti_jaccard_macro: 0.30108209947745007
  kitti_jaccard_micro: 0.6611610849698385

2024-06-23 21:30:33,627 - INFO - Epoch 93/120
2024-06-23 21:30:34,321 - INFO - Train Stats
Loss:
  total: 0.1776548276344935
Metrics:
  kitti_dice: 0.9128531614939371
  kitti_jaccard_macro: 0.5660504301389059
  kitti_jaccard_micro: 0.8803836901982626

2024-06-23 21:30:34,743 - INFO - Validation Stats
Loss:
  total: 0.8483323852221171
Metrics:
  kitti_dice: 0.7749577562014262
  kitti_jaccard_macro: 0.2905222922563553
  kitti_jaccard_micro: 0.6525822480519613

2024-06-23 21:30:34,743 - INFO - Epoch 94/120
2024-06-23 21:30:35,442 - INFO - Train Stats
Loss:
  total: 0.18323554595311484
Metrics:
  kitti_dice: 0.9136980573336283
  kitti_jaccard_macro: 0.549631396929423
  kitti_jaccard_micro: 0.875343402226766

2024-06-23 21:30:35,864 - INFO - Validation Stats
Loss:
  total: 0.813756008942922
Metrics:
  kitti_dice: 0.7851447065671285
  kitti_jaccard_macro: 0.29898973802725476
  kitti_jaccard_micro: 0.6674073338508606

2024-06-23 21:30:35,864 - INFO - Epoch 95/120
2024-06-23 21:30:36,561 - INFO - Train Stats
Loss:
  total: 0.17189526557922363
Metrics:
  kitti_dice: 0.9190470774968466
  kitti_jaccard_macro: 0.5855972766876221
  kitti_jaccard_micro: 0.8840271433194479

2024-06-23 21:30:37,024 - INFO - Validation Stats
Loss:
  total: 0.8100018898646036
Metrics:
  kitti_dice: 0.7892505923906962
  kitti_jaccard_macro: 0.2992828885714213
  kitti_jaccard_micro: 0.672731339931488

2024-06-23 21:30:37,201 - INFO - Epoch 96/120
2024-06-23 21:30:37,894 - INFO - Train Stats
Loss:
  total: 0.17443140347798666
Metrics:
  kitti_dice: 0.9173638621966044
  kitti_jaccard_macro: 0.6054525176684061
  kitti_jaccard_micro: 0.8821030656496683

2024-06-23 21:30:38,316 - INFO - Validation Stats
Loss:
  total: 0.80096435546875
Metrics:
  kitti_dice: 0.7888913154602051
  kitti_jaccard_macro: 0.30298525591691333
  kitti_jaccard_micro: 0.6725262006123861

2024-06-23 21:30:38,316 - INFO - Epoch 97/120
2024-06-23 21:30:39,019 - INFO - Train Stats
Loss:
  total: 0.17547101775805155
Metrics:
  kitti_dice: 0.9133390784263611
  kitti_jaccard_macro: 0.5316594044367472
  kitti_jaccard_micro: 0.8792267243067423

2024-06-23 21:30:39,440 - INFO - Validation Stats
Loss:
  total: 0.8197889526685079
Metrics:
  kitti_dice: 0.7824756900469462
  kitti_jaccard_macro: 0.2977965672810872
  kitti_jaccard_micro: 0.663451353708903

2024-06-23 21:30:39,441 - INFO - Epoch 98/120
2024-06-23 21:30:40,137 - INFO - Train Stats
Loss:
  total: 0.16844278573989868
Metrics:
  kitti_dice: 0.9205751419067383
  kitti_jaccard_macro: 0.5615339974562327
  kitti_jaccard_micro: 0.8848308523495992

2024-06-23 21:30:40,558 - INFO - Validation Stats
Loss:
  total: 0.8063173095385233
Metrics:
  kitti_dice: 0.7830618023872375
  kitti_jaccard_macro: 0.3014104614655177
  kitti_jaccard_micro: 0.6634507973988851

2024-06-23 21:30:40,558 - INFO - Epoch 99/120
2024-06-23 21:30:41,257 - INFO - Train Stats
Loss:
  total: 0.16574740906556448
Metrics:
  kitti_dice: 0.9174090226491293
  kitti_jaccard_macro: 0.5879066189130148
  kitti_jaccard_micro: 0.8838094075520834

2024-06-23 21:30:41,671 - INFO - Validation Stats
Loss:
  total: 0.8210475842157999
Metrics:
  kitti_dice: 0.7754919131596884
  kitti_jaccard_macro: 0.2913445731004079
  kitti_jaccard_micro: 0.6539339224497477

2024-06-23 21:30:41,671 - INFO - Epoch 100/120
2024-06-23 21:30:42,365 - INFO - Train Stats
Loss:
  total: 0.16043593237797418
Metrics:
  kitti_dice: 0.9154787063598633
  kitti_jaccard_macro: 0.6051906148592631
  kitti_jaccard_micro: 0.8870436151822408

2024-06-23 21:30:42,788 - INFO - Validation Stats
Loss:
  total: 0.8326252698898315
Metrics:
  kitti_dice: 0.7766311963399252
  kitti_jaccard_macro: 0.29672666390736896
  kitti_jaccard_micro: 0.6554886897404989

2024-06-23 21:30:42,959 - INFO - Epoch 101/120
2024-06-23 21:30:43,652 - INFO - Train Stats
Loss:
  total: 0.17968120674292246
Metrics:
  kitti_dice: 0.9161494374275208
  kitti_jaccard_macro: 0.5689859390258789
  kitti_jaccard_micro: 0.8739681839942932

2024-06-23 21:30:44,076 - INFO - Validation Stats
Loss:
  total: 0.8297540744145712
Metrics:
  kitti_dice: 0.7815162936846415
  kitti_jaccard_macro: 0.297089417775472
  kitti_jaccard_micro: 0.6615162293116251

2024-06-23 21:30:44,076 - INFO - Epoch 102/120
2024-06-23 21:30:44,767 - INFO - Train Stats
Loss:
  total: 0.17276268700758615
Metrics:
  kitti_dice: 0.9186421036720276
  kitti_jaccard_macro: 0.5722604592641195
  kitti_jaccard_micro: 0.879533569018046

2024-06-23 21:30:45,182 - INFO - Validation Stats
Loss:
  total: 0.7839147845904032
Metrics:
  kitti_dice: 0.7866811951001486
  kitti_jaccard_macro: 0.30351723233858746
  kitti_jaccard_micro: 0.6693774263064066

2024-06-23 21:30:45,183 - INFO - Epoch 103/120
2024-06-23 21:30:45,879 - INFO - Train Stats
Loss:
  total: 0.2026372750600179
Metrics:
  kitti_dice: 0.9033792416254679
  kitti_jaccard_macro: 0.5792800386746725
  kitti_jaccard_micro: 0.861330250898997

2024-06-23 21:30:46,302 - INFO - Validation Stats
Loss:
  total: 0.8078276316324869
Metrics:
  kitti_dice: 0.7853932579358419
  kitti_jaccard_macro: 0.30428733428319293
  kitti_jaccard_micro: 0.6672168175379435

2024-06-23 21:30:46,302 - INFO - Epoch 104/120
2024-06-23 21:30:46,999 - INFO - Train Stats
Loss:
  total: 0.15560048818588257
Metrics:
  kitti_dice: 0.917276918888092
  kitti_jaccard_macro: 0.5621996919314066
  kitti_jaccard_micro: 0.8904156486193339

2024-06-23 21:30:47,423 - INFO - Validation Stats
Loss:
  total: 0.8079091509183248
Metrics:
  kitti_dice: 0.7812272508939108
  kitti_jaccard_macro: 0.30272487302621204
  kitti_jaccard_micro: 0.6612493793169657

2024-06-23 21:30:47,423 - INFO - Epoch 105/120
2024-06-23 21:30:48,119 - INFO - Train Stats
Loss:
  total: 0.1544636661807696
Metrics:
  kitti_dice: 0.9199609955151876
  kitti_jaccard_macro: 0.6234953800837199
  kitti_jaccard_micro: 0.8912487427393595

2024-06-23 21:30:48,541 - INFO - Validation Stats
Loss:
  total: 0.8081749478975931
Metrics:
  kitti_dice: 0.781777560710907
  kitti_jaccard_macro: 0.2999545931816101
  kitti_jaccard_micro: 0.6624594529469808

2024-06-23 21:30:48,713 - INFO - Epoch 106/120
2024-06-23 21:30:49,410 - INFO - Train Stats
Loss:
  total: 0.1511492853363355
Metrics:
  kitti_dice: 0.9172814091046652
  kitti_jaccard_macro: 0.6138497789700826
  kitti_jaccard_micro: 0.8899651368459066

2024-06-23 21:30:49,833 - INFO - Validation Stats
Loss:
  total: 0.8243291974067688
Metrics:
  kitti_dice: 0.7845456600189209
  kitti_jaccard_macro: 0.3029014120499293
  kitti_jaccard_micro: 0.6665661533673605

2024-06-23 21:30:49,833 - INFO - Epoch 107/120
2024-06-23 21:30:50,530 - INFO - Train Stats
Loss:
  total: 0.15001591543356577
Metrics:
  kitti_dice: 0.9226961334546407
  kitti_jaccard_macro: 0.571343461672465
  kitti_jaccard_micro: 0.8945602575937907

2024-06-23 21:30:50,948 - INFO - Validation Stats
Loss:
  total: 0.7994340062141418
Metrics:
  kitti_dice: 0.791988730430603
  kitti_jaccard_macro: 0.30442026257514954
  kitti_jaccard_micro: 0.6771809260050455

2024-06-23 21:30:50,948 - INFO - Epoch 108/120
2024-06-23 21:30:51,640 - INFO - Train Stats
Loss:
  total: 0.16540770729382834
Metrics:
  kitti_dice: 0.9193771481513977
  kitti_jaccard_macro: 0.5593029061953226
  kitti_jaccard_micro: 0.8838163216908773

2024-06-23 21:30:52,060 - INFO - Validation Stats
Loss:
  total: 0.781793475151062
Metrics:
  kitti_dice: 0.7935735384623209
  kitti_jaccard_macro: 0.3077319214741389
  kitti_jaccard_micro: 0.6793191432952881

2024-06-23 21:30:52,061 - INFO - Epoch 109/120
2024-06-23 21:30:52,758 - INFO - Train Stats
Loss:
  total: 0.166363924741745
Metrics:
  kitti_dice: 0.9202083150545756
  kitti_jaccard_macro: 0.5998623371124268
  kitti_jaccard_micro: 0.8829452792803446

2024-06-23 21:30:53,173 - INFO - Validation Stats
Loss:
  total: 0.7760585347811381
Metrics:
  kitti_dice: 0.7935208479563395
  kitti_jaccard_macro: 0.3152335286140442
  kitti_jaccard_micro: 0.6794325510660807

2024-06-23 21:30:53,173 - INFO - Epoch 110/120
2024-06-23 21:30:53,858 - INFO - Train Stats
Loss:
  total: 0.16038509706656137
Metrics:
  kitti_dice: 0.9162963032722473
  kitti_jaccard_macro: 0.5707493225733439
  kitti_jaccard_micro: 0.8861965338389078

2024-06-23 21:30:54,280 - INFO - Validation Stats
Loss:
  total: 0.7784371773401896
Metrics:
  kitti_dice: 0.7930675546328226
  kitti_jaccard_macro: 0.30821894605954486
  kitti_jaccard_micro: 0.6787092288335165

2024-06-23 21:30:54,529 - INFO - Epoch 111/120
2024-06-23 21:30:55,223 - INFO - Train Stats
Loss:
  total: 0.15181773652633032
Metrics:
  kitti_dice: 0.9148759444554647
  kitti_jaccard_macro: 0.5910203258196512
  kitti_jaccard_micro: 0.8927562832832336

2024-06-23 21:30:55,643 - INFO - Validation Stats
Loss:
  total: 0.7822339534759521
Metrics:
  kitti_dice: 0.7907907366752625
  kitti_jaccard_macro: 0.30608664949735004
  kitti_jaccard_micro: 0.6754219134648641

2024-06-23 21:30:55,643 - INFO - Epoch 112/120
2024-06-23 21:30:56,336 - INFO - Train Stats
Loss:
  total: 0.14788194497426352
Metrics:
  kitti_dice: 0.9194779197374979
  kitti_jaccard_macro: 0.6111616293589274
  kitti_jaccard_micro: 0.8936453660329183

2024-06-23 21:30:56,759 - INFO - Validation Stats
Loss:
  total: 0.7905516028404236
Metrics:
  kitti_dice: 0.7889752586682638
  kitti_jaccard_macro: 0.3093549807866414
  kitti_jaccard_micro: 0.6727580626805624

2024-06-23 21:30:56,759 - INFO - Epoch 113/120
2024-06-23 21:30:57,458 - INFO - Train Stats
Loss:
  total: 0.1736668050289154
Metrics:
  kitti_dice: 0.9187636375427246
  kitti_jaccard_macro: 0.563268780708313
  kitti_jaccard_micro: 0.878777543703715

2024-06-23 21:30:57,876 - INFO - Validation Stats
Loss:
  total: 0.7703227996826172
Metrics:
  kitti_dice: 0.7955696980158488
  kitti_jaccard_macro: 0.3069368948539098
  kitti_jaccard_micro: 0.6814902027448019

2024-06-23 21:30:57,876 - INFO - Epoch 114/120
2024-06-23 21:30:58,573 - INFO - Train Stats
Loss:
  total: 0.1549150546391805
Metrics:
  kitti_dice: 0.9226613839467367
  kitti_jaccard_macro: 0.6112006505330404
  kitti_jaccard_micro: 0.8905019561449686

2024-06-23 21:30:58,993 - INFO - Validation Stats
Loss:
  total: 0.7960387865702311
Metrics:
  kitti_dice: 0.7881606618563334
  kitti_jaccard_macro: 0.30443117022514343
  kitti_jaccard_micro: 0.671308179696401

2024-06-23 21:30:58,993 - INFO - Epoch 115/120
2024-06-23 21:30:59,693 - INFO - Train Stats
Loss:
  total: 0.15055378278096518
Metrics:
  kitti_dice: 0.914789060751597
  kitti_jaccard_macro: 0.5525141358375549
  kitti_jaccard_micro: 0.8911176125208536

2024-06-23 21:31:00,112 - INFO - Validation Stats
Loss:
  total: 0.8026363253593445
Metrics:
  kitti_dice: 0.7879156271616617
  kitti_jaccard_macro: 0.30569156507651013
  kitti_jaccard_micro: 0.671022097269694

2024-06-23 21:31:00,297 - INFO - Epoch 116/120
2024-06-23 21:31:00,997 - INFO - Train Stats
Loss:
  total: 0.15765522917111716
Metrics:
  kitti_dice: 0.9152692755063375
  kitti_jaccard_macro: 0.5841335455576578
  kitti_jaccard_micro: 0.8871015111605326

2024-06-23 21:31:01,418 - INFO - Validation Stats
Loss:
  total: 0.7962814569473267
Metrics:
  kitti_dice: 0.7870805660883585
  kitti_jaccard_macro: 0.30711457629998523
  kitti_jaccard_micro: 0.66990198691686

2024-06-23 21:31:01,418 - INFO - Epoch 117/120
2024-06-23 21:31:02,111 - INFO - Train Stats
Loss:
  total: 0.18521824975808462
Metrics:
  kitti_dice: 0.908592700958252
  kitti_jaccard_macro: 0.6124233404795328
  kitti_jaccard_micro: 0.8697772224744161

2024-06-23 21:31:02,529 - INFO - Validation Stats
Loss:
  total: 0.7995679577191671
Metrics:
  kitti_dice: 0.7850999236106873
  kitti_jaccard_macro: 0.3076051374276479
  kitti_jaccard_micro: 0.6668506463368734

2024-06-23 21:31:02,530 - INFO - Epoch 118/120
2024-06-23 21:31:03,223 - INFO - Train Stats
Loss:
  total: 0.24266205231348673
Metrics:
  kitti_dice: 0.8957012494405111
  kitti_jaccard_macro: 0.5484373370806376
  kitti_jaccard_micro: 0.8438993295033773

2024-06-23 21:31:03,641 - INFO - Validation Stats
Loss:
  total: 0.8379745284716288
Metrics:
  kitti_dice: 0.770488460858663
  kitti_jaccard_macro: 0.3076970229546229
  kitti_jaccard_micro: 0.6461368203163147

2024-06-23 21:31:03,641 - INFO - Epoch 119/120
2024-06-23 21:31:04,334 - INFO - Train Stats
Loss:
  total: 0.2188787559668223
Metrics:
  kitti_dice: 0.8981918493906657
  kitti_jaccard_macro: 0.6031235853830973
  kitti_jaccard_micro: 0.8493459622065226

2024-06-23 21:31:04,758 - INFO - Validation Stats
Loss:
  total: 0.9629875222841898
Metrics:
  kitti_dice: 0.7334335247675577
  kitti_jaccard_macro: 0.2864254216353099
  kitti_jaccard_micro: 0.5964803099632263

2024-06-23 21:31:04,758 - INFO - Epoch 120/120
2024-06-23 21:31:05,455 - INFO - Train Stats
Loss:
  total: 0.16890877485275269
Metrics:
  kitti_dice: 0.9135757088661194
  kitti_jaccard_macro: 0.5845918655395508
  kitti_jaccard_micro: 0.8807249863942465

2024-06-23 21:31:05,876 - INFO - Validation Stats
Loss:
  total: 0.8789749542872111
Metrics:
  kitti_dice: 0.7674634456634521
  kitti_jaccard_macro: 0.28330275416374207
  kitti_jaccard_micro: 0.6416071256001791

2024-06-23 21:31:06,137 - INFO - Best validation loss: 0.7544543345769247
2024-06-23 21:31:06,241 - INFO - Best model saved to /home/up201905337/exploring-label-efficiency/weights/sl_kitti_mobilenet_18l.pth
2024-06-23 21:31:06,241 - INFO - Training took 143.30760312080383 seconds to complete
