2024-06-24 15:00:42,207 - INFO - Loading configuration files...
2024-06-24 15:00:42,307 - INFO - Loading model configuration
args:
  backbone: mobilenet_v3_large
  num_classes: 20
class: DeepLabV3

2024-06-24 15:00:42,320 - INFO - Loading train_dataset configuration
args:
  root: /data/auto/kitti
class: UnsupervisedKittiSeg

2024-06-24 15:00:42,327 - INFO - Loading optimizer configuration
args:
  lr: 0.0003
class: Adam

2024-06-24 15:00:42,331 - INFO - Loading method configuration
args:
  color_jitter_strength: 1.0
  projection_dim: 128
  temperature: 0.5
class: SimCLRKitti

2024-06-24 15:00:42,341 - INFO - Loading metrics configuration
simclr_kitti_deeplabv3_top1_accuracy:
  args:
    num_classes: 32
    task: multiclass
    top_k: 1
  class: Accuracy
simclr_kitti_deeplabv3_top5_accuracy:
  args:
    num_classes: 32
    task: multiclass
    top_k: 5
  class: Accuracy

2024-06-24 15:00:42,341 - INFO - Loading hyperparameters configuration
batch_size: 16
ema_decay: null
epochs: 50
max_num_samples: -1
num_workers: 4
save_freq: 5

2024-06-24 15:00:42,351 - INFO - Using device: cuda
2024-06-24 15:00:42,428 - INFO - Training for 50 epochs
2024-06-24 15:00:42,428 - INFO - Epoch 1/50
2024-06-24 15:04:18,056 - INFO - Train Stats
Loss:
  total: 1.7080634084452397
Metrics:
  simclr_kitti_deeplabv3_top1_accuracy: 0.9834716274089935
  simclr_kitti_deeplabv3_top5_accuracy: 0.9988624197002142

2024-06-24 15:04:18,134 - INFO - Epoch 2/50
2024-06-24 15:07:55,170 - INFO - Train Stats
Loss:
  total: 1.6078648973072878
Metrics:
  simclr_kitti_deeplabv3_top1_accuracy: 0.9963195931477516
  simclr_kitti_deeplabv3_top5_accuracy: 1.0

2024-06-24 15:07:55,283 - INFO - Epoch 3/50
2024-06-24 15:11:31,294 - INFO - Train Stats
Loss:
  total: 1.592309034866235
Metrics:
  simclr_kitti_deeplabv3_top1_accuracy: 0.9963865096359743
  simclr_kitti_deeplabv3_top5_accuracy: 1.0

2024-06-24 15:11:31,473 - INFO - Epoch 4/50
2024-06-24 15:15:10,272 - INFO - Train Stats
Loss:
  total: 1.5793466629257038
Metrics:
  simclr_kitti_deeplabv3_top1_accuracy: 0.9979255888650964
  simclr_kitti_deeplabv3_top5_accuracy: 1.0

2024-06-24 15:15:10,378 - INFO - Epoch 5/50
2024-06-24 15:18:46,670 - INFO - Train Stats
Loss:
  total: 1.5735796301982643
Metrics:
  simclr_kitti_deeplabv3_top1_accuracy: 0.9979255888650964
  simclr_kitti_deeplabv3_top5_accuracy: 1.0

2024-06-24 15:18:46,931 - INFO - Epoch 6/50
2024-06-24 15:22:23,589 - INFO - Train Stats
Loss:
  total: 1.5677901164367316
Metrics:
  simclr_kitti_deeplabv3_top1_accuracy: 0.9980594218415417
  simclr_kitti_deeplabv3_top5_accuracy: 1.0

2024-06-24 15:22:23,694 - INFO - Epoch 7/50
2024-06-24 15:25:58,423 - INFO - Train Stats
Loss:
  total: 1.562814257129612
Metrics:
  simclr_kitti_deeplabv3_top1_accuracy: 0.9989962526766595
  simclr_kitti_deeplabv3_top5_accuracy: 1.0

2024-06-24 15:25:58,532 - INFO - Epoch 8/50
2024-06-24 15:29:35,196 - INFO - Train Stats
Loss:
  total: 1.5622610277486306
Metrics:
  simclr_kitti_deeplabv3_top1_accuracy: 0.9979255888650964
  simclr_kitti_deeplabv3_top5_accuracy: 1.0

2024-06-24 15:29:35,380 - INFO - Epoch 9/50
2024-06-24 15:33:08,239 - INFO - Train Stats
Loss:
  total: 1.559430368962584
Metrics:
  simclr_kitti_deeplabv3_top1_accuracy: 0.9983270877944326
  simclr_kitti_deeplabv3_top5_accuracy: 1.0

2024-06-24 15:33:08,347 - INFO - Epoch 10/50
2024-06-24 15:36:44,154 - INFO - Train Stats
Loss:
  total: 1.5567707438540408
Metrics:
  simclr_kitti_deeplabv3_top1_accuracy: 0.9988624197002142
  simclr_kitti_deeplabv3_top5_accuracy: 1.0

2024-06-24 15:36:44,450 - INFO - Epoch 11/50
2024-06-24 15:40:22,044 - INFO - Train Stats
Loss:
  total: 1.5526213709751595
Metrics:
  simclr_kitti_deeplabv3_top1_accuracy: 0.9995985010706638
  simclr_kitti_deeplabv3_top5_accuracy: 1.0

2024-06-24 15:40:22,151 - INFO - Epoch 12/50
2024-06-24 15:43:57,808 - INFO - Train Stats
Loss:
  total: 1.5528213883365247
Metrics:
  simclr_kitti_deeplabv3_top1_accuracy: 0.9992639186295503
  simclr_kitti_deeplabv3_top5_accuracy: 1.0

2024-06-24 15:43:57,808 - INFO - Epoch 13/50
2024-06-24 15:47:34,894 - INFO - Train Stats
Loss:
  total: 1.5532598104926196
Metrics:
  simclr_kitti_deeplabv3_top1_accuracy: 0.9991300856531049
  simclr_kitti_deeplabv3_top5_accuracy: 1.0

2024-06-24 15:47:34,895 - INFO - Epoch 14/50
2024-06-24 15:51:12,037 - INFO - Train Stats
Loss:
  total: 1.5479799833236465
Metrics:
  simclr_kitti_deeplabv3_top1_accuracy: 0.999330835117773
  simclr_kitti_deeplabv3_top5_accuracy: 1.0

2024-06-24 15:51:12,142 - INFO - Epoch 15/50
2024-06-24 15:54:48,691 - INFO - Train Stats
Loss:
  total: 1.549092907466521
Metrics:
  simclr_kitti_deeplabv3_top1_accuracy: 0.9989293361884368
  simclr_kitti_deeplabv3_top5_accuracy: 1.0

2024-06-24 15:54:48,803 - INFO - Epoch 16/50
2024-06-24 15:58:25,962 - INFO - Train Stats
Loss:
  total: 1.547843806493461
Metrics:
  simclr_kitti_deeplabv3_top1_accuracy: 0.999330835117773
  simclr_kitti_deeplabv3_top5_accuracy: 1.0

2024-06-24 15:58:26,146 - INFO - Epoch 17/50
2024-06-24 16:02:00,587 - INFO - Train Stats
Loss:
  total: 1.5465358855637543
Metrics:
  simclr_kitti_deeplabv3_top1_accuracy: 0.9995315845824411
  simclr_kitti_deeplabv3_top5_accuracy: 1.0

2024-06-24 16:02:00,772 - INFO - Epoch 18/50
2024-06-24 16:05:38,394 - INFO - Train Stats
Loss:
  total: 1.5476108202331837
Metrics:
  simclr_kitti_deeplabv3_top1_accuracy: 0.9997323340471093
  simclr_kitti_deeplabv3_top5_accuracy: 1.0

2024-06-24 16:05:38,394 - INFO - Epoch 19/50
2024-06-24 16:09:17,898 - INFO - Train Stats
Loss:
  total: 1.5459109552412014
Metrics:
  simclr_kitti_deeplabv3_top1_accuracy: 0.9989962526766595
  simclr_kitti_deeplabv3_top5_accuracy: 1.0

2024-06-24 16:09:18,045 - INFO - Epoch 20/50
2024-06-24 16:12:53,941 - INFO - Train Stats
Loss:
  total: 1.5460134328560349
Metrics:
  simclr_kitti_deeplabv3_top1_accuracy: 0.9996654175588865
  simclr_kitti_deeplabv3_top5_accuracy: 1.0

2024-06-24 16:12:54,048 - INFO - Epoch 21/50
2024-06-24 16:16:31,129 - INFO - Train Stats
Loss:
  total: 1.5436388754487294
Metrics:
  simclr_kitti_deeplabv3_top1_accuracy: 0.9996654175588865
  simclr_kitti_deeplabv3_top5_accuracy: 1.0

2024-06-24 16:16:31,320 - INFO - Epoch 22/50
2024-06-24 16:20:07,693 - INFO - Train Stats
Loss:
  total: 1.5430576969775704
Metrics:
  simclr_kitti_deeplabv3_top1_accuracy: 0.9991300856531049
  simclr_kitti_deeplabv3_top5_accuracy: 1.0

2024-06-24 16:20:07,875 - INFO - Epoch 23/50
2024-06-24 16:23:46,691 - INFO - Train Stats
Loss:
  total: 1.542613858073886
Metrics:
  simclr_kitti_deeplabv3_top1_accuracy: 0.9994646680942184
  simclr_kitti_deeplabv3_top5_accuracy: 1.0

2024-06-24 16:23:46,800 - INFO - Epoch 24/50
2024-06-24 16:27:22,688 - INFO - Train Stats
Loss:
  total: 1.5435974166531123
Metrics:
  simclr_kitti_deeplabv3_top1_accuracy: 0.9993977516059958
  simclr_kitti_deeplabv3_top5_accuracy: 1.0

2024-06-24 16:27:22,688 - INFO - Epoch 25/50
2024-06-24 16:31:00,670 - INFO - Train Stats
Loss:
  total: 1.5416551539933656
Metrics:
  simclr_kitti_deeplabv3_top1_accuracy: 0.9993977516059958
  simclr_kitti_deeplabv3_top5_accuracy: 1.0

2024-06-24 16:31:00,889 - INFO - Epoch 26/50
2024-06-24 16:34:37,982 - INFO - Train Stats
Loss:
  total: 1.5417882168318526
Metrics:
  simclr_kitti_deeplabv3_top1_accuracy: 0.9992639186295503
  simclr_kitti_deeplabv3_top5_accuracy: 1.0

2024-06-24 16:34:37,983 - INFO - Epoch 27/50
2024-06-24 16:38:11,867 - INFO - Train Stats
Loss:
  total: 1.5428461293336921
Metrics:
  simclr_kitti_deeplabv3_top1_accuracy: 0.9990631691648822
  simclr_kitti_deeplabv3_top5_accuracy: 1.0

2024-06-24 16:38:11,867 - INFO - Epoch 28/50
2024-06-24 16:41:47,666 - INFO - Train Stats
Loss:
  total: 1.539784197633731
Metrics:
  simclr_kitti_deeplabv3_top1_accuracy: 0.9995315845824411
  simclr_kitti_deeplabv3_top5_accuracy: 1.0

2024-06-24 16:41:47,777 - INFO - Epoch 29/50
2024-06-24 16:45:26,758 - INFO - Train Stats
Loss:
  total: 1.5407373476334763
Metrics:
  simclr_kitti_deeplabv3_top1_accuracy: 0.9996654175588865
  simclr_kitti_deeplabv3_top5_accuracy: 1.0

2024-06-24 16:45:26,758 - INFO - Epoch 30/50
2024-06-24 16:49:03,514 - INFO - Train Stats
Loss:
  total: 1.540332338794651
Metrics:
  simclr_kitti_deeplabv3_top1_accuracy: 0.9996654175588865
  simclr_kitti_deeplabv3_top5_accuracy: 1.0

2024-06-24 16:49:03,622 - INFO - Epoch 31/50
2024-06-24 16:52:40,929 - INFO - Train Stats
Loss:
  total: 1.5405816914437924
Metrics:
  simclr_kitti_deeplabv3_top1_accuracy: 0.9991300856531049
  simclr_kitti_deeplabv3_top5_accuracy: 1.0

2024-06-24 16:52:40,929 - INFO - Epoch 32/50
2024-06-24 16:56:17,541 - INFO - Train Stats
Loss:
  total: 1.5398948207912404
Metrics:
  simclr_kitti_deeplabv3_top1_accuracy: 0.9996654175588865
  simclr_kitti_deeplabv3_top5_accuracy: 1.0

2024-06-24 16:56:17,541 - INFO - Epoch 33/50
2024-06-24 16:59:54,887 - INFO - Train Stats
Loss:
  total: 1.5394361504140197
Metrics:
  simclr_kitti_deeplabv3_top1_accuracy: 0.9994646680942184
  simclr_kitti_deeplabv3_top5_accuracy: 1.0

2024-06-24 16:59:55,061 - INFO - Epoch 34/50
2024-06-24 17:03:30,501 - INFO - Train Stats
Loss:
  total: 1.5391024703387275
Metrics:
  simclr_kitti_deeplabv3_top1_accuracy: 0.9998661670235546
  simclr_kitti_deeplabv3_top5_accuracy: 1.0

2024-06-24 17:03:30,687 - INFO - Epoch 35/50
2024-06-24 17:07:05,766 - INFO - Train Stats
Loss:
  total: 1.5376852883516594
Metrics:
  simclr_kitti_deeplabv3_top1_accuracy: 0.9995985010706638
  simclr_kitti_deeplabv3_top5_accuracy: 1.0

2024-06-24 17:07:05,982 - INFO - Epoch 36/50
2024-06-24 17:10:44,103 - INFO - Train Stats
Loss:
  total: 1.539397014540319
Metrics:
  simclr_kitti_deeplabv3_top1_accuracy: 0.9993977516059958
  simclr_kitti_deeplabv3_top5_accuracy: 1.0

2024-06-24 17:10:44,103 - INFO - Epoch 37/50
2024-06-24 17:14:18,395 - INFO - Train Stats
Loss:
  total: 1.5375870867000148
Metrics:
  simclr_kitti_deeplabv3_top1_accuracy: 1.0
  simclr_kitti_deeplabv3_top5_accuracy: 1.0

2024-06-24 17:14:18,504 - INFO - Epoch 38/50
2024-06-24 17:17:57,264 - INFO - Train Stats
Loss:
  total: 1.5369602584736761
Metrics:
  simclr_kitti_deeplabv3_top1_accuracy: 0.9995985010706638
  simclr_kitti_deeplabv3_top5_accuracy: 1.0

2024-06-24 17:17:57,370 - INFO - Epoch 39/50
2024-06-24 17:21:33,586 - INFO - Train Stats
Loss:
  total: 1.5364145262593631
Metrics:
  simclr_kitti_deeplabv3_top1_accuracy: 0.9997992505353319
  simclr_kitti_deeplabv3_top5_accuracy: 1.0

2024-06-24 17:21:33,701 - INFO - Epoch 40/50
2024-06-24 17:25:10,900 - INFO - Train Stats
Loss:
  total: 1.5370922678287842
Metrics:
  simclr_kitti_deeplabv3_top1_accuracy: 0.9992639186295503
  simclr_kitti_deeplabv3_top5_accuracy: 1.0

2024-06-24 17:25:11,082 - INFO - Epoch 41/50
2024-06-24 17:28:47,706 - INFO - Train Stats
Loss:
  total: 1.5363958645173263
Metrics:
  simclr_kitti_deeplabv3_top1_accuracy: 0.9995985010706638
  simclr_kitti_deeplabv3_top5_accuracy: 1.0

2024-06-24 17:28:47,814 - INFO - Epoch 42/50
2024-06-24 17:32:25,821 - INFO - Train Stats
Loss:
  total: 1.5360573652724894
Metrics:
  simclr_kitti_deeplabv3_top1_accuracy: 0.9998661670235546
  simclr_kitti_deeplabv3_top5_accuracy: 1.0

2024-06-24 17:32:25,927 - INFO - Epoch 43/50
2024-06-24 17:35:59,646 - INFO - Train Stats
Loss:
  total: 1.5361791404973262
Metrics:
  simclr_kitti_deeplabv3_top1_accuracy: 0.9995985010706638
  simclr_kitti_deeplabv3_top5_accuracy: 1.0

2024-06-24 17:35:59,646 - INFO - Epoch 44/50
2024-06-24 17:39:34,007 - INFO - Train Stats
Loss:
  total: 1.5370880768692212
Metrics:
  simclr_kitti_deeplabv3_top1_accuracy: 0.9986616702355461
  simclr_kitti_deeplabv3_top5_accuracy: 1.0

2024-06-24 17:39:34,007 - INFO - Epoch 45/50
2024-06-24 17:43:08,801 - INFO - Train Stats
Loss:
  total: 1.5373216280334767
Metrics:
  simclr_kitti_deeplabv3_top1_accuracy: 0.9995985010706638
  simclr_kitti_deeplabv3_top5_accuracy: 1.0

2024-06-24 17:43:08,909 - INFO - Epoch 46/50
2024-06-24 17:46:42,244 - INFO - Train Stats
Loss:
  total: 1.537533509909979
Metrics:
  simclr_kitti_deeplabv3_top1_accuracy: 0.9995315845824411
  simclr_kitti_deeplabv3_top5_accuracy: 1.0

2024-06-24 17:46:42,245 - INFO - Epoch 47/50
2024-06-24 17:50:20,283 - INFO - Train Stats
Loss:
  total: 1.5349110691654606
Metrics:
  simclr_kitti_deeplabv3_top1_accuracy: 0.9997323340471093
  simclr_kitti_deeplabv3_top5_accuracy: 1.0

2024-06-24 17:50:20,398 - INFO - Epoch 48/50
2024-06-24 17:53:59,702 - INFO - Train Stats
Loss:
  total: 1.5359201934148718
Metrics:
  simclr_kitti_deeplabv3_top1_accuracy: 0.9994646680942184
  simclr_kitti_deeplabv3_top5_accuracy: 1.0

2024-06-24 17:53:59,702 - INFO - Epoch 49/50
2024-06-24 17:57:35,517 - INFO - Train Stats
Loss:
  total: 1.5347915714251663
Metrics:
  simclr_kitti_deeplabv3_top1_accuracy: 0.9996654175588865
  simclr_kitti_deeplabv3_top5_accuracy: 1.0

2024-06-24 17:57:35,697 - INFO - Epoch 50/50
2024-06-24 18:01:11,056 - INFO - Train Stats
Loss:
  total: 1.535512160182765
Metrics:
  simclr_kitti_deeplabv3_top1_accuracy: 0.9995985010706638
  simclr_kitti_deeplabv3_top5_accuracy: 1.0

2024-06-24 18:01:11,237 - INFO - Best train loss: 1.5347915714251663
2024-06-24 18:01:11,326 - INFO - Best model saved to /home/up201905337/exploring-label-efficiency/weights/simclr_kitti_deeplabv3_mobilenet_pretrained.pth
2024-06-24 18:01:11,327 - INFO - Training took 10828.808683633804 seconds to complete
