2024-06-24 21:42:29,713 - INFO - Loading configuration files...
2024-06-24 21:42:30,073 - INFO - Loading model configuration
args:
  backbone: mobilenet_v3_large
  num_classes: 20
  weights_backbone: DEFAULT
class: DeepLabV3

2024-06-24 21:42:30,298 - INFO - Loading train_dataset configuration
args:
  num_labeled: 309
  root: /data/auto/cityscapes
  train_val_split: 2475
class: SemiSupervisedCityscapesSeg

2024-06-24 21:42:30,461 - INFO - Loading val_dataset configuration
args:
  mode: fine
  root: /data/auto/cityscapes
  train_val_split: 2475
class: CityscapesSeg

2024-06-24 21:42:30,475 - INFO - Loading optimizer configuration
args:
  lr: 0.007
  momentum: 0.9
  weight_decay: 0.0005
class: SGD

2024-06-24 21:42:30,479 - INFO - Loading loss configuration
args:
  ignore_index: 0
class: CrossEntropyLoss

2024-06-24 21:42:30,503 - INFO - Loading metrics configuration
cityscapes_dice:
  args:
    average: micro
    ignore_index: 0
    num_classes: 20
  class: Dice
cityscapes_jaccard_macro:
  args:
    average: macro
    ignore_index: 0
    num_classes: 20
    task: multiclass
    validate_args: false
  class: JaccardIndex
cityscapes_jaccard_micro:
  args:
    average: micro
    ignore_index: 0
    num_classes: 20
    task: multiclass
    validate_args: false
  class: JaccardIndex

2024-06-24 21:42:30,512 - INFO - Loading scheduler configuration
args:
  power: 0.9
  total_iters: 120
class: PolynomialLR

2024-06-24 21:42:30,512 - INFO - Loading hyperparameters configuration
batch_size: 16
ema_decay: null
epochs: 120
num_workers: 4
save_freq: 10

2024-06-24 21:42:30,946 - INFO - Using device: cuda
2024-06-24 21:42:31,231 - INFO - Training for 120 epochs
2024-06-24 21:42:31,231 - INFO - Epoch 1/120
2024-06-24 21:42:45,970 - INFO - Train Stats
Loss:
  total: 1.8135811924934386
Metrics:
  cityscapes_dice: 0.5011681510135532
  cityscapes_jaccard_macro: 0.06960906977765262
  cityscapes_jaccard_micro: 0.3829450076445937

2024-06-24 21:43:10,596 - INFO - Validation Stats
Loss:
  total: 1.25285679474473
Metrics:
  cityscapes_dice: 0.675932765007019
  cityscapes_jaccard_macro: 0.12115845363587141
  cityscapes_jaccard_micro: 0.55112942494452

2024-06-24 21:43:12,283 - INFO - Epoch 2/120
2024-06-24 21:43:26,494 - INFO - Train Stats
Loss:
  total: 0.8750534594058991
Metrics:
  cityscapes_dice: 0.735953027009964
  cityscapes_jaccard_macro: 0.15880623646080494
  cityscapes_jaccard_micro: 0.6318648129701614

2024-06-24 21:43:50,067 - INFO - Validation Stats
Loss:
  total: 0.8707444183528423
Metrics:
  cityscapes_dice: 0.7215919010341167
  cityscapes_jaccard_macro: 0.16375295585021377
  cityscapes_jaccard_micro: 0.612664520740509

2024-06-24 21:43:51,821 - INFO - Epoch 3/120
2024-06-24 21:44:07,590 - INFO - Train Stats
Loss:
  total: 0.7013535022735595
Metrics:
  cityscapes_dice: 0.774087518453598
  cityscapes_jaccard_macro: 0.20097131729125978
  cityscapes_jaccard_micro: 0.6843205690383911

2024-06-24 21:44:31,614 - INFO - Validation Stats
Loss:
  total: 0.6813379880040884
Metrics:
  cityscapes_dice: 0.7696821950376034
  cityscapes_jaccard_macro: 0.2010674816556275
  cityscapes_jaccard_micro: 0.6793311163783073

2024-06-24 21:44:33,342 - INFO - Epoch 4/120
2024-06-24 21:44:47,997 - INFO - Train Stats
Loss:
  total: 0.5911550357937813
Metrics:
  cityscapes_dice: 0.796093487739563
  cityscapes_jaccard_macro: 0.2237529546022415
  cityscapes_jaccard_micro: 0.7206905335187912

2024-06-24 21:45:11,460 - INFO - Validation Stats
Loss:
  total: 0.633725062943995
Metrics:
  cityscapes_dice: 0.7776547949761152
  cityscapes_jaccard_macro: 0.21359534235671163
  cityscapes_jaccard_micro: 0.6914172433316708

2024-06-24 21:45:13,263 - INFO - Epoch 5/120
2024-06-24 21:45:28,163 - INFO - Train Stats
Loss:
  total: 0.5759523093700409
Metrics:
  cityscapes_dice: 0.7962374001741409
  cityscapes_jaccard_macro: 0.22812368348240852
  cityscapes_jaccard_micro: 0.7188882440328598

2024-06-24 21:45:51,290 - INFO - Validation Stats
Loss:
  total: 0.5779028236865997
Metrics:
  cityscapes_dice: 0.7918041348457336
  cityscapes_jaccard_macro: 0.22675456618890166
  cityscapes_jaccard_micro: 0.7139049023389816

2024-06-24 21:45:53,118 - INFO - Epoch 6/120
2024-06-24 21:46:08,007 - INFO - Train Stats
Loss:
  total: 0.5362983286380768
Metrics:
  cityscapes_dice: 0.8053902864456177
  cityscapes_jaccard_macro: 0.23777162954211234
  cityscapes_jaccard_micro: 0.7326372414827347

2024-06-24 21:46:31,470 - INFO - Validation Stats
Loss:
  total: 0.5523655815050006
Metrics:
  cityscapes_dice: 0.7988000884652138
  cityscapes_jaccard_macro: 0.2403089627623558
  cityscapes_jaccard_micro: 0.7262315638363361

2024-06-24 21:46:33,123 - INFO - Epoch 7/120
2024-06-24 21:46:49,654 - INFO - Train Stats
Loss:
  total: 0.5119557961821556
Metrics:
  cityscapes_dice: 0.8103222906589508
  cityscapes_jaccard_macro: 0.24793424904346467
  cityscapes_jaccard_micro: 0.7407841295003891

2024-06-24 21:47:12,945 - INFO - Validation Stats
Loss:
  total: 0.506638690829277
Metrics:
  cityscapes_dice: 0.810271292924881
  cityscapes_jaccard_macro: 0.26306925946846604
  cityscapes_jaccard_micro: 0.7424606960266829

2024-06-24 21:47:14,631 - INFO - Epoch 8/120
2024-06-24 21:47:30,367 - INFO - Train Stats
Loss:
  total: 0.48587463051080704
Metrics:
  cityscapes_dice: 0.8184402525424957
  cityscapes_jaccard_macro: 0.262579508125782
  cityscapes_jaccard_micro: 0.752469825744629

2024-06-24 21:47:53,588 - INFO - Validation Stats
Loss:
  total: 0.4844687720760703
Metrics:
  cityscapes_dice: 0.8182295802980661
  cityscapes_jaccard_macro: 0.27395016606897116
  cityscapes_jaccard_micro: 0.7555851303040981

2024-06-24 21:47:55,481 - INFO - Epoch 9/120
2024-06-24 21:48:11,671 - INFO - Train Stats
Loss:
  total: 0.4800494447350502
Metrics:
  cityscapes_dice: 0.8188108682632447
  cityscapes_jaccard_macro: 0.269841393083334
  cityscapes_jaccard_micro: 0.7523692458868027

2024-06-24 21:48:34,571 - INFO - Validation Stats
Loss:
  total: 0.47000658605247736
Metrics:
  cityscapes_dice: 0.8201917763799429
  cityscapes_jaccard_macro: 0.2785271368920803
  cityscapes_jaccard_micro: 0.7576496973633766

2024-06-24 21:48:36,313 - INFO - Epoch 10/120
2024-06-24 21:48:51,442 - INFO - Train Stats
Loss:
  total: 0.47004485726356504
Metrics:
  cityscapes_dice: 0.8206140398979187
  cityscapes_jaccard_macro: 0.2791540063917637
  cityscapes_jaccard_micro: 0.7582448124885559

2024-06-24 21:49:14,631 - INFO - Validation Stats
Loss:
  total: 0.46932628378272057
Metrics:
  cityscapes_dice: 0.8185163997113705
  cityscapes_jaccard_macro: 0.28029855573549867
  cityscapes_jaccard_micro: 0.7567533515393734

2024-06-24 21:49:17,924 - INFO - Epoch 11/120
2024-06-24 21:49:33,921 - INFO - Train Stats
Loss:
  total: 0.4584070980548859
Metrics:
  cityscapes_dice: 0.8222474902868271
  cityscapes_jaccard_macro: 0.27761267125606537
  cityscapes_jaccard_micro: 0.7628488898277282

2024-06-24 21:49:56,330 - INFO - Validation Stats
Loss:
  total: 0.46534048579633236
Metrics:
  cityscapes_dice: 0.8217629045248032
  cityscapes_jaccard_macro: 0.2777829156257212
  cityscapes_jaccard_micro: 0.7602586690336466

2024-06-24 21:49:57,961 - INFO - Epoch 12/120
2024-06-24 21:50:12,800 - INFO - Train Stats
Loss:
  total: 0.43634356260299684
Metrics:
  cityscapes_dice: 0.8277572900056839
  cityscapes_jaccard_macro: 0.3010348230600357
  cityscapes_jaccard_micro: 0.7703833043575287

2024-06-24 21:50:36,658 - INFO - Validation Stats
Loss:
  total: 0.4418693147599697
Metrics:
  cityscapes_dice: 0.8279469683766365
  cityscapes_jaccard_macro: 0.283186262473464
  cityscapes_jaccard_micro: 0.7692196406424046

2024-06-24 21:50:38,471 - INFO - Epoch 13/120
2024-06-24 21:50:53,972 - INFO - Train Stats
Loss:
  total: 0.42716482281684875
Metrics:
  cityscapes_dice: 0.8281506806612015
  cityscapes_jaccard_macro: 0.30378189086914065
  cityscapes_jaccard_micro: 0.7724501937627792

2024-06-24 21:51:16,132 - INFO - Validation Stats
Loss:
  total: 0.4488359522074461
Metrics:
  cityscapes_dice: 0.8239228799939156
  cityscapes_jaccard_macro: 0.28685605619102716
  cityscapes_jaccard_micro: 0.763781076297164

2024-06-24 21:51:16,133 - INFO - Epoch 14/120
2024-06-24 21:51:31,534 - INFO - Train Stats
Loss:
  total: 0.41135120391845703
Metrics:
  cityscapes_dice: 0.8341499954462052
  cityscapes_jaccard_macro: 0.30355911180377004
  cityscapes_jaccard_micro: 0.7806217759847641

2024-06-24 21:51:54,365 - INFO - Validation Stats
Loss:
  total: 0.4357807720080018
Metrics:
  cityscapes_dice: 0.8275803811848164
  cityscapes_jaccard_macro: 0.29237506724894047
  cityscapes_jaccard_micro: 0.7703640349209309

2024-06-24 21:51:56,127 - INFO - Epoch 15/120
2024-06-24 21:52:11,037 - INFO - Train Stats
Loss:
  total: 0.4092084005475044
Metrics:
  cityscapes_dice: 0.8326361089944839
  cityscapes_jaccard_macro: 0.3201113909482956
  cityscapes_jaccard_micro: 0.7800569772720337

2024-06-24 21:52:50,151 - INFO - Validation Stats
Loss:
  total: 0.4206631164997816
Metrics:
  cityscapes_dice: 0.8312132246792316
  cityscapes_jaccard_macro: 0.2955812565051019
  cityscapes_jaccard_micro: 0.7765840664505959

2024-06-24 21:52:51,719 - INFO - Epoch 16/120
2024-06-24 21:53:06,903 - INFO - Train Stats
Loss:
  total: 0.3872570350766182
Metrics:
  cityscapes_dice: 0.8406367719173431
  cityscapes_jaccard_macro: 0.33062807768583297
  cityscapes_jaccard_micro: 0.7934947490692139

2024-06-24 21:53:30,088 - INFO - Validation Stats
Loss:
  total: 0.41874836571514606
Metrics:
  cityscapes_dice: 0.8314187992364168
  cityscapes_jaccard_macro: 0.31084249075502157
  cityscapes_jaccard_micro: 0.7769988086074591

2024-06-24 21:53:31,820 - INFO - Epoch 17/120
2024-06-24 21:53:47,529 - INFO - Train Stats
Loss:
  total: 0.3807468757033348
Metrics:
  cityscapes_dice: 0.843265825510025
  cityscapes_jaccard_macro: 0.3429276570677757
  cityscapes_jaccard_micro: 0.7937776118516922

2024-06-24 21:54:14,248 - INFO - Validation Stats
Loss:
  total: 0.42537914030253887
Metrics:
  cityscapes_dice: 0.8306671660393476
  cityscapes_jaccard_macro: 0.30537452083081007
  cityscapes_jaccard_micro: 0.7736475262790918

2024-06-24 21:54:14,248 - INFO - Epoch 18/120
2024-06-24 21:54:29,562 - INFO - Train Stats
Loss:
  total: 0.3795205280184746
Metrics:
  cityscapes_dice: 0.8432626217603684
  cityscapes_jaccard_macro: 0.3507639363408089
  cityscapes_jaccard_micro: 0.7928728729486465

2024-06-24 21:54:53,497 - INFO - Validation Stats
Loss:
  total: 0.4099491694942117
Metrics:
  cityscapes_dice: 0.8335445318371058
  cityscapes_jaccard_macro: 0.31516570691019297
  cityscapes_jaccard_micro: 0.7808313500136137

2024-06-24 21:54:55,104 - INFO - Epoch 19/120
2024-06-24 21:55:11,054 - INFO - Train Stats
Loss:
  total: 0.35430550277233125
Metrics:
  cityscapes_dice: 0.850162535905838
  cityscapes_jaccard_macro: 0.3578244850039482
  cityscapes_jaccard_micro: 0.8056065827608109

2024-06-24 21:55:35,336 - INFO - Validation Stats
Loss:
  total: 0.39980262611061335
Metrics:
  cityscapes_dice: 0.8366392459720373
  cityscapes_jaccard_macro: 0.3288292232900858
  cityscapes_jaccard_micro: 0.7850078511983156

2024-06-24 21:55:36,804 - INFO - Epoch 20/120
2024-06-24 21:55:51,743 - INFO - Train Stats
Loss:
  total: 0.3542000874876976
Metrics:
  cityscapes_dice: 0.8493121653795243
  cityscapes_jaccard_macro: 0.34884656220674515
  cityscapes_jaccard_micro: 0.8049841314554215

2024-06-24 21:56:15,265 - INFO - Validation Stats
Loss:
  total: 0.39261077530682087
Metrics:
  cityscapes_dice: 0.8384706471115351
  cityscapes_jaccard_macro: 0.33050911873579025
  cityscapes_jaccard_micro: 0.7876614350825548

2024-06-24 21:56:18,427 - INFO - Epoch 21/120
2024-06-24 21:56:32,911 - INFO - Train Stats
Loss:
  total: 0.3607996433973312
Metrics:
  cityscapes_dice: 0.8474711090326309
  cityscapes_jaccard_macro: 0.3569297730922699
  cityscapes_jaccard_micro: 0.8012397110462188

2024-06-24 21:56:57,037 - INFO - Validation Stats
Loss:
  total: 0.39318034425377846
Metrics:
  cityscapes_dice: 0.8359217680990696
  cityscapes_jaccard_macro: 0.3254019422456622
  cityscapes_jaccard_micro: 0.7855103071779013

2024-06-24 21:56:57,037 - INFO - Epoch 22/120
2024-06-24 21:57:11,373 - INFO - Train Stats
Loss:
  total: 0.34302913397550583
Metrics:
  cityscapes_dice: 0.8508841037750244
  cityscapes_jaccard_macro: 0.37104253470897675
  cityscapes_jaccard_micro: 0.8089032411575318

2024-06-24 21:57:35,114 - INFO - Validation Stats
Loss:
  total: 0.3807884184643626
Metrics:
  cityscapes_dice: 0.8409574348479509
  cityscapes_jaccard_macro: 0.3326452951878309
  cityscapes_jaccard_micro: 0.7911963295191526

2024-06-24 21:57:36,685 - INFO - Epoch 23/120
2024-06-24 21:57:51,462 - INFO - Train Stats
Loss:
  total: 0.36274268925189973
Metrics:
  cityscapes_dice: 0.8443366378545761
  cityscapes_jaccard_macro: 0.3606216698884964
  cityscapes_jaccard_micro: 0.7978505432605744

2024-06-24 21:58:15,838 - INFO - Validation Stats
Loss:
  total: 0.38456604816019535
Metrics:
  cityscapes_dice: 0.8392620962113142
  cityscapes_jaccard_macro: 0.33543865010142326
  cityscapes_jaccard_micro: 0.7889585420489311

2024-06-24 21:58:15,838 - INFO - Epoch 24/120
2024-06-24 21:58:30,807 - INFO - Train Stats
Loss:
  total: 0.3502394035458565
Metrics:
  cityscapes_dice: 0.8481163144111633
  cityscapes_jaccard_macro: 0.3757229894399643
  cityscapes_jaccard_micro: 0.8034041047096252

2024-06-24 21:58:53,796 - INFO - Validation Stats
Loss:
  total: 0.3810788709670305
Metrics:
  cityscapes_dice: 0.8391850683838129
  cityscapes_jaccard_macro: 0.34083935525268316
  cityscapes_jaccard_micro: 0.7907363437116146

2024-06-24 21:58:53,796 - INFO - Epoch 25/120
2024-06-24 21:59:08,993 - INFO - Train Stats
Loss:
  total: 0.33521424382925036
Metrics:
  cityscapes_dice: 0.851748114824295
  cityscapes_jaccard_macro: 0.3816899284720421
  cityscapes_jaccard_micro: 0.8131354302167892

2024-06-24 21:59:33,191 - INFO - Validation Stats
Loss:
  total: 0.3897167360410094
Metrics:
  cityscapes_dice: 0.8366234712302685
  cityscapes_jaccard_macro: 0.33792922273278236
  cityscapes_jaccard_micro: 0.7846096158027649

2024-06-24 21:59:33,191 - INFO - Epoch 26/120
2024-06-24 21:59:48,756 - INFO - Train Stats
Loss:
  total: 0.33195678889751434
Metrics:
  cityscapes_dice: 0.8546943575143814
  cityscapes_jaccard_macro: 0.37617588937282564
  cityscapes_jaccard_micro: 0.8140566051006317

2024-06-24 22:00:12,503 - INFO - Validation Stats
Loss:
  total: 0.37107984628528357
Metrics:
  cityscapes_dice: 0.842808386310935
  cityscapes_jaccard_macro: 0.3388579487800598
  cityscapes_jaccard_micro: 0.7940492499619722

2024-06-24 22:00:14,041 - INFO - Epoch 27/120
2024-06-24 22:00:28,973 - INFO - Train Stats
Loss:
  total: 0.3361777067184448
Metrics:
  cityscapes_dice: 0.8531746447086335
  cityscapes_jaccard_macro: 0.38304647654294965
  cityscapes_jaccard_micro: 0.8095264732837677

2024-06-24 22:00:52,399 - INFO - Validation Stats
Loss:
  total: 0.3659717869013548
Metrics:
  cityscapes_dice: 0.8444918394088745
  cityscapes_jaccard_macro: 0.3438478112220764
  cityscapes_jaccard_micro: 0.7968355063349009

2024-06-24 22:00:54,053 - INFO - Epoch 28/120
2024-06-24 22:01:09,522 - INFO - Train Stats
Loss:
  total: 0.32776301056146623
Metrics:
  cityscapes_dice: 0.8546090394258499
  cityscapes_jaccard_macro: 0.3877766266465187
  cityscapes_jaccard_micro: 0.8145010381937027

2024-06-24 22:01:32,638 - INFO - Validation Stats
Loss:
  total: 0.3708898173645139
Metrics:
  cityscapes_dice: 0.8408115189522505
  cityscapes_jaccard_macro: 0.35001619439572096
  cityscapes_jaccard_micro: 0.7934147827327251

2024-06-24 22:01:32,638 - INFO - Epoch 29/120
2024-06-24 22:01:47,940 - INFO - Train Stats
Loss:
  total: 0.31052853912115097
Metrics:
  cityscapes_dice: 0.8594245374202728
  cityscapes_jaccard_macro: 0.39488340467214583
  cityscapes_jaccard_micro: 0.822265675663948

2024-06-24 22:02:11,055 - INFO - Validation Stats
Loss:
  total: 0.3676137598231435
Metrics:
  cityscapes_dice: 0.8428591806441545
  cityscapes_jaccard_macro: 0.3500978257507086
  cityscapes_jaccard_micro: 0.7957641556859016

2024-06-24 22:02:11,055 - INFO - Epoch 30/120
2024-06-24 22:02:26,319 - INFO - Train Stats
Loss:
  total: 0.31289571821689605
Metrics:
  cityscapes_dice: 0.857557088136673
  cityscapes_jaccard_macro: 0.3969383850693703
  cityscapes_jaccard_micro: 0.8213864982128143

2024-06-24 22:02:48,919 - INFO - Validation Stats
Loss:
  total: 0.3587531019002199
Metrics:
  cityscapes_dice: 0.8450811635702848
  cityscapes_jaccard_macro: 0.3559158844873309
  cityscapes_jaccard_micro: 0.7984159290790558

2024-06-24 22:02:52,016 - INFO - Epoch 31/120
2024-06-24 22:03:07,633 - INFO - Train Stats
Loss:
  total: 0.30760946646332743
Metrics:
  cityscapes_dice: 0.8610307931900024
  cityscapes_jaccard_macro: 0.3897485867142677
  cityscapes_jaccard_micro: 0.8239567041397095

2024-06-24 22:03:30,918 - INFO - Validation Stats
Loss:
  total: 0.3584965020418167
Metrics:
  cityscapes_dice: 0.8453802932053804
  cityscapes_jaccard_macro: 0.34908847510814667
  cityscapes_jaccard_micro: 0.7992645371705294

2024-06-24 22:03:32,502 - INFO - Epoch 32/120
2024-06-24 22:03:47,941 - INFO - Train Stats
Loss:
  total: 0.30622712820768355
Metrics:
  cityscapes_dice: 0.8598427921533585
  cityscapes_jaccard_macro: 0.4091951921582222
  cityscapes_jaccard_micro: 0.8244762659072876

2024-06-24 22:04:11,397 - INFO - Validation Stats
Loss:
  total: 0.36104990169405937
Metrics:
  cityscapes_dice: 0.8436520844697952
  cityscapes_jaccard_macro: 0.35126281809061766
  cityscapes_jaccard_micro: 0.7971750944852829

2024-06-24 22:04:11,397 - INFO - Epoch 33/120
2024-06-24 22:04:26,457 - INFO - Train Stats
Loss:
  total: 0.3133626878261566
Metrics:
  cityscapes_dice: 0.8587389975786209
  cityscapes_jaccard_macro: 0.38859338909387586
  cityscapes_jaccard_micro: 0.8192222833633422

2024-06-24 22:04:49,909 - INFO - Validation Stats
Loss:
  total: 0.3513824809342623
Metrics:
  cityscapes_dice: 0.8443538974970579
  cityscapes_jaccard_macro: 0.35341831762343645
  cityscapes_jaccard_micro: 0.8008315190672874

2024-06-24 22:04:51,534 - INFO - Epoch 34/120
2024-06-24 22:05:06,769 - INFO - Train Stats
Loss:
  total: 0.31564960926771163
Metrics:
  cityscapes_dice: 0.8547359973192215
  cityscapes_jaccard_macro: 0.40514936447143557
  cityscapes_jaccard_micro: 0.8178230911493302

2024-06-24 22:05:29,647 - INFO - Validation Stats
Loss:
  total: 0.35345470160245895
Metrics:
  cityscapes_dice: 0.8458257392048836
  cityscapes_jaccard_macro: 0.35751402750611305
  cityscapes_jaccard_micro: 0.8011667169630527

2024-06-24 22:05:29,648 - INFO - Epoch 35/120
2024-06-24 22:05:44,478 - INFO - Train Stats
Loss:
  total: 0.3041667565703392
Metrics:
  cityscapes_dice: 0.8577920377254487
  cityscapes_jaccard_macro: 0.4132617563009262
  cityscapes_jaccard_micro: 0.8242916762828827

2024-06-24 22:06:07,825 - INFO - Validation Stats
Loss:
  total: 0.36152351554483175
Metrics:
  cityscapes_dice: 0.8426355551928282
  cityscapes_jaccard_macro: 0.36206328589469194
  cityscapes_jaccard_micro: 0.79668921045959

2024-06-24 22:06:07,825 - INFO - Epoch 36/120
2024-06-24 22:06:23,416 - INFO - Train Stats
Loss:
  total: 0.3077456906437874
Metrics:
  cityscapes_dice: 0.8589252471923828
  cityscapes_jaccard_macro: 0.41177950203418734
  cityscapes_jaccard_micro: 0.8228717625141144

2024-06-24 22:06:46,958 - INFO - Validation Stats
Loss:
  total: 0.3520671371370554
Metrics:
  cityscapes_dice: 0.8469150029122829
  cityscapes_jaccard_macro: 0.3643652703613043
  cityscapes_jaccard_micro: 0.801954397931695

2024-06-24 22:06:46,958 - INFO - Epoch 37/120
2024-06-24 22:07:01,713 - INFO - Train Stats
Loss:
  total: 0.2959102623164654
Metrics:
  cityscapes_dice: 0.8610606491565704
  cityscapes_jaccard_macro: 0.41062357276678085
  cityscapes_jaccard_micro: 0.829174816608429

2024-06-24 22:07:24,326 - INFO - Validation Stats
Loss:
  total: 0.34794741310179234
Metrics:
  cityscapes_dice: 0.8490185663104057
  cityscapes_jaccard_macro: 0.361824294552207
  cityscapes_jaccard_micro: 0.8036823738366365

2024-06-24 22:07:26,039 - INFO - Epoch 38/120
2024-06-24 22:07:41,005 - INFO - Train Stats
Loss:
  total: 0.2890957847237587
Metrics:
  cityscapes_dice: 0.8642686367034912
  cityscapes_jaccard_macro: 0.4134680226445198
  cityscapes_jaccard_micro: 0.8307867974042893

2024-06-24 22:08:04,528 - INFO - Validation Stats
Loss:
  total: 0.3506589140743017
Metrics:
  cityscapes_dice: 0.8486891686916351
  cityscapes_jaccard_macro: 0.36309344694018364
  cityscapes_jaccard_micro: 0.8037267420440912

2024-06-24 22:08:04,528 - INFO - Epoch 39/120
2024-06-24 22:08:20,017 - INFO - Train Stats
Loss:
  total: 0.2894537359476089
Metrics:
  cityscapes_dice: 0.8626615285873414
  cityscapes_jaccard_macro: 0.4153831124305725
  cityscapes_jaccard_micro: 0.8305368185043335

2024-06-24 22:08:44,324 - INFO - Validation Stats
Loss:
  total: 0.3466878803446889
Metrics:
  cityscapes_dice: 0.8461311832070351
  cityscapes_jaccard_macro: 0.3630323735997081
  cityscapes_jaccard_micro: 0.8017976637929678

2024-06-24 22:08:45,909 - INFO - Epoch 40/120
2024-06-24 22:09:01,322 - INFO - Train Stats
Loss:
  total: 0.29209607318043707
Metrics:
  cityscapes_dice: 0.8606834143400193
  cityscapes_jaccard_macro: 0.41408354192972185
  cityscapes_jaccard_micro: 0.828298956155777

2024-06-24 22:09:25,192 - INFO - Validation Stats
Loss:
  total: 0.3524542320519686
Metrics:
  cityscapes_dice: 0.8461850006133318
  cityscapes_jaccard_macro: 0.3627005387097597
  cityscapes_jaccard_micro: 0.8016800470650196

2024-06-24 22:09:26,724 - INFO - Epoch 41/120
2024-06-24 22:09:42,039 - INFO - Train Stats
Loss:
  total: 0.28464318364858626
Metrics:
  cityscapes_dice: 0.8642571151256562
  cityscapes_jaccard_macro: 0.4209394738078117
  cityscapes_jaccard_micro: 0.8315722912549972

2024-06-24 22:10:05,989 - INFO - Validation Stats
Loss:
  total: 0.3434732430614531
Metrics:
  cityscapes_dice: 0.8473083693534136
  cityscapes_jaccard_macro: 0.3569369791075587
  cityscapes_jaccard_micro: 0.8039691746234894

2024-06-24 22:10:07,715 - INFO - Epoch 42/120
2024-06-24 22:10:22,787 - INFO - Train Stats
Loss:
  total: 0.28072306215763093
Metrics:
  cityscapes_dice: 0.8664912670850754
  cityscapes_jaccard_macro: 0.4257820755243301
  cityscapes_jaccard_micro: 0.8338622689247132

2024-06-24 22:10:46,443 - INFO - Validation Stats
Loss:
  total: 0.34459125716239214
Metrics:
  cityscapes_dice: 0.8468260541558266
  cityscapes_jaccard_macro: 0.365667924284935
  cityscapes_jaccard_micro: 0.8033226318657398

2024-06-24 22:10:46,443 - INFO - Epoch 43/120
2024-06-24 22:11:02,770 - INFO - Train Stats
Loss:
  total: 0.27601117864251135
Metrics:
  cityscapes_dice: 0.8668978422880173
  cityscapes_jaccard_macro: 0.43001824915409087
  cityscapes_jaccard_micro: 0.8374525308609009

2024-06-24 22:11:26,422 - INFO - Validation Stats
Loss:
  total: 0.3383566280826926
Metrics:
  cityscapes_dice: 0.8490573801100254
  cityscapes_jaccard_macro: 0.366819660179317
  cityscapes_jaccard_micro: 0.8064122721552849

2024-06-24 22:11:28,033 - INFO - Epoch 44/120
2024-06-24 22:11:43,712 - INFO - Train Stats
Loss:
  total: 0.2783647380769253
Metrics:
  cityscapes_dice: 0.8664408922195435
  cityscapes_jaccard_macro: 0.43064409792423247
  cityscapes_jaccard_micro: 0.8366117179393768

2024-06-24 22:12:07,206 - INFO - Validation Stats
Loss:
  total: 0.33316655922681093
Metrics:
  cityscapes_dice: 0.8512373678386211
  cityscapes_jaccard_macro: 0.37614372465759516
  cityscapes_jaccard_micro: 0.8092345669865608

2024-06-24 22:12:08,662 - INFO - Epoch 45/120
2024-06-24 22:12:23,773 - INFO - Train Stats
Loss:
  total: 0.28321856558322905
Metrics:
  cityscapes_dice: 0.8645270615816116
  cityscapes_jaccard_macro: 0.42014072388410567
  cityscapes_jaccard_micro: 0.8338873088359833

2024-06-24 22:12:46,571 - INFO - Validation Stats
Loss:
  total: 0.33862848253920674
Metrics:
  cityscapes_dice: 0.84805978089571
  cityscapes_jaccard_macro: 0.3666108353063464
  cityscapes_jaccard_micro: 0.8070449307560921

2024-06-24 22:12:46,571 - INFO - Epoch 46/120
2024-06-24 22:13:01,175 - INFO - Train Stats
Loss:
  total: 0.2825673520565033
Metrics:
  cityscapes_dice: 0.8645105212926865
  cityscapes_jaccard_macro: 0.4225245758891106
  cityscapes_jaccard_micro: 0.8328443259000778

2024-06-24 22:13:24,436 - INFO - Validation Stats
Loss:
  total: 0.3405969087034464
Metrics:
  cityscapes_dice: 0.847816314548254
  cityscapes_jaccard_macro: 0.3674079431220889
  cityscapes_jaccard_micro: 0.804478844627738

2024-06-24 22:13:24,436 - INFO - Epoch 47/120
2024-06-24 22:13:39,180 - INFO - Train Stats
Loss:
  total: 0.27707335650920867
Metrics:
  cityscapes_dice: 0.8676054358482361
  cityscapes_jaccard_macro: 0.4270914986729622
  cityscapes_jaccard_micro: 0.8358440130949021

2024-06-24 22:14:02,241 - INFO - Validation Stats
Loss:
  total: 0.33005108777433634
Metrics:
  cityscapes_dice: 0.8514640759676695
  cityscapes_jaccard_macro: 0.37088922411203384
  cityscapes_jaccard_micro: 0.810050131753087

2024-06-24 22:14:03,960 - INFO - Epoch 48/120
2024-06-24 22:14:19,217 - INFO - Train Stats
Loss:
  total: 0.27306396067142485
Metrics:
  cityscapes_dice: 0.8689120411872864
  cityscapes_jaccard_macro: 0.44007783234119413
  cityscapes_jaccard_micro: 0.8385811984539032

2024-06-24 22:14:43,068 - INFO - Validation Stats
Loss:
  total: 0.33829647907987237
Metrics:
  cityscapes_dice: 0.8501066789031029
  cityscapes_jaccard_macro: 0.3666250389069319
  cityscapes_jaccard_micro: 0.8073797579854727

2024-06-24 22:14:43,068 - INFO - Epoch 49/120
2024-06-24 22:14:58,420 - INFO - Train Stats
Loss:
  total: 0.27265339270234107
Metrics:
  cityscapes_dice: 0.8675022691488266
  cityscapes_jaccard_macro: 0.44150086492300034
  cityscapes_jaccard_micro: 0.8377492487430572

2024-06-24 22:15:21,879 - INFO - Validation Stats
Loss:
  total: 0.3229169538244605
Metrics:
  cityscapes_dice: 0.854198481887579
  cityscapes_jaccard_macro: 0.3792460849508643
  cityscapes_jaccard_micro: 0.8135255537927151

2024-06-24 22:15:23,465 - INFO - Epoch 50/120
2024-06-24 22:15:39,001 - INFO - Train Stats
Loss:
  total: 0.27299559116363525
Metrics:
  cityscapes_dice: 0.8671872973442077
  cityscapes_jaccard_macro: 0.4466033399105072
  cityscapes_jaccard_micro: 0.8383083790540695

2024-06-24 22:16:01,751 - INFO - Validation Stats
Loss:
  total: 0.34105474781244993
Metrics:
  cityscapes_dice: 0.8473173435777426
  cityscapes_jaccard_macro: 0.3728010496124625
  cityscapes_jaccard_micro: 0.8040876146405935

2024-06-24 22:16:03,317 - INFO - Epoch 51/120
2024-06-24 22:16:18,405 - INFO - Train Stats
Loss:
  total: 0.28093536272645
Metrics:
  cityscapes_dice: 0.8657905340194703
  cityscapes_jaccard_macro: 0.4467759132385254
  cityscapes_jaccard_micro: 0.8344042927026749

2024-06-24 22:16:41,062 - INFO - Validation Stats
Loss:
  total: 0.3359591416083276
Metrics:
  cityscapes_dice: 0.8495510406792164
  cityscapes_jaccard_macro: 0.37679395265877247
  cityscapes_jaccard_micro: 0.8077287543565035

2024-06-24 22:16:41,063 - INFO - Epoch 52/120
2024-06-24 22:16:56,459 - INFO - Train Stats
Loss:
  total: 0.2698448747396469
Metrics:
  cityscapes_dice: 0.8679469496011734
  cityscapes_jaccard_macro: 0.4528583958745003
  cityscapes_jaccard_micro: 0.8393608570098877

2024-06-24 22:17:20,241 - INFO - Validation Stats
Loss:
  total: 0.33582806028425694
Metrics:
  cityscapes_dice: 0.8484587706625462
  cityscapes_jaccard_macro: 0.37813060265034437
  cityscapes_jaccard_micro: 0.8067969605326653

2024-06-24 22:17:20,241 - INFO - Epoch 53/120
2024-06-24 22:17:34,900 - INFO - Train Stats
Loss:
  total: 0.26851931437849996
Metrics:
  cityscapes_dice: 0.8675197273492813
  cityscapes_jaccard_macro: 0.44283064007759093
  cityscapes_jaccard_micro: 0.8402901232242584

2024-06-24 22:17:57,586 - INFO - Validation Stats
Loss:
  total: 0.3298056717030704
Metrics:
  cityscapes_dice: 0.8528225459158421
  cityscapes_jaccard_macro: 0.37638070061802864
  cityscapes_jaccard_micro: 0.8113463167101145

2024-06-24 22:17:57,586 - INFO - Epoch 54/120
2024-06-24 22:18:13,155 - INFO - Train Stats
Loss:
  total: 0.2624457083642483
Metrics:
  cityscapes_dice: 0.8720596998929977
  cityscapes_jaccard_macro: 0.4415485620498657
  cityscapes_jaccard_micro: 0.844146516919136

2024-06-24 22:18:36,008 - INFO - Validation Stats
Loss:
  total: 0.33113026712089777
Metrics:
  cityscapes_dice: 0.8519652765244246
  cityscapes_jaccard_macro: 0.3759500654414296
  cityscapes_jaccard_micro: 0.8102451283484697

2024-06-24 22:18:36,008 - INFO - Epoch 55/120
2024-06-24 22:18:51,202 - INFO - Train Stats
Loss:
  total: 0.26927578896284105
Metrics:
  cityscapes_dice: 0.8680801570415497
  cityscapes_jaccard_macro: 0.441795252263546
  cityscapes_jaccard_micro: 0.8394881129264832

2024-06-24 22:19:14,313 - INFO - Validation Stats
Loss:
  total: 0.3249398022890091
Metrics:
  cityscapes_dice: 0.8529800642281771
  cityscapes_jaccard_macro: 0.3776214560493827
  cityscapes_jaccard_micro: 0.8124154321849346

2024-06-24 22:19:14,313 - INFO - Epoch 56/120
2024-06-24 22:19:28,974 - INFO - Train Stats
Loss:
  total: 0.26283699125051496
Metrics:
  cityscapes_dice: 0.8691378116607666
  cityscapes_jaccard_macro: 0.44519398659467696
  cityscapes_jaccard_micro: 0.8428759425878525

2024-06-24 22:19:51,732 - INFO - Validation Stats
Loss:
  total: 0.32785982452332973
Metrics:
  cityscapes_dice: 0.8514096159487963
  cityscapes_jaccard_macro: 0.38129900489002466
  cityscapes_jaccard_micro: 0.8112312220036983

2024-06-24 22:19:51,732 - INFO - Epoch 57/120
2024-06-24 22:20:06,956 - INFO - Train Stats
Loss:
  total: 0.2610913641750813
Metrics:
  cityscapes_dice: 0.87287437915802
  cityscapes_jaccard_macro: 0.44291329085826875
  cityscapes_jaccard_micro: 0.8440710633993149

2024-06-24 22:20:30,646 - INFO - Validation Stats
Loss:
  total: 0.33072392735630274
Metrics:
  cityscapes_dice: 0.8526899106800556
  cityscapes_jaccard_macro: 0.3764249160885811
  cityscapes_jaccard_micro: 0.8113140221685171

2024-06-24 22:20:30,646 - INFO - Epoch 58/120
2024-06-24 22:20:45,962 - INFO - Train Stats
Loss:
  total: 0.2616037279367447
Metrics:
  cityscapes_dice: 0.8710183382034302
  cityscapes_jaccard_macro: 0.4598895788192749
  cityscapes_jaccard_micro: 0.8435084402561188

2024-06-24 22:21:09,181 - INFO - Validation Stats
Loss:
  total: 0.3268239237368107
Metrics:
  cityscapes_dice: 0.8514891434460878
  cityscapes_jaccard_macro: 0.3886512331664562
  cityscapes_jaccard_micro: 0.8124730810523033

2024-06-24 22:21:09,181 - INFO - Epoch 59/120
2024-06-24 22:21:24,411 - INFO - Train Stats
Loss:
  total: 0.26178557202219965
Metrics:
  cityscapes_dice: 0.8705368191003799
  cityscapes_jaccard_macro: 0.4554373547434807
  cityscapes_jaccard_micro: 0.8438913285732269

2024-06-24 22:21:47,822 - INFO - Validation Stats
Loss:
  total: 0.3251720778644085
Metrics:
  cityscapes_dice: 0.8511662911623716
  cityscapes_jaccard_macro: 0.38182208314538
  cityscapes_jaccard_micro: 0.8123313803225756

2024-06-24 22:21:47,823 - INFO - Epoch 60/120
2024-06-24 22:22:02,877 - INFO - Train Stats
Loss:
  total: 0.25437535271048545
Metrics:
  cityscapes_dice: 0.8720809936523437
  cityscapes_jaccard_macro: 0.44913258999586103
  cityscapes_jaccard_micro: 0.8469096034765243

2024-06-24 22:22:25,416 - INFO - Validation Stats
Loss:
  total: 0.3362358999438584
Metrics:
  cityscapes_dice: 0.8499078787863255
  cityscapes_jaccard_macro: 0.3811344224959612
  cityscapes_jaccard_micro: 0.8082355875521898

2024-06-24 22:22:26,940 - INFO - Epoch 61/120
2024-06-24 22:22:42,206 - INFO - Train Stats
Loss:
  total: 0.2546850606799126
Metrics:
  cityscapes_dice: 0.8735561758279801
  cityscapes_jaccard_macro: 0.4603984296321869
  cityscapes_jaccard_micro: 0.8479831486940383

2024-06-24 22:23:04,612 - INFO - Validation Stats
Loss:
  total: 0.3286412707529962
Metrics:
  cityscapes_dice: 0.8517717607319355
  cityscapes_jaccard_macro: 0.3763280315324664
  cityscapes_jaccard_micro: 0.8114449102431536

2024-06-24 22:23:04,612 - INFO - Epoch 62/120
2024-06-24 22:23:20,460 - INFO - Train Stats
Loss:
  total: 0.25828841477632525
Metrics:
  cityscapes_dice: 0.8736824184656143
  cityscapes_jaccard_macro: 0.46709491312503815
  cityscapes_jaccard_micro: 0.8457292646169663

2024-06-24 22:23:43,716 - INFO - Validation Stats
Loss:
  total: 0.3176247696392238
Metrics:
  cityscapes_dice: 0.8550405185669661
  cityscapes_jaccard_macro: 0.3800257444381714
  cityscapes_jaccard_micro: 0.8166916836053133

2024-06-24 22:23:45,352 - INFO - Epoch 63/120
2024-06-24 22:24:00,887 - INFO - Train Stats
Loss:
  total: 0.25278931483626366
Metrics:
  cityscapes_dice: 0.8738336890935898
  cityscapes_jaccard_macro: 0.4539297103881836
  cityscapes_jaccard_micro: 0.8478378802537918

2024-06-24 22:24:24,077 - INFO - Validation Stats
Loss:
  total: 0.3146875770762563
Metrics:
  cityscapes_dice: 0.8545649331063032
  cityscapes_jaccard_macro: 0.38650134950876236
  cityscapes_jaccard_micro: 0.8185385186225176

2024-06-24 22:24:25,683 - INFO - Epoch 64/120
2024-06-24 22:24:41,167 - INFO - Train Stats
Loss:
  total: 0.24807557612657546
Metrics:
  cityscapes_dice: 0.8749605625867843
  cityscapes_jaccard_macro: 0.46662581861019137
  cityscapes_jaccard_micro: 0.8502280533313751

2024-06-24 22:25:03,931 - INFO - Validation Stats
Loss:
  total: 0.32504128804430366
Metrics:
  cityscapes_dice: 0.8511296268552542
  cityscapes_jaccard_macro: 0.38436868228018284
  cityscapes_jaccard_micro: 0.8132235873490572

2024-06-24 22:25:03,931 - INFO - Epoch 65/120
2024-06-24 22:25:18,332 - INFO - Train Stats
Loss:
  total: 0.25153103172779084
Metrics:
  cityscapes_dice: 0.8759509116411209
  cityscapes_jaccard_macro: 0.46652504801750183
  cityscapes_jaccard_micro: 0.8501150608062744

2024-06-24 22:25:41,909 - INFO - Validation Stats
Loss:
  total: 0.32745977211743593
Metrics:
  cityscapes_dice: 0.8517477493733168
  cityscapes_jaccard_macro: 0.38359254132956266
  cityscapes_jaccard_micro: 0.8120653424412012

2024-06-24 22:25:41,909 - INFO - Epoch 66/120
2024-06-24 22:25:57,205 - INFO - Train Stats
Loss:
  total: 0.24720610976219176
Metrics:
  cityscapes_dice: 0.8767282515764236
  cityscapes_jaccard_macro: 0.4723509207367897
  cityscapes_jaccard_micro: 0.8525706380605698

2024-06-24 22:26:20,691 - INFO - Validation Stats
Loss:
  total: 0.31515225721523166
Metrics:
  cityscapes_dice: 0.8562127109616995
  cityscapes_jaccard_macro: 0.38800574839115143
  cityscapes_jaccard_micro: 0.8174137510359287

2024-06-24 22:26:20,691 - INFO - Epoch 67/120
2024-06-24 22:26:36,493 - INFO - Train Stats
Loss:
  total: 0.2388303428888321
Metrics:
  cityscapes_dice: 0.8783315598964692
  cityscapes_jaccard_macro: 0.4648066803812981
  cityscapes_jaccard_micro: 0.8548938065767289

2024-06-24 22:26:59,690 - INFO - Validation Stats
Loss:
  total: 0.30891394382342696
Metrics:
  cityscapes_dice: 0.8563812114298344
  cityscapes_jaccard_macro: 0.38834950886666775
  cityscapes_jaccard_micro: 0.8215755112469196

2024-06-24 22:27:01,274 - INFO - Epoch 68/120
2024-06-24 22:27:16,372 - INFO - Train Stats
Loss:
  total: 0.24125462025403976
Metrics:
  cityscapes_dice: 0.8761053562164307
  cityscapes_jaccard_macro: 0.47677378058433534
  cityscapes_jaccard_micro: 0.8538118094205857

2024-06-24 22:27:39,046 - INFO - Validation Stats
Loss:
  total: 0.31525945756584406
Metrics:
  cityscapes_dice: 0.8551944196224213
  cityscapes_jaccard_macro: 0.39422597642987967
  cityscapes_jaccard_micro: 0.8173838891088963

2024-06-24 22:27:39,046 - INFO - Epoch 69/120
2024-06-24 22:27:54,493 - INFO - Train Stats
Loss:
  total: 0.24617906659841537
Metrics:
  cityscapes_dice: 0.8759455531835556
  cityscapes_jaccard_macro: 0.48347796946763993
  cityscapes_jaccard_micro: 0.8523075699806213

2024-06-24 22:28:17,565 - INFO - Validation Stats
Loss:
  total: 0.3200367013923824
Metrics:
  cityscapes_dice: 0.8552305698394775
  cityscapes_jaccard_macro: 0.3821847094222903
  cityscapes_jaccard_micro: 0.8157649580389261

2024-06-24 22:28:17,565 - INFO - Epoch 70/120
2024-06-24 22:28:32,386 - INFO - Train Stats
Loss:
  total: 0.24338280633091927
Metrics:
  cityscapes_dice: 0.8766871571540833
  cityscapes_jaccard_macro: 0.4807469815015793
  cityscapes_jaccard_micro: 0.8537773817777634

2024-06-24 22:28:55,611 - INFO - Validation Stats
Loss:
  total: 0.3191079767420888
Metrics:
  cityscapes_dice: 0.855582607910037
  cityscapes_jaccard_macro: 0.39251723513007164
  cityscapes_jaccard_micro: 0.8159231208264828

2024-06-24 22:28:56,899 - INFO - Epoch 71/120
2024-06-24 22:29:11,516 - INFO - Train Stats
Loss:
  total: 0.23591847345232964
Metrics:
  cityscapes_dice: 0.8776569902896881
  cityscapes_jaccard_macro: 0.4928873017430305
  cityscapes_jaccard_micro: 0.8575407564640045

2024-06-24 22:29:35,091 - INFO - Validation Stats
Loss:
  total: 0.3133986461907625
Metrics:
  cityscapes_dice: 0.8560706414282322
  cityscapes_jaccard_macro: 0.3935594828799367
  cityscapes_jaccard_micro: 0.8187684081494808

2024-06-24 22:29:35,091 - INFO - Epoch 72/120
2024-06-24 22:29:50,469 - INFO - Train Stats
Loss:
  total: 0.23638924211263657
Metrics:
  cityscapes_dice: 0.8805725157260895
  cityscapes_jaccard_macro: 0.48319823294878006
  cityscapes_jaccard_micro: 0.8575930565595626

2024-06-24 22:30:13,795 - INFO - Validation Stats
Loss:
  total: 0.31864142743870616
Metrics:
  cityscapes_dice: 0.8548551481217146
  cityscapes_jaccard_macro: 0.38800309877842665
  cityscapes_jaccard_micro: 0.8153587877750397

2024-06-24 22:30:13,795 - INFO - Epoch 73/120
2024-06-24 22:30:29,159 - INFO - Train Stats
Loss:
  total: 0.2429973788559437
Metrics:
  cityscapes_dice: 0.8765762835741043
  cityscapes_jaccard_macro: 0.4785222262144089
  cityscapes_jaccard_micro: 0.8545966178178788

2024-06-24 22:30:52,532 - INFO - Validation Stats
Loss:
  total: 0.31237361766397953
Metrics:
  cityscapes_dice: 0.8561349529772997
  cityscapes_jaccard_macro: 0.3929427256807685
  cityscapes_jaccard_micro: 0.8192185293883085

2024-06-24 22:30:52,533 - INFO - Epoch 74/120
2024-06-24 22:31:07,459 - INFO - Train Stats
Loss:
  total: 0.24207017421722413
Metrics:
  cityscapes_dice: 0.8761396944522858
  cityscapes_jaccard_macro: 0.4833856850862503
  cityscapes_jaccard_micro: 0.8528852760791779

2024-06-24 22:31:30,068 - INFO - Validation Stats
Loss:
  total: 0.3147286497987807
Metrics:
  cityscapes_dice: 0.8566677737981081
  cityscapes_jaccard_macro: 0.39645220432430506
  cityscapes_jaccard_micro: 0.8187488373368979

2024-06-24 22:31:30,068 - INFO - Epoch 75/120
2024-06-24 22:31:45,462 - INFO - Train Stats
Loss:
  total: 0.23753658831119537
Metrics:
  cityscapes_dice: 0.8782636255025864
  cityscapes_jaccard_macro: 0.4803412050008774
  cityscapes_jaccard_micro: 0.8563728719949723

2024-06-24 22:32:08,190 - INFO - Validation Stats
Loss:
  total: 0.3187377261929214
Metrics:
  cityscapes_dice: 0.8557535894215107
  cityscapes_jaccard_macro: 0.39600932877510786
  cityscapes_jaccard_micro: 0.8163019549101591

2024-06-24 22:32:08,190 - INFO - Epoch 76/120
2024-06-24 22:32:23,190 - INFO - Train Stats
Loss:
  total: 0.23156095147132874
Metrics:
  cityscapes_dice: 0.8813844710588455
  cityscapes_jaccard_macro: 0.4843695774674416
  cityscapes_jaccard_micro: 0.8592258930206299

2024-06-24 22:32:45,741 - INFO - Validation Stats
Loss:
  total: 0.3256358625367284
Metrics:
  cityscapes_dice: 0.8535785302519798
  cityscapes_jaccard_macro: 0.3912988342344761
  cityscapes_jaccard_micro: 0.8133556637912989

2024-06-24 22:32:45,741 - INFO - Epoch 77/120
2024-06-24 22:33:01,054 - INFO - Train Stats
Loss:
  total: 0.23685205429792405
Metrics:
  cityscapes_dice: 0.8792859464883804
  cityscapes_jaccard_macro: 0.48119496554136276
  cityscapes_jaccard_micro: 0.856705367565155

2024-06-24 22:33:23,736 - INFO - Validation Stats
Loss:
  total: 0.3088300027884543
Metrics:
  cityscapes_dice: 0.8574631419032812
  cityscapes_jaccard_macro: 0.39042702317237854
  cityscapes_jaccard_micro: 0.8224669322371483

2024-06-24 22:33:25,348 - INFO - Epoch 78/120
2024-06-24 22:33:40,909 - INFO - Train Stats
Loss:
  total: 0.2395200178027153
Metrics:
  cityscapes_dice: 0.8772432059049606
  cityscapes_jaccard_macro: 0.4973008304834366
  cityscapes_jaccard_micro: 0.8550646722316741

2024-06-24 22:34:04,149 - INFO - Validation Stats
Loss:
  total: 0.3137821555137634
Metrics:
  cityscapes_dice: 0.8558109495788813
  cityscapes_jaccard_macro: 0.39744344912469387
  cityscapes_jaccard_micro: 0.818114772439003

2024-06-24 22:34:04,149 - INFO - Epoch 79/120
2024-06-24 22:34:19,155 - INFO - Train Stats
Loss:
  total: 0.23746345564723015
Metrics:
  cityscapes_dice: 0.8760813057422638
  cityscapes_jaccard_macro: 0.4886110723018646
  cityscapes_jaccard_micro: 0.8559120088815689

2024-06-24 22:34:42,028 - INFO - Validation Stats
Loss:
  total: 0.31617083866149187
Metrics:
  cityscapes_dice: 0.8561541140079498
  cityscapes_jaccard_macro: 0.3956862697377801
  cityscapes_jaccard_micro: 0.8175047021359205

2024-06-24 22:34:42,028 - INFO - Epoch 80/120
2024-06-24 22:34:56,353 - INFO - Train Stats
Loss:
  total: 0.2324470177292824
Metrics:
  cityscapes_dice: 0.8807917714118958
  cityscapes_jaccard_macro: 0.48694751411676407
  cityscapes_jaccard_micro: 0.8596003472805023

2024-06-24 22:35:20,051 - INFO - Validation Stats
Loss:
  total: 0.30809128005057573
Metrics:
  cityscapes_dice: 0.8578092642128468
  cityscapes_jaccard_macro: 0.39717764500528574
  cityscapes_jaccard_micro: 0.8222002293914557

2024-06-24 22:35:23,388 - INFO - Epoch 81/120
2024-06-24 22:35:38,423 - INFO - Train Stats
Loss:
  total: 0.2331150986254215
Metrics:
  cityscapes_dice: 0.879876098036766
  cityscapes_jaccard_macro: 0.4934782966971397
  cityscapes_jaccard_micro: 0.8587558090686798

2024-06-24 22:36:02,043 - INFO - Validation Stats
Loss:
  total: 0.320061098318547
Metrics:
  cityscapes_dice: 0.8557357676327229
  cityscapes_jaccard_macro: 0.3975251168012619
  cityscapes_jaccard_micro: 0.8167022000998259

2024-06-24 22:36:02,044 - INFO - Epoch 82/120
2024-06-24 22:36:17,020 - INFO - Train Stats
Loss:
  total: 0.2294306918978691
Metrics:
  cityscapes_dice: 0.8811218053102493
  cityscapes_jaccard_macro: 0.49083934873342516
  cityscapes_jaccard_micro: 0.8610344141721725

2024-06-24 22:36:40,784 - INFO - Validation Stats
Loss:
  total: 0.31793712731450796
Metrics:
  cityscapes_dice: 0.854856587946415
  cityscapes_jaccard_macro: 0.40139513183385134
  cityscapes_jaccard_micro: 0.817180585116148

2024-06-24 22:36:40,784 - INFO - Epoch 83/120
2024-06-24 22:36:55,444 - INFO - Train Stats
Loss:
  total: 0.23340440541505814
Metrics:
  cityscapes_dice: 0.8798705220222474
  cityscapes_jaccard_macro: 0.4966490939259529
  cityscapes_jaccard_micro: 0.8578153192996979

2024-06-24 22:37:18,902 - INFO - Validation Stats
Loss:
  total: 0.3092173892073333
Metrics:
  cityscapes_dice: 0.8574361056089401
  cityscapes_jaccard_macro: 0.403376929461956
  cityscapes_jaccard_micro: 0.8210958726704121

2024-06-24 22:37:18,902 - INFO - Epoch 84/120
2024-06-24 22:37:34,207 - INFO - Train Stats
Loss:
  total: 0.24278174564242364
Metrics:
  cityscapes_dice: 0.8758037507534027
  cityscapes_jaccard_macro: 0.48593949526548386
  cityscapes_jaccard_micro: 0.8517712950706482

2024-06-24 22:37:57,905 - INFO - Validation Stats
Loss:
  total: 0.3052716040983796
Metrics:
  cityscapes_dice: 0.8579742144793272
  cityscapes_jaccard_macro: 0.3986782431602478
  cityscapes_jaccard_micro: 0.8232279326766729

2024-06-24 22:37:59,317 - INFO - Epoch 85/120
2024-06-24 22:38:14,778 - INFO - Train Stats
Loss:
  total: 0.2296673461794853
Metrics:
  cityscapes_dice: 0.8812747865915298
  cityscapes_jaccard_macro: 0.49427833408117294
  cityscapes_jaccard_micro: 0.8621158033609391

2024-06-24 22:38:37,718 - INFO - Validation Stats
Loss:
  total: 0.3129151095636189
Metrics:
  cityscapes_dice: 0.8571875914931297
  cityscapes_jaccard_macro: 0.39655200857669115
  cityscapes_jaccard_micro: 0.8201467245817184

2024-06-24 22:38:37,718 - INFO - Epoch 86/120
2024-06-24 22:38:53,092 - INFO - Train Stats
Loss:
  total: 0.23095272481441498
Metrics:
  cityscapes_dice: 0.8796845078468323
  cityscapes_jaccard_macro: 0.4870723858475685
  cityscapes_jaccard_micro: 0.8591378509998322

2024-06-24 22:39:16,005 - INFO - Validation Stats
Loss:
  total: 0.3062052824534476
Metrics:
  cityscapes_dice: 0.8584118243306875
  cityscapes_jaccard_macro: 0.40188815258443356
  cityscapes_jaccard_micro: 0.8228167127817869

2024-06-24 22:39:16,005 - INFO - Epoch 87/120
2024-06-24 22:39:31,369 - INFO - Train Stats
Loss:
  total: 0.23198915868997574
Metrics:
  cityscapes_dice: 0.8794545143842697
  cityscapes_jaccard_macro: 0.4950740605592728
  cityscapes_jaccard_micro: 0.8578406929969787

2024-06-24 22:39:53,892 - INFO - Validation Stats
Loss:
  total: 0.31959023512899876
Metrics:
  cityscapes_dice: 0.8543456140905619
  cityscapes_jaccard_macro: 0.40321263018995523
  cityscapes_jaccard_micro: 0.8169323280453682

2024-06-24 22:39:53,892 - INFO - Epoch 88/120
2024-06-24 22:40:09,405 - INFO - Train Stats
Loss:
  total: 0.22468824610114096
Metrics:
  cityscapes_dice: 0.8822803795337677
  cityscapes_jaccard_macro: 0.4844670221209526
  cityscapes_jaccard_micro: 0.8627682000398635

2024-06-24 22:40:32,313 - INFO - Validation Stats
Loss:
  total: 0.3093500309623778
Metrics:
  cityscapes_dice: 0.8573829475790262
  cityscapes_jaccard_macro: 0.3972641183063388
  cityscapes_jaccard_micro: 0.8208510894328356

2024-06-24 22:40:32,313 - INFO - Epoch 89/120
2024-06-24 22:40:47,515 - INFO - Train Stats
Loss:
  total: 0.23075410574674607
Metrics:
  cityscapes_dice: 0.8815966695547104
  cityscapes_jaccard_macro: 0.48778466284275057
  cityscapes_jaccard_micro: 0.8598956674337387

2024-06-24 22:41:11,212 - INFO - Validation Stats
Loss:
  total: 0.2990020918659866
Metrics:
  cityscapes_dice: 0.859538396820426
  cityscapes_jaccard_macro: 0.39369869139045477
  cityscapes_jaccard_micro: 0.8257472962141037

2024-06-24 22:41:12,838 - INFO - Epoch 90/120
2024-06-24 22:41:28,101 - INFO - Train Stats
Loss:
  total: 0.22775306850671767
Metrics:
  cityscapes_dice: 0.8813303798437119
  cityscapes_jaccard_macro: 0.4929337427020073
  cityscapes_jaccard_micro: 0.8612470030784607

2024-06-24 22:41:52,162 - INFO - Validation Stats
Loss:
  total: 0.30239638313651085
Metrics:
  cityscapes_dice: 0.8583889417350292
  cityscapes_jaccard_macro: 0.39839012268930674
  cityscapes_jaccard_micro: 0.8242407683283091

2024-06-24 22:41:53,943 - INFO - Epoch 91/120
2024-06-24 22:42:09,327 - INFO - Train Stats
Loss:
  total: 0.2282419666647911
Metrics:
  cityscapes_dice: 0.879064279794693
  cityscapes_jaccard_macro: 0.49014941304922105
  cityscapes_jaccard_micro: 0.8608149796724319

2024-06-24 22:42:32,301 - INFO - Validation Stats
Loss:
  total: 0.3173681814223528
Metrics:
  cityscapes_dice: 0.8555744010955095
  cityscapes_jaccard_macro: 0.3979358272626996
  cityscapes_jaccard_micro: 0.8172246161848307

2024-06-24 22:42:32,301 - INFO - Epoch 92/120
2024-06-24 22:42:47,487 - INFO - Train Stats
Loss:
  total: 0.22792779430747032
Metrics:
  cityscapes_dice: 0.8808697462081909
  cityscapes_jaccard_macro: 0.4859359905123711
  cityscapes_jaccard_micro: 0.8611043930053711

2024-06-24 22:43:10,292 - INFO - Validation Stats
Loss:
  total: 0.3082396425306797
Metrics:
  cityscapes_dice: 0.8578516989946365
  cityscapes_jaccard_macro: 0.3994768448174
  cityscapes_jaccard_micro: 0.821486396715045

2024-06-24 22:43:10,292 - INFO - Epoch 93/120
2024-06-24 22:43:25,542 - INFO - Train Stats
Loss:
  total: 0.22932902872562408
Metrics:
  cityscapes_dice: 0.8799905836582184
  cityscapes_jaccard_macro: 0.48705469965934756
  cityscapes_jaccard_micro: 0.8598322391510009

2024-06-24 22:43:48,755 - INFO - Validation Stats
Loss:
  total: 0.3139056586660445
Metrics:
  cityscapes_dice: 0.857167674228549
  cityscapes_jaccard_macro: 0.4013189943507314
  cityscapes_jaccard_micro: 0.8193907774984837

2024-06-24 22:43:48,755 - INFO - Epoch 94/120
2024-06-24 22:44:04,039 - INFO - Train Stats
Loss:
  total: 0.2189250461757183
Metrics:
  cityscapes_dice: 0.8827422440052033
  cityscapes_jaccard_macro: 0.5063879132270813
  cityscapes_jaccard_micro: 0.8654180407524109

2024-06-24 22:44:26,983 - INFO - Validation Stats
Loss:
  total: 0.31513419933617115
Metrics:
  cityscapes_dice: 0.8570176213979721
  cityscapes_jaccard_macro: 0.40335435420274734
  cityscapes_jaccard_micro: 0.8187906593084335

2024-06-24 22:44:26,983 - INFO - Epoch 95/120
2024-06-24 22:44:41,759 - INFO - Train Stats
Loss:
  total: 0.22397866919636727
Metrics:
  cityscapes_dice: 0.8831666260957718
  cityscapes_jaccard_macro: 0.5098307743668556
  cityscapes_jaccard_micro: 0.8626661866903305

2024-06-24 22:45:05,654 - INFO - Validation Stats
Loss:
  total: 0.3057884369045496
Metrics:
  cityscapes_dice: 0.8592642359435558
  cityscapes_jaccard_macro: 0.4033998502418399
  cityscapes_jaccard_micro: 0.8230067454278469

2024-06-24 22:45:05,654 - INFO - Epoch 96/120
2024-06-24 22:45:25,688 - INFO - Train Stats
Loss:
  total: 0.22569473087787628
Metrics:
  cityscapes_dice: 0.8822735488414765
  cityscapes_jaccard_macro: 0.5086815774440765
  cityscapes_jaccard_micro: 0.862120172381401

2024-06-24 22:45:48,768 - INFO - Validation Stats
Loss:
  total: 0.30329978885129094
Metrics:
  cityscapes_dice: 0.8581739068031311
  cityscapes_jaccard_macro: 0.40592809300869703
  cityscapes_jaccard_micro: 0.824208015576005

2024-06-24 22:45:48,768 - INFO - Epoch 97/120
2024-06-24 22:46:03,648 - INFO - Train Stats
Loss:
  total: 0.2285904437303543
Metrics:
  cityscapes_dice: 0.8787192285060883
  cityscapes_jaccard_macro: 0.511574749648571
  cityscapes_jaccard_micro: 0.8597392022609711

2024-06-24 22:46:26,539 - INFO - Validation Stats
Loss:
  total: 0.3053598487749696
Metrics:
  cityscapes_dice: 0.859461423009634
  cityscapes_jaccard_macro: 0.39987065736204386
  cityscapes_jaccard_micro: 0.8234114702790976

2024-06-24 22:46:26,539 - INFO - Epoch 98/120
2024-06-24 22:46:41,408 - INFO - Train Stats
Loss:
  total: 0.22528298795223237
Metrics:
  cityscapes_dice: 0.8822423100471497
  cityscapes_jaccard_macro: 0.5033224701881409
  cityscapes_jaccard_micro: 0.8627938389778137

2024-06-24 22:47:05,402 - INFO - Validation Stats
Loss:
  total: 0.30756659945473075
Metrics:
  cityscapes_dice: 0.8581614643335342
  cityscapes_jaccard_macro: 0.40086541324853897
  cityscapes_jaccard_micro: 0.8222675677388906

2024-06-24 22:47:05,402 - INFO - Epoch 99/120
2024-06-24 22:47:20,875 - INFO - Train Stats
Loss:
  total: 0.2244873210787773
Metrics:
  cityscapes_dice: 0.8830849349498748
  cityscapes_jaccard_macro: 0.49885811656713486
  cityscapes_jaccard_micro: 0.8628934234380722

2024-06-24 22:47:43,392 - INFO - Validation Stats
Loss:
  total: 0.3043452864512801
Metrics:
  cityscapes_dice: 0.8591698128730059
  cityscapes_jaccard_macro: 0.395996056497097
  cityscapes_jaccard_micro: 0.8227919302880764

2024-06-24 22:47:43,392 - INFO - Epoch 100/120
2024-06-24 22:47:58,094 - INFO - Train Stats
Loss:
  total: 0.21914906650781632
Metrics:
  cityscapes_dice: 0.8843498796224594
  cityscapes_jaccard_macro: 0.5133447960019112
  cityscapes_jaccard_micro: 0.8668175280094147

2024-06-24 22:48:21,564 - INFO - Validation Stats
Loss:
  total: 0.30465751979500055
Metrics:
  cityscapes_dice: 0.8580549191683531
  cityscapes_jaccard_macro: 0.40884132124483585
  cityscapes_jaccard_micro: 0.8238152377307415

2024-06-24 22:48:23,174 - INFO - Epoch 101/120
2024-06-24 22:48:38,252 - INFO - Train Stats
Loss:
  total: 0.22161917090415956
Metrics:
  cityscapes_dice: 0.8850691109895706
  cityscapes_jaccard_macro: 0.4943702518939972
  cityscapes_jaccard_micro: 0.8654594421386719

2024-06-24 22:49:01,805 - INFO - Validation Stats
Loss:
  total: 0.30458154948428273
Metrics:
  cityscapes_dice: 0.8585925195366144
  cityscapes_jaccard_macro: 0.39712834544479847
  cityscapes_jaccard_micro: 0.8232335671782494

2024-06-24 22:49:01,805 - INFO - Epoch 102/120
2024-06-24 22:49:17,154 - INFO - Train Stats
Loss:
  total: 0.22330098673701287
Metrics:
  cityscapes_dice: 0.8823341757059098
  cityscapes_jaccard_macro: 0.5137543514370918
  cityscapes_jaccard_micro: 0.8633637309074402

2024-06-24 22:49:40,720 - INFO - Validation Stats
Loss:
  total: 0.2994701834395528
Metrics:
  cityscapes_dice: 0.8600138258188963
  cityscapes_jaccard_macro: 0.40151926781982183
  cityscapes_jaccard_micro: 0.825876634567976

2024-06-24 22:49:40,720 - INFO - Epoch 103/120
2024-06-24 22:49:56,315 - INFO - Train Stats
Loss:
  total: 0.22410368248820306
Metrics:
  cityscapes_dice: 0.8813932418823243
  cityscapes_jaccard_macro: 0.5118869990110397
  cityscapes_jaccard_micro: 0.8631512612104416

2024-06-24 22:50:19,584 - INFO - Validation Stats
Loss:
  total: 0.2964490856975317
Metrics:
  cityscapes_dice: 0.8615824524313211
  cityscapes_jaccard_macro: 0.39474140107631683
  cityscapes_jaccard_micro: 0.8274264149367809

2024-06-24 22:50:21,261 - INFO - Epoch 104/120
2024-06-24 22:50:37,038 - INFO - Train Stats
Loss:
  total: 0.2234264336526394
Metrics:
  cityscapes_dice: 0.8816976010799408
  cityscapes_jaccard_macro: 0.49257592856884
  cityscapes_jaccard_micro: 0.8631025642156601

2024-06-24 22:50:59,920 - INFO - Validation Stats
Loss:
  total: 0.2976177725940943
Metrics:
  cityscapes_dice: 0.8602282777428627
  cityscapes_jaccard_macro: 0.39910340402275324
  cityscapes_jaccard_micro: 0.8261801786720753

2024-06-24 22:50:59,920 - INFO - Epoch 105/120
2024-06-24 22:51:15,059 - INFO - Train Stats
Loss:
  total: 0.21729506477713584
Metrics:
  cityscapes_dice: 0.8848803341388702
  cityscapes_jaccard_macro: 0.4947137892246246
  cityscapes_jaccard_micro: 0.8664164632558823

2024-06-24 22:51:38,174 - INFO - Validation Stats
Loss:
  total: 0.3108800989575684
Metrics:
  cityscapes_dice: 0.8578658644109964
  cityscapes_jaccard_macro: 0.4012100016698241
  cityscapes_jaccard_micro: 0.8209384810179472

2024-06-24 22:51:38,174 - INFO - Epoch 106/120
2024-06-24 22:51:53,312 - INFO - Train Stats
Loss:
  total: 0.22554384246468545
Metrics:
  cityscapes_dice: 0.880940493941307
  cityscapes_jaccard_macro: 0.5015230223536491
  cityscapes_jaccard_micro: 0.862223333120346

2024-06-24 22:52:16,912 - INFO - Validation Stats
Loss:
  total: 0.30159249156713486
Metrics:
  cityscapes_dice: 0.859016889706254
  cityscapes_jaccard_macro: 0.4025008790194988
  cityscapes_jaccard_micro: 0.8236504476517439

2024-06-24 22:52:16,912 - INFO - Epoch 107/120
2024-06-24 22:52:31,592 - INFO - Train Stats
Loss:
  total: 0.2232874698936939
Metrics:
  cityscapes_dice: 0.8819695085287094
  cityscapes_jaccard_macro: 0.5078263074159622
  cityscapes_jaccard_micro: 0.8636576622724533

2024-06-24 22:52:55,107 - INFO - Validation Stats
Loss:
  total: 0.30480667296797037
Metrics:
  cityscapes_dice: 0.858943460509181
  cityscapes_jaccard_macro: 0.4126758947968483
  cityscapes_jaccard_micro: 0.82333168014884

2024-06-24 22:52:55,107 - INFO - Epoch 108/120
2024-06-24 22:53:09,958 - INFO - Train Stats
Loss:
  total: 0.22149669751524925
Metrics:
  cityscapes_dice: 0.8823579967021942
  cityscapes_jaccard_macro: 0.5088719353079796
  cityscapes_jaccard_micro: 0.8642619907855987

2024-06-24 22:53:33,560 - INFO - Validation Stats
Loss:
  total: 0.3004309078678489
Metrics:
  cityscapes_dice: 0.8599591460078955
  cityscapes_jaccard_macro: 0.40208478551357985
  cityscapes_jaccard_micro: 0.8256232533603907

2024-06-24 22:53:33,560 - INFO - Epoch 109/120
2024-06-24 22:53:48,615 - INFO - Train Stats
Loss:
  total: 0.22009200751781463
Metrics:
  cityscapes_dice: 0.8827566564083099
  cityscapes_jaccard_macro: 0.4995474249124527
  cityscapes_jaccard_micro: 0.8644220858812333

2024-06-24 22:54:12,196 - INFO - Validation Stats
Loss:
  total: 0.30341279739513993
Metrics:
  cityscapes_dice: 0.8585014529526234
  cityscapes_jaccard_macro: 0.401139747351408
  cityscapes_jaccard_micro: 0.8243677485734224

2024-06-24 22:54:12,196 - INFO - Epoch 110/120
2024-06-24 22:54:27,018 - INFO - Train Stats
Loss:
  total: 0.22477257028222083
Metrics:
  cityscapes_dice: 0.8814572244882584
  cityscapes_jaccard_macro: 0.5000295519828797
  cityscapes_jaccard_micro: 0.8628453612327576

2024-06-24 22:54:50,350 - INFO - Validation Stats
Loss:
  total: 0.3012326192110777
Metrics:
  cityscapes_dice: 0.8596245180815458
  cityscapes_jaccard_macro: 0.4067817525938153
  cityscapes_jaccard_micro: 0.8236561249941587

2024-06-24 22:54:51,892 - INFO - Epoch 111/120
2024-06-24 22:55:07,057 - INFO - Train Stats
Loss:
  total: 0.2188966877758503
Metrics:
  cityscapes_dice: 0.8824750900268554
  cityscapes_jaccard_macro: 0.5069048076868057
  cityscapes_jaccard_micro: 0.8649211615324021

2024-06-24 22:55:29,813 - INFO - Validation Stats
Loss:
  total: 0.3016115580685437
Metrics:
  cityscapes_dice: 0.8599905967712402
  cityscapes_jaccard_macro: 0.39748111460357904
  cityscapes_jaccard_micro: 0.8263036161661148

2024-06-24 22:55:29,813 - INFO - Epoch 112/120
2024-06-24 22:55:44,454 - INFO - Train Stats
Loss:
  total: 0.22035753652453421
Metrics:
  cityscapes_dice: 0.8818312168121338
  cityscapes_jaccard_macro: 0.510861623287201
  cityscapes_jaccard_micro: 0.865042245388031

2024-06-24 22:56:07,459 - INFO - Validation Stats
Loss:
  total: 0.3035237896256149
Metrics:
  cityscapes_dice: 0.8591427411884069
  cityscapes_jaccard_macro: 0.40689904522150755
  cityscapes_jaccard_micro: 0.8244040794670582

2024-06-24 22:56:07,460 - INFO - Epoch 113/120
2024-06-24 22:56:21,850 - INFO - Train Stats
Loss:
  total: 0.2202949859201908
Metrics:
  cityscapes_dice: 0.882768651843071
  cityscapes_jaccard_macro: 0.5138405546545982
  cityscapes_jaccard_micro: 0.8648948520421982

2024-06-24 22:56:45,014 - INFO - Validation Stats
Loss:
  total: 0.3048638664186001
Metrics:
  cityscapes_dice: 0.8591034673154354
  cityscapes_jaccard_macro: 0.40342081245034933
  cityscapes_jaccard_micro: 0.8234895579516888

2024-06-24 22:56:45,014 - INFO - Epoch 114/120
2024-06-24 22:56:59,621 - INFO - Train Stats
Loss:
  total: 0.22085135504603387
Metrics:
  cityscapes_dice: 0.8837123334407806
  cityscapes_jaccard_macro: 0.5149006545543671
  cityscapes_jaccard_micro: 0.8647864133119583

2024-06-24 22:57:22,505 - INFO - Validation Stats
Loss:
  total: 0.29646289721131325
Metrics:
  cityscapes_dice: 0.8600645065307617
  cityscapes_jaccard_macro: 0.4096532966941595
  cityscapes_jaccard_micro: 0.8263821918517351

2024-06-24 22:57:22,505 - INFO - Epoch 115/120
2024-06-24 22:57:37,218 - INFO - Train Stats
Loss:
  total: 0.22133505940437317
Metrics:
  cityscapes_dice: 0.8792123109102249
  cityscapes_jaccard_macro: 0.5047136545181274
  cityscapes_jaccard_micro: 0.8644652485847473

2024-06-24 22:58:00,454 - INFO - Validation Stats
Loss:
  total: 0.30078735342249274
Metrics:
  cityscapes_dice: 0.8588991519063711
  cityscapes_jaccard_macro: 0.40415676962584257
  cityscapes_jaccard_micro: 0.823710111901164

2024-06-24 22:58:00,454 - INFO - Epoch 116/120
2024-06-24 22:58:15,327 - INFO - Train Stats
Loss:
  total: 0.22138448432087898
Metrics:
  cityscapes_dice: 0.8808283686637879
  cityscapes_jaccard_macro: 0.5141236692667007
  cityscapes_jaccard_micro: 0.8643606185913086

2024-06-24 22:58:38,277 - INFO - Validation Stats
Loss:
  total: 0.3030824214220047
Metrics:
  cityscapes_dice: 0.8597682919353247
  cityscapes_jaccard_macro: 0.4074680348858237
  cityscapes_jaccard_micro: 0.8239856529980898

2024-06-24 22:58:38,278 - INFO - Epoch 117/120
2024-06-24 22:58:53,140 - INFO - Train Stats
Loss:
  total: 0.2194334201514721
Metrics:
  cityscapes_dice: 0.883548903465271
  cityscapes_jaccard_macro: 0.5103915363550187
  cityscapes_jaccard_micro: 0.8658006876707077

2024-06-24 22:59:16,289 - INFO - Validation Stats
Loss:
  total: 0.30176181765273213
Metrics:
  cityscapes_dice: 0.8601254355162382
  cityscapes_jaccard_macro: 0.40513464342802763
  cityscapes_jaccard_micro: 0.8248824682086706

2024-06-24 22:59:16,289 - INFO - Epoch 118/120
2024-06-24 22:59:31,578 - INFO - Train Stats
Loss:
  total: 0.21932585090398787
Metrics:
  cityscapes_dice: 0.8839129447937012
  cityscapes_jaccard_macro: 0.5069157794117928
  cityscapes_jaccard_micro: 0.8661405175924302

2024-06-24 22:59:54,432 - INFO - Validation Stats
Loss:
  total: 0.30838210647925735
Metrics:
  cityscapes_dice: 0.8567556440830231
  cityscapes_jaccard_macro: 0.40152451675385237
  cityscapes_jaccard_micro: 0.8213290870189667

2024-06-24 22:59:54,432 - INFO - Epoch 119/120
2024-06-24 23:00:09,318 - INFO - Train Stats
Loss:
  total: 0.21927774623036383
Metrics:
  cityscapes_dice: 0.8845269680023193
  cityscapes_jaccard_macro: 0.509250758588314
  cityscapes_jaccard_micro: 0.8653268843889237

2024-06-24 23:00:32,210 - INFO - Validation Stats
Loss:
  total: 0.29126656148582697
Metrics:
  cityscapes_dice: 0.8631663378328085
  cityscapes_jaccard_macro: 0.40668314788490534
  cityscapes_jaccard_micro: 0.8297173399478197

2024-06-24 23:00:33,767 - INFO - Epoch 120/120
2024-06-24 23:00:48,683 - INFO - Train Stats
Loss:
  total: 0.22395165115594864
Metrics:
  cityscapes_dice: 0.8808363497257232
  cityscapes_jaccard_macro: 0.5212429270148278
  cityscapes_jaccard_micro: 0.8629629403352738

2024-06-24 23:01:11,748 - INFO - Validation Stats
Loss:
  total: 0.2962520136497915
Metrics:
  cityscapes_dice: 0.8614123091101646
  cityscapes_jaccard_macro: 0.40993060264736414
  cityscapes_jaccard_micro: 0.8281614556908607

2024-06-24 23:01:13,337 - INFO - Best validation loss: 0.29126656148582697
2024-06-24 23:01:14,312 - INFO - Best model saved to /home/up201905337/exploring-label-efficiency/weights/sl_cityscapes_mobilenet_pretrained_309l.pth
2024-06-24 23:01:14,313 - INFO - Training took 4722.105898141861 seconds to complete
