2024-06-14 15:01:53,953 - INFO - Loading configuration files...
2024-06-14 15:01:54,438 - INFO - Loading model configuration
args:
  backbone: resnet101
  num_classes: 20
class: DeepLabV3

2024-06-14 15:01:54,447 - INFO - Loading train_dataset configuration
args:
  root: /data/auto/kitti
  train_val_test_split:
  - 0.7
  - 0.1
  - 0.2
class: KittiSeg

2024-06-14 15:01:54,522 - INFO - Loading val_dataset configuration
args:
  root: /data/auto/kitti
  train_val_test_split:
  - 0.7
  - 0.1
  - 0.2
class: KittiSeg

2024-06-14 15:01:54,529 - INFO - Loading optimizer configuration
args:
  lr: 0.001
class: Adam

2024-06-14 15:01:54,530 - INFO - Loading loss configuration
args:
  ignore_index: 0
class: CrossEntropyLoss

2024-06-14 15:01:54,544 - INFO - Loading metrics configuration
kitti_dice:
  args:
    average: micro
    ignore_index: 0
    num_classes: 20
  class: Dice
kitti_jaccard_macro:
  args:
    average: macro
    ignore_index: 0
    num_classes: 20
    task: multiclass
    validate_args: false
  class: JaccardIndex
kitti_jaccard_micro:
  args:
    average: micro
    ignore_index: 0
    num_classes: 20
    task: multiclass
    validate_args: false
  class: JaccardIndex

2024-06-14 15:01:54,544 - INFO - Loading hyperparameters configuration
batch_size: 8
ema_decay: null
epochs: 60
num_workers: 4
save_freq: 5

2024-06-14 15:01:54,554 - INFO - Using device: cuda
2024-06-14 15:01:54,652 - INFO - Training for 60 epochs
2024-06-14 15:01:54,652 - INFO - Epoch 1/60
2024-06-14 15:02:27,082 - INFO - Train Stats
Loss:
  total: 1.2106831868489583
Metrics:
  kitti_dice: 0.6724801556103759
  kitti_jaccard_macro: 0.19851106777787209
  kitti_jaccard_micro: 0.5419841229708658

2024-06-14 15:02:28,497 - INFO - Validation Stats
Loss:
  total: 5.774461587270101
Metrics:
  kitti_dice: 0.4164591034253438
  kitti_jaccard_macro: 0.1131029948592186
  kitti_jaccard_micro: 0.2698105325301488

2024-06-14 15:02:29,356 - INFO - Epoch 2/60
2024-06-14 15:03:02,020 - INFO - Train Stats
Loss:
  total: 0.708904872337977
Metrics:
  kitti_dice: 0.7804458008872138
  kitti_jaccard_macro: 0.26014522463083267
  kitti_jaccard_micro: 0.6637968122959137

2024-06-14 15:03:03,459 - INFO - Validation Stats
Loss:
  total: 0.8922564188639323
Metrics:
  kitti_dice: 0.7391396959622701
  kitti_jaccard_macro: 0.23744921882947287
  kitti_jaccard_micro: 0.6045536001523336

2024-06-14 15:03:04,293 - INFO - Epoch 3/60
2024-06-14 15:03:37,555 - INFO - Train Stats
Loss:
  total: 0.5803252044651244
Metrics:
  kitti_dice: 0.8149494065178765
  kitti_jaccard_macro: 0.2891293027334743
  kitti_jaccard_micro: 0.7142414616213905

2024-06-14 15:03:39,006 - INFO - Validation Stats
Loss:
  total: 0.7202058633168539
Metrics:
  kitti_dice: 0.7767634391784668
  kitti_jaccard_macro: 0.2699223806460698
  kitti_jaccard_micro: 0.6561764280001322

2024-06-14 15:03:39,895 - INFO - Epoch 4/60
2024-06-14 15:04:13,652 - INFO - Train Stats
Loss:
  total: 0.5787102861536874
Metrics:
  kitti_dice: 0.8111010955439674
  kitti_jaccard_macro: 0.2871056745449702
  kitti_jaccard_micro: 0.7081628210014768

2024-06-14 15:04:15,131 - INFO - Validation Stats
Loss:
  total: 0.7742419441541036
Metrics:
  kitti_dice: 0.7600339651107788
  kitti_jaccard_macro: 0.26442375779151917
  kitti_jaccard_micro: 0.6330215533574423

2024-06-14 15:04:15,131 - INFO - Epoch 5/60
2024-06-14 15:04:49,180 - INFO - Train Stats
Loss:
  total: 0.5006180587742064
Metrics:
  kitti_dice: 0.832138674126731
  kitti_jaccard_macro: 0.3073702851931254
  kitti_jaccard_micro: 0.73953601386812

2024-06-14 15:04:50,664 - INFO - Validation Stats
Loss:
  total: 0.6464982231458029
Metrics:
  kitti_dice: 0.8042653600374857
  kitti_jaccard_macro: 0.289066880941391
  kitti_jaccard_micro: 0.6946001648902893

2024-06-14 15:04:52,420 - INFO - Epoch 6/60
2024-06-14 15:05:26,846 - INFO - Train Stats
Loss:
  total: 0.47026362187332577
Metrics:
  kitti_dice: 0.8408829338020749
  kitti_jaccard_macro: 0.32247942603296703
  kitti_jaccard_micro: 0.7549561990631951

2024-06-14 15:05:28,334 - INFO - Validation Stats
Loss:
  total: 0.5836007197697958
Metrics:
  kitti_dice: 0.8119582931200663
  kitti_jaccard_macro: 0.3072757422924042
  kitti_jaccard_micro: 0.7053641080856323

2024-06-14 15:05:29,172 - INFO - Epoch 7/60
2024-06-14 15:06:04,038 - INFO - Train Stats
Loss:
  total: 0.44119995998011696
Metrics:
  kitti_dice: 0.8498021132416196
  kitti_jaccard_macro: 0.32912882500224644
  kitti_jaccard_micro: 0.7675018807252248

2024-06-14 15:06:05,534 - INFO - Validation Stats
Loss:
  total: 0.5580746233463287
Metrics:
  kitti_dice: 0.8165192206700643
  kitti_jaccard_macro: 0.31530702114105225
  kitti_jaccard_micro: 0.7126881082852682

2024-06-14 15:06:06,443 - INFO - Epoch 8/60
2024-06-14 15:06:41,634 - INFO - Train Stats
Loss:
  total: 0.41653503312004936
Metrics:
  kitti_dice: 0.8543764584594302
  kitti_jaccard_macro: 0.33795346319675446
  kitti_jaccard_micro: 0.7751662664943271

2024-06-14 15:06:43,132 - INFO - Validation Stats
Loss:
  total: 0.598286509513855
Metrics:
  kitti_dice: 0.8142067591349283
  kitti_jaccard_macro: 0.3153919080893199
  kitti_jaccard_micro: 0.708604077498118

2024-06-14 15:06:43,132 - INFO - Epoch 9/60
2024-06-14 15:07:18,553 - INFO - Train Stats
Loss:
  total: 0.3925178266233868
Metrics:
  kitti_dice: 0.8611482017570071
  kitti_jaccard_macro: 0.3598782304260466
  kitti_jaccard_micro: 0.7860991855462393

2024-06-14 15:07:20,057 - INFO - Validation Stats
Loss:
  total: 0.5909575521945953
Metrics:
  kitti_dice: 0.8018407026926676
  kitti_jaccard_macro: 0.3157479763031006
  kitti_jaccard_micro: 0.6918904185295105

2024-06-14 15:07:20,057 - INFO - Epoch 10/60
2024-06-14 15:07:55,520 - INFO - Train Stats
Loss:
  total: 0.37883982559045154
Metrics:
  kitti_dice: 0.8641818364461263
  kitti_jaccard_macro: 0.3768998152679867
  kitti_jaccard_micro: 0.7908183634281158

2024-06-14 15:07:57,023 - INFO - Validation Stats
Loss:
  total: 0.5387102166811625
Metrics:
  kitti_dice: 0.824847956498464
  kitti_jaccard_macro: 0.346065213282903
  kitti_jaccard_micro: 0.7256822387377421

2024-06-14 15:07:58,678 - INFO - Epoch 11/60
2024-06-14 15:08:34,117 - INFO - Train Stats
Loss:
  total: 0.34682267407576245
Metrics:
  kitti_dice: 0.8723931610584259
  kitti_jaccard_macro: 0.3882562667131424
  kitti_jaccard_micro: 0.8040647274918027

2024-06-14 15:08:35,619 - INFO - Validation Stats
Loss:
  total: 0.5759519735972086
Metrics:
  kitti_dice: 0.8136817614237467
  kitti_jaccard_macro: 0.3309755027294159
  kitti_jaccard_micro: 0.7084320982297262

2024-06-14 15:08:35,619 - INFO - Epoch 12/60
2024-06-14 15:09:11,014 - INFO - Train Stats
Loss:
  total: 0.373040313522021
Metrics:
  kitti_dice: 0.8621040052837796
  kitti_jaccard_macro: 0.3796248717440499
  kitti_jaccard_micro: 0.7870988316006131

2024-06-14 15:09:12,520 - INFO - Validation Stats
Loss:
  total: 0.5555998186270396
Metrics:
  kitti_dice: 0.815064529577891
  kitti_jaccard_macro: 0.35345590114593506
  kitti_jaccard_micro: 0.7114736636479696

2024-06-14 15:09:12,520 - INFO - Epoch 13/60
2024-06-14 15:09:47,800 - INFO - Train Stats
Loss:
  total: 0.3370283469557762
Metrics:
  kitti_dice: 0.8738624188635085
  kitti_jaccard_macro: 0.3912143541706933
  kitti_jaccard_micro: 0.8067084981335534

2024-06-14 15:09:49,300 - INFO - Validation Stats
Loss:
  total: 0.4800395667552948
Metrics:
  kitti_dice: 0.8343509634335836
  kitti_jaccard_macro: 0.3631897071997325
  kitti_jaccard_micro: 0.7400433222452799

2024-06-14 15:09:50,207 - INFO - Epoch 14/60
2024-06-14 15:10:25,275 - INFO - Train Stats
Loss:
  total: 0.31320877373218536
Metrics:
  kitti_dice: 0.880322105354733
  kitti_jaccard_macro: 0.408564524518119
  kitti_jaccard_micro: 0.8172270092699263

2024-06-14 15:10:26,772 - INFO - Validation Stats
Loss:
  total: 0.4798738757769267
Metrics:
  kitti_dice: 0.8321554859479269
  kitti_jaccard_macro: 0.36120109756787616
  kitti_jaccard_micro: 0.7358785470326742

2024-06-14 15:10:27,673 - INFO - Epoch 15/60
2024-06-14 15:11:02,560 - INFO - Train Stats
Loss:
  total: 0.29385702146424186
Metrics:
  kitti_dice: 0.8876874844233195
  kitti_jaccard_macro: 0.42661954793665147
  kitti_jaccard_micro: 0.8295850886238946

2024-06-14 15:11:04,054 - INFO - Validation Stats
Loss:
  total: 0.46621161699295044
Metrics:
  kitti_dice: 0.8374652067820231
  kitti_jaccard_macro: 0.3518978754679362
  kitti_jaccard_micro: 0.7450283368428549

2024-06-14 15:11:05,739 - INFO - Epoch 16/60
2024-06-14 15:11:40,467 - INFO - Train Stats
Loss:
  total: 0.2807755180531078
Metrics:
  kitti_dice: 0.8907255364788903
  kitti_jaccard_macro: 0.4252673221959008
  kitti_jaccard_micro: 0.8348385757870145

2024-06-14 15:11:41,958 - INFO - Validation Stats
Loss:
  total: 0.449418584505717
Metrics:
  kitti_dice: 0.8444655736287435
  kitti_jaccard_macro: 0.37388965487480164
  kitti_jaccard_micro: 0.7560968399047852

2024-06-14 15:11:42,850 - INFO - Epoch 17/60
2024-06-14 15:12:17,664 - INFO - Train Stats
Loss:
  total: 0.2581024111972915
Metrics:
  kitti_dice: 0.8955945803059472
  kitti_jaccard_macro: 0.44726210832595825
  kitti_jaccard_micro: 0.8433212439219157

2024-06-14 15:12:19,156 - INFO - Validation Stats
Loss:
  total: 0.435397873322169
Metrics:
  kitti_dice: 0.841711680094401
  kitti_jaccard_macro: 0.41028720140457153
  kitti_jaccard_micro: 0.7509803970654806

2024-06-14 15:12:20,051 - INFO - Epoch 18/60
2024-06-14 15:12:54,874 - INFO - Train Stats
Loss:
  total: 0.2650870093040996
Metrics:
  kitti_dice: 0.8944834106498294
  kitti_jaccard_macro: 0.43858279453383553
  kitti_jaccard_micro: 0.8413507673475478

2024-06-14 15:12:56,363 - INFO - Validation Stats
Loss:
  total: 0.4670086403687795
Metrics:
  kitti_dice: 0.837489664554596
  kitti_jaccard_macro: 0.38105541467666626
  kitti_jaccard_micro: 0.7441688179969788

2024-06-14 15:12:56,363 - INFO - Epoch 19/60
2024-06-14 15:13:31,187 - INFO - Train Stats
Loss:
  total: 0.2772311419248581
Metrics:
  kitti_dice: 0.8901146981451247
  kitti_jaccard_macro: 0.4261937422884835
  kitti_jaccard_micro: 0.8335833218362596

2024-06-14 15:13:32,679 - INFO - Validation Stats
Loss:
  total: 0.5784139136473337
Metrics:
  kitti_dice: 0.8269526561101278
  kitti_jaccard_macro: 0.3433584968249003
  kitti_jaccard_micro: 0.7277558048566183

2024-06-14 15:13:32,679 - INFO - Epoch 20/60
2024-06-14 15:14:07,548 - INFO - Train Stats
Loss:
  total: 0.2694627361165153
Metrics:
  kitti_dice: 0.8932419949107699
  kitti_jaccard_macro: 0.43324645194742417
  kitti_jaccard_micro: 0.8393363224135505

2024-06-14 15:14:09,031 - INFO - Validation Stats
Loss:
  total: 0.4280040164788564
Metrics:
  kitti_dice: 0.8532241384188334
  kitti_jaccard_macro: 0.40804649392763775
  kitti_jaccard_micro: 0.769966701666514

2024-06-14 15:14:10,707 - INFO - Epoch 21/60
2024-06-14 15:14:45,451 - INFO - Train Stats
Loss:
  total: 0.23357616696092817
Metrics:
  kitti_dice: 0.9030274086528354
  kitti_jaccard_macro: 0.47115467654334175
  kitti_jaccard_micro: 0.8569911420345306

2024-06-14 15:14:46,940 - INFO - Validation Stats
Loss:
  total: 0.4618356029192607
Metrics:
  kitti_dice: 0.8500804305076599
  kitti_jaccard_macro: 0.4022016227245331
  kitti_jaccard_micro: 0.7641271154085795

2024-06-14 15:14:46,940 - INFO - Epoch 22/60
2024-06-14 15:15:21,813 - INFO - Train Stats
Loss:
  total: 0.21680070956548056
Metrics:
  kitti_dice: 0.9084869457615746
  kitti_jaccard_macro: 0.4935276707013448
  kitti_jaccard_micro: 0.8657453589969211

2024-06-14 15:15:23,306 - INFO - Validation Stats
Loss:
  total: 0.5125363568464915
Metrics:
  kitti_dice: 0.8334697882334391
  kitti_jaccard_macro: 0.38453259070714313
  kitti_jaccard_micro: 0.7388133009274801

2024-06-14 15:15:23,306 - INFO - Epoch 23/60
2024-06-14 15:15:58,167 - INFO - Train Stats
Loss:
  total: 0.20415576299031576
Metrics:
  kitti_dice: 0.9118986792034574
  kitti_jaccard_macro: 0.49224895901150173
  kitti_jaccard_micro: 0.8714685009585487

2024-06-14 15:15:59,664 - INFO - Validation Stats
Loss:
  total: 0.38569684823354083
Metrics:
  kitti_dice: 0.8640740712483724
  kitti_jaccard_macro: 0.4228504995505015
  kitti_jaccard_micro: 0.7872423529624939

2024-06-14 15:16:00,573 - INFO - Epoch 24/60
2024-06-14 15:16:35,489 - INFO - Train Stats
Loss:
  total: 0.1948023115595182
Metrics:
  kitti_dice: 0.9144536323017545
  kitti_jaccard_macro: 0.5104509426487817
  kitti_jaccard_micro: 0.876301990614997

2024-06-14 15:16:36,988 - INFO - Validation Stats
Loss:
  total: 0.478603074947993
Metrics:
  kitti_dice: 0.8460376262664795
  kitti_jaccard_macro: 0.3911870817343394
  kitti_jaccard_micro: 0.7570671637852987

2024-06-14 15:16:36,988 - INFO - Epoch 25/60
2024-06-14 15:17:11,840 - INFO - Train Stats
Loss:
  total: 0.1938232829173406
Metrics:
  kitti_dice: 0.9145218465063307
  kitti_jaccard_macro: 0.5174129290713204
  kitti_jaccard_micro: 0.8763718008995056

2024-06-14 15:17:13,337 - INFO - Validation Stats
Loss:
  total: 0.4362610379854838
Metrics:
  kitti_dice: 0.8611408273379008
  kitti_jaccard_macro: 0.4057254493236542
  kitti_jaccard_micro: 0.7817951242129008

2024-06-14 15:17:14,256 - INFO - Epoch 26/60
2024-06-14 15:17:49,170 - INFO - Train Stats
Loss:
  total: 0.19570704301198324
Metrics:
  kitti_dice: 0.9134887059529623
  kitti_jaccard_macro: 0.5102590123812357
  kitti_jaccard_micro: 0.8752011358737946

2024-06-14 15:17:50,667 - INFO - Validation Stats
Loss:
  total: 0.3839555084705353
Metrics:
  kitti_dice: 0.8669361472129822
  kitti_jaccard_macro: 0.41840972503026325
  kitti_jaccard_micro: 0.7920675675074259

2024-06-14 15:17:51,584 - INFO - Epoch 27/60
2024-06-14 15:18:26,344 - INFO - Train Stats
Loss:
  total: 0.17702528668774498
Metrics:
  kitti_dice: 0.9192411104838053
  kitti_jaccard_macro: 0.5329964905977249
  kitti_jaccard_micro: 0.8849190043078529

2024-06-14 15:18:27,836 - INFO - Validation Stats
Loss:
  total: 0.3632395366827647
Metrics:
  kitti_dice: 0.8740471204121908
  kitti_jaccard_macro: 0.4307881295681
  kitti_jaccard_micro: 0.8040148019790649

2024-06-14 15:18:28,678 - INFO - Epoch 28/60
2024-06-14 15:19:03,526 - INFO - Train Stats
Loss:
  total: 0.1674614523847898
Metrics:
  kitti_dice: 0.9215384622414907
  kitti_jaccard_macro: 0.5557734204663171
  kitti_jaccard_micro: 0.8894888030158149

2024-06-14 15:19:05,027 - INFO - Validation Stats
Loss:
  total: 0.3652651210625966
Metrics:
  kitti_dice: 0.8711442748705546
  kitti_jaccard_macro: 0.4255431691805522
  kitti_jaccard_micro: 0.7980255087216696

2024-06-14 15:19:05,027 - INFO - Epoch 29/60
2024-06-14 15:19:40,056 - INFO - Train Stats
Loss:
  total: 0.1584950296415223
Metrics:
  kitti_dice: 0.9245590931839414
  kitti_jaccard_macro: 0.5545157757070329
  kitti_jaccard_micro: 0.8941421740584903

2024-06-14 15:19:41,542 - INFO - Validation Stats
Loss:
  total: 0.43666476011276245
Metrics:
  kitti_dice: 0.8559025724728903
  kitti_jaccard_macro: 0.4078172544638316
  kitti_jaccard_micro: 0.7739755511283875

2024-06-14 15:19:41,542 - INFO - Epoch 30/60
2024-06-14 15:20:16,486 - INFO - Train Stats
Loss:
  total: 0.1556725576519966
Metrics:
  kitti_dice: 0.9255540503395928
  kitti_jaccard_macro: 0.5576145119137235
  kitti_jaccard_micro: 0.8964948025014665

2024-06-14 15:20:17,985 - INFO - Validation Stats
Loss:
  total: 0.4034137825171153
Metrics:
  kitti_dice: 0.8693009614944458
  kitti_jaccard_macro: 0.4387681980927785
  kitti_jaccard_micro: 0.7955599228541056

2024-06-14 15:20:18,827 - INFO - Epoch 31/60
2024-06-14 15:20:53,768 - INFO - Train Stats
Loss:
  total: 0.15148691998587716
Metrics:
  kitti_dice: 0.9260502722528245
  kitti_jaccard_macro: 0.5567572464545568
  kitti_jaccard_micro: 0.8977750572893355

2024-06-14 15:20:55,259 - INFO - Validation Stats
Loss:
  total: 0.39324788252512616
Metrics:
  kitti_dice: 0.8696436484654745
  kitti_jaccard_macro: 0.4158601264158885
  kitti_jaccard_micro: 0.7956061561902364

2024-06-14 15:20:55,260 - INFO - Epoch 32/60
2024-06-14 15:21:30,243 - INFO - Train Stats
Loss:
  total: 0.14664747731553185
Metrics:
  kitti_dice: 0.9274857805834876
  kitti_jaccard_macro: 0.568946972489357
  kitti_jaccard_micro: 0.8997355666425493

2024-06-14 15:21:31,740 - INFO - Validation Stats
Loss:
  total: 0.4011620879173279
Metrics:
  kitti_dice: 0.8629466692606608
  kitti_jaccard_macro: 0.41517573595046997
  kitti_jaccard_micro: 0.7849277257919312

2024-06-14 15:21:31,740 - INFO - Epoch 33/60
2024-06-14 15:22:06,659 - INFO - Train Stats
Loss:
  total: 0.1442445922229025
Metrics:
  kitti_dice: 0.9281948705514272
  kitti_jaccard_macro: 0.5702596141232384
  kitti_jaccard_micro: 0.9007986519071791

2024-06-14 15:22:08,151 - INFO - Validation Stats
Loss:
  total: 0.3824373284975688
Metrics:
  kitti_dice: 0.8709696531295776
  kitti_jaccard_macro: 0.4410328467686971
  kitti_jaccard_micro: 0.7985890905062357

2024-06-14 15:22:08,152 - INFO - Epoch 34/60
2024-06-14 15:22:43,078 - INFO - Train Stats
Loss:
  total: 0.14780964288446638
Metrics:
  kitti_dice: 0.9266160627206167
  kitti_jaccard_macro: 0.5875133176644644
  kitti_jaccard_micro: 0.8984874884287516

2024-06-14 15:22:44,574 - INFO - Validation Stats
Loss:
  total: 0.4548474848270416
Metrics:
  kitti_dice: 0.8527493079503378
  kitti_jaccard_macro: 0.41634146372477215
  kitti_jaccard_micro: 0.7683155735333761

2024-06-14 15:22:44,574 - INFO - Epoch 35/60
2024-06-14 15:23:19,478 - INFO - Train Stats
Loss:
  total: 0.16273580325974357
Metrics:
  kitti_dice: 0.9217073619365692
  kitti_jaccard_macro: 0.5783700446287791
  kitti_jaccard_micro: 0.8898837102784051

2024-06-14 15:23:20,966 - INFO - Validation Stats
Loss:
  total: 0.43083275357882184
Metrics:
  kitti_dice: 0.8564733862876892
  kitti_jaccard_macro: 0.4159962733586629
  kitti_jaccard_micro: 0.775645891825358

2024-06-14 15:23:21,843 - INFO - Epoch 36/60
2024-06-14 15:23:56,676 - INFO - Train Stats
Loss:
  total: 0.17153627591000664
Metrics:
  kitti_dice: 0.9191278285450406
  kitti_jaccard_macro: 0.5624629159768423
  kitti_jaccard_micro: 0.8847090237670474

2024-06-14 15:23:58,172 - INFO - Validation Stats
Loss:
  total: 0.4859381119410197
Metrics:
  kitti_dice: 0.8493586778640747
  kitti_jaccard_macro: 0.4346647063891093
  kitti_jaccard_micro: 0.7634071906407675

2024-06-14 15:23:58,173 - INFO - Epoch 37/60
2024-06-14 15:24:33,128 - INFO - Train Stats
Loss:
  total: 0.16093845748239094
Metrics:
  kitti_dice: 0.9228030376964145
  kitti_jaccard_macro: 0.5828016615576215
  kitti_jaccard_micro: 0.8913164039452871

2024-06-14 15:24:34,624 - INFO - Validation Stats
Loss:
  total: 0.41840021808942157
Metrics:
  kitti_dice: 0.8620165387789408
  kitti_jaccard_macro: 0.41752790411313373
  kitti_jaccard_micro: 0.7834154566129049

2024-06-14 15:24:34,624 - INFO - Epoch 38/60
2024-06-14 15:25:09,613 - INFO - Train Stats
Loss:
  total: 0.15527531794375843
Metrics:
  kitti_dice: 0.9244916637738546
  kitti_jaccard_macro: 0.5753678547011482
  kitti_jaccard_micro: 0.8940196699566312

2024-06-14 15:25:11,109 - INFO - Validation Stats
Loss:
  total: 0.46623267730077106
Metrics:
  kitti_dice: 0.8577319184939066
  kitti_jaccard_macro: 0.40566686789194745
  kitti_jaccard_micro: 0.7762100100517273

2024-06-14 15:25:11,109 - INFO - Epoch 39/60
2024-06-14 15:25:46,128 - INFO - Train Stats
Loss:
  total: 0.14678685946596992
Metrics:
  kitti_dice: 0.9269387821356455
  kitti_jaccard_macro: 0.5775880465904871
  kitti_jaccard_micro: 0.8994008600711823

2024-06-14 15:25:47,617 - INFO - Validation Stats
Loss:
  total: 0.3817928334077199
Metrics:
  kitti_dice: 0.873017430305481
  kitti_jaccard_macro: 0.4616329570611318
  kitti_jaccard_micro: 0.8021527926127116

2024-06-14 15:25:47,617 - INFO - Epoch 40/60
2024-06-14 15:26:22,565 - INFO - Train Stats
Loss:
  total: 0.13847405339280763
Metrics:
  kitti_dice: 0.9293578267097473
  kitti_jaccard_macro: 0.6059003439214494
  kitti_jaccard_micro: 0.9035667214128706

2024-06-14 15:26:24,062 - INFO - Validation Stats
Loss:
  total: 0.42213868101437885
Metrics:
  kitti_dice: 0.8623899221420288
  kitti_jaccard_macro: 0.43252575397491455
  kitti_jaccard_micro: 0.7840702931086222

2024-06-14 15:26:24,970 - INFO - Epoch 41/60
2024-06-14 15:26:59,983 - INFO - Train Stats
Loss:
  total: 0.12884036492970255
Metrics:
  kitti_dice: 0.9319324162271287
  kitti_jaccard_macro: 0.6314597129821777
  kitti_jaccard_micro: 0.9084834323989021

2024-06-14 15:27:01,482 - INFO - Validation Stats
Loss:
  total: 0.40007073680559796
Metrics:
  kitti_dice: 0.87132861216863
  kitti_jaccard_macro: 0.43989628553390503
  kitti_jaccard_micro: 0.7991479833920797

2024-06-14 15:27:01,482 - INFO - Epoch 42/60
2024-06-14 15:27:36,499 - INFO - Train Stats
Loss:
  total: 0.12420761585235596
Metrics:
  kitti_dice: 0.9333867761823866
  kitti_jaccard_macro: 0.6381345954206255
  kitti_jaccard_micro: 0.9112575650215149

2024-06-14 15:27:37,984 - INFO - Validation Stats
Loss:
  total: 0.4437805513540904
Metrics:
  kitti_dice: 0.8655822078386942
  kitti_jaccard_macro: 0.44179495175679523
  kitti_jaccard_micro: 0.7891652584075928

2024-06-14 15:27:37,984 - INFO - Epoch 43/60
2024-06-14 15:28:12,876 - INFO - Train Stats
Loss:
  total: 0.12007813900709152
Metrics:
  kitti_dice: 0.9343320462438796
  kitti_jaccard_macro: 0.6366951796743605
  kitti_jaccard_micro: 0.9127209319008721

2024-06-14 15:28:14,363 - INFO - Validation Stats
Loss:
  total: 0.4113890926043193
Metrics:
  kitti_dice: 0.8700091242790222
  kitti_jaccard_macro: 0.44384827216466266
  kitti_jaccard_micro: 0.797052264213562

2024-06-14 15:28:14,364 - INFO - Epoch 44/60
2024-06-14 15:28:49,400 - INFO - Train Stats
Loss:
  total: 0.11846817077861892
Metrics:
  kitti_dice: 0.9351051648457845
  kitti_jaccard_macro: 0.6484280659092797
  kitti_jaccard_micro: 0.9141635199387869

2024-06-14 15:28:50,895 - INFO - Validation Stats
Loss:
  total: 0.44696658849716187
Metrics:
  kitti_dice: 0.8642838398615519
  kitti_jaccard_macro: 0.43171507120132446
  kitti_jaccard_micro: 0.7872397502263387

2024-06-14 15:28:50,895 - INFO - Epoch 45/60
2024-06-14 15:29:25,947 - INFO - Train Stats
Loss:
  total: 0.11525613359279102
Metrics:
  kitti_dice: 0.9360497891902924
  kitti_jaccard_macro: 0.6418670415878296
  kitti_jaccard_micro: 0.9160743355751038

2024-06-14 15:29:27,445 - INFO - Validation Stats
Loss:
  total: 0.4275657931963603
Metrics:
  kitti_dice: 0.8681981960932413
  kitti_jaccard_macro: 0.43903229633967084
  kitti_jaccard_micro: 0.7928544680277506

2024-06-14 15:29:28,238 - INFO - Epoch 46/60
2024-06-14 15:30:03,044 - INFO - Train Stats
Loss:
  total: 0.1125652827322483
Metrics:
  kitti_dice: 0.9369571771886613
  kitti_jaccard_macro: 0.6519345227215025
  kitti_jaccard_micro: 0.9178975224494934

2024-06-14 15:30:04,528 - INFO - Validation Stats
Loss:
  total: 0.4217526415983836
Metrics:
  kitti_dice: 0.867193599541982
  kitti_jaccard_macro: 0.45266659061113995
  kitti_jaccard_micro: 0.7920577526092529

2024-06-14 15:30:04,528 - INFO - Epoch 47/60
2024-06-14 15:30:39,496 - INFO - Train Stats
Loss:
  total: 0.11064226801196735
Metrics:
  kitti_dice: 0.9375486274560293
  kitti_jaccard_macro: 0.6459912293487124
  kitti_jaccard_micro: 0.9189603957864974

2024-06-14 15:30:40,994 - INFO - Validation Stats
Loss:
  total: 0.47237129012743634
Metrics:
  kitti_dice: 0.8630210558573405
  kitti_jaccard_macro: 0.42711569865544635
  kitti_jaccard_micro: 0.7846905390421549

2024-06-14 15:30:40,994 - INFO - Epoch 48/60
2024-06-14 15:31:15,975 - INFO - Train Stats
Loss:
  total: 0.10713211736745304
Metrics:
  kitti_dice: 0.9377160635259416
  kitti_jaccard_macro: 0.6578826043340895
  kitti_jaccard_micro: 0.9206988877720303

2024-06-14 15:31:17,472 - INFO - Validation Stats
Loss:
  total: 0.4624589780966441
Metrics:
  kitti_dice: 0.86318039894104
  kitti_jaccard_macro: 0.44403953353563946
  kitti_jaccard_micro: 0.7850340008735657

2024-06-14 15:31:17,473 - INFO - Epoch 49/60
2024-06-14 15:31:52,508 - INFO - Train Stats
Loss:
  total: 0.10606024911006291
Metrics:
  kitti_dice: 0.9387184745735593
  kitti_jaccard_macro: 0.6569637325074937
  kitti_jaccard_micro: 0.9212668637434641

2024-06-14 15:31:54,006 - INFO - Validation Stats
Loss:
  total: 0.4314468204975128
Metrics:
  kitti_dice: 0.867517093817393
  kitti_jaccard_macro: 0.44204114874204
  kitti_jaccard_micro: 0.7919863859812418

2024-06-14 15:31:54,006 - INFO - Epoch 50/60
2024-06-14 15:32:28,964 - INFO - Train Stats
Loss:
  total: 0.10348284575674269
Metrics:
  kitti_dice: 0.9399639334943559
  kitti_jaccard_macro: 0.67508997519811
  kitti_jaccard_micro: 0.9232592218452029

2024-06-14 15:32:30,459 - INFO - Validation Stats
Loss:
  total: 0.47222955028216046
Metrics:
  kitti_dice: 0.8623834451039633
  kitti_jaccard_macro: 0.44590334097544354
  kitti_jaccard_micro: 0.7838597496350607

2024-06-14 15:32:31,365 - INFO - Epoch 51/60
2024-06-14 15:33:06,253 - INFO - Train Stats
Loss:
  total: 0.10317246988415718
Metrics:
  kitti_dice: 0.9391817682319217
  kitti_jaccard_macro: 0.673321031861835
  kitti_jaccard_micro: 0.9223571982648637

2024-06-14 15:33:07,747 - INFO - Validation Stats
Loss:
  total: 0.44772711396217346
Metrics:
  kitti_dice: 0.8638322750727335
  kitti_jaccard_macro: 0.4412757158279419
  kitti_jaccard_micro: 0.7863202889760336

2024-06-14 15:33:07,747 - INFO - Epoch 52/60
2024-06-14 15:33:42,769 - INFO - Train Stats
Loss:
  total: 0.10122827481892374
Metrics:
  kitti_dice: 0.9400787154833475
  kitti_jaccard_macro: 0.6875508394506242
  kitti_jaccard_micro: 0.9239682687653435

2024-06-14 15:33:44,259 - INFO - Validation Stats
Loss:
  total: 0.4587416648864746
Metrics:
  kitti_dice: 0.8665923078854879
  kitti_jaccard_macro: 0.4401303728421529
  kitti_jaccard_micro: 0.7904377778371176

2024-06-14 15:33:44,259 - INFO - Epoch 53/60
2024-06-14 15:34:19,158 - INFO - Train Stats
Loss:
  total: 0.10029725233713786
Metrics:
  kitti_dice: 0.9400432871447669
  kitti_jaccard_macro: 0.6712369819482168
  kitti_jaccard_micro: 0.9240458011627197

2024-06-14 15:34:20,643 - INFO - Validation Stats
Loss:
  total: 0.4492083787918091
Metrics:
  kitti_dice: 0.8674033284187317
  kitti_jaccard_macro: 0.453675111134847
  kitti_jaccard_micro: 0.7925639549891154

2024-06-14 15:34:20,643 - INFO - Epoch 54/60
2024-06-14 15:34:55,592 - INFO - Train Stats
Loss:
  total: 0.09863879490229818
Metrics:
  kitti_dice: 0.9408389892843034
  kitti_jaccard_macro: 0.7098813984129164
  kitti_jaccard_micro: 0.925361563762029

2024-06-14 15:34:57,085 - INFO - Validation Stats
Loss:
  total: 0.4469005564848582
Metrics:
  kitti_dice: 0.8692592779795328
  kitti_jaccard_macro: 0.4541931450366974
  kitti_jaccard_micro: 0.7949724594751993

2024-06-14 15:34:57,085 - INFO - Epoch 55/60
2024-06-14 15:35:32,127 - INFO - Train Stats
Loss:
  total: 0.09911744627687666
Metrics:
  kitti_dice: 0.9403547975752089
  kitti_jaccard_macro: 0.6796477172109816
  kitti_jaccard_micro: 0.9247927235232459

2024-06-14 15:35:33,616 - INFO - Validation Stats
Loss:
  total: 0.44777392347653705
Metrics:
  kitti_dice: 0.8708069920539856
  kitti_jaccard_macro: 0.45015667875607807
  kitti_jaccard_micro: 0.798159658908844

2024-06-14 15:35:34,451 - INFO - Epoch 56/60
2024-06-14 15:36:09,319 - INFO - Train Stats
Loss:
  total: 0.09888328446282281
Metrics:
  kitti_dice: 0.9406073490778605
  kitti_jaccard_macro: 0.6867342591285706
  kitti_jaccard_micro: 0.9248603814178042

2024-06-14 15:36:10,805 - INFO - Validation Stats
Loss:
  total: 0.49377450346946716
Metrics:
  kitti_dice: 0.8621084094047546
  kitti_jaccard_macro: 0.43737945954004925
  kitti_jaccard_micro: 0.783387819925944

2024-06-14 15:36:10,805 - INFO - Epoch 57/60
2024-06-14 15:36:45,740 - INFO - Train Stats
Loss:
  total: 0.09682702521483104
Metrics:
  kitti_dice: 0.9414488540755378
  kitti_jaccard_macro: 0.7004055182139078
  kitti_jaccard_micro: 0.926305459605323

2024-06-14 15:36:47,230 - INFO - Validation Stats
Loss:
  total: 0.437931090593338
Metrics:
  kitti_dice: 0.8693820635477701
  kitti_jaccard_macro: 0.45254677534103394
  kitti_jaccard_micro: 0.7952564358711243

2024-06-14 15:36:47,230 - INFO - Epoch 58/60
2024-06-14 15:37:22,164 - INFO - Train Stats
Loss:
  total: 0.09695159933633274
Metrics:
  kitti_dice: 0.9412011239263747
  kitti_jaccard_macro: 0.6952054103215536
  kitti_jaccard_micro: 0.925527079237832

2024-06-14 15:37:23,660 - INFO - Validation Stats
Loss:
  total: 0.48471344510714215
Metrics:
  kitti_dice: 0.8628652095794678
  kitti_jaccard_macro: 0.43234967192014057
  kitti_jaccard_micro: 0.783977727095286

2024-06-14 15:37:23,660 - INFO - Epoch 59/60
2024-06-14 15:37:58,620 - INFO - Train Stats
Loss:
  total: 0.0951004574696223
Metrics:
  kitti_dice: 0.9396609730190701
  kitti_jaccard_macro: 0.7038873930772146
  kitti_jaccard_micro: 0.9268959297074212

2024-06-14 15:38:00,112 - INFO - Validation Stats
Loss:
  total: 0.45947880546251935
Metrics:
  kitti_dice: 0.864432672659556
  kitti_jaccard_macro: 0.44550323486328125
  kitti_jaccard_micro: 0.7869439522425333

2024-06-14 15:38:00,112 - INFO - Epoch 60/60
2024-06-14 15:38:35,094 - INFO - Train Stats
Loss:
  total: 0.12185186934139994
Metrics:
  kitti_dice: 0.9329793916808234
  kitti_jaccard_macro: 0.6728223065535227
  kitti_jaccard_micro: 0.9104497763845656

2024-06-14 15:38:36,574 - INFO - Validation Stats
Loss:
  total: 0.5426770647366842
Metrics:
  kitti_dice: 0.8513871630032858
  kitti_jaccard_macro: 0.4086423416932424
  kitti_jaccard_micro: 0.7670435905456543

2024-06-14 15:38:37,470 - INFO - Best validation loss: 0.3632395366827647
2024-06-14 15:38:37,952 - INFO - Best model saved to /home/up201905337/exploring-label-efficiency/weights/sl_kitti_deeplabv3.pth
2024-06-14 15:38:37,953 - INFO - Training took 2202.818423271179 seconds to complete
