2024-03-30 14:50:12,850 - INFO - Loading configuration files...
2024-03-30 14:50:14,771 - INFO - Loading model configuration
args:
  backbone: resnet101
  num_classes: 20
class: DeepLabV3

2024-03-30 14:50:14,794 - INFO - Loading train_dataset configuration
args:
  num_labeled: 1238
  root: /data/auto/cityscapes
  train_val_split: 2475
class: SemiSupervisedCityscapesSeg

2024-03-30 14:50:14,815 - INFO - Loading val_dataset configuration
args:
  mode: fine
  root: /data/auto/cityscapes
  train_val_split: 2475
class: CityscapesSeg

2024-03-30 14:50:14,823 - INFO - Loading optimizer configuration
args:
  lr: 0.007
  momentum: 0.9
  weight_decay: 0.0005
class: SGD

2024-03-30 14:50:14,824 - INFO - Loading loss configuration
args: {}
class: CrossEntropyLoss

2024-03-30 14:50:14,834 - INFO - Loading metrics configuration
cityscapes_dice:
  args:
    average: micro
    ignore_index: 0
    num_classes: 20
  class: Dice
cityscapes_jaccard_macro:
  args:
    average: macro
    ignore_index: 0
    num_classes: 20
    task: multiclass
    validate_args: false
  class: JaccardIndex
cityscapes_jaccard_micro:
  args:
    average: micro
    ignore_index: 0
    num_classes: 20
    task: multiclass
    validate_args: false
  class: JaccardIndex

2024-03-30 14:50:14,839 - INFO - Loading scheduler configuration
args:
  power: 0.9
  total_iters: 120
class: PolynomialLR

2024-03-30 14:50:14,839 - INFO - Loading hyperparameters configuration
batch_size: 16
ema_decay: null
epochs: 120
num_workers: 4
save_freq: 10

2024-03-30 14:50:15,233 - INFO - Using device: cuda
2024-03-30 14:50:15,627 - INFO - Training for 120 epochs
2024-03-30 14:50:15,628 - INFO - Epoch 1/120
2024-03-30 14:53:10,821 - INFO - Train Stats
Loss:
  total: 0.9167361951027161
Metrics:
  cityscapes_dice: 0.7676914308506709
  cityscapes_jaccard_macro: 0.19770160102500364
  cityscapes_jaccard_micro: 0.6694172612415292

2024-03-30 14:53:36,398 - INFO - Validation Stats
Loss:
  total: 0.6095817554742098
Metrics:
  cityscapes_dice: 0.8405310567468405
  cityscapes_jaccard_macro: 0.25647270446643233
  cityscapes_jaccard_micro: 0.7539242580533028

2024-03-30 14:53:36,979 - INFO - Epoch 2/120
2024-03-30 14:56:30,878 - INFO - Train Stats
Loss:
  total: 0.5064724679940786
Metrics:
  cityscapes_dice: 0.8676165158932025
  cityscapes_jaccard_macro: 0.28260433559234327
  cityscapes_jaccard_micro: 0.7936520966199728

2024-03-30 14:57:00,113 - INFO - Validation Stats
Loss:
  total: 0.48264721129089594
Metrics:
  cityscapes_dice: 0.8725382518023252
  cityscapes_jaccard_macro: 0.31037355680018663
  cityscapes_jaccard_micro: 0.8011422734707594

2024-03-30 14:57:00,900 - INFO - Epoch 3/120
2024-03-30 14:59:54,821 - INFO - Train Stats
Loss:
  total: 0.42531857582239
Metrics:
  cityscapes_dice: 0.8855806642617935
  cityscapes_jaccard_macro: 0.32231727968423796
  cityscapes_jaccard_micro: 0.8185238983386602

2024-03-30 15:00:27,363 - INFO - Validation Stats
Loss:
  total: 0.4632139252498746
Metrics:
  cityscapes_dice: 0.8743990994989872
  cityscapes_jaccard_macro: 0.3431566394865513
  cityscapes_jaccard_micro: 0.8033163994550705

2024-03-30 15:00:28,243 - INFO - Epoch 4/120
2024-03-30 15:03:22,689 - INFO - Train Stats
Loss:
  total: 0.38012343874344456
Metrics:
  cityscapes_dice: 0.8947378893693289
  cityscapes_jaccard_macro: 0.3686513419334705
  cityscapes_jaccard_micro: 0.8311460354389288

2024-03-30 15:03:54,151 - INFO - Validation Stats
Loss:
  total: 0.41730104852467775
Metrics:
  cityscapes_dice: 0.88769063167274
  cityscapes_jaccard_macro: 0.3825184889137745
  cityscapes_jaccard_micro: 0.827648563310504

2024-03-30 15:03:55,061 - INFO - Epoch 5/120
2024-03-30 15:06:49,354 - INFO - Train Stats
Loss:
  total: 0.3415627957154543
Metrics:
  cityscapes_dice: 0.9024545825444735
  cityscapes_jaccard_macro: 0.3917844272576846
  cityscapes_jaccard_micro: 0.8428961023306235

2024-03-30 15:07:19,578 - INFO - Validation Stats
Loss:
  total: 0.39342211186885834
Metrics:
  cityscapes_dice: 0.8926382958889008
  cityscapes_jaccard_macro: 0.4106443552300334
  cityscapes_jaccard_micro: 0.8310246486216784

2024-03-30 15:07:20,454 - INFO - Epoch 6/120
2024-03-30 15:10:15,060 - INFO - Train Stats
Loss:
  total: 0.31974919579732114
Metrics:
  cityscapes_dice: 0.9079888019806299
  cityscapes_jaccard_macro: 0.4136376407666084
  cityscapes_jaccard_micro: 0.8500727843015622

2024-03-30 15:10:47,476 - INFO - Validation Stats
Loss:
  total: 0.3665873440913856
Metrics:
  cityscapes_dice: 0.899952495470643
  cityscapes_jaccard_macro: 0.4283876046538353
  cityscapes_jaccard_micro: 0.8427761979401112

2024-03-30 15:10:48,378 - INFO - Epoch 7/120
2024-03-30 15:13:42,885 - INFO - Train Stats
Loss:
  total: 0.2930867778949248
Metrics:
  cityscapes_dice: 0.9145659598020407
  cityscapes_jaccard_macro: 0.4344795808578149
  cityscapes_jaccard_micro: 0.8609724870094886

2024-03-30 15:14:15,569 - INFO - Validation Stats
Loss:
  total: 0.36292924359440804
Metrics:
  cityscapes_dice: 0.898832006379962
  cityscapes_jaccard_macro: 0.4394961856305599
  cityscapes_jaccard_micro: 0.8404840510338545

2024-03-30 15:14:16,437 - INFO - Epoch 8/120
2024-03-30 15:17:11,372 - INFO - Train Stats
Loss:
  total: 0.27632745049702817
Metrics:
  cityscapes_dice: 0.9194792363888178
  cityscapes_jaccard_macro: 0.45605385991243214
  cityscapes_jaccard_micro: 0.8682756737256662

2024-03-30 15:17:41,721 - INFO - Validation Stats
Loss:
  total: 0.3351337048225105
Metrics:
  cityscapes_dice: 0.907757131382823
  cityscapes_jaccard_macro: 0.467335413210094
  cityscapes_jaccard_micro: 0.8563816752284765

2024-03-30 15:17:42,657 - INFO - Epoch 9/120
2024-03-30 15:20:37,419 - INFO - Train Stats
Loss:
  total: 0.2636190899289571
Metrics:
  cityscapes_dice: 0.923207231821158
  cityscapes_jaccard_macro: 0.4832295022713832
  cityscapes_jaccard_micro: 0.874164702800604

2024-03-30 15:21:09,767 - INFO - Validation Stats
Loss:
  total: 0.3594282050617039
Metrics:
  cityscapes_dice: 0.9013449046760798
  cityscapes_jaccard_macro: 0.4652792541310191
  cityscapes_jaccard_micro: 0.8437271118164062

2024-03-30 15:21:09,767 - INFO - Epoch 10/120
2024-03-30 15:24:03,979 - INFO - Train Stats
Loss:
  total: 0.25546735792587966
Metrics:
  cityscapes_dice: 0.9251862107179104
  cityscapes_jaccard_macro: 0.49543449129813755
  cityscapes_jaccard_micro: 0.8776654723363045

2024-03-30 15:24:33,969 - INFO - Validation Stats
Loss:
  total: 0.3205367596819997
Metrics:
  cityscapes_dice: 0.911966722458601
  cityscapes_jaccard_macro: 0.49703466705977917
  cityscapes_jaccard_micro: 0.8633201476186514

2024-03-30 15:24:35,555 - INFO - Epoch 11/120
2024-03-30 15:27:30,000 - INFO - Train Stats
Loss:
  total: 0.2408428071783139
Metrics:
  cityscapes_dice: 0.9286833367286584
  cityscapes_jaccard_macro: 0.5118856670764776
  cityscapes_jaccard_micro: 0.8824293621075459

2024-03-30 15:27:59,421 - INFO - Validation Stats
Loss:
  total: 0.33438233146443963
Metrics:
  cityscapes_dice: 0.9119095467031002
  cityscapes_jaccard_macro: 0.5050280699506402
  cityscapes_jaccard_micro: 0.8637101594358683

2024-03-30 15:27:59,421 - INFO - Epoch 12/120
2024-03-30 15:30:54,042 - INFO - Train Stats
Loss:
  total: 0.23322720806568098
Metrics:
  cityscapes_dice: 0.9309328504097767
  cityscapes_jaccard_macro: 0.5277443623695618
  cityscapes_jaccard_micro: 0.8857715129852295

2024-03-30 15:31:23,490 - INFO - Validation Stats
Loss:
  total: 0.3173513365909457
Metrics:
  cityscapes_dice: 0.9146036840975285
  cityscapes_jaccard_macro: 0.5031565269455314
  cityscapes_jaccard_micro: 0.8688999693840742

2024-03-30 15:31:24,382 - INFO - Epoch 13/120
2024-03-30 15:34:18,951 - INFO - Train Stats
Loss:
  total: 0.22368377160567504
Metrics:
  cityscapes_dice: 0.9334401045090113
  cityscapes_jaccard_macro: 0.5299901018540064
  cityscapes_jaccard_micro: 0.8898769724063385

2024-03-30 15:34:50,814 - INFO - Validation Stats
Loss:
  total: 0.3385237893089652
Metrics:
  cityscapes_dice: 0.9074653051793575
  cityscapes_jaccard_macro: 0.5077130729332566
  cityscapes_jaccard_micro: 0.8553923051804304

2024-03-30 15:34:50,815 - INFO - Epoch 14/120
2024-03-30 15:37:44,950 - INFO - Train Stats
Loss:
  total: 0.22274690236036593
Metrics:
  cityscapes_dice: 0.9333089704696949
  cityscapes_jaccard_macro: 0.5419913782523229
  cityscapes_jaccard_micro: 0.8894464618120438

2024-03-30 15:38:14,925 - INFO - Validation Stats
Loss:
  total: 0.3041609129868448
Metrics:
  cityscapes_dice: 0.9162391871213913
  cityscapes_jaccard_macro: 0.5115618696436286
  cityscapes_jaccard_micro: 0.867557005956769

2024-03-30 15:38:15,789 - INFO - Epoch 15/120
2024-03-30 15:41:10,180 - INFO - Train Stats
Loss:
  total: 0.2138472652206054
Metrics:
  cityscapes_dice: 0.9359060143813108
  cityscapes_jaccard_macro: 0.5578384120494891
  cityscapes_jaccard_micro: 0.8934541734365317

2024-03-30 15:41:42,647 - INFO - Validation Stats
Loss:
  total: 0.32204321026802063
Metrics:
  cityscapes_dice: 0.9154424089938402
  cityscapes_jaccard_macro: 0.5217469902709126
  cityscapes_jaccard_micro: 0.8658261075615883

2024-03-30 15:41:42,648 - INFO - Epoch 16/120
2024-03-30 15:44:37,191 - INFO - Train Stats
Loss:
  total: 0.20678230088490707
Metrics:
  cityscapes_dice: 0.9378705360950568
  cityscapes_jaccard_macro: 0.5587974477272767
  cityscapes_jaccard_micro: 0.8965439238609412

2024-03-30 15:45:09,791 - INFO - Validation Stats
Loss:
  total: 0.3156021204777062
Metrics:
  cityscapes_dice: 0.9165083393454552
  cityscapes_jaccard_macro: 0.5227866871282458
  cityscapes_jaccard_micro: 0.8696884214878082

2024-03-30 15:45:09,792 - INFO - Epoch 17/120
2024-03-30 15:48:04,036 - INFO - Train Stats
Loss:
  total: 0.20541790834604165
Metrics:
  cityscapes_dice: 0.938145284469311
  cityscapes_jaccard_macro: 0.560987691466625
  cityscapes_jaccard_micro: 0.8968667349754236

2024-03-30 15:48:36,778 - INFO - Validation Stats
Loss:
  total: 0.3042889256030321
Metrics:
  cityscapes_dice: 0.9175769686698914
  cityscapes_jaccard_macro: 0.5338617758825421
  cityscapes_jaccard_micro: 0.8725371398031712

2024-03-30 15:48:36,778 - INFO - Epoch 18/120
2024-03-30 15:51:31,403 - INFO - Train Stats
Loss:
  total: 0.19883728409424806
Metrics:
  cityscapes_dice: 0.939774847183472
  cityscapes_jaccard_macro: 0.5720674964861993
  cityscapes_jaccard_micro: 0.8994136911172134

2024-03-30 15:52:02,239 - INFO - Validation Stats
Loss:
  total: 0.31881749676540494
Metrics:
  cityscapes_dice: 0.9172157570719719
  cityscapes_jaccard_macro: 0.5135140204802155
  cityscapes_jaccard_micro: 0.8709246702492237

2024-03-30 15:52:02,239 - INFO - Epoch 19/120
2024-03-30 15:54:56,293 - INFO - Train Stats
Loss:
  total: 0.19676736226448646
Metrics:
  cityscapes_dice: 0.9400211847745455
  cityscapes_jaccard_macro: 0.5760166496038437
  cityscapes_jaccard_micro: 0.899426804139064

2024-03-30 15:55:27,698 - INFO - Validation Stats
Loss:
  total: 0.32231443421915174
Metrics:
  cityscapes_dice: 0.9169944655150175
  cityscapes_jaccard_macro: 0.5347415469586849
  cityscapes_jaccard_micro: 0.873495377600193

2024-03-30 15:55:27,698 - INFO - Epoch 20/120
2024-03-30 15:58:22,353 - INFO - Train Stats
Loss:
  total: 0.1902869280714255
Metrics:
  cityscapes_dice: 0.9421548117429782
  cityscapes_jaccard_macro: 0.5820736334874079
  cityscapes_jaccard_micro: 0.9031574405156649

2024-03-30 15:58:51,544 - INFO - Validation Stats
Loss:
  total: 0.3012659181840718
Metrics:
  cityscapes_dice: 0.9181411378085613
  cityscapes_jaccard_macro: 0.5380105413496494
  cityscapes_jaccard_micro: 0.8709603175520897

2024-03-30 15:58:53,266 - INFO - Epoch 21/120
2024-03-30 16:01:47,582 - INFO - Train Stats
Loss:
  total: 0.1889041990805895
Metrics:
  cityscapes_dice: 0.9424238013915527
  cityscapes_jaccard_macro: 0.5869875664894397
  cityscapes_jaccard_micro: 0.9034005961357019

2024-03-30 16:02:17,495 - INFO - Validation Stats
Loss:
  total: 0.2993477936834097
Metrics:
  cityscapes_dice: 0.9206333961337805
  cityscapes_jaccard_macro: 0.5409197928383946
  cityscapes_jaccard_micro: 0.8762711472809315

2024-03-30 16:02:18,348 - INFO - Epoch 22/120
2024-03-30 16:05:12,523 - INFO - Train Stats
Loss:
  total: 0.18608894734046397
Metrics:
  cityscapes_dice: 0.9430632591247559
  cityscapes_jaccard_macro: 0.599680034395976
  cityscapes_jaccard_micro: 0.9041729653492953

2024-03-30 16:05:43,859 - INFO - Validation Stats
Loss:
  total: 0.2902924627996981
Metrics:
  cityscapes_dice: 0.9231434538960457
  cityscapes_jaccard_macro: 0.5445041600614786
  cityscapes_jaccard_micro: 0.8799987435340881

2024-03-30 16:05:44,783 - INFO - Epoch 23/120
2024-03-30 16:08:39,469 - INFO - Train Stats
Loss:
  total: 0.18428866412395087
Metrics:
  cityscapes_dice: 0.9437013451869671
  cityscapes_jaccard_macro: 0.5991797267626493
  cityscapes_jaccard_micro: 0.9052899334675226

2024-03-30 16:09:08,973 - INFO - Validation Stats
Loss:
  total: 0.302752542309463
Metrics:
  cityscapes_dice: 0.9209480937570333
  cityscapes_jaccard_macro: 0.5499975876882672
  cityscapes_jaccard_micro: 0.8757848497480154

2024-03-30 16:09:08,973 - INFO - Epoch 24/120
2024-03-30 16:12:03,445 - INFO - Train Stats
Loss:
  total: 0.17929151405890784
Metrics:
  cityscapes_dice: 0.9448670408664606
  cityscapes_jaccard_macro: 0.5955352057249118
  cityscapes_jaccard_micro: 0.9066989421844482

2024-03-30 16:12:31,675 - INFO - Validation Stats
Loss:
  total: 0.3056673058308661
Metrics:
  cityscapes_dice: 0.9213481433689594
  cityscapes_jaccard_macro: 0.5431686760857701
  cityscapes_jaccard_micro: 0.8784106988459826

2024-03-30 16:12:31,675 - INFO - Epoch 25/120
2024-03-30 16:15:26,128 - INFO - Train Stats
Loss:
  total: 0.1774010941004142
Metrics:
  cityscapes_dice: 0.9454408685366312
  cityscapes_jaccard_macro: 0.6113340243315085
  cityscapes_jaccard_micro: 0.9081854277696365

2024-03-30 16:15:54,586 - INFO - Validation Stats
Loss:
  total: 0.3008469697088003
Metrics:
  cityscapes_dice: 0.9222569763660431
  cityscapes_jaccard_macro: 0.5440451689064503
  cityscapes_jaccard_micro: 0.8795028310269117

2024-03-30 16:15:54,586 - INFO - Epoch 26/120
2024-03-30 16:18:48,982 - INFO - Train Stats
Loss:
  total: 0.1729107405512761
Metrics:
  cityscapes_dice: 0.9465572704107333
  cityscapes_jaccard_macro: 0.6087923844655355
  cityscapes_jaccard_micro: 0.909554612942231

2024-03-30 16:19:16,712 - INFO - Validation Stats
Loss:
  total: 0.298826499376446
Metrics:
  cityscapes_dice: 0.9224784858524799
  cityscapes_jaccard_macro: 0.5445964084938169
  cityscapes_jaccard_micro: 0.8791622463613749

2024-03-30 16:19:16,712 - INFO - Epoch 27/120
2024-03-30 16:22:11,122 - INFO - Train Stats
Loss:
  total: 0.16977892644130266
Metrics:
  cityscapes_dice: 0.9476102483578217
  cityscapes_jaccard_macro: 0.6148587320095453
  cityscapes_jaccard_micro: 0.9113988211521735

2024-03-30 16:22:42,209 - INFO - Validation Stats
Loss:
  total: 0.2988906418904662
Metrics:
  cityscapes_dice: 0.9242181330919266
  cityscapes_jaccard_macro: 0.5581247825175524
  cityscapes_jaccard_micro: 0.8826592154800892

2024-03-30 16:22:42,209 - INFO - Epoch 28/120
2024-03-30 16:25:36,604 - INFO - Train Stats
Loss:
  total: 0.17011723724695352
Metrics:
  cityscapes_dice: 0.9471118847529093
  cityscapes_jaccard_macro: 0.6184448252121607
  cityscapes_jaccard_micro: 0.9104291047805395

2024-03-30 16:26:09,063 - INFO - Validation Stats
Loss:
  total: 0.30931332521140575
Metrics:
  cityscapes_dice: 0.9212135300040245
  cityscapes_jaccard_macro: 0.544912370853126
  cityscapes_jaccard_micro: 0.878499498590827

2024-03-30 16:26:09,064 - INFO - Epoch 29/120
2024-03-30 16:29:03,527 - INFO - Train Stats
Loss:
  total: 0.1675561227095433
Metrics:
  cityscapes_dice: 0.9479811367316123
  cityscapes_jaccard_macro: 0.624889171276337
  cityscapes_jaccard_micro: 0.9117257946576828

2024-03-30 16:29:35,216 - INFO - Validation Stats
Loss:
  total: 0.29176676366478205
Metrics:
  cityscapes_dice: 0.923475120216608
  cityscapes_jaccard_macro: 0.5573197258636355
  cityscapes_jaccard_micro: 0.8805059567093849

2024-03-30 16:29:35,216 - INFO - Epoch 30/120
2024-03-30 16:32:29,569 - INFO - Train Stats
Loss:
  total: 0.16373607707329285
Metrics:
  cityscapes_dice: 0.9489075847161121
  cityscapes_jaccard_macro: 0.6223706427292947
  cityscapes_jaccard_micro: 0.9134106521423047

2024-03-30 16:33:01,294 - INFO - Validation Stats
Loss:
  total: 0.3082100539468229
Metrics:
  cityscapes_dice: 0.9218667559325695
  cityscapes_jaccard_macro: 0.5506025087088346
  cityscapes_jaccard_micro: 0.8784732241183519

2024-03-30 16:33:02,146 - INFO - Epoch 31/120
2024-03-30 16:35:56,658 - INFO - Train Stats
Loss:
  total: 0.1628657890818058
Metrics:
  cityscapes_dice: 0.9490945010613172
  cityscapes_jaccard_macro: 0.6254584689935049
  cityscapes_jaccard_micro: 0.9132715990910163

2024-03-30 16:36:30,724 - INFO - Validation Stats
Loss:
  total: 0.29647369123995304
Metrics:
  cityscapes_dice: 0.9235884733498096
  cityscapes_jaccard_macro: 0.5538651589304209
  cityscapes_jaccard_micro: 0.8822103422135115

2024-03-30 16:36:30,724 - INFO - Epoch 32/120
2024-03-30 16:39:25,407 - INFO - Train Stats
Loss:
  total: 0.1610630710537617
Metrics:
  cityscapes_dice: 0.9496598694569025
  cityscapes_jaccard_macro: 0.6299319420105371
  cityscapes_jaccard_micro: 0.9144535721876682

2024-03-30 16:39:55,500 - INFO - Validation Stats
Loss:
  total: 0.3135284394957125
Metrics:
  cityscapes_dice: 0.9222493786364794
  cityscapes_jaccard_macro: 0.5613018712028861
  cityscapes_jaccard_micro: 0.8812393005937338

2024-03-30 16:39:55,501 - INFO - Epoch 33/120
2024-03-30 16:42:49,875 - INFO - Train Stats
Loss:
  total: 0.16046213989074415
Metrics:
  cityscapes_dice: 0.9498197222367312
  cityscapes_jaccard_macro: 0.6352451520088391
  cityscapes_jaccard_micro: 0.9144962621040833

2024-03-30 16:43:18,918 - INFO - Validation Stats
Loss:
  total: 0.30225803842768073
Metrics:
  cityscapes_dice: 0.922741811722517
  cityscapes_jaccard_macro: 0.5605323789641261
  cityscapes_jaccard_micro: 0.8802617210894823

2024-03-30 16:43:18,918 - INFO - Epoch 34/120
2024-03-30 16:46:13,716 - INFO - Train Stats
Loss:
  total: 0.15698443706601095
Metrics:
  cityscapes_dice: 0.9505807214822525
  cityscapes_jaccard_macro: 0.6346195806295444
  cityscapes_jaccard_micro: 0.9157549310953189

2024-03-30 16:46:47,815 - INFO - Validation Stats
Loss:
  total: 0.30601417692378163
Metrics:
  cityscapes_dice: 0.923728458583355
  cityscapes_jaccard_macro: 0.5653934944421053
  cityscapes_jaccard_micro: 0.8837482389062643

2024-03-30 16:46:47,815 - INFO - Epoch 35/120
2024-03-30 16:49:42,295 - INFO - Train Stats
Loss:
  total: 0.1566411480307579
Metrics:
  cityscapes_dice: 0.9507448864288819
  cityscapes_jaccard_macro: 0.6428353251555027
  cityscapes_jaccard_micro: 0.9159924265665885

2024-03-30 16:50:14,901 - INFO - Validation Stats
Loss:
  total: 0.3064274047501385
Metrics:
  cityscapes_dice: 0.9240815043449402
  cityscapes_jaccard_macro: 0.5540340095758438
  cityscapes_jaccard_micro: 0.8824916500598192

2024-03-30 16:50:14,902 - INFO - Epoch 36/120
2024-03-30 16:53:08,604 - INFO - Train Stats
Loss:
  total: 0.15500391179170364
Metrics:
  cityscapes_dice: 0.9512420663466821
  cityscapes_jaccard_macro: 0.6420959860850604
  cityscapes_jaccard_micro: 0.9167801157022134

2024-03-30 16:53:37,950 - INFO - Validation Stats
Loss:
  total: 0.3064993182197213
Metrics:
  cityscapes_dice: 0.9242550246417522
  cityscapes_jaccard_macro: 0.5609322655946016
  cityscapes_jaccard_micro: 0.8827288988977671

2024-03-30 16:53:37,950 - INFO - Epoch 37/120
2024-03-30 16:56:32,077 - INFO - Train Stats
Loss:
  total: 0.15209189563607559
Metrics:
  cityscapes_dice: 0.9518871544263302
  cityscapes_jaccard_macro: 0.6382273867344245
  cityscapes_jaccard_micro: 0.9177007782153594

2024-03-30 16:57:02,852 - INFO - Validation Stats
Loss:
  total: 0.2973262472078204
Metrics:
  cityscapes_dice: 0.925435783341527
  cityscapes_jaccard_macro: 0.5562550872564316
  cityscapes_jaccard_micro: 0.8837340604513884

2024-03-30 16:57:02,853 - INFO - Epoch 38/120
2024-03-30 16:59:57,242 - INFO - Train Stats
Loss:
  total: 0.1522166595245019
Metrics:
  cityscapes_dice: 0.951958411014997
  cityscapes_jaccard_macro: 0.647976047717608
  cityscapes_jaccard_micro: 0.9179689616729052

2024-03-30 17:00:28,879 - INFO - Validation Stats
Loss:
  total: 0.291508708614856
Metrics:
  cityscapes_dice: 0.9257273208349943
  cityscapes_jaccard_macro: 0.562478132545948
  cityscapes_jaccard_micro: 0.8837596867233515

2024-03-30 17:00:28,879 - INFO - Epoch 39/120
2024-03-30 17:03:22,695 - INFO - Train Stats
Loss:
  total: 0.1508930457326082
Metrics:
  cityscapes_dice: 0.9520519207685422
  cityscapes_jaccard_macro: 0.6571732790042193
  cityscapes_jaccard_micro: 0.9178124368190765

2024-03-30 17:03:54,022 - INFO - Validation Stats
Loss:
  total: 0.30136317340657115
Metrics:
  cityscapes_dice: 0.9241353366523981
  cityscapes_jaccard_macro: 0.5527390530332923
  cityscapes_jaccard_micro: 0.8818370290100574

2024-03-30 17:03:54,023 - INFO - Epoch 40/120
2024-03-30 17:06:48,605 - INFO - Train Stats
Loss:
  total: 0.1514124946716504
Metrics:
  cityscapes_dice: 0.9520144027013046
  cityscapes_jaccard_macro: 0.6413775185743967
  cityscapes_jaccard_micro: 0.9179961054753034

2024-03-30 17:07:18,262 - INFO - Validation Stats
Loss:
  total: 0.3131981319747865
Metrics:
  cityscapes_dice: 0.924546642228961
  cityscapes_jaccard_macro: 0.5632278509438038
  cityscapes_jaccard_micro: 0.8837304431945086

2024-03-30 17:07:19,139 - INFO - Epoch 41/120
2024-03-30 17:10:13,533 - INFO - Train Stats
Loss:
  total: 0.14948312632548502
Metrics:
  cityscapes_dice: 0.9526616877470261
  cityscapes_jaccard_macro: 0.653443272297199
  cityscapes_jaccard_micro: 0.9189519775219452

2024-03-30 17:10:45,401 - INFO - Validation Stats
Loss:
  total: 0.29623314645141363
Metrics:
  cityscapes_dice: 0.9244716297835112
  cityscapes_jaccard_macro: 0.5586436288431287
  cityscapes_jaccard_micro: 0.8833794463425875

2024-03-30 17:10:45,401 - INFO - Epoch 42/120
2024-03-30 17:13:39,859 - INFO - Train Stats
Loss:
  total: 0.1473815081975399
Metrics:
  cityscapes_dice: 0.9531334867844214
  cityscapes_jaccard_macro: 0.6555803020795187
  cityscapes_jaccard_micro: 0.9197216859230628

2024-03-30 17:14:10,524 - INFO - Validation Stats
Loss:
  total: 0.3182493671774864
Metrics:
  cityscapes_dice: 0.9242609478533268
  cityscapes_jaccard_macro: 0.552820292301476
  cityscapes_jaccard_micro: 0.8837362136691809

2024-03-30 17:14:10,524 - INFO - Epoch 43/120
2024-03-30 17:17:05,029 - INFO - Train Stats
Loss:
  total: 0.14777933252163422
Metrics:
  cityscapes_dice: 0.9531630033101791
  cityscapes_jaccard_macro: 0.655824703283799
  cityscapes_jaccard_micro: 0.9197724813070053

2024-03-30 17:17:35,816 - INFO - Validation Stats
Loss:
  total: 0.3119727256707847
Metrics:
  cityscapes_dice: 0.9231263380497694
  cityscapes_jaccard_macro: 0.5609020395204425
  cityscapes_jaccard_micro: 0.8823813870549202

2024-03-30 17:17:35,817 - INFO - Epoch 44/120
2024-03-30 17:20:30,263 - INFO - Train Stats
Loss:
  total: 0.14513703598043856
Metrics:
  cityscapes_dice: 0.953794709382913
  cityscapes_jaccard_macro: 0.6533996065457662
  cityscapes_jaccard_micro: 0.9207935524292481

2024-03-30 17:21:00,164 - INFO - Validation Stats
Loss:
  total: 0.2986092511564493
Metrics:
  cityscapes_dice: 0.9257356617599726
  cityscapes_jaccard_macro: 0.5616129133850336
  cityscapes_jaccard_micro: 0.8854892197996378

2024-03-30 17:21:00,164 - INFO - Epoch 45/120
2024-03-30 17:23:54,145 - INFO - Train Stats
Loss:
  total: 0.1447242229985885
Metrics:
  cityscapes_dice: 0.9538778792589139
  cityscapes_jaccard_macro: 0.6636591064624298
  cityscapes_jaccard_micro: 0.920898824166029

2024-03-30 17:24:22,122 - INFO - Validation Stats
Loss:
  total: 0.30485108587890863
Metrics:
  cityscapes_dice: 0.9227667395025492
  cityscapes_jaccard_macro: 0.557930220849812
  cityscapes_jaccard_micro: 0.8813991863280535

2024-03-30 17:24:22,122 - INFO - Epoch 46/120
2024-03-30 17:27:15,839 - INFO - Train Stats
Loss:
  total: 0.14219763454718468
Metrics:
  cityscapes_dice: 0.954646817384622
  cityscapes_jaccard_macro: 0.6638038838521029
  cityscapes_jaccard_micro: 0.9220344347831531

2024-03-30 17:27:48,223 - INFO - Validation Stats
Loss:
  total: 0.293166384100914
Metrics:
  cityscapes_dice: 0.9272917322814465
  cityscapes_jaccard_macro: 0.5655420664697886
  cityscapes_jaccard_micro: 0.887794142588973

2024-03-30 17:27:48,224 - INFO - Epoch 47/120
2024-03-30 17:30:43,116 - INFO - Train Stats
Loss:
  total: 0.14357581247503942
Metrics:
  cityscapes_dice: 0.9541135063538184
  cityscapes_jaccard_macro: 0.663872595016773
  cityscapes_jaccard_micro: 0.9212627846461076

2024-03-30 17:31:18,841 - INFO - Validation Stats
Loss:
  total: 0.29389105876907706
Metrics:
  cityscapes_dice: 0.9268344398587942
  cityscapes_jaccard_macro: 0.573051487095654
  cityscapes_jaccard_micro: 0.8863212149590254

2024-03-30 17:31:18,841 - INFO - Epoch 48/120
2024-03-30 17:34:12,446 - INFO - Train Stats
Loss:
  total: 0.14115383189458114
Metrics:
  cityscapes_dice: 0.9547366637449998
  cityscapes_jaccard_macro: 0.6653123253431076
  cityscapes_jaccard_micro: 0.9222242511235751

2024-03-30 17:34:43,559 - INFO - Validation Stats
Loss:
  total: 0.30831326730549335
Metrics:
  cityscapes_dice: 0.9259123746305704
  cityscapes_jaccard_macro: 0.5680879456922412
  cityscapes_jaccard_micro: 0.8857096452265978

2024-03-30 17:34:43,559 - INFO - Epoch 49/120
2024-03-30 17:37:37,276 - INFO - Train Stats
Loss:
  total: 0.13948345633271414
Metrics:
  cityscapes_dice: 0.9553087254365286
  cityscapes_jaccard_macro: 0.6620445480713477
  cityscapes_jaccard_micro: 0.9231740236282349

2024-03-30 17:38:11,923 - INFO - Validation Stats
Loss:
  total: 0.29861559020355344
Metrics:
  cityscapes_dice: 0.9268817435950041
  cityscapes_jaccard_macro: 0.5695089921355247
  cityscapes_jaccard_micro: 0.8867907803505659

2024-03-30 17:38:11,923 - INFO - Epoch 50/120
2024-03-30 17:41:06,448 - INFO - Train Stats
Loss:
  total: 0.1393062389240815
Metrics:
  cityscapes_dice: 0.9553889066745074
  cityscapes_jaccard_macro: 0.675238291422526
  cityscapes_jaccard_micro: 0.9233401807454916

2024-03-30 17:41:40,395 - INFO - Validation Stats
Loss:
  total: 0.2994283912703395
Metrics:
  cityscapes_dice: 0.927466094493866
  cityscapes_jaccard_macro: 0.5771519029513001
  cityscapes_jaccard_micro: 0.8891150299459696

2024-03-30 17:41:41,294 - INFO - Epoch 51/120
2024-03-30 17:44:34,982 - INFO - Train Stats
Loss:
  total: 0.138820075071775
Metrics:
  cityscapes_dice: 0.9553129336772821
  cityscapes_jaccard_macro: 0.6614474386740954
  cityscapes_jaccard_micro: 0.9231333304674197

2024-03-30 17:45:02,712 - INFO - Validation Stats
Loss:
  total: 0.3010407695546746
Metrics:
  cityscapes_dice: 0.9257540665566921
  cityscapes_jaccard_macro: 0.5664326269179583
  cityscapes_jaccard_micro: 0.8841459136456251

2024-03-30 17:45:02,712 - INFO - Epoch 52/120
2024-03-30 17:47:56,596 - INFO - Train Stats
Loss:
  total: 0.13843571576170433
Metrics:
  cityscapes_dice: 0.9554204551073221
  cityscapes_jaccard_macro: 0.6741888989240695
  cityscapes_jaccard_micro: 0.9232590175591983

2024-03-30 17:48:25,966 - INFO - Validation Stats
Loss:
  total: 0.29426310770213604
Metrics:
  cityscapes_dice: 0.9268841650336981
  cityscapes_jaccard_macro: 0.5710249794647098
  cityscapes_jaccard_micro: 0.8864161744713783

2024-03-30 17:48:25,966 - INFO - Epoch 53/120
2024-03-30 17:51:19,485 - INFO - Train Stats
Loss:
  total: 0.13653591705056337
Metrics:
  cityscapes_dice: 0.9559666537321531
  cityscapes_jaccard_macro: 0.6716466767665668
  cityscapes_jaccard_micro: 0.9239649627453241

2024-03-30 17:51:49,384 - INFO - Validation Stats
Loss:
  total: 0.3076130421832204
Metrics:
  cityscapes_dice: 0.9258434697985649
  cityscapes_jaccard_macro: 0.5698471590876579
  cityscapes_jaccard_micro: 0.8860950209200382

2024-03-30 17:51:49,384 - INFO - Epoch 54/120
2024-03-30 17:54:43,026 - INFO - Train Stats
Loss:
  total: 0.13623161002611503
Metrics:
  cityscapes_dice: 0.9561973298207308
  cityscapes_jaccard_macro: 0.6709730716852041
  cityscapes_jaccard_micro: 0.9244828881361545

2024-03-30 17:55:11,675 - INFO - Validation Stats
Loss:
  total: 0.30915238335728645
Metrics:
  cityscapes_dice: 0.9251999761909246
  cityscapes_jaccard_macro: 0.5680394880473614
  cityscapes_jaccard_micro: 0.8850274216383696

2024-03-30 17:55:11,676 - INFO - Epoch 55/120
2024-03-30 17:58:05,110 - INFO - Train Stats
Loss:
  total: 0.13485849667818117
Metrics:
  cityscapes_dice: 0.9563297491807204
  cityscapes_jaccard_macro: 0.6748655201532902
  cityscapes_jaccard_micro: 0.9245525193520081

2024-03-30 17:58:32,912 - INFO - Validation Stats
Loss:
  total: 0.2992509286850691
Metrics:
  cityscapes_dice: 0.927323454990983
  cityscapes_jaccard_macro: 0.5652145706117153
  cityscapes_jaccard_micro: 0.8874466251581907

2024-03-30 17:58:32,912 - INFO - Epoch 56/120
2024-03-30 18:01:26,813 - INFO - Train Stats
Loss:
  total: 0.13610623442591765
Metrics:
  cityscapes_dice: 0.9560629885930282
  cityscapes_jaccard_macro: 0.6826097575517801
  cityscapes_jaccard_micro: 0.9242270986239115

2024-03-30 18:01:55,489 - INFO - Validation Stats
Loss:
  total: 0.3036247664131224
Metrics:
  cityscapes_dice: 0.9266011789441109
  cityscapes_jaccard_macro: 0.5863087885081768
  cityscapes_jaccard_micro: 0.886632839217782

2024-03-30 18:01:55,489 - INFO - Epoch 57/120
2024-03-30 18:04:49,535 - INFO - Train Stats
Loss:
  total: 0.13340151978608888
Metrics:
  cityscapes_dice: 0.9568288433246124
  cityscapes_jaccard_macro: 0.6871242164037167
  cityscapes_jaccard_micro: 0.9254276844171377

2024-03-30 18:05:21,179 - INFO - Validation Stats
Loss:
  total: 0.3058050009422004
Metrics:
  cityscapes_dice: 0.9267379958182573
  cityscapes_jaccard_macro: 0.564458766952157
  cityscapes_jaccard_micro: 0.8869377002120018

2024-03-30 18:05:21,180 - INFO - Epoch 58/120
2024-03-30 18:08:16,031 - INFO - Train Stats
Loss:
  total: 0.131465829622287
Metrics:
  cityscapes_dice: 0.9574409119593792
  cityscapes_jaccard_macro: 0.6733635488228921
  cityscapes_jaccard_micro: 0.9264718615091764

2024-03-30 18:08:48,062 - INFO - Validation Stats
Loss:
  total: 0.29090375592932105
Metrics:
  cityscapes_dice: 0.9293469842523336
  cityscapes_jaccard_macro: 0.5695676384493709
  cityscapes_jaccard_micro: 0.8900718726217747

2024-03-30 18:08:48,062 - INFO - Epoch 59/120
2024-03-30 18:11:42,704 - INFO - Train Stats
Loss:
  total: 0.1319979455990669
Metrics:
  cityscapes_dice: 0.957222003967334
  cityscapes_jaccard_macro: 0.6857788058427664
  cityscapes_jaccard_micro: 0.9262304772169162

2024-03-30 18:12:14,972 - INFO - Validation Stats
Loss:
  total: 0.30888275196775794
Metrics:
  cityscapes_dice: 0.9258266258984804
  cityscapes_jaccard_macro: 0.5670768022537231
  cityscapes_jaccard_micro: 0.8867113161832094

2024-03-30 18:12:14,973 - INFO - Epoch 60/120
2024-03-30 18:15:09,602 - INFO - Train Stats
Loss:
  total: 0.1311721332753316
Metrics:
  cityscapes_dice: 0.9574013971365415
  cityscapes_jaccard_macro: 0.6761265626320472
  cityscapes_jaccard_micro: 0.9264443134650205

2024-03-30 18:15:42,375 - INFO - Validation Stats
Loss:
  total: 0.28646360989660025
Metrics:
  cityscapes_dice: 0.9289495665580034
  cityscapes_jaccard_macro: 0.5685134688392282
  cityscapes_jaccard_micro: 0.8895988259464502

2024-03-30 18:15:44,310 - INFO - Epoch 61/120
2024-03-30 18:18:39,263 - INFO - Train Stats
Loss:
  total: 0.13253409396379423
Metrics:
  cityscapes_dice: 0.9569930220261599
  cityscapes_jaccard_macro: 0.6843603879977496
  cityscapes_jaccard_micro: 0.9257181080488058

2024-03-30 18:19:12,722 - INFO - Validation Stats
Loss:
  total: 0.3003163789398968
Metrics:
  cityscapes_dice: 0.9270926248282194
  cityscapes_jaccard_macro: 0.5709161292761564
  cityscapes_jaccard_micro: 0.8875218480825424

2024-03-30 18:19:12,722 - INFO - Epoch 62/120
2024-03-30 18:22:07,511 - INFO - Train Stats
Loss:
  total: 0.13026728595678622
Metrics:
  cityscapes_dice: 0.9575597017239301
  cityscapes_jaccard_macro: 0.6885684965512692
  cityscapes_jaccard_micro: 0.9265053249322451

2024-03-30 18:22:40,083 - INFO - Validation Stats
Loss:
  total: 0.29356162203475833
Metrics:
  cityscapes_dice: 0.9292390570044518
  cityscapes_jaccard_macro: 0.5837195795029402
  cityscapes_jaccard_micro: 0.8901585172861814

2024-03-30 18:22:40,083 - INFO - Epoch 63/120
2024-03-30 18:25:34,534 - INFO - Train Stats
Loss:
  total: 0.12928871180002505
Metrics:
  cityscapes_dice: 0.9580616935705527
  cityscapes_jaccard_macro: 0.6871075416222597
  cityscapes_jaccard_micro: 0.9277836390030689

2024-03-30 18:26:06,286 - INFO - Validation Stats
Loss:
  total: 0.29981145448982716
Metrics:
  cityscapes_dice: 0.9268745686858892
  cityscapes_jaccard_macro: 0.5763711677864194
  cityscapes_jaccard_micro: 0.8859035223722458

2024-03-30 18:26:06,286 - INFO - Epoch 64/120
2024-03-30 18:29:01,293 - INFO - Train Stats
Loss:
  total: 0.12787838643177962
Metrics:
  cityscapes_dice: 0.9584229130011338
  cityscapes_jaccard_macro: 0.6842759534334525
  cityscapes_jaccard_micro: 0.9279278554977515

2024-03-30 18:29:34,189 - INFO - Validation Stats
Loss:
  total: 0.3079895218834281
Metrics:
  cityscapes_dice: 0.9287868794053793
  cityscapes_jaccard_macro: 0.5865097837522626
  cityscapes_jaccard_micro: 0.8905163556337357

2024-03-30 18:29:34,189 - INFO - Epoch 65/120
2024-03-30 18:32:28,890 - INFO - Train Stats
Loss:
  total: 0.1287690936945952
Metrics:
  cityscapes_dice: 0.95810945217426
  cityscapes_jaccard_macro: 0.6892714103062948
  cityscapes_jaccard_micro: 0.927497869118666

2024-03-30 18:32:59,822 - INFO - Validation Stats
Loss:
  total: 0.3126143654808402
Metrics:
  cityscapes_dice: 0.9257146269083023
  cityscapes_jaccard_macro: 0.5794729618355632
  cityscapes_jaccard_micro: 0.887036444619298

2024-03-30 18:32:59,823 - INFO - Epoch 66/120
2024-03-30 18:35:54,701 - INFO - Train Stats
Loss:
  total: 0.12730007666425827
Metrics:
  cityscapes_dice: 0.958380917708079
  cityscapes_jaccard_macro: 0.6900425469264005
  cityscapes_jaccard_micro: 0.9278337069046803

2024-03-30 18:36:26,739 - INFO - Validation Stats
Loss:
  total: 0.30556850833818316
Metrics:
  cityscapes_dice: 0.9270164277404547
  cityscapes_jaccard_macro: 0.5708841206505895
  cityscapes_jaccard_micro: 0.8873399309813976

2024-03-30 18:36:26,740 - INFO - Epoch 67/120
2024-03-30 18:39:21,693 - INFO - Train Stats
Loss:
  total: 0.12867240588634443
Metrics:
  cityscapes_dice: 0.9580346628641471
  cityscapes_jaccard_macro: 0.6859312439576174
  cityscapes_jaccard_micro: 0.9274000082260523

2024-03-30 18:39:52,152 - INFO - Validation Stats
Loss:
  total: 0.3080504988320172
Metrics:
  cityscapes_dice: 0.9278504978865385
  cityscapes_jaccard_macro: 0.5711807478219271
  cityscapes_jaccard_micro: 0.8889406286180019

2024-03-30 18:39:52,152 - INFO - Epoch 68/120
2024-03-30 18:42:46,916 - INFO - Train Stats
Loss:
  total: 0.12687013651698065
Metrics:
  cityscapes_dice: 0.9586156912339039
  cityscapes_jaccard_macro: 0.6833337713510562
  cityscapes_jaccard_micro: 0.9283725810356629

2024-03-30 18:43:19,333 - INFO - Validation Stats
Loss:
  total: 0.3009083364158869
Metrics:
  cityscapes_dice: 0.9291274920105934
  cityscapes_jaccard_macro: 0.575569761916995
  cityscapes_jaccard_micro: 0.8932916652411222

2024-03-30 18:43:19,333 - INFO - Epoch 69/120
2024-03-30 18:46:13,864 - INFO - Train Stats
Loss:
  total: 0.12607870747645697
Metrics:
  cityscapes_dice: 0.9588129214751415
  cityscapes_jaccard_macro: 0.6980856175606067
  cityscapes_jaccard_micro: 0.928627793605511

2024-03-30 18:46:43,279 - INFO - Validation Stats
Loss:
  total: 0.30098126735538244
Metrics:
  cityscapes_dice: 0.9289983958005905
  cityscapes_jaccard_macro: 0.5849926341325045
  cityscapes_jaccard_micro: 0.8907022550702095

2024-03-30 18:46:43,279 - INFO - Epoch 70/120
2024-03-30 18:49:37,535 - INFO - Train Stats
Loss:
  total: 0.12658063131265151
Metrics:
  cityscapes_dice: 0.9585217932860056
  cityscapes_jaccard_macro: 0.6869457600972592
  cityscapes_jaccard_micro: 0.9280317998849429

2024-03-30 18:50:06,210 - INFO - Validation Stats
Loss:
  total: 0.2939712726511061
Metrics:
  cityscapes_dice: 0.9297570828348398
  cityscapes_jaccard_macro: 0.5847315210849047
  cityscapes_jaccard_micro: 0.8930371589958668

2024-03-30 18:50:07,119 - INFO - Epoch 71/120
2024-03-30 18:53:02,226 - INFO - Train Stats
Loss:
  total: 0.12471966999463546
Metrics:
  cityscapes_dice: 0.9591685472390591
  cityscapes_jaccard_macro: 0.6982712959631895
  cityscapes_jaccard_micro: 0.9292694452481393

2024-03-30 18:53:30,915 - INFO - Validation Stats
Loss:
  total: 0.31012851698324084
Metrics:
  cityscapes_dice: 0.9278156999498606
  cityscapes_jaccard_macro: 0.5721307108178735
  cityscapes_jaccard_micro: 0.891568299382925

2024-03-30 18:53:30,915 - INFO - Epoch 72/120
2024-03-30 18:56:25,470 - INFO - Train Stats
Loss:
  total: 0.12486473490030338
Metrics:
  cityscapes_dice: 0.9591412651233184
  cityscapes_jaccard_macro: 0.6951469549765954
  cityscapes_jaccard_micro: 0.9291773438453674

2024-03-30 18:56:56,264 - INFO - Validation Stats
Loss:
  total: 0.3032916309311986
Metrics:
  cityscapes_dice: 0.9272456951439381
  cityscapes_jaccard_macro: 0.5777412476018071
  cityscapes_jaccard_micro: 0.8881520126014948

2024-03-30 18:56:56,264 - INFO - Epoch 73/120
2024-03-30 18:59:50,405 - INFO - Train Stats
Loss:
  total: 0.12353314019930668
Metrics:
  cityscapes_dice: 0.9595697606221224
  cityscapes_jaccard_macro: 0.6933751725233518
  cityscapes_jaccard_micro: 0.9296978116035461

2024-03-30 19:00:18,457 - INFO - Validation Stats
Loss:
  total: 0.30965936090797186
Metrics:
  cityscapes_dice: 0.926614310592413
  cityscapes_jaccard_macro: 0.5740364510565996
  cityscapes_jaccard_micro: 0.886666102334857

2024-03-30 19:00:18,457 - INFO - Epoch 74/120
2024-03-30 19:03:12,929 - INFO - Train Stats
Loss:
  total: 0.12365243068108192
Metrics:
  cityscapes_dice: 0.959435638708946
  cityscapes_jaccard_macro: 0.6966968774795532
  cityscapes_jaccard_micro: 0.9296027360818325

2024-03-30 19:03:44,823 - INFO - Validation Stats
Loss:
  total: 0.3058268576860428
Metrics:
  cityscapes_dice: 0.928553894162178
  cityscapes_jaccard_macro: 0.5734173189848661
  cityscapes_jaccard_micro: 0.8904758486896753

2024-03-30 19:03:44,823 - INFO - Epoch 75/120
2024-03-30 19:06:39,237 - INFO - Train Stats
Loss:
  total: 0.12249371934777652
Metrics:
  cityscapes_dice: 0.9598839198931669
  cityscapes_jaccard_macro: 0.693237107533675
  cityscapes_jaccard_micro: 0.9303067303620852

2024-03-30 19:07:08,672 - INFO - Validation Stats
Loss:
  total: 0.31685778638347983
Metrics:
  cityscapes_dice: 0.9266437217593193
  cityscapes_jaccard_macro: 0.5793258752673864
  cityscapes_jaccard_micro: 0.8867117520421743

2024-03-30 19:07:08,672 - INFO - Epoch 76/120
2024-03-30 19:10:03,088 - INFO - Train Stats
Loss:
  total: 0.12223672188627414
Metrics:
  cityscapes_dice: 0.9598981990264013
  cityscapes_jaccard_macro: 0.6995183481619909
  cityscapes_jaccard_micro: 0.9303444043183938

2024-03-30 19:10:33,352 - INFO - Validation Stats
Loss:
  total: 0.31139106350019574
Metrics:
  cityscapes_dice: 0.9276339299976826
  cityscapes_jaccard_macro: 0.5762176038697362
  cityscapes_jaccard_micro: 0.8893864173442125

2024-03-30 19:10:33,353 - INFO - Epoch 77/120
2024-03-30 19:13:27,788 - INFO - Train Stats
Loss:
  total: 0.12219582364345208
Metrics:
  cityscapes_dice: 0.9599062930314969
  cityscapes_jaccard_macro: 0.6895741323630015
  cityscapes_jaccard_micro: 0.9305544358033401

2024-03-30 19:13:54,878 - INFO - Validation Stats
Loss:
  total: 0.2994864056818187
Metrics:
  cityscapes_dice: 0.9285140819847584
  cityscapes_jaccard_macro: 0.5779961375519633
  cityscapes_jaccard_micro: 0.8899880833923817

2024-03-30 19:13:54,878 - INFO - Epoch 78/120
2024-03-30 19:16:49,217 - INFO - Train Stats
Loss:
  total: 0.12194267555307119
Metrics:
  cityscapes_dice: 0.9598784309167129
  cityscapes_jaccard_macro: 0.7015562707032913
  cityscapes_jaccard_micro: 0.9301364131462879

2024-03-30 19:17:18,066 - INFO - Validation Stats
Loss:
  total: 0.3008374460041523
Metrics:
  cityscapes_dice: 0.9284545667469501
  cityscapes_jaccard_macro: 0.5839862693101168
  cityscapes_jaccard_micro: 0.88968525826931

2024-03-30 19:17:18,066 - INFO - Epoch 79/120
2024-03-30 19:20:12,252 - INFO - Train Stats
Loss:
  total: 0.12113374376144165
Metrics:
  cityscapes_dice: 0.9601876162565671
  cityscapes_jaccard_macro: 0.708137252391913
  cityscapes_jaccard_micro: 0.9307771760683793

2024-03-30 19:20:40,783 - INFO - Validation Stats
Loss:
  total: 0.31303561199456453
Metrics:
  cityscapes_dice: 0.9274092875421047
  cityscapes_jaccard_macro: 0.5758760739117861
  cityscapes_jaccard_micro: 0.8896111659705639

2024-03-30 19:20:40,783 - INFO - Epoch 80/120
2024-03-30 19:23:34,940 - INFO - Train Stats
Loss:
  total: 0.12024133509168258
Metrics:
  cityscapes_dice: 0.9604463294530526
  cityscapes_jaccard_macro: 0.7046207518149645
  cityscapes_jaccard_micro: 0.9313313471965301

2024-03-30 19:24:01,491 - INFO - Validation Stats
Loss:
  total: 0.3056695214472711
Metrics:
  cityscapes_dice: 0.9273817669600248
  cityscapes_jaccard_macro: 0.5821065595373511
  cityscapes_jaccard_micro: 0.8885806687176228

2024-03-30 19:24:02,398 - INFO - Epoch 81/120
2024-03-30 19:26:56,955 - INFO - Train Stats
Loss:
  total: 0.1219303517196423
Metrics:
  cityscapes_dice: 0.9598113130300473
  cityscapes_jaccard_macro: 0.6981708499101492
  cityscapes_jaccard_micro: 0.9301490722558438

2024-03-30 19:27:25,255 - INFO - Validation Stats
Loss:
  total: 0.2984783500432968
Metrics:
  cityscapes_dice: 0.9287583529949188
  cityscapes_jaccard_macro: 0.5825826283544302
  cityscapes_jaccard_micro: 0.8916491772979498

2024-03-30 19:27:25,256 - INFO - Epoch 82/120
2024-03-30 19:30:19,585 - INFO - Train Stats
Loss:
  total: 0.12129246070981026
Metrics:
  cityscapes_dice: 0.9601155679959518
  cityscapes_jaccard_macro: 0.7010350212072715
  cityscapes_jaccard_micro: 0.9306278542066232

2024-03-30 19:30:48,822 - INFO - Validation Stats
Loss:
  total: 0.3032622402533889
Metrics:
  cityscapes_dice: 0.9291630033403635
  cityscapes_jaccard_macro: 0.5842496566474438
  cityscapes_jaccard_micro: 0.8912100065499544

2024-03-30 19:30:48,823 - INFO - Epoch 83/120
2024-03-30 19:33:43,110 - INFO - Train Stats
Loss:
  total: 0.12007814999192189
Metrics:
  cityscapes_dice: 0.9605126663660392
  cityscapes_jaccard_macro: 0.6976998914510776
  cityscapes_jaccard_micro: 0.9315528670946757

2024-03-30 19:34:12,812 - INFO - Validation Stats
Loss:
  total: 0.30863320967182517
Metrics:
  cityscapes_dice: 0.9281769525259733
  cityscapes_jaccard_macro: 0.5834104623645544
  cityscapes_jaccard_micro: 0.8906925320625305

2024-03-30 19:34:12,812 - INFO - Epoch 84/120
2024-03-30 19:37:07,124 - INFO - Train Stats
Loss:
  total: 0.12059071335272911
Metrics:
  cityscapes_dice: 0.9603467346766056
  cityscapes_jaccard_macro: 0.7073026918447934
  cityscapes_jaccard_micro: 0.9310904481472113

2024-03-30 19:37:37,958 - INFO - Validation Stats
Loss:
  total: 0.310453315731138
Metrics:
  cityscapes_dice: 0.9264941848814487
  cityscapes_jaccard_macro: 0.587206993252039
  cityscapes_jaccard_micro: 0.8869029488414526

2024-03-30 19:37:37,958 - INFO - Epoch 85/120
2024-03-30 19:40:32,206 - INFO - Train Stats
Loss:
  total: 0.11921622938452622
Metrics:
  cityscapes_dice: 0.9606587374821688
  cityscapes_jaccard_macro: 0.6965311414156204
  cityscapes_jaccard_micro: 0.9316514936777262

2024-03-30 19:41:01,327 - INFO - Validation Stats
Loss:
  total: 0.3045134712010622
Metrics:
  cityscapes_dice: 0.9285731427371502
  cityscapes_jaccard_macro: 0.5844921050593257
  cityscapes_jaccard_micro: 0.890287134796381

2024-03-30 19:41:01,328 - INFO - Epoch 86/120
2024-03-30 19:43:55,930 - INFO - Train Stats
Loss:
  total: 0.12069181391061881
Metrics:
  cityscapes_dice: 0.9602584464427752
  cityscapes_jaccard_macro: 0.7026874377177312
  cityscapes_jaccard_micro: 0.9308141080232767

2024-03-30 19:44:24,137 - INFO - Validation Stats
Loss:
  total: 0.3119206400588155
Metrics:
  cityscapes_dice: 0.9285193402320147
  cityscapes_jaccard_macro: 0.5740525778383017
  cityscapes_jaccard_micro: 0.8910991959273815

2024-03-30 19:44:24,137 - INFO - Epoch 87/120
2024-03-30 19:47:18,823 - INFO - Train Stats
Loss:
  total: 0.11822632289467713
Metrics:
  cityscapes_dice: 0.960876363210189
  cityscapes_jaccard_macro: 0.7036418196482536
  cityscapes_jaccard_micro: 0.9319373522049341

2024-03-30 19:47:47,489 - INFO - Validation Stats
Loss:
  total: 0.3002167595550418
Metrics:
  cityscapes_dice: 0.92933832667768
  cityscapes_jaccard_macro: 0.5771682038903236
  cityscapes_jaccard_micro: 0.8912821635603905

2024-03-30 19:47:47,489 - INFO - Epoch 88/120
2024-03-30 19:50:41,978 - INFO - Train Stats
Loss:
  total: 0.11873139593845759
Metrics:
  cityscapes_dice: 0.9606576844667777
  cityscapes_jaccard_macro: 0.7072092279409751
  cityscapes_jaccard_micro: 0.9314726858566968

2024-03-30 19:51:13,778 - INFO - Validation Stats
Loss:
  total: 0.3091838611289859
Metrics:
  cityscapes_dice: 0.9280146397650242
  cityscapes_jaccard_macro: 0.5703428313136101
  cityscapes_jaccard_micro: 0.8898316454142332

2024-03-30 19:51:13,778 - INFO - Epoch 89/120
2024-03-30 19:54:08,424 - INFO - Train Stats
Loss:
  total: 0.11855732831053245
Metrics:
  cityscapes_dice: 0.9608409420037881
  cityscapes_jaccard_macro: 0.7027830152939527
  cityscapes_jaccard_micro: 0.9318512464180971

2024-03-30 19:54:40,031 - INFO - Validation Stats
Loss:
  total: 0.3220664099790156
Metrics:
  cityscapes_dice: 0.9257265906780958
  cityscapes_jaccard_macro: 0.5743406470865011
  cityscapes_jaccard_micro: 0.8864555675536394

2024-03-30 19:54:40,032 - INFO - Epoch 90/120
2024-03-30 19:57:34,738 - INFO - Train Stats
Loss:
  total: 0.11728283323538609
Metrics:
  cityscapes_dice: 0.9610627950766147
  cityscapes_jaccard_macro: 0.7051441402007372
  cityscapes_jaccard_micro: 0.9320873434727008

2024-03-30 19:58:05,281 - INFO - Validation Stats
Loss:
  total: 0.2967101368121803
Metrics:
  cityscapes_dice: 0.9295639358460903
  cityscapes_jaccard_macro: 0.5799887636676431
  cityscapes_jaccard_micro: 0.8907112777233124

2024-03-30 19:58:06,229 - INFO - Epoch 91/120
2024-03-30 20:01:01,053 - INFO - Train Stats
Loss:
  total: 0.11722203028889802
Metrics:
  cityscapes_dice: 0.9612790735868307
  cityscapes_jaccard_macro: 0.7095877405924674
  cityscapes_jaccard_micro: 0.9326146008112491

2024-03-30 20:01:33,554 - INFO - Validation Stats
Loss:
  total: 0.3036039345897734
Metrics:
  cityscapes_dice: 0.928900957107544
  cityscapes_jaccard_macro: 0.5866310484707355
  cityscapes_jaccard_micro: 0.8906416036188602

2024-03-30 20:01:33,554 - INFO - Epoch 92/120
2024-03-30 20:04:28,030 - INFO - Train Stats
Loss:
  total: 0.11734638200738491
Metrics:
  cityscapes_dice: 0.9611466412360852
  cityscapes_jaccard_macro: 0.7095825282426981
  cityscapes_jaccard_micro: 0.932279340731792

2024-03-30 20:05:00,386 - INFO - Validation Stats
Loss:
  total: 0.29880860447883606
Metrics:
  cityscapes_dice: 0.9297894239425659
  cityscapes_jaccard_macro: 0.5758587094023824
  cityscapes_jaccard_micro: 0.8925241902470589

2024-03-30 20:05:00,386 - INFO - Epoch 93/120
2024-03-30 20:07:54,979 - INFO - Train Stats
Loss:
  total: 0.11604003273905852
Metrics:
  cityscapes_dice: 0.9614975857429016
  cityscapes_jaccard_macro: 0.7089677720497816
  cityscapes_jaccard_micro: 0.9328599350574689

2024-03-30 20:08:24,654 - INFO - Validation Stats
Loss:
  total: 0.3218536712229252
Metrics:
  cityscapes_dice: 0.9253229703754187
  cityscapes_jaccard_macro: 0.582987654954195
  cityscapes_jaccard_micro: 0.8853977117687464

2024-03-30 20:08:24,655 - INFO - Epoch 94/120
2024-03-30 20:11:18,963 - INFO - Train Stats
Loss:
  total: 0.11670729250479968
Metrics:
  cityscapes_dice: 0.9613732603880075
  cityscapes_jaccard_macro: 0.7101720991807107
  cityscapes_jaccard_micro: 0.9328168875131851

2024-03-30 20:11:53,023 - INFO - Validation Stats
Loss:
  total: 0.2973645026795566
Metrics:
  cityscapes_dice: 0.9290847405791283
  cityscapes_jaccard_macro: 0.5798356374725699
  cityscapes_jaccard_micro: 0.8907253257930279

2024-03-30 20:11:53,023 - INFO - Epoch 95/120
2024-03-30 20:14:48,088 - INFO - Train Stats
Loss:
  total: 0.11704128283338669
Metrics:
  cityscapes_dice: 0.9610834266894903
  cityscapes_jaccard_macro: 0.7109054502768394
  cityscapes_jaccard_micro: 0.9321190248697232

2024-03-30 20:15:24,930 - INFO - Validation Stats
Loss:
  total: 0.3070539725013077
Metrics:
  cityscapes_dice: 0.9282023832201958
  cityscapes_jaccard_macro: 0.5812224969267845
  cityscapes_jaccard_micro: 0.8898857682943344

2024-03-30 20:15:24,930 - INFO - Epoch 96/120
2024-03-30 20:18:19,885 - INFO - Train Stats
Loss:
  total: 0.11572727436820666
Metrics:
  cityscapes_dice: 0.9615088754739517
  cityscapes_jaccard_macro: 0.7079642621370462
  cityscapes_jaccard_micro: 0.9328504495131664

2024-03-30 20:18:52,823 - INFO - Validation Stats
Loss:
  total: 0.315104647539556
Metrics:
  cityscapes_dice: 0.9267971776425838
  cityscapes_jaccard_macro: 0.5820982027798891
  cityscapes_jaccard_micro: 0.8860900811851025

2024-03-30 20:18:52,823 - INFO - Epoch 97/120
2024-03-30 20:21:47,559 - INFO - Train Stats
Loss:
  total: 0.11630194787031566
Metrics:
  cityscapes_dice: 0.9613419824685806
  cityscapes_jaccard_macro: 0.7093412303007566
  cityscapes_jaccard_micro: 0.9325122519945487

2024-03-30 20:22:19,104 - INFO - Validation Stats
Loss:
  total: 0.3109263707883656
Metrics:
  cityscapes_dice: 0.9289377648383379
  cityscapes_jaccard_macro: 0.5910274814814329
  cityscapes_jaccard_micro: 0.8905896823853254

2024-03-30 20:22:19,104 - INFO - Epoch 98/120
2024-03-30 20:25:13,604 - INFO - Train Stats
Loss:
  total: 0.11558585671278146
Metrics:
  cityscapes_dice: 0.9616059943651541
  cityscapes_jaccard_macro: 0.7091081983003861
  cityscapes_jaccard_micro: 0.9331250824989417

2024-03-30 20:25:44,555 - INFO - Validation Stats
Loss:
  total: 0.3114281417801976
Metrics:
  cityscapes_dice: 0.9280294738709927
  cityscapes_jaccard_macro: 0.5790974041447043
  cityscapes_jaccard_micro: 0.8888210095465183

2024-03-30 20:25:44,555 - INFO - Epoch 99/120
2024-03-30 20:28:39,222 - INFO - Train Stats
Loss:
  total: 0.11472744752581303
Metrics:
  cityscapes_dice: 0.9618462301217593
  cityscapes_jaccard_macro: 0.7110651899606754
  cityscapes_jaccard_micro: 0.9335957116041428

2024-03-30 20:29:10,393 - INFO - Validation Stats
Loss:
  total: 0.2979556377977133
Metrics:
  cityscapes_dice: 0.9291106648743153
  cityscapes_jaccard_macro: 0.5819141436368227
  cityscapes_jaccard_micro: 0.8907191660255194

2024-03-30 20:29:10,394 - INFO - Epoch 100/120
2024-03-30 20:32:04,665 - INFO - Train Stats
Loss:
  total: 0.11500345275570185
Metrics:
  cityscapes_dice: 0.9618231424918542
  cityscapes_jaccard_macro: 0.714319245173381
  cityscapes_jaccard_micro: 0.9334275309856122

2024-03-30 20:32:40,921 - INFO - Validation Stats
Loss:
  total: 0.2919754129834473
Metrics:
  cityscapes_dice: 0.9301408510655165
  cityscapes_jaccard_macro: 0.5766257625073195
  cityscapes_jaccard_micro: 0.8914583884179592

2024-03-30 20:32:41,946 - INFO - Epoch 101/120
2024-03-30 20:35:37,144 - INFO - Train Stats
Loss:
  total: 0.11479333329659241
Metrics:
  cityscapes_dice: 0.9618927935759226
  cityscapes_jaccard_macro: 0.7089344882048093
  cityscapes_jaccard_micro: 0.9334283555165316

2024-03-30 20:36:09,471 - INFO - Validation Stats
Loss:
  total: 0.317164892796427
Metrics:
  cityscapes_dice: 0.9272772073745728
  cityscapes_jaccard_macro: 0.5831353291869164
  cityscapes_jaccard_micro: 0.8897160664200783

2024-03-30 20:36:09,471 - INFO - Epoch 102/120
2024-03-30 20:39:04,117 - INFO - Train Stats
Loss:
  total: 0.11613931478216098
Metrics:
  cityscapes_dice: 0.9614939383971386
  cityscapes_jaccard_macro: 0.7111294063237997
  cityscapes_jaccard_micro: 0.933021909915484

2024-03-30 20:39:38,857 - INFO - Validation Stats
Loss:
  total: 0.30834759725257754
Metrics:
  cityscapes_dice: 0.9287363290786743
  cityscapes_jaccard_macro: 0.5844909166917205
  cityscapes_jaccard_micro: 0.8902864810079336

2024-03-30 20:39:38,857 - INFO - Epoch 103/120
2024-03-30 20:42:33,930 - INFO - Train Stats
Loss:
  total: 0.1168034445398893
Metrics:
  cityscapes_dice: 0.9611303577056298
  cityscapes_jaccard_macro: 0.7102284523156973
  cityscapes_jaccard_micro: 0.932283607048866

2024-03-30 20:43:08,862 - INFO - Validation Stats
Loss:
  total: 0.29632458183914423
Metrics:
  cityscapes_dice: 0.9300865530967712
  cityscapes_jaccard_macro: 0.5920809805393219
  cityscapes_jaccard_micro: 0.8920453526079655

2024-03-30 20:43:08,863 - INFO - Epoch 104/120
2024-03-30 20:46:03,991 - INFO - Train Stats
Loss:
  total: 0.11482665506310952
Metrics:
  cityscapes_dice: 0.9617862395751171
  cityscapes_jaccard_macro: 0.7101813554763794
  cityscapes_jaccard_micro: 0.9332578571943136

2024-03-30 20:46:35,591 - INFO - Validation Stats
Loss:
  total: 0.3128638816997409
Metrics:
  cityscapes_dice: 0.92806725949049
  cityscapes_jaccard_macro: 0.5811757519841194
  cityscapes_jaccard_micro: 0.8900374174118042

2024-03-30 20:46:35,591 - INFO - Epoch 105/120
2024-03-30 20:49:30,316 - INFO - Train Stats
Loss:
  total: 0.11479520816833545
Metrics:
  cityscapes_dice: 0.9618789897515223
  cityscapes_jaccard_macro: 0.714694775832005
  cityscapes_jaccard_micro: 0.9335093039732713

2024-03-30 20:50:03,606 - INFO - Validation Stats
Loss:
  total: 0.304464865475893
Metrics:
  cityscapes_dice: 0.9284985065460205
  cityscapes_jaccard_macro: 0.5827516438439488
  cityscapes_jaccard_micro: 0.89139817468822

2024-03-30 20:50:03,607 - INFO - Epoch 106/120
2024-03-30 20:52:58,507 - INFO - Train Stats
Loss:
  total: 0.1151669547916987
Metrics:
  cityscapes_dice: 0.9615799127480923
  cityscapes_jaccard_macro: 0.7088702420393626
  cityscapes_jaccard_micro: 0.9329415322878422

2024-03-30 20:53:29,731 - INFO - Validation Stats
Loss:
  total: 0.3080733995884657
Metrics:
  cityscapes_dice: 0.9295560140162706
  cityscapes_jaccard_macro: 0.5909159779548645
  cityscapes_jaccard_micro: 0.892999766394496

2024-03-30 20:53:29,732 - INFO - Epoch 107/120
2024-03-30 20:56:24,613 - INFO - Train Stats
Loss:
  total: 0.11485709488773957
Metrics:
  cityscapes_dice: 0.9618294766316047
  cityscapes_jaccard_macro: 0.7117014565528967
  cityscapes_jaccard_micro: 0.9333699139264914

2024-03-30 20:56:59,258 - INFO - Validation Stats
Loss:
  total: 0.3026680173352361
Metrics:
  cityscapes_dice: 0.9302192237228155
  cityscapes_jaccard_macro: 0.5870581790804863
  cityscapes_jaccard_micro: 0.8940258212387562

2024-03-30 20:56:59,258 - INFO - Epoch 108/120
2024-03-30 20:59:54,213 - INFO - Train Stats
Loss:
  total: 0.1120495461882689
Metrics:
  cityscapes_dice: 0.9626825681099525
  cityscapes_jaccard_macro: 0.7162402654305483
  cityscapes_jaccard_micro: 0.9348542644427373

2024-03-30 21:00:29,061 - INFO - Validation Stats
Loss:
  total: 0.31841788440942764
Metrics:
  cityscapes_dice: 0.9274918381124735
  cityscapes_jaccard_macro: 0.5864788517355919
  cityscapes_jaccard_micro: 0.8882399722933769

2024-03-30 21:00:29,062 - INFO - Epoch 109/120
2024-03-30 21:03:24,161 - INFO - Train Stats
Loss:
  total: 0.11299570602102157
Metrics:
  cityscapes_dice: 0.9623702351863568
  cityscapes_jaccard_macro: 0.722873486769505
  cityscapes_jaccard_micro: 0.9342993658322555

2024-03-30 21:03:59,736 - INFO - Validation Stats
Loss:
  total: 0.3013496804051101
Metrics:
  cityscapes_dice: 0.9297014456242323
  cityscapes_jaccard_macro: 0.5884258514270186
  cityscapes_jaccard_micro: 0.8922005984932184

2024-03-30 21:03:59,737 - INFO - Epoch 110/120
2024-03-30 21:06:55,160 - INFO - Train Stats
Loss:
  total: 0.1129940064289631
Metrics:
  cityscapes_dice: 0.9623084572645334
  cityscapes_jaccard_macro: 0.7158093941517365
  cityscapes_jaccard_micro: 0.9341150919596354

2024-03-30 21:07:29,309 - INFO - Validation Stats
Loss:
  total: 0.306840727571398
Metrics:
  cityscapes_dice: 0.9286208339035511
  cityscapes_jaccard_macro: 0.5784082822501659
  cityscapes_jaccard_micro: 0.8903235774487257

2024-03-30 21:07:30,507 - INFO - Epoch 111/120
2024-03-30 21:10:25,454 - INFO - Train Stats
Loss:
  total: 0.11417302603905018
Metrics:
  cityscapes_dice: 0.9619905199760046
  cityscapes_jaccard_macro: 0.7088258121258173
  cityscapes_jaccard_micro: 0.9337292168384943

2024-03-30 21:10:56,060 - INFO - Validation Stats
Loss:
  total: 0.29703517677262425
Metrics:
  cityscapes_dice: 0.9302770290523767
  cityscapes_jaccard_macro: 0.5909129604697227
  cityscapes_jaccard_micro: 0.8933873698115349

2024-03-30 21:10:56,060 - INFO - Epoch 112/120
2024-03-30 21:13:51,308 - INFO - Train Stats
Loss:
  total: 0.11460719305353287
Metrics:
  cityscapes_dice: 0.9618023137251536
  cityscapes_jaccard_macro: 0.7132323529475775
  cityscapes_jaccard_micro: 0.9333260708894485

2024-03-30 21:14:23,830 - INFO - Validation Stats
Loss:
  total: 0.30243314523249865
Metrics:
  cityscapes_dice: 0.9285991415381432
  cityscapes_jaccard_macro: 0.5864578653126955
  cityscapes_jaccard_micro: 0.890753360465169

2024-03-30 21:14:23,831 - INFO - Epoch 113/120
2024-03-30 21:17:18,702 - INFO - Train Stats
Loss:
  total: 0.11289435930741139
Metrics:
  cityscapes_dice: 0.9624271369897403
  cityscapes_jaccard_macro: 0.7164212365945181
  cityscapes_jaccard_micro: 0.9343436887631049

2024-03-30 21:17:55,457 - INFO - Validation Stats
Loss:
  total: 0.3104544021189213
Metrics:
  cityscapes_dice: 0.9293270260095596
  cityscapes_jaccard_macro: 0.5786051973700523
  cityscapes_jaccard_micro: 0.892845906317234

2024-03-30 21:17:55,458 - INFO - Epoch 114/120
2024-03-30 21:20:50,684 - INFO - Train Stats
Loss:
  total: 0.11225122719621047
Metrics:
  cityscapes_dice: 0.9625922655447935
  cityscapes_jaccard_macro: 0.7160358535937774
  cityscapes_jaccard_micro: 0.9345492728245564

2024-03-30 21:21:23,879 - INFO - Validation Stats
Loss:
  total: 0.29228555923327804
Metrics:
  cityscapes_dice: 0.9317012093961239
  cityscapes_jaccard_macro: 0.5886371973901987
  cityscapes_jaccard_micro: 0.8946491330862045

2024-03-30 21:21:23,880 - INFO - Epoch 115/120
2024-03-30 21:24:18,740 - INFO - Train Stats
Loss:
  total: 0.11308552238803643
Metrics:
  cityscapes_dice: 0.9621039201051761
  cityscapes_jaccard_macro: 0.7225180726784927
  cityscapes_jaccard_micro: 0.9337978500586289

2024-03-30 21:24:52,503 - INFO - Validation Stats
Loss:
  total: 0.30901013454422355
Metrics:
  cityscapes_dice: 0.9287891406565905
  cityscapes_jaccard_macro: 0.5866668010130525
  cityscapes_jaccard_micro: 0.8909769039601088

2024-03-30 21:24:52,503 - INFO - Epoch 116/120
2024-03-30 21:27:47,218 - INFO - Train Stats
Loss:
  total: 0.11357069407136013
Metrics:
  cityscapes_dice: 0.9622733004582233
  cityscapes_jaccard_macro: 0.7162409462989905
  cityscapes_jaccard_micro: 0.9341190228095422

2024-03-30 21:28:20,118 - INFO - Validation Stats
Loss:
  total: 0.3106732377782464
Metrics:
  cityscapes_dice: 0.9288534373044968
  cityscapes_jaccard_macro: 0.5916578881442547
  cityscapes_jaccard_micro: 0.8910996057093143

2024-03-30 21:28:20,118 - INFO - Epoch 117/120
2024-03-30 21:31:15,001 - INFO - Train Stats
Loss:
  total: 0.11360528023961262
Metrics:
  cityscapes_dice: 0.9621166197153238
  cityscapes_jaccard_macro: 0.7169267305961022
  cityscapes_jaccard_micro: 0.933771415398671

2024-03-30 21:31:49,775 - INFO - Validation Stats
Loss:
  total: 0.2993487874045968
Metrics:
  cityscapes_dice: 0.9310123212635517
  cityscapes_jaccard_macro: 0.5900672702118754
  cityscapes_jaccard_micro: 0.8933858200907707

2024-03-30 21:31:49,776 - INFO - Epoch 118/120
2024-03-30 21:34:44,488 - INFO - Train Stats
Loss:
  total: 0.11386712210682723
Metrics:
  cityscapes_dice: 0.962094097565382
  cityscapes_jaccard_macro: 0.719385428306384
  cityscapes_jaccard_micro: 0.9338319255755498

2024-03-30 21:35:18,429 - INFO - Validation Stats
Loss:
  total: 0.31170244654640555
Metrics:
  cityscapes_dice: 0.9294134248048067
  cityscapes_jaccard_macro: 0.5811366457492113
  cityscapes_jaccard_micro: 0.8929720912128687

2024-03-30 21:35:18,430 - INFO - Epoch 119/120
2024-03-30 21:38:12,925 - INFO - Train Stats
Loss:
  total: 0.11341273631805028
Metrics:
  cityscapes_dice: 0.9622319501179916
  cityscapes_jaccard_macro: 0.7193693419297537
  cityscapes_jaccard_micro: 0.9340477662208753

2024-03-30 21:38:45,525 - INFO - Validation Stats
Loss:
  total: 0.30034061009064317
Metrics:
  cityscapes_dice: 0.929636163637042
  cityscapes_jaccard_macro: 0.5915184691548347
  cityscapes_jaccard_micro: 0.8930410351604223

2024-03-30 21:38:45,526 - INFO - Epoch 120/120
2024-03-30 21:41:39,368 - INFO - Train Stats
Loss:
  total: 0.11259728994889137
Metrics:
  cityscapes_dice: 0.962509519014603
  cityscapes_jaccard_macro: 0.7160780704938449
  cityscapes_jaccard_micro: 0.934583726601723

2024-03-30 21:42:10,328 - INFO - Validation Stats
Loss:
  total: 0.3160160086117685
Metrics:
  cityscapes_dice: 0.9281601849943399
  cityscapes_jaccard_macro: 0.5732596209272742
  cityscapes_jaccard_micro: 0.8909625113010406

2024-03-30 21:42:11,248 - INFO - Best validation loss: 0.28646360989660025
2024-03-30 21:42:12,083 - INFO - Best model saved to /home/up201905337/exploring-label-efficiency/weights/sl_cityscapes_deeplabv3_1238l.pth
2024-03-30 21:42:12,090 - INFO - Training took 24715.621345043182 seconds to complete
