2024-06-21 14:16:44,730 - INFO - Loading configuration files...
2024-06-21 14:16:46,132 - INFO - Loading model configuration
args:
  backbone: resnet101
  num_classes: 20
  weights_backbone: DEFAULT
class: DeepLabV3

2024-06-21 14:16:46,275 - INFO - Loading train_dataset configuration
args:
  num_labeled: 309
  root: /data/auto/cityscapes
  train_val_split: 2475
class: SemiSupervisedCityscapesSeg

2024-06-21 14:16:46,303 - INFO - Loading val_dataset configuration
args:
  mode: fine
  root: /data/auto/cityscapes
  train_val_split: 2475
class: CityscapesSeg

2024-06-21 14:16:46,314 - INFO - Loading optimizer configuration
args:
  lr: 0.007
  momentum: 0.9
  weight_decay: 0.0005
class: SGD

2024-06-21 14:16:46,316 - INFO - Loading loss configuration
args:
  ignore_index: 0
class: CrossEntropyLoss

2024-06-21 14:16:46,339 - INFO - Loading metrics configuration
cityscapes_dice:
  args:
    average: micro
    ignore_index: 0
    num_classes: 20
  class: Dice
cityscapes_jaccard_macro:
  args:
    average: macro
    ignore_index: 0
    num_classes: 20
    task: multiclass
    validate_args: false
  class: JaccardIndex
cityscapes_jaccard_micro:
  args:
    average: micro
    ignore_index: 0
    num_classes: 20
    task: multiclass
    validate_args: false
  class: JaccardIndex

2024-06-21 14:16:46,344 - INFO - Loading scheduler configuration
args:
  power: 0.9
  total_iters: 120
class: PolynomialLR

2024-06-21 14:16:46,344 - INFO - Loading hyperparameters configuration
batch_size: 16
ema_decay: null
epochs: 120
num_workers: 4
save_freq: 10

2024-06-21 14:16:46,898 - INFO - Using device: cuda
2024-06-21 14:16:47,226 - INFO - Training for 120 epochs
2024-06-21 14:16:47,226 - INFO - Epoch 1/120
2024-06-21 14:17:39,026 - INFO - Train Stats
Loss:
  total: 1.8892103493213654
Metrics:
  cityscapes_dice: 0.4310569904744625
  cityscapes_jaccard_macro: 0.04754520677961409
  cityscapes_jaccard_micro: 0.3091216303408146

2024-06-21 14:18:10,546 - INFO - Validation Stats
Loss:
  total: 1.3560544177889824
Metrics:
  cityscapes_dice: 0.6418965291231871
  cityscapes_jaccard_macro: 0.10879958770237863
  cityscapes_jaccard_micro: 0.5095006404444575

2024-06-21 14:18:17,985 - INFO - Epoch 2/120
2024-06-21 14:19:03,876 - INFO - Train Stats
Loss:
  total: 0.9146652549505234
Metrics:
  cityscapes_dice: 0.7157004445791244
  cityscapes_jaccard_macro: 0.1509670250117779
  cityscapes_jaccard_micro: 0.604106505215168

2024-06-21 14:19:29,753 - INFO - Validation Stats
Loss:
  total: 0.7579419612884521
Metrics:
  cityscapes_dice: 0.75950095243752
  cityscapes_jaccard_macro: 0.18242061510682106
  cityscapes_jaccard_micro: 0.6657521538436413

2024-06-21 14:19:36,893 - INFO - Epoch 3/120
2024-06-21 14:20:22,555 - INFO - Train Stats
Loss:
  total: 0.688048580288887
Metrics:
  cityscapes_dice: 0.7790493875741958
  cityscapes_jaccard_macro: 0.20930452272295952
  cityscapes_jaccard_micro: 0.6925895839929581

2024-06-21 14:20:48,695 - INFO - Validation Stats
Loss:
  total: 0.6075580241158605
Metrics:
  cityscapes_dice: 0.800913468003273
  cityscapes_jaccard_macro: 0.224866496399045
  cityscapes_jaccard_micro: 0.7273334637284279

2024-06-21 14:20:55,845 - INFO - Epoch 4/120
2024-06-21 14:21:42,325 - INFO - Train Stats
Loss:
  total: 0.5828376397490501
Metrics:
  cityscapes_dice: 0.7987763404846191
  cityscapes_jaccard_macro: 0.22568198069930076
  cityscapes_jaccard_micro: 0.7230104207992554

2024-06-21 14:22:10,451 - INFO - Validation Stats
Loss:
  total: 0.5308857057243586
Metrics:
  cityscapes_dice: 0.8099925853312016
  cityscapes_jaccard_macro: 0.23595864372327924
  cityscapes_jaccard_micro: 0.7438273187726736

2024-06-21 14:22:17,508 - INFO - Epoch 5/120
2024-06-21 14:23:04,313 - INFO - Train Stats
Loss:
  total: 0.5111656621098518
Metrics:
  cityscapes_dice: 0.8142643600702286
  cityscapes_jaccard_macro: 0.24213504493236543
  cityscapes_jaccard_micro: 0.7485643208026886

2024-06-21 14:23:31,788 - INFO - Validation Stats
Loss:
  total: 0.4943713014945388
Metrics:
  cityscapes_dice: 0.8185934703797102
  cityscapes_jaccard_macro: 0.24997929017990828
  cityscapes_jaccard_micro: 0.7570811435580254

2024-06-21 14:23:38,663 - INFO - Epoch 6/120
2024-06-21 14:24:24,393 - INFO - Train Stats
Loss:
  total: 0.4638991326093674
Metrics:
  cityscapes_dice: 0.8233798414468765
  cityscapes_jaccard_macro: 0.259993589669466
  cityscapes_jaccard_micro: 0.7649499326944351

2024-06-21 14:24:50,674 - INFO - Validation Stats
Loss:
  total: 0.45872671715915203
Metrics:
  cityscapes_dice: 0.8269308358430862
  cityscapes_jaccard_macro: 0.27712488267570734
  cityscapes_jaccard_micro: 0.7706162482500076

2024-06-21 14:25:03,262 - INFO - Epoch 7/120
2024-06-21 14:25:51,246 - INFO - Train Stats
Loss:
  total: 0.4383463740348816
Metrics:
  cityscapes_dice: 0.8307510018348694
  cityscapes_jaccard_macro: 0.27998318076133727
  cityscapes_jaccard_micro: 0.7766322553157806

2024-06-21 14:26:21,611 - INFO - Validation Stats
Loss:
  total: 0.4374351594597101
Metrics:
  cityscapes_dice: 0.8328592721372843
  cityscapes_jaccard_macro: 0.3004630133509636
  cityscapes_jaccard_micro: 0.7813523467630148

2024-06-21 14:26:28,649 - INFO - Epoch 8/120
2024-06-21 14:27:14,640 - INFO - Train Stats
Loss:
  total: 0.4028996482491493
Metrics:
  cityscapes_dice: 0.84034843146801
  cityscapes_jaccard_macro: 0.3048278778791428
  cityscapes_jaccard_micro: 0.7896514475345612

2024-06-21 14:27:44,773 - INFO - Validation Stats
Loss:
  total: 0.40498555544763803
Metrics:
  cityscapes_dice: 0.8411005977541208
  cityscapes_jaccard_macro: 0.3106686398386955
  cityscapes_jaccard_micro: 0.7931460328400135

2024-06-21 14:27:52,209 - INFO - Epoch 9/120
2024-06-21 14:28:42,875 - INFO - Train Stats
Loss:
  total: 0.3884985357522964
Metrics:
  cityscapes_dice: 0.8446728080511093
  cityscapes_jaccard_macro: 0.317863629758358
  cityscapes_jaccard_micro: 0.7977379590272904

2024-06-21 14:29:08,282 - INFO - Validation Stats
Loss:
  total: 0.38542716950178146
Metrics:
  cityscapes_dice: 0.8467574566602707
  cityscapes_jaccard_macro: 0.3332556514069438
  cityscapes_jaccard_micro: 0.8023296222090721

2024-06-21 14:29:15,187 - INFO - Epoch 10/120
2024-06-21 14:30:00,990 - INFO - Train Stats
Loss:
  total: 0.3663541465997696
Metrics:
  cityscapes_dice: 0.8508572071790695
  cityscapes_jaccard_macro: 0.3394388258457184
  cityscapes_jaccard_micro: 0.8077871561050415

2024-06-21 14:30:34,301 - INFO - Validation Stats
Loss:
  total: 0.37314578611403704
Metrics:
  cityscapes_dice: 0.8488342240452766
  cityscapes_jaccard_macro: 0.3499460043385625
  cityscapes_jaccard_micro: 0.8068136163055897

2024-06-21 14:30:49,611 - INFO - Epoch 11/120
2024-06-21 14:31:35,303 - INFO - Train Stats
Loss:
  total: 0.3495878607034683
Metrics:
  cityscapes_dice: 0.8533892929553986
  cityscapes_jaccard_macro: 0.3596626609563828
  cityscapes_jaccard_micro: 0.8131215065717697

2024-06-21 14:32:03,874 - INFO - Validation Stats
Loss:
  total: 0.36597817298024893
Metrics:
  cityscapes_dice: 0.850712925195694
  cityscapes_jaccard_macro: 0.36140752490609884
  cityscapes_jaccard_micro: 0.8089485503733158

2024-06-21 14:32:10,837 - INFO - Epoch 12/120
2024-06-21 14:32:56,720 - INFO - Train Stats
Loss:
  total: 0.31823776215314864
Metrics:
  cityscapes_dice: 0.8657663136720657
  cityscapes_jaccard_macro: 0.3963471785187721
  cityscapes_jaccard_micro: 0.8295446544885635

2024-06-21 14:33:23,323 - INFO - Validation Stats
Loss:
  total: 0.35180345457047224
Metrics:
  cityscapes_dice: 0.8524763789027929
  cityscapes_jaccard_macro: 0.3709559943526983
  cityscapes_jaccard_micro: 0.8136369399726391

2024-06-21 14:33:31,533 - INFO - Epoch 13/120
2024-06-21 14:34:17,834 - INFO - Train Stats
Loss:
  total: 0.3017867222428322
Metrics:
  cityscapes_dice: 0.8658469915390015
  cityscapes_jaccard_macro: 0.40883052796125413
  cityscapes_jaccard_micro: 0.835273203253746

2024-06-21 14:34:46,619 - INFO - Validation Stats
Loss:
  total: 0.33705706149339676
Metrics:
  cityscapes_dice: 0.8560589756816626
  cityscapes_jaccard_macro: 0.37288233172148466
  cityscapes_jaccard_micro: 0.8192097507417202

2024-06-21 14:34:59,145 - INFO - Epoch 14/120
2024-06-21 14:35:44,731 - INFO - Train Stats
Loss:
  total: 0.30245040729641914
Metrics:
  cityscapes_dice: 0.8652641117572785
  cityscapes_jaccard_macro: 0.41157207936048507
  cityscapes_jaccard_micro: 0.8339463174343109

2024-06-21 14:36:11,390 - INFO - Validation Stats
Loss:
  total: 0.3330646357499063
Metrics:
  cityscapes_dice: 0.8565085176378489
  cityscapes_jaccard_macro: 0.387008560821414
  cityscapes_jaccard_micro: 0.8187182880938053

2024-06-21 14:36:18,533 - INFO - Epoch 15/120
2024-06-21 14:37:05,397 - INFO - Train Stats
Loss:
  total: 0.2899396024644375
Metrics:
  cityscapes_dice: 0.8698240280151367
  cityscapes_jaccard_macro: 0.41689949184656144
  cityscapes_jaccard_micro: 0.8422512412071228

2024-06-21 14:37:32,523 - INFO - Validation Stats
Loss:
  total: 0.3256306485272944
Metrics:
  cityscapes_dice: 0.8595920391380787
  cityscapes_jaccard_macro: 0.3824815098196268
  cityscapes_jaccard_micro: 0.8238066807389259

2024-06-21 14:37:42,240 - INFO - Epoch 16/120
2024-06-21 14:38:27,872 - INFO - Train Stats
Loss:
  total: 0.30137778967618944
Metrics:
  cityscapes_dice: 0.8674400091171265
  cityscapes_jaccard_macro: 0.4172397702932358
  cityscapes_jaccard_micro: 0.8342859357595444

2024-06-21 14:38:54,205 - INFO - Validation Stats
Loss:
  total: 0.32092361571267247
Metrics:
  cityscapes_dice: 0.8594765495508909
  cityscapes_jaccard_macro: 0.39108149986714125
  cityscapes_jaccard_micro: 0.8235095031559467

2024-06-21 14:39:01,346 - INFO - Epoch 17/120
2024-06-21 14:39:48,843 - INFO - Train Stats
Loss:
  total: 0.27066496312618255
Metrics:
  cityscapes_dice: 0.8732096672058105
  cityscapes_jaccard_macro: 0.4327019602060318
  cityscapes_jaccard_micro: 0.8472686290740967

2024-06-21 14:40:18,209 - INFO - Validation Stats
Loss:
  total: 0.31057371757924557
Metrics:
  cityscapes_dice: 0.8614092897623777
  cityscapes_jaccard_macro: 0.39262985065579414
  cityscapes_jaccard_micro: 0.8275262154638767

2024-06-21 14:40:25,532 - INFO - Epoch 18/120
2024-06-21 14:41:11,396 - INFO - Train Stats
Loss:
  total: 0.2786150358617306
Metrics:
  cityscapes_dice: 0.8710859417915344
  cityscapes_jaccard_macro: 0.4264831021428108
  cityscapes_jaccard_micro: 0.8443341940641403

2024-06-21 14:41:40,324 - INFO - Validation Stats
Loss:
  total: 0.30896899197250605
Metrics:
  cityscapes_dice: 0.8609766643494368
  cityscapes_jaccard_macro: 0.40056498162448406
  cityscapes_jaccard_micro: 0.8272282555699348

2024-06-21 14:41:47,450 - INFO - Epoch 19/120
2024-06-21 14:42:35,116 - INFO - Train Stats
Loss:
  total: 0.2610087387263775
Metrics:
  cityscapes_dice: 0.8766224563121796
  cityscapes_jaccard_macro: 0.4419213578104973
  cityscapes_jaccard_micro: 0.852355819940567

2024-06-21 14:43:05,247 - INFO - Validation Stats
Loss:
  total: 0.3139116740785539
Metrics:
  cityscapes_dice: 0.8600085452198982
  cityscapes_jaccard_macro: 0.41207590978592634
  cityscapes_jaccard_micro: 0.8257499914616346

2024-06-21 14:43:05,247 - INFO - Epoch 20/120
2024-06-21 14:43:51,102 - INFO - Train Stats
Loss:
  total: 0.26176499500870704
Metrics:
  cityscapes_dice: 0.8761931955814362
  cityscapes_jaccard_macro: 0.45365292578935623
  cityscapes_jaccard_micro: 0.8525714725255966

2024-06-21 14:44:20,345 - INFO - Validation Stats
Loss:
  total: 0.3039162019267678
Metrics:
  cityscapes_dice: 0.8626705780625343
  cityscapes_jaccard_macro: 0.40559178963303566
  cityscapes_jaccard_micro: 0.8307340126484632

2024-06-21 14:44:35,828 - INFO - Epoch 21/120
2024-06-21 14:45:21,987 - INFO - Train Stats
Loss:
  total: 0.25101970732212064
Metrics:
  cityscapes_dice: 0.8807665258646011
  cityscapes_jaccard_macro: 0.46628484725952146
  cityscapes_jaccard_micro: 0.8575314253568649

2024-06-21 14:45:52,715 - INFO - Validation Stats
Loss:
  total: 0.3035658737644553
Metrics:
  cityscapes_dice: 0.8625905923545361
  cityscapes_jaccard_macro: 0.4177978755906224
  cityscapes_jaccard_micro: 0.8295262530446053

2024-06-21 14:46:00,609 - INFO - Epoch 22/120
2024-06-21 14:46:46,322 - INFO - Train Stats
Loss:
  total: 0.24180540218949317
Metrics:
  cityscapes_dice: 0.8784882336854934
  cityscapes_jaccard_macro: 0.4654164105653763
  cityscapes_jaccard_micro: 0.8604755222797393

2024-06-21 14:47:16,560 - INFO - Validation Stats
Loss:
  total: 0.30275346990674734
Metrics:
  cityscapes_dice: 0.8635841459035873
  cityscapes_jaccard_macro: 0.42225277330726385
  cityscapes_jaccard_micro: 0.8297822885215282

2024-06-21 14:47:30,351 - INFO - Epoch 23/120
2024-06-21 14:48:16,195 - INFO - Train Stats
Loss:
  total: 0.24194490760564805
Metrics:
  cityscapes_dice: 0.8792567729949952
  cityscapes_jaccard_macro: 0.4672535344958305
  cityscapes_jaccard_micro: 0.8594554930925369

2024-06-21 14:48:44,556 - INFO - Validation Stats
Loss:
  total: 0.29377357847988605
Metrics:
  cityscapes_dice: 0.8649623319506645
  cityscapes_jaccard_macro: 0.4185606259852648
  cityscapes_jaccard_micro: 0.8336134646087885

2024-06-21 14:48:51,435 - INFO - Epoch 24/120
2024-06-21 14:49:38,652 - INFO - Train Stats
Loss:
  total: 0.23946295380592347
Metrics:
  cityscapes_dice: 0.8813846349716187
  cityscapes_jaccard_macro: 0.4677898496389389
  cityscapes_jaccard_micro: 0.8611403614282608

2024-06-21 14:50:07,842 - INFO - Validation Stats
Loss:
  total: 0.2843836937099695
Metrics:
  cityscapes_dice: 0.8671816308051348
  cityscapes_jaccard_macro: 0.4253067336976528
  cityscapes_jaccard_micro: 0.8384171836078167

2024-06-21 14:50:15,091 - INFO - Epoch 25/120
2024-06-21 14:51:01,002 - INFO - Train Stats
Loss:
  total: 0.22741909101605415
Metrics:
  cityscapes_dice: 0.8838545382022858
  cityscapes_jaccard_macro: 0.485783626139164
  cityscapes_jaccard_micro: 0.8667156219482421

2024-06-21 14:51:28,252 - INFO - Validation Stats
Loss:
  total: 0.28642581682652235
Metrics:
  cityscapes_dice: 0.8676660899072886
  cityscapes_jaccard_macro: 0.4303029105067253
  cityscapes_jaccard_micro: 0.8378937356173992

2024-06-21 14:51:28,252 - INFO - Epoch 26/120
2024-06-21 14:52:16,047 - INFO - Train Stats
Loss:
  total: 0.22136007249355316
Metrics:
  cityscapes_dice: 0.8858258605003357
  cityscapes_jaccard_macro: 0.4902196958661079
  cityscapes_jaccard_micro: 0.8710962057113647

2024-06-21 14:52:43,058 - INFO - Validation Stats
Loss:
  total: 0.2790621886961162
Metrics:
  cityscapes_dice: 0.8691359683871269
  cityscapes_jaccard_macro: 0.4447984993457794
  cityscapes_jaccard_micro: 0.8397511746734381

2024-06-21 14:52:49,993 - INFO - Epoch 27/120
2024-06-21 14:53:35,951 - INFO - Train Stats
Loss:
  total: 0.22389373779296876
Metrics:
  cityscapes_dice: 0.8853117257356644
  cityscapes_jaccard_macro: 0.4960533007979393
  cityscapes_jaccard_micro: 0.869184485077858

2024-06-21 14:54:04,256 - INFO - Validation Stats
Loss:
  total: 0.2781698894686997
Metrics:
  cityscapes_dice: 0.8694149181246758
  cityscapes_jaccard_macro: 0.4392595300450921
  cityscapes_jaccard_micro: 0.8413011487573385

2024-06-21 14:54:11,767 - INFO - Epoch 28/120
2024-06-21 14:54:57,571 - INFO - Train Stats
Loss:
  total: 0.21757925152778626
Metrics:
  cityscapes_dice: 0.8880417674779892
  cityscapes_jaccard_macro: 0.5124556615948677
  cityscapes_jaccard_micro: 0.8724300920963287

2024-06-21 14:55:23,674 - INFO - Validation Stats
Loss:
  total: 0.28356039989739656
Metrics:
  cityscapes_dice: 0.8682340681552887
  cityscapes_jaccard_macro: 0.4480648571625352
  cityscapes_jaccard_micro: 0.8385169450193644

2024-06-21 14:55:23,674 - INFO - Epoch 29/120
2024-06-21 14:56:11,767 - INFO - Train Stats
Loss:
  total: 0.20922394841909409
Metrics:
  cityscapes_dice: 0.8896005183458329
  cityscapes_jaccard_macro: 0.5113786458969116
  cityscapes_jaccard_micro: 0.8767909586429596

2024-06-21 14:56:37,892 - INFO - Validation Stats
Loss:
  total: 0.28186802193522453
Metrics:
  cityscapes_dice: 0.8670986779034138
  cityscapes_jaccard_macro: 0.44604663643985987
  cityscapes_jaccard_micro: 0.8388113677501678

2024-06-21 14:56:37,892 - INFO - Epoch 30/120
2024-06-21 14:57:23,708 - INFO - Train Stats
Loss:
  total: 0.21022462472319603
Metrics:
  cityscapes_dice: 0.8897304087877274
  cityscapes_jaccard_macro: 0.5286534130573273
  cityscapes_jaccard_micro: 0.8764008164405823

2024-06-21 14:57:48,159 - INFO - Validation Stats
Loss:
  total: 0.2730131899006665
Metrics:
  cityscapes_dice: 0.869195157662034
  cityscapes_jaccard_macro: 0.44988012593239546
  cityscapes_jaccard_micro: 0.8423417937010527

2024-06-21 14:58:02,221 - INFO - Epoch 31/120
2024-06-21 14:58:49,235 - INFO - Train Stats
Loss:
  total: 0.20069091990590096
Metrics:
  cityscapes_dice: 0.8917705744504929
  cityscapes_jaccard_macro: 0.5222697377204895
  cityscapes_jaccard_micro: 0.8811776101589203

2024-06-21 14:59:14,217 - INFO - Validation Stats
Loss:
  total: 0.27044619154185057
Metrics:
  cityscapes_dice: 0.8718964140862226
  cityscapes_jaccard_macro: 0.4480380294844508
  cityscapes_jaccard_micro: 0.8452335130423307

2024-06-21 14:59:21,071 - INFO - Epoch 32/120
2024-06-21 15:00:06,699 - INFO - Train Stats
Loss:
  total: 0.2049473688006401
Metrics:
  cityscapes_dice: 0.8910441339015961
  cityscapes_jaccard_macro: 0.5374306738376617
  cityscapes_jaccard_micro: 0.8796013474464417

2024-06-21 15:00:35,840 - INFO - Validation Stats
Loss:
  total: 0.28369214944541454
Metrics:
  cityscapes_dice: 0.8673505038022995
  cityscapes_jaccard_macro: 0.4601622028276324
  cityscapes_jaccard_micro: 0.8383259661495686

2024-06-21 15:00:35,841 - INFO - Epoch 33/120
2024-06-21 15:01:21,572 - INFO - Train Stats
Loss:
  total: 0.2046077623963356
Metrics:
  cityscapes_dice: 0.8905032813549042
  cityscapes_jaccard_macro: 0.5320994704961777
  cityscapes_jaccard_micro: 0.8789529085159302

2024-06-21 15:01:47,534 - INFO - Validation Stats
Loss:
  total: 0.2723305565305054
Metrics:
  cityscapes_dice: 0.8690393306314945
  cityscapes_jaccard_macro: 0.4614204401150346
  cityscapes_jaccard_micro: 0.8422466088086367

2024-06-21 15:01:47,534 - INFO - Epoch 34/120
2024-06-21 15:02:33,143 - INFO - Train Stats
Loss:
  total: 0.20154974535107611
Metrics:
  cityscapes_dice: 0.8925251752138138
  cityscapes_jaccard_macro: 0.5462808072566986
  cityscapes_jaccard_micro: 0.8808619022369385

2024-06-21 15:03:00,009 - INFO - Validation Stats
Loss:
  total: 0.27386777149513364
Metrics:
  cityscapes_dice: 0.8710748068988323
  cityscapes_jaccard_macro: 0.4583811145275831
  cityscapes_jaccard_micro: 0.8433166537433863

2024-06-21 15:03:00,009 - INFO - Epoch 35/120
2024-06-21 15:03:45,549 - INFO - Train Stats
Loss:
  total: 0.19339597076177598
Metrics:
  cityscapes_dice: 0.894206503033638
  cityscapes_jaccard_macro: 0.5329661175608635
  cityscapes_jaccard_micro: 0.88472198843956

2024-06-21 15:04:12,296 - INFO - Validation Stats
Loss:
  total: 0.26511024963110685
Metrics:
  cityscapes_dice: 0.871598556637764
  cityscapes_jaccard_macro: 0.45607633609324694
  cityscapes_jaccard_micro: 0.8467909619212151

2024-06-21 15:04:19,400 - INFO - Epoch 36/120
2024-06-21 15:05:04,886 - INFO - Train Stats
Loss:
  total: 0.19462426751852036
Metrics:
  cityscapes_dice: 0.893830007314682
  cityscapes_jaccard_macro: 0.5657134294509888
  cityscapes_jaccard_micro: 0.8836448729038239

2024-06-21 15:05:32,187 - INFO - Validation Stats
Loss:
  total: 0.26835693093016744
Metrics:
  cityscapes_dice: 0.86908202432096
  cityscapes_jaccard_macro: 0.4605652829632163
  cityscapes_jaccard_micro: 0.8445370309054852

2024-06-21 15:05:32,187 - INFO - Epoch 37/120
2024-06-21 15:06:17,818 - INFO - Train Stats
Loss:
  total: 0.19053655117750168
Metrics:
  cityscapes_dice: 0.8939020901918411
  cityscapes_jaccard_macro: 0.5534014582633973
  cityscapes_jaccard_micro: 0.886603856086731

2024-06-21 15:06:47,540 - INFO - Validation Stats
Loss:
  total: 0.266371329780668
Metrics:
  cityscapes_dice: 0.8705724999308586
  cityscapes_jaccard_macro: 0.46819922514259815
  cityscapes_jaccard_micro: 0.845574589446187

2024-06-21 15:06:47,540 - INFO - Epoch 38/120
2024-06-21 15:07:34,448 - INFO - Train Stats
Loss:
  total: 0.1920819692313671
Metrics:
  cityscapes_dice: 0.8944627493619919
  cityscapes_jaccard_macro: 0.560935090482235
  cityscapes_jaccard_micro: 0.8850729644298554

2024-06-21 15:08:01,292 - INFO - Validation Stats
Loss:
  total: 0.26877556880936027
Metrics:
  cityscapes_dice: 0.8708459809422493
  cityscapes_jaccard_macro: 0.46153238136321306
  cityscapes_jaccard_micro: 0.8445255253463984

2024-06-21 15:08:01,292 - INFO - Epoch 39/120
2024-06-21 15:08:49,232 - INFO - Train Stats
Loss:
  total: 0.1808829590678215
Metrics:
  cityscapes_dice: 0.8972973585128784
  cityscapes_jaccard_macro: 0.5501713588833809
  cityscapes_jaccard_micro: 0.8908997446298599

2024-06-21 15:09:13,416 - INFO - Validation Stats
Loss:
  total: 0.2592225349508226
Metrics:
  cityscapes_dice: 0.8750343918800354
  cityscapes_jaccard_macro: 0.46799781918525696
  cityscapes_jaccard_micro: 0.8502206150442362

2024-06-21 15:09:20,285 - INFO - Epoch 40/120
2024-06-21 15:10:05,984 - INFO - Train Stats
Loss:
  total: 0.1817244030535221
Metrics:
  cityscapes_dice: 0.8967862337827682
  cityscapes_jaccard_macro: 0.5605766281485558
  cityscapes_jaccard_micro: 0.8897679477930069

2024-06-21 15:10:31,151 - INFO - Validation Stats
Loss:
  total: 0.2685436955653131
Metrics:
  cityscapes_dice: 0.8703370187431574
  cityscapes_jaccard_macro: 0.4722827011719346
  cityscapes_jaccard_micro: 0.8447101302444935

2024-06-21 15:10:38,298 - INFO - Epoch 41/120
2024-06-21 15:11:24,046 - INFO - Train Stats
Loss:
  total: 0.18212050050497056
Metrics:
  cityscapes_dice: 0.898125883936882
  cityscapes_jaccard_macro: 0.5605597078800202
  cityscapes_jaccard_micro: 0.8901946127414704

2024-06-21 15:11:52,636 - INFO - Validation Stats
Loss:
  total: 0.2635792316868901
Metrics:
  cityscapes_dice: 0.8719748370349407
  cityscapes_jaccard_macro: 0.46493335999548435
  cityscapes_jaccard_micro: 0.8467847052961588

2024-06-21 15:11:52,636 - INFO - Epoch 42/120
2024-06-21 15:12:38,412 - INFO - Train Stats
Loss:
  total: 0.1869288094341755
Metrics:
  cityscapes_dice: 0.8946229755878449
  cityscapes_jaccard_macro: 0.5662675678730011
  cityscapes_jaccard_micro: 0.8866165161132813

2024-06-21 15:13:05,862 - INFO - Validation Stats
Loss:
  total: 0.2603644337505102
Metrics:
  cityscapes_dice: 0.8746914342045784
  cityscapes_jaccard_macro: 0.473886976018548
  cityscapes_jaccard_micro: 0.8489399049431086

2024-06-21 15:13:05,862 - INFO - Epoch 43/120
2024-06-21 15:13:51,611 - INFO - Train Stats
Loss:
  total: 0.17526207789778708
Metrics:
  cityscapes_dice: 0.8981335252523422
  cityscapes_jaccard_macro: 0.554490065574646
  cityscapes_jaccard_micro: 0.8931357473134994

2024-06-21 15:14:16,360 - INFO - Validation Stats
Loss:
  total: 0.26759941782802343
Metrics:
  cityscapes_dice: 0.8708207253366709
  cityscapes_jaccard_macro: 0.46533891558647156
  cityscapes_jaccard_micro: 0.846276294440031

2024-06-21 15:14:16,360 - INFO - Epoch 44/120
2024-06-21 15:15:02,117 - INFO - Train Stats
Loss:
  total: 0.1721610724925995
Metrics:
  cityscapes_dice: 0.8995661497116089
  cityscapes_jaccard_macro: 0.5660049200057984
  cityscapes_jaccard_micro: 0.8948706984519958

2024-06-21 15:15:27,629 - INFO - Validation Stats
Loss:
  total: 0.2644381448626518
Metrics:
  cityscapes_dice: 0.8738071322441101
  cityscapes_jaccard_macro: 0.4812571033835411
  cityscapes_jaccard_micro: 0.8481293953955173

2024-06-21 15:15:27,629 - INFO - Epoch 45/120
2024-06-21 15:16:13,257 - INFO - Train Stats
Loss:
  total: 0.18064936697483064
Metrics:
  cityscapes_dice: 0.8971468359231949
  cityscapes_jaccard_macro: 0.574751789867878
  cityscapes_jaccard_micro: 0.8897394984960556

2024-06-21 15:16:41,528 - INFO - Validation Stats
Loss:
  total: 0.25803243974223733
Metrics:
  cityscapes_dice: 0.8750985134392977
  cityscapes_jaccard_macro: 0.4742177464067936
  cityscapes_jaccard_micro: 0.8517823629081249

2024-06-21 15:16:48,586 - INFO - Epoch 46/120
2024-06-21 15:17:34,206 - INFO - Train Stats
Loss:
  total: 0.1722999781370163
Metrics:
  cityscapes_dice: 0.8974237829446793
  cityscapes_jaccard_macro: 0.5644547909498214
  cityscapes_jaccard_micro: 0.8943608939647675

2024-06-21 15:18:02,925 - INFO - Validation Stats
Loss:
  total: 0.25579225830733776
Metrics:
  cityscapes_dice: 0.8746530152857304
  cityscapes_jaccard_macro: 0.4782965937629342
  cityscapes_jaccard_micro: 0.8506099209189415

2024-06-21 15:18:09,620 - INFO - Epoch 47/120
2024-06-21 15:18:55,181 - INFO - Train Stats
Loss:
  total: 0.17233106791973113
Metrics:
  cityscapes_dice: 0.8999884098768234
  cityscapes_jaccard_macro: 0.5871696516871452
  cityscapes_jaccard_micro: 0.8946738362312316

2024-06-21 15:19:24,258 - INFO - Validation Stats
Loss:
  total: 0.266943845897913
Metrics:
  cityscapes_dice: 0.8707134444266558
  cityscapes_jaccard_macro: 0.47174650989472866
  cityscapes_jaccard_micro: 0.8460787963122129

2024-06-21 15:19:24,259 - INFO - Epoch 48/120
2024-06-21 15:20:10,034 - INFO - Train Stats
Loss:
  total: 0.17610646411776543
Metrics:
  cityscapes_dice: 0.8972104340791702
  cityscapes_jaccard_macro: 0.5792795524001122
  cityscapes_jaccard_micro: 0.8921124637126923

2024-06-21 15:20:38,002 - INFO - Validation Stats
Loss:
  total: 0.25719190761446953
Metrics:
  cityscapes_dice: 0.8737562373280525
  cityscapes_jaccard_macro: 0.4682637192308903
  cityscapes_jaccard_micro: 0.8507485147565603

2024-06-21 15:20:38,002 - INFO - Epoch 49/120
2024-06-21 15:21:23,852 - INFO - Train Stats
Loss:
  total: 0.1732323296368122
Metrics:
  cityscapes_dice: 0.8991417557001113
  cityscapes_jaccard_macro: 0.6015091449022293
  cityscapes_jaccard_micro: 0.8937290102243424

2024-06-21 15:21:51,245 - INFO - Validation Stats
Loss:
  total: 0.25553927663713694
Metrics:
  cityscapes_dice: 0.874152148142457
  cityscapes_jaccard_macro: 0.473847939632833
  cityscapes_jaccard_micro: 0.8511314131319523

2024-06-21 15:22:02,271 - INFO - Epoch 50/120
2024-06-21 15:22:47,704 - INFO - Train Stats
Loss:
  total: 0.17241463288664818
Metrics:
  cityscapes_dice: 0.8983902245759964
  cityscapes_jaccard_macro: 0.5815173238515854
  cityscapes_jaccard_micro: 0.8939490526914596

2024-06-21 15:23:15,234 - INFO - Validation Stats
Loss:
  total: 0.2562236632220447
Metrics:
  cityscapes_dice: 0.8748700432479382
  cityscapes_jaccard_macro: 0.4800542229786515
  cityscapes_jaccard_micro: 0.8521986044943333

2024-06-21 15:23:24,497 - INFO - Epoch 51/120
2024-06-21 15:24:11,186 - INFO - Train Stats
Loss:
  total: 0.16766461953520775
Metrics:
  cityscapes_dice: 0.8999664872884751
  cityscapes_jaccard_macro: 0.5873400747776032
  cityscapes_jaccard_micro: 0.8967943578958512

2024-06-21 15:24:36,715 - INFO - Validation Stats
Loss:
  total: 0.2508916351944208
Metrics:
  cityscapes_dice: 0.8760458398610353
  cityscapes_jaccard_macro: 0.48210288770496845
  cityscapes_jaccard_micro: 0.8556717149913311

2024-06-21 15:24:43,561 - INFO - Epoch 52/120
2024-06-21 15:25:31,620 - INFO - Train Stats
Loss:
  total: 0.1696834906935692
Metrics:
  cityscapes_dice: 0.9002911448478699
  cityscapes_jaccard_macro: 0.59070725440979
  cityscapes_jaccard_micro: 0.8961495488882065

2024-06-21 15:25:59,831 - INFO - Validation Stats
Loss:
  total: 0.253752744756639
Metrics:
  cityscapes_dice: 0.8755955845117569
  cityscapes_jaccard_macro: 0.47918199747800827
  cityscapes_jaccard_micro: 0.8527350965887308

2024-06-21 15:25:59,831 - INFO - Epoch 53/120
2024-06-21 15:26:46,982 - INFO - Train Stats
Loss:
  total: 0.1633571930229664
Metrics:
  cityscapes_dice: 0.9023428946733475
  cityscapes_jaccard_macro: 0.5959373891353608
  cityscapes_jaccard_micro: 0.899044144153595

2024-06-21 15:27:13,072 - INFO - Validation Stats
Loss:
  total: 0.2543740915134549
Metrics:
  cityscapes_dice: 0.8754006326198578
  cityscapes_jaccard_macro: 0.481827637180686
  cityscapes_jaccard_micro: 0.8523914217948914

2024-06-21 15:27:13,072 - INFO - Epoch 54/120
2024-06-21 15:27:58,895 - INFO - Train Stats
Loss:
  total: 0.15902530699968337
Metrics:
  cityscapes_dice: 0.9036642789840699
  cityscapes_jaccard_macro: 0.5894618973135948
  cityscapes_jaccard_micro: 0.900490003824234

2024-06-21 15:28:24,975 - INFO - Validation Stats
Loss:
  total: 0.2584412950091064
Metrics:
  cityscapes_dice: 0.8732916861772537
  cityscapes_jaccard_macro: 0.4823016719892621
  cityscapes_jaccard_micro: 0.8501412253826857

2024-06-21 15:28:24,976 - INFO - Epoch 55/120
2024-06-21 15:29:10,580 - INFO - Train Stats
Loss:
  total: 0.16334420442581177
Metrics:
  cityscapes_dice: 0.9009716510772705
  cityscapes_jaccard_macro: 0.5944813504815102
  cityscapes_jaccard_micro: 0.8979317277669907

2024-06-21 15:29:36,989 - INFO - Validation Stats
Loss:
  total: 0.26279609464108944
Metrics:
  cityscapes_dice: 0.873317051678896
  cityscapes_jaccard_macro: 0.4863898977637291
  cityscapes_jaccard_micro: 0.8494624122977257

2024-06-21 15:29:36,989 - INFO - Epoch 56/120
2024-06-21 15:30:22,578 - INFO - Train Stats
Loss:
  total: 0.16127687096595764
Metrics:
  cityscapes_dice: 0.9004204928874969
  cityscapes_jaccard_macro: 0.596065278351307
  cityscapes_jaccard_micro: 0.9001066774129868

2024-06-21 15:30:47,666 - INFO - Validation Stats
Loss:
  total: 0.24918757751584053
Metrics:
  cityscapes_dice: 0.876340277493
  cityscapes_jaccard_macro: 0.48825850803405046
  cityscapes_jaccard_micro: 0.8546692468225956

2024-06-21 15:30:55,183 - INFO - Epoch 57/120
2024-06-21 15:31:41,512 - INFO - Train Stats
Loss:
  total: 0.1597890868782997
Metrics:
  cityscapes_dice: 0.9015789866447449
  cityscapes_jaccard_macro: 0.6063296318054199
  cityscapes_jaccard_micro: 0.9004595965147019

2024-06-21 15:32:07,820 - INFO - Validation Stats
Loss:
  total: 0.2543859761208296
Metrics:
  cityscapes_dice: 0.8749066032469273
  cityscapes_jaccard_macro: 0.48257177136838436
  cityscapes_jaccard_micro: 0.8519954662770033

2024-06-21 15:32:07,820 - INFO - Epoch 58/120
2024-06-21 15:32:53,423 - INFO - Train Stats
Loss:
  total: 0.16187171638011932
Metrics:
  cityscapes_dice: 0.9019382059574127
  cityscapes_jaccard_macro: 0.6019404023885727
  cityscapes_jaccard_micro: 0.8991423726081849

2024-06-21 15:33:20,733 - INFO - Validation Stats
Loss:
  total: 0.2605443228967488
Metrics:
  cityscapes_dice: 0.8749771881848574
  cityscapes_jaccard_macro: 0.47605824563652277
  cityscapes_jaccard_micro: 0.8497523311525583

2024-06-21 15:33:20,733 - INFO - Epoch 59/120
2024-06-21 15:34:06,574 - INFO - Train Stats
Loss:
  total: 0.16157518029212953
Metrics:
  cityscapes_dice: 0.9025702327489853
  cityscapes_jaccard_macro: 0.6062391757965088
  cityscapes_jaccard_micro: 0.899127471446991

2024-06-21 15:34:35,801 - INFO - Validation Stats
Loss:
  total: 0.2545555690303445
Metrics:
  cityscapes_dice: 0.8754136096686125
  cityscapes_jaccard_macro: 0.49504765775054693
  cityscapes_jaccard_micro: 0.8535392414778471

2024-06-21 15:34:35,801 - INFO - Epoch 60/120
2024-06-21 15:35:21,572 - INFO - Train Stats
Loss:
  total: 0.15533803179860114
Metrics:
  cityscapes_dice: 0.9016071349382401
  cityscapes_jaccard_macro: 0.6047185689210892
  cityscapes_jaccard_micro: 0.9015745908021927

2024-06-21 15:35:49,482 - INFO - Validation Stats
Loss:
  total: 0.25688653672114015
Metrics:
  cityscapes_dice: 0.8743893280625343
  cityscapes_jaccard_macro: 0.48188410699367523
  cityscapes_jaccard_micro: 0.8511612322181463

2024-06-21 15:35:57,024 - INFO - Epoch 61/120
2024-06-21 15:36:43,808 - INFO - Train Stats
Loss:
  total: 0.15438960567116738
Metrics:
  cityscapes_dice: 0.9045846581459045
  cityscapes_jaccard_macro: 0.6210952639579773
  cityscapes_jaccard_micro: 0.9030504345893859

2024-06-21 15:37:08,465 - INFO - Validation Stats
Loss:
  total: 0.2597440034151077
Metrics:
  cityscapes_dice: 0.874580480158329
  cityscapes_jaccard_macro: 0.48551451321691275
  cityscapes_jaccard_micro: 0.851390341296792

2024-06-21 15:37:08,466 - INFO - Epoch 62/120
2024-06-21 15:37:58,352 - INFO - Train Stats
Loss:
  total: 0.1518298327922821
Metrics:
  cityscapes_dice: 0.9050909250974655
  cityscapes_jaccard_macro: 0.6080934643745423
  cityscapes_jaccard_micro: 0.9043357580900192

2024-06-21 15:38:23,302 - INFO - Validation Stats
Loss:
  total: 0.25453789765015244
Metrics:
  cityscapes_dice: 0.8763752933591604
  cityscapes_jaccard_macro: 0.490413062274456
  cityscapes_jaccard_micro: 0.8532547075301409

2024-06-21 15:38:23,303 - INFO - Epoch 63/120
2024-06-21 15:39:10,663 - INFO - Train Stats
Loss:
  total: 0.15152287259697914
Metrics:
  cityscapes_dice: 0.9035034567117691
  cityscapes_jaccard_macro: 0.6041581451892852
  cityscapes_jaccard_micro: 0.904990753531456

2024-06-21 15:39:37,627 - INFO - Validation Stats
Loss:
  total: 0.2495391177944839
Metrics:
  cityscapes_dice: 0.8785187173634768
  cityscapes_jaccard_macro: 0.48990071285516024
  cityscapes_jaccard_micro: 0.8555038664489985

2024-06-21 15:39:37,627 - INFO - Epoch 64/120
2024-06-21 15:40:23,338 - INFO - Train Stats
Loss:
  total: 0.15428525507450103
Metrics:
  cityscapes_dice: 0.9030205368995666
  cityscapes_jaccard_macro: 0.6127148151397706
  cityscapes_jaccard_micro: 0.9031498193740845

2024-06-21 15:40:49,099 - INFO - Validation Stats
Loss:
  total: 0.24003904266282916
Metrics:
  cityscapes_dice: 0.8787428550422192
  cityscapes_jaccard_macro: 0.4878484830260277
  cityscapes_jaccard_micro: 0.8593739569187164

2024-06-21 15:40:56,298 - INFO - Epoch 65/120
2024-06-21 15:41:42,988 - INFO - Train Stats
Loss:
  total: 0.15382894240319728
Metrics:
  cityscapes_dice: 0.9033469051122666
  cityscapes_jaccard_macro: 0.6161595672369004
  cityscapes_jaccard_micro: 0.9035219222307205

2024-06-21 15:42:07,654 - INFO - Validation Stats
Loss:
  total: 0.24431287869811058
Metrics:
  cityscapes_dice: 0.8775778859853745
  cityscapes_jaccard_macro: 0.4935835553333163
  cityscapes_jaccard_micro: 0.8584176748991013

2024-06-21 15:42:07,654 - INFO - Epoch 66/120
2024-06-21 15:42:53,477 - INFO - Train Stats
Loss:
  total: 0.1566605046391487
Metrics:
  cityscapes_dice: 0.9019346952438354
  cityscapes_jaccard_macro: 0.6038954630494118
  cityscapes_jaccard_micro: 0.901472070813179

2024-06-21 15:43:21,063 - INFO - Validation Stats
Loss:
  total: 0.2504092948511243
Metrics:
  cityscapes_dice: 0.877644332125783
  cityscapes_jaccard_macro: 0.47919380012899637
  cityscapes_jaccard_micro: 0.8558514267206192

2024-06-21 15:43:21,063 - INFO - Epoch 67/120
2024-06-21 15:44:06,695 - INFO - Train Stats
Loss:
  total: 0.1522149160504341
Metrics:
  cityscapes_dice: 0.9054895073175431
  cityscapes_jaccard_macro: 0.6133907839655877
  cityscapes_jaccard_micro: 0.904582417011261

2024-06-21 15:44:33,772 - INFO - Validation Stats
Loss:
  total: 0.25867492938414216
Metrics:
  cityscapes_dice: 0.8728362508118153
  cityscapes_jaccard_macro: 0.4835170665755868
  cityscapes_jaccard_micro: 0.8503324054181576

2024-06-21 15:44:33,772 - INFO - Epoch 68/120
2024-06-21 15:45:19,386 - INFO - Train Stats
Loss:
  total: 0.15282488688826562
Metrics:
  cityscapes_dice: 0.9040989875793457
  cityscapes_jaccard_macro: 0.6155285924673081
  cityscapes_jaccard_micro: 0.9035502165555954

2024-06-21 15:45:49,149 - INFO - Validation Stats
Loss:
  total: 0.2514682854525745
Metrics:
  cityscapes_dice: 0.8779237251728773
  cityscapes_jaccard_macro: 0.4889252046123147
  cityscapes_jaccard_micro: 0.8549422547221184

2024-06-21 15:45:49,149 - INFO - Epoch 69/120
2024-06-21 15:46:34,743 - INFO - Train Stats
Loss:
  total: 0.1522826511412859
Metrics:
  cityscapes_dice: 0.9045908123254776
  cityscapes_jaccard_macro: 0.6224590957164764
  cityscapes_jaccard_micro: 0.9040402710437775

2024-06-21 15:47:01,603 - INFO - Validation Stats
Loss:
  total: 0.2499568215571344
Metrics:
  cityscapes_dice: 0.8766251765191555
  cityscapes_jaccard_macro: 0.48738674726337194
  cityscapes_jaccard_micro: 0.8539287690073252

2024-06-21 15:47:01,603 - INFO - Epoch 70/120
2024-06-21 15:47:47,353 - INFO - Train Stats
Loss:
  total: 0.1555788315832615
Metrics:
  cityscapes_dice: 0.9016337633132935
  cityscapes_jaccard_macro: 0.6127637177705765
  cityscapes_jaccard_micro: 0.9016851156949997

2024-06-21 15:48:12,076 - INFO - Validation Stats
Loss:
  total: 0.24846022250130773
Metrics:
  cityscapes_dice: 0.8774795103818178
  cityscapes_jaccard_macro: 0.49542931094765663
  cityscapes_jaccard_micro: 0.855828583240509

2024-06-21 15:48:20,465 - INFO - Epoch 71/120
2024-06-21 15:49:06,878 - INFO - Train Stats
Loss:
  total: 0.14945627972483636
Metrics:
  cityscapes_dice: 0.9052252829074859
  cityscapes_jaccard_macro: 0.6242857992649078
  cityscapes_jaccard_micro: 0.905289676785469

2024-06-21 15:49:31,572 - INFO - Validation Stats
Loss:
  total: 0.24986393935978413
Metrics:
  cityscapes_dice: 0.8755445219576359
  cityscapes_jaccard_macro: 0.48924524150788784
  cityscapes_jaccard_micro: 0.8539627362042665

2024-06-21 15:49:31,572 - INFO - Epoch 72/120
2024-06-21 15:50:17,373 - INFO - Train Stats
Loss:
  total: 0.14873996898531913
Metrics:
  cityscapes_dice: 0.9045448482036591
  cityscapes_jaccard_macro: 0.613283348083496
  cityscapes_jaccard_micro: 0.90543192923069

2024-06-21 15:50:47,445 - INFO - Validation Stats
Loss:
  total: 0.24909526202827692
Metrics:
  cityscapes_dice: 0.8764370549470186
  cityscapes_jaccard_macro: 0.49113902542740107
  cityscapes_jaccard_micro: 0.8558334819972515

2024-06-21 15:50:47,446 - INFO - Epoch 73/120
2024-06-21 15:51:33,128 - INFO - Train Stats
Loss:
  total: 0.14625201001763344
Metrics:
  cityscapes_dice: 0.9057438611984253
  cityscapes_jaccard_macro: 0.6120851993560791
  cityscapes_jaccard_micro: 0.9070029258728027

2024-06-21 15:51:57,352 - INFO - Validation Stats
Loss:
  total: 0.2524973186664283
Metrics:
  cityscapes_dice: 0.8762737940996885
  cityscapes_jaccard_macro: 0.48933454416692257
  cityscapes_jaccard_micro: 0.8540609385818243

2024-06-21 15:51:57,352 - INFO - Epoch 74/120
2024-06-21 15:52:43,187 - INFO - Train Stats
Loss:
  total: 0.14653993919491767
Metrics:
  cityscapes_dice: 0.905071821808815
  cityscapes_jaccard_macro: 0.6291465997695923
  cityscapes_jaccard_micro: 0.9072849690914154

2024-06-21 15:53:13,512 - INFO - Validation Stats
Loss:
  total: 0.2486363546922803
Metrics:
  cityscapes_dice: 0.8792543951421976
  cityscapes_jaccard_macro: 0.49332149885594845
  cityscapes_jaccard_micro: 0.8570510540157557

2024-06-21 15:53:13,513 - INFO - Epoch 75/120
2024-06-21 15:53:59,163 - INFO - Train Stats
Loss:
  total: 0.14896084293723105
Metrics:
  cityscapes_dice: 0.9049640715122222
  cityscapes_jaccard_macro: 0.6309736430644989
  cityscapes_jaccard_micro: 0.9058726578950882

2024-06-21 15:54:27,490 - INFO - Validation Stats
Loss:
  total: 0.25561188999563456
Metrics:
  cityscapes_dice: 0.8763471804559231
  cityscapes_jaccard_macro: 0.4920692415907979
  cityscapes_jaccard_micro: 0.8532137759029865

2024-06-21 15:54:27,490 - INFO - Epoch 76/120
2024-06-21 15:55:13,196 - INFO - Train Stats
Loss:
  total: 0.14508941099047662
Metrics:
  cityscapes_dice: 0.9058855652809144
  cityscapes_jaccard_macro: 0.6169150978326797
  cityscapes_jaccard_micro: 0.9077567100524903

2024-06-21 15:55:41,041 - INFO - Validation Stats
Loss:
  total: 0.25567117845639586
Metrics:
  cityscapes_dice: 0.8761443439871073
  cityscapes_jaccard_macro: 0.4915358116850257
  cityscapes_jaccard_micro: 0.8537766505032778

2024-06-21 15:55:41,041 - INFO - Epoch 77/120
2024-06-21 15:56:26,814 - INFO - Train Stats
Loss:
  total: 0.14105760492384434
Metrics:
  cityscapes_dice: 0.9077324241399765
  cityscapes_jaccard_macro: 0.6310408502817154
  cityscapes_jaccard_micro: 0.909667757153511

2024-06-21 15:56:53,441 - INFO - Validation Stats
Loss:
  total: 0.25742776645347476
Metrics:
  cityscapes_dice: 0.8750115819275379
  cityscapes_jaccard_macro: 0.4828658504411578
  cityscapes_jaccard_micro: 0.8527232576161623

2024-06-21 15:56:53,441 - INFO - Epoch 78/120
2024-06-21 15:57:41,891 - INFO - Train Stats
Loss:
  total: 0.14600308053195477
Metrics:
  cityscapes_dice: 0.9064910680055618
  cityscapes_jaccard_macro: 0.6262389808893204
  cityscapes_jaccard_micro: 0.9069465339183808

2024-06-21 15:58:07,049 - INFO - Validation Stats
Loss:
  total: 0.247473306953907
Metrics:
  cityscapes_dice: 0.878210948780179
  cityscapes_jaccard_macro: 0.4921959573403001
  cityscapes_jaccard_micro: 0.8560344334691763

2024-06-21 15:58:07,049 - INFO - Epoch 79/120
2024-06-21 15:58:53,007 - INFO - Train Stats
Loss:
  total: 0.14487931989133357
Metrics:
  cityscapes_dice: 0.9045764237642289
  cityscapes_jaccard_macro: 0.6308604419231415
  cityscapes_jaccard_micro: 0.9077165573835373

2024-06-21 15:59:17,548 - INFO - Validation Stats
Loss:
  total: 0.2540068826638162
Metrics:
  cityscapes_dice: 0.875650517642498
  cityscapes_jaccard_macro: 0.4877332206815481
  cityscapes_jaccard_micro: 0.8546034023165703

2024-06-21 15:59:17,548 - INFO - Epoch 80/120
2024-06-21 16:00:04,457 - INFO - Train Stats
Loss:
  total: 0.14483713135123252
Metrics:
  cityscapes_dice: 0.9053508162498474
  cityscapes_jaccard_macro: 0.6254652440547943
  cityscapes_jaccard_micro: 0.9073316782712937

2024-06-21 16:00:30,643 - INFO - Validation Stats
Loss:
  total: 0.25433342158794403
Metrics:
  cityscapes_dice: 0.8743589073419571
  cityscapes_jaccard_macro: 0.4906561030074954
  cityscapes_jaccard_micro: 0.8528296649456024

2024-06-21 16:00:37,864 - INFO - Epoch 81/120
2024-06-21 16:01:23,702 - INFO - Train Stats
Loss:
  total: 0.14333773963153362
Metrics:
  cityscapes_dice: 0.905918562412262
  cityscapes_jaccard_macro: 0.6271241158246994
  cityscapes_jaccard_micro: 0.9086292386054993

2024-06-21 16:01:47,538 - INFO - Validation Stats
Loss:
  total: 0.2535185646265745
Metrics:
  cityscapes_dice: 0.8767081275582314
  cityscapes_jaccard_macro: 0.49316911958158016
  cityscapes_jaccard_micro: 0.8551185596734285

2024-06-21 16:01:47,538 - INFO - Epoch 82/120
2024-06-21 16:02:34,397 - INFO - Train Stats
Loss:
  total: 0.14490509703755378
Metrics:
  cityscapes_dice: 0.9054376780986786
  cityscapes_jaccard_macro: 0.626877173781395
  cityscapes_jaccard_micro: 0.9075726926326751

2024-06-21 16:03:00,461 - INFO - Validation Stats
Loss:
  total: 0.24457238242030144
Metrics:
  cityscapes_dice: 0.8778309691697359
  cityscapes_jaccard_macro: 0.4941643141210079
  cityscapes_jaccard_micro: 0.8583998624235392

2024-06-21 16:03:00,461 - INFO - Epoch 83/120
2024-06-21 16:03:46,235 - INFO - Train Stats
Loss:
  total: 0.1440242514014244
Metrics:
  cityscapes_dice: 0.9064128637313843
  cityscapes_jaccard_macro: 0.6338525593280793
  cityscapes_jaccard_micro: 0.9079540967941284

2024-06-21 16:04:16,892 - INFO - Validation Stats
Loss:
  total: 0.25370861450210214
Metrics:
  cityscapes_dice: 0.874165253713727
  cityscapes_jaccard_macro: 0.4814504738897085
  cityscapes_jaccard_micro: 0.8539601471275091

2024-06-21 16:04:16,892 - INFO - Epoch 84/120
2024-06-21 16:05:02,580 - INFO - Train Stats
Loss:
  total: 0.14493014924228192
Metrics:
  cityscapes_dice: 0.905849376320839
  cityscapes_jaccard_macro: 0.6259593486785888
  cityscapes_jaccard_micro: 0.9079405397176743

2024-06-21 16:05:30,266 - INFO - Validation Stats
Loss:
  total: 0.24022586457431316
Metrics:
  cityscapes_dice: 0.8806245718151331
  cityscapes_jaccard_macro: 0.4981449441984296
  cityscapes_jaccard_micro: 0.860615449026227

2024-06-21 16:05:30,266 - INFO - Epoch 85/120
2024-06-21 16:06:15,836 - INFO - Train Stats
Loss:
  total: 0.14231586903333665
Metrics:
  cityscapes_dice: 0.9059982359409332
  cityscapes_jaccard_macro: 0.6311966463923454
  cityscapes_jaccard_micro: 0.9095162987709046

2024-06-21 16:06:43,766 - INFO - Validation Stats
Loss:
  total: 0.24970107385888696
Metrics:
  cityscapes_dice: 0.8773262090981007
  cityscapes_jaccard_macro: 0.49601114727556705
  cityscapes_jaccard_micro: 0.8558573871850967

2024-06-21 16:06:43,767 - INFO - Epoch 86/120
2024-06-21 16:07:29,357 - INFO - Train Stats
Loss:
  total: 0.13941147215664387
Metrics:
  cityscapes_dice: 0.9055860787630081
  cityscapes_jaccard_macro: 0.6455319583415985
  cityscapes_jaccard_micro: 0.9108340859413147

2024-06-21 16:07:55,522 - INFO - Validation Stats
Loss:
  total: 0.24096054583787918
Metrics:
  cityscapes_dice: 0.8799011390656233
  cityscapes_jaccard_macro: 0.49214283749461174
  cityscapes_jaccard_micro: 0.8596195746213198

2024-06-21 16:07:55,522 - INFO - Epoch 87/120
2024-06-21 16:08:43,217 - INFO - Train Stats
Loss:
  total: 0.14252468049526215
Metrics:
  cityscapes_dice: 0.9066139340400696
  cityscapes_jaccard_macro: 0.6381844520568848
  cityscapes_jaccard_micro: 0.9090803384780883

2024-06-21 16:09:07,115 - INFO - Validation Stats
Loss:
  total: 0.24626195058226585
Metrics:
  cityscapes_dice: 0.8769099842756987
  cityscapes_jaccard_macro: 0.49475677870213985
  cityscapes_jaccard_micro: 0.8574345856904984

2024-06-21 16:09:07,116 - INFO - Epoch 88/120
2024-06-21 16:09:52,868 - INFO - Train Stats
Loss:
  total: 0.14227199777960778
Metrics:
  cityscapes_dice: 0.9071337014436722
  cityscapes_jaccard_macro: 0.6332220196723938
  cityscapes_jaccard_micro: 0.908652463555336

2024-06-21 16:10:17,534 - INFO - Validation Stats
Loss:
  total: 0.25372223230078816
Metrics:
  cityscapes_dice: 0.8762620594352484
  cityscapes_jaccard_macro: 0.49349632766097784
  cityscapes_jaccard_micro: 0.8538667242974043

2024-06-21 16:10:17,535 - INFO - Epoch 89/120
2024-06-21 16:11:03,340 - INFO - Train Stats
Loss:
  total: 0.14323026053607463
Metrics:
  cityscapes_dice: 0.9081545025110245
  cityscapes_jaccard_macro: 0.6189479976892471
  cityscapes_jaccard_micro: 0.9084941506385803

2024-06-21 16:11:27,022 - INFO - Validation Stats
Loss:
  total: 0.24917648173868656
Metrics:
  cityscapes_dice: 0.8770193923264742
  cityscapes_jaccard_macro: 0.4946858789771795
  cityscapes_jaccard_micro: 0.8567897938191891

2024-06-21 16:11:27,022 - INFO - Epoch 90/120
2024-06-21 16:12:12,972 - INFO - Train Stats
Loss:
  total: 0.1416847102344036
Metrics:
  cityscapes_dice: 0.9089101552963257
  cityscapes_jaccard_macro: 0.6291735202074051
  cityscapes_jaccard_micro: 0.9100121885538102

2024-06-21 16:12:42,143 - INFO - Validation Stats
Loss:
  total: 0.24234915617853403
Metrics:
  cityscapes_dice: 0.8796821236610413
  cityscapes_jaccard_macro: 0.49132593162357807
  cityscapes_jaccard_micro: 0.8600788563489914

2024-06-21 16:12:49,060 - INFO - Epoch 91/120
2024-06-21 16:13:34,821 - INFO - Train Stats
Loss:
  total: 0.13944381810724735
Metrics:
  cityscapes_dice: 0.9072427242994309
  cityscapes_jaccard_macro: 0.6287945151329041
  cityscapes_jaccard_micro: 0.9108020842075348

2024-06-21 16:14:02,871 - INFO - Validation Stats
Loss:
  total: 0.2509502284228802
Metrics:
  cityscapes_dice: 0.8774566072970629
  cityscapes_jaccard_macro: 0.49982614535838366
  cityscapes_jaccard_micro: 0.8564639482647181

2024-06-21 16:14:02,871 - INFO - Epoch 92/120
2024-06-21 16:14:48,459 - INFO - Train Stats
Loss:
  total: 0.13817317970097065
Metrics:
  cityscapes_dice: 0.9083058625459671
  cityscapes_jaccard_macro: 0.6313196823000908
  cityscapes_jaccard_micro: 0.911724129319191

2024-06-21 16:15:15,217 - INFO - Validation Stats
Loss:
  total: 0.2567374026402831
Metrics:
  cityscapes_dice: 0.8751257229596376
  cityscapes_jaccard_macro: 0.4869680358096957
  cityscapes_jaccard_micro: 0.8518821764737368

2024-06-21 16:15:15,217 - INFO - Epoch 93/120
2024-06-21 16:16:02,473 - INFO - Train Stats
Loss:
  total: 0.13946392014622688
Metrics:
  cityscapes_dice: 0.906515485048294
  cityscapes_jaccard_macro: 0.643372505903244
  cityscapes_jaccard_micro: 0.9107552617788315

2024-06-21 16:16:31,809 - INFO - Validation Stats
Loss:
  total: 0.2435797667130828
Metrics:
  cityscapes_dice: 0.8800692092627287
  cityscapes_jaccard_macro: 0.4915664019063115
  cityscapes_jaccard_micro: 0.8588600028306246

2024-06-21 16:16:31,810 - INFO - Epoch 94/120
2024-06-21 16:17:17,401 - INFO - Train Stats
Loss:
  total: 0.13927640840411187
Metrics:
  cityscapes_dice: 0.9082909226417542
  cityscapes_jaccard_macro: 0.6402887493371964
  cityscapes_jaccard_micro: 0.9109035223722458

2024-06-21 16:17:40,892 - INFO - Validation Stats
Loss:
  total: 0.2472767736762762
Metrics:
  cityscapes_dice: 0.8789157290011644
  cityscapes_jaccard_macro: 0.49449640046805143
  cityscapes_jaccard_micro: 0.8576197661459446

2024-06-21 16:17:40,892 - INFO - Epoch 95/120
2024-06-21 16:18:29,165 - INFO - Train Stats
Loss:
  total: 0.1371664445847273
Metrics:
  cityscapes_dice: 0.9077255845069885
  cityscapes_jaccard_macro: 0.6372065484523773
  cityscapes_jaccard_micro: 0.9115856736898422

2024-06-21 16:18:56,903 - INFO - Validation Stats
Loss:
  total: 0.25050891377031803
Metrics:
  cityscapes_dice: 0.8779756482690573
  cityscapes_jaccard_macro: 0.48903973773121834
  cityscapes_jaccard_micro: 0.8564891833811998

2024-06-21 16:18:56,904 - INFO - Epoch 96/120
2024-06-21 16:19:42,504 - INFO - Train Stats
Loss:
  total: 0.13683143816888332
Metrics:
  cityscapes_dice: 0.9073478192090988
  cityscapes_jaccard_macro: 0.6275925993919372
  cityscapes_jaccard_micro: 0.9116106927394867

2024-06-21 16:20:08,904 - INFO - Validation Stats
Loss:
  total: 0.24665485136210918
Metrics:
  cityscapes_dice: 0.8778068851679564
  cityscapes_jaccard_macro: 0.4992183484137058
  cityscapes_jaccard_micro: 0.8574780039489269

2024-06-21 16:20:08,904 - INFO - Epoch 97/120
2024-06-21 16:20:54,680 - INFO - Train Stats
Loss:
  total: 0.13493289090692998
Metrics:
  cityscapes_dice: 0.9087938755750656
  cityscapes_jaccard_macro: 0.6424163460731507
  cityscapes_jaccard_micro: 0.9132724940776825

2024-06-21 16:21:19,108 - INFO - Validation Stats
Loss:
  total: 0.24881443846970797
Metrics:
  cityscapes_dice: 0.8783391993492842
  cityscapes_jaccard_macro: 0.4915431411936879
  cityscapes_jaccard_micro: 0.8568896874785423

2024-06-21 16:21:19,109 - INFO - Epoch 98/120
2024-06-21 16:22:04,952 - INFO - Train Stats
Loss:
  total: 0.13818944953382015
Metrics:
  cityscapes_dice: 0.9070851653814316
  cityscapes_jaccard_macro: 0.6328805804252624
  cityscapes_jaccard_micro: 0.9106818407773971

2024-06-21 16:22:37,054 - INFO - Validation Stats
Loss:
  total: 0.25324369920417666
Metrics:
  cityscapes_dice: 0.8755402006208897
  cityscapes_jaccard_macro: 0.5026205917820334
  cityscapes_jaccard_micro: 0.8544220328330994

2024-06-21 16:22:37,055 - INFO - Epoch 99/120
2024-06-21 16:23:22,639 - INFO - Train Stats
Loss:
  total: 0.1399384208023548
Metrics:
  cityscapes_dice: 0.9066785365343094
  cityscapes_jaccard_macro: 0.6478798002004623
  cityscapes_jaccard_micro: 0.9102114647626877

2024-06-21 16:23:48,822 - INFO - Validation Stats
Loss:
  total: 0.24336682865396142
Metrics:
  cityscapes_dice: 0.878687035292387
  cityscapes_jaccard_macro: 0.49324281327426434
  cityscapes_jaccard_micro: 0.8586474843323231

2024-06-21 16:23:48,822 - INFO - Epoch 100/120
2024-06-21 16:24:34,688 - INFO - Train Stats
Loss:
  total: 0.13586277924478055
Metrics:
  cityscapes_dice: 0.9090126037597657
  cityscapes_jaccard_macro: 0.6422186911106109
  cityscapes_jaccard_micro: 0.9122007340192795

2024-06-21 16:25:03,040 - INFO - Validation Stats
Loss:
  total: 0.24540585791692138
Metrics:
  cityscapes_dice: 0.8784041963517666
  cityscapes_jaccard_macro: 0.5019554700702429
  cityscapes_jaccard_micro: 0.8574169334024191

2024-06-21 16:25:07,857 - INFO - Epoch 101/120
2024-06-21 16:25:53,710 - INFO - Train Stats
Loss:
  total: 0.13555797077715398
Metrics:
  cityscapes_dice: 0.9082402765750885
  cityscapes_jaccard_macro: 0.6329469949007034
  cityscapes_jaccard_micro: 0.9128911256790161

2024-06-21 16:26:21,359 - INFO - Validation Stats
Loss:
  total: 0.24864316917955875
Metrics:
  cityscapes_dice: 0.8767680358141661
  cityscapes_jaccard_macro: 0.4937586449086666
  cityscapes_jaccard_micro: 0.8564878907054663

2024-06-21 16:26:21,359 - INFO - Epoch 102/120
2024-06-21 16:27:09,479 - INFO - Train Stats
Loss:
  total: 0.13967720307409764
Metrics:
  cityscapes_dice: 0.9071905046701432
  cityscapes_jaccard_macro: 0.6381145149469376
  cityscapes_jaccard_micro: 0.9098807007074357

2024-06-21 16:27:39,308 - INFO - Validation Stats
Loss:
  total: 0.2454844918102026
Metrics:
  cityscapes_dice: 0.877194045111537
  cityscapes_jaccard_macro: 0.4901498630642891
  cityscapes_jaccard_micro: 0.8570338729768991

2024-06-21 16:27:39,308 - INFO - Epoch 103/120
2024-06-21 16:28:24,971 - INFO - Train Stats
Loss:
  total: 0.1377624250948429
Metrics:
  cityscapes_dice: 0.9081221878528595
  cityscapes_jaccard_macro: 0.6367834270000458
  cityscapes_jaccard_micro: 0.911581426858902

2024-06-21 16:28:53,994 - INFO - Validation Stats
Loss:
  total: 0.24718763958662748
Metrics:
  cityscapes_dice: 0.8782795872539282
  cityscapes_jaccard_macro: 0.4993848204612732
  cityscapes_jaccard_micro: 0.8595081064850092

2024-06-21 16:28:53,994 - INFO - Epoch 104/120
2024-06-21 16:29:39,909 - INFO - Train Stats
Loss:
  total: 0.13636737540364266
Metrics:
  cityscapes_dice: 0.9093151062726974
  cityscapes_jaccard_macro: 0.639429298043251
  cityscapes_jaccard_micro: 0.9116301000118255

2024-06-21 16:30:09,305 - INFO - Validation Stats
Loss:
  total: 0.2508836016058922
Metrics:
  cityscapes_dice: 0.877583721652627
  cityscapes_jaccard_macro: 0.494894677773118
  cityscapes_jaccard_micro: 0.8563395198434591

2024-06-21 16:30:09,306 - INFO - Epoch 105/120
2024-06-21 16:30:55,043 - INFO - Train Stats
Loss:
  total: 0.1361734926700592
Metrics:
  cityscapes_dice: 0.9072193264961242
  cityscapes_jaccard_macro: 0.656645753979683
  cityscapes_jaccard_micro: 0.9123372048139572

2024-06-21 16:31:20,255 - INFO - Validation Stats
Loss:
  total: 0.24583968007937074
Metrics:
  cityscapes_dice: 0.8775183241814375
  cityscapes_jaccard_macro: 0.5035386336967349
  cityscapes_jaccard_micro: 0.8578044883906841

2024-06-21 16:31:20,256 - INFO - Epoch 106/120
2024-06-21 16:32:08,702 - INFO - Train Stats
Loss:
  total: 0.13561659604310988
Metrics:
  cityscapes_dice: 0.9083611130714416
  cityscapes_jaccard_macro: 0.6506847143173218
  cityscapes_jaccard_micro: 0.9128189533948898

2024-06-21 16:32:33,544 - INFO - Validation Stats
Loss:
  total: 0.24555486859753728
Metrics:
  cityscapes_dice: 0.8785207699984312
  cityscapes_jaccard_macro: 0.5026016607880592
  cityscapes_jaccard_micro: 0.858945207670331

2024-06-21 16:32:33,544 - INFO - Epoch 107/120
2024-06-21 16:33:20,897 - INFO - Train Stats
Loss:
  total: 0.14228104390203952
Metrics:
  cityscapes_dice: 0.905999755859375
  cityscapes_jaccard_macro: 0.6346922099590302
  cityscapes_jaccard_micro: 0.908951210975647

2024-06-21 16:33:48,175 - INFO - Validation Stats
Loss:
  total: 0.23983789328485727
Metrics:
  cityscapes_dice: 0.8807211797684431
  cityscapes_jaccard_macro: 0.4956212732940912
  cityscapes_jaccard_micro: 0.8605135250836611

2024-06-21 16:33:55,001 - INFO - Epoch 108/120
2024-06-21 16:34:40,712 - INFO - Train Stats
Loss:
  total: 0.13833046555519105
Metrics:
  cityscapes_dice: 0.908537158370018
  cityscapes_jaccard_macro: 0.641125276684761
  cityscapes_jaccard_micro: 0.9107417911291122

2024-06-21 16:35:05,236 - INFO - Validation Stats
Loss:
  total: 0.24145844113081694
Metrics:
  cityscapes_dice: 0.8795168362557888
  cityscapes_jaccard_macro: 0.49080128595232964
  cityscapes_jaccard_micro: 0.8604796379804611

2024-06-21 16:35:05,236 - INFO - Epoch 109/120
2024-06-21 16:35:50,996 - INFO - Train Stats
Loss:
  total: 0.13961623646318913
Metrics:
  cityscapes_dice: 0.9087410777807235
  cityscapes_jaccard_macro: 0.638788565993309
  cityscapes_jaccard_micro: 0.9106435596942901

2024-06-21 16:36:17,849 - INFO - Validation Stats
Loss:
  total: 0.24737798934802413
Metrics:
  cityscapes_dice: 0.8791735302656889
  cityscapes_jaccard_macro: 0.49512258544564247
  cityscapes_jaccard_micro: 0.857913127169013

2024-06-21 16:36:17,849 - INFO - Epoch 110/120
2024-06-21 16:37:03,660 - INFO - Train Stats
Loss:
  total: 0.13308151252567768
Metrics:
  cityscapes_dice: 0.910052365064621
  cityscapes_jaccard_macro: 0.6262819796800614
  cityscapes_jaccard_micro: 0.9141379475593567

2024-06-21 16:37:27,850 - INFO - Validation Stats
Loss:
  total: 0.23867902718484402
Metrics:
  cityscapes_dice: 0.8804683685302734
  cityscapes_jaccard_macro: 0.4943688418716192
  cityscapes_jaccard_micro: 0.8613421060144901

2024-06-21 16:37:41,395 - INFO - Epoch 111/120
2024-06-21 16:38:27,049 - INFO - Train Stats
Loss:
  total: 0.13262360990047456
Metrics:
  cityscapes_dice: 0.9101210176944733
  cityscapes_jaccard_macro: 0.6452961534261703
  cityscapes_jaccard_micro: 0.9147100925445557

2024-06-21 16:38:53,582 - INFO - Validation Stats
Loss:
  total: 0.2465656939893961
Metrics:
  cityscapes_dice: 0.8782119136303663
  cityscapes_jaccard_macro: 0.49673744570463896
  cityscapes_jaccard_micro: 0.8564924784004688

2024-06-21 16:38:53,582 - INFO - Epoch 112/120
2024-06-21 16:39:39,879 - INFO - Train Stats
Loss:
  total: 0.13700789213180542
Metrics:
  cityscapes_dice: 0.9081815153360366
  cityscapes_jaccard_macro: 0.6516139477491378
  cityscapes_jaccard_micro: 0.9116544872522354

2024-06-21 16:40:05,730 - INFO - Validation Stats
Loss:
  total: 0.25119115179404616
Metrics:
  cityscapes_dice: 0.8763564676046371
  cityscapes_jaccard_macro: 0.4990599611774087
  cityscapes_jaccard_micro: 0.8547816574573517

2024-06-21 16:40:05,730 - INFO - Epoch 113/120
2024-06-21 16:40:51,466 - INFO - Train Stats
Loss:
  total: 0.13976195119321347
Metrics:
  cityscapes_dice: 0.9085838437080384
  cityscapes_jaccard_macro: 0.6387262344360352
  cityscapes_jaccard_micro: 0.9100070685148239

2024-06-21 16:41:19,099 - INFO - Validation Stats
Loss:
  total: 0.25074742501601577
Metrics:
  cityscapes_dice: 0.877533545717597
  cityscapes_jaccard_macro: 0.49749375600367785
  cityscapes_jaccard_micro: 0.8566233571618795

2024-06-21 16:41:19,099 - INFO - Epoch 114/120
2024-06-21 16:42:04,699 - INFO - Train Stats
Loss:
  total: 0.1355093814432621
Metrics:
  cityscapes_dice: 0.9082709103822708
  cityscapes_jaccard_macro: 0.6537722557783127
  cityscapes_jaccard_micro: 0.9127261579036713

2024-06-21 16:42:33,068 - INFO - Validation Stats
Loss:
  total: 0.24640753585845232
Metrics:
  cityscapes_dice: 0.8789210729300976
  cityscapes_jaccard_macro: 0.4899893533438444
  cityscapes_jaccard_micro: 0.8573204576969147

2024-06-21 16:42:33,068 - INFO - Epoch 115/120
2024-06-21 16:43:18,942 - INFO - Train Stats
Loss:
  total: 0.1352155614644289
Metrics:
  cityscapes_dice: 0.9094708830118179
  cityscapes_jaccard_macro: 0.6454757750034332
  cityscapes_jaccard_micro: 0.9128129661083222

2024-06-21 16:43:48,829 - INFO - Validation Stats
Loss:
  total: 0.2499077757820487
Metrics:
  cityscapes_dice: 0.8767174668610096
  cityscapes_jaccard_macro: 0.5033574840053916
  cityscapes_jaccard_micro: 0.8553143031895161

2024-06-21 16:43:48,829 - INFO - Epoch 116/120
2024-06-21 16:44:34,585 - INFO - Train Stats
Loss:
  total: 0.13631780110299588
Metrics:
  cityscapes_dice: 0.9080945014953613
  cityscapes_jaccard_macro: 0.6615123093128205
  cityscapes_jaccard_micro: 0.9120743364095688

2024-06-21 16:44:58,853 - INFO - Validation Stats
Loss:
  total: 0.24530181987211108
Metrics:
  cityscapes_dice: 0.8780966773629189
  cityscapes_jaccard_macro: 0.496159422211349
  cityscapes_jaccard_micro: 0.8589791674166918

2024-06-21 16:44:58,853 - INFO - Epoch 117/120
2024-06-21 16:45:46,493 - INFO - Train Stats
Loss:
  total: 0.13607175052165985
Metrics:
  cityscapes_dice: 0.9086660116910934
  cityscapes_jaccard_macro: 0.6481206715106964
  cityscapes_jaccard_micro: 0.912058848142624

2024-06-21 16:46:10,769 - INFO - Validation Stats
Loss:
  total: 0.2456826097331941
Metrics:
  cityscapes_dice: 0.8793250173330307
  cityscapes_jaccard_macro: 0.49424436409026384
  cityscapes_jaccard_micro: 0.8576229345053434

2024-06-21 16:46:10,769 - INFO - Epoch 118/120
2024-06-21 16:46:56,580 - INFO - Train Stats
Loss:
  total: 0.13611552491784096
Metrics:
  cityscapes_dice: 0.9093923926353454
  cityscapes_jaccard_macro: 0.6381274253129959
  cityscapes_jaccard_micro: 0.9119901061058044

2024-06-21 16:47:21,350 - INFO - Validation Stats
Loss:
  total: 0.24783228524029255
Metrics:
  cityscapes_dice: 0.8782204333692789
  cityscapes_jaccard_macro: 0.48892957624047995
  cityscapes_jaccard_micro: 0.8568174205720425

2024-06-21 16:47:21,351 - INFO - Epoch 119/120
2024-06-21 16:48:07,101 - INFO - Train Stats
Loss:
  total: 0.1350393548607826
Metrics:
  cityscapes_dice: 0.9072878181934356
  cityscapes_jaccard_macro: 0.6303209364414215
  cityscapes_jaccard_micro: 0.9127710431814193

2024-06-21 16:48:32,545 - INFO - Validation Stats
Loss:
  total: 0.24677726859226823
Metrics:
  cityscapes_dice: 0.8785657752305269
  cityscapes_jaccard_macro: 0.49782625678926706
  cityscapes_jaccard_micro: 0.8564216587692499

2024-06-21 16:48:32,545 - INFO - Epoch 120/120
2024-06-21 16:49:18,360 - INFO - Train Stats
Loss:
  total: 0.13540889620780944
Metrics:
  cityscapes_dice: 0.907496502995491
  cityscapes_jaccard_macro: 0.6464002460241318
  cityscapes_jaccard_micro: 0.9126557588577271

2024-06-21 16:49:44,495 - INFO - Validation Stats
Loss:
  total: 0.23641513008624315
Metrics:
  cityscapes_dice: 0.8795910328626633
  cityscapes_jaccard_macro: 0.49757764488458633
  cityscapes_jaccard_micro: 0.8614740185439587

2024-06-21 16:49:58,316 - INFO - Best validation loss: 0.23641513008624315
2024-06-21 16:50:02,088 - INFO - Best model saved to /home/up201905337/exploring-label-efficiency/weights/sl_cityscapes_deeplabv3_pretrained_309l.pth
2024-06-21 16:50:02,090 - INFO - Training took 9191.089924097061 seconds to complete
