2024-06-20 14:58:57,628 - INFO - Loading configuration files...
2024-06-20 14:58:58,735 - INFO - Loading model configuration
args:
  backbone: resnet101
  num_classes: 20
class: DeepLabV3

2024-06-20 14:58:58,842 - INFO - Loading train_dataset configuration
args:
  num_labeled: 18
  root: /data/auto/kitti
  train_val_test_split:
  - 0.7
  - 0.1
  - 0.2
class: SemiSupervisedKittiSeg

2024-06-20 14:58:58,858 - INFO - Loading train_dataset configuration
args:
  num_labeled: 18
  root: /data/auto/kitti
  train_val_test_split:
  - 0.7
  - 0.1
  - 0.2
class: SemiSupervisedKittiSeg

2024-06-20 14:58:58,872 - INFO - Loading val_dataset configuration
args:
  root: /data/auto/kitti
  train_val_test_split:
  - 0.7
  - 0.1
  - 0.2
class: KittiSeg

2024-06-20 14:58:58,996 - INFO - Loading optimizer configuration
args:
  lr: 0.01
  momentum: 0.9
  nesterov: true
  weight_decay: 0.0005
class: SGD

2024-06-20 14:58:59,038 - INFO - Loading method configuration
args:
  alpha: 0.75
  k: 2
  temperature: 0.5
  unsupervised_weight_rampup_length: 60
  wr: 0.0
  wu1_max: 0.16666666
  wu_max: 0.5
class: ReMixMatchV2KittiSeg

2024-06-20 14:58:59,040 - INFO - Loading loss configuration
args:
  ignore_index: 0
class: CrossEntropyLoss

2024-06-20 14:58:59,061 - INFO - Loading metrics configuration
kitti_dice:
  args:
    average: micro
    ignore_index: 0
    num_classes: 20
  class: Dice
kitti_jaccard_macro:
  args:
    average: macro
    ignore_index: 0
    num_classes: 20
    task: multiclass
    validate_args: false
  class: JaccardIndex
kitti_jaccard_micro:
  args:
    average: micro
    ignore_index: 0
    num_classes: 20
    task: multiclass
    validate_args: false
  class: JaccardIndex

2024-06-20 14:58:59,066 - INFO - Loading scheduler configuration
args:
  T_max: 120
class: CosineAnnealingLR

2024-06-20 14:58:59,067 - INFO - Loading hyperparameters configuration
ema_decay: 0.99
epochs: 120
labeled_batch_size: 2
num_workers: 4
save_freq: 10
unlabeled_batch_size: 6

2024-06-20 14:58:59,398 - INFO - Using device: cuda
2024-06-20 14:58:59,838 - INFO - Training for 120 epochs
2024-06-20 14:58:59,897 - INFO - Epoch 1/120
2024-06-20 14:59:15,271 - INFO - Train Stats
Loss:
  supervised: 2.1687979565726385
  total: 2.1687979565726385
  unsupervised: 2.487681256400214
  unsupervised1: 2.6291956901550293
  unsupervised1_weighted: 0.0
  unsupervised_weighted: 0.0
Metrics:
  kitti_dice: 0.4582653136716949
  kitti_jaccard_macro: 0.08843803757594691
  kitti_jaccard_micro: 0.33150489835275543

2024-06-20 14:59:16,567 - INFO - Validation Stats
Loss:
  total: 1.6205274264017742
Metrics:
  kitti_dice: 0.49960007270177204
  kitti_jaccard_macro: 0.10809880991776784
  kitti_jaccard_micro: 0.34143515427907306

2024-06-20 14:59:23,709 - INFO - Epoch 2/120
2024-06-20 14:59:37,538 - INFO - Train Stats
Loss:
  supervised: 1.1363358166482713
  total: 1.1564509471257527
  unsupervised: 1.739966458744473
  unsupervised1: 2.021543171670702
  unsupervised1_weighted: 0.005615397356450558
  unsupervised_weighted: 0.014499721117317677
Metrics:
  kitti_dice: 0.723517033788893
  kitti_jaccard_macro: 0.2260759158266915
  kitti_jaccard_micro: 0.5924350586202409

2024-06-20 14:59:38,320 - INFO - Validation Stats
Loss:
  total: 1.190511425336202
Metrics:
  kitti_dice: 0.6506729523340861
  kitti_jaccard_macro: 0.1677745779355367
  kitti_jaccard_micro: 0.4958105186621348

2024-06-20 14:59:45,468 - INFO - Epoch 3/120
2024-06-20 14:59:59,427 - INFO - Train Stats
Loss:
  supervised: 1.0551156534088983
  total: 1.0885600513882108
  unsupervised: 1.416246811548869
  unsupervised1: 1.7712471882502239
  unsupervised1_weighted: 0.009840261501570543
  unsupervised_weighted: 0.023604115057322714
Metrics:
  kitti_dice: 0.7385687761836581
  kitti_jaccard_macro: 0.2519237829579247
  kitti_jaccard_micro: 0.6062322854995728

2024-06-20 15:00:00,185 - INFO - Validation Stats
Loss:
  total: 1.1204148530960083
Metrics:
  kitti_dice: 0.6615697741508484
  kitti_jaccard_macro: 0.19357304275035858
  kitti_jaccard_micro: 0.5090408126513163

2024-06-20 15:00:07,389 - INFO - Epoch 4/120
2024-06-20 15:00:21,254 - INFO - Train Stats
Loss:
  supervised: 0.9454989367061191
  total: 0.9892702168888516
  unsupervised: 1.275424387719896
  unsupervised1: 1.42628100183275
  unsupervised1_weighted: 0.011885674256417487
  unsupervised_weighted: 0.03188561006552643
Metrics:
  kitti_dice: 0.7554315990871854
  kitti_jaccard_macro: 0.24809835685624015
  kitti_jaccard_micro: 0.6273858812120225

2024-06-20 15:00:22,020 - INFO - Validation Stats
Loss:
  total: 1.0478937029838562
Metrics:
  kitti_dice: 0.6632964015007019
  kitti_jaccard_macro: 0.17388762533664703
  kitti_jaccard_micro: 0.5107564727465311

2024-06-20 15:00:29,216 - INFO - Epoch 5/120
2024-06-20 15:00:43,017 - INFO - Train Stats
Loss:
  supervised: 0.8709791501363119
  total: 0.9201913277308146
  unsupervised: 1.0854964388741388
  unsupervised1: 1.1726067264874775
  unsupervised1_weighted: 0.013028962848087152
  unsupervised_weighted: 0.03618321650558048
Metrics:
  kitti_dice: 0.7487603823343912
  kitti_jaccard_macro: 0.26491238011254203
  kitti_jaccard_micro: 0.6186697913540734

2024-06-20 15:00:43,789 - INFO - Validation Stats
Loss:
  total: 0.9759902159372965
Metrics:
  kitti_dice: 0.7246343493461609
  kitti_jaccard_macro: 0.2323875973622004
  kitti_jaccard_micro: 0.5852843523025513

2024-06-20 15:00:50,595 - INFO - Epoch 6/120
2024-06-20 15:01:04,541 - INFO - Train Stats
Loss:
  supervised: 0.9837992257542081
  total: 1.0418876475758023
  unsupervised: 1.0275571280055575
  unsupervised1: 1.099694397714403
  unsupervised1_weighted: 0.015273532416257594
  unsupervised_weighted: 0.04281488143735462
Metrics:
  kitti_dice: 0.7566996084319221
  kitti_jaccard_macro: 0.2815239363246494
  kitti_jaccard_micro: 0.6316357089413537

2024-06-20 15:01:05,456 - INFO - Validation Stats
Loss:
  total: 0.9702408115069071
Metrics:
  kitti_dice: 0.7246372103691101
  kitti_jaccard_macro: 0.22721141080061594
  kitti_jaccard_micro: 0.5849933425585429

2024-06-20 15:01:14,109 - INFO - Epoch 7/120
2024-06-20 15:01:27,990 - INFO - Train Stats
Loss:
  supervised: 0.7918041944503784
  total: 0.8577801783879598
  unsupervised: 0.979073252942827
  unsupervised1: 1.0213387807210286
  unsupervised1_weighted: 0.01702231199791034
  unsupervised_weighted: 0.04895366355776787
Metrics:
  kitti_dice: 0.813462475935618
  kitti_jaccard_macro: 0.33029558261235553
  kitti_jaccard_micro: 0.7028952836990356

2024-06-20 15:01:28,723 - INFO - Validation Stats
Loss:
  total: 0.8808925747871399
Metrics:
  kitti_dice: 0.7412658333778381
  kitti_jaccard_macro: 0.24370535214742026
  kitti_jaccard_micro: 0.6065637469291687

2024-06-20 15:01:35,971 - INFO - Epoch 8/120
2024-06-20 15:01:49,828 - INFO - Train Stats
Loss:
  supervised: 0.7925006879700555
  total: 0.8619401587380303
  unsupervised: 0.8698771529727511
  unsupervised1: 0.9615418050024245
  unsupervised1_weighted: 0.018696645171278052
  unsupervised_weighted: 0.05074283439252111
Metrics:
  kitti_dice: 0.8009823163350424
  kitti_jaccard_macro: 0.3026340107123057
  kitti_jaccard_micro: 0.6845071713129679

2024-06-20 15:01:50,563 - INFO - Validation Stats
Loss:
  total: 0.9424490531285604
Metrics:
  kitti_dice: 0.7244092424710592
  kitti_jaccard_macro: 0.22717380026976267
  kitti_jaccard_micro: 0.584498922030131

2024-06-20 15:01:50,563 - INFO - Epoch 9/120
2024-06-20 15:02:04,320 - INFO - Train Stats
Loss:
  supervised: 0.7174237800969018
  total: 0.7945685784022013
  unsupervised: 0.8383990791108873
  unsupervised1: 0.9563185307714674
  unsupervised1_weighted: 0.021251521590683196
  unsupervised_weighted: 0.055893275058931775
Metrics:
  kitti_dice: 0.8288097116682265
  kitti_jaccard_macro: 0.33563873502943253
  kitti_jaccard_micro: 0.724887470404307

2024-06-20 15:02:05,134 - INFO - Validation Stats
Loss:
  total: 0.8785352905591329
Metrics:
  kitti_dice: 0.7328924139340719
  kitti_jaccard_macro: 0.23575317362944284
  kitti_jaccard_micro: 0.5960883299509684

2024-06-20 15:02:14,350 - INFO - Epoch 10/120
2024-06-20 15:02:28,255 - INFO - Train Stats
Loss:
  supervised: 0.7526540226406522
  total: 0.8304088910420736
  unsupervised: 0.7595654858483208
  unsupervised1: 0.8314976493517557
  unsupervised1_weighted: 0.020787439826462004
  unsupervised_weighted: 0.05696741450164053
Metrics:
  kitti_dice: 0.8165580497847663
  kitti_jaccard_macro: 0.3284892870320214
  kitti_jaccard_micro: 0.7102736433347067

2024-06-20 15:02:28,996 - INFO - Validation Stats
Loss:
  total: 0.9184052348136902
Metrics:
  kitti_dice: 0.7340987920761108
  kitti_jaccard_macro: 0.23681565125783285
  kitti_jaccard_micro: 0.5969904263814291

2024-06-20 15:02:35,924 - INFO - Epoch 11/120
2024-06-20 15:02:49,739 - INFO - Train Stats
Loss:
  supervised: 0.7969702813360426
  total: 0.8857438166936239
  unsupervised: 0.7934521900282966
  unsupervised1: 0.8154906696743436
  unsupervised1_weighted: 0.02265251696937614
  unsupervised_weighted: 0.06612101776732339
Metrics:
  kitti_dice: 0.8113735318183899
  kitti_jaccard_macro: 0.31519201066758895
  kitti_jaccard_micro: 0.7012370692359077

2024-06-20 15:02:51,887 - INFO - Validation Stats
Loss:
  total: 0.9158245722452799
Metrics:
  kitti_dice: 0.736082911491394
  kitti_jaccard_macro: 0.23707597454388937
  kitti_jaccard_micro: 0.6002896825472513

2024-06-20 15:02:51,888 - INFO - Epoch 12/120
2024-06-20 15:03:05,717 - INFO - Train Stats
Loss:
  supervised: 0.8074353138605753
  total: 0.8910853597852919
  unsupervised: 0.6830586128764682
  unsupervised1: 0.6884625090493096
  unsupervised1_weighted: 0.02103635316921605
  unsupervised_weighted: 0.06261370786362225
Metrics:
  kitti_dice: 0.7864121728473239
  kitti_jaccard_macro: 0.31125012702412075
  kitti_jaccard_micro: 0.6750433842341105

2024-06-20 15:03:06,558 - INFO - Validation Stats
Loss:
  total: 0.9350988070170084
Metrics:
  kitti_dice: 0.7238324880599976
  kitti_jaccard_macro: 0.22886545459429422
  kitti_jaccard_micro: 0.5821273724238077

2024-06-20 15:03:06,558 - INFO - Epoch 13/120
2024-06-20 15:03:20,337 - INFO - Train Stats
Loss:
  supervised: 0.648451394504971
  total: 0.7384132279290093
  unsupervised: 0.6708981262312995
  unsupervised1: 0.6861606968773736
  unsupervised1_weighted: 0.02287202224963241
  unsupervised_weighted: 0.0670898130370511
Metrics:
  kitti_dice: 0.8364900880389743
  kitti_jaccard_macro: 0.35753868023554486
  kitti_jaccard_micro: 0.7330694264835782

2024-06-20 15:03:21,092 - INFO - Validation Stats
Loss:
  total: 0.9273452162742615
Metrics:
  kitti_dice: 0.7084548870722452
  kitti_jaccard_macro: 0.21582353115081787
  kitti_jaccard_micro: 0.5641633073488871

2024-06-20 15:03:21,093 - INFO - Epoch 14/120
2024-06-20 15:03:34,971 - INFO - Train Stats
Loss:
  supervised: 0.6154023375776079
  total: 0.7059585783216689
  unsupervised: 0.630676805973053
  unsupervised1: 0.6156805488798354
  unsupervised1_weighted: 0.022232907513777416
  unsupervised_weighted: 0.06832332039872806
Metrics:
  kitti_dice: 0.8610136773851182
  kitti_jaccard_macro: 0.37940045197804767
  kitti_jaccard_micro: 0.7719310654534234

2024-06-20 15:03:35,855 - INFO - Validation Stats
Loss:
  total: 0.9191468556722006
Metrics:
  kitti_dice: 0.7296810150146484
  kitti_jaccard_macro: 0.23443553845087686
  kitti_jaccard_micro: 0.5907071431477865

2024-06-20 15:03:35,855 - INFO - Epoch 15/120
2024-06-20 15:03:50,297 - INFO - Train Stats
Loss:
  supervised: 0.7228430509567261
  total: 0.8213612172338698
  unsupervised: 0.6286823087268405
  unsupervised1: 0.6472775869899325
  unsupervised1_weighted: 0.025171904514233272
  unsupervised_weighted: 0.0733462700413333
Metrics:
  kitti_dice: 0.7995985017882453
  kitti_jaccard_macro: 0.3284037874804603
  kitti_jaccard_micro: 0.6879366669389937

2024-06-20 15:03:52,605 - INFO - Validation Stats
Loss:
  total: 0.9069943428039551
Metrics:
  kitti_dice: 0.7298661271731058
  kitti_jaccard_macro: 0.2331856687863668
  kitti_jaccard_micro: 0.591620663801829

2024-06-20 15:03:52,605 - INFO - Epoch 16/120
2024-06-20 15:04:06,424 - INFO - Train Stats
Loss:
  supervised: 0.6459265285068088
  total: 0.7462072173754374
  unsupervised: 0.6025163531303406
  unsupervised1: 0.5991877449883355
  unsupervised1_weighted: 0.024966154661443498
  unsupervised_weighted: 0.07531454414129257
Metrics:
  kitti_dice: 0.8455491330888536
  kitti_jaccard_macro: 0.3625096248255836
  kitti_jaccard_micro: 0.7502100070317587

2024-06-20 15:04:07,310 - INFO - Validation Stats
Loss:
  total: 0.8768510619799296
Metrics:
  kitti_dice: 0.730372965335846
  kitti_jaccard_macro: 0.2353937178850174
  kitti_jaccard_micro: 0.5903421441713969

2024-06-20 15:04:16,295 - INFO - Epoch 17/120
2024-06-20 15:04:30,202 - INFO - Train Stats
Loss:
  supervised: 0.6579208076000214
  total: 0.7663999729686313
  unsupervised: 0.6035638716485765
  unsupervised1: 0.6300892465644412
  unsupervised1_weighted: 0.028003964573144913
  unsupervised_weighted: 0.08047518630822499
Metrics:
  kitti_dice: 0.8415488203366598
  kitti_jaccard_macro: 0.3560800585481856
  kitti_jaccard_micro: 0.7436957293086581

2024-06-20 15:04:30,958 - INFO - Validation Stats
Loss:
  total: 0.8702147404352824
Metrics:
  kitti_dice: 0.7423460086186727
  kitti_jaccard_macro: 0.24929983417193094
  kitti_jaccard_micro: 0.6076996525128683

2024-06-20 15:04:38,501 - INFO - Epoch 18/120
2024-06-20 15:04:52,351 - INFO - Train Stats
Loss:
  supervised: 0.5986945463551415
  total: 0.7023043632507324
  unsupervised: 0.5530343155066172
  unsupervised1: 0.5349871714909872
  unsupervised1_weighted: 0.025263281539082527
  unsupervised_weighted: 0.07834652728504604
Metrics:
  kitti_dice: 0.8363660706414117
  kitti_jaccard_macro: 0.3946025205983056
  kitti_jaccard_micro: 0.733575529522366

2024-06-20 15:04:53,148 - INFO - Validation Stats
Loss:
  total: 0.9009846051534017
Metrics:
  kitti_dice: 0.7181792259216309
  kitti_jaccard_macro: 0.23558185001214346
  kitti_jaccard_micro: 0.5754787723223368

2024-06-20 15:04:53,148 - INFO - Epoch 19/120
2024-06-20 15:05:06,962 - INFO - Train Stats
Loss:
  supervised: 0.5913833545313941
  total: 0.7077541450659434
  unsupervised: 0.5840113229221768
  unsupervised1: 0.5753820505407121
  unsupervised1_weighted: 0.028769100912743144
  unsupervised_weighted: 0.08760170141855876
Metrics:
  kitti_dice: 0.8662943310207791
  kitti_jaccard_macro: 0.40546127822664046
  kitti_jaccard_micro: 0.7814516358905368

2024-06-20 15:05:07,687 - INFO - Validation Stats
Loss:
  total: 0.9028966228167216
Metrics:
  kitti_dice: 0.7197218139966329
  kitti_jaccard_macro: 0.2423251966635386
  kitti_jaccard_micro: 0.5774313608805338

2024-06-20 15:05:07,688 - INFO - Epoch 20/120
2024-06-20 15:05:21,530 - INFO - Train Stats
Loss:
  supervised: 0.6630352934201559
  total: 0.7795455588234795
  unsupervised: 0.5405820078319974
  unsupervised1: 0.5858170125219557
  unsupervised1_weighted: 0.0309181178195609
  unsupervised_weighted: 0.08559215151601368
Metrics:
  kitti_dice: 0.8279845847023858
  kitti_jaccard_macro: 0.33422603209813434
  kitti_jaccard_micro: 0.7282537288135953

2024-06-20 15:05:22,385 - INFO - Validation Stats
Loss:
  total: 0.9899793267250061
Metrics:
  kitti_dice: 0.6965383887290955
  kitti_jaccard_macro: 0.23368333280086517
  kitti_jaccard_micro: 0.5491477449735006

2024-06-20 15:05:29,358 - INFO - Epoch 21/120
2024-06-20 15:05:43,189 - INFO - Train Stats
Loss:
  supervised: 0.6250608331627316
  total: 0.7499950495031145
  unsupervised: 0.5594567921426561
  unsupervised1: 0.5704455607467227
  unsupervised1_weighted: 0.031691418339808784
  unsupervised_weighted: 0.09324280172586441
Metrics:
  kitti_dice: 0.8395300110181173
  kitti_jaccard_macro: 0.396289630068673
  kitti_jaccard_micro: 0.7411383854018317

2024-06-20 15:05:43,924 - INFO - Validation Stats
Loss:
  total: 0.9763153791427612
Metrics:
  kitti_dice: 0.6972406109174093
  kitti_jaccard_macro: 0.22621635099252066
  kitti_jaccard_micro: 0.5511768062909445

2024-06-20 15:05:43,924 - INFO - Epoch 22/120
2024-06-20 15:05:57,789 - INFO - Train Stats
Loss:
  supervised: 0.5985800524552664
  total: 0.7154858046107822
  unsupervised: 0.4981394045882755
  unsupervised1: 0.5096804665194618
  unsupervised1_weighted: 0.029731359125839338
  unsupervised_weighted: 0.08717439323663712
Metrics:
  kitti_dice: 0.8648969464831882
  kitti_jaccard_macro: 0.4127594596809811
  kitti_jaccard_micro: 0.7781052192052206

2024-06-20 15:05:58,547 - INFO - Validation Stats
Loss:
  total: 0.9733030001322428
Metrics:
  kitti_dice: 0.7088794112205505
  kitti_jaccard_macro: 0.2414564142624537
  kitti_jaccard_micro: 0.5638120174407959

2024-06-20 15:05:58,547 - INFO - Epoch 23/120
2024-06-20 15:06:12,388 - INFO - Train Stats
Loss:
  supervised: 0.6212026741769578
  total: 0.7452944020430247
  unsupervised: 0.5107010006904602
  unsupervised1: 0.4984888467523787
  unsupervised1_weighted: 0.0304632056504488
  unsupervised_weighted: 0.09362851911120945
Metrics:
  kitti_dice: 0.8476754559410943
  kitti_jaccard_macro: 0.3945596151881748
  kitti_jaccard_micro: 0.7551856835683187

2024-06-20 15:06:13,167 - INFO - Validation Stats
Loss:
  total: 1.0383650263150532
Metrics:
  kitti_dice: 0.6865410208702087
  kitti_jaccard_macro: 0.22425401210784912
  kitti_jaccard_micro: 0.536720355351766

2024-06-20 15:06:13,167 - INFO - Epoch 24/120
2024-06-20 15:06:27,094 - INFO - Train Stats
Loss:
  supervised: 0.5928047001361847
  total: 0.7172650926642947
  unsupervised: 0.47721237937609357
  unsupervised1: 0.516438752412796
  unsupervised1_weighted: 0.03299469604260392
  unsupervised_weighted: 0.09146570331520504
Metrics:
  kitti_dice: 0.8539651168717278
  kitti_jaccard_macro: 0.41913441485828823
  kitti_jaccard_micro: 0.7602368924352858

2024-06-20 15:06:27,842 - INFO - Validation Stats
Loss:
  total: 1.0229352513949077
Metrics:
  kitti_dice: 0.6897692481676737
  kitti_jaccard_macro: 0.22731979191303253
  kitti_jaccard_micro: 0.5395857592423757

2024-06-20 15:06:27,842 - INFO - Epoch 25/120
2024-06-20 15:06:41,608 - INFO - Train Stats
Loss:
  supervised: 0.5121793084674411
  total: 0.6309261255794101
  unsupervised: 0.44449709521399605
  unsupervised1: 0.4477110372649299
  unsupervised1_weighted: 0.02984740109079414
  unsupervised_weighted: 0.08889942119518916
Metrics:
  kitti_dice: 0.8695422808329264
  kitti_jaccard_macro: 0.4269111355145772
  kitti_jaccard_micro: 0.7853875888718499

2024-06-20 15:06:42,355 - INFO - Validation Stats
Loss:
  total: 0.9949916203816732
Metrics:
  kitti_dice: 0.6920004089673361
  kitti_jaccard_macro: 0.22105607390403748
  kitti_jaccard_micro: 0.5430201391379038

2024-06-20 15:06:42,355 - INFO - Epoch 26/120
2024-06-20 15:06:56,136 - INFO - Train Stats
Loss:
  supervised: 0.623971184094747
  total: 0.7581549882888794
  unsupervised: 0.47613395584954155
  unsupervised1: 0.5038449764251709
  unsupervised1_weighted: 0.03498923219740391
  unsupervised_weighted: 0.09919457220368916
Metrics:
  kitti_dice: 0.8589368793699477
  kitti_jaccard_macro: 0.43608738316429985
  kitti_jaccard_micro: 0.767461723751492

2024-06-20 15:06:56,911 - INFO - Validation Stats
Loss:
  total: 0.9828411142031351
Metrics:
  kitti_dice: 0.7083778778711954
  kitti_jaccard_macro: 0.2441409776608149
  kitti_jaccard_micro: 0.5629167159398397

2024-06-20 15:06:56,911 - INFO - Epoch 27/120
2024-06-20 15:07:11,308 - INFO - Train Stats
Loss:
  supervised: 0.6198564734723833
  total: 0.7631986770364974
  unsupervised: 0.4865609308083852
  unsupervised1: 0.525055554178026
  unsupervised1_weighted: 0.03792067658570078
  unsupervised_weighted: 0.105421534842915
Metrics:
  kitti_dice: 0.8603319923082987
  kitti_jaccard_macro: 0.4254390166865455
  kitti_jaccard_micro: 0.7703353828854032

2024-06-20 15:07:12,067 - INFO - Validation Stats
Loss:
  total: 0.9959248304367065
Metrics:
  kitti_dice: 0.7041377425193787
  kitti_jaccard_macro: 0.22983320554097494
  kitti_jaccard_micro: 0.5583524505297343

2024-06-20 15:07:12,068 - INFO - Epoch 28/120
2024-06-20 15:07:25,851 - INFO - Train Stats
Loss:
  supervised: 0.5612060659461551
  total: 0.6995607184039222
  unsupervised: 0.4420261051919725
  unsupervised1: 0.5186503132184347
  unsupervised1_weighted: 0.038898771007855736
  unsupervised_weighted: 0.09945587151580387
Metrics:
  kitti_dice: 0.8358129130469428
  kitti_jaccard_macro: 0.39068283637364704
  kitti_jaccard_micro: 0.7389744851324294

2024-06-20 15:07:26,611 - INFO - Validation Stats
Loss:
  total: 1.0367265343666077
Metrics:
  kitti_dice: 0.687837560971578
  kitti_jaccard_macro: 0.21746454139550528
  kitti_jaccard_micro: 0.5380076666673025

2024-06-20 15:07:26,611 - INFO - Epoch 29/120
2024-06-20 15:07:40,398 - INFO - Train Stats
Loss:
  supervised: 0.6061903536319733
  total: 0.7505427135361565
  unsupervised: 0.44840869638654923
  unsupervised1: 0.5107327368524339
  unsupervised1_weighted: 0.039723655208945274
  unsupervised_weighted: 0.10462869538201226
Metrics:
  kitti_dice: 0.8319241669442918
  kitti_jaccard_macro: 0.41773484812842476
  kitti_jaccard_micro: 0.7324858208497366

2024-06-20 15:07:41,190 - INFO - Validation Stats
Loss:
  total: 1.158261775970459
Metrics:
  kitti_dice: 0.6778252720832825
  kitti_jaccard_macro: 0.20141908526420593
  kitti_jaccard_micro: 0.5261265337467194

2024-06-20 15:07:41,190 - INFO - Epoch 30/120
2024-06-20 15:07:54,965 - INFO - Train Stats
Loss:
  supervised: 0.620665020412869
  total: 0.7670937577883402
  unsupervised: 0.43354694379700554
  unsupervised1: 0.5170952843295203
  unsupervised1_weighted: 0.041654895370205246
  unsupervised_weighted: 0.10477384179830551
Metrics:
  kitti_dice: 0.848702159192827
  kitti_jaccard_macro: 0.40680836306677925
  kitti_jaccard_micro: 0.7535087797376845

2024-06-20 15:07:55,761 - INFO - Validation Stats
Loss:
  total: 1.1711360216140747
Metrics:
  kitti_dice: 0.6605216860771179
  kitti_jaccard_macro: 0.20117239157358804
  kitti_jaccard_micro: 0.5069277485211691

2024-06-20 15:08:02,652 - INFO - Epoch 31/120
2024-06-20 15:08:16,576 - INFO - Train Stats
Loss:
  supervised: 0.5931128693951501
  total: 0.7336997787157694
  unsupervised: 0.4162554211086697
  unsupervised1: 0.4382767544852363
  unsupervised1_weighted: 0.03652306066619025
  unsupervised_weighted: 0.10406385527716742
Metrics:
  kitti_dice: 0.8198724985122681
  kitti_jaccard_macro: 0.3895106381840176
  kitti_jaccard_micro: 0.7147883706622653

2024-06-20 15:08:17,363 - INFO - Validation Stats
Loss:
  total: 1.070636769135793
Metrics:
  kitti_dice: 0.6914078990618387
  kitti_jaccard_macro: 0.22512447337309519
  kitti_jaccard_micro: 0.5424206952253977

2024-06-20 15:08:17,363 - INFO - Epoch 32/120
2024-06-20 15:08:31,134 - INFO - Train Stats
Loss:
  supervised: 0.5942856834994422
  total: 0.7559049659305148
  unsupervised: 0.4636237257056766
  unsupervised1: 0.4859979450702667
  unsupervised1_weighted: 0.041849820564190544
  unsupervised_weighted: 0.11976946062511867
Metrics:
  kitti_dice: 0.8762125902705722
  kitti_jaccard_macro: 0.4464760257138146
  kitti_jaccard_micro: 0.7925786442226834

2024-06-20 15:08:31,875 - INFO - Validation Stats
Loss:
  total: 1.0782539248466492
Metrics:
  kitti_dice: 0.6933164795239767
  kitti_jaccard_macro: 0.22047017018000284
  kitti_jaccard_micro: 0.5454566280047098

2024-06-20 15:08:31,876 - INFO - Epoch 33/120
2024-06-20 15:08:45,668 - INFO - Train Stats
Loss:
  supervised: 0.5767085088623894
  total: 0.735643188158671
  unsupervised: 0.4411397443877326
  unsupervised1: 0.46459568871392143
  unsupervised1_weighted: 0.04129739188485675
  unsupervised_weighted: 0.1176372700267368
Metrics:
  kitti_dice: 0.8448567854033576
  kitti_jaccard_macro: 0.3917657766077254
  kitti_jaccard_micro: 0.7536783251497481

2024-06-20 15:08:46,427 - INFO - Validation Stats
Loss:
  total: 1.062908371289571
Metrics:
  kitti_dice: 0.6841381986935934
  kitti_jaccard_macro: 0.22321029007434845
  kitti_jaccard_micro: 0.533480723698934

2024-06-20 15:08:46,427 - INFO - Epoch 34/120
2024-06-20 15:09:00,276 - INFO - Train Stats
Loss:
  supervised: 0.5211021337244246
  total: 0.6798432370026907
  unsupervised: 0.4290701746940613
  unsupervised1: 0.4445106519593133
  unsupervised1_weighted: 0.040746806603338986
  unsupervised_weighted: 0.1179943001932568
Metrics:
  kitti_dice: 0.8755640784899393
  kitti_jaccard_macro: 0.4629492461681366
  kitti_jaccard_micro: 0.7920801838239034

2024-06-20 15:09:01,039 - INFO - Validation Stats
Loss:
  total: 1.126373330752055
Metrics:
  kitti_dice: 0.6902703841527303
  kitti_jaccard_macro: 0.22170540193716684
  kitti_jaccard_micro: 0.5403114159901937

2024-06-20 15:09:01,040 - INFO - Epoch 35/120
2024-06-20 15:09:14,852 - INFO - Train Stats
Loss:
  supervised: 0.5574912263287438
  total: 0.7172531618012322
  unsupervised: 0.4162075055970086
  unsupervised1: 0.4429743223720127
  unsupervised1_weighted: 0.04183646167318026
  unsupervised_weighted: 0.11792546013991038
Metrics:
  kitti_dice: 0.8504644433657328
  kitti_jaccard_macro: 0.4266519579622481
  kitti_jaccard_micro: 0.7551171580950419

2024-06-20 15:09:15,625 - INFO - Validation Stats
Loss:
  total: 1.1238086620966594
Metrics:
  kitti_dice: 0.6790450016657511
  kitti_jaccard_macro: 0.21349482734998068
  kitti_jaccard_micro: 0.5282919108867645

2024-06-20 15:09:15,625 - INFO - Epoch 36/120
2024-06-20 15:09:29,566 - INFO - Train Stats
Loss:
  supervised: 0.5029214024543762
  total: 0.6733424795998467
  unsupervised: 0.4343705011738671
  unsupervised1: 0.44979114333788556
  unsupervised1_weighted: 0.04372969186968274
  unsupervised_weighted: 0.12669139189852607
Metrics:
  kitti_dice: 0.8903153737386068
  kitti_jaccard_macro: 0.4703703324000041
  kitti_jaccard_micro: 0.8148799538612366

2024-06-20 15:09:30,365 - INFO - Validation Stats
Loss:
  total: 1.116597096125285
Metrics:
  kitti_dice: 0.693899949391683
  kitti_jaccard_macro: 0.22158811489741007
  kitti_jaccard_micro: 0.5451932946840922

2024-06-20 15:09:30,365 - INFO - Epoch 37/120
2024-06-20 15:09:44,207 - INFO - Train Stats
Loss:
  supervised: 0.49291888541645473
  total: 0.6541085673703088
  unsupervised: 0.39856673611534965
  unsupervised1: 0.4161965284082625
  unsupervised1_weighted: 0.041619650191730924
  unsupervised_weighted: 0.11957002596722709
Metrics:
  kitti_dice: 0.8700120713975694
  kitti_jaccard_macro: 0.46184737814797294
  kitti_jaccard_micro: 0.7878242135047913

2024-06-20 15:09:47,664 - INFO - Validation Stats
Loss:
  total: 1.1283479928970337
Metrics:
  kitti_dice: 0.6873196164766947
  kitti_jaccard_macro: 0.21648297707239786
  kitti_jaccard_micro: 0.5376290678977966

2024-06-20 15:09:47,664 - INFO - Epoch 38/120
2024-06-20 15:10:01,533 - INFO - Train Stats
Loss:
  supervised: 0.5485839347044627
  total: 0.723179409901301
  unsupervised: 0.4123782018820445
  unsupervised1: 0.4616321788893806
  unsupervised1_weighted: 0.04744552655352487
  unsupervised_weighted: 0.12714994781547123
Metrics:
  kitti_dice: 0.867061608367496
  kitti_jaccard_macro: 0.4523928893937005
  kitti_jaccard_micro: 0.7788351906670464

2024-06-20 15:10:02,339 - INFO - Validation Stats
Loss:
  total: 1.229739785194397
Metrics:
  kitti_dice: 0.670116662979126
  kitti_jaccard_macro: 0.1973055104414622
  kitti_jaccard_micro: 0.517083058754603

2024-06-20 15:10:02,339 - INFO - Epoch 39/120
2024-06-20 15:10:16,199 - INFO - Train Stats
Loss:
  supervised: 0.44849971267912125
  total: 0.5875785383913252
  unsupervised: 0.3237237532933553
  unsupervised1: 0.34641760256555343
  unsupervised1_weighted: 0.0365663001106845
  unsupervised_weighted: 0.10251251939270231
Metrics:
  kitti_dice: 0.9016223152478536
  kitti_jaccard_macro: 0.49865275290277267
  kitti_jaccard_micro: 0.8313350478808085

2024-06-20 15:10:16,960 - INFO - Validation Stats
Loss:
  total: 1.2204891840616863
Metrics:
  kitti_dice: 0.6763539910316467
  kitti_jaccard_macro: 0.21282471219698587
  kitti_jaccard_micro: 0.5244170924027761

2024-06-20 15:10:16,960 - INFO - Epoch 40/120
2024-06-20 15:10:30,752 - INFO - Train Stats
Loss:
  supervised: 0.558245943652259
  total: 0.7153457270728217
  unsupervised: 0.3664562702178955
  unsupervised1: 0.35078314774566227
  unsupervised1_weighted: 0.03800150524410936
  unsupervised_weighted: 0.11909828417830998
Metrics:
  kitti_dice: 0.8491909172799852
  kitti_jaccard_macro: 0.4547084371248881
  kitti_jaccard_micro: 0.7651522093349032

2024-06-20 15:10:31,526 - INFO - Validation Stats
Loss:
  total: 1.2076487143834431
Metrics:
  kitti_dice: 0.6815361181894938
  kitti_jaccard_macro: 0.2113648901383082
  kitti_jaccard_micro: 0.5309979816277822

2024-06-20 15:10:38,185 - INFO - Epoch 41/120
2024-06-20 15:10:52,331 - INFO - Train Stats
Loss:
  supervised: 0.5564928882651858
  total: 0.7150895131958855
  unsupervised: 0.36164311899079216
  unsupervised1: 0.3424404131041633
  unsupervised1_weighted: 0.03804893294970194
  unsupervised_weighted: 0.12054770936568578
Metrics:
  kitti_dice: 0.8772679501109653
  kitti_jaccard_macro: 0.4613271388742659
  kitti_jaccard_micro: 0.7945892281002469

2024-06-20 15:10:53,365 - INFO - Validation Stats
Loss:
  total: 1.2515161434809368
Metrics:
  kitti_dice: 0.6725025375684103
  kitti_jaccard_macro: 0.20483721295992532
  kitti_jaccard_micro: 0.5208617250124613

2024-06-20 15:10:53,365 - INFO - Epoch 42/120
2024-06-20 15:11:07,648 - INFO - Train Stats
Loss:
  supervised: 0.4727106988430023
  total: 0.6261630720562406
  unsupervised: 0.328576934006479
  unsupervised1: 0.3616558694177204
  unsupervised1_weighted: 0.04118858277797699
  unsupervised_weighted: 0.11226378546820746
Metrics:
  kitti_dice: 0.8941257860925462
  kitti_jaccard_macro: 0.5053094592359331
  kitti_jaccard_micro: 0.8211232423782349

2024-06-20 15:11:08,389 - INFO - Validation Stats
Loss:
  total: 1.2678049802780151
Metrics:
  kitti_dice: 0.6761173009872437
  kitti_jaccard_macro: 0.206673930088679
  kitti_jaccard_micro: 0.5243931810061137

2024-06-20 15:11:08,389 - INFO - Epoch 43/120
2024-06-20 15:11:22,350 - INFO - Train Stats
Loss:
  supervised: 0.5556079943974813
  total: 0.7100800143347846
  unsupervised: 0.3258679492606057
  unsupervised1: 0.3464420851733949
  unsupervised1_weighted: 0.0404182407591078
  unsupervised_weighted: 0.11405378083388011
Metrics:
  kitti_dice: 0.8544713060061137
  kitti_jaccard_macro: 0.45359225074450177
  kitti_jaccard_micro: 0.7612639665603638

2024-06-20 15:11:23,708 - INFO - Validation Stats
Loss:
  total: 1.2281418244043987
Metrics:
  kitti_dice: 0.6787258386611938
  kitti_jaccard_macro: 0.20944038033485413
  kitti_jaccard_micro: 0.5271482268969218

2024-06-20 15:11:23,708 - INFO - Epoch 44/120
2024-06-20 15:11:37,543 - INFO - Train Stats
Loss:
  supervised: 0.5387926068570879
  total: 0.7074507971604665
  unsupervised: 0.3551444841755761
  unsupervised1: 0.3465886414051056
  unsupervised1_weighted: 0.041398085239860744
  unsupervised_weighted: 0.1272601013382276
Metrics:
  kitti_dice: 0.8911459777090285
  kitti_jaccard_macro: 0.4755697283479903
  kitti_jaccard_micro: 0.8181750112109714

2024-06-20 15:11:38,322 - INFO - Validation Stats
Loss:
  total: 1.4100677569707234
Metrics:
  kitti_dice: 0.653190553188324
  kitti_jaccard_macro: 0.19057603677113852
  kitti_jaccard_micro: 0.4981754620869954

2024-06-20 15:11:38,322 - INFO - Epoch 45/120
2024-06-20 15:11:52,124 - INFO - Train Stats
Loss:
  supervised: 0.4312809341483646
  total: 0.5853081676695082
  unsupervised: 0.3133822977542877
  unsupervised1: 0.32007597883542377
  unsupervised1_weighted: 0.0391203947365284
  unsupervised_weighted: 0.11490684499343236
Metrics:
  kitti_dice: 0.9053453074561225
  kitti_jaccard_macro: 0.5028432243400149
  kitti_jaccard_micro: 0.8383475343386332

2024-06-20 15:11:52,901 - INFO - Validation Stats
Loss:
  total: 1.3701698780059814
Metrics:
  kitti_dice: 0.6574671069780985
  kitti_jaccard_macro: 0.19697368144989014
  kitti_jaccard_micro: 0.502395232518514

2024-06-20 15:11:52,901 - INFO - Epoch 46/120
2024-06-20 15:12:06,840 - INFO - Train Stats
Loss:
  supervised: 0.4426050815317366
  total: 0.6091558138529459
  unsupervised: 0.32148470646805233
  unsupervised1: 0.3679518500963847
  unsupervised1_weighted: 0.045993977329797216
  unsupervised_weighted: 0.1205567651324802
Metrics:
  kitti_dice: 0.8731786211331686
  kitti_jaccard_macro: 0.46496717466248405
  kitti_jaccard_micro: 0.7921264304055108

2024-06-20 15:12:07,913 - INFO - Validation Stats
Loss:
  total: 1.2510095437367756
Metrics:
  kitti_dice: 0.6769986748695374
  kitti_jaccard_macro: 0.21353773276011148
  kitti_jaccard_micro: 0.5250893433888754

2024-06-20 15:12:07,913 - INFO - Epoch 47/120
2024-06-20 15:12:21,791 - INFO - Train Stats
Loss:
  supervised: 0.5963948253128264
  total: 0.7887249920103285
  unsupervised: 0.3696214490466648
  unsupervised1: 0.39632845918337506
  unsupervised1_weighted: 0.05064196636279424
  unsupervised_weighted: 0.14168821689155367
Metrics:
  kitti_dice: 0.8748640749189589
  kitti_jaccard_macro: 0.48018816113471985
  kitti_jaccard_micro: 0.7930543290244209

2024-06-20 15:12:22,578 - INFO - Validation Stats
Loss:
  total: 1.302424391110738
Metrics:
  kitti_dice: 0.6685440142949423
  kitti_jaccard_macro: 0.20297605295976004
  kitti_jaccard_micro: 0.5159233212471008

2024-06-20 15:12:22,578 - INFO - Epoch 48/120
2024-06-20 15:12:36,534 - INFO - Train Stats
Loss:
  supervised: 0.5255330834123824
  total: 0.7274433672428131
  unsupervised: 0.3795306781927745
  unsupervised1: 0.40795477893617416
  unsupervised1_weighted: 0.05326076183054182
  unsupervised_weighted: 0.14864952117204666
Metrics:
  kitti_dice: 0.8586483663982816
  kitti_jaccard_macro: 0.41274558504422504
  kitti_jaccard_micro: 0.7726441754235162

2024-06-20 15:12:37,440 - INFO - Validation Stats
Loss:
  total: 1.1784329017003377
Metrics:
  kitti_dice: 0.6890232165654501
  kitti_jaccard_macro: 0.22989406188329062
  kitti_jaccard_micro: 0.539274275302887

2024-06-20 15:12:37,440 - INFO - Epoch 49/120
2024-06-20 15:12:51,633 - INFO - Train Stats
Loss:
  supervised: 0.4750899109575484
  total: 0.6730952792697482
  unsupervised: 0.3613976140817006
  unsupervised1: 0.4008474548657735
  unsupervised1_weighted: 0.05344632392128309
  unsupervised_weighted: 0.14455904894404942
Metrics:
  kitti_dice: 0.8992805216047499
  kitti_jaccard_macro: 0.49243731962309945
  kitti_jaccard_micro: 0.830095562669966

2024-06-20 15:12:52,418 - INFO - Validation Stats
Loss:
  total: 1.2975467046101887
Metrics:
  kitti_dice: 0.6711186369260153
  kitti_jaccard_macro: 0.2032176007827123
  kitti_jaccard_micro: 0.5189757247765859

2024-06-20 15:12:52,418 - INFO - Epoch 50/120
2024-06-20 15:13:06,259 - INFO - Train Stats
Loss:
  supervised: 0.5497550202740563
  total: 0.7484579218758477
  unsupervised: 0.34649179379145306
  unsupervised1: 0.420382688442866
  unsupervised1_weighted: 0.05721875362926059
  unsupervised_weighted: 0.14148414631684622
Metrics:
  kitti_dice: 0.8503310547934638
  kitti_jaccard_macro: 0.4434240361054738
  kitti_jaccard_micro: 0.7612642976972792

2024-06-20 15:13:07,025 - INFO - Validation Stats
Loss:
  total: 1.3221101760864258
Metrics:
  kitti_dice: 0.6669273376464844
  kitti_jaccard_macro: 0.20439480741818747
  kitti_jaccard_micro: 0.5134595731894175

2024-06-20 15:13:14,453 - INFO - Epoch 51/120
2024-06-20 15:13:28,398 - INFO - Train Stats
Loss:
  supervised: 0.548643966515859
  total: 0.7351961731910706
  unsupervised: 0.31472212076187134
  unsupervised1: 0.3990095787578159
  unsupervised1_weighted: 0.05541799383030997
  unsupervised_weighted: 0.13113421284490162
Metrics:
  kitti_dice: 0.8225281437238058
  kitti_jaccard_macro: 0.42053546839290196
  kitti_jaccard_micro: 0.7215463784005907

2024-06-20 15:13:29,128 - INFO - Validation Stats
Loss:
  total: 1.3277573188145955
Metrics:
  kitti_dice: 0.6628991961479187
  kitti_jaccard_macro: 0.19937809308369955
  kitti_jaccard_micro: 0.5095406472682953

2024-06-20 15:13:29,128 - INFO - Epoch 52/120
2024-06-20 15:13:42,909 - INFO - Train Stats
Loss:
  supervised: 0.5086001058419546
  total: 0.7003426982296838
  unsupervised: 0.3299206561512417
  unsupervised1: 0.3637150956524743
  unsupervised1_weighted: 0.05152630474832323
  unsupervised_weighted: 0.14021628184450996
Metrics:
  kitti_dice: 0.8744520545005798
  kitti_jaccard_macro: 0.4758283727698856
  kitti_jaccard_micro: 0.7926794687906901

2024-06-20 15:13:43,718 - INFO - Validation Stats
Loss:
  total: 1.2994757095972698
Metrics:
  kitti_dice: 0.6714606682459513
  kitti_jaccard_macro: 0.20652941862742105
  kitti_jaccard_micro: 0.5189773341019949

2024-06-20 15:13:43,719 - INFO - Epoch 53/120
2024-06-20 15:13:57,523 - INFO - Train Stats
Loss:
  supervised: 0.5587860875659518
  total: 0.7718949053022597
  unsupervised: 0.3583546843793657
  unsupervised1: 0.4003046817249722
  unsupervised1_weighted: 0.05782178334063954
  unsupervised_weighted: 0.15528703149822023
Metrics:
  kitti_dice: 0.8484857082366943
  kitti_jaccard_macro: 0.43194812205102706
  kitti_jaccard_micro: 0.7538609173562791

2024-06-20 15:13:58,274 - INFO - Validation Stats
Loss:
  total: 1.339007059733073
Metrics:
  kitti_dice: 0.6609955628712972
  kitti_jaccard_macro: 0.1926677922407786
  kitti_jaccard_micro: 0.5070684750874838

2024-06-20 15:13:58,274 - INFO - Epoch 54/120
2024-06-20 15:14:12,100 - INFO - Train Stats
Loss:
  supervised: 0.40706343120998806
  total: 0.5811776154571109
  unsupervised: 0.29032313492563033
  unsupervised1: 0.3116929597324795
  unsupervised1_weighted: 0.0458881300356653
  unsupervised_weighted: 0.1282260517279307
Metrics:
  kitti_dice: 0.8956028156810336
  kitti_jaccard_macro: 0.5083935591909621
  kitti_jaccard_micro: 0.8243315683470832

2024-06-20 15:14:12,996 - INFO - Validation Stats
Loss:
  total: 1.3358397483825684
Metrics:
  kitti_dice: 0.6636136770248413
  kitti_jaccard_macro: 0.2021412452061971
  kitti_jaccard_micro: 0.509580393632253

2024-06-20 15:14:12,996 - INFO - Epoch 55/120
2024-06-20 15:14:27,366 - INFO - Train Stats
Loss:
  supervised: 0.47778215673234725
  total: 0.6713900201850467
  unsupervised: 0.3113052513864305
  unsupervised1: 0.35680341720581055
  unsupervised1_weighted: 0.0535205097662078
  unsupervised_weighted: 0.14008735782570308
Metrics:
  kitti_dice: 0.8890281915664673
  kitti_jaccard_macro: 0.47692744268311393
  kitti_jaccard_micro: 0.8159838053915236

2024-06-20 15:14:28,710 - INFO - Validation Stats
Loss:
  total: 1.4534914096196492
Metrics:
  kitti_dice: 0.6531064907709757
  kitti_jaccard_macro: 0.1935719499985377
  kitti_jaccard_micro: 0.4976368347803752

2024-06-20 15:14:28,710 - INFO - Epoch 56/120
2024-06-20 15:14:42,561 - INFO - Train Stats
Loss:
  supervised: 0.5144489142629836
  total: 0.7109039028485616
  unsupervised: 0.305935338139534
  unsupervised1: 0.3680810415082508
  unsupervised1_weighted: 0.056234602299001485
  unsupervised_weighted: 0.14022036807404625
Metrics:
  kitti_dice: 0.8321140805880228
  kitti_jaccard_macro: 0.44840793477164376
  kitti_jaccard_micro: 0.7415420611699423

2024-06-20 15:14:43,256 - INFO - Validation Stats
Loss:
  total: 1.3555474281311035
Metrics:
  kitti_dice: 0.6581330498059591
  kitti_jaccard_macro: 0.20115675032138824
  kitti_jaccard_micro: 0.5031707684199015

2024-06-20 15:14:43,256 - INFO - Epoch 57/120
2024-06-20 15:14:57,075 - INFO - Train Stats
Loss:
  supervised: 0.5096121033032736
  total: 0.7185650401645236
  unsupervised: 0.32157234019703335
  unsupervised1: 0.3785519351561864
  unsupervised1_weighted: 0.05888585290975041
  unsupervised_weighted: 0.15006709429952833
Metrics:
  kitti_dice: 0.8774497244093153
  kitti_jaccard_macro: 0.5021926727559831
  kitti_jaccard_micro: 0.7982916765742831

2024-06-20 15:14:57,827 - INFO - Validation Stats
Loss:
  total: 1.4550437132517497
Metrics:
  kitti_dice: 0.6465724110603333
  kitti_jaccard_macro: 0.18304385741551718
  kitti_jaccard_micro: 0.49036704500516254

2024-06-20 15:14:57,827 - INFO - Epoch 58/120
2024-06-20 15:15:11,678 - INFO - Train Stats
Loss:
  supervised: 0.5253594484594133
  total: 0.7296222978168063
  unsupervised: 0.3069651424884796
  unsupervised1: 0.36918584174580044
  unsupervised1_weighted: 0.05845442372891638
  unsupervised_weighted: 0.14580843846003214
Metrics:
  kitti_dice: 0.8428475260734558
  kitti_jaccard_macro: 0.414295279317432
  kitti_jaccard_micro: 0.7465111878183153

2024-06-20 15:15:12,436 - INFO - Validation Stats
Loss:
  total: 1.412123719851176
Metrics:
  kitti_dice: 0.6448712348937988
  kitti_jaccard_macro: 0.19019238154093424
  kitti_jaccard_micro: 0.4886331260204315

2024-06-20 15:15:12,437 - INFO - Epoch 59/120
2024-06-20 15:15:26,202 - INFO - Train Stats
Loss:
  supervised: 0.5278715656863319
  total: 0.7316481835312314
  unsupervised: 0.31224927140606773
  unsupervised1: 0.328072652220726
  unsupervised1_weighted: 0.052856146461433835
  unsupervised_weighted: 0.15092047469483483
Metrics:
  kitti_dice: 0.8512606488333808
  kitti_jaccard_macro: 0.45212746659914654
  kitti_jaccard_micro: 0.7640219728151957

2024-06-20 15:15:26,978 - INFO - Validation Stats
Loss:
  total: 1.3397772312164307
Metrics:
  kitti_dice: 0.6571418245633444
  kitti_jaccard_macro: 0.1958417445421219
  kitti_jaccard_micro: 0.5025539000829061

2024-06-20 15:15:26,978 - INFO - Epoch 60/120
2024-06-20 15:15:40,804 - INFO - Train Stats
Loss:
  supervised: 0.476412961880366
  total: 0.666171650091807
  unsupervised: 0.2783299717638228
  unsupervised1: 0.32285966475804645
  unsupervised1_weighted: 0.05291311111715105
  unsupervised_weighted: 0.1368455704715517
Metrics:
  kitti_dice: 0.8850387533505758
  kitti_jaccard_macro: 0.4777330259482066
  kitti_jaccard_micro: 0.8062272071838379

2024-06-20 15:15:41,529 - INFO - Validation Stats
Loss:
  total: 1.3963401714960735
Metrics:
  kitti_dice: 0.6553531487782797
  kitti_jaccard_macro: 0.19134407738844553
  kitti_jaccard_micro: 0.5001960794130961

2024-06-20 15:15:49,315 - INFO - Epoch 61/120
2024-06-20 15:16:03,755 - INFO - Train Stats
Loss:
  supervised: 0.4434100654390123
  total: 0.6413026617632972
  unsupervised: 0.2862018545468648
  unsupervised1: 0.32874998946984607
  unsupervised1_weighted: 0.05479166160027186
  unsupervised_weighted: 0.1431009272734324
Metrics:
  kitti_dice: 0.8957663112216525
  kitti_jaccard_macro: 0.5127759046024747
  kitti_jaccard_micro: 0.8246344791518317

2024-06-20 15:16:04,507 - INFO - Validation Stats
Loss:
  total: 1.4069089889526367
Metrics:
  kitti_dice: 0.6526408791542053
  kitti_jaccard_macro: 0.19308656950791678
  kitti_jaccard_micro: 0.497049222389857

2024-06-20 15:16:04,507 - INFO - Epoch 62/120
2024-06-20 15:16:18,367 - INFO - Train Stats
Loss:
  supervised: 0.4898696376217736
  total: 0.6938866310649447
  unsupervised: 0.29593609107865226
  unsupervised1: 0.3362937602731917
  unsupervised1_weighted: 0.056048956596189074
  unsupervised_weighted: 0.14796804553932613
Metrics:
  kitti_dice: 0.8883752028147379
  kitti_jaccard_macro: 0.48742860555648804
  kitti_jaccard_micro: 0.8116626607047187

2024-06-20 15:16:19,118 - INFO - Validation Stats
Loss:
  total: 1.4419379631678264
Metrics:
  kitti_dice: 0.6508121093114217
  kitti_jaccard_macro: 0.19540795187155405
  kitti_jaccard_micro: 0.49592166145642597

2024-06-20 15:16:19,118 - INFO - Epoch 63/120
2024-06-20 15:16:33,029 - INFO - Train Stats
Loss:
  supervised: 0.4501909249358707
  total: 0.6329162352614932
  unsupervised: 0.276560452249315
  unsupervised1: 0.26667050686147475
  unsupervised1_weighted: 0.04444508130351702
  unsupervised_weighted: 0.1382802261246575
Metrics:
  kitti_dice: 0.8930363257726034
  kitti_jaccard_macro: 0.5087796383433871
  kitti_jaccard_micro: 0.8226203653547499

2024-06-20 15:16:33,748 - INFO - Validation Stats
Loss:
  total: 1.5190129280090332
Metrics:
  kitti_dice: 0.6433252692222595
  kitti_jaccard_macro: 0.1873235603173574
  kitti_jaccard_micro: 0.48771893978118896

2024-06-20 15:16:33,748 - INFO - Epoch 64/120
2024-06-20 15:16:47,577 - INFO - Train Stats
Loss:
  supervised: 0.4282761166493098
  total: 0.6054602430926429
  unsupervised: 0.2589257326391008
  unsupervised1: 0.2863276286257638
  unsupervised1_weighted: 0.04772126840220557
  unsupervised_weighted: 0.1294628663195504
Metrics:
  kitti_dice: 0.90145652823978
  kitti_jaccard_macro: 0.5183636513021257
  kitti_jaccard_micro: 0.8331255780325996

2024-06-20 15:16:48,336 - INFO - Validation Stats
Loss:
  total: 1.5534526507059734
Metrics:
  kitti_dice: 0.6394963463147482
  kitti_jaccard_macro: 0.18633133172988892
  kitti_jaccard_micro: 0.48317508896191913

2024-06-20 15:16:48,336 - INFO - Epoch 65/120
2024-06-20 15:17:02,129 - INFO - Train Stats
Loss:
  supervised: 0.39207859502898323
  total: 0.5580304695500268
  unsupervised: 0.23779799871974522
  unsupervised1: 0.2823173122273551
  unsupervised1_weighted: 0.04705288178390927
  unsupervised_weighted: 0.11889899935987261
Metrics:
  kitti_dice: 0.8998864558007982
  kitti_jaccard_macro: 0.5253847870561812
  kitti_jaccard_micro: 0.8318964706526862

2024-06-20 15:17:02,863 - INFO - Validation Stats
Loss:
  total: 1.510862668355306
Metrics:
  kitti_dice: 0.6463032762209574
  kitti_jaccard_macro: 0.19421500960985819
  kitti_jaccard_micro: 0.4904831051826477

2024-06-20 15:17:02,863 - INFO - Epoch 66/120
2024-06-20 15:17:16,717 - INFO - Train Stats
Loss:
  supervised: 0.5530193116929796
  total: 0.7774354418118795
  unsupervised: 0.30487191014819676
  unsupervised1: 0.4318810850381851
  unsupervised1_weighted: 0.07198017670048608
  unsupervised_weighted: 0.15243595507409838
Metrics:
  kitti_dice: 0.831777936882443
  kitti_jaccard_macro: 0.4567226750983132
  kitti_jaccard_micro: 0.7437428302235074

2024-06-20 15:17:17,525 - INFO - Validation Stats
Loss:
  total: 1.3596662680308025
Metrics:
  kitti_dice: 0.662437379360199
  kitti_jaccard_macro: 0.2014897813399633
  kitti_jaccard_micro: 0.5088601509730021

2024-06-20 15:17:17,525 - INFO - Epoch 67/120
2024-06-20 15:17:31,331 - INFO - Train Stats
Loss:
  supervised: 0.475739234023624
  total: 0.6708030502001444
  unsupervised: 0.27843504978550804
  unsupervised1: 0.33507779075039756
  unsupervised1_weighted: 0.055846295629938446
  unsupervised_weighted: 0.13921752489275402
Metrics:
  kitti_dice: 0.8810911575953165
  kitti_jaccard_macro: 0.476239134867986
  kitti_jaccard_micro: 0.8022542595863342

2024-06-20 15:17:32,050 - INFO - Validation Stats
Loss:
  total: 1.4105195601781209
Metrics:
  kitti_dice: 0.655194620291392
  kitti_jaccard_macro: 0.19618648290634155
  kitti_jaccard_micro: 0.5000195304552714

2024-06-20 15:17:32,050 - INFO - Epoch 68/120
2024-06-20 15:17:45,885 - INFO - Train Stats
Loss:
  supervised: 0.433360175953971
  total: 0.6227038072215186
  unsupervised: 0.27072874704996747
  unsupervised1: 0.3238755050632689
  unsupervised1_weighted: 0.05397924760149585
  unsupervised_weighted: 0.13536437352498373
Metrics:
  kitti_dice: 0.8985075023439195
  kitti_jaccard_macro: 0.5045582585864596
  kitti_jaccard_micro: 0.8302398787604438

2024-06-20 15:17:46,617 - INFO - Validation Stats
Loss:
  total: 1.4583042462666829
Metrics:
  kitti_dice: 0.6469844778378805
  kitti_jaccard_macro: 0.19580001135667166
  kitti_jaccard_micro: 0.4915382166703542

2024-06-20 15:17:46,617 - INFO - Epoch 69/120
2024-06-20 15:18:00,441 - INFO - Train Stats
Loss:
  supervised: 0.43041425612237716
  total: 0.6100196573469374
  unsupervised: 0.25510166585445404
  unsupervised1: 0.31232746607727474
  unsupervised1_weighted: 0.0520545749200715
  unsupervised_weighted: 0.12755083292722702
Metrics:
  kitti_dice: 0.8830259905921088
  kitti_jaccard_macro: 0.519597503874037
  kitti_jaccard_micro: 0.8110752072599199

2024-06-20 15:18:01,220 - INFO - Validation Stats
Loss:
  total: 1.4793155590693157
Metrics:
  kitti_dice: 0.6469599604606628
  kitti_jaccard_macro: 0.19317725797494253
  kitti_jaccard_micro: 0.4922561248143514

2024-06-20 15:18:01,221 - INFO - Epoch 70/120
2024-06-20 15:18:15,046 - INFO - Train Stats
Loss:
  supervised: 0.5103098617659675
  total: 0.7089686559306251
  unsupervised: 0.28432851864231956
  unsupervised1: 0.3389672570758396
  unsupervised1_weighted: 0.05649453898270925
  unsupervised_weighted: 0.14216425932115978
Metrics:
  kitti_dice: 0.8731687201393975
  kitti_jaccard_macro: 0.4610320462120904
  kitti_jaccard_micro: 0.7901148928536309

2024-06-20 15:18:15,825 - INFO - Validation Stats
Loss:
  total: 1.4816480080286663
Metrics:
  kitti_dice: 0.6435137987136841
  kitti_jaccard_macro: 0.1861699273188909
  kitti_jaccard_micro: 0.48768381277720135

2024-06-20 15:18:23,260 - INFO - Epoch 71/120
2024-06-20 15:18:37,189 - INFO - Train Stats
Loss:
  supervised: 0.40240662296613056
  total: 0.5740427076816559
  unsupervised: 0.2525162547826767
  unsupervised1: 0.27226776381333667
  unsupervised1_weighted: 0.045377957738108106
  unsupervised_weighted: 0.12625812739133835
Metrics:
  kitti_dice: 0.9148835076226128
  kitti_jaccard_macro: 0.5690433515442742
  kitti_jaccard_micro: 0.8535960846477084

2024-06-20 15:18:37,939 - INFO - Validation Stats
Loss:
  total: 1.4922707080841064
Metrics:
  kitti_dice: 0.6468020876248678
  kitti_jaccard_macro: 0.19106676677862802
  kitti_jaccard_micro: 0.4908324082692464

2024-06-20 15:18:37,939 - INFO - Epoch 72/120
2024-06-20 15:18:51,740 - INFO - Train Stats
Loss:
  supervised: 0.4572785231802199
  total: 0.6373656193415324
  unsupervised: 0.25771482785542804
  unsupervised1: 0.3073781182368596
  unsupervised1_weighted: 0.051229683889283076
  unsupervised_weighted: 0.12885741392771402
Metrics:
  kitti_dice: 0.88694343301985
  kitti_jaccard_macro: 0.47960470120112103
  kitti_jaccard_micro: 0.8111720151371427

2024-06-20 15:18:52,536 - INFO - Validation Stats
Loss:
  total: 1.4403347571690877
Metrics:
  kitti_dice: 0.6546094417572021
  kitti_jaccard_macro: 0.19170554478963217
  kitti_jaccard_micro: 0.4996044933795929

2024-06-20 15:18:52,536 - INFO - Epoch 73/120
2024-06-20 15:19:06,486 - INFO - Train Stats
Loss:
  supervised: 0.3902306192451053
  total: 0.5442544652356042
  unsupervised: 0.23219547337955898
  unsupervised1: 0.22755663262473214
  unsupervised1_weighted: 0.037926103505823344
  unsupervised_weighted: 0.11609773668977949
Metrics:
  kitti_dice: 0.908405151632097
  kitti_jaccard_macro: 0.5429150660832723
  kitti_jaccard_micro: 0.8416459096802605

2024-06-20 15:19:07,967 - INFO - Validation Stats
Loss:
  total: 1.5492291847864788
Metrics:
  kitti_dice: 0.6374714374542236
  kitti_jaccard_macro: 0.18602880835533142
  kitti_jaccard_micro: 0.48097048203150433

2024-06-20 15:19:07,967 - INFO - Epoch 74/120
2024-06-20 15:19:22,693 - INFO - Train Stats
Loss:
  supervised: 0.4251537223656972
  total: 0.6150023572974734
  unsupervised: 0.27036986086103654
  unsupervised1: 0.3279823263486226
  unsupervised1_weighted: 0.05466371733281347
  unsupervised_weighted: 0.13518493043051827
Metrics:
  kitti_dice: 0.8798523280355666
  kitti_jaccard_macro: 0.49179672532611424
  kitti_jaccard_micro: 0.8005345000161065

2024-06-20 15:19:23,931 - INFO - Validation Stats
Loss:
  total: 1.6614911158879597
Metrics:
  kitti_dice: 0.6323099533716837
  kitti_jaccard_macro: 0.17954019705454508
  kitti_jaccard_micro: 0.4756158689657847

2024-06-20 15:19:23,931 - INFO - Epoch 75/120
2024-06-20 15:19:37,755 - INFO - Train Stats
Loss:
  supervised: 0.3949336459239324
  total: 0.5631964471605089
  unsupervised: 0.23410354057947794
  unsupervised1: 0.3072662237617705
  unsupervised1_weighted: 0.051211034051246114
  unsupervised_weighted: 0.11705177028973897
Metrics:
  kitti_dice: 0.8755045268270705
  kitti_jaccard_macro: 0.49233060081799823
  kitti_jaccard_micro: 0.7992904053794013

2024-06-20 15:19:38,509 - INFO - Validation Stats
Loss:
  total: 1.4786792596181233
Metrics:
  kitti_dice: 0.6501879493395487
  kitti_jaccard_macro: 0.19420733551184335
  kitti_jaccard_micro: 0.4944884975751241

2024-06-20 15:19:38,509 - INFO - Epoch 76/120
2024-06-20 15:19:52,353 - INFO - Train Stats
Loss:
  supervised: 0.4785415497091081
  total: 0.6627122362454733
  unsupervised: 0.2760391980409622
  unsupervised1: 0.2769065896670024
  unsupervised1_weighted: 0.04615109538038572
  unsupervised_weighted: 0.1380195990204811
Metrics:
  kitti_dice: 0.9066998230086433
  kitti_jaccard_macro: 0.5129893521467844
  kitti_jaccard_micro: 0.8395940793885125

2024-06-20 15:19:53,080 - INFO - Validation Stats
Loss:
  total: 1.5951099395751953
Metrics:
  kitti_dice: 0.6398055950800577
  kitti_jaccard_macro: 0.1859946350256602
  kitti_jaccard_micro: 0.48376182715098065

2024-06-20 15:19:53,080 - INFO - Epoch 77/120
2024-06-20 15:20:06,886 - INFO - Train Stats
Loss:
  supervised: 0.44443458484278786
  total: 0.6077176431814829
  unsupervised: 0.24195993774467045
  unsupervised1: 0.2538186013698578
  unsupervised1_weighted: 0.04230309733086162
  unsupervised_weighted: 0.12097996887233523
Metrics:
  kitti_dice: 0.8944670624203153
  kitti_jaccard_macro: 0.5273771319124434
  kitti_jaccard_micro: 0.8226527902815077

2024-06-20 15:20:07,707 - INFO - Validation Stats
Loss:
  total: 1.6049740711847942
Metrics:
  kitti_dice: 0.6374960144360861
  kitti_jaccard_macro: 0.18784752984841666
  kitti_jaccard_micro: 0.4816198945045471

2024-06-20 15:20:07,707 - INFO - Epoch 78/120
2024-06-20 15:20:21,499 - INFO - Train Stats
Loss:
  supervised: 0.4395945072174072
  total: 0.5977433224519094
  unsupervised: 0.2360721511973275
  unsupervised1: 0.2406765040424135
  unsupervised1_weighted: 0.040112747707300715
  unsupervised_weighted: 0.11803607559866375
Metrics:
  kitti_dice: 0.8921722571055094
  kitti_jaccard_macro: 0.5290665096706815
  kitti_jaccard_micro: 0.8171749909718832

2024-06-20 15:20:22,280 - INFO - Validation Stats
Loss:
  total: 1.5951504309972127
Metrics:
  kitti_dice: 0.6403182943662008
  kitti_jaccard_macro: 0.1863014797369639
  kitti_jaccard_micro: 0.48412206768989563

2024-06-20 15:20:22,280 - INFO - Epoch 79/120
2024-06-20 15:20:36,113 - INFO - Train Stats
Loss:
  supervised: 0.4753016134103139
  total: 0.6648968358834585
  unsupervised: 0.2707421001460817
  unsupervised1: 0.32534504267904496
  unsupervised1_weighted: 0.054224170537458524
  unsupervised_weighted: 0.13537105007304084
Metrics:
  kitti_dice: 0.8799272974332174
  kitti_jaccard_macro: 0.49224333630667794
  kitti_jaccard_micro: 0.8023718661732144

2024-06-20 15:20:37,228 - INFO - Validation Stats
Loss:
  total: 1.5694038073221843
Metrics:
  kitti_dice: 0.6418044567108154
  kitti_jaccard_macro: 0.187672088543574
  kitti_jaccard_micro: 0.4855867127577464

2024-06-20 15:20:37,228 - INFO - Epoch 80/120
2024-06-20 15:20:50,999 - INFO - Train Stats
Loss:
  supervised: 0.4386477967103322
  total: 0.6167853706412845
  unsupervised: 0.25510115590360427
  unsupervised1: 0.3035220570034451
  unsupervised1_weighted: 0.0505870059132576
  unsupervised_weighted: 0.12755057795180214
Metrics:
  kitti_dice: 0.8931911653942533
  kitti_jaccard_macro: 0.5156780514452193
  kitti_jaccard_micro: 0.8218822148111131

2024-06-20 15:20:51,705 - INFO - Validation Stats
Loss:
  total: 1.625058650970459
Metrics:
  kitti_dice: 0.6354304154713949
  kitti_jaccard_macro: 0.18407093981901804
  kitti_jaccard_micro: 0.4789949357509613

2024-06-20 15:20:59,253 - INFO - Epoch 81/120
2024-06-20 15:21:13,304 - INFO - Train Stats
Loss:
  supervised: 0.4471509936783049
  total: 0.6000537276268005
  unsupervised: 0.2226406219932768
  unsupervised1: 0.24949455426798928
  unsupervised1_weighted: 0.04158242295185725
  unsupervised_weighted: 0.1113203109966384
Metrics:
  kitti_dice: 0.8826080362002054
  kitti_jaccard_macro: 0.5180537170834012
  kitti_jaccard_micro: 0.8085485299428304

2024-06-20 15:21:14,120 - INFO - Validation Stats
Loss:
  total: 1.5343349774678547
Metrics:
  kitti_dice: 0.6395082076390585
  kitti_jaccard_macro: 0.18986672659715018
  kitti_jaccard_micro: 0.4831482271353404

2024-06-20 15:21:14,120 - INFO - Epoch 82/120
2024-06-20 15:21:27,897 - INFO - Train Stats
Loss:
  supervised: 0.5297374692228105
  total: 0.7233211663034227
  unsupervised: 0.26904217071003383
  unsupervised1: 0.35437579784128403
  unsupervised1_weighted: 0.05906262848940161
  unsupervised_weighted: 0.13452108535501692
Metrics:
  kitti_dice: 0.8344701594776578
  kitti_jaccard_macro: 0.42002026240030926
  kitti_jaccard_micro: 0.7343564165963067

2024-06-20 15:21:28,735 - INFO - Validation Stats
Loss:
  total: 1.6321698824564617
Metrics:
  kitti_dice: 0.6320492625236511
  kitti_jaccard_macro: 0.1818638096253077
  kitti_jaccard_micro: 0.4754210611184438

2024-06-20 15:21:28,735 - INFO - Epoch 83/120
2024-06-20 15:21:42,495 - INFO - Train Stats
Loss:
  supervised: 0.4659728970792558
  total: 0.6591863334178925
  unsupervised: 0.2796442425913281
  unsupervised1: 0.32034793827268815
  unsupervised1_weighted: 0.05339131938914458
  unsupervised_weighted: 0.13982212129566404
Metrics:
  kitti_dice: 0.906552685631646
  kitti_jaccard_macro: 0.5365506410598755
  kitti_jaccard_micro: 0.8399541311793857

2024-06-20 15:21:43,182 - INFO - Validation Stats
Loss:
  total: 1.6736704111099243
Metrics:
  kitti_dice: 0.6332979202270508
  kitti_jaccard_macro: 0.1826565364996592
  kitti_jaccard_micro: 0.47656447688738507

2024-06-20 15:21:43,182 - INFO - Epoch 84/120
2024-06-20 15:21:57,087 - INFO - Train Stats
Loss:
  supervised: 0.4574788113435109
  total: 0.6377955443329282
  unsupervised: 0.2664235730965932
  unsupervised1: 0.28262971341609955
  unsupervised1_weighted: 0.04710494871768686
  unsupervised_weighted: 0.1332117865482966
Metrics:
  kitti_dice: 0.8988096515337626
  kitti_jaccard_macro: 0.5076534052689871
  kitti_jaccard_micro: 0.828702860408359

2024-06-20 15:21:57,854 - INFO - Validation Stats
Loss:
  total: 1.625321348508199
Metrics:
  kitti_dice: 0.6392727494239807
  kitti_jaccard_macro: 0.18770342071851095
  kitti_jaccard_micro: 0.4834928015867869

2024-06-20 15:21:57,854 - INFO - Epoch 85/120
2024-06-20 15:22:12,234 - INFO - Train Stats
Loss:
  supervised: 0.5258328914642334
  total: 0.6954517364501953
  unsupervised: 0.2457650668091244
  unsupervised1: 0.28041785293155247
  unsupervised1_weighted: 0.04673630599346426
  unsupervised_weighted: 0.1228825334045622
Metrics:
  kitti_dice: 0.8615717424286736
  kitti_jaccard_macro: 0.4788002802266015
  kitti_jaccard_micro: 0.7858888804912567

2024-06-20 15:22:12,986 - INFO - Validation Stats
Loss:
  total: 1.520285924275716
Metrics:
  kitti_dice: 0.6465050379435221
  kitti_jaccard_macro: 0.19028200705846152
  kitti_jaccard_micro: 0.4909539222717285

2024-06-20 15:22:12,987 - INFO - Epoch 86/120
2024-06-20 15:22:26,904 - INFO - Train Stats
Loss:
  supervised: 0.5155728624926673
  total: 0.7132904529571533
  unsupervised: 0.28680755694707233
  unsupervised1: 0.32588287194569904
  unsupervised1_weighted: 0.05431380826565954
  unsupervised_weighted: 0.14340377847353616
Metrics:
  kitti_dice: 0.8514200184080336
  kitti_jaccard_macro: 0.4514920678403642
  kitti_jaccard_micro: 0.7610122528341081

2024-06-20 15:22:28,193 - INFO - Validation Stats
Loss:
  total: 1.6136527856190999
Metrics:
  kitti_dice: 0.63732381661733
  kitti_jaccard_macro: 0.18485593299070993
  kitti_jaccard_micro: 0.48032477498054504

2024-06-20 15:22:28,193 - INFO - Epoch 87/120
2024-06-20 15:22:42,037 - INFO - Train Stats
Loss:
  supervised: 0.45788084467252094
  total: 0.641529831621382
  unsupervised: 0.2558214349879159
  unsupervised1: 0.3344295968612035
  unsupervised1_weighted: 0.05573826241824362
  unsupervised_weighted: 0.12791071749395794
Metrics:
  kitti_dice: 0.875787185298072
  kitti_jaccard_macro: 0.47818709744347465
  kitti_jaccard_micro: 0.7946227921379937

2024-06-20 15:22:42,785 - INFO - Validation Stats
Loss:
  total: 1.6503193775812786
Metrics:
  kitti_dice: 0.6330825289090475
  kitti_jaccard_macro: 0.18051370978355408
  kitti_jaccard_micro: 0.4768379131952922

2024-06-20 15:22:42,785 - INFO - Epoch 88/120
2024-06-20 15:22:56,585 - INFO - Train Stats
Loss:
  supervised: 0.4270043720801671
  total: 0.5929103096326193
  unsupervised: 0.24040944543149737
  unsupervised1: 0.27420730226569706
  unsupervised1_weighted: 0.04570121359493998
  unsupervised_weighted: 0.12020472271574868
Metrics:
  kitti_dice: 0.8925560845269097
  kitti_jaccard_macro: 0.49638115697436863
  kitti_jaccard_micro: 0.8189649714363946

2024-06-20 15:22:57,355 - INFO - Validation Stats
Loss:
  total: 1.6992826461791992
Metrics:
  kitti_dice: 0.6302769382794698
  kitti_jaccard_macro: 0.18048752347628275
  kitti_jaccard_micro: 0.4731593728065491

2024-06-20 15:22:57,355 - INFO - Epoch 89/120
2024-06-20 15:23:11,106 - INFO - Train Stats
Loss:
  supervised: 0.4835601680808597
  total: 0.6508691377109952
  unsupervised: 0.24367312921418083
  unsupervised1: 0.2728344351053238
  unsupervised1_weighted: 0.045472403781281576
  unsupervised_weighted: 0.12183656460709041
Metrics:
  kitti_dice: 0.8693038887447782
  kitti_jaccard_macro: 0.4619941943221622
  kitti_jaccard_micro: 0.783848332034217

2024-06-20 15:23:11,877 - INFO - Validation Stats
Loss:
  total: 1.681949297587077
Metrics:
  kitti_dice: 0.6310517191886902
  kitti_jaccard_macro: 0.1783670832713445
  kitti_jaccard_micro: 0.47421926259994507

2024-06-20 15:23:11,877 - INFO - Epoch 90/120
2024-06-20 15:23:25,619 - INFO - Train Stats
Loss:
  supervised: 0.49276800950368244
  total: 0.659670439031389
  unsupervised: 0.25217778815163505
  unsupervised1: 0.24488120443291134
  unsupervised1_weighted: 0.04081353131267759
  unsupervised_weighted: 0.12608889407581753
Metrics:
  kitti_dice: 0.8998342752456665
  kitti_jaccard_macro: 0.5101266867584653
  kitti_jaccard_micro: 0.8282245728704665

2024-06-20 15:23:26,412 - INFO - Validation Stats
Loss:
  total: 1.6752561330795288
Metrics:
  kitti_dice: 0.6340283354123434
  kitti_jaccard_macro: 0.18070444464683533
  kitti_jaccard_micro: 0.4770122170448303

2024-06-20 15:23:34,531 - INFO - Epoch 91/120
2024-06-20 15:23:49,574 - INFO - Train Stats
Loss:
  supervised: 0.450831135114034
  total: 0.6181186934312185
  unsupervised: 0.25114765101008946
  unsupervised1: 0.2502823770046234
  unsupervised1_weighted: 0.04171372681028313
  unsupervised_weighted: 0.12557382550504473
Metrics:
  kitti_dice: 0.9026879005961947
  kitti_jaccard_macro: 0.5332812832461463
  kitti_jaccard_micro: 0.8375344740019904

2024-06-20 15:23:51,094 - INFO - Validation Stats
Loss:
  total: 1.6740454037984211
Metrics:
  kitti_dice: 0.6356869339942932
  kitti_jaccard_macro: 0.18250582118829092
  kitti_jaccard_micro: 0.4791486859321594

2024-06-20 15:23:51,094 - INFO - Epoch 92/120
2024-06-20 15:24:05,325 - INFO - Train Stats
Loss:
  supervised: 0.4995916982491811
  total: 0.6710975766181946
  unsupervised: 0.24557171927558052
  unsupervised1: 0.2923201223214467
  unsupervised1_weighted: 0.04872001666161749
  unsupervised_weighted: 0.12278585963779026
Metrics:
  kitti_dice: 0.8928651346100701
  kitti_jaccard_macro: 0.4949427280161116
  kitti_jaccard_micro: 0.8239793843693204

2024-06-20 15:24:06,655 - INFO - Validation Stats
Loss:
  total: 1.7398276329040527
Metrics:
  kitti_dice: 0.6277362902959188
  kitti_jaccard_macro: 0.17435293396313986
  kitti_jaccard_micro: 0.47029011448224384

2024-06-20 15:24:06,655 - INFO - Epoch 93/120
2024-06-20 15:24:20,538 - INFO - Train Stats
Loss:
  supervised: 0.4306672132677502
  total: 0.6034706797864702
  unsupervised: 0.2535526437891854
  unsupervised1: 0.2761628594663408
  unsupervised1_weighted: 0.04602714110579756
  unsupervised_weighted: 0.1267763218945927
Metrics:
  kitti_dice: 0.8667521807882521
  kitti_jaccard_macro: 0.48177798092365265
  kitti_jaccard_micro: 0.7882172299755944

2024-06-20 15:24:21,322 - INFO - Validation Stats
Loss:
  total: 1.7368260224660237
Metrics:
  kitti_dice: 0.6255085269610087
  kitti_jaccard_macro: 0.1760858545700709
  kitti_jaccard_micro: 0.4679532051086426

2024-06-20 15:24:21,323 - INFO - Epoch 94/120
2024-06-20 15:24:35,153 - INFO - Train Stats
Loss:
  supervised: 0.45861082275708515
  total: 0.6350014507770538
  unsupervised: 0.25743794275654686
  unsupervised1: 0.2860299911763933
  unsupervised1_weighted: 0.04767166243659125
  unsupervised_weighted: 0.12871897137827343
Metrics:
  kitti_dice: 0.9066898226737976
  kitti_jaccard_macro: 0.5297733611530728
  kitti_jaccard_micro: 0.8421798348426819

2024-06-20 15:24:36,105 - INFO - Validation Stats
Loss:
  total: 1.736423174540202
Metrics:
  kitti_dice: 0.6314123272895813
  kitti_jaccard_macro: 0.17758846282958984
  kitti_jaccard_micro: 0.4743204712867737

2024-06-20 15:24:36,105 - INFO - Epoch 95/120
2024-06-20 15:24:50,101 - INFO - Train Stats
Loss:
  supervised: 0.37448588179217446
  total: 0.5215186807844374
  unsupervised: 0.21842997603946263
  unsupervised1: 0.22690685921245152
  unsupervised1_weighted: 0.03781780745420191
  unsupervised_weighted: 0.10921498801973131
Metrics:
  kitti_dice: 0.8983886705504524
  kitti_jaccard_macro: 0.5197345316410065
  kitti_jaccard_micro: 0.8283974726994833

2024-06-20 15:24:50,869 - INFO - Validation Stats
Loss:
  total: 1.6629981597264607
Metrics:
  kitti_dice: 0.6324757138888041
  kitti_jaccard_macro: 0.18071665366490683
  kitti_jaccard_micro: 0.4752483169237773

2024-06-20 15:24:50,869 - INFO - Epoch 96/120
2024-06-20 15:25:04,689 - INFO - Train Stats
Loss:
  supervised: 0.4432968431048923
  total: 0.6059479216734568
  unsupervised: 0.24237503276930916
  unsupervised1: 0.248781379726198
  unsupervised1_weighted: 0.04146356073518594
  unsupervised_weighted: 0.12118751638465458
Metrics:
  kitti_dice: 0.8882837494214376
  kitti_jaccard_macro: 0.5125641193654802
  kitti_jaccard_micro: 0.8188480734825134

2024-06-20 15:25:05,458 - INFO - Validation Stats
Loss:
  total: 1.6353421608606975
Metrics:
  kitti_dice: 0.6351016561190287
  kitti_jaccard_macro: 0.1836241583029429
  kitti_jaccard_micro: 0.4783312777678172

2024-06-20 15:25:05,458 - INFO - Epoch 97/120
2024-06-20 15:25:19,289 - INFO - Train Stats
Loss:
  supervised: 0.42013366685973275
  total: 0.579178575012419
  unsupervised: 0.23281016449133554
  unsupervised1: 0.25583889583746594
  unsupervised1_weighted: 0.04263981328242355
  unsupervised_weighted: 0.11640508224566777
Metrics:
  kitti_dice: 0.8955144087473551
  kitti_jaccard_macro: 0.508837017748091
  kitti_jaccard_micro: 0.8258978592024909

2024-06-20 15:25:20,096 - INFO - Validation Stats
Loss:
  total: 1.7174330552419026
Metrics:
  kitti_dice: 0.6313257018725077
  kitti_jaccard_macro: 0.18140549957752228
  kitti_jaccard_micro: 0.47419822216033936

2024-06-20 15:25:20,096 - INFO - Epoch 98/120
2024-06-20 15:25:33,870 - INFO - Train Stats
Loss:
  supervised: 0.4941443254550298
  total: 0.6695341169834137
  unsupervised: 0.24167144132985008
  unsupervised1: 0.32732437716590035
  unsupervised1_weighted: 0.05455405906670623
  unsupervised_weighted: 0.12083572066492504
Metrics:
  kitti_dice: 0.8472745683458116
  kitti_jaccard_macro: 0.4592403537697262
  kitti_jaccard_micro: 0.7561044792334238

2024-06-20 15:25:34,641 - INFO - Validation Stats
Loss:
  total: 1.7229232390721638
Metrics:
  kitti_dice: 0.6288285454114279
  kitti_jaccard_macro: 0.1808500438928604
  kitti_jaccard_micro: 0.4709142744541168

2024-06-20 15:25:34,641 - INFO - Epoch 99/120
2024-06-20 15:25:48,493 - INFO - Train Stats
Loss:
  supervised: 0.39515070451630485
  total: 0.5465708474318186
  unsupervised: 0.22731898725032806
  unsupervised1: 0.22656394044558206
  unsupervised1_weighted: 0.037760655085245766
  unsupervised_weighted: 0.11365949362516403
Metrics:
  kitti_dice: 0.9184921913676791
  kitti_jaccard_macro: 0.5615654687086741
  kitti_jaccard_micro: 0.8584527571996053

2024-06-20 15:25:49,273 - INFO - Validation Stats
Loss:
  total: 1.6301313241322835
Metrics:
  kitti_dice: 0.6388112107912699
  kitti_jaccard_macro: 0.18508893748124441
  kitti_jaccard_micro: 0.48274927337964374

2024-06-20 15:25:49,273 - INFO - Epoch 100/120
2024-06-20 15:26:03,091 - INFO - Train Stats
Loss:
  supervised: 0.44129905435774064
  total: 0.6007228394349416
  unsupervised: 0.22818222641944885
  unsupervised1: 0.2719960676299201
  unsupervised1_weighted: 0.04533267476492458
  unsupervised_weighted: 0.11409111320972443
Metrics:
  kitti_dice: 0.902492622534434
  kitti_jaccard_macro: 0.5216748217741648
  kitti_jaccard_micro: 0.8352807362874349

2024-06-20 15:26:03,869 - INFO - Validation Stats
Loss:
  total: 1.7136567831039429
Metrics:
  kitti_dice: 0.6307804783185323
  kitti_jaccard_macro: 0.17886424561341605
  kitti_jaccard_micro: 0.4732808470726013

2024-06-20 15:26:11,421 - INFO - Epoch 101/120
2024-06-20 15:26:25,325 - INFO - Train Stats
Loss:
  supervised: 0.37316065033276874
  total: 0.5119184388054742
  unsupervised: 0.2091610249545839
  unsupervised1: 0.2050636327928967
  unsupervised1_weighted: 0.03417727082139916
  unsupervised_weighted: 0.10458051247729196
Metrics:
  kitti_dice: 0.9158328109317355
  kitti_jaccard_macro: 0.5243079165617625
  kitti_jaccard_micro: 0.855225490199195

2024-06-20 15:26:26,093 - INFO - Validation Stats
Loss:
  total: 1.7299371560414631
Metrics:
  kitti_dice: 0.6290461222330729
  kitti_jaccard_macro: 0.17476176222165427
  kitti_jaccard_micro: 0.4719375967979431

2024-06-20 15:26:26,093 - INFO - Epoch 102/120
2024-06-20 15:26:40,100 - INFO - Train Stats
Loss:
  supervised: 0.4044909013642205
  total: 0.5600157280762991
  unsupervised: 0.2271364794837104
  unsupervised1: 0.2517395748032464
  unsupervised1_weighted: 0.041956593179040484
  unsupervised_weighted: 0.1135682397418552
Metrics:
  kitti_dice: 0.8986064659224616
  kitti_jaccard_macro: 0.5152216984166039
  kitti_jaccard_micro: 0.8335190680291917

2024-06-20 15:26:40,831 - INFO - Validation Stats
Loss:
  total: 1.674073060353597
Metrics:
  kitti_dice: 0.632970929145813
  kitti_jaccard_macro: 0.18217916786670685
  kitti_jaccard_micro: 0.47606921195983887

2024-06-20 15:26:40,832 - INFO - Epoch 103/120
2024-06-20 15:26:54,675 - INFO - Train Stats
Loss:
  supervised: 0.4232412146197425
  total: 0.5951552655961778
  unsupervised: 0.24554658929506937
  unsupervised1: 0.2948446207576328
  unsupervised1_weighted: 0.04914076729781098
  unsupervised_weighted: 0.12277329464753468
Metrics:
  kitti_dice: 0.8984744416342841
  kitti_jaccard_macro: 0.5408141877916124
  kitti_jaccard_micro: 0.8326923383606805

2024-06-20 15:26:55,465 - INFO - Validation Stats
Loss:
  total: 1.6984306176503499
Metrics:
  kitti_dice: 0.6300075451532999
  kitti_jaccard_macro: 0.1776034434636434
  kitti_jaccard_micro: 0.4729081988334656

2024-06-20 15:26:55,465 - INFO - Epoch 104/120
2024-06-20 15:27:09,270 - INFO - Train Stats
Loss:
  supervised: 0.4001093523369895
  total: 0.5621767507659065
  unsupervised: 0.22739341523912218
  unsupervised1: 0.2902240968412823
  unsupervised1_weighted: 0.04837067942652437
  unsupervised_weighted: 0.11369670761956109
Metrics:
  kitti_dice: 0.906388951672448
  kitti_jaccard_macro: 0.5217944449848599
  kitti_jaccard_micro: 0.8399371041191949

2024-06-20 15:27:10,036 - INFO - Validation Stats
Loss:
  total: 1.7254937489827473
Metrics:
  kitti_dice: 0.6291274627049764
  kitti_jaccard_macro: 0.17367220421632132
  kitti_jaccard_micro: 0.4717391828695933

2024-06-20 15:27:10,037 - INFO - Epoch 105/120
2024-06-20 15:27:23,853 - INFO - Train Stats
Loss:
  supervised: 0.47224269145064884
  total: 0.6462907956706153
  unsupervised: 0.24155184461010826
  unsupervised1: 0.31963304844167495
  unsupervised1_weighted: 0.05327217073904143
  unsupervised_weighted: 0.12077592230505413
Metrics:
  kitti_dice: 0.8546483582920499
  kitti_jaccard_macro: 0.496728863981035
  kitti_jaccard_micro: 0.7715931766562991

2024-06-20 15:27:24,612 - INFO - Validation Stats
Loss:
  total: 1.7230575879414876
Metrics:
  kitti_dice: 0.6284143129984537
  kitti_jaccard_macro: 0.1760178506374359
  kitti_jaccard_micro: 0.47059234976768494

2024-06-20 15:27:24,613 - INFO - Epoch 106/120
2024-06-20 15:27:38,457 - INFO - Train Stats
Loss:
  supervised: 0.48106198343965745
  total: 0.6521671613057455
  unsupervised: 0.23509772453043196
  unsupervised1: 0.3213379598326153
  unsupervised1_weighted: 0.05355632367233435
  unsupervised_weighted: 0.11754886226521598
Metrics:
  kitti_dice: 0.8710067802005343
  kitti_jaccard_macro: 0.4948504666487376
  kitti_jaccard_micro: 0.7905813455581665

2024-06-20 15:27:39,242 - INFO - Validation Stats
Loss:
  total: 1.6986432075500488
Metrics:
  kitti_dice: 0.6283989151318868
  kitti_jaccard_macro: 0.17399908105532327
  kitti_jaccard_micro: 0.4713432788848877

2024-06-20 15:27:39,242 - INFO - Epoch 107/120
2024-06-20 15:27:53,068 - INFO - Train Stats
Loss:
  supervised: 0.45695966978867847
  total: 0.6054084300994873
  unsupervised: 0.21713493102126652
  unsupervised1: 0.23928784827391306
  unsupervised1_weighted: 0.03988130535516474
  unsupervised_weighted: 0.10856746551063326
Metrics:
  kitti_dice: 0.8928864002227783
  kitti_jaccard_macro: 0.5104919274648031
  kitti_jaccard_micro: 0.8213579257329305

2024-06-20 15:27:53,828 - INFO - Validation Stats
Loss:
  total: 1.6608034372329712
Metrics:
  kitti_dice: 0.630736231803894
  kitti_jaccard_macro: 0.1762188822031021
  kitti_jaccard_micro: 0.4736882448196411

2024-06-20 15:27:53,829 - INFO - Epoch 108/120
2024-06-20 15:28:07,630 - INFO - Train Stats
Loss:
  supervised: 0.41961735155847335
  total: 0.5840274227990044
  unsupervised: 0.23710579342312282
  unsupervised1: 0.2751430488295025
  unsupervised1_weighted: 0.04585717266632451
  unsupervised_weighted: 0.11855289671156141
Metrics:
  kitti_dice: 0.9064456820487976
  kitti_jaccard_macro: 0.5334017409218682
  kitti_jaccard_micro: 0.8417483965555826

2024-06-20 15:28:08,442 - INFO - Validation Stats
Loss:
  total: 1.7106547355651855
Metrics:
  kitti_dice: 0.6311305165290833
  kitti_jaccard_macro: 0.17874362071355185
  kitti_jaccard_micro: 0.47409285108248395

2024-06-20 15:28:08,443 - INFO - Epoch 109/120
2024-06-20 15:28:22,276 - INFO - Train Stats
Loss:
  supervised: 0.44228973819149864
  total: 0.6101474927531348
  unsupervised: 0.25120607018470764
  unsupervised1: 0.25352831184864044
  unsupervised1_weighted: 0.04225471615791321
  unsupervised_weighted: 0.12560303509235382
Metrics:
  kitti_dice: 0.9053094718191359
  kitti_jaccard_macro: 0.5354606707890829
  kitti_jaccard_micro: 0.8391686015658908

2024-06-20 15:28:23,072 - INFO - Validation Stats
Loss:
  total: 1.734005331993103
Metrics:
  kitti_dice: 0.6299882332483927
  kitti_jaccard_macro: 0.1793156017859777
  kitti_jaccard_micro: 0.4726504683494568

2024-06-20 15:28:23,072 - INFO - Epoch 110/120
2024-06-20 15:28:36,988 - INFO - Train Stats
Loss:
  supervised: 0.3576849351326625
  total: 0.49867040581173366
  unsupervised: 0.20902646084626517
  unsupervised1: 0.21883347796069252
  unsupervised1_weighted: 0.03647224418818951
  unsupervised_weighted: 0.10451323042313258
Metrics:
  kitti_dice: 0.9158881372875638
  kitti_jaccard_macro: 0.5462564594215817
  kitti_jaccard_micro: 0.8552127215597365

2024-06-20 15:28:37,785 - INFO - Validation Stats
Loss:
  total: 1.6979626019795735
Metrics:
  kitti_dice: 0.6289539933204651
  kitti_jaccard_macro: 0.1770006318887075
  kitti_jaccard_micro: 0.47186545530955

2024-06-20 15:28:44,927 - INFO - Epoch 111/120
2024-06-20 15:28:59,585 - INFO - Train Stats
Loss:
  supervised: 0.43528836137718624
  total: 0.5997624496618906
  unsupervised: 0.24330106874306998
  unsupervised1: 0.2569413466586007
  unsupervised1_weighted: 0.042823554741011724
  unsupervised_weighted: 0.12165053437153499
Metrics:
  kitti_dice: 0.8910238014327155
  kitti_jaccard_macro: 0.52528558505906
  kitti_jaccard_micro: 0.8216509222984314

2024-06-20 15:29:00,375 - INFO - Validation Stats
Loss:
  total: 1.7867674430211384
Metrics:
  kitti_dice: 0.622749408086141
  kitti_jaccard_macro: 0.17238229513168335
  kitti_jaccard_micro: 0.4650132854779561

2024-06-20 15:29:00,375 - INFO - Epoch 112/120
2024-06-20 15:29:14,176 - INFO - Train Stats
Loss:
  supervised: 0.4680866532855564
  total: 0.6407040026452806
  unsupervised: 0.2468232678042518
  unsupervised1: 0.29523428281148273
  unsupervised1_weighted: 0.04920571007662349
  unsupervised_weighted: 0.1234116339021259
Metrics:
  kitti_dice: 0.8943715426656935
  kitti_jaccard_macro: 0.5244092378351424
  kitti_jaccard_micro: 0.8226645721329583

2024-06-20 15:29:14,947 - INFO - Validation Stats
Loss:
  total: 1.7375938495000203
Metrics:
  kitti_dice: 0.6300646066665649
  kitti_jaccard_macro: 0.1772204041481018
  kitti_jaccard_micro: 0.4727034072081248

2024-06-20 15:29:14,948 - INFO - Epoch 113/120
2024-06-20 15:29:28,780 - INFO - Train Stats
Loss:
  supervised: 0.50147878130277
  total: 0.6661437683635287
  unsupervised: 0.2397567547029919
  unsupervised1: 0.2687196317646239
  unsupervised1_weighted: 0.044786602879563965
  unsupervised_weighted: 0.11987837735149595
Metrics:
  kitti_dice: 0.8462113340695699
  kitti_jaccard_macro: 0.45505959457821316
  kitti_jaccard_micro: 0.7664777934551239

2024-06-20 15:29:29,537 - INFO - Validation Stats
Loss:
  total: 1.7518001794815063
Metrics:
  kitti_dice: 0.6278289556503296
  kitti_jaccard_macro: 0.1742696762084961
  kitti_jaccard_micro: 0.47045867641766864

2024-06-20 15:29:29,537 - INFO - Epoch 114/120
2024-06-20 15:29:43,304 - INFO - Train Stats
Loss:
  supervised: 0.5325158569547865
  total: 0.7127279506789314
  unsupervised: 0.26001274751292336
  unsupervised1: 0.3012344257699119
  unsupervised1_weighted: 0.05020573383404149
  unsupervised_weighted: 0.13000637375646168
Metrics:
  kitti_dice: 0.8351887530750699
  kitti_jaccard_macro: 0.42947806583510506
  kitti_jaccard_micro: 0.7419964041974809

2024-06-20 15:29:44,039 - INFO - Validation Stats
Loss:
  total: 1.8126360177993774
Metrics:
  kitti_dice: 0.6234214703241984
  kitti_jaccard_macro: 0.17253020405769348
  kitti_jaccard_micro: 0.4654184579849243

2024-06-20 15:29:44,039 - INFO - Epoch 115/120
2024-06-20 15:29:57,928 - INFO - Train Stats
Loss:
  supervised: 0.4795280694961548
  total: 0.6483217676480612
  unsupervised: 0.24222353763050503
  unsupervised1: 0.2860916439029906
  unsupervised1_weighted: 0.047681938028997846
  unsupervised_weighted: 0.12111176881525251
Metrics:
  kitti_dice: 0.9030140108532376
  kitti_jaccard_macro: 0.5371568004290262
  kitti_jaccard_micro: 0.8342815836270651

2024-06-20 15:29:59,054 - INFO - Validation Stats
Loss:
  total: 1.6905707120895386
Metrics:
  kitti_dice: 0.6286217172940572
  kitti_jaccard_macro: 0.17765640219052634
  kitti_jaccard_micro: 0.4712112347284953

2024-06-20 15:29:59,055 - INFO - Epoch 116/120
2024-06-20 15:30:13,387 - INFO - Train Stats
Loss:
  supervised: 0.4145880507098304
  total: 0.5692269272274442
  unsupervised: 0.22648992637793222
  unsupervised1: 0.24836351308557722
  unsupervised1_weighted: 0.041393916226095624
  unsupervised_weighted: 0.11324496318896611
Metrics:
  kitti_dice: 0.8897511098119948
  kitti_jaccard_macro: 0.5319430695639716
  kitti_jaccard_micro: 0.8168877561887106

2024-06-20 15:30:14,175 - INFO - Validation Stats
Loss:
  total: 1.7118489344914753
Metrics:
  kitti_dice: 0.626096785068512
  kitti_jaccard_macro: 0.17359347641468048
  kitti_jaccard_micro: 0.4683549801508586

2024-06-20 15:30:14,176 - INFO - Epoch 117/120
2024-06-20 15:30:27,955 - INFO - Train Stats
Loss:
  supervised: 0.4364696145057678
  total: 0.5878368549876742
  unsupervised: 0.21728025376796722
  unsupervised1: 0.2563626964886983
  unsupervised1_weighted: 0.04272711380488343
  unsupervised_weighted: 0.10864012688398361
Metrics:
  kitti_dice: 0.8618786732355753
  kitti_jaccard_macro: 0.4872206449508667
  kitti_jaccard_micro: 0.7815854946772257

2024-06-20 15:30:28,711 - INFO - Validation Stats
Loss:
  total: 1.7510908842086792
Metrics:
  kitti_dice: 0.6257688403129578
  kitti_jaccard_macro: 0.1762882669766744
  kitti_jaccard_micro: 0.4682139952977498

2024-06-20 15:30:28,711 - INFO - Epoch 118/120
2024-06-20 15:30:42,536 - INFO - Train Stats
Loss:
  supervised: 0.4063715073797438
  total: 0.5590999888049232
  unsupervised: 0.21259305708938175
  unsupervised1: 0.2785917106601927
  unsupervised1_weighted: 0.04643194894823763
  unsupervised_weighted: 0.10629652854469088
Metrics:
  kitti_dice: 0.9120800892512003
  kitti_jaccard_macro: 0.5418332053555382
  kitti_jaccard_micro: 0.8482225073708428

2024-06-20 15:30:43,291 - INFO - Validation Stats
Loss:
  total: 1.7117089827855427
Metrics:
  kitti_dice: 0.6319841543833414
  kitti_jaccard_macro: 0.1779236098130544
  kitti_jaccard_micro: 0.47496211528778076

2024-06-20 15:30:43,292 - INFO - Epoch 119/120
2024-06-20 15:30:57,096 - INFO - Train Stats
Loss:
  supervised: 0.3895443230867386
  total: 0.5407534109221565
  unsupervised: 0.2248824569914076
  unsupervised1: 0.23260721233155993
  unsupervised1_weighted: 0.03876786616941293
  unsupervised_weighted: 0.1124412284957038
Metrics:
  kitti_dice: 0.9112562007374234
  kitti_jaccard_macro: 0.5425768991311392
  kitti_jaccard_micro: 0.8489081727133857

2024-06-20 15:30:57,881 - INFO - Validation Stats
Loss:
  total: 1.7312132914861043
Metrics:
  kitti_dice: 0.6275714834531149
  kitti_jaccard_macro: 0.1757084627946218
  kitti_jaccard_micro: 0.47009501854578656

2024-06-20 15:30:57,881 - INFO - Epoch 120/120
2024-06-20 15:31:11,711 - INFO - Train Stats
Loss:
  supervised: 0.4146146708064609
  total: 0.5706330835819244
  unsupervised: 0.22226233449247149
  unsupervised1: 0.26932350794474286
  unsupervised1_weighted: 0.04488724863363637
  unsupervised_weighted: 0.11113116724623574
Metrics:
  kitti_dice: 0.9147077136569552
  kitti_jaccard_macro: 0.5501943561765883
  kitti_jaccard_micro: 0.8532283239894443

2024-06-20 15:31:12,488 - INFO - Validation Stats
Loss:
  total: 1.6801076730092366
Metrics:
  kitti_dice: 0.632166345914205
  kitti_jaccard_macro: 0.17811860144138336
  kitti_jaccard_micro: 0.47532891233762103

2024-06-20 15:31:21,096 - INFO - Best validation loss: 0.8702147404352824
2024-06-20 15:31:25,378 - INFO - Best model saved to /home/up201905337/exploring-label-efficiency/weights/remixmatch_seg_kitti_deeplabv3_18l.pth
2024-06-20 15:31:25,382 - INFO - Training took 1941.2586324214935 seconds to complete
