2024-03-26 16:06:16,980 - INFO - Loading configuration files...
2024-03-26 16:06:17,036 - INFO - Loading model configuration
args:
  depth: 28
  num_classes: 10
  width: 2
class: WideResNet

2024-03-26 16:06:18,124 - INFO - Loading train_dataset configuration
args:
  force_transform: true
  num_labeled: 1000
  root: ./data/
  train_val_split: 0.9
class: SemiSupervisedCIFAR10

2024-03-26 16:06:18,960 - INFO - Loading val_dataset configuration
args:
  root: ./data/
  train_val_split: 0.9
class: CIFAR10

2024-03-26 16:06:18,969 - INFO - Loading optimizer configuration
args:
  dampening: 0.0
  lr: 0.1
  momentum: 0.9
  nesterov: true
  weight_decay: 0.0005
class: SGD

2024-03-26 16:06:18,970 - INFO - Loading loss configuration
args: {}
class: CrossEntropyLoss

2024-03-26 16:06:18,977 - INFO - Loading metrics configuration
cifar10_top1_accuracy:
  args:
    num_classes: 10
    task: multiclass
    top_k: 1
  class: Accuracy
cifar10_top5_accuracy:
  args:
    num_classes: 10
    task: multiclass
    top_k: 5
  class: Accuracy

2024-03-26 16:06:18,983 - INFO - Loading scheduler configuration
args:
  gamma: 0.2
  milestones:
  - 60
  - 120
  - 160
class: MultiStepLR

2024-03-26 16:06:18,983 - INFO - Loading hyperparameters configuration
batch_size: 128
ema_decay: null
epochs: 200
num_workers: 4
save_freq: 30

2024-03-26 16:06:19,398 - INFO - Using device: cuda
2024-03-26 16:06:19,735 - INFO - Training for 200 epochs
2024-03-26 16:06:19,735 - INFO - Epoch 1/200
2024-03-26 16:06:21,014 - INFO - Train Stats
Loss:
  total: 2.2612227499485016
Metrics:
  cifar10_top1_accuracy: 0.13852163404226303
  cifar10_top5_accuracy: 0.6077223569154739

2024-03-26 16:06:21,532 - INFO - Validation Stats
Loss:
  total: 2.2471195995807647
Metrics:
  cifar10_top1_accuracy: 0.151171875
  cifar10_top5_accuracy: 0.6177734375

2024-03-26 16:06:21,581 - INFO - Epoch 2/200
2024-03-26 16:06:21,932 - INFO - Train Stats
Loss:
  total: 2.06247341632843
Metrics:
  cifar10_top1_accuracy: 0.22926682606339455
  cifar10_top5_accuracy: 0.7614182680845261

2024-03-26 16:06:22,400 - INFO - Validation Stats
Loss:
  total: 2.2800334811210634
Metrics:
  cifar10_top1_accuracy: 0.1701171875
  cifar10_top5_accuracy: 0.675390625

2024-03-26 16:06:22,400 - INFO - Epoch 3/200
2024-03-26 16:06:22,757 - INFO - Train Stats
Loss:
  total: 1.9787796288728714
Metrics:
  cifar10_top1_accuracy: 0.25
  cifar10_top5_accuracy: 0.7916165888309479

2024-03-26 16:06:23,282 - INFO - Validation Stats
Loss:
  total: 2.188270002603531
Metrics:
  cifar10_top1_accuracy: 0.1994140625
  cifar10_top5_accuracy: 0.7630859375

2024-03-26 16:06:23,337 - INFO - Epoch 4/200
2024-03-26 16:06:23,708 - INFO - Train Stats
Loss:
  total: 1.9224649518728256
Metrics:
  cifar10_top1_accuracy: 0.2592397853732109
  cifar10_top5_accuracy: 0.8102463930845261

2024-03-26 16:06:24,143 - INFO - Validation Stats
Loss:
  total: 3.0980153024196624
Metrics:
  cifar10_top1_accuracy: 0.1779296875
  cifar10_top5_accuracy: 0.7138671875

2024-03-26 16:06:24,143 - INFO - Epoch 5/200
2024-03-26 16:06:24,470 - INFO - Train Stats
Loss:
  total: 1.844690665602684
Metrics:
  cifar10_top1_accuracy: 0.27809495106339455
  cifar10_top5_accuracy: 0.8340594917535782

2024-03-26 16:06:24,979 - INFO - Validation Stats
Loss:
  total: 1.9910995483398437
Metrics:
  cifar10_top1_accuracy: 0.2904296875
  cifar10_top5_accuracy: 0.8482421875

2024-03-26 16:06:25,022 - INFO - Epoch 6/200
2024-03-26 16:06:25,367 - INFO - Train Stats
Loss:
  total: 1.7853378355503082
Metrics:
  cifar10_top1_accuracy: 0.30791766941547394
  cifar10_top5_accuracy: 0.8716195896267891

2024-03-26 16:06:25,846 - INFO - Validation Stats
Loss:
  total: 1.8636035203933716
Metrics:
  cifar10_top1_accuracy: 0.283203125
  cifar10_top5_accuracy: 0.8482421875

2024-03-26 16:06:25,889 - INFO - Epoch 7/200
2024-03-26 16:06:26,226 - INFO - Train Stats
Loss:
  total: 1.7864015400409698
Metrics:
  cifar10_top1_accuracy: 0.3094951920211315
  cifar10_top5_accuracy: 0.8626051694154739

2024-03-26 16:06:26,766 - INFO - Validation Stats
Loss:
  total: 1.9840026766061782
Metrics:
  cifar10_top1_accuracy: 0.2873046875
  cifar10_top5_accuracy: 0.837109375

2024-03-26 16:06:26,767 - INFO - Epoch 8/200
2024-03-26 16:06:27,116 - INFO - Train Stats
Loss:
  total: 1.7191085070371628
Metrics:
  cifar10_top1_accuracy: 0.32684795558452606
  cifar10_top5_accuracy: 0.8863431513309479

2024-03-26 16:06:27,594 - INFO - Validation Stats
Loss:
  total: 2.092154598236084
Metrics:
  cifar10_top1_accuracy: 0.271484375
  cifar10_top5_accuracy: 0.8181640625

2024-03-26 16:06:27,595 - INFO - Epoch 9/200
2024-03-26 16:06:27,972 - INFO - Train Stats
Loss:
  total: 1.7063514739274979
Metrics:
  cifar10_top1_accuracy: 0.3383413478732109
  cifar10_top5_accuracy: 0.876953125

2024-03-26 16:06:28,451 - INFO - Validation Stats
Loss:
  total: 2.078039142489433
Metrics:
  cifar10_top1_accuracy: 0.2943359375
  cifar10_top5_accuracy: 0.8326171875

2024-03-26 16:06:28,451 - INFO - Epoch 10/200
2024-03-26 16:06:28,840 - INFO - Train Stats
Loss:
  total: 1.6838011890649796
Metrics:
  cifar10_top1_accuracy: 0.34848257154226303
  cifar10_top5_accuracy: 0.8883713930845261

2024-03-26 16:06:29,299 - INFO - Validation Stats
Loss:
  total: 1.8030971795320512
Metrics:
  cifar10_top1_accuracy: 0.3072265625
  cifar10_top5_accuracy: 0.85703125

2024-03-26 16:06:29,340 - INFO - Epoch 11/200
2024-03-26 16:06:29,702 - INFO - Train Stats
Loss:
  total: 1.6816072762012482
Metrics:
  cifar10_top1_accuracy: 0.3462289646267891
  cifar10_top5_accuracy: 0.8819110542535782

2024-03-26 16:06:30,176 - INFO - Validation Stats
Loss:
  total: 2.224947327375412
Metrics:
  cifar10_top1_accuracy: 0.2791015625
  cifar10_top5_accuracy: 0.821484375

2024-03-26 16:06:30,177 - INFO - Epoch 12/200
2024-03-26 16:06:30,512 - INFO - Train Stats
Loss:
  total: 1.6273683309555054
Metrics:
  cifar10_top1_accuracy: 0.37327223643660545
  cifar10_top5_accuracy: 0.900540865957737

2024-03-26 16:06:30,982 - INFO - Validation Stats
Loss:
  total: 1.7622680425643922
Metrics:
  cifar10_top1_accuracy: 0.33046875
  cifar10_top5_accuracy: 0.8791015625

2024-03-26 16:06:31,027 - INFO - Epoch 13/200
2024-03-26 16:06:31,385 - INFO - Train Stats
Loss:
  total: 1.578082799911499
Metrics:
  cifar10_top1_accuracy: 0.40700120106339455
  cifar10_top5_accuracy: 0.9108323305845261

2024-03-26 16:06:31,884 - INFO - Validation Stats
Loss:
  total: 1.863237977027893
Metrics:
  cifar10_top1_accuracy: 0.3544921875
  cifar10_top5_accuracy: 0.860546875

2024-03-26 16:06:31,885 - INFO - Epoch 14/200
2024-03-26 16:06:32,210 - INFO - Train Stats
Loss:
  total: 1.531332641839981
Metrics:
  cifar10_top1_accuracy: 0.4146634601056576
  cifar10_top5_accuracy: 0.9178936332464218

2024-03-26 16:06:32,704 - INFO - Validation Stats
Loss:
  total: 1.857075074315071
Metrics:
  cifar10_top1_accuracy: 0.35078125
  cifar10_top5_accuracy: 0.859375

2024-03-26 16:06:32,704 - INFO - Epoch 15/200
2024-03-26 16:06:33,023 - INFO - Train Stats
Loss:
  total: 1.5350336730480194
Metrics:
  cifar10_top1_accuracy: 0.4092548079788685
  cifar10_top5_accuracy: 0.923677884042263

2024-03-26 16:06:33,537 - INFO - Validation Stats
Loss:
  total: 1.9031020641326903
Metrics:
  cifar10_top1_accuracy: 0.3421875
  cifar10_top5_accuracy: 0.8771484375

2024-03-26 16:06:33,537 - INFO - Epoch 16/200
2024-03-26 16:06:33,868 - INFO - Train Stats
Loss:
  total: 1.5173732489347458
Metrics:
  cifar10_top1_accuracy: 0.4248046875
  cifar10_top5_accuracy: 0.9146634638309479

2024-03-26 16:06:34,303 - INFO - Validation Stats
Loss:
  total: 2.04071207344532
Metrics:
  cifar10_top1_accuracy: 0.3498046875
  cifar10_top5_accuracy: 0.8599609375

2024-03-26 16:06:34,303 - INFO - Epoch 17/200
2024-03-26 16:06:34,628 - INFO - Train Stats
Loss:
  total: 1.4322863072156906
Metrics:
  cifar10_top1_accuracy: 0.44501201808452606
  cifar10_top5_accuracy: 0.9429837763309479

2024-03-26 16:06:35,119 - INFO - Validation Stats
Loss:
  total: 1.6766027122735978
Metrics:
  cifar10_top1_accuracy: 0.3982421875
  cifar10_top5_accuracy: 0.893359375

2024-03-26 16:06:35,158 - INFO - Epoch 18/200
2024-03-26 16:06:35,502 - INFO - Train Stats
Loss:
  total: 1.4191568493843079
Metrics:
  cifar10_top1_accuracy: 0.46987680345773697
  cifar10_top5_accuracy: 0.933743990957737

2024-03-26 16:06:35,962 - INFO - Validation Stats
Loss:
  total: 2.2004220724105834
Metrics:
  cifar10_top1_accuracy: 0.3431640625
  cifar10_top5_accuracy: 0.8955078125

2024-03-26 16:06:35,963 - INFO - Epoch 19/200
2024-03-26 16:06:36,305 - INFO - Train Stats
Loss:
  total: 1.4155772030353546
Metrics:
  cifar10_top1_accuracy: 0.46844951808452606
  cifar10_top5_accuracy: 0.9400540888309479

2024-03-26 16:06:36,797 - INFO - Validation Stats
Loss:
  total: 2.451600980758667
Metrics:
  cifar10_top1_accuracy: 0.3162109375
  cifar10_top5_accuracy: 0.8451171875

2024-03-26 16:06:36,798 - INFO - Epoch 20/200
2024-03-26 16:06:37,103 - INFO - Train Stats
Loss:
  total: 1.4179792255163193
Metrics:
  cifar10_top1_accuracy: 0.49151141941547394
  cifar10_top5_accuracy: 0.9368239194154739

2024-03-26 16:06:37,574 - INFO - Validation Stats
Loss:
  total: 2.0187235563993453
Metrics:
  cifar10_top1_accuracy: 0.36015625
  cifar10_top5_accuracy: 0.85078125

2024-03-26 16:06:37,574 - INFO - Epoch 21/200
2024-03-26 16:06:37,895 - INFO - Train Stats
Loss:
  total: 1.3882452696561813
Metrics:
  cifar10_top1_accuracy: 0.46747295558452606
  cifar10_top5_accuracy: 0.935396634042263

2024-03-26 16:06:38,340 - INFO - Validation Stats
Loss:
  total: 2.0505328714847564
Metrics:
  cifar10_top1_accuracy: 0.3751953125
  cifar10_top5_accuracy: 0.8666015625

2024-03-26 16:06:38,340 - INFO - Epoch 22/200
2024-03-26 16:06:38,664 - INFO - Train Stats
Loss:
  total: 1.3196878880262375
Metrics:
  cifar10_top1_accuracy: 0.5110426694154739
  cifar10_top5_accuracy: 0.9483173042535782

2024-03-26 16:06:39,148 - INFO - Validation Stats
Loss:
  total: 2.1335434406995772
Metrics:
  cifar10_top1_accuracy: 0.348046875
  cifar10_top5_accuracy: 0.8421875

2024-03-26 16:06:39,148 - INFO - Epoch 23/200
2024-03-26 16:06:39,477 - INFO - Train Stats
Loss:
  total: 1.3282081633806229
Metrics:
  cifar10_top1_accuracy: 0.498046875
  cifar10_top5_accuracy: 0.945462740957737

2024-03-26 16:06:39,899 - INFO - Validation Stats
Loss:
  total: 1.678477594256401
Metrics:
  cifar10_top1_accuracy: 0.3970703125
  cifar10_top5_accuracy: 0.89375

2024-03-26 16:06:39,899 - INFO - Epoch 24/200
2024-03-26 16:06:40,263 - INFO - Train Stats
Loss:
  total: 1.2927511036396027
Metrics:
  cifar10_top1_accuracy: 0.5170522853732109
  cifar10_top5_accuracy: 0.9514723569154739

2024-03-26 16:06:40,750 - INFO - Validation Stats
Loss:
  total: 1.956209334731102
Metrics:
  cifar10_top1_accuracy: 0.38046875
  cifar10_top5_accuracy: 0.890625

2024-03-26 16:06:40,750 - INFO - Epoch 25/200
2024-03-26 16:06:41,088 - INFO - Train Stats
Loss:
  total: 1.2587394565343857
Metrics:
  cifar10_top1_accuracy: 0.5412409864366055
  cifar10_top5_accuracy: 0.9541766792535782

2024-03-26 16:06:41,595 - INFO - Validation Stats
Loss:
  total: 1.9647360771894455
Metrics:
  cifar10_top1_accuracy: 0.353515625
  cifar10_top5_accuracy: 0.896875

2024-03-26 16:06:41,595 - INFO - Epoch 26/200
2024-03-26 16:06:41,948 - INFO - Train Stats
Loss:
  total: 1.234372854232788
Metrics:
  cifar10_top1_accuracy: 0.5367337763309479
  cifar10_top5_accuracy: 0.9575570896267891

2024-03-26 16:06:42,479 - INFO - Validation Stats
Loss:
  total: 1.6570862650871276
Metrics:
  cifar10_top1_accuracy: 0.4240234375
  cifar10_top5_accuracy: 0.908203125

2024-03-26 16:06:42,527 - INFO - Epoch 27/200
2024-03-26 16:06:42,876 - INFO - Train Stats
Loss:
  total: 1.1969539821147919
Metrics:
  cifar10_top1_accuracy: 0.557466946542263
  cifar10_top5_accuracy: 0.9612379819154739

2024-03-26 16:06:43,362 - INFO - Validation Stats
Loss:
  total: 1.7984481543302535
Metrics:
  cifar10_top1_accuracy: 0.4408203125
  cifar10_top5_accuracy: 0.9068359375

2024-03-26 16:06:43,362 - INFO - Epoch 28/200
2024-03-26 16:06:43,684 - INFO - Train Stats
Loss:
  total: 1.1853115931153297
Metrics:
  cifar10_top1_accuracy: 0.5495793260633945
  cifar10_top5_accuracy: 0.9569561332464218

2024-03-26 16:06:44,167 - INFO - Validation Stats
Loss:
  total: 1.8775369942188262
Metrics:
  cifar10_top1_accuracy: 0.4158203125
  cifar10_top5_accuracy: 0.908984375

2024-03-26 16:06:44,167 - INFO - Epoch 29/200
2024-03-26 16:06:44,520 - INFO - Train Stats
Loss:
  total: 1.1269735917448997
Metrics:
  cifar10_top1_accuracy: 0.5869140625
  cifar10_top5_accuracy: 0.9585336521267891

2024-03-26 16:06:44,985 - INFO - Validation Stats
Loss:
  total: 2.1013724386692045
Metrics:
  cifar10_top1_accuracy: 0.3927734375
  cifar10_top5_accuracy: 0.883984375

2024-03-26 16:06:44,985 - INFO - Epoch 30/200
2024-03-26 16:06:45,358 - INFO - Train Stats
Loss:
  total: 1.1247413605451584
Metrics:
  cifar10_top1_accuracy: 0.581881009042263
  cifar10_top5_accuracy: 0.9671724736690521

2024-03-26 16:06:45,841 - INFO - Validation Stats
Loss:
  total: 2.126327794790268
Metrics:
  cifar10_top1_accuracy: 0.365625
  cifar10_top5_accuracy: 0.8830078125

2024-03-26 16:06:45,876 - INFO - Epoch 31/200
2024-03-26 16:06:46,238 - INFO - Train Stats
Loss:
  total: 1.0781931355595589
Metrics:
  cifar10_top1_accuracy: 0.6123798042535782
  cifar10_top5_accuracy: 0.9661207944154739

2024-03-26 16:06:46,676 - INFO - Validation Stats
Loss:
  total: 1.695642152428627
Metrics:
  cifar10_top1_accuracy: 0.455859375
  cifar10_top5_accuracy: 0.912890625

2024-03-26 16:06:46,676 - INFO - Epoch 32/200
2024-03-26 16:06:46,987 - INFO - Train Stats
Loss:
  total: 1.0916541069746017
Metrics:
  cifar10_top1_accuracy: 0.5890925452113152
  cifar10_top5_accuracy: 0.9634164646267891

2024-03-26 16:06:47,454 - INFO - Validation Stats
Loss:
  total: 2.1221192210912703
Metrics:
  cifar10_top1_accuracy: 0.38203125
  cifar10_top5_accuracy: 0.8849609375

2024-03-26 16:06:47,454 - INFO - Epoch 33/200
2024-03-26 16:06:47,791 - INFO - Train Stats
Loss:
  total: 1.057884432375431
Metrics:
  cifar10_top1_accuracy: 0.6214693486690521
  cifar10_top5_accuracy: 0.9692758396267891

2024-03-26 16:06:48,267 - INFO - Validation Stats
Loss:
  total: 1.8903217911720276
Metrics:
  cifar10_top1_accuracy: 0.420703125
  cifar10_top5_accuracy: 0.893359375

2024-03-26 16:06:48,267 - INFO - Epoch 34/200
2024-03-26 16:06:48,593 - INFO - Train Stats
Loss:
  total: 1.0160802528262138
Metrics:
  cifar10_top1_accuracy: 0.622896634042263
  cifar10_top5_accuracy: 0.9756610542535782

2024-03-26 16:06:49,058 - INFO - Validation Stats
Loss:
  total: 2.1179327964782715
Metrics:
  cifar10_top1_accuracy: 0.4056640625
  cifar10_top5_accuracy: 0.894921875

2024-03-26 16:06:49,058 - INFO - Epoch 35/200
2024-03-26 16:06:49,401 - INFO - Train Stats
Loss:
  total: 0.9955906867980957
Metrics:
  cifar10_top1_accuracy: 0.6324369013309479
  cifar10_top5_accuracy: 0.967923678457737

2024-03-26 16:06:49,864 - INFO - Validation Stats
Loss:
  total: 1.653619000315666
Metrics:
  cifar10_top1_accuracy: 0.455859375
  cifar10_top5_accuracy: 0.9197265625

2024-03-26 16:06:49,919 - INFO - Epoch 36/200
2024-03-26 16:06:50,254 - INFO - Train Stats
Loss:
  total: 1.0102988481521606
Metrics:
  cifar10_top1_accuracy: 0.6334885805845261
  cifar10_top5_accuracy: 0.9729567319154739

2024-03-26 16:06:50,710 - INFO - Validation Stats
Loss:
  total: 1.9933431327342988
Metrics:
  cifar10_top1_accuracy: 0.424609375
  cifar10_top5_accuracy: 0.9111328125

2024-03-26 16:06:50,710 - INFO - Epoch 37/200
2024-03-26 16:06:51,042 - INFO - Train Stats
Loss:
  total: 0.9369190558791161
Metrics:
  cifar10_top1_accuracy: 0.6556490361690521
  cifar10_top5_accuracy: 0.9731820896267891

2024-03-26 16:06:51,589 - INFO - Validation Stats
Loss:
  total: 1.8589108735322952
Metrics:
  cifar10_top1_accuracy: 0.4572265625
  cifar10_top5_accuracy: 0.9107421875

2024-03-26 16:06:51,589 - INFO - Epoch 38/200
2024-03-26 16:06:51,928 - INFO - Train Stats
Loss:
  total: 0.9434169009327888
Metrics:
  cifar10_top1_accuracy: 0.64453125
  cifar10_top5_accuracy: 0.9792668297886848

2024-03-26 16:06:52,418 - INFO - Validation Stats
Loss:
  total: 1.7906116276979447
Metrics:
  cifar10_top1_accuracy: 0.439453125
  cifar10_top5_accuracy: 0.911328125

2024-03-26 16:06:52,418 - INFO - Epoch 39/200
2024-03-26 16:06:52,749 - INFO - Train Stats
Loss:
  total: 0.9023648425936699
Metrics:
  cifar10_top1_accuracy: 0.6838191077113152
  cifar10_top5_accuracy: 0.9736328125

2024-03-26 16:06:53,228 - INFO - Validation Stats
Loss:
  total: 1.698947536945343
Metrics:
  cifar10_top1_accuracy: 0.4861328125
  cifar10_top5_accuracy: 0.919140625

2024-03-26 16:06:53,229 - INFO - Epoch 40/200
2024-03-26 16:06:53,578 - INFO - Train Stats
Loss:
  total: 0.861660823225975
Metrics:
  cifar10_top1_accuracy: 0.6989933922886848
  cifar10_top5_accuracy: 0.9839242771267891

2024-03-26 16:06:54,064 - INFO - Validation Stats
Loss:
  total: 1.9912663638591765
Metrics:
  cifar10_top1_accuracy: 0.4287109375
  cifar10_top5_accuracy: 0.9076171875

2024-03-26 16:06:54,065 - INFO - Epoch 41/200
2024-03-26 16:06:54,428 - INFO - Train Stats
Loss:
  total: 0.8746206536889076
Metrics:
  cifar10_top1_accuracy: 0.6799128577113152
  cifar10_top5_accuracy: 0.9797926694154739

2024-03-26 16:06:54,947 - INFO - Validation Stats
Loss:
  total: 1.7505897223949431
Metrics:
  cifar10_top1_accuracy: 0.45859375
  cifar10_top5_accuracy: 0.9205078125

2024-03-26 16:06:54,947 - INFO - Epoch 42/200
2024-03-26 16:06:55,300 - INFO - Train Stats
Loss:
  total: 0.864682674407959
Metrics:
  cifar10_top1_accuracy: 0.6871244013309479
  cifar10_top5_accuracy: 0.9780649021267891

2024-03-26 16:06:55,803 - INFO - Validation Stats
Loss:
  total: 1.8925218462944031
Metrics:
  cifar10_top1_accuracy: 0.465625
  cifar10_top5_accuracy: 0.90234375

2024-03-26 16:06:55,803 - INFO - Epoch 43/200
2024-03-26 16:06:56,123 - INFO - Train Stats
Loss:
  total: 0.8531081900000572
Metrics:
  cifar10_top1_accuracy: 0.6857722327113152
  cifar10_top5_accuracy: 0.9829477146267891

2024-03-26 16:06:56,620 - INFO - Validation Stats
Loss:
  total: 2.341374436020851
Metrics:
  cifar10_top1_accuracy: 0.4302734375
  cifar10_top5_accuracy: 0.8931640625

2024-03-26 16:06:56,620 - INFO - Epoch 44/200
2024-03-26 16:06:56,956 - INFO - Train Stats
Loss:
  total: 0.7700526714324951
Metrics:
  cifar10_top1_accuracy: 0.705904446542263
  cifar10_top5_accuracy: 0.9931640625

2024-03-26 16:06:57,430 - INFO - Validation Stats
Loss:
  total: 1.8700592011213302
Metrics:
  cifar10_top1_accuracy: 0.43984375
  cifar10_top5_accuracy: 0.9140625

2024-03-26 16:06:57,430 - INFO - Epoch 45/200
2024-03-26 16:06:57,761 - INFO - Train Stats
Loss:
  total: 0.8102957904338837
Metrics:
  cifar10_top1_accuracy: 0.7158203125
  cifar10_top5_accuracy: 0.9873046875

2024-03-26 16:06:58,266 - INFO - Validation Stats
Loss:
  total: 1.9894385576248168
Metrics:
  cifar10_top1_accuracy: 0.4220703125
  cifar10_top5_accuracy: 0.903125

2024-03-26 16:06:58,266 - INFO - Epoch 46/200
2024-03-26 16:06:58,593 - INFO - Train Stats
Loss:
  total: 0.8108383268117905
Metrics:
  cifar10_top1_accuracy: 0.7074068486690521
  cifar10_top5_accuracy: 0.9880558922886848

2024-03-26 16:06:59,018 - INFO - Validation Stats
Loss:
  total: 1.9221843361854554
Metrics:
  cifar10_top1_accuracy: 0.463671875
  cifar10_top5_accuracy: 0.9158203125

2024-03-26 16:06:59,018 - INFO - Epoch 47/200
2024-03-26 16:06:59,368 - INFO - Train Stats
Loss:
  total: 0.7519444227218628
Metrics:
  cifar10_top1_accuracy: 0.7158954292535782
  cifar10_top5_accuracy: 0.9880558922886848

2024-03-26 16:06:59,819 - INFO - Validation Stats
Loss:
  total: 1.9413969576358796
Metrics:
  cifar10_top1_accuracy: 0.469921875
  cifar10_top5_accuracy: 0.905859375

2024-03-26 16:06:59,820 - INFO - Epoch 48/200
2024-03-26 16:07:00,144 - INFO - Train Stats
Loss:
  total: 0.7721434608101845
Metrics:
  cifar10_top1_accuracy: 0.715970553457737
  cifar10_top5_accuracy: 0.9888070896267891

2024-03-26 16:07:00,602 - INFO - Validation Stats
Loss:
  total: 2.208255934715271
Metrics:
  cifar10_top1_accuracy: 0.4369140625
  cifar10_top5_accuracy: 0.9021484375

2024-03-26 16:07:00,602 - INFO - Epoch 49/200
2024-03-26 16:07:00,947 - INFO - Train Stats
Loss:
  total: 0.6988853067159653
Metrics:
  cifar10_top1_accuracy: 0.7309194728732109
  cifar10_top5_accuracy: 0.9890324547886848

2024-03-26 16:07:01,364 - INFO - Validation Stats
Loss:
  total: 2.4814291268587114
Metrics:
  cifar10_top1_accuracy: 0.4279296875
  cifar10_top5_accuracy: 0.89140625

2024-03-26 16:07:01,365 - INFO - Epoch 50/200
2024-03-26 16:07:01,697 - INFO - Train Stats
Loss:
  total: 0.735493965446949
Metrics:
  cifar10_top1_accuracy: 0.733248196542263
  cifar10_top5_accuracy: 0.9897836521267891

2024-03-26 16:07:02,109 - INFO - Validation Stats
Loss:
  total: 2.003494009375572
Metrics:
  cifar10_top1_accuracy: 0.4748046875
  cifar10_top5_accuracy: 0.9173828125

2024-03-26 16:07:02,110 - INFO - Epoch 51/200
2024-03-26 16:07:02,475 - INFO - Train Stats
Loss:
  total: 0.6641823500394821
Metrics:
  cifar10_top1_accuracy: 0.751126803457737
  cifar10_top5_accuracy: 0.994140625

2024-03-26 16:07:02,990 - INFO - Validation Stats
Loss:
  total: 1.9208042860031127
Metrics:
  cifar10_top1_accuracy: 0.4775390625
  cifar10_top5_accuracy: 0.9142578125

2024-03-26 16:07:02,990 - INFO - Epoch 52/200
2024-03-26 16:07:03,298 - INFO - Train Stats
Loss:
  total: 0.625968262553215
Metrics:
  cifar10_top1_accuracy: 0.7816255986690521
  cifar10_top5_accuracy: 0.9970703125

2024-03-26 16:07:03,690 - INFO - Validation Stats
Loss:
  total: 2.623934066295624
Metrics:
  cifar10_top1_accuracy: 0.3884765625
  cifar10_top5_accuracy: 0.9046875

2024-03-26 16:07:03,690 - INFO - Epoch 53/200
2024-03-26 16:07:04,007 - INFO - Train Stats
Loss:
  total: 0.6571927070617676
Metrics:
  cifar10_top1_accuracy: 0.7693058922886848
  cifar10_top5_accuracy: 0.990234375

2024-03-26 16:07:04,395 - INFO - Validation Stats
Loss:
  total: 2.151847758889198
Metrics:
  cifar10_top1_accuracy: 0.4720703125
  cifar10_top5_accuracy: 0.9220703125

2024-03-26 16:07:04,395 - INFO - Epoch 54/200
2024-03-26 16:07:04,700 - INFO - Train Stats
Loss:
  total: 0.5424431934952736
Metrics:
  cifar10_top1_accuracy: 0.8049879819154739
  cifar10_top5_accuracy: 0.9931640625

2024-03-26 16:07:05,136 - INFO - Validation Stats
Loss:
  total: 2.4551989287137985
Metrics:
  cifar10_top1_accuracy: 0.418359375
  cifar10_top5_accuracy: 0.9009765625

2024-03-26 16:07:05,136 - INFO - Epoch 55/200
2024-03-26 16:07:05,460 - INFO - Train Stats
Loss:
  total: 0.6188951805233955
Metrics:
  cifar10_top1_accuracy: 0.7838792055845261
  cifar10_top5_accuracy: 0.9951171875

2024-03-26 16:07:05,909 - INFO - Validation Stats
Loss:
  total: 2.216030940413475
Metrics:
  cifar10_top1_accuracy: 0.48203125
  cifar10_top5_accuracy: 0.91015625

2024-03-26 16:07:05,909 - INFO - Epoch 56/200
2024-03-26 16:07:06,232 - INFO - Train Stats
Loss:
  total: 0.5776412822306156
Metrics:
  cifar10_top1_accuracy: 0.7982271611690521
  cifar10_top5_accuracy: 0.994140625

2024-03-26 16:07:06,718 - INFO - Validation Stats
Loss:
  total: 2.028608849644661
Metrics:
  cifar10_top1_accuracy: 0.4490234375
  cifar10_top5_accuracy: 0.90546875

2024-03-26 16:07:06,718 - INFO - Epoch 57/200
2024-03-26 16:07:07,054 - INFO - Train Stats
Loss:
  total: 0.5642326734960079
Metrics:
  cifar10_top1_accuracy: 0.8000300452113152
  cifar10_top5_accuracy: 0.9946664646267891

2024-03-26 16:07:07,519 - INFO - Validation Stats
Loss:
  total: 2.0523366540670396
Metrics:
  cifar10_top1_accuracy: 0.4845703125
  cifar10_top5_accuracy: 0.923828125

2024-03-26 16:07:07,519 - INFO - Epoch 58/200
2024-03-26 16:07:07,827 - INFO - Train Stats
Loss:
  total: 0.6033911928534508
Metrics:
  cifar10_top1_accuracy: 0.7744140625
  cifar10_top5_accuracy: 0.9905348569154739

2024-03-26 16:07:08,281 - INFO - Validation Stats
Loss:
  total: 2.12073133289814
Metrics:
  cifar10_top1_accuracy: 0.480859375
  cifar10_top5_accuracy: 0.9185546875

2024-03-26 16:07:08,282 - INFO - Epoch 59/200
2024-03-26 16:07:08,583 - INFO - Train Stats
Loss:
  total: 0.595670536160469
Metrics:
  cifar10_top1_accuracy: 0.7894380986690521
  cifar10_top5_accuracy: 0.9921875

2024-03-26 16:07:09,028 - INFO - Validation Stats
Loss:
  total: 2.7788238704204558
Metrics:
  cifar10_top1_accuracy: 0.4369140625
  cifar10_top5_accuracy: 0.9001953125

2024-03-26 16:07:09,028 - INFO - Epoch 60/200
2024-03-26 16:07:09,400 - INFO - Train Stats
Loss:
  total: 0.5199076719582081
Metrics:
  cifar10_top1_accuracy: 0.807466946542263
  cifar10_top5_accuracy: 0.9948918297886848

2024-03-26 16:07:09,901 - INFO - Validation Stats
Loss:
  total: 2.3784055680036547
Metrics:
  cifar10_top1_accuracy: 0.461328125
  cifar10_top5_accuracy: 0.9056640625

2024-03-26 16:07:09,939 - INFO - Epoch 61/200
2024-03-26 16:07:10,286 - INFO - Train Stats
Loss:
  total: 0.4127332754433155
Metrics:
  cifar10_top1_accuracy: 0.8544921875
  cifar10_top5_accuracy: 0.9990234375

2024-03-26 16:07:10,769 - INFO - Validation Stats
Loss:
  total: 1.8143255054950713
Metrics:
  cifar10_top1_accuracy: 0.51796875
  cifar10_top5_accuracy: 0.9357421875

2024-03-26 16:07:10,769 - INFO - Epoch 62/200
2024-03-26 16:07:11,067 - INFO - Train Stats
Loss:
  total: 0.34061653167009354
Metrics:
  cifar10_top1_accuracy: 0.884915865957737
  cifar10_top5_accuracy: 1.0

2024-03-26 16:07:11,550 - INFO - Validation Stats
Loss:
  total: 1.756624636054039
Metrics:
  cifar10_top1_accuracy: 0.5126953125
  cifar10_top5_accuracy: 0.937890625

2024-03-26 16:07:11,550 - INFO - Epoch 63/200
2024-03-26 16:07:11,867 - INFO - Train Stats
Loss:
  total: 0.3036736249923706
Metrics:
  cifar10_top1_accuracy: 0.9085787236690521
  cifar10_top5_accuracy: 1.0

2024-03-26 16:07:12,353 - INFO - Validation Stats
Loss:
  total: 1.8244454562664032
Metrics:
  cifar10_top1_accuracy: 0.51640625
  cifar10_top5_accuracy: 0.9361328125

2024-03-26 16:07:12,353 - INFO - Epoch 64/200
2024-03-26 16:07:12,662 - INFO - Train Stats
Loss:
  total: 0.27746876515448093
Metrics:
  cifar10_top1_accuracy: 0.9147385805845261
  cifar10_top5_accuracy: 0.9990234375

2024-03-26 16:07:13,189 - INFO - Validation Stats
Loss:
  total: 1.898938035964966
Metrics:
  cifar10_top1_accuracy: 0.505859375
  cifar10_top5_accuracy: 0.92890625

2024-03-26 16:07:13,189 - INFO - Epoch 65/200
2024-03-26 16:07:13,524 - INFO - Train Stats
Loss:
  total: 0.23760554194450378
Metrics:
  cifar10_top1_accuracy: 0.9217998832464218
  cifar10_top5_accuracy: 1.0

2024-03-26 16:07:13,988 - INFO - Validation Stats
Loss:
  total: 1.9253052055835724
Metrics:
  cifar10_top1_accuracy: 0.520703125
  cifar10_top5_accuracy: 0.9294921875

2024-03-26 16:07:13,988 - INFO - Epoch 66/200
2024-03-26 16:07:14,329 - INFO - Train Stats
Loss:
  total: 0.2333074826747179
Metrics:
  cifar10_top1_accuracy: 0.936673678457737
  cifar10_top5_accuracy: 0.9990234375

2024-03-26 16:07:14,786 - INFO - Validation Stats
Loss:
  total: 1.95993013381958
Metrics:
  cifar10_top1_accuracy: 0.522265625
  cifar10_top5_accuracy: 0.92890625

2024-03-26 16:07:14,786 - INFO - Epoch 67/200
2024-03-26 16:07:15,128 - INFO - Train Stats
Loss:
  total: 0.21622597239911556
Metrics:
  cifar10_top1_accuracy: 0.9335186332464218
  cifar10_top5_accuracy: 0.9990234375

2024-03-26 16:07:15,627 - INFO - Validation Stats
Loss:
  total: 1.9426434606313705
Metrics:
  cifar10_top1_accuracy: 0.5232421875
  cifar10_top5_accuracy: 0.9314453125

2024-03-26 16:07:15,627 - INFO - Epoch 68/200
2024-03-26 16:07:15,955 - INFO - Train Stats
Loss:
  total: 0.2118951752781868
Metrics:
  cifar10_top1_accuracy: 0.9300630986690521
  cifar10_top5_accuracy: 1.0

2024-03-26 16:07:16,426 - INFO - Validation Stats
Loss:
  total: 1.9760156840085983
Metrics:
  cifar10_top1_accuracy: 0.5177734375
  cifar10_top5_accuracy: 0.9283203125

2024-03-26 16:07:16,426 - INFO - Epoch 69/200
2024-03-26 16:07:16,768 - INFO - Train Stats
Loss:
  total: 0.21374712884426117
Metrics:
  cifar10_top1_accuracy: 0.9313401430845261
  cifar10_top5_accuracy: 0.9990234375

2024-03-26 16:07:17,218 - INFO - Validation Stats
Loss:
  total: 1.974899822473526
Metrics:
  cifar10_top1_accuracy: 0.517578125
  cifar10_top5_accuracy: 0.93046875

2024-03-26 16:07:17,218 - INFO - Epoch 70/200
2024-03-26 16:07:17,533 - INFO - Train Stats
Loss:
  total: 0.1995462104678154
Metrics:
  cifar10_top1_accuracy: 0.9417818486690521
  cifar10_top5_accuracy: 1.0

2024-03-26 16:07:18,048 - INFO - Validation Stats
Loss:
  total: 2.0321584820747374
Metrics:
  cifar10_top1_accuracy: 0.5205078125
  cifar10_top5_accuracy: 0.928125

2024-03-26 16:07:18,048 - INFO - Epoch 71/200
2024-03-26 16:07:18,365 - INFO - Train Stats
Loss:
  total: 0.20862719044089317
Metrics:
  cifar10_top1_accuracy: 0.9390775263309479
  cifar10_top5_accuracy: 1.0

2024-03-26 16:07:18,859 - INFO - Validation Stats
Loss:
  total: 2.1255359172821047
Metrics:
  cifar10_top1_accuracy: 0.5232421875
  cifar10_top5_accuracy: 0.9203125

2024-03-26 16:07:18,859 - INFO - Epoch 72/200
2024-03-26 16:07:19,200 - INFO - Train Stats
Loss:
  total: 0.19588382169604301
Metrics:
  cifar10_top1_accuracy: 0.9387770444154739
  cifar10_top5_accuracy: 1.0

2024-03-26 16:07:19,691 - INFO - Validation Stats
Loss:
  total: 2.0718075960874556
Metrics:
  cifar10_top1_accuracy: 0.515234375
  cifar10_top5_accuracy: 0.9265625

2024-03-26 16:07:19,691 - INFO - Epoch 73/200
2024-03-26 16:07:20,006 - INFO - Train Stats
Loss:
  total: 0.17318446189165115
Metrics:
  cifar10_top1_accuracy: 0.9551532417535782
  cifar10_top5_accuracy: 1.0

2024-03-26 16:07:20,467 - INFO - Validation Stats
Loss:
  total: 2.1800251334905623
Metrics:
  cifar10_top1_accuracy: 0.509375
  cifar10_top5_accuracy: 0.92109375

2024-03-26 16:07:20,468 - INFO - Epoch 74/200
2024-03-26 16:07:20,781 - INFO - Train Stats
Loss:
  total: 0.15653062611818314
Metrics:
  cifar10_top1_accuracy: 0.9576322138309479
  cifar10_top5_accuracy: 1.0

2024-03-26 16:07:21,264 - INFO - Validation Stats
Loss:
  total: 2.117896205186844
Metrics:
  cifar10_top1_accuracy: 0.512109375
  cifar10_top5_accuracy: 0.926171875

2024-03-26 16:07:21,264 - INFO - Epoch 75/200
2024-03-26 16:07:21,573 - INFO - Train Stats
Loss:
  total: 0.14969985745847225
Metrics:
  cifar10_top1_accuracy: 0.9571063667535782
  cifar10_top5_accuracy: 1.0

2024-03-26 16:07:22,086 - INFO - Validation Stats
Loss:
  total: 2.1267510652542114
Metrics:
  cifar10_top1_accuracy: 0.51875
  cifar10_top5_accuracy: 0.9248046875

2024-03-26 16:07:22,087 - INFO - Epoch 76/200
2024-03-26 16:07:22,423 - INFO - Train Stats
Loss:
  total: 0.1782434331253171
Metrics:
  cifar10_top1_accuracy: 0.9478665888309479
  cifar10_top5_accuracy: 1.0

2024-03-26 16:07:22,897 - INFO - Validation Stats
Loss:
  total: 2.215396499633789
Metrics:
  cifar10_top1_accuracy: 0.519140625
  cifar10_top5_accuracy: 0.921484375

2024-03-26 16:07:22,897 - INFO - Epoch 77/200
2024-03-26 16:07:23,223 - INFO - Train Stats
Loss:
  total: 0.14075163379311562
Metrics:
  cifar10_top1_accuracy: 0.9565805271267891
  cifar10_top5_accuracy: 1.0

2024-03-26 16:07:23,657 - INFO - Validation Stats
Loss:
  total: 2.1955838978290556
Metrics:
  cifar10_top1_accuracy: 0.5267578125
  cifar10_top5_accuracy: 0.9220703125

2024-03-26 16:07:23,657 - INFO - Epoch 78/200
2024-03-26 16:07:23,997 - INFO - Train Stats
Loss:
  total: 0.15951926447451115
Metrics:
  cifar10_top1_accuracy: 0.9574068486690521
  cifar10_top5_accuracy: 1.0

2024-03-26 16:07:24,456 - INFO - Validation Stats
Loss:
  total: 2.2374151974916456
Metrics:
  cifar10_top1_accuracy: 0.522265625
  cifar10_top5_accuracy: 0.92109375

2024-03-26 16:07:24,456 - INFO - Epoch 79/200
2024-03-26 16:07:24,773 - INFO - Train Stats
Loss:
  total: 0.13608719687908888
Metrics:
  cifar10_top1_accuracy: 0.9610126167535782
  cifar10_top5_accuracy: 1.0

2024-03-26 16:07:25,242 - INFO - Validation Stats
Loss:
  total: 2.238996350765228
Metrics:
  cifar10_top1_accuracy: 0.5142578125
  cifar10_top5_accuracy: 0.9212890625

2024-03-26 16:07:25,243 - INFO - Epoch 80/200
2024-03-26 16:07:25,561 - INFO - Train Stats
Loss:
  total: 0.1465718187391758
Metrics:
  cifar10_top1_accuracy: 0.9610126167535782
  cifar10_top5_accuracy: 1.0

2024-03-26 16:07:26,034 - INFO - Validation Stats
Loss:
  total: 2.236290055513382
Metrics:
  cifar10_top1_accuracy: 0.51796875
  cifar10_top5_accuracy: 0.92890625

2024-03-26 16:07:26,034 - INFO - Epoch 81/200
2024-03-26 16:07:26,360 - INFO - Train Stats
Loss:
  total: 0.1323765404522419
Metrics:
  cifar10_top1_accuracy: 0.9639423042535782
  cifar10_top5_accuracy: 1.0

2024-03-26 16:07:26,818 - INFO - Validation Stats
Loss:
  total: 2.2461599469184876
Metrics:
  cifar10_top1_accuracy: 0.5203125
  cifar10_top5_accuracy: 0.9240234375

2024-03-26 16:07:26,819 - INFO - Epoch 82/200
2024-03-26 16:07:27,127 - INFO - Train Stats
Loss:
  total: 0.13291019294410944
Metrics:
  cifar10_top1_accuracy: 0.9639423042535782
  cifar10_top5_accuracy: 1.0

2024-03-26 16:07:27,593 - INFO - Validation Stats
Loss:
  total: 2.2619780629873274
Metrics:
  cifar10_top1_accuracy: 0.5208984375
  cifar10_top5_accuracy: 0.9251953125

2024-03-26 16:07:27,593 - INFO - Epoch 83/200
2024-03-26 16:07:27,927 - INFO - Train Stats
Loss:
  total: 0.14710001647472382
Metrics:
  cifar10_top1_accuracy: 0.9571063667535782
  cifar10_top5_accuracy: 1.0

2024-03-26 16:07:28,402 - INFO - Validation Stats
Loss:
  total: 2.3926480770111085
Metrics:
  cifar10_top1_accuracy: 0.5142578125
  cifar10_top5_accuracy: 0.9220703125

2024-03-26 16:07:28,402 - INFO - Epoch 84/200
2024-03-26 16:07:28,792 - INFO - Train Stats
Loss:
  total: 0.1474726591259241
Metrics:
  cifar10_top1_accuracy: 0.9544771611690521
  cifar10_top5_accuracy: 1.0

2024-03-26 16:07:29,313 - INFO - Validation Stats
Loss:
  total: 2.323790416121483
Metrics:
  cifar10_top1_accuracy: 0.5162109375
  cifar10_top5_accuracy: 0.92421875

2024-03-26 16:07:29,313 - INFO - Epoch 85/200
2024-03-26 16:07:29,651 - INFO - Train Stats
Loss:
  total: 0.1351859774440527
Metrics:
  cifar10_top1_accuracy: 0.9614633396267891
  cifar10_top5_accuracy: 1.0

2024-03-26 16:07:30,100 - INFO - Validation Stats
Loss:
  total: 2.3313960134983063
Metrics:
  cifar10_top1_accuracy: 0.51875
  cifar10_top5_accuracy: 0.9208984375

2024-03-26 16:07:30,101 - INFO - Epoch 86/200
2024-03-26 16:07:30,428 - INFO - Train Stats
Loss:
  total: 0.13244755566120148
Metrics:
  cifar10_top1_accuracy: 0.9541766792535782
  cifar10_top5_accuracy: 1.0

2024-03-26 16:07:30,881 - INFO - Validation Stats
Loss:
  total: 2.266753262281418
Metrics:
  cifar10_top1_accuracy: 0.5244140625
  cifar10_top5_accuracy: 0.926171875

2024-03-26 16:07:30,882 - INFO - Epoch 87/200
2024-03-26 16:07:31,229 - INFO - Train Stats
Loss:
  total: 0.11011260561645031
Metrics:
  cifar10_top1_accuracy: 0.978365384042263
  cifar10_top5_accuracy: 1.0

2024-03-26 16:07:31,753 - INFO - Validation Stats
Loss:
  total: 2.2999589830636977
Metrics:
  cifar10_top1_accuracy: 0.5236328125
  cifar10_top5_accuracy: 0.9244140625

2024-03-26 16:07:31,753 - INFO - Epoch 88/200
2024-03-26 16:07:32,071 - INFO - Train Stats
Loss:
  total: 0.11540180537849665
Metrics:
  cifar10_top1_accuracy: 0.9664212763309479
  cifar10_top5_accuracy: 1.0

2024-03-26 16:07:32,568 - INFO - Validation Stats
Loss:
  total: 2.345884382724762
Metrics:
  cifar10_top1_accuracy: 0.5224609375
  cifar10_top5_accuracy: 0.9228515625

2024-03-26 16:07:32,568 - INFO - Epoch 89/200
2024-03-26 16:07:32,904 - INFO - Train Stats
Loss:
  total: 0.09542876575142145
Metrics:
  cifar10_top1_accuracy: 0.9812199547886848
  cifar10_top5_accuracy: 1.0

2024-03-26 16:07:33,391 - INFO - Validation Stats
Loss:
  total: 2.366782176494598
Metrics:
  cifar10_top1_accuracy: 0.5189453125
  cifar10_top5_accuracy: 0.923046875

2024-03-26 16:07:33,392 - INFO - Epoch 90/200
2024-03-26 16:07:33,710 - INFO - Train Stats
Loss:
  total: 0.11422580853104591
Metrics:
  cifar10_top1_accuracy: 0.9680739194154739
  cifar10_top5_accuracy: 1.0

2024-03-26 16:07:34,154 - INFO - Validation Stats
Loss:
  total: 2.392681375145912
Metrics:
  cifar10_top1_accuracy: 0.5259765625
  cifar10_top5_accuracy: 0.9197265625

2024-03-26 16:07:34,195 - INFO - Epoch 91/200
2024-03-26 16:07:34,526 - INFO - Train Stats
Loss:
  total: 0.107938296161592
Metrics:
  cifar10_top1_accuracy: 0.9682992771267891
  cifar10_top5_accuracy: 1.0

2024-03-26 16:07:35,003 - INFO - Validation Stats
Loss:
  total: 2.448758211731911
Metrics:
  cifar10_top1_accuracy: 0.5208984375
  cifar10_top5_accuracy: 0.92265625

2024-03-26 16:07:35,003 - INFO - Epoch 92/200
2024-03-26 16:07:35,318 - INFO - Train Stats
Loss:
  total: 0.09513428527861834
Metrics:
  cifar10_top1_accuracy: 0.9761117771267891
  cifar10_top5_accuracy: 1.0

2024-03-26 16:07:35,788 - INFO - Validation Stats
Loss:
  total: 2.474782407283783
Metrics:
  cifar10_top1_accuracy: 0.5125
  cifar10_top5_accuracy: 0.92109375

2024-03-26 16:07:35,788 - INFO - Epoch 93/200
2024-03-26 16:07:36,108 - INFO - Train Stats
Loss:
  total: 0.09844796266406775
Metrics:
  cifar10_top1_accuracy: 0.9719801694154739
  cifar10_top5_accuracy: 1.0

2024-03-26 16:07:36,581 - INFO - Validation Stats
Loss:
  total: 2.4664648205041884
Metrics:
  cifar10_top1_accuracy: 0.5166015625
  cifar10_top5_accuracy: 0.9224609375

2024-03-26 16:07:36,581 - INFO - Epoch 94/200
2024-03-26 16:07:36,912 - INFO - Train Stats
Loss:
  total: 0.09851560276001692
Metrics:
  cifar10_top1_accuracy: 0.9761117771267891
  cifar10_top5_accuracy: 1.0

2024-03-26 16:07:37,332 - INFO - Validation Stats
Loss:
  total: 2.4713963627815247
Metrics:
  cifar10_top1_accuracy: 0.5173828125
  cifar10_top5_accuracy: 0.9240234375

2024-03-26 16:07:37,332 - INFO - Epoch 95/200
2024-03-26 16:07:37,651 - INFO - Train Stats
Loss:
  total: 0.10741981212049723
Metrics:
  cifar10_top1_accuracy: 0.9682992771267891
  cifar10_top5_accuracy: 1.0

2024-03-26 16:07:38,135 - INFO - Validation Stats
Loss:
  total: 2.466506713628769
Metrics:
  cifar10_top1_accuracy: 0.5310546875
  cifar10_top5_accuracy: 0.9232421875

2024-03-26 16:07:38,135 - INFO - Epoch 96/200
2024-03-26 16:07:38,481 - INFO - Train Stats
Loss:
  total: 0.1205298863351345
Metrics:
  cifar10_top1_accuracy: 0.964693509042263
  cifar10_top5_accuracy: 1.0

2024-03-26 16:07:38,975 - INFO - Validation Stats
Loss:
  total: 2.530660483241081
Metrics:
  cifar10_top1_accuracy: 0.5205078125
  cifar10_top5_accuracy: 0.92265625

2024-03-26 16:07:38,976 - INFO - Epoch 97/200
2024-03-26 16:07:39,312 - INFO - Train Stats
Loss:
  total: 0.10925280023366213
Metrics:
  cifar10_top1_accuracy: 0.9749098569154739
  cifar10_top5_accuracy: 1.0

2024-03-26 16:07:39,786 - INFO - Validation Stats
Loss:
  total: 2.6014791309833525
Metrics:
  cifar10_top1_accuracy: 0.516015625
  cifar10_top5_accuracy: 0.9171875

2024-03-26 16:07:39,786 - INFO - Epoch 98/200
2024-03-26 16:07:40,134 - INFO - Train Stats
Loss:
  total: 0.09950305242091417
Metrics:
  cifar10_top1_accuracy: 0.9753605797886848
  cifar10_top5_accuracy: 1.0

2024-03-26 16:07:40,704 - INFO - Validation Stats
Loss:
  total: 2.5575344651937484
Metrics:
  cifar10_top1_accuracy: 0.5138671875
  cifar10_top5_accuracy: 0.915625

2024-03-26 16:07:40,704 - INFO - Epoch 99/200
2024-03-26 16:07:41,055 - INFO - Train Stats
Loss:
  total: 0.1176031637005508
Metrics:
  cifar10_top1_accuracy: 0.9600360542535782
  cifar10_top5_accuracy: 1.0

2024-03-26 16:07:41,600 - INFO - Validation Stats
Loss:
  total: 2.5480243891477583
Metrics:
  cifar10_top1_accuracy: 0.5326171875
  cifar10_top5_accuracy: 0.9232421875

2024-03-26 16:07:41,600 - INFO - Epoch 100/200
2024-03-26 16:07:41,927 - INFO - Train Stats
Loss:
  total: 0.12028023321181536
Metrics:
  cifar10_top1_accuracy: 0.9692758396267891
  cifar10_top5_accuracy: 1.0

2024-03-26 16:07:42,420 - INFO - Validation Stats
Loss:
  total: 2.6410820305347444
Metrics:
  cifar10_top1_accuracy: 0.5306640625
  cifar10_top5_accuracy: 0.913671875

2024-03-26 16:07:42,421 - INFO - Epoch 101/200
2024-03-26 16:07:42,754 - INFO - Train Stats
Loss:
  total: 0.11343001574277878
Metrics:
  cifar10_top1_accuracy: 0.9649188667535782
  cifar10_top5_accuracy: 1.0

2024-03-26 16:07:43,295 - INFO - Validation Stats
Loss:
  total: 2.522357177734375
Metrics:
  cifar10_top1_accuracy: 0.5123046875
  cifar10_top5_accuracy: 0.916796875

2024-03-26 16:07:43,295 - INFO - Epoch 102/200
2024-03-26 16:07:43,657 - INFO - Train Stats
Loss:
  total: 0.10372034227475524
Metrics:
  cifar10_top1_accuracy: 0.9661207944154739
  cifar10_top5_accuracy: 1.0

2024-03-26 16:07:44,203 - INFO - Validation Stats
Loss:
  total: 2.5168524891138078
Metrics:
  cifar10_top1_accuracy: 0.514453125
  cifar10_top5_accuracy: 0.918359375

2024-03-26 16:07:44,203 - INFO - Epoch 103/200
2024-03-26 16:07:44,558 - INFO - Train Stats
Loss:
  total: 0.09208605904132128
Metrics:
  cifar10_top1_accuracy: 0.9751352146267891
  cifar10_top5_accuracy: 1.0

2024-03-26 16:07:45,024 - INFO - Validation Stats
Loss:
  total: 2.55671144425869
Metrics:
  cifar10_top1_accuracy: 0.5177734375
  cifar10_top5_accuracy: 0.913671875

2024-03-26 16:07:45,025 - INFO - Epoch 104/200
2024-03-26 16:07:45,413 - INFO - Train Stats
Loss:
  total: 0.0997356791049242
Metrics:
  cifar10_top1_accuracy: 0.9731820896267891
  cifar10_top5_accuracy: 1.0

2024-03-26 16:07:45,842 - INFO - Validation Stats
Loss:
  total: 2.558125337958336
Metrics:
  cifar10_top1_accuracy: 0.5140625
  cifar10_top5_accuracy: 0.915234375

2024-03-26 16:07:45,842 - INFO - Epoch 105/200
2024-03-26 16:07:46,228 - INFO - Train Stats
Loss:
  total: 0.09297706792131066
Metrics:
  cifar10_top1_accuracy: 0.9741586521267891
  cifar10_top5_accuracy: 1.0

2024-03-26 16:07:46,712 - INFO - Validation Stats
Loss:
  total: 2.529517322778702
Metrics:
  cifar10_top1_accuracy: 0.5193359375
  cifar10_top5_accuracy: 0.9236328125

2024-03-26 16:07:46,712 - INFO - Epoch 106/200
2024-03-26 16:07:47,068 - INFO - Train Stats
Loss:
  total: 0.10447209514677525
Metrics:
  cifar10_top1_accuracy: 0.9700270444154739
  cifar10_top5_accuracy: 1.0

2024-03-26 16:07:47,558 - INFO - Validation Stats
Loss:
  total: 2.6339817315340044
Metrics:
  cifar10_top1_accuracy: 0.5205078125
  cifar10_top5_accuracy: 0.9216796875

2024-03-26 16:07:47,558 - INFO - Epoch 107/200
2024-03-26 16:07:47,926 - INFO - Train Stats
Loss:
  total: 0.06256078463047743
Metrics:
  cifar10_top1_accuracy: 0.9841496422886848
  cifar10_top5_accuracy: 1.0

2024-03-26 16:07:48,375 - INFO - Validation Stats
Loss:
  total: 2.6105065822601317
Metrics:
  cifar10_top1_accuracy: 0.52734375
  cifar10_top5_accuracy: 0.9228515625

2024-03-26 16:07:48,375 - INFO - Epoch 108/200
2024-03-26 16:07:48,715 - INFO - Train Stats
Loss:
  total: 0.10011950694024563
Metrics:
  cifar10_top1_accuracy: 0.969576321542263
  cifar10_top5_accuracy: 1.0

2024-03-26 16:07:49,201 - INFO - Validation Stats
Loss:
  total: 2.6030468344688416
Metrics:
  cifar10_top1_accuracy: 0.5193359375
  cifar10_top5_accuracy: 0.9220703125

2024-03-26 16:07:49,201 - INFO - Epoch 109/200
2024-03-26 16:07:49,560 - INFO - Train Stats
Loss:
  total: 0.1127660982310772
Metrics:
  cifar10_top1_accuracy: 0.9631911069154739
  cifar10_top5_accuracy: 1.0

2024-03-26 16:07:50,048 - INFO - Validation Stats
Loss:
  total: 2.648551481962204
Metrics:
  cifar10_top1_accuracy: 0.516796875
  cifar10_top5_accuracy: 0.91953125

2024-03-26 16:07:50,048 - INFO - Epoch 110/200
2024-03-26 16:07:50,418 - INFO - Train Stats
Loss:
  total: 0.08505368232727051
Metrics:
  cifar10_top1_accuracy: 0.9751352146267891
  cifar10_top5_accuracy: 1.0

2024-03-26 16:07:50,898 - INFO - Validation Stats
Loss:
  total: 2.5581413954496384
Metrics:
  cifar10_top1_accuracy: 0.5119140625
  cifar10_top5_accuracy: 0.9208984375

2024-03-26 16:07:50,898 - INFO - Epoch 111/200
2024-03-26 16:07:51,239 - INFO - Train Stats
Loss:
  total: 0.08577507361769676
Metrics:
  cifar10_top1_accuracy: 0.977388821542263
  cifar10_top5_accuracy: 1.0

2024-03-26 16:07:51,680 - INFO - Validation Stats
Loss:
  total: 2.6765980154275892
Metrics:
  cifar10_top1_accuracy: 0.500390625
  cifar10_top5_accuracy: 0.9138671875

2024-03-26 16:07:51,680 - INFO - Epoch 112/200
2024-03-26 16:07:52,033 - INFO - Train Stats
Loss:
  total: 0.0927155357785523
Metrics:
  cifar10_top1_accuracy: 0.9692758396267891
  cifar10_top5_accuracy: 1.0

2024-03-26 16:07:52,499 - INFO - Validation Stats
Loss:
  total: 2.6006052523851393
Metrics:
  cifar10_top1_accuracy: 0.511328125
  cifar10_top5_accuracy: 0.9099609375

2024-03-26 16:07:52,499 - INFO - Epoch 113/200
2024-03-26 16:07:52,848 - INFO - Train Stats
Loss:
  total: 0.08324738219380379
Metrics:
  cifar10_top1_accuracy: 0.9776141792535782
  cifar10_top5_accuracy: 1.0

2024-03-26 16:07:53,399 - INFO - Validation Stats
Loss:
  total: 2.686926344037056
Metrics:
  cifar10_top1_accuracy: 0.51640625
  cifar10_top5_accuracy: 0.912109375

2024-03-26 16:07:53,399 - INFO - Epoch 114/200
2024-03-26 16:07:53,779 - INFO - Train Stats
Loss:
  total: 0.08539245091378689
Metrics:
  cifar10_top1_accuracy: 0.9717548042535782
  cifar10_top5_accuracy: 1.0

2024-03-26 16:07:54,261 - INFO - Validation Stats
Loss:
  total: 2.7268794983625413
Metrics:
  cifar10_top1_accuracy: 0.515625
  cifar10_top5_accuracy: 0.9185546875

2024-03-26 16:07:54,261 - INFO - Epoch 115/200
2024-03-26 16:07:54,598 - INFO - Train Stats
Loss:
  total: 0.06650334550067782
Metrics:
  cifar10_top1_accuracy: 0.9841496422886848
  cifar10_top5_accuracy: 1.0

2024-03-26 16:07:55,082 - INFO - Validation Stats
Loss:
  total: 2.7387110143899918
Metrics:
  cifar10_top1_accuracy: 0.5197265625
  cifar10_top5_accuracy: 0.9169921875

2024-03-26 16:07:55,082 - INFO - Epoch 116/200
2024-03-26 16:07:55,426 - INFO - Train Stats
Loss:
  total: 0.07628956390544772
Metrics:
  cifar10_top1_accuracy: 0.9773137047886848
  cifar10_top5_accuracy: 1.0

2024-03-26 16:07:55,910 - INFO - Validation Stats
Loss:
  total: 2.6538886547088625
Metrics:
  cifar10_top1_accuracy: 0.5169921875
  cifar10_top5_accuracy: 0.9130859375

2024-03-26 16:07:55,910 - INFO - Epoch 117/200
2024-03-26 16:07:56,261 - INFO - Train Stats
Loss:
  total: 0.07344337040558457
Metrics:
  cifar10_top1_accuracy: 0.982421875
  cifar10_top5_accuracy: 1.0

2024-03-26 16:07:56,717 - INFO - Validation Stats
Loss:
  total: 2.6711099565029146
Metrics:
  cifar10_top1_accuracy: 0.519921875
  cifar10_top5_accuracy: 0.9173828125

2024-03-26 16:07:56,718 - INFO - Epoch 118/200
2024-03-26 16:07:57,091 - INFO - Train Stats
Loss:
  total: 0.08701961440965533
Metrics:
  cifar10_top1_accuracy: 0.9790414646267891
  cifar10_top5_accuracy: 1.0

2024-03-26 16:07:57,618 - INFO - Validation Stats
Loss:
  total: 2.8680572271347047
Metrics:
  cifar10_top1_accuracy: 0.5064453125
  cifar10_top5_accuracy: 0.9123046875

2024-03-26 16:07:57,618 - INFO - Epoch 119/200
2024-03-26 16:07:57,966 - INFO - Train Stats
Loss:
  total: 0.08293581940233707
Metrics:
  cifar10_top1_accuracy: 0.9788161069154739
  cifar10_top5_accuracy: 1.0

2024-03-26 16:07:58,483 - INFO - Validation Stats
Loss:
  total: 2.687124565243721
Metrics:
  cifar10_top1_accuracy: 0.5166015625
  cifar10_top5_accuracy: 0.915234375

2024-03-26 16:07:58,483 - INFO - Epoch 120/200
2024-03-26 16:07:58,830 - INFO - Train Stats
Loss:
  total: 0.08025651797652245
Metrics:
  cifar10_top1_accuracy: 0.9761117771267891
  cifar10_top5_accuracy: 1.0

2024-03-26 16:07:59,328 - INFO - Validation Stats
Loss:
  total: 2.6204579412937163
Metrics:
  cifar10_top1_accuracy: 0.5236328125
  cifar10_top5_accuracy: 0.9134765625

2024-03-26 16:07:59,371 - INFO - Epoch 121/200
2024-03-26 16:07:59,716 - INFO - Train Stats
Loss:
  total: 0.07316538225859404
Metrics:
  cifar10_top1_accuracy: 0.974459134042263
  cifar10_top5_accuracy: 1.0

2024-03-26 16:08:00,209 - INFO - Validation Stats
Loss:
  total: 2.5910688161849977
Metrics:
  cifar10_top1_accuracy: 0.5302734375
  cifar10_top5_accuracy: 0.9142578125

2024-03-26 16:08:00,210 - INFO - Epoch 122/200
2024-03-26 16:08:00,559 - INFO - Train Stats
Loss:
  total: 0.0666927183046937
Metrics:
  cifar10_top1_accuracy: 0.9831730797886848
  cifar10_top5_accuracy: 1.0

2024-03-26 16:08:01,072 - INFO - Validation Stats
Loss:
  total: 2.6078088223934173
Metrics:
  cifar10_top1_accuracy: 0.5275390625
  cifar10_top5_accuracy: 0.913671875

2024-03-26 16:08:01,072 - INFO - Epoch 123/200
2024-03-26 16:08:01,420 - INFO - Train Stats
Loss:
  total: 0.05663385894149542
Metrics:
  cifar10_top1_accuracy: 0.986328125
  cifar10_top5_accuracy: 1.0

2024-03-26 16:08:01,921 - INFO - Validation Stats
Loss:
  total: 2.6165544748306275
Metrics:
  cifar10_top1_accuracy: 0.5298828125
  cifar10_top5_accuracy: 0.9169921875

2024-03-26 16:08:01,921 - INFO - Epoch 124/200
2024-03-26 16:08:02,253 - INFO - Train Stats
Loss:
  total: 0.050575213972479105
Metrics:
  cifar10_top1_accuracy: 0.9880558922886848
  cifar10_top5_accuracy: 1.0

2024-03-26 16:08:02,734 - INFO - Validation Stats
Loss:
  total: 2.611435016989708
Metrics:
  cifar10_top1_accuracy: 0.53046875
  cifar10_top5_accuracy: 0.915625

2024-03-26 16:08:02,734 - INFO - Epoch 125/200
2024-03-26 16:08:03,102 - INFO - Train Stats
Loss:
  total: 0.045316554605960846
Metrics:
  cifar10_top1_accuracy: 0.9890324547886848
  cifar10_top5_accuracy: 1.0

2024-03-26 16:08:03,677 - INFO - Validation Stats
Loss:
  total: 2.6078805327415466
Metrics:
  cifar10_top1_accuracy: 0.534375
  cifar10_top5_accuracy: 0.9150390625

2024-03-26 16:08:03,677 - INFO - Epoch 126/200
2024-03-26 16:08:04,019 - INFO - Train Stats
Loss:
  total: 0.04472447792068124
Metrics:
  cifar10_top1_accuracy: 0.9919621422886848
  cifar10_top5_accuracy: 1.0

2024-03-26 16:08:04,433 - INFO - Validation Stats
Loss:
  total: 2.601548808813095
Metrics:
  cifar10_top1_accuracy: 0.5333984375
  cifar10_top5_accuracy: 0.91640625

2024-03-26 16:08:04,433 - INFO - Epoch 127/200
2024-03-26 16:08:04,776 - INFO - Train Stats
Loss:
  total: 0.04963155277073383
Metrics:
  cifar10_top1_accuracy: 0.9897836521267891
  cifar10_top5_accuracy: 1.0

2024-03-26 16:08:05,233 - INFO - Validation Stats
Loss:
  total: 2.59568689763546
Metrics:
  cifar10_top1_accuracy: 0.530859375
  cifar10_top5_accuracy: 0.9171875

2024-03-26 16:08:05,233 - INFO - Epoch 128/200
2024-03-26 16:08:05,548 - INFO - Train Stats
Loss:
  total: 0.04183081188239157
Metrics:
  cifar10_top1_accuracy: 0.9948918297886848
  cifar10_top5_accuracy: 1.0

2024-03-26 16:08:05,963 - INFO - Validation Stats
Loss:
  total: 2.6121521294116974
Metrics:
  cifar10_top1_accuracy: 0.5345703125
  cifar10_top5_accuracy: 0.916015625

2024-03-26 16:08:05,963 - INFO - Epoch 129/200
2024-03-26 16:08:06,261 - INFO - Train Stats
Loss:
  total: 0.05194422975182533
Metrics:
  cifar10_top1_accuracy: 0.98828125
  cifar10_top5_accuracy: 1.0

2024-03-26 16:08:06,699 - INFO - Validation Stats
Loss:
  total: 2.618987628817558
Metrics:
  cifar10_top1_accuracy: 0.531640625
  cifar10_top5_accuracy: 0.9166015625

2024-03-26 16:08:06,699 - INFO - Epoch 130/200
2024-03-26 16:08:07,025 - INFO - Train Stats
Loss:
  total: 0.04887730674818158
Metrics:
  cifar10_top1_accuracy: 0.9870793297886848
  cifar10_top5_accuracy: 1.0

2024-03-26 16:08:07,492 - INFO - Validation Stats
Loss:
  total: 2.6075184255838395
Metrics:
  cifar10_top1_accuracy: 0.5291015625
  cifar10_top5_accuracy: 0.91796875

2024-03-26 16:08:07,493 - INFO - Epoch 131/200
2024-03-26 16:08:07,831 - INFO - Train Stats
Loss:
  total: 0.0420261868275702
Metrics:
  cifar10_top1_accuracy: 0.9890324547886848
  cifar10_top5_accuracy: 1.0

2024-03-26 16:08:08,239 - INFO - Validation Stats
Loss:
  total: 2.5905715256929396
Metrics:
  cifar10_top1_accuracy: 0.5279296875
  cifar10_top5_accuracy: 0.9197265625

2024-03-26 16:08:08,240 - INFO - Epoch 132/200
2024-03-26 16:08:08,597 - INFO - Train Stats
Loss:
  total: 0.053091693902388215
Metrics:
  cifar10_top1_accuracy: 0.9909855797886848
  cifar10_top5_accuracy: 1.0

2024-03-26 16:08:09,118 - INFO - Validation Stats
Loss:
  total: 2.584239828586578
Metrics:
  cifar10_top1_accuracy: 0.5283203125
  cifar10_top5_accuracy: 0.9197265625

2024-03-26 16:08:09,119 - INFO - Epoch 133/200
2024-03-26 16:08:09,443 - INFO - Train Stats
Loss:
  total: 0.040943164145573974
Metrics:
  cifar10_top1_accuracy: 0.9921875
  cifar10_top5_accuracy: 1.0

2024-03-26 16:08:09,949 - INFO - Validation Stats
Loss:
  total: 2.591698655486107
Metrics:
  cifar10_top1_accuracy: 0.526953125
  cifar10_top5_accuracy: 0.91953125

2024-03-26 16:08:09,950 - INFO - Epoch 134/200
2024-03-26 16:08:10,292 - INFO - Train Stats
Loss:
  total: 0.029149382142350078
Metrics:
  cifar10_top1_accuracy: 0.99609375
  cifar10_top5_accuracy: 1.0

2024-03-26 16:08:10,748 - INFO - Validation Stats
Loss:
  total: 2.5960298627614975
Metrics:
  cifar10_top1_accuracy: 0.5267578125
  cifar10_top5_accuracy: 0.919921875

2024-03-26 16:08:10,748 - INFO - Epoch 135/200
2024-03-26 16:08:11,111 - INFO - Train Stats
Loss:
  total: 0.04323714110068977
Metrics:
  cifar10_top1_accuracy: 0.9921875
  cifar10_top5_accuracy: 1.0

2024-03-26 16:08:11,570 - INFO - Validation Stats
Loss:
  total: 2.592758247256279
Metrics:
  cifar10_top1_accuracy: 0.52734375
  cifar10_top5_accuracy: 0.9193359375

2024-03-26 16:08:11,570 - INFO - Epoch 136/200
2024-03-26 16:08:11,930 - INFO - Train Stats
Loss:
  total: 0.045054934453219175
Metrics:
  cifar10_top1_accuracy: 0.9861027672886848
  cifar10_top5_accuracy: 1.0

2024-03-26 16:08:12,432 - INFO - Validation Stats
Loss:
  total: 2.595268103480339
Metrics:
  cifar10_top1_accuracy: 0.5271484375
  cifar10_top5_accuracy: 0.91953125

2024-03-26 16:08:12,432 - INFO - Epoch 137/200
2024-03-26 16:08:12,768 - INFO - Train Stats
Loss:
  total: 0.039766502915881574
Metrics:
  cifar10_top1_accuracy: 0.9912109375
  cifar10_top5_accuracy: 1.0

2024-03-26 16:08:13,261 - INFO - Validation Stats
Loss:
  total: 2.6115083038806914
Metrics:
  cifar10_top1_accuracy: 0.530078125
  cifar10_top5_accuracy: 0.919140625

2024-03-26 16:08:13,261 - INFO - Epoch 138/200
2024-03-26 16:08:13,622 - INFO - Train Stats
Loss:
  total: 0.0407350102905184
Metrics:
  cifar10_top1_accuracy: 0.9895582944154739
  cifar10_top5_accuracy: 1.0

2024-03-26 16:08:14,124 - INFO - Validation Stats
Loss:
  total: 2.623857668042183
Metrics:
  cifar10_top1_accuracy: 0.5314453125
  cifar10_top5_accuracy: 0.92109375

2024-03-26 16:08:14,124 - INFO - Epoch 139/200
2024-03-26 16:08:14,474 - INFO - Train Stats
Loss:
  total: 0.03857704997062683
Metrics:
  cifar10_top1_accuracy: 0.9912109375
  cifar10_top5_accuracy: 1.0

2024-03-26 16:08:14,944 - INFO - Validation Stats
Loss:
  total: 2.6464947313070297
Metrics:
  cifar10_top1_accuracy: 0.5291015625
  cifar10_top5_accuracy: 0.9201171875

2024-03-26 16:08:14,944 - INFO - Epoch 140/200
2024-03-26 16:08:15,304 - INFO - Train Stats
Loss:
  total: 0.03257083799690008
Metrics:
  cifar10_top1_accuracy: 0.99609375
  cifar10_top5_accuracy: 1.0

2024-03-26 16:08:15,810 - INFO - Validation Stats
Loss:
  total: 2.6440453588962556
Metrics:
  cifar10_top1_accuracy: 0.5322265625
  cifar10_top5_accuracy: 0.921875

2024-03-26 16:08:15,810 - INFO - Epoch 141/200
2024-03-26 16:08:16,151 - INFO - Train Stats
Loss:
  total: 0.03885780565906316
Metrics:
  cifar10_top1_accuracy: 0.9921875
  cifar10_top5_accuracy: 1.0

2024-03-26 16:08:16,653 - INFO - Validation Stats
Loss:
  total: 2.6262805610895157
Metrics:
  cifar10_top1_accuracy: 0.5298828125
  cifar10_top5_accuracy: 0.9212890625

2024-03-26 16:08:16,653 - INFO - Epoch 142/200
2024-03-26 16:08:17,018 - INFO - Train Stats
Loss:
  total: 0.032520110718905926
Metrics:
  cifar10_top1_accuracy: 0.9931640625
  cifar10_top5_accuracy: 1.0

2024-03-26 16:08:17,491 - INFO - Validation Stats
Loss:
  total: 2.640976294875145
Metrics:
  cifar10_top1_accuracy: 0.5251953125
  cifar10_top5_accuracy: 0.919140625

2024-03-26 16:08:17,491 - INFO - Epoch 143/200
2024-03-26 16:08:17,857 - INFO - Train Stats
Loss:
  total: 0.03228948940522969
Metrics:
  cifar10_top1_accuracy: 0.994140625
  cifar10_top5_accuracy: 1.0

2024-03-26 16:08:18,367 - INFO - Validation Stats
Loss:
  total: 2.628368356823921
Metrics:
  cifar10_top1_accuracy: 0.5244140625
  cifar10_top5_accuracy: 0.9177734375

2024-03-26 16:08:18,367 - INFO - Epoch 144/200
2024-03-26 16:08:18,735 - INFO - Train Stats
Loss:
  total: 0.03635220602154732
Metrics:
  cifar10_top1_accuracy: 0.9951171875
  cifar10_top5_accuracy: 1.0

2024-03-26 16:08:19,267 - INFO - Validation Stats
Loss:
  total: 2.6229136019945143
Metrics:
  cifar10_top1_accuracy: 0.528515625
  cifar10_top5_accuracy: 0.918359375

2024-03-26 16:08:19,267 - INFO - Epoch 145/200
2024-03-26 16:08:19,649 - INFO - Train Stats
Loss:
  total: 0.03693540091626346
Metrics:
  cifar10_top1_accuracy: 0.9951171875
  cifar10_top5_accuracy: 1.0

2024-03-26 16:08:20,145 - INFO - Validation Stats
Loss:
  total: 2.6262364625930785
Metrics:
  cifar10_top1_accuracy: 0.528125
  cifar10_top5_accuracy: 0.9205078125

2024-03-26 16:08:20,146 - INFO - Epoch 146/200
2024-03-26 16:08:20,517 - INFO - Train Stats
Loss:
  total: 0.03522859700024128
Metrics:
  cifar10_top1_accuracy: 0.9912109375
  cifar10_top5_accuracy: 1.0

2024-03-26 16:08:21,044 - INFO - Validation Stats
Loss:
  total: 2.639510506391525
Metrics:
  cifar10_top1_accuracy: 0.530078125
  cifar10_top5_accuracy: 0.9201171875

2024-03-26 16:08:21,044 - INFO - Epoch 147/200
2024-03-26 16:08:21,447 - INFO - Train Stats
Loss:
  total: 0.033494326984509826
Metrics:
  cifar10_top1_accuracy: 0.994140625
  cifar10_top5_accuracy: 1.0

2024-03-26 16:08:21,994 - INFO - Validation Stats
Loss:
  total: 2.6454726666212083
Metrics:
  cifar10_top1_accuracy: 0.5279296875
  cifar10_top5_accuracy: 0.920703125

2024-03-26 16:08:21,995 - INFO - Epoch 148/200
2024-03-26 16:08:22,368 - INFO - Train Stats
Loss:
  total: 0.0321507208282128
Metrics:
  cifar10_top1_accuracy: 0.994140625
  cifar10_top5_accuracy: 1.0

2024-03-26 16:08:22,839 - INFO - Validation Stats
Loss:
  total: 2.656216636300087
Metrics:
  cifar10_top1_accuracy: 0.5271484375
  cifar10_top5_accuracy: 0.918359375

2024-03-26 16:08:22,839 - INFO - Epoch 149/200
2024-03-26 16:08:23,200 - INFO - Train Stats
Loss:
  total: 0.03374968655407429
Metrics:
  cifar10_top1_accuracy: 0.9958683922886848
  cifar10_top5_accuracy: 1.0

2024-03-26 16:08:23,661 - INFO - Validation Stats
Loss:
  total: 2.664998894929886
Metrics:
  cifar10_top1_accuracy: 0.5287109375
  cifar10_top5_accuracy: 0.9177734375

2024-03-26 16:08:23,662 - INFO - Epoch 150/200
2024-03-26 16:08:24,013 - INFO - Train Stats
Loss:
  total: 0.04566451790742576
Metrics:
  cifar10_top1_accuracy: 0.9890324547886848
  cifar10_top5_accuracy: 1.0

2024-03-26 16:08:24,486 - INFO - Validation Stats
Loss:
  total: 2.669133821129799
Metrics:
  cifar10_top1_accuracy: 0.5318359375
  cifar10_top5_accuracy: 0.9171875

2024-03-26 16:08:24,536 - INFO - Epoch 151/200
2024-03-26 16:08:24,906 - INFO - Train Stats
Loss:
  total: 0.03956222743727267
Metrics:
  cifar10_top1_accuracy: 0.9890324547886848
  cifar10_top5_accuracy: 1.0

2024-03-26 16:08:25,457 - INFO - Validation Stats
Loss:
  total: 2.6760411262512207
Metrics:
  cifar10_top1_accuracy: 0.53125
  cifar10_top5_accuracy: 0.916796875

2024-03-26 16:08:25,457 - INFO - Epoch 152/200
2024-03-26 16:08:25,838 - INFO - Train Stats
Loss:
  total: 0.030305976048111916
Metrics:
  cifar10_top1_accuracy: 0.99609375
  cifar10_top5_accuracy: 1.0

2024-03-26 16:08:26,346 - INFO - Validation Stats
Loss:
  total: 2.6536277115345
Metrics:
  cifar10_top1_accuracy: 0.5302734375
  cifar10_top5_accuracy: 0.9193359375

2024-03-26 16:08:26,347 - INFO - Epoch 153/200
2024-03-26 16:08:26,677 - INFO - Train Stats
Loss:
  total: 0.03717794013209641
Metrics:
  cifar10_top1_accuracy: 0.9912109375
  cifar10_top5_accuracy: 1.0

2024-03-26 16:08:27,146 - INFO - Validation Stats
Loss:
  total: 2.6507502436637878
Metrics:
  cifar10_top1_accuracy: 0.53046875
  cifar10_top5_accuracy: 0.917578125

2024-03-26 16:08:27,146 - INFO - Epoch 154/200
2024-03-26 16:08:27,546 - INFO - Train Stats
Loss:
  total: 0.028635576367378235
Metrics:
  cifar10_top1_accuracy: 0.9958683922886848
  cifar10_top5_accuracy: 1.0

2024-03-26 16:08:28,024 - INFO - Validation Stats
Loss:
  total: 2.6582782924175263
Metrics:
  cifar10_top1_accuracy: 0.530859375
  cifar10_top5_accuracy: 0.9169921875

2024-03-26 16:08:28,025 - INFO - Epoch 155/200
2024-03-26 16:08:28,420 - INFO - Train Stats
Loss:
  total: 0.03537155105732381
Metrics:
  cifar10_top1_accuracy: 0.9927133396267891
  cifar10_top5_accuracy: 1.0

2024-03-26 16:08:28,927 - INFO - Validation Stats
Loss:
  total: 2.658897030353546
Metrics:
  cifar10_top1_accuracy: 0.532421875
  cifar10_top5_accuracy: 0.920703125

2024-03-26 16:08:28,928 - INFO - Epoch 156/200
2024-03-26 16:08:29,283 - INFO - Train Stats
Loss:
  total: 0.03786123194731772
Metrics:
  cifar10_top1_accuracy: 0.9917367771267891
  cifar10_top5_accuracy: 1.0

2024-03-26 16:08:29,797 - INFO - Validation Stats
Loss:
  total: 2.6658612459897997
Metrics:
  cifar10_top1_accuracy: 0.53046875
  cifar10_top5_accuracy: 0.9205078125

2024-03-26 16:08:29,797 - INFO - Epoch 157/200
2024-03-26 16:08:30,181 - INFO - Train Stats
Loss:
  total: 0.030127348378300667
Metrics:
  cifar10_top1_accuracy: 0.99609375
  cifar10_top5_accuracy: 1.0

2024-03-26 16:08:30,656 - INFO - Validation Stats
Loss:
  total: 2.6546488106250763
Metrics:
  cifar10_top1_accuracy: 0.5330078125
  cifar10_top5_accuracy: 0.9212890625

2024-03-26 16:08:30,656 - INFO - Epoch 158/200
2024-03-26 16:08:31,032 - INFO - Train Stats
Loss:
  total: 0.042356040328741074
Metrics:
  cifar10_top1_accuracy: 0.9907602146267891
  cifar10_top5_accuracy: 1.0

2024-03-26 16:08:31,455 - INFO - Validation Stats
Loss:
  total: 2.6487925916910173
Metrics:
  cifar10_top1_accuracy: 0.5345703125
  cifar10_top5_accuracy: 0.9228515625

2024-03-26 16:08:31,455 - INFO - Epoch 159/200
2024-03-26 16:08:31,827 - INFO - Train Stats
Loss:
  total: 0.03072629449889064
Metrics:
  cifar10_top1_accuracy: 0.9970703125
  cifar10_top5_accuracy: 1.0

2024-03-26 16:08:32,376 - INFO - Validation Stats
Loss:
  total: 2.6666539788246153
Metrics:
  cifar10_top1_accuracy: 0.53515625
  cifar10_top5_accuracy: 0.923046875

2024-03-26 16:08:32,376 - INFO - Epoch 160/200
2024-03-26 16:08:32,681 - INFO - Train Stats
Loss:
  total: 0.03291022893972695
Metrics:
  cifar10_top1_accuracy: 0.9921875
  cifar10_top5_accuracy: 1.0

2024-03-26 16:08:33,263 - INFO - Validation Stats
Loss:
  total: 2.6573355317115785
Metrics:
  cifar10_top1_accuracy: 0.5375
  cifar10_top5_accuracy: 0.921484375

2024-03-26 16:08:33,264 - INFO - Epoch 161/200
2024-03-26 16:08:33,640 - INFO - Train Stats
Loss:
  total: 0.03300253872293979
Metrics:
  cifar10_top1_accuracy: 0.99609375
  cifar10_top5_accuracy: 1.0

2024-03-26 16:08:34,145 - INFO - Validation Stats
Loss:
  total: 2.6640380054712294
Metrics:
  cifar10_top1_accuracy: 0.5375
  cifar10_top5_accuracy: 0.919140625

2024-03-26 16:08:34,145 - INFO - Epoch 162/200
2024-03-26 16:08:34,508 - INFO - Train Stats
Loss:
  total: 0.04444340895861387
Metrics:
  cifar10_top1_accuracy: 0.9873798042535782
  cifar10_top5_accuracy: 1.0

2024-03-26 16:08:35,059 - INFO - Validation Stats
Loss:
  total: 2.6599033534526826
Metrics:
  cifar10_top1_accuracy: 0.5365234375
  cifar10_top5_accuracy: 0.919921875

2024-03-26 16:08:35,059 - INFO - Epoch 163/200
2024-03-26 16:08:35,439 - INFO - Train Stats
Loss:
  total: 0.03137537348084152
Metrics:
  cifar10_top1_accuracy: 0.9927133396267891
  cifar10_top5_accuracy: 1.0

2024-03-26 16:08:35,943 - INFO - Validation Stats
Loss:
  total: 2.6567326933145523
Metrics:
  cifar10_top1_accuracy: 0.5345703125
  cifar10_top5_accuracy: 0.9201171875

2024-03-26 16:08:35,944 - INFO - Epoch 164/200
2024-03-26 16:08:36,333 - INFO - Train Stats
Loss:
  total: 0.03161682246718556
Metrics:
  cifar10_top1_accuracy: 0.9929387047886848
  cifar10_top5_accuracy: 1.0

2024-03-26 16:08:36,822 - INFO - Validation Stats
Loss:
  total: 2.661790356040001
Metrics:
  cifar10_top1_accuracy: 0.53359375
  cifar10_top5_accuracy: 0.9205078125

2024-03-26 16:08:36,823 - INFO - Epoch 165/200
2024-03-26 16:08:37,199 - INFO - Train Stats
Loss:
  total: 0.027988369343802333
Metrics:
  cifar10_top1_accuracy: 0.99609375
  cifar10_top5_accuracy: 1.0

2024-03-26 16:08:37,723 - INFO - Validation Stats
Loss:
  total: 2.65762702524662
Metrics:
  cifar10_top1_accuracy: 0.5330078125
  cifar10_top5_accuracy: 0.920703125

2024-03-26 16:08:37,723 - INFO - Epoch 166/200
2024-03-26 16:08:38,158 - INFO - Train Stats
Loss:
  total: 0.03364895610138774
Metrics:
  cifar10_top1_accuracy: 0.9927133396267891
  cifar10_top5_accuracy: 1.0

2024-03-26 16:08:38,659 - INFO - Validation Stats
Loss:
  total: 2.65644548535347
Metrics:
  cifar10_top1_accuracy: 0.5349609375
  cifar10_top5_accuracy: 0.91953125

2024-03-26 16:08:38,660 - INFO - Epoch 167/200
2024-03-26 16:08:39,006 - INFO - Train Stats
Loss:
  total: 0.035238505341112614
Metrics:
  cifar10_top1_accuracy: 0.9948918297886848
  cifar10_top5_accuracy: 1.0

2024-03-26 16:08:39,443 - INFO - Validation Stats
Loss:
  total: 2.648746946454048
Metrics:
  cifar10_top1_accuracy: 0.534765625
  cifar10_top5_accuracy: 0.91953125

2024-03-26 16:08:39,443 - INFO - Epoch 168/200
2024-03-26 16:08:39,830 - INFO - Train Stats
Loss:
  total: 0.03775120200589299
Metrics:
  cifar10_top1_accuracy: 0.9929387047886848
  cifar10_top5_accuracy: 1.0

2024-03-26 16:08:40,276 - INFO - Validation Stats
Loss:
  total: 2.661804822087288
Metrics:
  cifar10_top1_accuracy: 0.5345703125
  cifar10_top5_accuracy: 0.9189453125

2024-03-26 16:08:40,276 - INFO - Epoch 169/200
2024-03-26 16:08:40,655 - INFO - Train Stats
Loss:
  total: 0.023322985507547855
Metrics:
  cifar10_top1_accuracy: 0.998046875
  cifar10_top5_accuracy: 1.0

2024-03-26 16:08:41,108 - INFO - Validation Stats
Loss:
  total: 2.6560410261154175
Metrics:
  cifar10_top1_accuracy: 0.535546875
  cifar10_top5_accuracy: 0.9185546875

2024-03-26 16:08:41,108 - INFO - Epoch 170/200
2024-03-26 16:08:41,479 - INFO - Train Stats
Loss:
  total: 0.033268105471506715
Metrics:
  cifar10_top1_accuracy: 0.9929387047886848
  cifar10_top5_accuracy: 1.0

2024-03-26 16:08:41,957 - INFO - Validation Stats
Loss:
  total: 2.6631163150072097
Metrics:
  cifar10_top1_accuracy: 0.534765625
  cifar10_top5_accuracy: 0.9189453125

2024-03-26 16:08:41,958 - INFO - Epoch 171/200
2024-03-26 16:08:42,330 - INFO - Train Stats
Loss:
  total: 0.03344699274748564
Metrics:
  cifar10_top1_accuracy: 0.9919621422886848
  cifar10_top5_accuracy: 1.0

2024-03-26 16:08:42,796 - INFO - Validation Stats
Loss:
  total: 2.66094471514225
Metrics:
  cifar10_top1_accuracy: 0.5341796875
  cifar10_top5_accuracy: 0.919921875

2024-03-26 16:08:42,797 - INFO - Epoch 172/200
2024-03-26 16:08:43,141 - INFO - Train Stats
Loss:
  total: 0.029572288505733013
Metrics:
  cifar10_top1_accuracy: 0.9929387047886848
  cifar10_top5_accuracy: 1.0

2024-03-26 16:08:43,669 - INFO - Validation Stats
Loss:
  total: 2.670870178937912
Metrics:
  cifar10_top1_accuracy: 0.532421875
  cifar10_top5_accuracy: 0.9201171875

2024-03-26 16:08:43,670 - INFO - Epoch 173/200
2024-03-26 16:08:44,035 - INFO - Train Stats
Loss:
  total: 0.0377944007050246
Metrics:
  cifar10_top1_accuracy: 0.9892578125
  cifar10_top5_accuracy: 1.0

2024-03-26 16:08:44,540 - INFO - Validation Stats
Loss:
  total: 2.679912030696869
Metrics:
  cifar10_top1_accuracy: 0.53359375
  cifar10_top5_accuracy: 0.9197265625

2024-03-26 16:08:44,540 - INFO - Epoch 174/200
2024-03-26 16:08:44,910 - INFO - Train Stats
Loss:
  total: 0.03104533487930894
Metrics:
  cifar10_top1_accuracy: 0.9951171875
  cifar10_top5_accuracy: 1.0

2024-03-26 16:08:45,372 - INFO - Validation Stats
Loss:
  total: 2.674592265486717
Metrics:
  cifar10_top1_accuracy: 0.533984375
  cifar10_top5_accuracy: 0.91953125

2024-03-26 16:08:45,372 - INFO - Epoch 175/200
2024-03-26 16:08:45,736 - INFO - Train Stats
Loss:
  total: 0.029221286065876484
Metrics:
  cifar10_top1_accuracy: 0.994140625
  cifar10_top5_accuracy: 1.0

2024-03-26 16:08:46,173 - INFO - Validation Stats
Loss:
  total: 2.6706479609012606
Metrics:
  cifar10_top1_accuracy: 0.533203125
  cifar10_top5_accuracy: 0.91875

2024-03-26 16:08:46,173 - INFO - Epoch 176/200
2024-03-26 16:08:46,512 - INFO - Train Stats
Loss:
  total: 0.030642414931207895
Metrics:
  cifar10_top1_accuracy: 0.9948918297886848
  cifar10_top5_accuracy: 1.0

2024-03-26 16:08:47,039 - INFO - Validation Stats
Loss:
  total: 2.6774982511997223
Metrics:
  cifar10_top1_accuracy: 0.5318359375
  cifar10_top5_accuracy: 0.9189453125

2024-03-26 16:08:47,040 - INFO - Epoch 177/200
2024-03-26 16:08:47,394 - INFO - Train Stats
Loss:
  total: 0.03121528192423284
Metrics:
  cifar10_top1_accuracy: 0.9939152672886848
  cifar10_top5_accuracy: 1.0

2024-03-26 16:08:47,877 - INFO - Validation Stats
Loss:
  total: 2.6724926471710204
Metrics:
  cifar10_top1_accuracy: 0.53359375
  cifar10_top5_accuracy: 0.9185546875

2024-03-26 16:08:47,877 - INFO - Epoch 178/200
2024-03-26 16:08:48,260 - INFO - Train Stats
Loss:
  total: 0.033620529691688716
Metrics:
  cifar10_top1_accuracy: 0.9924879819154739
  cifar10_top5_accuracy: 1.0

2024-03-26 16:08:48,759 - INFO - Validation Stats
Loss:
  total: 2.6642478168010713
Metrics:
  cifar10_top1_accuracy: 0.5333984375
  cifar10_top5_accuracy: 0.9208984375

2024-03-26 16:08:48,759 - INFO - Epoch 179/200
2024-03-26 16:08:49,158 - INFO - Train Stats
Loss:
  total: 0.0361948711797595
Metrics:
  cifar10_top1_accuracy: 0.9929387047886848
  cifar10_top5_accuracy: 1.0

2024-03-26 16:08:49,651 - INFO - Validation Stats
Loss:
  total: 2.6726615905761717
Metrics:
  cifar10_top1_accuracy: 0.532421875
  cifar10_top5_accuracy: 0.92109375

2024-03-26 16:08:49,651 - INFO - Epoch 180/200
2024-03-26 16:08:49,985 - INFO - Train Stats
Loss:
  total: 0.0336286979727447
Metrics:
  cifar10_top1_accuracy: 0.9948918297886848
  cifar10_top5_accuracy: 1.0

2024-03-26 16:08:50,507 - INFO - Validation Stats
Loss:
  total: 2.660388696193695
Metrics:
  cifar10_top1_accuracy: 0.5318359375
  cifar10_top5_accuracy: 0.9224609375

2024-03-26 16:08:50,549 - INFO - Epoch 181/200
2024-03-26 16:08:50,913 - INFO - Train Stats
Loss:
  total: 0.02895447169430554
Metrics:
  cifar10_top1_accuracy: 0.99609375
  cifar10_top5_accuracy: 1.0

2024-03-26 16:08:51,396 - INFO - Validation Stats
Loss:
  total: 2.661823371052742
Metrics:
  cifar10_top1_accuracy: 0.533203125
  cifar10_top5_accuracy: 0.92265625

2024-03-26 16:08:51,396 - INFO - Epoch 182/200
2024-03-26 16:08:51,741 - INFO - Train Stats
Loss:
  total: 0.028005719650536776
Metrics:
  cifar10_top1_accuracy: 0.9951171875
  cifar10_top5_accuracy: 1.0

2024-03-26 16:08:52,258 - INFO - Validation Stats
Loss:
  total: 2.655965840816498
Metrics:
  cifar10_top1_accuracy: 0.533203125
  cifar10_top5_accuracy: 0.9228515625

2024-03-26 16:08:52,259 - INFO - Epoch 183/200
2024-03-26 16:08:52,604 - INFO - Train Stats
Loss:
  total: 0.028916309704072773
Metrics:
  cifar10_top1_accuracy: 0.9917367771267891
  cifar10_top5_accuracy: 1.0

2024-03-26 16:08:53,092 - INFO - Validation Stats
Loss:
  total: 2.6663140445947646
Metrics:
  cifar10_top1_accuracy: 0.5337890625
  cifar10_top5_accuracy: 0.9185546875

2024-03-26 16:08:53,092 - INFO - Epoch 184/200
2024-03-26 16:08:53,449 - INFO - Train Stats
Loss:
  total: 0.036370716406963766
Metrics:
  cifar10_top1_accuracy: 0.9912109375
  cifar10_top5_accuracy: 1.0

2024-03-26 16:08:53,974 - INFO - Validation Stats
Loss:
  total: 2.6627330780029297
Metrics:
  cifar10_top1_accuracy: 0.531640625
  cifar10_top5_accuracy: 0.919140625

2024-03-26 16:08:53,974 - INFO - Epoch 185/200
2024-03-26 16:08:54,345 - INFO - Train Stats
Loss:
  total: 0.024807574111036956
Metrics:
  cifar10_top1_accuracy: 0.99609375
  cifar10_top5_accuracy: 1.0

2024-03-26 16:08:54,789 - INFO - Validation Stats
Loss:
  total: 2.670218163728714
Metrics:
  cifar10_top1_accuracy: 0.5333984375
  cifar10_top5_accuracy: 0.91953125

2024-03-26 16:08:54,789 - INFO - Epoch 186/200
2024-03-26 16:08:55,117 - INFO - Train Stats
Loss:
  total: 0.026576693868264556
Metrics:
  cifar10_top1_accuracy: 0.9919621422886848
  cifar10_top5_accuracy: 1.0

2024-03-26 16:08:55,607 - INFO - Validation Stats
Loss:
  total: 2.67596717774868
Metrics:
  cifar10_top1_accuracy: 0.5333984375
  cifar10_top5_accuracy: 0.9224609375

2024-03-26 16:08:55,608 - INFO - Epoch 187/200
2024-03-26 16:08:55,974 - INFO - Train Stats
Loss:
  total: 0.03370085556525737
Metrics:
  cifar10_top1_accuracy: 0.9921875
  cifar10_top5_accuracy: 1.0

2024-03-26 16:08:56,457 - INFO - Validation Stats
Loss:
  total: 2.688498303294182
Metrics:
  cifar10_top1_accuracy: 0.5318359375
  cifar10_top5_accuracy: 0.9177734375

2024-03-26 16:08:56,457 - INFO - Epoch 188/200
2024-03-26 16:08:56,791 - INFO - Train Stats
Loss:
  total: 0.030242966022342443
Metrics:
  cifar10_top1_accuracy: 0.9970703125
  cifar10_top5_accuracy: 1.0

2024-03-26 16:08:57,276 - INFO - Validation Stats
Loss:
  total: 2.684864157438278
Metrics:
  cifar10_top1_accuracy: 0.5310546875
  cifar10_top5_accuracy: 0.9185546875

2024-03-26 16:08:57,277 - INFO - Epoch 189/200
2024-03-26 16:08:57,631 - INFO - Train Stats
Loss:
  total: 0.035188349545933306
Metrics:
  cifar10_top1_accuracy: 0.9929387047886848
  cifar10_top5_accuracy: 1.0

2024-03-26 16:08:58,162 - INFO - Validation Stats
Loss:
  total: 2.682852765917778
Metrics:
  cifar10_top1_accuracy: 0.5294921875
  cifar10_top5_accuracy: 0.918359375

2024-03-26 16:08:58,162 - INFO - Epoch 190/200
2024-03-26 16:08:58,501 - INFO - Train Stats
Loss:
  total: 0.032444254495203495
Metrics:
  cifar10_top1_accuracy: 0.9929387047886848
  cifar10_top5_accuracy: 1.0

2024-03-26 16:08:59,030 - INFO - Validation Stats
Loss:
  total: 2.680906644463539
Metrics:
  cifar10_top1_accuracy: 0.530078125
  cifar10_top5_accuracy: 0.919140625

2024-03-26 16:08:59,030 - INFO - Epoch 191/200
2024-03-26 16:08:59,358 - INFO - Train Stats
Loss:
  total: 0.03461351944133639
Metrics:
  cifar10_top1_accuracy: 0.994140625
  cifar10_top5_accuracy: 1.0

2024-03-26 16:08:59,827 - INFO - Validation Stats
Loss:
  total: 2.6884536325931547
Metrics:
  cifar10_top1_accuracy: 0.530859375
  cifar10_top5_accuracy: 0.91796875

2024-03-26 16:08:59,827 - INFO - Epoch 192/200
2024-03-26 16:09:00,211 - INFO - Train Stats
Loss:
  total: 0.030664814286865294
Metrics:
  cifar10_top1_accuracy: 0.9946664646267891
  cifar10_top5_accuracy: 1.0

2024-03-26 16:09:00,701 - INFO - Validation Stats
Loss:
  total: 2.6821693927049637
Metrics:
  cifar10_top1_accuracy: 0.5306640625
  cifar10_top5_accuracy: 0.919140625

2024-03-26 16:09:00,702 - INFO - Epoch 193/200
2024-03-26 16:09:01,056 - INFO - Train Stats
Loss:
  total: 0.03609588439576328
Metrics:
  cifar10_top1_accuracy: 0.9912109375
  cifar10_top5_accuracy: 1.0

2024-03-26 16:09:01,547 - INFO - Validation Stats
Loss:
  total: 2.677359402179718
Metrics:
  cifar10_top1_accuracy: 0.530859375
  cifar10_top5_accuracy: 0.9193359375

2024-03-26 16:09:01,547 - INFO - Epoch 194/200
2024-03-26 16:09:01,944 - INFO - Train Stats
Loss:
  total: 0.030181706650182605
Metrics:
  cifar10_top1_accuracy: 0.994140625
  cifar10_top5_accuracy: 1.0

2024-03-26 16:09:02,392 - INFO - Validation Stats
Loss:
  total: 2.681888234615326
Metrics:
  cifar10_top1_accuracy: 0.5322265625
  cifar10_top5_accuracy: 0.918359375

2024-03-26 16:09:02,392 - INFO - Epoch 195/200
2024-03-26 16:09:02,746 - INFO - Train Stats
Loss:
  total: 0.029670223710127175
Metrics:
  cifar10_top1_accuracy: 0.9970703125
  cifar10_top5_accuracy: 1.0

2024-03-26 16:09:03,272 - INFO - Validation Stats
Loss:
  total: 2.680571910738945
Metrics:
  cifar10_top1_accuracy: 0.5302734375
  cifar10_top5_accuracy: 0.9189453125

2024-03-26 16:09:03,272 - INFO - Epoch 196/200
2024-03-26 16:09:03,644 - INFO - Train Stats
Loss:
  total: 0.030107028782367706
Metrics:
  cifar10_top1_accuracy: 0.994140625
  cifar10_top5_accuracy: 1.0

2024-03-26 16:09:04,109 - INFO - Validation Stats
Loss:
  total: 2.667985263466835
Metrics:
  cifar10_top1_accuracy: 0.530859375
  cifar10_top5_accuracy: 0.91875

2024-03-26 16:09:04,109 - INFO - Epoch 197/200
2024-03-26 16:09:04,459 - INFO - Train Stats
Loss:
  total: 0.03627147793304175
Metrics:
  cifar10_top1_accuracy: 0.9890324547886848
  cifar10_top5_accuracy: 1.0

2024-03-26 16:09:05,011 - INFO - Validation Stats
Loss:
  total: 2.6687529146671296
Metrics:
  cifar10_top1_accuracy: 0.5322265625
  cifar10_top5_accuracy: 0.918359375

2024-03-26 16:09:05,011 - INFO - Epoch 198/200
2024-03-26 16:09:05,391 - INFO - Train Stats
Loss:
  total: 0.027009025332517922
Metrics:
  cifar10_top1_accuracy: 0.9958683922886848
  cifar10_top5_accuracy: 1.0

2024-03-26 16:09:05,910 - INFO - Validation Stats
Loss:
  total: 2.6769452810287477
Metrics:
  cifar10_top1_accuracy: 0.533984375
  cifar10_top5_accuracy: 0.9181640625

2024-03-26 16:09:05,910 - INFO - Epoch 199/200
2024-03-26 16:09:06,245 - INFO - Train Stats
Loss:
  total: 0.031738105695694685
Metrics:
  cifar10_top1_accuracy: 0.9912109375
  cifar10_top5_accuracy: 1.0

2024-03-26 16:09:06,734 - INFO - Validation Stats
Loss:
  total: 2.674567586183548
Metrics:
  cifar10_top1_accuracy: 0.533984375
  cifar10_top5_accuracy: 0.918359375

2024-03-26 16:09:06,735 - INFO - Epoch 200/200
2024-03-26 16:09:07,081 - INFO - Train Stats
Loss:
  total: 0.03762055141851306
Metrics:
  cifar10_top1_accuracy: 0.9873046875
  cifar10_top5_accuracy: 1.0

2024-03-26 16:09:07,563 - INFO - Validation Stats
Loss:
  total: 2.6746020704507827
Metrics:
  cifar10_top1_accuracy: 0.5345703125
  cifar10_top5_accuracy: 0.9181640625

2024-03-26 16:09:07,607 - INFO - Best validation loss: 1.653619000315666
2024-03-26 16:09:07,671 - INFO - Best model saved to /home/up201905337/exploring-label-efficiency/weights/sl_cifar10_wideresnet28_2_1000l.pth
2024-03-26 16:09:07,672 - INFO - Training took 167.87205004692078 seconds to complete
