2024-04-28 20:15:20,569 - INFO - Loading configuration files...
2024-04-28 20:15:20,614 - INFO - Loading model configuration
args:
  depth: 28
  num_classes: 10
  width: 2
class: WideResNet

2024-04-28 20:15:21,479 - INFO - Loading train_dataset configuration
args:
  num_labeled: 1000
  root: ./data/
  train_val_split: 0.9
class: SemiSupervisedCIFAR10

2024-04-28 20:15:21,491 - INFO - Loading optimizer configuration
args:
  lr: 0.0003
  weight_decay: 0.0004
class: Adam

2024-04-28 20:15:21,492 - INFO - Loading method configuration
args:
  projection_dim: 128
  temperature: 0.1
class: SimCLRCIFAR10

2024-04-28 20:15:21,492 - INFO - Loading metrics configuration
{}

2024-04-28 20:15:21,590 - INFO - Loading scheduler configuration
args:
  T_max: 200
class: CosineAnnealingLR

2024-04-28 20:15:21,591 - INFO - Loading hyperparameters configuration
batch_size: 256
ema_decay: null
epochs: 100
max_num_samples: 7000
num_workers: 4
save_freq: 30

2024-04-28 20:15:22,111 - INFO - Using device: cuda
2024-04-28 20:15:22,433 - INFO - Training for 100 epochs
2024-04-28 20:15:22,433 - INFO - Epoch 1/100
2024-04-28 20:15:25,431 - INFO - Train Stats
Loss:
  total: 5.265167757316872
Metrics: {}

2024-04-28 20:15:25,479 - INFO - Epoch 2/100
2024-04-28 20:15:27,461 - INFO - Train Stats
Loss:
  total: 4.622028386151349
Metrics: {}

2024-04-28 20:15:27,509 - INFO - Epoch 3/100
2024-04-28 20:15:29,519 - INFO - Train Stats
Loss:
  total: 4.559100106910423
Metrics: {}

2024-04-28 20:15:29,569 - INFO - Epoch 4/100
2024-04-28 20:15:31,581 - INFO - Train Stats
Loss:
  total: 4.071212750894052
Metrics: {}

2024-04-28 20:15:31,636 - INFO - Epoch 5/100
2024-04-28 20:15:33,618 - INFO - Train Stats
Loss:
  total: 3.873390127111364
Metrics: {}

2024-04-28 20:15:33,664 - INFO - Epoch 6/100
2024-04-28 20:15:35,627 - INFO - Train Stats
Loss:
  total: 3.3655066225263806
Metrics: {}

2024-04-28 20:15:35,684 - INFO - Epoch 7/100
2024-04-28 20:15:37,669 - INFO - Train Stats
Loss:
  total: 3.3362166351742215
Metrics: {}

2024-04-28 20:15:37,720 - INFO - Epoch 8/100
2024-04-28 20:15:39,705 - INFO - Train Stats
Loss:
  total: 3.0954557392332287
Metrics: {}

2024-04-28 20:15:39,757 - INFO - Epoch 9/100
2024-04-28 20:15:41,735 - INFO - Train Stats
Loss:
  total: 2.7959444522857666
Metrics: {}

2024-04-28 20:15:41,791 - INFO - Epoch 10/100
2024-04-28 20:15:43,730 - INFO - Train Stats
Loss:
  total: 2.6493057277467518
Metrics: {}

2024-04-28 20:15:43,776 - INFO - Epoch 11/100
2024-04-28 20:15:45,710 - INFO - Train Stats
Loss:
  total: 2.544024176067776
Metrics: {}

2024-04-28 20:15:45,755 - INFO - Epoch 12/100
2024-04-28 20:15:47,735 - INFO - Train Stats
Loss:
  total: 2.4746917066750704
Metrics: {}

2024-04-28 20:15:47,780 - INFO - Epoch 13/100
2024-04-28 20:15:49,718 - INFO - Train Stats
Loss:
  total: 2.559875907721343
Metrics: {}

2024-04-28 20:15:49,718 - INFO - Epoch 14/100
2024-04-28 20:15:51,652 - INFO - Train Stats
Loss:
  total: 2.226058430141873
Metrics: {}

2024-04-28 20:15:51,694 - INFO - Epoch 15/100
2024-04-28 20:15:53,648 - INFO - Train Stats
Loss:
  total: 2.490431269009908
Metrics: {}

2024-04-28 20:15:53,648 - INFO - Epoch 16/100
2024-04-28 20:15:55,648 - INFO - Train Stats
Loss:
  total: 2.192377969070717
Metrics: {}

2024-04-28 20:15:55,695 - INFO - Epoch 17/100
2024-04-28 20:15:57,649 - INFO - Train Stats
Loss:
  total: 2.424213601483239
Metrics: {}

2024-04-28 20:15:57,649 - INFO - Epoch 18/100
2024-04-28 20:15:59,565 - INFO - Train Stats
Loss:
  total: 1.966383280577483
Metrics: {}

2024-04-28 20:15:59,613 - INFO - Epoch 19/100
2024-04-28 20:16:01,558 - INFO - Train Stats
Loss:
  total: 2.241335654700244
Metrics: {}

2024-04-28 20:16:01,558 - INFO - Epoch 20/100
2024-04-28 20:16:03,486 - INFO - Train Stats
Loss:
  total: 1.847284906440311
Metrics: {}

2024-04-28 20:16:03,532 - INFO - Epoch 21/100
2024-04-28 20:16:05,483 - INFO - Train Stats
Loss:
  total: 1.9004543865168537
Metrics: {}

2024-04-28 20:16:05,483 - INFO - Epoch 22/100
2024-04-28 20:16:07,407 - INFO - Train Stats
Loss:
  total: 1.6522441020718328
Metrics: {}

2024-04-28 20:16:07,465 - INFO - Epoch 23/100
2024-04-28 20:16:09,399 - INFO - Train Stats
Loss:
  total: 1.8342430017612599
Metrics: {}

2024-04-28 20:16:09,400 - INFO - Epoch 24/100
2024-04-28 20:16:11,330 - INFO - Train Stats
Loss:
  total: 1.8996153981597335
Metrics: {}

2024-04-28 20:16:11,330 - INFO - Epoch 25/100
2024-04-28 20:16:13,303 - INFO - Train Stats
Loss:
  total: 1.6691119262465723
Metrics: {}

2024-04-28 20:16:13,304 - INFO - Epoch 26/100
2024-04-28 20:16:15,250 - INFO - Train Stats
Loss:
  total: 1.81621590146312
Metrics: {}

2024-04-28 20:16:15,250 - INFO - Epoch 27/100
2024-04-28 20:16:17,196 - INFO - Train Stats
Loss:
  total: 2.0952178526807717
Metrics: {}

2024-04-28 20:16:17,196 - INFO - Epoch 28/100
2024-04-28 20:16:19,190 - INFO - Train Stats
Loss:
  total: 1.9003300777188055
Metrics: {}

2024-04-28 20:16:19,190 - INFO - Epoch 29/100
2024-04-28 20:16:21,157 - INFO - Train Stats
Loss:
  total: 1.715541665200834
Metrics: {}

2024-04-28 20:16:21,157 - INFO - Epoch 30/100
2024-04-28 20:16:23,108 - INFO - Train Stats
Loss:
  total: 1.6196578917679962
Metrics: {}

2024-04-28 20:16:23,203 - INFO - Epoch 31/100
2024-04-28 20:16:25,156 - INFO - Train Stats
Loss:
  total: 1.7258552820594222
Metrics: {}

2024-04-28 20:16:25,156 - INFO - Epoch 32/100
2024-04-28 20:16:27,089 - INFO - Train Stats
Loss:
  total: 1.7110407021310594
Metrics: {}

2024-04-28 20:16:27,089 - INFO - Epoch 33/100
2024-04-28 20:16:29,062 - INFO - Train Stats
Loss:
  total: 1.7686219347847834
Metrics: {}

2024-04-28 20:16:29,062 - INFO - Epoch 34/100
2024-04-28 20:16:30,993 - INFO - Train Stats
Loss:
  total: 1.5827235424960102
Metrics: {}

2024-04-28 20:16:31,052 - INFO - Epoch 35/100
2024-04-28 20:16:32,995 - INFO - Train Stats
Loss:
  total: 1.5053677779656869
Metrics: {}

2024-04-28 20:16:33,039 - INFO - Epoch 36/100
2024-04-28 20:16:34,977 - INFO - Train Stats
Loss:
  total: 1.6253532690030557
Metrics: {}

2024-04-28 20:16:34,977 - INFO - Epoch 37/100
2024-04-28 20:16:36,923 - INFO - Train Stats
Loss:
  total: 1.4873936971028645
Metrics: {}

2024-04-28 20:16:37,000 - INFO - Epoch 38/100
2024-04-28 20:16:39,017 - INFO - Train Stats
Loss:
  total: 1.3218663434187572
Metrics: {}

2024-04-28 20:16:39,067 - INFO - Epoch 39/100
2024-04-28 20:16:41,006 - INFO - Train Stats
Loss:
  total: 1.3782443227591339
Metrics: {}

2024-04-28 20:16:41,007 - INFO - Epoch 40/100
2024-04-28 20:16:42,920 - INFO - Train Stats
Loss:
  total: 1.6432810712743688
Metrics: {}

2024-04-28 20:16:42,920 - INFO - Epoch 41/100
2024-04-28 20:16:44,864 - INFO - Train Stats
Loss:
  total: 1.458860057371634
Metrics: {}

2024-04-28 20:16:44,864 - INFO - Epoch 42/100
2024-04-28 20:16:46,771 - INFO - Train Stats
Loss:
  total: 1.6237442449287132
Metrics: {}

2024-04-28 20:16:46,771 - INFO - Epoch 43/100
2024-04-28 20:16:48,691 - INFO - Train Stats
Loss:
  total: 1.2161287245927033
Metrics: {}

2024-04-28 20:16:48,744 - INFO - Epoch 44/100
2024-04-28 20:16:50,698 - INFO - Train Stats
Loss:
  total: 1.4708556488708213
Metrics: {}

2024-04-28 20:16:50,698 - INFO - Epoch 45/100
2024-04-28 20:16:52,653 - INFO - Train Stats
Loss:
  total: 1.2857800766273781
Metrics: {}

2024-04-28 20:16:52,654 - INFO - Epoch 46/100
2024-04-28 20:16:54,615 - INFO - Train Stats
Loss:
  total: 1.4033991010100753
Metrics: {}

2024-04-28 20:16:54,615 - INFO - Epoch 47/100
2024-04-28 20:16:56,556 - INFO - Train Stats
Loss:
  total: 1.4154378352341828
Metrics: {}

2024-04-28 20:16:56,557 - INFO - Epoch 48/100
2024-04-28 20:16:58,493 - INFO - Train Stats
Loss:
  total: 1.3870919832476862
Metrics: {}

2024-04-28 20:16:58,494 - INFO - Epoch 49/100
2024-04-28 20:17:00,408 - INFO - Train Stats
Loss:
  total: 1.191690300349836
Metrics: {}

2024-04-28 20:17:00,449 - INFO - Epoch 50/100
2024-04-28 20:17:02,390 - INFO - Train Stats
Loss:
  total: 1.2344091854713581
Metrics: {}

2024-04-28 20:17:02,390 - INFO - Epoch 51/100
2024-04-28 20:17:04,312 - INFO - Train Stats
Loss:
  total: 1.3072351504255224
Metrics: {}

2024-04-28 20:17:04,313 - INFO - Epoch 52/100
2024-04-28 20:17:06,232 - INFO - Train Stats
Loss:
  total: 1.5075947355341028
Metrics: {}

2024-04-28 20:17:06,232 - INFO - Epoch 53/100
2024-04-28 20:17:08,191 - INFO - Train Stats
Loss:
  total: 1.106315130436862
Metrics: {}

2024-04-28 20:17:08,233 - INFO - Epoch 54/100
2024-04-28 20:17:10,182 - INFO - Train Stats
Loss:
  total: 1.349195796030539
Metrics: {}

2024-04-28 20:17:10,183 - INFO - Epoch 55/100
2024-04-28 20:17:12,145 - INFO - Train Stats
Loss:
  total: 1.3545528407450076
Metrics: {}

2024-04-28 20:17:12,145 - INFO - Epoch 56/100
2024-04-28 20:17:14,133 - INFO - Train Stats
Loss:
  total: 1.0329370708377272
Metrics: {}

2024-04-28 20:17:14,178 - INFO - Epoch 57/100
2024-04-28 20:17:16,128 - INFO - Train Stats
Loss:
  total: 1.5326600737041898
Metrics: {}

2024-04-28 20:17:16,128 - INFO - Epoch 58/100
2024-04-28 20:17:18,034 - INFO - Train Stats
Loss:
  total: 1.1949599517716303
Metrics: {}

2024-04-28 20:17:18,034 - INFO - Epoch 59/100
2024-04-28 20:17:19,953 - INFO - Train Stats
Loss:
  total: 1.2689620157082875
Metrics: {}

2024-04-28 20:17:19,953 - INFO - Epoch 60/100
2024-04-28 20:17:21,875 - INFO - Train Stats
Loss:
  total: 1.0383120168138433
Metrics: {}

2024-04-28 20:17:21,921 - INFO - Epoch 61/100
2024-04-28 20:17:23,856 - INFO - Train Stats
Loss:
  total: 1.423009854775888
Metrics: {}

2024-04-28 20:17:23,856 - INFO - Epoch 62/100
2024-04-28 20:17:25,781 - INFO - Train Stats
Loss:
  total: 1.16397245393859
Metrics: {}

2024-04-28 20:17:25,781 - INFO - Epoch 63/100
2024-04-28 20:17:27,713 - INFO - Train Stats
Loss:
  total: 1.088384864506898
Metrics: {}

2024-04-28 20:17:27,713 - INFO - Epoch 64/100
2024-04-28 20:17:29,686 - INFO - Train Stats
Loss:
  total: 1.322074876891242
Metrics: {}

2024-04-28 20:17:29,687 - INFO - Epoch 65/100
2024-04-28 20:17:31,621 - INFO - Train Stats
Loss:
  total: 1.1201084245134283
Metrics: {}

2024-04-28 20:17:31,621 - INFO - Epoch 66/100
2024-04-28 20:17:33,544 - INFO - Train Stats
Loss:
  total: 1.1388572575869385
Metrics: {}

2024-04-28 20:17:33,544 - INFO - Epoch 67/100
2024-04-28 20:17:35,474 - INFO - Train Stats
Loss:
  total: 1.3582916524675157
Metrics: {}

2024-04-28 20:17:35,474 - INFO - Epoch 68/100
2024-04-28 20:17:37,384 - INFO - Train Stats
Loss:
  total: 1.2150699507307123
Metrics: {}

2024-04-28 20:17:37,384 - INFO - Epoch 69/100
2024-04-28 20:17:39,308 - INFO - Train Stats
Loss:
  total: 0.9777057424739555
Metrics: {}

2024-04-28 20:17:39,349 - INFO - Epoch 70/100
2024-04-28 20:17:41,279 - INFO - Train Stats
Loss:
  total: 0.9808104303148057
Metrics: {}

2024-04-28 20:17:41,279 - INFO - Epoch 71/100
2024-04-28 20:17:43,228 - INFO - Train Stats
Loss:
  total: 1.172707658123087
Metrics: {}

2024-04-28 20:17:43,228 - INFO - Epoch 72/100
2024-04-28 20:17:45,177 - INFO - Train Stats
Loss:
  total: 1.1497817304399278
Metrics: {}

2024-04-28 20:17:45,177 - INFO - Epoch 73/100
2024-04-28 20:17:47,174 - INFO - Train Stats
Loss:
  total: 1.2935192640180941
Metrics: {}

2024-04-28 20:17:47,174 - INFO - Epoch 74/100
2024-04-28 20:17:49,123 - INFO - Train Stats
Loss:
  total: 1.2419932175565649
Metrics: {}

2024-04-28 20:17:49,123 - INFO - Epoch 75/100
2024-04-28 20:17:51,074 - INFO - Train Stats
Loss:
  total: 0.9900307004098539
Metrics: {}

2024-04-28 20:17:51,074 - INFO - Epoch 76/100
2024-04-28 20:17:53,035 - INFO - Train Stats
Loss:
  total: 1.0377553591021784
Metrics: {}

2024-04-28 20:17:53,035 - INFO - Epoch 77/100
2024-04-28 20:17:54,982 - INFO - Train Stats
Loss:
  total: 1.1329090253070548
Metrics: {}

2024-04-28 20:17:54,983 - INFO - Epoch 78/100
2024-04-28 20:17:56,906 - INFO - Train Stats
Loss:
  total: 1.2764270106951396
Metrics: {}

2024-04-28 20:17:56,906 - INFO - Epoch 79/100
2024-04-28 20:17:58,861 - INFO - Train Stats
Loss:
  total: 1.2501586708757613
Metrics: {}

2024-04-28 20:17:58,861 - INFO - Epoch 80/100
2024-04-28 20:18:00,854 - INFO - Train Stats
Loss:
  total: 1.1322564482688904
Metrics: {}

2024-04-28 20:18:00,854 - INFO - Epoch 81/100
2024-04-28 20:18:02,846 - INFO - Train Stats
Loss:
  total: 1.2434209419621363
Metrics: {}

2024-04-28 20:18:02,847 - INFO - Epoch 82/100
2024-04-28 20:18:04,817 - INFO - Train Stats
Loss:
  total: 1.0741104858892936
Metrics: {}

2024-04-28 20:18:04,817 - INFO - Epoch 83/100
2024-04-28 20:18:06,761 - INFO - Train Stats
Loss:
  total: 1.123960527005019
Metrics: {}

2024-04-28 20:18:06,761 - INFO - Epoch 84/100
2024-04-28 20:18:08,709 - INFO - Train Stats
Loss:
  total: 1.0604333700957123
Metrics: {}

2024-04-28 20:18:08,710 - INFO - Epoch 85/100
2024-04-28 20:18:10,657 - INFO - Train Stats
Loss:
  total: 1.070014754931132
Metrics: {}

2024-04-28 20:18:10,657 - INFO - Epoch 86/100
2024-04-28 20:18:12,625 - INFO - Train Stats
Loss:
  total: 1.5024249697173084
Metrics: {}

2024-04-28 20:18:12,625 - INFO - Epoch 87/100
2024-04-28 20:18:14,631 - INFO - Train Stats
Loss:
  total: 0.9965252523069028
Metrics: {}

2024-04-28 20:18:14,632 - INFO - Epoch 88/100
2024-04-28 20:18:16,589 - INFO - Train Stats
Loss:
  total: 1.03898091117541
Metrics: {}

2024-04-28 20:18:16,589 - INFO - Epoch 89/100
2024-04-28 20:18:18,525 - INFO - Train Stats
Loss:
  total: 0.8293884882220516
Metrics: {}

2024-04-28 20:18:18,574 - INFO - Epoch 90/100
2024-04-28 20:18:20,536 - INFO - Train Stats
Loss:
  total: 0.8827013307147555
Metrics: {}

2024-04-28 20:18:20,581 - INFO - Epoch 91/100
2024-04-28 20:18:22,538 - INFO - Train Stats
Loss:
  total: 1.0507279104656644
Metrics: {}

2024-04-28 20:18:22,539 - INFO - Epoch 92/100
2024-04-28 20:18:24,462 - INFO - Train Stats
Loss:
  total: 0.8018727865484025
Metrics: {}

2024-04-28 20:18:24,508 - INFO - Epoch 93/100
2024-04-28 20:18:26,470 - INFO - Train Stats
Loss:
  total: 0.9587137081004955
Metrics: {}

2024-04-28 20:18:26,471 - INFO - Epoch 94/100
2024-04-28 20:18:28,398 - INFO - Train Stats
Loss:
  total: 1.0231798655456967
Metrics: {}

2024-04-28 20:18:28,398 - INFO - Epoch 95/100
2024-04-28 20:18:30,334 - INFO - Train Stats
Loss:
  total: 0.9331610412509354
Metrics: {}

2024-04-28 20:18:30,334 - INFO - Epoch 96/100
2024-04-28 20:18:32,279 - INFO - Train Stats
Loss:
  total: 1.1505711023454313
Metrics: {}

2024-04-28 20:18:32,279 - INFO - Epoch 97/100
2024-04-28 20:18:34,201 - INFO - Train Stats
Loss:
  total: 1.1701842491273526
Metrics: {}

2024-04-28 20:18:34,201 - INFO - Epoch 98/100
2024-04-28 20:18:36,147 - INFO - Train Stats
Loss:
  total: 0.8477340428917496
Metrics: {}

2024-04-28 20:18:36,147 - INFO - Epoch 99/100
2024-04-28 20:18:38,065 - INFO - Train Stats
Loss:
  total: 0.9085541566212972
Metrics: {}

2024-04-28 20:18:38,065 - INFO - Epoch 100/100
2024-04-28 20:18:39,986 - INFO - Train Stats
Loss:
  total: 1.1193630110334467
Metrics: {}

2024-04-28 20:18:40,031 - INFO - Best train loss: 0.8018727865484025
2024-04-28 20:18:40,085 - INFO - Best model saved to /home/up201905337/exploring-label-efficiency/weights/simclr_cifar10_wideresnet28_2_1000l_pretrained.pth
2024-04-28 20:18:40,086 - INFO - Training took 197.59764766693115 seconds to complete
