2024-06-24 16:45:42,801 - INFO - Loading configuration files...
2024-06-24 16:45:43,190 - INFO - Loading model configuration
args:
  backbone: mobilenet_v3_large
  num_classes: 20
class: DeepLabV3

2024-06-24 16:45:43,226 - INFO - Loading train_dataset configuration
args:
  num_labeled: 1238
  root: /data/auto/cityscapes
  train_val_split: 2475
class: SemiSupervisedCityscapesSeg

2024-06-24 16:45:43,366 - INFO - Loading val_dataset configuration
args:
  mode: fine
  root: /data/auto/cityscapes
  train_val_split: 2475
class: CityscapesSeg

2024-06-24 16:45:43,377 - INFO - Loading optimizer configuration
args:
  lr: 0.007
  momentum: 0.9
  weight_decay: 0.0005
class: SGD

2024-06-24 16:45:43,379 - INFO - Loading loss configuration
args:
  ignore_index: 0
class: CrossEntropyLoss

2024-06-24 16:45:43,401 - INFO - Loading metrics configuration
cityscapes_dice:
  args:
    average: micro
    ignore_index: 0
    num_classes: 20
  class: Dice
cityscapes_jaccard_macro:
  args:
    average: macro
    ignore_index: 0
    num_classes: 20
    task: multiclass
    validate_args: false
  class: JaccardIndex
cityscapes_jaccard_micro:
  args:
    average: micro
    ignore_index: 0
    num_classes: 20
    task: multiclass
    validate_args: false
  class: JaccardIndex

2024-06-24 16:45:43,406 - INFO - Loading scheduler configuration
args:
  power: 0.9
  total_iters: 120
class: PolynomialLR

2024-06-24 16:45:43,406 - INFO - Loading hyperparameters configuration
batch_size: 16
ema_decay: null
epochs: 120
num_workers: 4
save_freq: 10

2024-06-24 16:45:43,783 - INFO - Using device: cuda
2024-06-24 16:45:44,048 - INFO - Training for 120 epochs
2024-06-24 16:45:44,048 - INFO - Epoch 1/120
2024-06-24 16:46:39,547 - INFO - Train Stats
Loss:
  total: 0.905122683598445
Metrics:
  cityscapes_dice: 0.7284228683282168
  cityscapes_jaccard_macro: 0.17756100113575274
  cityscapes_jaccard_micro: 0.6380778243048832

2024-06-24 16:47:04,354 - INFO - Validation Stats
Loss:
  total: 0.5781925236806273
Metrics:
  cityscapes_dice: 0.7937235310673714
  cityscapes_jaccard_macro: 0.223321080673486
  cityscapes_jaccard_micro: 0.7152679320424795

2024-06-24 16:47:05,919 - INFO - Epoch 2/120
2024-06-24 16:48:06,840 - INFO - Train Stats
Loss:
  total: 0.5124008174125965
Metrics:
  cityscapes_dice: 0.8135668597160242
  cityscapes_jaccard_macro: 0.24505543326720214
  cityscapes_jaccard_micro: 0.7465726412259616

2024-06-24 16:48:30,568 - INFO - Validation Stats
Loss:
  total: 0.4719555852934718
Metrics:
  cityscapes_dice: 0.8194633834064007
  cityscapes_jaccard_macro: 0.26881551183760166
  cityscapes_jaccard_micro: 0.7582848146557808

2024-06-24 16:48:32,011 - INFO - Epoch 3/120
2024-06-24 16:49:30,859 - INFO - Train Stats
Loss:
  total: 0.4625959801368224
Metrics:
  cityscapes_dice: 0.8236135710508395
  cityscapes_jaccard_macro: 0.27351399052601594
  cityscapes_jaccard_micro: 0.7630134110267346

2024-06-24 16:49:54,710 - INFO - Validation Stats
Loss:
  total: 0.42760484386235476
Metrics:
  cityscapes_dice: 0.830783249810338
  cityscapes_jaccard_macro: 0.291083388030529
  cityscapes_jaccard_micro: 0.7747054491192102

2024-06-24 16:49:56,326 - INFO - Epoch 4/120
2024-06-24 16:50:58,111 - INFO - Train Stats
Loss:
  total: 0.42718967222250426
Metrics:
  cityscapes_dice: 0.8299332956473032
  cityscapes_jaccard_macro: 0.28703732310961455
  cityscapes_jaccard_micro: 0.7731802134941785

2024-06-24 16:51:21,779 - INFO - Validation Stats
Loss:
  total: 0.4071880830451846
Metrics:
  cityscapes_dice: 0.8346624411642551
  cityscapes_jaccard_macro: 0.30588329676538706
  cityscapes_jaccard_micro: 0.7814413867890835

2024-06-24 16:51:23,408 - INFO - Epoch 5/120
2024-06-24 16:52:19,239 - INFO - Train Stats
Loss:
  total: 0.4086924833364976
Metrics:
  cityscapes_dice: 0.8330995952471708
  cityscapes_jaccard_macro: 0.2979778842284129
  cityscapes_jaccard_micro: 0.7778995885298803

2024-06-24 16:52:43,930 - INFO - Validation Stats
Loss:
  total: 0.38688000943511724
Metrics:
  cityscapes_dice: 0.8380748517811298
  cityscapes_jaccard_macro: 0.31681248266249895
  cityscapes_jaccard_micro: 0.7882867641746998

2024-06-24 16:52:45,584 - INFO - Epoch 6/120
2024-06-24 16:53:47,017 - INFO - Train Stats
Loss:
  total: 0.3851674917416695
Metrics:
  cityscapes_dice: 0.8389866191607255
  cityscapes_jaccard_macro: 0.31711226052198654
  cityscapes_jaccard_micro: 0.787784490065697

2024-06-24 16:54:11,258 - INFO - Validation Stats
Loss:
  total: 0.38341138046234846
Metrics:
  cityscapes_dice: 0.8379777017980814
  cityscapes_jaccard_macro: 0.33697362802922726
  cityscapes_jaccard_micro: 0.7896787282079458

2024-06-24 16:54:13,030 - INFO - Epoch 7/120
2024-06-24 16:55:09,558 - INFO - Train Stats
Loss:
  total: 0.36195950783216035
Metrics:
  cityscapes_dice: 0.8444468814593095
  cityscapes_jaccard_macro: 0.33258175697082126
  cityscapes_jaccard_micro: 0.7977533485644903

2024-06-24 16:55:34,096 - INFO - Validation Stats
Loss:
  total: 0.358159925788641
Metrics:
  cityscapes_dice: 0.8455050941556692
  cityscapes_jaccard_macro: 0.3429875811561942
  cityscapes_jaccard_micro: 0.8004054706543684

2024-06-24 16:55:35,706 - INFO - Epoch 8/120
2024-06-24 16:56:35,468 - INFO - Train Stats
Loss:
  total: 0.3522066409007097
Metrics:
  cityscapes_dice: 0.8471514361026959
  cityscapes_jaccard_macro: 0.3433410494755476
  cityscapes_jaccard_micro: 0.8014919994733273

2024-06-24 16:56:59,763 - INFO - Validation Stats
Loss:
  total: 0.3447761731222272
Metrics:
  cityscapes_dice: 0.8477545529603958
  cityscapes_jaccard_macro: 0.34842295944690704
  cityscapes_jaccard_micro: 0.8046165183186531

2024-06-24 16:57:01,214 - INFO - Epoch 9/120
2024-06-24 16:58:02,796 - INFO - Train Stats
Loss:
  total: 0.33970534075529146
Metrics:
  cityscapes_dice: 0.850256200784292
  cityscapes_jaccard_macro: 0.35445471490040803
  cityscapes_jaccard_micro: 0.8064138086942526

2024-06-24 16:58:26,777 - INFO - Validation Stats
Loss:
  total: 0.335849579423666
Metrics:
  cityscapes_dice: 0.8493998274207115
  cityscapes_jaccard_macro: 0.34746549651026726
  cityscapes_jaccard_micro: 0.8062202129513025

2024-06-24 16:58:28,511 - INFO - Epoch 10/120
2024-06-24 16:59:26,850 - INFO - Train Stats
Loss:
  total: 0.32753054530192643
Metrics:
  cityscapes_dice: 0.8523093515481704
  cityscapes_jaccard_macro: 0.3638817629753015
  cityscapes_jaccard_micro: 0.8107591706972855

2024-06-24 16:59:50,566 - INFO - Validation Stats
Loss:
  total: 0.33780809585005045
Metrics:
  cityscapes_dice: 0.8482980169355869
  cityscapes_jaccard_macro: 0.36226599384099245
  cityscapes_jaccard_micro: 0.8062586542218924

2024-06-24 16:59:51,956 - INFO - Epoch 11/120
2024-06-24 17:00:49,242 - INFO - Train Stats
Loss:
  total: 0.3194036023356976
Metrics:
  cityscapes_dice: 0.8546585868566464
  cityscapes_jaccard_macro: 0.3759814000282532
  cityscapes_jaccard_micro: 0.8154608194644635

2024-06-24 17:01:13,760 - INFO - Validation Stats
Loss:
  total: 0.3422639239579439
Metrics:
  cityscapes_dice: 0.8477500546723604
  cityscapes_jaccard_macro: 0.3686774354428053
  cityscapes_jaccard_micro: 0.8033798225224018

2024-06-24 17:01:13,760 - INFO - Epoch 12/120
2024-06-24 17:02:17,054 - INFO - Train Stats
Loss:
  total: 0.31322744144843173
Metrics:
  cityscapes_dice: 0.8570699057517908
  cityscapes_jaccard_macro: 0.37118430779530454
  cityscapes_jaccard_micro: 0.8175992560692322

2024-06-24 17:02:41,225 - INFO - Validation Stats
Loss:
  total: 0.3214907329529524
Metrics:
  cityscapes_dice: 0.8528700545430183
  cityscapes_jaccard_macro: 0.3622681172564626
  cityscapes_jaccard_micro: 0.811067609116435

2024-06-24 17:02:42,647 - INFO - Epoch 13/120
2024-06-24 17:03:43,581 - INFO - Train Stats
Loss:
  total: 0.3066267661559276
Metrics:
  cityscapes_dice: 0.8568712151967562
  cityscapes_jaccard_macro: 0.3820764120572653
  cityscapes_jaccard_micro: 0.8198191477702215

2024-06-24 17:04:07,955 - INFO - Validation Stats
Loss:
  total: 0.3218762567266822
Metrics:
  cityscapes_dice: 0.8520981930196285
  cityscapes_jaccard_macro: 0.37497896794229746
  cityscapes_jaccard_micro: 0.810969665646553

2024-06-24 17:04:07,955 - INFO - Epoch 14/120
2024-06-24 17:05:08,792 - INFO - Train Stats
Loss:
  total: 0.3022076821862123
Metrics:
  cityscapes_dice: 0.8590641992214398
  cityscapes_jaccard_macro: 0.39061044806089157
  cityscapes_jaccard_micro: 0.8217546901641748

2024-06-24 17:05:32,790 - INFO - Validation Stats
Loss:
  total: 0.3142731226980686
Metrics:
  cityscapes_dice: 0.8542173001915216
  cityscapes_jaccard_macro: 0.3820899957790971
  cityscapes_jaccard_micro: 0.8151527438312769

2024-06-24 17:05:34,338 - INFO - Epoch 15/120
2024-06-24 17:06:32,838 - INFO - Train Stats
Loss:
  total: 0.29370826731125516
Metrics:
  cityscapes_dice: 0.8614523899860871
  cityscapes_jaccard_macro: 0.3940714639730943
  cityscapes_jaccard_micro: 0.8260529897151849

2024-06-24 17:06:58,044 - INFO - Validation Stats
Loss:
  total: 0.31054130010306835
Metrics:
  cityscapes_dice: 0.8554182816296816
  cityscapes_jaccard_macro: 0.3749562120065093
  cityscapes_jaccard_micro: 0.817561024799943

2024-06-24 17:07:00,176 - INFO - Epoch 16/120
2024-06-24 17:07:59,089 - INFO - Train Stats
Loss:
  total: 0.29231922232951874
Metrics:
  cityscapes_dice: 0.860492277603883
  cityscapes_jaccard_macro: 0.396333247423172
  cityscapes_jaccard_micro: 0.8253687100532727

2024-06-24 17:08:23,157 - INFO - Validation Stats
Loss:
  total: 0.3089316855184734
Metrics:
  cityscapes_dice: 0.8548731375485659
  cityscapes_jaccard_macro: 0.3913016365841031
  cityscapes_jaccard_micro: 0.8166249115020037

2024-06-24 17:08:24,646 - INFO - Epoch 17/120
2024-06-24 17:09:26,475 - INFO - Train Stats
Loss:
  total: 0.28527335841686297
Metrics:
  cityscapes_dice: 0.8642843976998941
  cityscapes_jaccard_macro: 0.4074816027512917
  cityscapes_jaccard_micro: 0.8300410455618149

2024-06-24 17:09:49,791 - INFO - Validation Stats
Loss:
  total: 0.3103148932568729
Metrics:
  cityscapes_dice: 0.8556806165724993
  cityscapes_jaccard_macro: 0.39020062144845724
  cityscapes_jaccard_micro: 0.8158919345587492

2024-06-24 17:09:49,791 - INFO - Epoch 18/120
2024-06-24 17:10:49,945 - INFO - Train Stats
Loss:
  total: 0.27828511079916585
Metrics:
  cityscapes_dice: 0.8660752566961142
  cityscapes_jaccard_macro: 0.4131814470657936
  cityscapes_jaccard_micro: 0.8336092164883246

2024-06-24 17:11:16,117 - INFO - Validation Stats
Loss:
  total: 0.3051371262408793
Metrics:
  cityscapes_dice: 0.8569836560636759
  cityscapes_jaccard_macro: 0.3981297565624118
  cityscapes_jaccard_micro: 0.8206581491976976

2024-06-24 17:11:18,661 - INFO - Epoch 19/120
2024-06-24 17:12:15,613 - INFO - Train Stats
Loss:
  total: 0.27215419786098677
Metrics:
  cityscapes_dice: 0.8677835579101856
  cityscapes_jaccard_macro: 0.4179143638182909
  cityscapes_jaccard_micro: 0.8369196477608803

2024-06-24 17:12:40,214 - INFO - Validation Stats
Loss:
  total: 0.2999496478587389
Metrics:
  cityscapes_dice: 0.858235165476799
  cityscapes_jaccard_macro: 0.402586686424911
  cityscapes_jaccard_micro: 0.8218923285603523

2024-06-24 17:12:41,775 - INFO - Epoch 20/120
2024-06-24 17:13:42,402 - INFO - Train Stats
Loss:
  total: 0.2693993185575192
Metrics:
  cityscapes_dice: 0.8686864826923761
  cityscapes_jaccard_macro: 0.4267146258782118
  cityscapes_jaccard_micro: 0.8382197274611547

2024-06-24 17:14:06,698 - INFO - Validation Stats
Loss:
  total: 0.29277944983914495
Metrics:
  cityscapes_dice: 0.8597356583923101
  cityscapes_jaccard_macro: 0.40496322233229876
  cityscapes_jaccard_micro: 0.8240657392889261

2024-06-24 17:14:09,909 - INFO - Epoch 21/120
2024-06-24 17:15:14,365 - INFO - Train Stats
Loss:
  total: 0.26317043392322004
Metrics:
  cityscapes_dice: 0.8689311330135052
  cityscapes_jaccard_macro: 0.43440642456213635
  cityscapes_jaccard_micro: 0.8407601775267185

2024-06-24 17:15:40,403 - INFO - Validation Stats
Loss:
  total: 0.29097224678844213
Metrics:
  cityscapes_dice: 0.8605235796421766
  cityscapes_jaccard_macro: 0.4115726640447974
  cityscapes_jaccard_micro: 0.8275957573205233

2024-06-24 17:15:42,325 - INFO - Epoch 22/120
2024-06-24 17:16:43,419 - INFO - Train Stats
Loss:
  total: 0.2614003658676759
Metrics:
  cityscapes_dice: 0.8693560881492419
  cityscapes_jaccard_macro: 0.4364832013081282
  cityscapes_jaccard_micro: 0.8420308920053335

2024-06-24 17:17:07,473 - INFO - Validation Stats
Loss:
  total: 0.2863392187282443
Metrics:
  cityscapes_dice: 0.8624673299491405
  cityscapes_jaccard_macro: 0.4011156912893057
  cityscapes_jaccard_micro: 0.8281911760568619

2024-06-24 17:17:09,057 - INFO - Epoch 23/120
2024-06-24 17:18:09,741 - INFO - Train Stats
Loss:
  total: 0.2549999423134021
Metrics:
  cityscapes_dice: 0.8725847601890564
  cityscapes_jaccard_macro: 0.4384173162472554
  cityscapes_jaccard_micro: 0.8457386493682861

2024-06-24 17:18:33,641 - INFO - Validation Stats
Loss:
  total: 0.2877184795215726
Metrics:
  cityscapes_dice: 0.8617111966013908
  cityscapes_jaccard_macro: 0.4149595247581601
  cityscapes_jaccard_micro: 0.8274990022182465

2024-06-24 17:18:33,641 - INFO - Epoch 24/120
2024-06-24 17:19:32,421 - INFO - Train Stats
Loss:
  total: 0.2524414347150387
Metrics:
  cityscapes_dice: 0.8737507065137228
  cityscapes_jaccard_macro: 0.44587122515226024
  cityscapes_jaccard_micro: 0.8474736030285175

2024-06-24 17:19:57,077 - INFO - Validation Stats
Loss:
  total: 0.28223286755383015
Metrics:
  cityscapes_dice: 0.8627019878476858
  cityscapes_jaccard_macro: 0.4179307324811816
  cityscapes_jaccard_micro: 0.831287257373333

2024-06-24 17:19:58,582 - INFO - Epoch 25/120
2024-06-24 17:20:59,858 - INFO - Train Stats
Loss:
  total: 0.24719036446932036
Metrics:
  cityscapes_dice: 0.8736151831272321
  cityscapes_jaccard_macro: 0.45138832468252915
  cityscapes_jaccard_micro: 0.849699963361789

2024-06-24 17:21:23,342 - INFO - Validation Stats
Loss:
  total: 0.28751276759430766
Metrics:
  cityscapes_dice: 0.8620608113706112
  cityscapes_jaccard_macro: 0.4167783921584487
  cityscapes_jaccard_micro: 0.8281311262398958

2024-06-24 17:21:23,342 - INFO - Epoch 26/120
2024-06-24 17:22:23,495 - INFO - Train Stats
Loss:
  total: 0.24379568413282052
Metrics:
  cityscapes_dice: 0.8749666152856289
  cityscapes_jaccard_macro: 0.44955870776604384
  cityscapes_jaccard_micro: 0.8512302346718617

2024-06-24 17:22:47,464 - INFO - Validation Stats
Loss:
  total: 0.2812040955759585
Metrics:
  cityscapes_dice: 0.8649039510637522
  cityscapes_jaccard_macro: 0.41209327708929777
  cityscapes_jaccard_micro: 0.832126984372735

2024-06-24 17:22:49,238 - INFO - Epoch 27/120
2024-06-24 17:23:45,546 - INFO - Train Stats
Loss:
  total: 0.24193741839665633
Metrics:
  cityscapes_dice: 0.8759966729543148
  cityscapes_jaccard_macro: 0.4517998022910876
  cityscapes_jaccard_micro: 0.8517906497686337

2024-06-24 17:24:08,744 - INFO - Validation Stats
Loss:
  total: 0.27640665881335735
Metrics:
  cityscapes_dice: 0.8660375159233809
  cityscapes_jaccard_macro: 0.4125093901529908
  cityscapes_jaccard_micro: 0.8340584561228752

2024-06-24 17:24:10,826 - INFO - Epoch 28/120
2024-06-24 17:25:12,558 - INFO - Train Stats
Loss:
  total: 0.23668115280377558
Metrics:
  cityscapes_dice: 0.877848322574909
  cityscapes_jaccard_macro: 0.4658151673964965
  cityscapes_jaccard_micro: 0.8555441223658048

2024-06-24 17:25:36,802 - INFO - Validation Stats
Loss:
  total: 0.2791060796007514
Metrics:
  cityscapes_dice: 0.8633981235325336
  cityscapes_jaccard_macro: 0.4200806561857462
  cityscapes_jaccard_micro: 0.8323741964995861

2024-06-24 17:25:36,803 - INFO - Epoch 29/120
2024-06-24 17:26:35,757 - INFO - Train Stats
Loss:
  total: 0.23085575818251342
Metrics:
  cityscapes_dice: 0.8797505176984347
  cityscapes_jaccard_macro: 0.46747674926733357
  cityscapes_jaccard_micro: 0.8583649870676872

2024-06-24 17:26:59,594 - INFO - Validation Stats
Loss:
  total: 0.27417390048503876
Metrics:
  cityscapes_dice: 0.8663932252675295
  cityscapes_jaccard_macro: 0.4260435523465276
  cityscapes_jaccard_micro: 0.8365387544035912

2024-06-24 17:27:01,297 - INFO - Epoch 30/120
2024-06-24 17:27:57,947 - INFO - Train Stats
Loss:
  total: 0.23340420042857146
Metrics:
  cityscapes_dice: 0.8787034780551226
  cityscapes_jaccard_macro: 0.466008355984321
  cityscapes_jaccard_micro: 0.8570406895417434

2024-06-24 17:28:21,197 - INFO - Validation Stats
Loss:
  total: 0.27204952109605074
Metrics:
  cityscapes_dice: 0.8672245796769857
  cityscapes_jaccard_macro: 0.42784189339727163
  cityscapes_jaccard_micro: 0.836773032322526

2024-06-24 17:28:25,319 - INFO - Epoch 31/120
2024-06-24 17:29:24,269 - INFO - Train Stats
Loss:
  total: 0.22826896550563666
Metrics:
  cityscapes_dice: 0.8801138790754172
  cityscapes_jaccard_macro: 0.4674285761056802
  cityscapes_jaccard_micro: 0.8600274469607916

2024-06-24 17:29:47,803 - INFO - Validation Stats
Loss:
  total: 0.263370752800256
Metrics:
  cityscapes_dice: 0.8693727385252714
  cityscapes_jaccard_macro: 0.4342312850058079
  cityscapes_jaccard_micro: 0.8409707397222519

2024-06-24 17:29:49,310 - INFO - Epoch 32/120
2024-06-24 17:30:45,780 - INFO - Train Stats
Loss:
  total: 0.2268834379621041
Metrics:
  cityscapes_dice: 0.8811414753779386
  cityscapes_jaccard_macro: 0.47423130159194654
  cityscapes_jaccard_micro: 0.860041775000401

2024-06-24 17:31:09,209 - INFO - Validation Stats
Loss:
  total: 0.2650576834566891
Metrics:
  cityscapes_dice: 0.8681996576488018
  cityscapes_jaccard_macro: 0.4239865578711033
  cityscapes_jaccard_micro: 0.8398502580821514

2024-06-24 17:31:09,209 - INFO - Epoch 33/120
2024-06-24 17:32:06,131 - INFO - Train Stats
Loss:
  total: 0.2231154741767125
Metrics:
  cityscapes_dice: 0.8815449422750717
  cityscapes_jaccard_macro: 0.47515055995721084
  cityscapes_jaccard_micro: 0.8623487513798934

2024-06-24 17:32:29,492 - INFO - Validation Stats
Loss:
  total: 0.26102709909901023
Metrics:
  cityscapes_dice: 0.8676994349807501
  cityscapes_jaccard_macro: 0.430291430093348
  cityscapes_jaccard_micro: 0.8415585123002529

2024-06-24 17:32:31,391 - INFO - Epoch 34/120
2024-06-24 17:33:29,165 - INFO - Train Stats
Loss:
  total: 0.22251032025386125
Metrics:
  cityscapes_dice: 0.8814771358783429
  cityscapes_jaccard_macro: 0.48116841224523693
  cityscapes_jaccard_micro: 0.8630808056929172

2024-06-24 17:33:52,880 - INFO - Validation Stats
Loss:
  total: 0.27147654024884105
Metrics:
  cityscapes_dice: 0.866515014320612
  cityscapes_jaccard_macro: 0.4254062231630087
  cityscapes_jaccard_micro: 0.8371219132095575

2024-06-24 17:33:52,880 - INFO - Epoch 35/120
2024-06-24 17:34:52,492 - INFO - Train Stats
Loss:
  total: 0.21769689673032516
Metrics:
  cityscapes_dice: 0.8831348480322422
  cityscapes_jaccard_macro: 0.48403197412307447
  cityscapes_jaccard_micro: 0.8653051058451334

2024-06-24 17:35:16,158 - INFO - Validation Stats
Loss:
  total: 0.27137682773172855
Metrics:
  cityscapes_dice: 0.8670051600784063
  cityscapes_jaccard_macro: 0.44065676257014275
  cityscapes_jaccard_micro: 0.8390088211745024

2024-06-24 17:35:16,158 - INFO - Epoch 36/120
2024-06-24 17:36:15,201 - INFO - Train Stats
Loss:
  total: 0.21968405292584345
Metrics:
  cityscapes_dice: 0.8828519162459251
  cityscapes_jaccard_macro: 0.4754616285745914
  cityscapes_jaccard_micro: 0.8643728227187426

2024-06-24 17:36:39,117 - INFO - Validation Stats
Loss:
  total: 0.26388712460175157
Metrics:
  cityscapes_dice: 0.8695868998765945
  cityscapes_jaccard_macro: 0.44072058983147144
  cityscapes_jaccard_micro: 0.8414318040013313

2024-06-24 17:36:39,118 - INFO - Epoch 37/120
2024-06-24 17:37:37,596 - INFO - Train Stats
Loss:
  total: 0.21325560697378257
Metrics:
  cityscapes_dice: 0.883683096139859
  cityscapes_jaccard_macro: 0.49084201951821643
  cityscapes_jaccard_micro: 0.8679172962139814

2024-06-24 17:38:01,367 - INFO - Validation Stats
Loss:
  total: 0.25798640167340636
Metrics:
  cityscapes_dice: 0.8729802202433348
  cityscapes_jaccard_macro: 0.4359877910465002
  cityscapes_jaccard_micro: 0.8454696498811245

2024-06-24 17:38:03,302 - INFO - Epoch 38/120
2024-06-24 17:39:05,077 - INFO - Train Stats
Loss:
  total: 0.21531279003008819
Metrics:
  cityscapes_dice: 0.8844400751285064
  cityscapes_jaccard_macro: 0.4944607328910094
  cityscapes_jaccard_micro: 0.8669679141961611

2024-06-24 17:39:29,509 - INFO - Validation Stats
Loss:
  total: 0.2583927256055176
Metrics:
  cityscapes_dice: 0.8721394389867783
  cityscapes_jaccard_macro: 0.4391979416832328
  cityscapes_jaccard_micro: 0.8446896485984325

2024-06-24 17:39:29,509 - INFO - Epoch 39/120
2024-06-24 17:40:27,858 - INFO - Train Stats
Loss:
  total: 0.21035075741700637
Metrics:
  cityscapes_dice: 0.8858630878803058
  cityscapes_jaccard_macro: 0.49970403199012464
  cityscapes_jaccard_micro: 0.8697301860039051

2024-06-24 17:40:51,102 - INFO - Validation Stats
Loss:
  total: 0.26781958527863026
Metrics:
  cityscapes_dice: 0.8679273352026939
  cityscapes_jaccard_macro: 0.4346984326839447
  cityscapes_jaccard_micro: 0.8397432435303926

2024-06-24 17:40:51,102 - INFO - Epoch 40/120
2024-06-24 17:41:49,958 - INFO - Train Stats
Loss:
  total: 0.21033521053882745
Metrics:
  cityscapes_dice: 0.8852677712073693
  cityscapes_jaccard_macro: 0.4970769717907294
  cityscapes_jaccard_micro: 0.8695659026121482

2024-06-24 17:42:14,282 - INFO - Validation Stats
Loss:
  total: 0.2612582561559975
Metrics:
  cityscapes_dice: 0.8701505344361067
  cityscapes_jaccard_macro: 0.43731742911040783
  cityscapes_jaccard_micro: 0.8434218671172857

2024-06-24 17:42:16,337 - INFO - Epoch 41/120
2024-06-24 17:43:14,128 - INFO - Train Stats
Loss:
  total: 0.20681885992869353
Metrics:
  cityscapes_dice: 0.8872165091526814
  cityscapes_jaccard_macro: 0.494505627033038
  cityscapes_jaccard_micro: 0.8713033566108117

2024-06-24 17:43:37,262 - INFO - Validation Stats
Loss:
  total: 0.25677286833524704
Metrics:
  cityscapes_dice: 0.8714248836040497
  cityscapes_jaccard_macro: 0.4420625548809767
  cityscapes_jaccard_micro: 0.8461546842008829

2024-06-24 17:43:38,932 - INFO - Epoch 42/120
2024-06-24 17:44:35,463 - INFO - Train Stats
Loss:
  total: 0.2051363256879342
Metrics:
  cityscapes_dice: 0.8880504660117321
  cityscapes_jaccard_macro: 0.5057746745072879
  cityscapes_jaccard_micro: 0.8724705401139382

2024-06-24 17:44:58,975 - INFO - Validation Stats
Loss:
  total: 0.25731887109577656
Metrics:
  cityscapes_dice: 0.8709433637559414
  cityscapes_jaccard_macro: 0.43371240980923176
  cityscapes_jaccard_micro: 0.8454876691102982

2024-06-24 17:44:58,975 - INFO - Epoch 43/120
2024-06-24 17:45:57,412 - INFO - Train Stats
Loss:
  total: 0.2027883245012699
Metrics:
  cityscapes_dice: 0.8874322405228248
  cityscapes_jaccard_macro: 0.4998625176839339
  cityscapes_jaccard_micro: 0.873308376624034

2024-06-24 17:46:20,596 - INFO - Validation Stats
Loss:
  total: 0.2510790596716106
Metrics:
  cityscapes_dice: 0.8731108009815216
  cityscapes_jaccard_macro: 0.449176455847919
  cityscapes_jaccard_micro: 0.848606301471591

2024-06-24 17:46:22,346 - INFO - Epoch 44/120
2024-06-24 17:47:22,095 - INFO - Train Stats
Loss:
  total: 0.2044956345970814
Metrics:
  cityscapes_dice: 0.8869914702880077
  cityscapes_jaccard_macro: 0.5122893555806234
  cityscapes_jaccard_micro: 0.8722942150556124

2024-06-24 17:47:46,035 - INFO - Validation Stats
Loss:
  total: 0.2514570555649698
Metrics:
  cityscapes_dice: 0.8732802141457796
  cityscapes_jaccard_macro: 0.4511124938726425
  cityscapes_jaccard_micro: 0.8478515185415745

2024-06-24 17:47:46,036 - INFO - Epoch 45/120
2024-06-24 17:48:43,876 - INFO - Train Stats
Loss:
  total: 0.201461527018975
Metrics:
  cityscapes_dice: 0.8886479376218258
  cityscapes_jaccard_macro: 0.5118717616185163
  cityscapes_jaccard_micro: 0.8742630688043741

2024-06-24 17:49:06,697 - INFO - Validation Stats
Loss:
  total: 0.25970130413770676
Metrics:
  cityscapes_dice: 0.8697291780263186
  cityscapes_jaccard_macro: 0.4534041816368699
  cityscapes_jaccard_micro: 0.8450085390359163

2024-06-24 17:49:06,697 - INFO - Epoch 46/120
2024-06-24 17:50:04,249 - INFO - Train Stats
Loss:
  total: 0.2005647354018994
Metrics:
  cityscapes_dice: 0.8885267843038608
  cityscapes_jaccard_macro: 0.5174442930863454
  cityscapes_jaccard_micro: 0.8747937037394597

2024-06-24 17:50:28,266 - INFO - Validation Stats
Loss:
  total: 0.25167413568124175
Metrics:
  cityscapes_dice: 0.8728983774781227
  cityscapes_jaccard_macro: 0.44430200289934874
  cityscapes_jaccard_micro: 0.8483787123113871

2024-06-24 17:50:28,267 - INFO - Epoch 47/120
2024-06-24 17:51:28,492 - INFO - Train Stats
Loss:
  total: 0.19839898630594596
Metrics:
  cityscapes_dice: 0.8886390389540256
  cityscapes_jaccard_macro: 0.508635361225177
  cityscapes_jaccard_micro: 0.8758701177743765

2024-06-24 17:51:53,354 - INFO - Validation Stats
Loss:
  total: 0.24621245311573148
Metrics:
  cityscapes_dice: 0.8745491374284029
  cityscapes_jaccard_macro: 0.45762330293655396
  cityscapes_jaccard_micro: 0.850608017295599

2024-06-24 17:51:55,061 - INFO - Epoch 48/120
2024-06-24 17:52:55,066 - INFO - Train Stats
Loss:
  total: 0.1987557168572377
Metrics:
  cityscapes_dice: 0.888725907374651
  cityscapes_jaccard_macro: 0.5144367928688343
  cityscapes_jaccard_micro: 0.8756458957990011

2024-06-24 17:53:19,184 - INFO - Validation Stats
Loss:
  total: 0.2553911730647087
Metrics:
  cityscapes_dice: 0.8728517517447472
  cityscapes_jaccard_macro: 0.4410456456243992
  cityscapes_jaccard_micro: 0.8472539745271206

2024-06-24 17:53:19,184 - INFO - Epoch 49/120
2024-06-24 17:54:14,652 - INFO - Train Stats
Loss:
  total: 0.19577288436583984
Metrics:
  cityscapes_dice: 0.8893013833424984
  cityscapes_jaccard_macro: 0.5161422013472288
  cityscapes_jaccard_micro: 0.8775939880273281

2024-06-24 17:54:37,295 - INFO - Validation Stats
Loss:
  total: 0.24303629295900464
Metrics:
  cityscapes_dice: 0.8759114183485508
  cityscapes_jaccard_macro: 0.45315773598849773
  cityscapes_jaccard_micro: 0.8518024329096079

2024-06-24 17:54:39,138 - INFO - Epoch 50/120
2024-06-24 17:55:34,542 - INFO - Train Stats
Loss:
  total: 0.19425576944381762
Metrics:
  cityscapes_dice: 0.8903448795660948
  cityscapes_jaccard_macro: 0.5233030063219559
  cityscapes_jaccard_micro: 0.8777268039874542

2024-06-24 17:55:59,212 - INFO - Validation Stats
Loss:
  total: 0.25131635135039687
Metrics:
  cityscapes_dice: 0.8730288222432137
  cityscapes_jaccard_macro: 0.4578291205689311
  cityscapes_jaccard_micro: 0.8491370212286711

2024-06-24 17:56:01,139 - INFO - Epoch 51/120
2024-06-24 17:56:58,770 - INFO - Train Stats
Loss:
  total: 0.19615164857644302
Metrics:
  cityscapes_dice: 0.8889520603876847
  cityscapes_jaccard_macro: 0.5204180635702915
  cityscapes_jaccard_micro: 0.8769757419060438

2024-06-24 17:57:22,064 - INFO - Validation Stats
Loss:
  total: 0.25594960851594806
Metrics:
  cityscapes_dice: 0.872589185833931
  cityscapes_jaccard_macro: 0.4491575425490737
  cityscapes_jaccard_micro: 0.8481888230890036

2024-06-24 17:57:22,064 - INFO - Epoch 52/120
2024-06-24 17:58:17,845 - INFO - Train Stats
Loss:
  total: 0.1949845239137992
Metrics:
  cityscapes_dice: 0.8890416331780262
  cityscapes_jaccard_macro: 0.5208602841847982
  cityscapes_jaccard_micro: 0.8774323211266444

2024-06-24 17:58:40,844 - INFO - Validation Stats
Loss:
  total: 0.24955528555437922
Metrics:
  cityscapes_dice: 0.8723738007247448
  cityscapes_jaccard_macro: 0.4575410643592477
  cityscapes_jaccard_micro: 0.8488103058189154

2024-06-24 17:58:40,844 - INFO - Epoch 53/120
2024-06-24 17:59:38,278 - INFO - Train Stats
Loss:
  total: 0.19039138406515121
Metrics:
  cityscapes_dice: 0.890369923451008
  cityscapes_jaccard_macro: 0.5254487158396305
  cityscapes_jaccard_micro: 0.8805081851971455

2024-06-24 18:00:01,397 - INFO - Validation Stats
Loss:
  total: 0.24828376807272434
Metrics:
  cityscapes_dice: 0.8758554868400097
  cityscapes_jaccard_macro: 0.45477439370006323
  cityscapes_jaccard_micro: 0.8518652953207493

2024-06-24 18:00:01,397 - INFO - Epoch 54/120
2024-06-24 18:00:57,595 - INFO - Train Stats
Loss:
  total: 0.19343083944076148
Metrics:
  cityscapes_dice: 0.890630997908421
  cityscapes_jaccard_macro: 0.5242510609901868
  cityscapes_jaccard_micro: 0.8782605353074197

2024-06-24 18:01:21,071 - INFO - Validation Stats
Loss:
  total: 0.2503580627962947
Metrics:
  cityscapes_dice: 0.874793965369463
  cityscapes_jaccard_macro: 0.45032337214797735
  cityscapes_jaccard_micro: 0.8503853604197502

2024-06-24 18:01:21,071 - INFO - Epoch 55/120
2024-06-24 18:02:20,139 - INFO - Train Stats
Loss:
  total: 0.18902616107311004
Metrics:
  cityscapes_dice: 0.8919975895148057
  cityscapes_jaccard_macro: 0.5270579304450598
  cityscapes_jaccard_micro: 0.8808815288238037

2024-06-24 18:02:43,952 - INFO - Validation Stats
Loss:
  total: 0.2479459811002016
Metrics:
  cityscapes_dice: 0.8738599047064781
  cityscapes_jaccard_macro: 0.45264121424406767
  cityscapes_jaccard_micro: 0.8491354715079069

2024-06-24 18:02:43,952 - INFO - Epoch 56/120
2024-06-24 18:03:42,165 - INFO - Train Stats
Loss:
  total: 0.1884683575003575
Metrics:
  cityscapes_dice: 0.8905440584207193
  cityscapes_jaccard_macro: 0.5266395799624615
  cityscapes_jaccard_micro: 0.8808720715534992

2024-06-24 18:04:05,965 - INFO - Validation Stats
Loss:
  total: 0.24791578808799386
Metrics:
  cityscapes_dice: 0.874704148620367
  cityscapes_jaccard_macro: 0.4603083189576864
  cityscapes_jaccard_micro: 0.8522652331739664

2024-06-24 18:04:05,966 - INFO - Epoch 57/120
2024-06-24 18:05:01,248 - INFO - Train Stats
Loss:
  total: 0.18621312769559714
Metrics:
  cityscapes_dice: 0.8924340506394705
  cityscapes_jaccard_macro: 0.5372101633976667
  cityscapes_jaccard_micro: 0.8821728000274072

2024-06-24 18:05:24,111 - INFO - Validation Stats
Loss:
  total: 0.25132166827097535
Metrics:
  cityscapes_dice: 0.8744746036827564
  cityscapes_jaccard_macro: 0.4527113726362586
  cityscapes_jaccard_micro: 0.8496097289025784

2024-06-24 18:05:24,111 - INFO - Epoch 58/120
2024-06-24 18:06:21,949 - INFO - Train Stats
Loss:
  total: 0.18750257599048126
Metrics:
  cityscapes_dice: 0.8923040498525668
  cityscapes_jaccard_macro: 0.5272128031804011
  cityscapes_jaccard_micro: 0.8816569806673588

2024-06-24 18:06:45,455 - INFO - Validation Stats
Loss:
  total: 0.24862575391307473
Metrics:
  cityscapes_dice: 0.8733537066727877
  cityscapes_jaccard_macro: 0.46163035836070776
  cityscapes_jaccard_micro: 0.8510310631245375

2024-06-24 18:06:45,455 - INFO - Epoch 59/120
2024-06-24 18:07:42,492 - INFO - Train Stats
Loss:
  total: 0.18598883331586152
Metrics:
  cityscapes_dice: 0.8924616025044367
  cityscapes_jaccard_macro: 0.529959003512676
  cityscapes_jaccard_micro: 0.882320224474638

2024-06-24 18:08:06,374 - INFO - Validation Stats
Loss:
  total: 0.246400929056108
Metrics:
  cityscapes_dice: 0.873829199001193
  cityscapes_jaccard_macro: 0.4619487253949046
  cityscapes_jaccard_micro: 0.8523489311337471

2024-06-24 18:08:06,375 - INFO - Epoch 60/120
2024-06-24 18:09:06,567 - INFO - Train Stats
Loss:
  total: 0.18618114693806723
Metrics:
  cityscapes_dice: 0.8922950319754772
  cityscapes_jaccard_macro: 0.5407720731619077
  cityscapes_jaccard_micro: 0.882216004989086

2024-06-24 18:09:29,816 - INFO - Validation Stats
Loss:
  total: 0.25678460067138076
Metrics:
  cityscapes_dice: 0.8721703719347715
  cityscapes_jaccard_macro: 0.4548151846975088
  cityscapes_jaccard_micro: 0.8472959324717522

2024-06-24 18:09:31,331 - INFO - Epoch 61/120
2024-06-24 18:10:27,609 - INFO - Train Stats
Loss:
  total: 0.18448025733232498
Metrics:
  cityscapes_dice: 0.893191431577389
  cityscapes_jaccard_macro: 0.536948269376388
  cityscapes_jaccard_micro: 0.8830785789550879

2024-06-24 18:10:50,205 - INFO - Validation Stats
Loss:
  total: 0.2499950025230646
Metrics:
  cityscapes_dice: 0.8747161012142897
  cityscapes_jaccard_macro: 0.4574206080287695
  cityscapes_jaccard_micro: 0.8518944755196571

2024-06-24 18:10:50,205 - INFO - Epoch 62/120
2024-06-24 18:11:45,774 - INFO - Train Stats
Loss:
  total: 0.18538017723804864
Metrics:
  cityscapes_dice: 0.8931996577825302
  cityscapes_jaccard_macro: 0.5355892899708871
  cityscapes_jaccard_micro: 0.8826759052582276

2024-06-24 18:12:09,602 - INFO - Validation Stats
Loss:
  total: 0.24568920070305467
Metrics:
  cityscapes_dice: 0.8751302063465118
  cityscapes_jaccard_macro: 0.4521839199587703
  cityscapes_jaccard_micro: 0.8522006776183844

2024-06-24 18:12:09,602 - INFO - Epoch 63/120
2024-06-24 18:13:04,879 - INFO - Train Stats
Loss:
  total: 0.1813486969241729
Metrics:
  cityscapes_dice: 0.8940042853355408
  cityscapes_jaccard_macro: 0.5388950674961774
  cityscapes_jaccard_micro: 0.8848707431401962

2024-06-24 18:13:28,231 - INFO - Validation Stats
Loss:
  total: 0.24153772881254554
Metrics:
  cityscapes_dice: 0.8749331533908844
  cityscapes_jaccard_macro: 0.4587741997092962
  cityscapes_jaccard_micro: 0.8546850737184286

2024-06-24 18:13:29,817 - INFO - Epoch 64/120
2024-06-24 18:14:26,777 - INFO - Train Stats
Loss:
  total: 0.1812963250737924
Metrics:
  cityscapes_dice: 0.8942756286034217
  cityscapes_jaccard_macro: 0.5412538403119797
  cityscapes_jaccard_micro: 0.8849945190625313

2024-06-24 18:14:50,140 - INFO - Validation Stats
Loss:
  total: 0.24582450278103352
Metrics:
  cityscapes_dice: 0.872940631583333
  cityscapes_jaccard_macro: 0.4589409716427326
  cityscapes_jaccard_micro: 0.8517676722258329

2024-06-24 18:14:50,140 - INFO - Epoch 65/120
2024-06-24 18:15:50,758 - INFO - Train Stats
Loss:
  total: 0.1807687194683613
Metrics:
  cityscapes_dice: 0.894484634582813
  cityscapes_jaccard_macro: 0.545627182492843
  cityscapes_jaccard_micro: 0.8855502888178214

2024-06-24 18:16:14,766 - INFO - Validation Stats
Loss:
  total: 0.24761796928942204
Metrics:
  cityscapes_dice: 0.8741143736988306
  cityscapes_jaccard_macro: 0.4556712219491601
  cityscapes_jaccard_micro: 0.8515352793037891

2024-06-24 18:16:14,766 - INFO - Epoch 66/120
2024-06-24 18:17:12,103 - INFO - Train Stats
Loss:
  total: 0.18028041911430848
Metrics:
  cityscapes_dice: 0.8944153319566678
  cityscapes_jaccard_macro: 0.5431975515989157
  cityscapes_jaccard_micro: 0.8853491567648374

2024-06-24 18:17:35,640 - INFO - Validation Stats
Loss:
  total: 0.24204558553174138
Metrics:
  cityscapes_dice: 0.8767311219125986
  cityscapes_jaccard_macro: 0.4598610633984208
  cityscapes_jaccard_micro: 0.8536789752542973

2024-06-24 18:17:35,640 - INFO - Epoch 67/120
2024-06-24 18:18:33,668 - INFO - Train Stats
Loss:
  total: 0.18021471167986208
Metrics:
  cityscapes_dice: 0.8941020805102128
  cityscapes_jaccard_macro: 0.5456176446034358
  cityscapes_jaccard_micro: 0.885407547156016

2024-06-24 18:18:57,044 - INFO - Validation Stats
Loss:
  total: 0.23463657964020967
Metrics:
  cityscapes_dice: 0.8768884111195803
  cityscapes_jaccard_macro: 0.46252783853560686
  cityscapes_jaccard_micro: 0.8581321388483047

2024-06-24 18:18:58,543 - INFO - Epoch 68/120
2024-06-24 18:19:55,279 - INFO - Train Stats
Loss:
  total: 0.17871207954027715
Metrics:
  cityscapes_dice: 0.8950877907948617
  cityscapes_jaccard_macro: 0.5456377550577506
  cityscapes_jaccard_micro: 0.8865426679452261

2024-06-24 18:20:18,374 - INFO - Validation Stats
Loss:
  total: 0.23952707462012768
Metrics:
  cityscapes_dice: 0.8762424644082785
  cityscapes_jaccard_macro: 0.4624707540497184
  cityscapes_jaccard_micro: 0.8546667173504829

2024-06-24 18:20:18,374 - INFO - Epoch 69/120
2024-06-24 18:21:15,972 - INFO - Train Stats
Loss:
  total: 0.1785281029267189
Metrics:
  cityscapes_dice: 0.8951531266554807
  cityscapes_jaccard_macro: 0.5458557514043955
  cityscapes_jaccard_micro: 0.8862782854300278

2024-06-24 18:21:38,462 - INFO - Validation Stats
Loss:
  total: 0.24278728989884257
Metrics:
  cityscapes_dice: 0.8770407568663359
  cityscapes_jaccard_macro: 0.4661866705864668
  cityscapes_jaccard_micro: 0.8543308321386576

2024-06-24 18:21:38,462 - INFO - Epoch 70/120
2024-06-24 18:22:34,580 - INFO - Train Stats
Loss:
  total: 0.17772537871049002
Metrics:
  cityscapes_dice: 0.8947246036468408
  cityscapes_jaccard_macro: 0.5418639213610918
  cityscapes_jaccard_micro: 0.8870221918974167

2024-06-24 18:22:58,041 - INFO - Validation Stats
Loss:
  total: 0.24598772451281548
Metrics:
  cityscapes_dice: 0.8758674561977386
  cityscapes_jaccard_macro: 0.4648426193743944
  cityscapes_jaccard_micro: 0.8517707530409098

2024-06-24 18:22:59,929 - INFO - Epoch 71/120
2024-06-24 18:23:59,978 - INFO - Train Stats
Loss:
  total: 0.17544725995797378
Metrics:
  cityscapes_dice: 0.8953717610774896
  cityscapes_jaccard_macro: 0.5524132626178937
  cityscapes_jaccard_micro: 0.8882695008546878

2024-06-24 18:24:22,572 - INFO - Validation Stats
Loss:
  total: 0.24022059561684728
Metrics:
  cityscapes_dice: 0.8768767826259136
  cityscapes_jaccard_macro: 0.4670954952016473
  cityscapes_jaccard_micro: 0.8556480836123228

2024-06-24 18:24:22,572 - INFO - Epoch 72/120
2024-06-24 18:25:20,333 - INFO - Train Stats
Loss:
  total: 0.17747550935317308
Metrics:
  cityscapes_dice: 0.8947130288833227
  cityscapes_jaccard_macro: 0.5469501515229543
  cityscapes_jaccard_micro: 0.8867713564481491

2024-06-24 18:25:44,036 - INFO - Validation Stats
Loss:
  total: 0.24367630574852228
Metrics:
  cityscapes_dice: 0.8763464409857988
  cityscapes_jaccard_macro: 0.4635191736742854
  cityscapes_jaccard_micro: 0.8533612936735153

2024-06-24 18:25:44,036 - INFO - Epoch 73/120
2024-06-24 18:26:41,290 - INFO - Train Stats
Loss:
  total: 0.17540894181300432
Metrics:
  cityscapes_dice: 0.8959748141276531
  cityscapes_jaccard_macro: 0.5557105243206024
  cityscapes_jaccard_micro: 0.8881888679969006

2024-06-24 18:27:04,136 - INFO - Validation Stats
Loss:
  total: 0.2416482837870717
Metrics:
  cityscapes_dice: 0.8762226812541485
  cityscapes_jaccard_macro: 0.46161029394716024
  cityscapes_jaccard_micro: 0.8548315241932869

2024-06-24 18:27:04,136 - INFO - Epoch 74/120
2024-06-24 18:28:01,855 - INFO - Train Stats
Loss:
  total: 0.1742817937181546
Metrics:
  cityscapes_dice: 0.8958602646986643
  cityscapes_jaccard_macro: 0.5497437918033355
  cityscapes_jaccard_micro: 0.8888350916214478

2024-06-24 18:28:24,955 - INFO - Validation Stats
Loss:
  total: 0.24268710473552346
Metrics:
  cityscapes_dice: 0.8769689649343491
  cityscapes_jaccard_macro: 0.46395922265946865
  cityscapes_jaccard_micro: 0.854686351493001

2024-06-24 18:28:24,955 - INFO - Epoch 75/120
2024-06-24 18:29:22,118 - INFO - Train Stats
Loss:
  total: 0.17518303027519813
Metrics:
  cityscapes_dice: 0.8956160690539923
  cityscapes_jaccard_macro: 0.5622296337133799
  cityscapes_jaccard_micro: 0.8879284079258258

2024-06-24 18:29:45,019 - INFO - Validation Stats
Loss:
  total: 0.24783232808113098
Metrics:
  cityscapes_dice: 0.8762095961719751
  cityscapes_jaccard_macro: 0.47396923042833805
  cityscapes_jaccard_micro: 0.8524392731487751

2024-06-24 18:29:45,019 - INFO - Epoch 76/120
2024-06-24 18:30:42,530 - INFO - Train Stats
Loss:
  total: 0.1767350007326175
Metrics:
  cityscapes_dice: 0.8949393247946714
  cityscapes_jaccard_macro: 0.5497228121146177
  cityscapes_jaccard_micro: 0.8873875324542706

2024-06-24 18:31:05,211 - INFO - Validation Stats
Loss:
  total: 0.24908816255629063
Metrics:
  cityscapes_dice: 0.8753429222851992
  cityscapes_jaccard_macro: 0.4584867535158992
  cityscapes_jaccard_micro: 0.8517262581735849

2024-06-24 18:31:05,211 - INFO - Epoch 77/120
2024-06-24 18:32:02,057 - INFO - Train Stats
Loss:
  total: 0.17402178049087524
Metrics:
  cityscapes_dice: 0.8962129721274743
  cityscapes_jaccard_macro: 0.5587510680541014
  cityscapes_jaccard_micro: 0.8888026842704186

2024-06-24 18:32:25,326 - INFO - Validation Stats
Loss:
  total: 0.23837021458894014
Metrics:
  cityscapes_dice: 0.8772393334656954
  cityscapes_jaccard_macro: 0.45644894056022167
  cityscapes_jaccard_micro: 0.857679195702076

2024-06-24 18:32:25,326 - INFO - Epoch 78/120
2024-06-24 18:33:23,237 - INFO - Train Stats
Loss:
  total: 0.17398200967372993
Metrics:
  cityscapes_dice: 0.8964726688005985
  cityscapes_jaccard_macro: 0.5514162683334106
  cityscapes_jaccard_micro: 0.8886891993192526

2024-06-24 18:33:46,230 - INFO - Validation Stats
Loss:
  total: 0.2417229562997818
Metrics:
  cityscapes_dice: 0.8767085764557123
  cityscapes_jaccard_macro: 0.4641020270064473
  cityscapes_jaccard_micro: 0.8551328480243683

2024-06-24 18:33:46,230 - INFO - Epoch 79/120
2024-06-24 18:34:40,761 - INFO - Train Stats
Loss:
  total: 0.1765703184482379
Metrics:
  cityscapes_dice: 0.8943757315476736
  cityscapes_jaccard_macro: 0.552386116140928
  cityscapes_jaccard_micro: 0.8869163936529404

2024-06-24 18:35:03,752 - INFO - Validation Stats
Loss:
  total: 0.24558449117466807
Metrics:
  cityscapes_dice: 0.8760700188577175
  cityscapes_jaccard_macro: 0.4596128901466727
  cityscapes_jaccard_micro: 0.852676335722208

2024-06-24 18:35:03,752 - INFO - Epoch 80/120
2024-06-24 18:35:57,254 - INFO - Train Stats
Loss:
  total: 0.1748512530556092
Metrics:
  cityscapes_dice: 0.8958972715414487
  cityscapes_jaccard_macro: 0.5613664992344685
  cityscapes_jaccard_micro: 0.8882947327234806

2024-06-24 18:36:20,400 - INFO - Validation Stats
Loss:
  total: 0.24044678453356028
Metrics:
  cityscapes_dice: 0.8773723430931568
  cityscapes_jaccard_macro: 0.46218200493603945
  cityscapes_jaccard_micro: 0.8569969777017832

2024-06-24 18:36:21,944 - INFO - Epoch 81/120
2024-06-24 18:37:20,359 - INFO - Train Stats
Loss:
  total: 0.1705126756658921
Metrics:
  cityscapes_dice: 0.8969523211320242
  cityscapes_jaccard_macro: 0.5575685844971583
  cityscapes_jaccard_micro: 0.8910029431184133

2024-06-24 18:37:43,462 - INFO - Validation Stats
Loss:
  total: 0.24896992975845933
Metrics:
  cityscapes_dice: 0.8767990972846746
  cityscapes_jaccard_macro: 0.46805782709270716
  cityscapes_jaccard_micro: 0.8539094608277082

2024-06-24 18:37:43,462 - INFO - Epoch 82/120
2024-06-24 18:38:39,409 - INFO - Train Stats
Loss:
  total: 0.17366409550110498
Metrics:
  cityscapes_dice: 0.8963622404978826
  cityscapes_jaccard_macro: 0.5559815328854781
  cityscapes_jaccard_micro: 0.888763468234967

2024-06-24 18:39:01,853 - INFO - Validation Stats
Loss:
  total: 0.24572218116372824
Metrics:
  cityscapes_dice: 0.8755091298371553
  cityscapes_jaccard_macro: 0.469561911188066
  cityscapes_jaccard_micro: 0.853827090933919

2024-06-24 18:39:01,853 - INFO - Epoch 83/120
2024-06-24 18:39:56,220 - INFO - Train Stats
Loss:
  total: 0.17055208446123662
Metrics:
  cityscapes_dice: 0.8972563972839942
  cityscapes_jaccard_macro: 0.5614687288418795
  cityscapes_jaccard_micro: 0.8907484496251131

2024-06-24 18:40:20,061 - INFO - Validation Stats
Loss:
  total: 0.24143123347312212
Metrics:
  cityscapes_dice: 0.8766285423189402
  cityscapes_jaccard_macro: 0.467254051938653
  cityscapes_jaccard_micro: 0.8551811147481203

2024-06-24 18:40:20,061 - INFO - Epoch 84/120
2024-06-24 18:41:17,582 - INFO - Train Stats
Loss:
  total: 0.1694466097232623
Metrics:
  cityscapes_dice: 0.8977204477175688
  cityscapes_jaccard_macro: 0.5566135117640862
  cityscapes_jaccard_micro: 0.8913261416630868

2024-06-24 18:41:41,546 - INFO - Validation Stats
Loss:
  total: 0.2313371687196195
Metrics:
  cityscapes_dice: 0.8785771206021309
  cityscapes_jaccard_macro: 0.46874194499105215
  cityscapes_jaccard_micro: 0.8599264118820429

2024-06-24 18:41:43,043 - INFO - Epoch 85/120
2024-06-24 18:42:39,775 - INFO - Train Stats
Loss:
  total: 0.17120632796715468
Metrics:
  cityscapes_dice: 0.8965874925637857
  cityscapes_jaccard_macro: 0.5686995570476239
  cityscapes_jaccard_micro: 0.8902622132729261

2024-06-24 18:43:02,611 - INFO - Validation Stats
Loss:
  total: 0.24351830873638391
Metrics:
  cityscapes_dice: 0.8777442406862974
  cityscapes_jaccard_macro: 0.46521517913788557
  cityscapes_jaccard_micro: 0.8566132746636868

2024-06-24 18:43:02,612 - INFO - Epoch 86/120
2024-06-24 18:43:57,340 - INFO - Train Stats
Loss:
  total: 0.1691550259024669
Metrics:
  cityscapes_dice: 0.897087859801757
  cityscapes_jaccard_macro: 0.5663757675733322
  cityscapes_jaccard_micro: 0.8914358333135263

2024-06-24 18:44:24,579 - INFO - Validation Stats
Loss:
  total: 0.23795802425593138
Metrics:
  cityscapes_dice: 0.8781007174402475
  cityscapes_jaccard_macro: 0.4763743728399277
  cityscapes_jaccard_micro: 0.8578619863837957

2024-06-24 18:44:24,579 - INFO - Epoch 87/120
2024-06-24 18:45:20,771 - INFO - Train Stats
Loss:
  total: 0.17010393146521005
Metrics:
  cityscapes_dice: 0.8972557890109527
  cityscapes_jaccard_macro: 0.5593649672392087
  cityscapes_jaccard_micro: 0.8906922302184961

2024-06-24 18:45:43,998 - INFO - Validation Stats
Loss:
  total: 0.24861536594107747
Metrics:
  cityscapes_dice: 0.8756703417748213
  cityscapes_jaccard_macro: 0.46344706416130066
  cityscapes_jaccard_micro: 0.8546827677637339

2024-06-24 18:45:43,998 - INFO - Epoch 88/120
2024-06-24 18:46:40,918 - INFO - Train Stats
Loss:
  total: 0.16869001854688692
Metrics:
  cityscapes_dice: 0.8978906594789945
  cityscapes_jaccard_macro: 0.5628181512539203
  cityscapes_jaccard_micro: 0.8915922206181747

2024-06-24 18:47:03,695 - INFO - Validation Stats
Loss:
  total: 0.23849086323753
Metrics:
  cityscapes_dice: 0.8779188487678766
  cityscapes_jaccard_macro: 0.4717425461858511
  cityscapes_jaccard_micro: 0.8573164027184248

2024-06-24 18:47:03,695 - INFO - Epoch 89/120
2024-06-24 18:48:00,974 - INFO - Train Stats
Loss:
  total: 0.1686454713344574
Metrics:
  cityscapes_dice: 0.8974316135430948
  cityscapes_jaccard_macro: 0.5591015441295428
  cityscapes_jaccard_micro: 0.8918039279106336

2024-06-24 18:48:24,016 - INFO - Validation Stats
Loss:
  total: 0.23050394793972373
Metrics:
  cityscapes_dice: 0.87961870059371
  cityscapes_jaccard_macro: 0.4601368047297001
  cityscapes_jaccard_micro: 0.861628195270896

2024-06-24 18:48:25,194 - INFO - Epoch 90/120
2024-06-24 18:49:19,478 - INFO - Train Stats
Loss:
  total: 0.1714730360187017
Metrics:
  cityscapes_dice: 0.8963696628044813
  cityscapes_jaccard_macro: 0.5609311541685691
  cityscapes_jaccard_micro: 0.8900056267395998

2024-06-24 18:49:42,577 - INFO - Validation Stats
Loss:
  total: 0.2348629771731794
Metrics:
  cityscapes_dice: 0.8780334778130054
  cityscapes_jaccard_macro: 0.47161522414535284
  cityscapes_jaccard_micro: 0.8592849224805832

2024-06-24 18:49:44,054 - INFO - Epoch 91/120
2024-06-24 18:50:40,553 - INFO - Train Stats
Loss:
  total: 0.16953465342521667
Metrics:
  cityscapes_dice: 0.8962418765593798
  cityscapes_jaccard_macro: 0.5621783626385224
  cityscapes_jaccard_micro: 0.8911788692841163

2024-06-24 18:51:03,326 - INFO - Validation Stats
Loss:
  total: 0.24757497757673264
Metrics:
  cityscapes_dice: 0.8762218076735735
  cityscapes_jaccard_macro: 0.4628353025764227
  cityscapes_jaccard_micro: 0.8537900187075138

2024-06-24 18:51:03,326 - INFO - Epoch 92/120
2024-06-24 18:51:58,012 - INFO - Train Stats
Loss:
  total: 0.1676806710087336
Metrics:
  cityscapes_dice: 0.8975843855967889
  cityscapes_jaccard_macro: 0.5595548577033557
  cityscapes_jaccard_micro: 0.8918773233890533

2024-06-24 18:52:20,402 - INFO - Validation Stats
Loss:
  total: 0.23779983446002007
Metrics:
  cityscapes_dice: 0.877428662031889
  cityscapes_jaccard_macro: 0.4681136356666684
  cityscapes_jaccard_micro: 0.8562322910875082

2024-06-24 18:52:20,402 - INFO - Epoch 93/120
2024-06-24 18:53:15,528 - INFO - Train Stats
Loss:
  total: 0.16751360358336034
Metrics:
  cityscapes_dice: 0.8977393897680136
  cityscapes_jaccard_macro: 0.5672867550299718
  cityscapes_jaccard_micro: 0.8922831034049009

2024-06-24 18:53:37,926 - INFO - Validation Stats
Loss:
  total: 0.24451607326045632
Metrics:
  cityscapes_dice: 0.8772162906825542
  cityscapes_jaccard_macro: 0.4587633218616247
  cityscapes_jaccard_micro: 0.8549051526933908

2024-06-24 18:53:37,926 - INFO - Epoch 94/120
2024-06-24 18:54:32,319 - INFO - Train Stats
Loss:
  total: 0.16731530657181373
Metrics:
  cityscapes_dice: 0.8976030754737365
  cityscapes_jaccard_macro: 0.5752334961524377
  cityscapes_jaccard_micro: 0.8923673484569941

2024-06-24 18:54:55,093 - INFO - Validation Stats
Loss:
  total: 0.2435498214326799
Metrics:
  cityscapes_dice: 0.877169007435441
  cityscapes_jaccard_macro: 0.47168221697211266
  cityscapes_jaccard_micro: 0.8544652760028839

2024-06-24 18:54:55,093 - INFO - Epoch 95/120
2024-06-24 18:55:50,044 - INFO - Train Stats
Loss:
  total: 0.1666615528938098
Metrics:
  cityscapes_dice: 0.8982702333193558
  cityscapes_jaccard_macro: 0.5743667322855729
  cityscapes_jaccard_micro: 0.8927067441818042

2024-06-24 18:56:12,859 - INFO - Validation Stats
Loss:
  total: 0.23628267459571362
Metrics:
  cityscapes_dice: 0.8795155771076679
  cityscapes_jaccard_macro: 0.4692342132329941
  cityscapes_jaccard_micro: 0.8589955493807793

2024-06-24 18:56:12,859 - INFO - Epoch 96/120
2024-06-24 18:57:09,505 - INFO - Train Stats
Loss:
  total: 0.16751034118426153
Metrics:
  cityscapes_dice: 0.898266287950369
  cityscapes_jaccard_macro: 0.5719920496145884
  cityscapes_jaccard_micro: 0.8919204083772806

2024-06-24 18:57:32,561 - INFO - Validation Stats
Loss:
  total: 0.2323499503545463
Metrics:
  cityscapes_dice: 0.8782529942691326
  cityscapes_jaccard_macro: 0.47228800505399704
  cityscapes_jaccard_micro: 0.8600610550493002

2024-06-24 18:57:32,561 - INFO - Epoch 97/120
2024-06-24 18:58:32,083 - INFO - Train Stats
Loss:
  total: 0.1657584880789121
Metrics:
  cityscapes_dice: 0.8982218244136908
  cityscapes_jaccard_macro: 0.5667764311417555
  cityscapes_jaccard_micro: 0.8932033555629926

2024-06-24 18:58:54,843 - INFO - Validation Stats
Loss:
  total: 0.23293927544727921
Metrics:
  cityscapes_dice: 0.8797574397176504
  cityscapes_jaccard_macro: 0.4686171365901828
  cityscapes_jaccard_micro: 0.8595080934464931

2024-06-24 18:58:54,843 - INFO - Epoch 98/120
