2024-06-29 21:15:58,904 - INFO - Loading configuration files...
2024-06-29 21:15:59,026 - INFO - Loading model configuration
args:
  backbone: mobilenet_v3_large
  num_classes: 20
class: DeepLabV3

2024-06-29 21:15:59,141 - INFO - Loading train_dataset configuration
args:
  num_labeled: 619
  root: /data/auto/cityscapes
  train_val_split: 2475
class: SemiSupervisedCityscapesSeg

2024-06-29 21:15:59,199 - INFO - Loading train_dataset configuration
args:
  num_labeled: 619
  root: /data/auto/cityscapes
  train_val_split: 2475
class: SemiSupervisedCityscapesSeg

2024-06-29 21:15:59,216 - INFO - Loading val_dataset configuration
args:
  mode: fine
  root: /data/auto/cityscapes
  train_val_split: 2475
class: CityscapesSeg

2024-06-29 21:15:59,224 - INFO - Loading optimizer configuration
args:
  lr: 0.01
  momentum: 0.9
  nesterov: true
  weight_decay: 0.0005
class: SGD

2024-06-29 21:15:59,230 - INFO - Loading method configuration
args:
  confidence: 0.5
  wu: 1
class: FixMatchV2CityscapesSeg

2024-06-29 21:15:59,231 - INFO - Loading loss configuration
args:
  ignore_index: 0
class: CrossEntropyLoss

2024-06-29 21:15:59,246 - INFO - Loading metrics configuration
cityscapes_dice:
  args:
    average: micro
    ignore_index: 0
    num_classes: 20
  class: Dice
cityscapes_jaccard_macro:
  args:
    average: macro
    ignore_index: 0
    num_classes: 20
    task: multiclass
    validate_args: false
  class: JaccardIndex
cityscapes_jaccard_micro:
  args:
    average: micro
    ignore_index: 0
    num_classes: 20
    task: multiclass
    validate_args: false
  class: JaccardIndex

2024-06-29 21:15:59,249 - INFO - Loading scheduler configuration
args:
  T_max: 120
class: CosineAnnealingLR

2024-06-29 21:15:59,249 - INFO - Loading hyperparameters configuration
ema_decay: 0.99
epochs: 120
labeled_batch_size: 1
num_workers: 4
save_freq: 10
unlabeled_batch_size: 3

2024-06-29 21:15:59,253 - INFO - Using device: cuda
2024-06-29 21:16:00,967 - INFO - Training for 120 epochs
2024-06-29 21:16:00,998 - INFO - Epoch 1/120
2024-06-29 21:25:35,526 - INFO - Train Stats
Loss:
  supervised: 0.83525953288995
  total: 1.1682551806019272
  unsupervised: 0.33299564979572216
  unsupervised_weighted: 0.33299564979572216
Metrics:
  cityscapes_dice: 0.7689946121889767
  cityscapes_jaccard_macro: 0.282588406362133
  cityscapes_jaccard_micro: 0.6718305219476366

2024-06-29 21:26:08,399 - INFO - Validation Stats
Loss:
  total: 0.5087329244613648
Metrics:
  cityscapes_dice: 0.8357874369621277
  cityscapes_jaccard_macro: 0.3057660413980484
  cityscapes_jaccard_micro: 0.756739122390747

2024-06-29 21:26:08,485 - INFO - Epoch 2/120
2024-06-29 21:35:13,644 - INFO - Train Stats
Loss:
  supervised: 0.6158342284657459
  total: 0.9366860812430621
  unsupervised: 0.32085185189865323
  unsupervised_weighted: 0.32085185189865323
Metrics:
  cityscapes_dice: 0.8295252794499158
  cityscapes_jaccard_macro: 0.3331777434886368
  cityscapes_jaccard_micro: 0.7466536905008679

2024-06-29 21:35:45,728 - INFO - Validation Stats
Loss:
  total: 0.4707502888441086
Metrics:
  cityscapes_dice: 0.847762213230133
  cityscapes_jaccard_macro: 0.3240610171556473
  cityscapes_jaccard_micro: 0.7679750080108643

2024-06-29 21:35:46,105 - INFO - Epoch 3/120
2024-06-29 21:45:16,477 - INFO - Train Stats
Loss:
  supervised: 0.5409419220512633
  total: 0.8459611261122061
  unsupervised: 0.3050192046868397
  unsupervised_weighted: 0.3050192046868397
Metrics:
  cityscapes_dice: 0.8471918817675749
  cityscapes_jaccard_macro: 0.35284899076467957
  cityscapes_jaccard_micro: 0.7740136374853347

2024-06-29 21:45:47,908 - INFO - Validation Stats
Loss:
  total: 0.4362687629461288
Metrics:
  cityscapes_dice: 0.8448218917846679
  cityscapes_jaccard_macro: 0.34628713703155517
  cityscapes_jaccard_micro: 0.7717282252311707

2024-06-29 21:45:48,052 - INFO - Epoch 4/120
2024-06-29 21:55:15,058 - INFO - Train Stats
Loss:
  supervised: 0.5099305718029836
  total: 0.8082572330565753
  unsupervised: 0.2983266629988812
  unsupervised_weighted: 0.2983266629988812
Metrics:
  cityscapes_dice: 0.8557122130915884
  cityscapes_jaccard_macro: 0.3669967722623144
  cityscapes_jaccard_micro: 0.7872310711585455

2024-06-29 21:55:47,350 - INFO - Validation Stats
Loss:
  total: 0.4411192984580994
Metrics:
  cityscapes_dice: 0.8579828667640687
  cityscapes_jaccard_macro: 0.35769183409214017
  cityscapes_jaccard_micro: 0.7788801293373108

2024-06-29 21:55:47,350 - INFO - Epoch 5/120
2024-06-29 22:05:15,787 - INFO - Train Stats
Loss:
  supervised: 0.4641994123432864
  total: 0.7647055301315757
  unsupervised: 0.3005061180831831
  unsupervised_weighted: 0.3005061180831831
Metrics:
  cityscapes_dice: 0.8672911440637655
  cityscapes_jaccard_macro: 0.3855563849932928
  cityscapes_jaccard_micro: 0.8023845283179175

2024-06-29 22:05:59,387 - INFO - Validation Stats
Loss:
  total: 0.36684370374679565
Metrics:
  cityscapes_dice: 0.8747587175369262
  cityscapes_jaccard_macro: 0.3750337402820587
  cityscapes_jaccard_micro: 0.8093843102455139

2024-06-29 22:05:59,574 - INFO - Epoch 6/120
2024-06-29 22:15:29,070 - INFO - Train Stats
Loss:
  supervised: 0.44253845418982435
  total: 0.7371837612548436
  unsupervised: 0.29464530646319537
  unsupervised_weighted: 0.29464530646319537
Metrics:
  cityscapes_dice: 0.8721403753044917
  cityscapes_jaccard_macro: 0.39572256281129375
  cityscapes_jaccard_micro: 0.8098793598388432

2024-06-29 22:16:02,647 - INFO - Validation Stats
Loss:
  total: 0.3564877034425735
Metrics:
  cityscapes_dice: 0.8776301465034485
  cityscapes_jaccard_macro: 0.3728233432769775
  cityscapes_jaccard_micro: 0.8139099431037903

2024-06-29 22:16:02,794 - INFO - Epoch 7/120
2024-06-29 22:25:37,734 - INFO - Train Stats
Loss:
  supervised: 0.44348402712524226
  total: 0.732474595163866
  unsupervised: 0.2889905664979545
  unsupervised_weighted: 0.2889905664979545
Metrics:
  cityscapes_dice: 0.8711760265087658
  cityscapes_jaccard_macro: 0.39297348030982765
  cityscapes_jaccard_micro: 0.8090616814635682

2024-06-29 22:26:36,119 - INFO - Validation Stats
Loss:
  total: 0.354595960855484
Metrics:
  cityscapes_dice: 0.8782740950584411
  cityscapes_jaccard_macro: 0.3770290446281433
  cityscapes_jaccard_micro: 0.8157354664802551

2024-06-29 22:26:36,272 - INFO - Epoch 8/120
2024-06-29 22:36:17,096 - INFO - Train Stats
Loss:
  supervised: 0.41776382116682115
  total: 0.6990912201572119
  unsupervised: 0.28132739690807984
  unsupervised_weighted: 0.28132739690807984
Metrics:
  cityscapes_dice: 0.8774078146814819
  cityscapes_jaccard_macro: 0.4025480162310196
  cityscapes_jaccard_micro: 0.8178684673345796

2024-06-29 22:36:49,126 - INFO - Validation Stats
Loss:
  total: 0.35901707112789155
Metrics:
  cityscapes_dice: 0.8799368634223937
  cityscapes_jaccard_macro: 0.3884413557052612
  cityscapes_jaccard_micro: 0.8171631569862365

2024-06-29 22:36:49,127 - INFO - Epoch 9/120
2024-06-29 22:46:15,601 - INFO - Train Stats
Loss:
  supervised: 0.40877921400239664
  total: 0.7081461907251586
  unsupervised: 0.2993669776254979
  unsupervised_weighted: 0.2993669776254979
Metrics:
  cityscapes_dice: 0.881093844265853
  cityscapes_jaccard_macro: 0.40478671316857867
  cityscapes_jaccard_micro: 0.8216948929530161

2024-06-29 22:46:47,661 - INFO - Validation Stats
Loss:
  total: 0.37274341082572937
Metrics:
  cityscapes_dice: 0.877922327041626
  cityscapes_jaccard_macro: 0.3875048928260803
  cityscapes_jaccard_micro: 0.8096846103668213

2024-06-29 22:46:47,661 - INFO - Epoch 10/120
2024-06-29 22:56:16,689 - INFO - Train Stats
Loss:
  supervised: 0.40020653198628126
  total: 0.6940821038261177
  unsupervised: 0.2938755734406881
  unsupervised_weighted: 0.2938755734406881
Metrics:
  cityscapes_dice: 0.8817521841152419
  cityscapes_jaccard_macro: 0.40350622718669293
  cityscapes_jaccard_micro: 0.8223866491017319

2024-06-29 22:56:48,323 - INFO - Validation Stats
Loss:
  total: 0.34202319419384003
Metrics:
  cityscapes_dice: 0.8865932741165161
  cityscapes_jaccard_macro: 0.40316029453277585
  cityscapes_jaccard_micro: 0.8253228659629822

2024-06-29 22:56:48,547 - INFO - Epoch 11/120
2024-06-29 23:06:11,984 - INFO - Train Stats
Loss:
  supervised: 0.40394442133689734
  total: 0.6909918062906466
  unsupervised: 0.28704738465283725
  unsupervised_weighted: 0.28704738465283725
Metrics:
  cityscapes_dice: 0.8829021971907485
  cityscapes_jaccard_macro: 0.40553751118445047
  cityscapes_jaccard_micro: 0.8248100760295048

2024-06-29 23:06:44,690 - INFO - Validation Stats
Loss:
  total: 0.33671370112895965
Metrics:
  cityscapes_dice: 0.8884206962585449
  cityscapes_jaccard_macro: 0.40788807010650635
  cityscapes_jaccard_micro: 0.828765396118164

2024-06-29 23:06:44,869 - INFO - Epoch 12/120
2024-06-29 23:16:08,844 - INFO - Train Stats
Loss:
  supervised: 0.38146548301751854
  total: 0.6641007437459486
  unsupervised: 0.2826352599039313
  unsupervised_weighted: 0.2826352599039313
Metrics:
  cityscapes_dice: 0.8881452919400759
  cityscapes_jaccard_macro: 0.4166606881795677
  cityscapes_jaccard_micro: 0.8331936061960045

2024-06-29 23:16:40,476 - INFO - Validation Stats
Loss:
  total: 0.3886836049556732
Metrics:
  cityscapes_dice: 0.877266625404358
  cityscapes_jaccard_macro: 0.37628949046134946
  cityscapes_jaccard_micro: 0.8062897267341613

2024-06-29 23:16:40,477 - INFO - Epoch 13/120
2024-06-29 23:26:06,748 - INFO - Train Stats
Loss:
  supervised: 0.3935281171046667
  total: 0.6836122025002955
  unsupervised: 0.2900840849021332
  unsupervised_weighted: 0.2900840849021332
Metrics:
  cityscapes_dice: 0.8824192126415465
  cityscapes_jaccard_macro: 0.41130402285202444
  cityscapes_jaccard_micro: 0.8252151162846553

2024-06-29 23:26:38,922 - INFO - Validation Stats
Loss:
  total: 0.31953035688400266
Metrics:
  cityscapes_dice: 0.8890736765861511
  cityscapes_jaccard_macro: 0.3948932504653931
  cityscapes_jaccard_micro: 0.8330953903198243

2024-06-29 23:26:39,054 - INFO - Epoch 14/120
2024-06-29 23:36:10,902 - INFO - Train Stats
Loss:
  supervised: 0.382685777070738
  total: 0.6759370341054457
  unsupervised: 0.2932512572754373
  unsupervised_weighted: 0.2932512572754373
Metrics:
  cityscapes_dice: 0.8869105018976239
  cityscapes_jaccard_macro: 0.4205660960593401
  cityscapes_jaccard_micro: 0.830321567509209

2024-06-29 23:36:53,119 - INFO - Validation Stats
Loss:
  total: 0.41805071318149567
Metrics:
  cityscapes_dice: 0.8667378759384156
  cityscapes_jaccard_macro: 0.3777435920238495
  cityscapes_jaccard_micro: 0.7909631361961365

2024-06-29 23:36:53,119 - INFO - Epoch 15/120
2024-06-29 23:43:05,316 - INFO - Train Stats
Loss:
  supervised: 0.39162741317406224
  total: 0.6714222485587747
  unsupervised: 0.2797948342472652
  unsupervised_weighted: 0.2797948342472652
Metrics:
  cityscapes_dice: 0.8830802837004569
  cityscapes_jaccard_macro: 0.4198573026354748
  cityscapes_jaccard_micro: 0.8246479733983997

2024-06-29 23:43:36,295 - INFO - Validation Stats
Loss:
  total: 0.33136044585704805
Metrics:
  cityscapes_dice: 0.8855580840110778
  cityscapes_jaccard_macro: 0.3915964846611023
  cityscapes_jaccard_micro: 0.8248852825164795

2024-06-29 23:43:36,295 - INFO - Epoch 16/120
2024-06-29 23:49:58,377 - INFO - Train Stats
Loss:
  supervised: 0.3755175249834631
  total: 0.6722900577142281
  unsupervised: 0.29677253340480786
  unsupervised_weighted: 0.29677253340480786
Metrics:
  cityscapes_dice: 0.8882199504648927
  cityscapes_jaccard_macro: 0.4191105390307591
  cityscapes_jaccard_micro: 0.8310459882309826

2024-06-29 23:50:29,432 - INFO - Validation Stats
Loss:
  total: 0.4122634309530258
Metrics:
  cityscapes_dice: 0.8672112274169922
  cityscapes_jaccard_macro: 0.35036192917823794
  cityscapes_jaccard_micro: 0.79414399766922

2024-06-29 23:50:29,432 - INFO - Epoch 17/120
2024-06-29 23:56:34,474 - INFO - Train Stats
Loss:
  supervised: 0.37415012094961037
  total: 0.6602010266653748
  unsupervised: 0.28605090486719265
  unsupervised_weighted: 0.28605090486719265
Metrics:
  cityscapes_dice: 0.8886319743123309
  cityscapes_jaccard_macro: 0.4184592506323184
  cityscapes_jaccard_micro: 0.8321660111428077

2024-06-29 23:57:05,430 - INFO - Validation Stats
Loss:
  total: 0.3718503129482269
Metrics:
  cityscapes_dice: 0.8868786549568176
  cityscapes_jaccard_macro: 0.3792893543243408
  cityscapes_jaccard_micro: 0.8242149333953858

2024-06-29 23:57:05,430 - INFO - Epoch 18/120
2024-06-30 00:03:27,145 - INFO - Train Stats
Loss:
  supervised: 0.4116911562415433
  total: 0.7070125931925073
  unsupervised: 0.29532143709540176
  unsupervised_weighted: 0.29532143709540176
Metrics:
  cityscapes_dice: 0.8801261942972082
  cityscapes_jaccard_macro: 0.41075850019354815
  cityscapes_jaccard_micro: 0.8191368432537998

2024-06-30 00:03:57,911 - INFO - Validation Stats
Loss:
  total: 0.31922587621212006
Metrics:
  cityscapes_dice: 0.8875946221351624
  cityscapes_jaccard_macro: 0.4041975531578064
  cityscapes_jaccard_micro: 0.8300207133293152

2024-06-30 00:03:58,028 - INFO - Epoch 19/120
2024-06-30 00:10:07,244 - INFO - Train Stats
Loss:
  supervised: 0.36991747317652135
  total: 0.6605082022835634
  unsupervised: 0.29059072844503575
  unsupervised_weighted: 0.29059072844503575
Metrics:
  cityscapes_dice: 0.8905184498607438
  cityscapes_jaccard_macro: 0.42461154849444527
  cityscapes_jaccard_micro: 0.834952511073892

2024-06-30 00:10:37,814 - INFO - Validation Stats
Loss:
  total: 0.30985176491737365
Metrics:
  cityscapes_dice: 0.8905369362831116
  cityscapes_jaccard_macro: 0.3919781787395477
  cityscapes_jaccard_micro: 0.8336300778388978

2024-06-30 00:10:37,940 - INFO - Epoch 20/120
2024-06-30 00:17:00,990 - INFO - Train Stats
Loss:
  supervised: 0.37338482640286447
  total: 0.6732633429939027
  unsupervised: 0.299878514827694
  unsupervised_weighted: 0.299878514827694
Metrics:
  cityscapes_dice: 0.8893316481563357
  cityscapes_jaccard_macro: 0.41859751186590877
  cityscapes_jaccard_micro: 0.8343268407099491

2024-06-30 00:17:31,954 - INFO - Validation Stats
Loss:
  total: 0.3701303912401199
Metrics:
  cityscapes_dice: 0.8776963443756104
  cityscapes_jaccard_macro: 0.3771174030303955
  cityscapes_jaccard_micro: 0.8086443023681641

2024-06-30 00:17:32,630 - INFO - Epoch 21/120
2024-06-30 00:23:45,002 - INFO - Train Stats
Loss:
  supervised: 0.3739946294630094
  total: 0.6543578225547547
  unsupervised: 0.2803631926343591
  unsupervised_weighted: 0.2803631926343591
Metrics:
  cityscapes_dice: 0.8895207760744218
  cityscapes_jaccard_macro: 0.4238888219071128
  cityscapes_jaccard_micro: 0.8336046860946015

2024-06-30 00:24:16,757 - INFO - Validation Stats
Loss:
  total: 0.40498348999023437
Metrics:
  cityscapes_dice: 0.8774989681243897
  cityscapes_jaccard_macro: 0.37497110962867736
  cityscapes_jaccard_micro: 0.8148748188018798

2024-06-30 00:24:16,757 - INFO - Epoch 22/120
2024-06-30 00:30:43,953 - INFO - Train Stats
Loss:
  supervised: 0.36151577813945024
  total: 0.6535244554955277
  unsupervised: 0.29200867816853987
  unsupervised_weighted: 0.29200867816853987
Metrics:
  cityscapes_dice: 0.8926255377506016
  cityscapes_jaccard_macro: 0.42635505683780295
  cityscapes_jaccard_micro: 0.8369481402760753

2024-06-30 00:31:13,996 - INFO - Validation Stats
Loss:
  total: 0.32706208527088165
Metrics:
  cityscapes_dice: 0.8877107243537903
  cityscapes_jaccard_macro: 0.40286502623558046
  cityscapes_jaccard_micro: 0.8293153138160706

2024-06-30 00:31:13,996 - INFO - Epoch 23/120
2024-06-30 00:37:18,785 - INFO - Train Stats
Loss:
  supervised: 0.37181108597792406
  total: 0.6550280487643305
  unsupervised: 0.28321696177534217
  unsupervised_weighted: 0.28321696177534217
Metrics:
  cityscapes_dice: 0.8896115372004063
  cityscapes_jaccard_macro: 0.42681585635345953
  cityscapes_jaccard_micro: 0.8351642634420203

2024-06-30 00:37:49,637 - INFO - Validation Stats
Loss:
  total: 0.3684725625514984
Metrics:
  cityscapes_dice: 0.8786915254592895
  cityscapes_jaccard_macro: 0.3783423779010773
  cityscapes_jaccard_micro: 0.8132661328315735

2024-06-30 00:37:49,637 - INFO - Epoch 24/120
2024-06-30 00:44:12,712 - INFO - Train Stats
Loss:
  supervised: 0.3865600465669
  total: 0.6782218931372216
  unsupervised: 0.29166184641986553
  unsupervised_weighted: 0.29166184641986553
Metrics:
  cityscapes_dice: 0.8858750491901053
  cityscapes_jaccard_macro: 0.4213540680670392
  cityscapes_jaccard_micro: 0.8293435189854925

2024-06-30 00:44:49,046 - INFO - Validation Stats
Loss:
  total: 0.358083132982254
Metrics:
  cityscapes_dice: 0.8825974249839783
  cityscapes_jaccard_macro: 0.3867469618320465
  cityscapes_jaccard_micro: 0.8231108031272888

2024-06-30 00:44:49,046 - INFO - Epoch 25/120
2024-06-30 00:51:13,544 - INFO - Train Stats
Loss:
  supervised: 0.37131061220785333
  total: 0.663166381117793
  unsupervised: 0.2918557694937089
  unsupervised_weighted: 0.2918557694937089
Metrics:
  cityscapes_dice: 0.8887355956391872
  cityscapes_jaccard_macro: 0.4253507764928753
  cityscapes_jaccard_micro: 0.83228809628425

2024-06-30 00:51:44,144 - INFO - Validation Stats
Loss:
  total: 0.34686515748500824
Metrics:
  cityscapes_dice: 0.8868501629829407
  cityscapes_jaccard_macro: 0.3860545508861542
  cityscapes_jaccard_micro: 0.8268480415344238

2024-06-30 00:51:44,144 - INFO - Epoch 26/120
2024-06-30 00:57:59,343 - INFO - Train Stats
Loss:
  supervised: 0.3723818192887383
  total: 0.6657679474796733
  unsupervised: 0.29338612974364076
  unsupervised_weighted: 0.29338612974364076
Metrics:
  cityscapes_dice: 0.8892200863611718
  cityscapes_jaccard_macro: 0.424524392469249
  cityscapes_jaccard_micro: 0.8327238052264939

2024-06-30 00:58:31,592 - INFO - Validation Stats
Loss:
  total: 0.3671399667263031
Metrics:
  cityscapes_dice: 0.8843691439628601
  cityscapes_jaccard_macro: 0.38420676374435425
  cityscapes_jaccard_micro: 0.8217149500846863

2024-06-30 00:58:31,592 - INFO - Epoch 27/120
2024-06-30 01:04:56,028 - INFO - Train Stats
Loss:
  supervised: 0.3705247672386046
  total: 0.6755480848866634
  unsupervised: 0.3050233189901262
  unsupervised_weighted: 0.3050233189901262
Metrics:
  cityscapes_dice: 0.8892571686350279
  cityscapes_jaccard_macro: 0.4240303830828921
  cityscapes_jaccard_micro: 0.8324467547490639

2024-06-30 01:05:28,064 - INFO - Validation Stats
Loss:
  total: 0.320850571513176
Metrics:
  cityscapes_dice: 0.8909980840682984
  cityscapes_jaccard_macro: 0.40219633436203
  cityscapes_jaccard_micro: 0.8342745771408081

2024-06-30 01:05:28,064 - INFO - Epoch 28/120
2024-06-30 01:11:33,096 - INFO - Train Stats
Loss:
  supervised: 0.3639082311139546
  total: 0.6552216910872976
  unsupervised: 0.2913134597687228
  unsupervised_weighted: 0.2913134597687228
Metrics:
  cityscapes_dice: 0.8907746156506083
  cityscapes_jaccard_macro: 0.427723412559953
  cityscapes_jaccard_micro: 0.8345361891080759

2024-06-30 01:12:03,442 - INFO - Validation Stats
Loss:
  total: 0.4669305012226105
Metrics:
  cityscapes_dice: 0.8642484593391419
  cityscapes_jaccard_macro: 0.36186337435245514
  cityscapes_jaccard_micro: 0.7891982464790345

2024-06-30 01:12:03,442 - INFO - Epoch 29/120
2024-06-30 01:18:35,484 - INFO - Train Stats
Loss:
  supervised: 0.3557456623106858
  total: 0.6563619601755419
  unsupervised: 0.3006162976120901
  unsupervised_weighted: 0.3006162976120901
Metrics:
  cityscapes_dice: 0.894171799567674
  cityscapes_jaccard_macro: 0.43149290056914236
  cityscapes_jaccard_micro: 0.8375794517300625

2024-06-30 01:19:06,968 - INFO - Validation Stats
Loss:
  total: 0.33482158529758455
Metrics:
  cityscapes_dice: 0.8872888832092285
  cityscapes_jaccard_macro: 0.3970409278869629
  cityscapes_jaccard_micro: 0.8267334451675415

2024-06-30 01:19:06,968 - INFO - Epoch 30/120
2024-06-30 01:25:19,807 - INFO - Train Stats
Loss:
  supervised: 0.39997448000653685
  total: 0.6977141448484676
  unsupervised: 0.2977396661960347
  unsupervised_weighted: 0.2977396661960347
Metrics:
  cityscapes_dice: 0.8807794994799502
  cityscapes_jaccard_macro: 0.4204141403246003
  cityscapes_jaccard_micro: 0.8237597819339478

2024-06-30 01:25:50,779 - INFO - Validation Stats
Loss:
  total: 0.4757729289531708
Metrics:
  cityscapes_dice: 0.8519836091995239
  cityscapes_jaccard_macro: 0.3577685136795044
  cityscapes_jaccard_micro: 0.76886869764328

2024-06-30 01:25:50,915 - INFO - Epoch 31/120
2024-06-30 01:32:23,363 - INFO - Train Stats
Loss:
  supervised: 0.3650073199043944
  total: 0.6665285631701326
  unsupervised: 0.30152124396987223
  unsupervised_weighted: 0.30152124396987223
Metrics:
  cityscapes_dice: 0.8906037494997601
  cityscapes_jaccard_macro: 0.4238432926247694
  cityscapes_jaccard_micro: 0.8346410074026018

2024-06-30 01:32:54,619 - INFO - Validation Stats
Loss:
  total: 0.34014278364181516
Metrics:
  cityscapes_dice: 0.8847840356826783
  cityscapes_jaccard_macro: 0.39418113946914674
  cityscapes_jaccard_micro: 0.8246312260627746

2024-06-30 01:32:54,619 - INFO - Epoch 32/120
2024-06-30 01:39:04,840 - INFO - Train Stats
Loss:
  supervised: 0.36699751232523525
  total: 0.6597471347918226
  unsupervised: 0.2927496230744295
  unsupervised_weighted: 0.2927496230744295
Metrics:
  cityscapes_dice: 0.8905968854206829
  cityscapes_jaccard_macro: 0.42610631372797664
  cityscapes_jaccard_micro: 0.8337926236921636

2024-06-30 01:39:36,067 - INFO - Validation Stats
Loss:
  total: 0.33683444595336914
Metrics:
  cityscapes_dice: 0.8865319180488587
  cityscapes_jaccard_macro: 0.3997344925403595
  cityscapes_jaccard_micro: 0.8260044865608215

2024-06-30 01:39:36,067 - INFO - Epoch 33/120
2024-06-30 01:45:59,119 - INFO - Train Stats
Loss:
  supervised: 0.3722918170815716
  total: 0.6636799235191791
  unsupervised: 0.2913881048849018
  unsupervised_weighted: 0.2913881048849018
Metrics:
  cityscapes_dice: 0.8891422989776716
  cityscapes_jaccard_macro: 0.4225864500914714
  cityscapes_jaccard_micro: 0.8319816931432207

2024-06-30 01:46:29,692 - INFO - Validation Stats
Loss:
  total: 0.3636806083917618
Metrics:
  cityscapes_dice: 0.8798402457237243
  cityscapes_jaccard_macro: 0.3928760907649994
  cityscapes_jaccard_micro: 0.8160035157203674

2024-06-30 01:46:29,692 - INFO - Epoch 34/120
2024-06-30 01:52:34,998 - INFO - Train Stats
Loss:
  supervised: 0.3507915064812862
  total: 0.644344278606729
  unsupervised: 0.2935527709879956
  unsupervised_weighted: 0.2935527709879956
Metrics:
  cityscapes_dice: 0.8950118453803085
  cityscapes_jaccard_macro: 0.43215181470302466
  cityscapes_jaccard_micro: 0.8401491342049231

2024-06-30 01:53:05,820 - INFO - Validation Stats
Loss:
  total: 0.3139753797054291
Metrics:
  cityscapes_dice: 0.889435941696167
  cityscapes_jaccard_macro: 0.4037949709892273
  cityscapes_jaccard_micro: 0.8326883311271668

2024-06-30 01:53:05,820 - INFO - Epoch 35/120
2024-06-30 01:59:29,523 - INFO - Train Stats
Loss:
  supervised: 0.35371117074770764
  total: 0.6570410667068546
  unsupervised: 0.30332989726510495
  unsupervised_weighted: 0.30332989726510495
Metrics:
  cityscapes_dice: 0.8954949243677259
  cityscapes_jaccard_macro: 0.4304638533147356
  cityscapes_jaccard_micro: 0.841582843073928

2024-06-30 02:00:02,784 - INFO - Validation Stats
Loss:
  total: 0.36090440475940705
Metrics:
  cityscapes_dice: 0.8870267391204834
  cityscapes_jaccard_macro: 0.4039584105014801
  cityscapes_jaccard_micro: 0.8304834423065186

2024-06-30 02:00:02,784 - INFO - Epoch 36/120
2024-06-30 02:06:06,628 - INFO - Train Stats
Loss:
  supervised: 0.37445688845893677
  total: 0.6717066148323081
  unsupervised: 0.297249726818721
  unsupervised_weighted: 0.297249726818721
Metrics:
  cityscapes_dice: 0.8893072005234935
  cityscapes_jaccard_macro: 0.4251304598636504
  cityscapes_jaccard_micro: 0.8330940377924092

2024-06-30 02:06:37,407 - INFO - Validation Stats
Loss:
  total: 0.35310266828536985
Metrics:
  cityscapes_dice: 0.8865521688461304
  cityscapes_jaccard_macro: 0.37761208868026735
  cityscapes_jaccard_micro: 0.8263818054199219

2024-06-30 02:06:37,407 - INFO - Epoch 37/120
2024-06-30 02:13:08,917 - INFO - Train Stats
Loss:
  supervised: 0.3674613475703269
  total: 0.6604882586801573
  unsupervised: 0.29302691029134975
  unsupervised_weighted: 0.29302691029134975
Metrics:
  cityscapes_dice: 0.8912617430114977
  cityscapes_jaccard_macro: 0.4253459648140413
  cityscapes_jaccard_micro: 0.8344010446274801

2024-06-30 02:13:39,630 - INFO - Validation Stats
Loss:
  total: 0.3326021046638489
Metrics:
  cityscapes_dice: 0.8895659093856811
  cityscapes_jaccard_macro: 0.3928179681301117
  cityscapes_jaccard_micro: 0.8309401764869689

2024-06-30 02:13:39,630 - INFO - Epoch 38/120
2024-06-30 02:19:46,681 - INFO - Train Stats
Loss:
  supervised: 0.37266783403031084
  total: 0.6777999035183563
  unsupervised: 0.30513206885011207
  unsupervised_weighted: 0.30513206885011207
Metrics:
  cityscapes_dice: 0.8887424696242867
  cityscapes_jaccard_macro: 0.4243189388937249
  cityscapes_jaccard_micro: 0.8328854826569365

2024-06-30 02:20:17,322 - INFO - Validation Stats
Loss:
  total: 0.3306043608188629
Metrics:
  cityscapes_dice: 0.8895965600013733
  cityscapes_jaccard_macro: 0.4053432590961456
  cityscapes_jaccard_micro: 0.8300167684555053

2024-06-30 02:20:17,322 - INFO - Epoch 39/120
2024-06-30 02:26:39,768 - INFO - Train Stats
Loss:
  supervised: 0.36598741062141965
  total: 0.6672966176935852
  unsupervised: 0.3013092091785494
  unsupervised_weighted: 0.3013092091785494
Metrics:
  cityscapes_dice: 0.8910433072265785
  cityscapes_jaccard_macro: 0.42676372869430723
  cityscapes_jaccard_micro: 0.8340560915204358

2024-06-30 02:27:13,561 - INFO - Validation Stats
Loss:
  total: 0.34171664786338807
Metrics:
  cityscapes_dice: 0.8871094012260436
  cityscapes_jaccard_macro: 0.4014300055503845
  cityscapes_jaccard_micro: 0.826431384563446

2024-06-30 02:27:13,562 - INFO - Epoch 40/120
2024-06-30 02:33:28,518 - INFO - Train Stats
Loss:
  supervised: 0.36686931383195714
  total: 0.6650611765454004
  unsupervised: 0.2981918631768477
  unsupervised_weighted: 0.2981918631768477
Metrics:
  cityscapes_dice: 0.8909968475243965
  cityscapes_jaccard_macro: 0.4268581357473125
  cityscapes_jaccard_micro: 0.8363680831353768

2024-06-30 02:33:59,268 - INFO - Validation Stats
Loss:
  total: 0.39212197411060334
Metrics:
  cityscapes_dice: 0.8749559087753296
  cityscapes_jaccard_macro: 0.3879588496685028
  cityscapes_jaccard_micro: 0.8056691069602966

2024-06-30 02:33:59,393 - INFO - Epoch 41/120
2024-06-30 02:40:12,645 - INFO - Train Stats
Loss:
  supervised: 0.3771899143212831
  total: 0.6759006876456333
  unsupervised: 0.2987107726743803
  unsupervised_weighted: 0.2987107726743803
Metrics:
  cityscapes_dice: 0.8871820651849368
  cityscapes_jaccard_macro: 0.4255146703205894
  cityscapes_jaccard_micro: 0.8296478218331284

2024-06-30 02:40:47,574 - INFO - Validation Stats
Loss:
  total: 0.3610923957824707
Metrics:
  cityscapes_dice: 0.8806234140396119
  cityscapes_jaccard_macro: 0.39685686779022217
  cityscapes_jaccard_micro: 0.8173822898864747

2024-06-30 02:40:47,574 - INFO - Epoch 42/120
2024-06-30 02:47:11,399 - INFO - Train Stats
Loss:
  supervised: 0.34891747574958354
  total: 0.6433970635464966
  unsupervised: 0.29447958797144197
  unsupervised_weighted: 0.29447958797144197
Metrics:
  cityscapes_dice: 0.8960148930934789
  cityscapes_jaccard_macro: 0.4333000011465276
  cityscapes_jaccard_micro: 0.8420497340320193

2024-06-30 02:47:41,833 - INFO - Validation Stats
Loss:
  total: 0.41294501531124117
Metrics:
  cityscapes_dice: 0.8612377419471741
  cityscapes_jaccard_macro: 0.3744092848300934
  cityscapes_jaccard_micro: 0.7854878749847413

2024-06-30 02:47:41,833 - INFO - Epoch 43/120
2024-06-30 02:53:46,662 - INFO - Train Stats
Loss:
  supervised: 0.3508561514979996
  total: 0.6402335412956787
  unsupervised: 0.2893773901888646
  unsupervised_weighted: 0.2893773901888646
Metrics:
  cityscapes_dice: 0.8960196443251146
  cityscapes_jaccard_macro: 0.4336270510079113
  cityscapes_jaccard_micro: 0.8403631729015145

2024-06-30 02:54:17,914 - INFO - Validation Stats
Loss:
  total: 0.3733978714942932
Metrics:
  cityscapes_dice: 0.8774408364295959
  cityscapes_jaccard_macro: 0.38231977105140685
  cityscapes_jaccard_micro: 0.8111018128395081

2024-06-30 02:54:17,914 - INFO - Epoch 44/120
2024-06-30 03:00:40,383 - INFO - Train Stats
Loss:
  supervised: 0.35285292435828625
  total: 0.6564659329194437
  unsupervised: 0.30361300754407494
  unsupervised_weighted: 0.30361300754407494
Metrics:
  cityscapes_dice: 0.8936278571604912
  cityscapes_jaccard_macro: 0.4275634215846778
  cityscapes_jaccard_micro: 0.8368364681334796

2024-06-30 03:01:11,511 - INFO - Validation Stats
Loss:
  total: 0.37499348974227903
Metrics:
  cityscapes_dice: 0.8833487386703491
  cityscapes_jaccard_macro: 0.3901156513690949
  cityscapes_jaccard_micro: 0.8225812339782714

2024-06-30 03:01:11,511 - INFO - Epoch 45/120
2024-06-30 03:07:16,037 - INFO - Train Stats
Loss:
  supervised: 0.3525962075865519
  total: 0.6451061040596353
  unsupervised: 0.29250989512499775
  unsupervised_weighted: 0.29250989512499775
Metrics:
  cityscapes_dice: 0.8943791274095679
  cityscapes_jaccard_macro: 0.43198564889357816
  cityscapes_jaccard_micro: 0.8396651956654472

2024-06-30 03:07:46,561 - INFO - Validation Stats
Loss:
  total: 0.3475879164934158
Metrics:
  cityscapes_dice: 0.8847265338897705
  cityscapes_jaccard_macro: 0.40408160305023194
  cityscapes_jaccard_micro: 0.8236293978691102

2024-06-30 03:07:46,561 - INFO - Epoch 46/120
2024-06-30 03:14:18,672 - INFO - Train Stats
Loss:
  supervised: 0.3300879760156348
  total: 0.6327672632041
  unsupervised: 0.3026792875315049
  unsupervised_weighted: 0.3026792875315049
Metrics:
  cityscapes_dice: 0.9002542526059466
  cityscapes_jaccard_macro: 0.44197037079415147
  cityscapes_jaccard_micro: 0.8482659067206313

2024-06-30 03:14:49,527 - INFO - Validation Stats
Loss:
  total: 0.41330203783512115
Metrics:
  cityscapes_dice: 0.8781197414398193
  cityscapes_jaccard_macro: 0.3751694884300232
  cityscapes_jaccard_micro: 0.8125290393829345

2024-06-30 03:14:49,527 - INFO - Epoch 47/120
2024-06-30 03:20:55,226 - INFO - Train Stats
Loss:
  supervised: 0.34937786409610305
  total: 0.6426946219652651
  unsupervised: 0.2933167576645418
  unsupervised_weighted: 0.2933167576645418
Metrics:
  cityscapes_dice: 0.8942153857771145
  cityscapes_jaccard_macro: 0.4379413526788089
  cityscapes_jaccard_micro: 0.8395998999837527

2024-06-30 03:21:26,690 - INFO - Validation Stats
Loss:
  total: 0.32212676215171815
Metrics:
  cityscapes_dice: 0.8921723279953003
  cityscapes_jaccard_macro: 0.4120999402999878
  cityscapes_jaccard_micro: 0.835384400844574

2024-06-30 03:21:26,690 - INFO - Epoch 48/120
2024-06-30 03:27:48,533 - INFO - Train Stats
Loss:
  supervised: 0.3444782274990359
  total: 0.637972551829788
  unsupervised: 0.29349432502886785
  unsupervised_weighted: 0.29349432502886785
Metrics:
  cityscapes_dice: 0.896873823853032
  cityscapes_jaccard_macro: 0.4292746354526387
  cityscapes_jaccard_micro: 0.8404067311803051

2024-06-30 03:28:19,119 - INFO - Validation Stats
Loss:
  total: 0.3832736574411392
Metrics:
  cityscapes_dice: 0.8766068367958069
  cityscapes_jaccard_macro: 0.4027849352359772
  cityscapes_jaccard_micro: 0.808939486503601

2024-06-30 03:28:19,119 - INFO - Epoch 49/120
2024-06-30 03:34:25,227 - INFO - Train Stats
Loss:
  supervised: 0.341152568283056
  total: 0.6419495969818174
  unsupervised: 0.30079702818119275
  unsupervised_weighted: 0.30079702818119275
Metrics:
  cityscapes_dice: 0.8975887806041946
  cityscapes_jaccard_macro: 0.43800565966304167
  cityscapes_jaccard_micro: 0.8420764372017542

2024-06-30 03:34:56,342 - INFO - Validation Stats
Loss:
  total: 0.31688648474216463
Metrics:
  cityscapes_dice: 0.8872507977485656
  cityscapes_jaccard_macro: 0.392275918006897
  cityscapes_jaccard_micro: 0.8273262629508972

2024-06-30 03:34:56,342 - INFO - Epoch 50/120
2024-06-30 03:41:18,120 - INFO - Train Stats
Loss:
  supervised: 0.3321351181468979
  total: 0.6390096969144218
  unsupervised: 0.3068745781476451
  unsupervised_weighted: 0.3068745781476451
Metrics:
  cityscapes_dice: 0.899643971288339
  cityscapes_jaccard_macro: 0.44418893913363794
  cityscapes_jaccard_micro: 0.8457995523639951

2024-06-30 03:41:49,266 - INFO - Validation Stats
Loss:
  total: 0.4232860289812088
Metrics:
  cityscapes_dice: 0.8765067524909973
  cityscapes_jaccard_macro: 0.4072000579833984
  cityscapes_jaccard_micro: 0.8066011157035827

2024-06-30 03:41:49,437 - INFO - Epoch 51/120
2024-06-30 03:48:00,506 - INFO - Train Stats
Loss:
  supervised: 0.36452807088853467
  total: 0.6603422861829136
  unsupervised: 0.2958142142231322
  unsupervised_weighted: 0.2958142142231322
Metrics:
  cityscapes_dice: 0.8921823037941737
  cityscapes_jaccard_macro: 0.43018734339558445
  cityscapes_jaccard_micro: 0.835368586279849

2024-06-30 03:48:31,440 - INFO - Validation Stats
Loss:
  total: 0.4324994384050369
Metrics:
  cityscapes_dice: 0.8684871883392334
  cityscapes_jaccard_macro: 0.37080950355529785
  cityscapes_jaccard_micro: 0.7969132461547852

2024-06-30 03:48:31,440 - INFO - Epoch 52/120
2024-06-30 03:54:54,258 - INFO - Train Stats
Loss:
  supervised: 0.3287621347026024
  total: 0.6255099616932753
  unsupervised: 0.2967478247940155
  unsupervised_weighted: 0.2967478247940155
Metrics:
  cityscapes_dice: 0.9009745307567624
  cityscapes_jaccard_macro: 0.4406693663105056
  cityscapes_jaccard_micro: 0.8486422672867775

2024-06-30 03:55:24,640 - INFO - Validation Stats
Loss:
  total: 0.36682687306404116
Metrics:
  cityscapes_dice: 0.8890272912979126
  cityscapes_jaccard_macro: 0.41391158747673035
  cityscapes_jaccard_micro: 0.8237099266052246

2024-06-30 03:55:24,640 - INFO - Epoch 53/120
2024-06-30 04:01:36,067 - INFO - Train Stats
Loss:
  supervised: 0.3363067201415441
  total: 0.6377019876424639
  unsupervised: 0.3013952678439594
  unsupervised_weighted: 0.3013952678439594
Metrics:
  cityscapes_dice: 0.8994708602859823
  cityscapes_jaccard_macro: 0.4392655408175388
  cityscapes_jaccard_micro: 0.8459019094994458

2024-06-30 04:02:06,454 - INFO - Validation Stats
Loss:
  total: 0.33682198297977445
Metrics:
  cityscapes_dice: 0.8861341304779052
  cityscapes_jaccard_macro: 0.3987109169960022
  cityscapes_jaccard_micro: 0.823517746925354

2024-06-30 04:02:06,454 - INFO - Epoch 54/120
2024-06-30 04:08:31,012 - INFO - Train Stats
Loss:
  supervised: 0.3229449890517842
  total: 0.6241138573609569
  unsupervised: 0.3011688680864979
  unsupervised_weighted: 0.3011688680864979
Metrics:
  cityscapes_dice: 0.9024105577553609
  cityscapes_jaccard_macro: 0.44314008616573014
  cityscapes_jaccard_micro: 0.8485223117957015

2024-06-30 04:09:01,253 - INFO - Validation Stats
Loss:
  total: 0.3021411154270172
Metrics:
  cityscapes_dice: 0.8969683475494384
  cityscapes_jaccard_macro: 0.42127235341072083
  cityscapes_jaccard_micro: 0.84181760597229

2024-06-30 04:09:01,380 - INFO - Epoch 55/120
2024-06-30 04:12:26,076 - INFO - Train Stats
Loss:
  supervised: 0.3317683157969946
  total: 0.6302733370772471
  unsupervised: 0.29850502241168153
  unsupervised_weighted: 0.29850502241168153
Metrics:
  cityscapes_dice: 0.9004824984824715
  cityscapes_jaccard_macro: 0.4401411905956962
  cityscapes_jaccard_micro: 0.846640315069328

2024-06-30 04:12:50,274 - INFO - Validation Stats
Loss:
  total: 0.3373732422590256
Metrics:
  cityscapes_dice: 0.8854003372192383
  cityscapes_jaccard_macro: 0.3965840702056885
  cityscapes_jaccard_micro: 0.8275270524024964

2024-06-30 04:12:50,274 - INFO - Epoch 56/120
2024-06-30 04:15:53,054 - INFO - Train Stats
Loss:
  supervised: 0.35457864408539264
  total: 0.6461652969168153
  unsupervised: 0.2915866548415147
  unsupervised_weighted: 0.2915866548415147
Metrics:
  cityscapes_dice: 0.894207832742007
  cityscapes_jaccard_macro: 0.4327822838201276
  cityscapes_jaccard_micro: 0.8407247222490573

2024-06-30 04:16:17,346 - INFO - Validation Stats
Loss:
  total: 0.416964235663414
Metrics:
  cityscapes_dice: 0.8710624651908875
  cityscapes_jaccard_macro: 0.37820025682449343
  cityscapes_jaccard_micro: 0.7971491799354553

2024-06-30 04:16:17,346 - INFO - Epoch 57/120
2024-06-30 04:19:20,180 - INFO - Train Stats
Loss:
  supervised: 0.32785813379220313
  total: 0.6179574180352283
  unsupervised: 0.2900992840925692
  unsupervised_weighted: 0.2900992840925692
Metrics:
  cityscapes_dice: 0.9015890109519774
  cityscapes_jaccard_macro: 0.444896908684578
  cityscapes_jaccard_micro: 0.8481269839410828

2024-06-30 04:19:44,606 - INFO - Validation Stats
Loss:
  total: 0.34412240219116214
Metrics:
  cityscapes_dice: 0.8882724680900573
  cityscapes_jaccard_macro: 0.40027539420127867
  cityscapes_jaccard_micro: 0.828949655532837

2024-06-30 04:19:44,606 - INFO - Epoch 58/120
2024-06-30 04:22:47,387 - INFO - Train Stats
Loss:
  supervised: 0.33181822259033245
  total: 0.6277660257115311
  unsupervised: 0.2959478022485538
  unsupervised_weighted: 0.2959478022485538
Metrics:
  cityscapes_dice: 0.8992625706993128
  cityscapes_jaccard_macro: 0.4394044024397368
  cityscapes_jaccard_micro: 0.846547474672413

2024-06-30 04:23:11,516 - INFO - Validation Stats
Loss:
  total: 0.2888262355327606
Metrics:
  cityscapes_dice: 0.8987774982452392
  cityscapes_jaccard_macro: 0.4190171859264374
  cityscapes_jaccard_micro: 0.8458861508369446

2024-06-30 04:23:11,629 - INFO - Epoch 59/120
2024-06-30 04:26:14,453 - INFO - Train Stats
Loss:
  supervised: 0.33257005801830614
  total: 0.6311081982487046
  unsupervised: 0.2985381406697299
  unsupervised_weighted: 0.2985381406697299
Metrics:
  cityscapes_dice: 0.9004894723222021
  cityscapes_jaccard_macro: 0.44095063428597614
  cityscapes_jaccard_micro: 0.8476226496388338

2024-06-30 04:26:38,587 - INFO - Validation Stats
Loss:
  total: 0.3198794848918915
Metrics:
  cityscapes_dice: 0.8928764243125915
  cityscapes_jaccard_macro: 0.4066894850730896
  cityscapes_jaccard_micro: 0.8357864270210266

2024-06-30 04:26:38,587 - INFO - Epoch 60/120
2024-06-30 04:29:41,197 - INFO - Train Stats
Loss:
  supervised: 0.31558859231543274
  total: 0.6153930069604867
  unsupervised: 0.29980441308031175
  unsupervised_weighted: 0.29980441308031175
Metrics:
  cityscapes_dice: 0.9056743955862542
  cityscapes_jaccard_macro: 0.4479195203192785
  cityscapes_jaccard_micro: 0.8544571033779754

2024-06-30 04:30:05,364 - INFO - Validation Stats
Loss:
  total: 0.3307818287611008
Metrics:
  cityscapes_dice: 0.8912045440673828
  cityscapes_jaccard_macro: 0.4081883318424225
  cityscapes_jaccard_micro: 0.8359029974937439

2024-06-30 04:30:05,523 - INFO - Epoch 61/120
2024-06-30 04:33:08,157 - INFO - Train Stats
Loss:
  supervised: 0.32612022692533227
  total: 0.6185654103033762
  unsupervised: 0.2924451846659472
  unsupervised_weighted: 0.2924451846659472
Metrics:
  cityscapes_dice: 0.9010439914724938
  cityscapes_jaccard_macro: 0.44609112220309277
  cityscapes_jaccard_micro: 0.8469509162213382

2024-06-30 04:33:32,127 - INFO - Validation Stats
Loss:
  total: 0.32426087248325347
Metrics:
  cityscapes_dice: 0.8931505560874939
  cityscapes_jaccard_macro: 0.41318649172782895
  cityscapes_jaccard_micro: 0.8359355506896973

2024-06-30 04:33:32,127 - INFO - Epoch 62/120
2024-06-30 04:36:34,986 - INFO - Train Stats
Loss:
  supervised: 0.3141298880484647
  total: 0.6138939174773812
  unsupervised: 0.29976402865256363
  unsupervised_weighted: 0.29976402865256363
Metrics:
  cityscapes_dice: 0.9049732723605844
  cityscapes_jaccard_macro: 0.4472107201910943
  cityscapes_jaccard_micro: 0.8527983048620825

2024-06-30 04:36:59,377 - INFO - Validation Stats
Loss:
  total: 0.31435560417175296
Metrics:
  cityscapes_dice: 0.8931977577209472
  cityscapes_jaccard_macro: 0.4236763904094696
  cityscapes_jaccard_micro: 0.8367640042304992

2024-06-30 04:36:59,378 - INFO - Epoch 63/120
2024-06-30 04:40:02,531 - INFO - Train Stats
Loss:
  supervised: 0.3107199766620488
  total: 0.6044479930391219
  unsupervised: 0.29372801668400333
  unsupervised_weighted: 0.29372801668400333
Metrics:
  cityscapes_dice: 0.9067416420275637
  cityscapes_jaccard_macro: 0.4494728024489275
  cityscapes_jaccard_micro: 0.8558886428160506

2024-06-30 04:40:26,527 - INFO - Validation Stats
Loss:
  total: 0.3256103891134262
Metrics:
  cityscapes_dice: 0.8919849877357483
  cityscapes_jaccard_macro: 0.4136435086727142
  cityscapes_jaccard_micro: 0.8330829873085022

2024-06-30 04:40:26,527 - INFO - Epoch 64/120
2024-06-30 04:43:29,211 - INFO - Train Stats
Loss:
  supervised: 0.31043953849348765
  total: 0.6041622007557571
  unsupervised: 0.29372266181691975
  unsupervised_weighted: 0.29372266181691975
Metrics:
  cityscapes_dice: 0.906436408374922
  cityscapes_jaccard_macro: 0.4553099212767812
  cityscapes_jaccard_micro: 0.8540476312159722

2024-06-30 04:43:53,524 - INFO - Validation Stats
Loss:
  total: 0.31812837755680085
Metrics:
  cityscapes_dice: 0.8904328603744507
  cityscapes_jaccard_macro: 0.4239235718250275
  cityscapes_jaccard_micro: 0.8334411325454711

2024-06-30 04:43:53,525 - INFO - Epoch 65/120
2024-06-30 04:46:56,295 - INFO - Train Stats
Loss:
  supervised: 0.31730803779908645
  total: 0.603947735347925
  unsupervised: 0.2866396967423944
  unsupervised_weighted: 0.2866396967423944
Metrics:
  cityscapes_dice: 0.9052868339087158
  cityscapes_jaccard_macro: 0.4505321805956676
  cityscapes_jaccard_micro: 0.8544256051397477

2024-06-30 04:47:20,349 - INFO - Validation Stats
Loss:
  total: 0.35716123950481415
Metrics:
  cityscapes_dice: 0.8899232625961304
  cityscapes_jaccard_macro: 0.4195302519798279
  cityscapes_jaccard_micro: 0.8246309390068054

2024-06-30 04:47:20,349 - INFO - Epoch 66/120
2024-06-30 04:50:23,134 - INFO - Train Stats
Loss:
  supervised: 0.31130040379208007
  total: 0.6125162973735174
  unsupervised: 0.30121589406289656
  unsupervised_weighted: 0.30121589406289656
Metrics:
  cityscapes_dice: 0.9064463776610009
  cityscapes_jaccard_macro: 0.45019439724612503
  cityscapes_jaccard_micro: 0.8550239574158134

2024-06-30 04:50:47,258 - INFO - Validation Stats
Loss:
  total: 0.3337448196411133
Metrics:
  cityscapes_dice: 0.8928027005195618
  cityscapes_jaccard_macro: 0.41221869754791257
  cityscapes_jaccard_micro: 0.8367355551719665

2024-06-30 04:50:47,259 - INFO - Epoch 67/120
2024-06-30 04:53:50,429 - INFO - Train Stats
Loss:
  supervised: 0.29796838937914044
  total: 0.5915242656945027
  unsupervised: 0.29355587558715523
  unsupervised_weighted: 0.29355587558715523
Metrics:
  cityscapes_dice: 0.9094171788850393
  cityscapes_jaccard_macro: 0.45967337822538584
  cityscapes_jaccard_micro: 0.8586319319434428

2024-06-30 04:54:14,563 - INFO - Validation Stats
Loss:
  total: 0.33359503281116487
Metrics:
  cityscapes_dice: 0.8901374936103821
  cityscapes_jaccard_macro: 0.4057966070175171
  cityscapes_jaccard_micro: 0.8292997403144836

2024-06-30 04:54:14,564 - INFO - Epoch 68/120
2024-06-30 04:57:18,031 - INFO - Train Stats
Loss:
  supervised: 0.31262634659670474
  total: 0.61121796011347
  unsupervised: 0.29859161329409034
  unsupervised_weighted: 0.29859161329409034
Metrics:
  cityscapes_dice: 0.9056755737168338
  cityscapes_jaccard_macro: 0.4521481131168868
  cityscapes_jaccard_micro: 0.8542399729973665

2024-06-30 04:57:42,379 - INFO - Validation Stats
Loss:
  total: 0.34967569875717164
Metrics:
  cityscapes_dice: 0.8867492661476135
  cityscapes_jaccard_macro: 0.3923512024879456
  cityscapes_jaccard_micro: 0.8241835174560547

2024-06-30 04:57:42,380 - INFO - Epoch 69/120
2024-06-30 05:00:45,264 - INFO - Train Stats
Loss:
  supervised: 0.2988613379430116
  total: 0.5947164747508932
  unsupervised: 0.2958551390466667
  unsupervised_weighted: 0.2958551390466667
Metrics:
  cityscapes_dice: 0.9102651306423502
  cityscapes_jaccard_macro: 0.45873721150955205
  cityscapes_jaccard_micro: 0.8607993733035536

2024-06-30 05:01:09,287 - INFO - Validation Stats
Loss:
  total: 0.33258120429515836
Metrics:
  cityscapes_dice: 0.8927538280487061
  cityscapes_jaccard_macro: 0.420891015291214
  cityscapes_jaccard_micro: 0.8325723056793213

2024-06-30 05:01:09,287 - INFO - Epoch 70/120
2024-06-30 05:04:12,047 - INFO - Train Stats
Loss:
  supervised: 0.2997068968663212
  total: 0.5996638155137587
  unsupervised: 0.29995691847892686
  unsupervised_weighted: 0.29995691847892686
Metrics:
  cityscapes_dice: 0.9092807195876065
  cityscapes_jaccard_macro: 0.45177012472526323
  cityscapes_jaccard_micro: 0.8593312447021003

2024-06-30 05:04:36,034 - INFO - Validation Stats
Loss:
  total: 0.32302483439445495
Metrics:
  cityscapes_dice: 0.8954589405059814
  cityscapes_jaccard_macro: 0.4147402293682098
  cityscapes_jaccard_micro: 0.8378987731933594

2024-06-30 05:04:36,145 - INFO - Epoch 71/120
2024-06-30 05:07:38,747 - INFO - Train Stats
Loss:
  supervised: 0.3118918806145958
  total: 0.6038583910185994
  unsupervised: 0.29196651034382126
  unsupervised_weighted: 0.29196651034382126
Metrics:
  cityscapes_dice: 0.9054759735051958
  cityscapes_jaccard_macro: 0.44934966305634894
  cityscapes_jaccard_micro: 0.8537690868188954

2024-06-30 05:08:02,472 - INFO - Validation Stats
Loss:
  total: 0.31376261270046235
Metrics:
  cityscapes_dice: 0.8913663988113403
  cityscapes_jaccard_macro: 0.4153440754413605
  cityscapes_jaccard_micro: 0.8344695029258729

2024-06-30 05:08:02,472 - INFO - Epoch 72/120
2024-06-30 05:11:05,261 - INFO - Train Stats
Loss:
  supervised: 0.28902661164858423
  total: 0.5780375771742068
  unsupervised: 0.28901096428586515
  unsupervised_weighted: 0.28901096428586515
Metrics:
  cityscapes_dice: 0.9122265576834825
  cityscapes_jaccard_macro: 0.46463952886364956
  cityscapes_jaccard_micro: 0.862230625599382

2024-06-30 05:11:29,428 - INFO - Validation Stats
Loss:
  total: 0.3050068547725677
Metrics:
  cityscapes_dice: 0.8988616623878479
  cityscapes_jaccard_macro: 0.4192333891391754
  cityscapes_jaccard_micro: 0.8418949804306031

2024-06-30 05:11:29,428 - INFO - Epoch 73/120
2024-06-30 05:14:32,251 - INFO - Train Stats
Loss:
  supervised: 0.28160039778431706
  total: 0.5708292919137367
  unsupervised: 0.2892288944604227
  unsupervised_weighted: 0.2892288944604227
Metrics:
  cityscapes_dice: 0.9153966148758551
  cityscapes_jaccard_macro: 0.4675149029551107
  cityscapes_jaccard_micro: 0.8667439685499533

2024-06-30 05:14:56,265 - INFO - Validation Stats
Loss:
  total: 0.3088470801115036
Metrics:
  cityscapes_dice: 0.8961216440200805
  cityscapes_jaccard_macro: 0.42669914865493774
  cityscapes_jaccard_micro: 0.8394978566169738

2024-06-30 05:14:56,265 - INFO - Epoch 74/120
2024-06-30 05:17:59,056 - INFO - Train Stats
Loss:
  supervised: 0.30297867969424735
  total: 0.5966451938635698
  unsupervised: 0.2936665135253708
  unsupervised_weighted: 0.2936665135253708
Metrics:
  cityscapes_dice: 0.9086899623539606
  cityscapes_jaccard_macro: 0.4590051789227903
  cityscapes_jaccard_micro: 0.8575666649853856

2024-06-30 05:18:23,124 - INFO - Validation Stats
Loss:
  total: 0.4394946357011795
Metrics:
  cityscapes_dice: 0.8675915331840515
  cityscapes_jaccard_macro: 0.36401562678813937
  cityscapes_jaccard_micro: 0.7924998245239258

2024-06-30 05:18:23,124 - INFO - Epoch 75/120
2024-06-30 05:21:25,856 - INFO - Train Stats
Loss:
  supervised: 0.29498956437931306
  total: 0.5781572448610297
  unsupervised: 0.28316768071642795
  unsupervised_weighted: 0.28316768071642795
Metrics:
  cityscapes_dice: 0.9106425752258455
  cityscapes_jaccard_macro: 0.4584552456229107
  cityscapes_jaccard_micro: 0.8610311554976542

2024-06-30 05:21:50,069 - INFO - Validation Stats
Loss:
  total: 0.3578257751464844
Metrics:
  cityscapes_dice: 0.8906308994293213
  cityscapes_jaccard_macro: 0.4133580617904663
  cityscapes_jaccard_micro: 0.8268453345298767

2024-06-30 05:21:50,069 - INFO - Epoch 76/120
2024-06-30 05:24:52,948 - INFO - Train Stats
Loss:
  supervised: 0.27867867252962464
  total: 0.560726990005504
  unsupervised: 0.28204831724116797
  unsupervised_weighted: 0.28204831724116797
Metrics:
  cityscapes_dice: 0.914691218363064
  cityscapes_jaccard_macro: 0.46785830307950493
  cityscapes_jaccard_micro: 0.8644847669586033

2024-06-30 05:25:16,869 - INFO - Validation Stats
Loss:
  total: 0.30173275208473205
Metrics:
  cityscapes_dice: 0.8987894344329834
  cityscapes_jaccard_macro: 0.4382570533752441
  cityscapes_jaccard_micro: 0.8433347334861755

2024-06-30 05:25:16,869 - INFO - Epoch 77/120
2024-06-30 05:28:19,589 - INFO - Train Stats
Loss:
  supervised: 0.275568322562921
  total: 0.5648691132303586
  unsupervised: 0.2893007907577112
  unsupervised_weighted: 0.2893007907577112
Metrics:
  cityscapes_dice: 0.9159682550992642
  cityscapes_jaccard_macro: 0.4710600970009032
  cityscapes_jaccard_micro: 0.8676563397362852

2024-06-30 05:28:43,755 - INFO - Validation Stats
Loss:
  total: 0.3301144477128983
Metrics:
  cityscapes_dice: 0.8928973708152771
  cityscapes_jaccard_macro: 0.41468302965164183
  cityscapes_jaccard_micro: 0.8334144792556762

2024-06-30 05:28:43,755 - INFO - Epoch 78/120
2024-06-30 05:31:46,282 - INFO - Train Stats
Loss:
  supervised: 0.27716358966511556
  total: 0.5733850262758228
  unsupervised: 0.2962214364783059
  unsupervised_weighted: 0.2962214364783059
Metrics:
  cityscapes_dice: 0.9162188932082957
  cityscapes_jaccard_macro: 0.470544247784214
  cityscapes_jaccard_micro: 0.8680801699253969

2024-06-30 05:32:10,538 - INFO - Validation Stats
Loss:
  total: 0.3419438849687576
Metrics:
  cityscapes_dice: 0.8956345686912537
  cityscapes_jaccard_macro: 0.4336605479717255
  cityscapes_jaccard_micro: 0.8382424821853638

2024-06-30 05:32:10,538 - INFO - Epoch 79/120
2024-06-30 05:35:13,225 - INFO - Train Stats
Loss:
  supervised: 0.27443397520576424
  total: 0.5651400700476328
  unsupervised: 0.29070609532934594
  unsupervised_weighted: 0.29070609532934594
Metrics:
  cityscapes_dice: 0.9168202581428749
  cityscapes_jaccard_macro: 0.4729976627091021
  cityscapes_jaccard_micro: 0.8694359068916765

2024-06-30 05:35:37,185 - INFO - Validation Stats
Loss:
  total: 0.30621251809597017
Metrics:
  cityscapes_dice: 0.8999011106491089
  cityscapes_jaccard_macro: 0.4359966034889221
  cityscapes_jaccard_micro: 0.8444466819763183

2024-06-30 05:35:37,185 - INFO - Epoch 80/120
2024-06-30 05:38:39,867 - INFO - Train Stats
Loss:
  supervised: 0.2640544271671329
  total: 0.5423318823146512
  unsupervised: 0.2782774540822899
  unsupervised_weighted: 0.2782774540822899
Metrics:
  cityscapes_dice: 0.9189909470293172
  cityscapes_jaccard_macro: 0.4721665250706172
  cityscapes_jaccard_micro: 0.8716361267501203

2024-06-30 05:39:03,956 - INFO - Validation Stats
Loss:
  total: 0.3067414252758026
Metrics:
  cityscapes_dice: 0.8992487254142761
  cityscapes_jaccard_macro: 0.44002895832061767
  cityscapes_jaccard_micro: 0.8434450616836547

2024-06-30 05:39:04,147 - INFO - Epoch 81/120
2024-06-30 05:42:06,910 - INFO - Train Stats
Loss:
  supervised: 0.26149171084069284
  total: 0.5440249147679
  unsupervised: 0.28253320225413664
  unsupervised_weighted: 0.28253320225413664
Metrics:
  cityscapes_dice: 0.9203866395696106
  cityscapes_jaccard_macro: 0.4717109853067768
  cityscapes_jaccard_micro: 0.8732601912610943

2024-06-30 05:42:31,065 - INFO - Validation Stats
Loss:
  total: 0.29179426896572114
Metrics:
  cityscapes_dice: 0.9005832576751709
  cityscapes_jaccard_macro: 0.43960834765434265
  cityscapes_jaccard_micro: 0.8470517773628234

2024-06-30 05:42:31,066 - INFO - Epoch 82/120
2024-06-30 05:45:33,525 - INFO - Train Stats
Loss:
  supervised: 0.2644098375371758
  total: 0.5468258988683944
  unsupervised: 0.2824160621075715
  unsupervised_weighted: 0.2824160621075715
Metrics:
  cityscapes_dice: 0.9194693825356602
  cityscapes_jaccard_macro: 0.4766257669602149
  cityscapes_jaccard_micro: 0.8719601923891723

2024-06-30 05:45:57,557 - INFO - Validation Stats
Loss:
  total: 0.29800746190547944
Metrics:
  cityscapes_dice: 0.9016353964805603
  cityscapes_jaccard_macro: 0.4292361795902252
  cityscapes_jaccard_micro: 0.8473325295448303

2024-06-30 05:45:57,558 - INFO - Epoch 83/120
2024-06-30 05:49:00,313 - INFO - Train Stats
Loss:
  supervised: 0.2616220697736509
  total: 0.5541033810290459
  unsupervised: 0.2924813101961848
  unsupervised_weighted: 0.2924813101961848
Metrics:
  cityscapes_dice: 0.9199250024624518
  cityscapes_jaccard_macro: 0.47635646903457085
  cityscapes_jaccard_micro: 0.8728380277391782

2024-06-30 05:49:24,498 - INFO - Validation Stats
Loss:
  total: 0.34956860315799715
Metrics:
  cityscapes_dice: 0.8961265687942505
  cityscapes_jaccard_macro: 0.40862909364700317
  cityscapes_jaccard_micro: 0.8330697665214538

2024-06-30 05:49:24,499 - INFO - Epoch 84/120
2024-06-30 05:52:27,472 - INFO - Train Stats
Loss:
  supervised: 0.25231706247528074
  total: 0.5406720345307244
  unsupervised: 0.2883549715198203
  unsupervised_weighted: 0.2883549715198203
Metrics:
  cityscapes_dice: 0.9230810538632419
  cityscapes_jaccard_macro: 0.4824961616939027
  cityscapes_jaccard_micro: 0.8772576718992872

2024-06-30 05:52:51,557 - INFO - Validation Stats
Loss:
  total: 0.3451290336847305
Metrics:
  cityscapes_dice: 0.8959713292121887
  cityscapes_jaccard_macro: 0.438931346654892
  cityscapes_jaccard_micro: 0.837001392364502

2024-06-30 05:52:51,557 - INFO - Epoch 85/120
2024-06-30 05:55:54,299 - INFO - Train Stats
Loss:
  supervised: 0.25036181283208975
  total: 0.5368584717634421
  unsupervised: 0.2864966584017473
  unsupervised_weighted: 0.2864966584017473
Metrics:
  cityscapes_dice: 0.9233857853539733
  cityscapes_jaccard_macro: 0.48381544921625413
  cityscapes_jaccard_micro: 0.8771941762941142

2024-06-30 05:56:18,595 - INFO - Validation Stats
Loss:
  total: 0.28363268089294436
Metrics:
  cityscapes_dice: 0.9033196206092835
  cityscapes_jaccard_macro: 0.44100584840774537
  cityscapes_jaccard_micro: 0.8517175011634827

2024-06-30 05:56:18,792 - INFO - Epoch 86/120
2024-06-30 05:59:21,554 - INFO - Train Stats
Loss:
  supervised: 0.2481513272471401
  total: 0.5394439681377472
  unsupervised: 0.2912926408304248
  unsupervised_weighted: 0.2912926408304248
Metrics:
  cityscapes_dice: 0.9239492611854258
  cityscapes_jaccard_macro: 0.4852597546644858
  cityscapes_jaccard_micro: 0.8779965475418263

2024-06-30 05:59:45,444 - INFO - Validation Stats
Loss:
  total: 0.29203775733709336
Metrics:
  cityscapes_dice: 0.9031729698181152
  cityscapes_jaccard_macro: 0.4461863641738892
  cityscapes_jaccard_micro: 0.8494674587249755

2024-06-30 05:59:45,444 - INFO - Epoch 87/120
2024-06-30 06:02:48,092 - INFO - Train Stats
Loss:
  supervised: 0.24645335554041461
  total: 0.525359605621059
  unsupervised: 0.2789062501348086
  unsupervised_weighted: 0.2789062501348086
Metrics:
  cityscapes_dice: 0.9250131807920429
  cityscapes_jaccard_macro: 0.48598153458273274
  cityscapes_jaccard_micro: 0.8798390440101193

2024-06-30 06:03:12,219 - INFO - Validation Stats
Loss:
  total: 0.3048826479911804
Metrics:
  cityscapes_dice: 0.9033208465576172
  cityscapes_jaccard_macro: 0.43018203949928285
  cityscapes_jaccard_micro: 0.8475078721046447

2024-06-30 06:03:12,220 - INFO - Epoch 88/120
2024-06-30 06:06:14,744 - INFO - Train Stats
Loss:
  supervised: 0.24853526980214435
  total: 0.5341396277622953
  unsupervised: 0.2856043589351058
  unsupervised_weighted: 0.2856043589351058
Metrics:
  cityscapes_dice: 0.9239405746991491
  cityscapes_jaccard_macro: 0.482270242757674
  cityscapes_jaccard_micro: 0.8784234440962216

2024-06-30 06:06:38,965 - INFO - Validation Stats
Loss:
  total: 0.4026452869176865
Metrics:
  cityscapes_dice: 0.8828107523918152
  cityscapes_jaccard_macro: 0.40552376413345337
  cityscapes_jaccard_micro: 0.8124880285263062

2024-06-30 06:06:38,965 - INFO - Epoch 89/120
2024-06-30 06:09:41,815 - INFO - Train Stats
Loss:
  supervised: 0.24477608739029802
  total: 0.5229572782440409
  unsupervised: 0.27818119205137254
  unsupervised_weighted: 0.27818119205137254
Metrics:
  cityscapes_dice: 0.925208546714752
  cityscapes_jaccard_macro: 0.48453191279016905
  cityscapes_jaccard_micro: 0.8808685311978391

2024-06-30 06:10:05,795 - INFO - Validation Stats
Loss:
  total: 0.27805210554599763
Metrics:
  cityscapes_dice: 0.9056347727775573
  cityscapes_jaccard_macro: 0.44525740313529966
  cityscapes_jaccard_micro: 0.8543315372467041

2024-06-30 06:10:05,981 - INFO - Epoch 90/120
2024-06-30 06:13:08,615 - INFO - Train Stats
Loss:
  supervised: 0.24002945866068653
  total: 0.5132680457079353
  unsupervised: 0.2732385865116254
  unsupervised_weighted: 0.2732385865116254
Metrics:
  cityscapes_dice: 0.9261027076710406
  cityscapes_jaccard_macro: 0.48666044227140975
  cityscapes_jaccard_micro: 0.8810444116977575

2024-06-30 06:13:32,550 - INFO - Validation Stats
Loss:
  total: 0.28111548781394957
Metrics:
  cityscapes_dice: 0.9084038314819336
  cityscapes_jaccard_macro: 0.4458163728713989
  cityscapes_jaccard_micro: 0.8581697936058045

2024-06-30 06:13:32,662 - INFO - Epoch 91/120
2024-06-30 06:16:35,258 - INFO - Train Stats
Loss:
  supervised: 0.2290651829543137
  total: 0.5059462626598571
  unsupervised: 0.27688108088511837
  unsupervised_weighted: 0.27688108088511837
Metrics:
  cityscapes_dice: 0.9291730452816398
  cityscapes_jaccard_macro: 0.4919581609222924
  cityscapes_jaccard_micro: 0.8853024173052515

2024-06-30 06:16:59,382 - INFO - Validation Stats
Loss:
  total: 0.2797921653985977
Metrics:
  cityscapes_dice: 0.9042102460861206
  cityscapes_jaccard_macro: 0.4365944001674652
  cityscapes_jaccard_micro: 0.8518877644538879

2024-06-30 06:16:59,382 - INFO - Epoch 92/120
2024-06-30 06:20:01,875 - INFO - Train Stats
Loss:
  supervised: 0.2340400800746843
  total: 0.5148942497030792
  unsupervised: 0.28085416977283256
  unsupervised_weighted: 0.28085416977283256
Metrics:
  cityscapes_dice: 0.9279057910253621
  cityscapes_jaccard_macro: 0.49270287950512665
  cityscapes_jaccard_micro: 0.8838673292723919

2024-06-30 06:20:26,081 - INFO - Validation Stats
Loss:
  total: 0.29228574061393736
Metrics:
  cityscapes_dice: 0.9058809370994568
  cityscapes_jaccard_macro: 0.45178843212127684
  cityscapes_jaccard_micro: 0.8541033277511597

2024-06-30 06:20:26,081 - INFO - Epoch 93/120
2024-06-30 06:23:28,790 - INFO - Train Stats
Loss:
  supervised: 0.23339394790531168
  total: 0.5090573061504349
  unsupervised: 0.2756633581367949
  unsupervised_weighted: 0.2756633581367949
Metrics:
  cityscapes_dice: 0.9283935087755539
  cityscapes_jaccard_macro: 0.4997225729252102
  cityscapes_jaccard_micro: 0.8845521708490005

2024-06-30 06:23:52,902 - INFO - Validation Stats
Loss:
  total: 0.2892485613822937
Metrics:
  cityscapes_dice: 0.9055244970321655
  cityscapes_jaccard_macro: 0.4427625687122345
  cityscapes_jaccard_micro: 0.8535174365043641

2024-06-30 06:23:52,902 - INFO - Epoch 94/120
2024-06-30 06:26:55,755 - INFO - Train Stats
Loss:
  supervised: 0.22963785721961052
  total: 0.5154077541775195
  unsupervised: 0.2857698973731675
  unsupervised_weighted: 0.2857698973731675
Metrics:
  cityscapes_dice: 0.9291113619850603
  cityscapes_jaccard_macro: 0.496051526825532
  cityscapes_jaccard_micro: 0.8851182323087591

2024-06-30 06:27:20,445 - INFO - Validation Stats
Loss:
  total: 0.30181750226020815
Metrics:
  cityscapes_dice: 0.9065670638084412
  cityscapes_jaccard_macro: 0.45643660068511965
  cityscapes_jaccard_micro: 0.8541810479164124

2024-06-30 06:27:20,445 - INFO - Epoch 95/120
2024-06-30 06:30:23,390 - INFO - Train Stats
Loss:
  supervised: 0.23121945546738357
  total: 0.5114289305995855
  unsupervised: 0.2802094748252717
  unsupervised_weighted: 0.2802094748252717
Metrics:
  cityscapes_dice: 0.9284852771073435
  cityscapes_jaccard_macro: 0.4967550711408378
  cityscapes_jaccard_micro: 0.8844147987049885

2024-06-30 06:30:47,721 - INFO - Validation Stats
Loss:
  total: 0.28337052023410797
Metrics:
  cityscapes_dice: 0.9049865159988403
  cityscapes_jaccard_macro: 0.44416435551643374
  cityscapes_jaccard_micro: 0.8517088127136231

2024-06-30 06:30:47,721 - INFO - Epoch 96/120
2024-06-30 06:33:50,468 - INFO - Train Stats
Loss:
  supervised: 0.2302422375209112
  total: 0.5069344478007858
  unsupervised: 0.27669220979841536
  unsupervised_weighted: 0.27669220979841536
Metrics:
  cityscapes_dice: 0.928973353640906
  cityscapes_jaccard_macro: 0.4945661372630007
  cityscapes_jaccard_micro: 0.8853931536774643

2024-06-30 06:34:14,501 - INFO - Validation Stats
Loss:
  total: 0.2904577635526657
Metrics:
  cityscapes_dice: 0.9057166261672973
  cityscapes_jaccard_macro: 0.4544707522392273
  cityscapes_jaccard_micro: 0.8524622392654418

2024-06-30 06:34:14,501 - INFO - Epoch 97/120
2024-06-30 06:37:17,309 - INFO - Train Stats
Loss:
  supervised: 0.22579593528573655
  total: 0.5128761647157792
  unsupervised: 0.28708023008001254
  unsupervised_weighted: 0.28708023008001254
Metrics:
  cityscapes_dice: 0.9296194890781828
  cityscapes_jaccard_macro: 0.5002000424318822
  cityscapes_jaccard_micro: 0.8854398406765187

2024-06-30 06:37:41,652 - INFO - Validation Stats
Loss:
  total: 0.294529964864254
Metrics:
  cityscapes_dice: 0.9078279519081116
  cityscapes_jaccard_macro: 0.44890464067459107
  cityscapes_jaccard_micro: 0.8566240558624267

2024-06-30 06:37:41,652 - INFO - Epoch 98/120
2024-06-30 06:40:44,376 - INFO - Train Stats
Loss:
  supervised: 0.22323646777954934
  total: 0.4952787747531407
  unsupervised: 0.27204230734672225
  unsupervised_weighted: 0.27204230734672225
Metrics:
  cityscapes_dice: 0.931643403019389
  cityscapes_jaccard_macro: 0.5010672717179159
  cityscapes_jaccard_micro: 0.8889505326844186

2024-06-30 06:41:08,419 - INFO - Validation Stats
Loss:
  total: 0.3007995536327362
Metrics:
  cityscapes_dice: 0.9039134893417359
  cityscapes_jaccard_macro: 0.4451791820526123
  cityscapes_jaccard_micro: 0.8517296504974365

2024-06-30 06:41:08,419 - INFO - Epoch 99/120
2024-06-30 06:44:11,275 - INFO - Train Stats
Loss:
  supervised: 0.22160738826953535
  total: 0.4874779484768869
  unsupervised: 0.26587055989440306
  unsupervised_weighted: 0.26587055989440306
Metrics:
  cityscapes_dice: 0.9315655142887344
  cityscapes_jaccard_macro: 0.5011305098146537
  cityscapes_jaccard_micro: 0.8888164259890555

2024-06-30 06:44:35,324 - INFO - Validation Stats
Loss:
  total: 0.303098153591156
Metrics:
  cityscapes_dice: 0.9083621101379394
  cityscapes_jaccard_macro: 0.4496753363609314
  cityscapes_jaccard_micro: 0.8560928130149841

2024-06-30 06:44:35,325 - INFO - Epoch 100/120
2024-06-30 06:47:38,004 - INFO - Train Stats
Loss:
  supervised: 0.2252302421964043
  total: 0.5056699836846315
  unsupervised: 0.28043974124147936
  unsupervised_weighted: 0.28043974124147936
Metrics:
  cityscapes_dice: 0.9302399026557971
  cityscapes_jaccard_macro: 0.5050714326020397
  cityscapes_jaccard_micro: 0.8870925207130358

2024-06-30 06:48:02,093 - INFO - Validation Stats
Loss:
  total: 0.30678882241249084
Metrics:
  cityscapes_dice: 0.9039523549079895
  cityscapes_jaccard_macro: 0.44598870515823363
  cityscapes_jaccard_micro: 0.8508626155853272

2024-06-30 06:48:03,130 - INFO - Epoch 101/120
2024-06-30 06:51:05,881 - INFO - Train Stats
Loss:
  supervised: 0.22104603315738175
  total: 0.49741234874686824
  unsupervised: 0.276366315703833
  unsupervised_weighted: 0.276366315703833
Metrics:
  cityscapes_dice: 0.9309214566366353
  cityscapes_jaccard_macro: 0.5016696773746288
  cityscapes_jaccard_micro: 0.887482394501928

2024-06-30 06:51:30,225 - INFO - Validation Stats
Loss:
  total: 0.3069294091463089
Metrics:
  cityscapes_dice: 0.9058700103759766
  cityscapes_jaccard_macro: 0.44865270853042605
  cityscapes_jaccard_micro: 0.8519607825279236

2024-06-30 06:51:30,225 - INFO - Epoch 102/120
2024-06-30 06:54:33,084 - INFO - Train Stats
Loss:
  supervised: 0.21813050579875468
  total: 0.4962526352561541
  unsupervised: 0.2781221293911988
  unsupervised_weighted: 0.2781221293911988
Metrics:
  cityscapes_dice: 0.9325328681118461
  cityscapes_jaccard_macro: 0.5084687952848936
  cityscapes_jaccard_micro: 0.8902281701853665

2024-06-30 06:54:57,225 - INFO - Validation Stats
Loss:
  total: 0.3140793162584305
Metrics:
  cityscapes_dice: 0.9064216637611389
  cityscapes_jaccard_macro: 0.4510539164543152
  cityscapes_jaccard_micro: 0.8528913621902465

2024-06-30 06:54:57,225 - INFO - Epoch 103/120
2024-06-30 06:57:59,901 - INFO - Train Stats
Loss:
  supervised: 0.21916668732110442
  total: 0.500063654968157
  unsupervised: 0.2808969671956846
  unsupervised_weighted: 0.2808969671956846
Metrics:
  cityscapes_dice: 0.93153979705108
  cityscapes_jaccard_macro: 0.5072401723491934
  cityscapes_jaccard_micro: 0.8887768925102925

2024-06-30 06:58:23,863 - INFO - Validation Stats
Loss:
  total: 0.31265883028507235
Metrics:
  cityscapes_dice: 0.9050245852470398
  cityscapes_jaccard_macro: 0.4496262392997742
  cityscapes_jaccard_micro: 0.8513444442749023

2024-06-30 06:58:23,863 - INFO - Epoch 104/120
2024-06-30 07:01:26,456 - INFO - Train Stats
Loss:
  supervised: 0.21633549849465128
  total: 0.47730687746901507
  unsupervised: 0.26097137860725117
  unsupervised_weighted: 0.26097137860725117
Metrics:
  cityscapes_dice: 0.9327135905503071
  cityscapes_jaccard_macro: 0.510720357322924
  cityscapes_jaccard_micro: 0.8902990670697177

2024-06-30 07:01:50,330 - INFO - Validation Stats
Loss:
  total: 0.28101713103055953
Metrics:
  cityscapes_dice: 0.9086095261573791
  cityscapes_jaccard_macro: 0.4582662196159363
  cityscapes_jaccard_micro: 0.8578262481689453

2024-06-30 07:01:50,330 - INFO - Epoch 105/120
2024-06-30 07:04:52,935 - INFO - Train Stats
Loss:
  supervised: 0.21346766445695486
  total: 0.4894153723712884
  unsupervised: 0.27594770892539777
  unsupervised_weighted: 0.27594770892539777
Metrics:
  cityscapes_dice: 0.933784071578733
  cityscapes_jaccard_macro: 0.5071702528750954
  cityscapes_jaccard_micro: 0.8919825967948926

2024-06-30 07:05:16,968 - INFO - Validation Stats
Loss:
  total: 0.3033644771575928
Metrics:
  cityscapes_dice: 0.9057942643165589
  cityscapes_jaccard_macro: 0.4504856450557709
  cityscapes_jaccard_micro: 0.8533217635154724

2024-06-30 07:05:16,968 - INFO - Epoch 106/120
2024-06-30 07:08:19,971 - INFO - Train Stats
Loss:
  supervised: 0.2158382432670701
  total: 0.488491569009274
  unsupervised: 0.27265332533898184
  unsupervised_weighted: 0.27265332533898184
Metrics:
  cityscapes_dice: 0.9323033034705192
  cityscapes_jaccard_macro: 0.5095050235990561
  cityscapes_jaccard_micro: 0.8893054653446586

2024-06-30 07:08:44,236 - INFO - Validation Stats
Loss:
  total: 0.3120621926188469
Metrics:
  cityscapes_dice: 0.9077229652404785
  cityscapes_jaccard_macro: 0.45113397336006167
  cityscapes_jaccard_micro: 0.8552894291877746

2024-06-30 07:08:44,236 - INFO - Epoch 107/120
2024-06-30 07:11:46,978 - INFO - Train Stats
Loss:
  supervised: 0.2113724209801542
  total: 0.4758471515336599
  unsupervised: 0.26447472966882446
  unsupervised_weighted: 0.26447472966882446
Metrics:
  cityscapes_dice: 0.9339308570197787
  cityscapes_jaccard_macro: 0.5095368883721471
  cityscapes_jaccard_micro: 0.8917864562043851

2024-06-30 07:12:11,077 - INFO - Validation Stats
Loss:
  total: 0.2901647701263428
Metrics:
  cityscapes_dice: 0.9092025594711304
  cityscapes_jaccard_macro: 0.4515389838218689
  cityscapes_jaccard_micro: 0.8584344348907471

2024-06-30 07:12:11,077 - INFO - Epoch 108/120
2024-06-30 07:15:13,755 - INFO - Train Stats
Loss:
  supervised: 0.2128688019124102
  total: 0.4776618858868548
  unsupervised: 0.26479308332447477
  unsupervised_weighted: 0.26479308332447477
Metrics:
  cityscapes_dice: 0.9333993869567341
  cityscapes_jaccard_macro: 0.5097645656935426
  cityscapes_jaccard_micro: 0.891020012980324

2024-06-30 07:15:37,770 - INFO - Validation Stats
Loss:
  total: 0.30002346181869505
Metrics:
  cityscapes_dice: 0.9074431753158569
  cityscapes_jaccard_macro: 0.4587748107910156
  cityscapes_jaccard_micro: 0.8545543670654296

2024-06-30 07:15:37,770 - INFO - Epoch 109/120
2024-06-30 07:18:40,474 - INFO - Train Stats
Loss:
  supervised: 0.2122430881133276
  total: 0.4813101581976371
  unsupervised: 0.2690670712157386
  unsupervised_weighted: 0.2690670712157386
Metrics:
  cityscapes_dice: 0.9336036564075119
  cityscapes_jaccard_macro: 0.513808309405994
  cityscapes_jaccard_micro: 0.8917346971293065

2024-06-30 07:19:04,366 - INFO - Validation Stats
Loss:
  total: 0.30786697852611544
Metrics:
  cityscapes_dice: 0.9079331936836242
  cityscapes_jaccard_macro: 0.4530791840553284
  cityscapes_jaccard_micro: 0.8565008492469788

2024-06-30 07:19:04,366 - INFO - Epoch 110/120
2024-06-30 07:22:07,044 - INFO - Train Stats
Loss:
  supervised: 0.21247590037125955
  total: 0.4712412410050101
  unsupervised: 0.25876533921946426
  unsupervised_weighted: 0.25876533921946426
Metrics:
  cityscapes_dice: 0.9338130805527066
  cityscapes_jaccard_macro: 0.5145203673396627
  cityscapes_jaccard_micro: 0.8921191889750553

2024-06-30 07:22:31,778 - INFO - Validation Stats
Loss:
  total: 0.3130640044212341
Metrics:
  cityscapes_dice: 0.9080394864082336
  cityscapes_jaccard_macro: 0.4532632813453674
  cityscapes_jaccard_micro: 0.8531604948043823

2024-06-30 07:22:31,964 - INFO - Epoch 111/120
2024-06-30 07:25:34,552 - INFO - Train Stats
Loss:
  supervised: 0.21317617970132097
  total: 0.47493441238012374
  unsupervised: 0.26175823238390905
  unsupervised_weighted: 0.26175823238390905
Metrics:
  cityscapes_dice: 0.933228430050833
  cityscapes_jaccard_macro: 0.5154510116827508
  cityscapes_jaccard_micro: 0.8902905751892362

2024-06-30 07:25:58,591 - INFO - Validation Stats
Loss:
  total: 0.2880727425813675
Metrics:
  cityscapes_dice: 0.9107633352279663
  cityscapes_jaccard_macro: 0.45408022475242615
  cityscapes_jaccard_micro: 0.860388081073761

2024-06-30 07:25:58,628 - INFO - Epoch 112/120
2024-06-30 07:29:01,250 - INFO - Train Stats
Loss:
  supervised: 0.21016404903546482
  total: 0.4841919324702323
  unsupervised: 0.274027883723643
  unsupervised_weighted: 0.274027883723643
Metrics:
  cityscapes_dice: 0.9341614831822754
  cityscapes_jaccard_macro: 0.5121126942854128
  cityscapes_jaccard_micro: 0.8924330613532243

2024-06-30 07:29:25,483 - INFO - Validation Stats
Loss:
  total: 0.2757004109621048
Metrics:
  cityscapes_dice: 0.9099611430168152
  cityscapes_jaccard_macro: 0.4604652156829834
  cityscapes_jaccard_micro: 0.8602366933822632

2024-06-30 07:29:25,590 - INFO - Epoch 113/120
2024-06-30 07:32:28,328 - INFO - Train Stats
Loss:
  supervised: 0.21086527461333499
  total: 0.48811461016993146
  unsupervised: 0.27724933571908894
  unsupervised_weighted: 0.27724933571908894
Metrics:
  cityscapes_dice: 0.9340849809577276
  cityscapes_jaccard_macro: 0.5144256158868793
  cityscapes_jaccard_micro: 0.8921465505883459

2024-06-30 07:32:52,351 - INFO - Validation Stats
Loss:
  total: 0.28603033566474917
Metrics:
  cityscapes_dice: 0.9109537682533264
  cityscapes_jaccard_macro: 0.461199657201767
  cityscapes_jaccard_micro: 0.8606191787719727

2024-06-30 07:32:52,352 - INFO - Epoch 114/120
2024-06-30 07:35:55,714 - INFO - Train Stats
Loss:
  supervised: 0.20795848781486706
  total: 0.4649911584732798
  unsupervised: 0.25703267080886877
  unsupervised_weighted: 0.25703267080886877
Metrics:
  cityscapes_dice: 0.9351506788819209
  cityscapes_jaccard_macro: 0.5190779447362959
  cityscapes_jaccard_micro: 0.8941224565991293

2024-06-30 07:36:19,870 - INFO - Validation Stats
Loss:
  total: 0.2892342711687088
Metrics:
  cityscapes_dice: 0.9093144025802612
  cityscapes_jaccard_macro: 0.45559703278541563
  cityscapes_jaccard_micro: 0.8587366828918457

2024-06-30 07:36:19,870 - INFO - Epoch 115/120
2024-06-30 07:39:22,924 - INFO - Train Stats
Loss:
  supervised: 0.20918922738949972
  total: 0.47585613805325233
  unsupervised: 0.2666669102184029
  unsupervised_weighted: 0.2666669102184029
Metrics:
  cityscapes_dice: 0.9343868838758577
  cityscapes_jaccard_macro: 0.5123022437962269
  cityscapes_jaccard_micro: 0.8920119092807246

2024-06-30 07:39:47,119 - INFO - Validation Stats
Loss:
  total: 0.30219463622570036
Metrics:
  cityscapes_dice: 0.9072136425971985
  cityscapes_jaccard_macro: 0.45318607234954833
  cityscapes_jaccard_micro: 0.8542388768196106

2024-06-30 07:39:47,120 - INFO - Epoch 116/120
2024-06-30 07:42:49,794 - INFO - Train Stats
Loss:
  supervised: 0.20937155593361145
  total: 0.4677390856773672
  unsupervised: 0.25836752988217526
  unsupervised_weighted: 0.25836752988217526
Metrics:
  cityscapes_dice: 0.9342146960714522
  cityscapes_jaccard_macro: 0.511714160009039
  cityscapes_jaccard_micro: 0.8921355400023823

2024-06-30 07:43:13,821 - INFO - Validation Stats
Loss:
  total: 0.28827938258647917
Metrics:
  cityscapes_dice: 0.9094095144271851
  cityscapes_jaccard_macro: 0.457801118850708
  cityscapes_jaccard_micro: 0.8598673930168151

2024-06-30 07:43:13,821 - INFO - Epoch 117/120
2024-06-30 07:46:16,461 - INFO - Train Stats
Loss:
  supervised: 0.20642490322688092
  total: 0.47338099753625557
  unsupervised: 0.2669560942070646
  unsupervised_weighted: 0.2669560942070646
Metrics:
  cityscapes_dice: 0.9351598464421964
  cityscapes_jaccard_macro: 0.5128878315065134
  cityscapes_jaccard_micro: 0.8936646204195038

2024-06-30 07:46:40,437 - INFO - Validation Stats
Loss:
  total: 0.2865927197337151
Metrics:
  cityscapes_dice: 0.9100916585922241
  cityscapes_jaccard_macro: 0.45802579188346865
  cityscapes_jaccard_micro: 0.8587955775260925

2024-06-30 07:46:40,437 - INFO - Epoch 118/120
2024-06-30 07:49:43,213 - INFO - Train Stats
Loss:
  supervised: 0.2061549935592203
  total: 0.4709063871780197
  unsupervised: 0.26475139369101824
  unsupervised_weighted: 0.26475139369101824
Metrics:
  cityscapes_dice: 0.9352258693228246
  cityscapes_jaccard_macro: 0.5207485304317875
  cityscapes_jaccard_micro: 0.8932530857827243

2024-06-30 07:50:07,443 - INFO - Validation Stats
Loss:
  total: 0.28093788397312164
Metrics:
  cityscapes_dice: 0.9120246663093566
  cityscapes_jaccard_macro: 0.45760389947891233
  cityscapes_jaccard_micro: 0.8623549947738648

2024-06-30 07:50:07,443 - INFO - Epoch 119/120
2024-06-30 07:53:09,811 - INFO - Train Stats
Loss:
  supervised: 0.21187906641880222
  total: 0.4688493742070406
  unsupervised: 0.2569703075294541
  unsupervised_weighted: 0.2569703075294541
Metrics:
  cityscapes_dice: 0.933892722468769
  cityscapes_jaccard_macro: 0.5131502255965897
  cityscapes_jaccard_micro: 0.8919442462613009

2024-06-30 07:53:33,840 - INFO - Validation Stats
Loss:
  total: 0.2873957681655884
Metrics:
  cityscapes_dice: 0.9110276222229003
  cityscapes_jaccard_macro: 0.45885970020294187
  cityscapes_jaccard_micro: 0.8610371022224427

2024-06-30 07:53:33,840 - INFO - Epoch 120/120
2024-06-30 07:56:36,268 - INFO - Train Stats
Loss:
  supervised: 0.20777763038127411
  total: 0.47714757721913265
  unsupervised: 0.26936994674758497
  unsupervised_weighted: 0.26936994674758497
Metrics:
  cityscapes_dice: 0.9347253387887181
  cityscapes_jaccard_macro: 0.5141682894915487
  cityscapes_jaccard_micro: 0.8932684652254539

2024-06-30 07:57:00,656 - INFO - Validation Stats
Loss:
  total: 0.29190473914146425
Metrics:
  cityscapes_dice: 0.9098694949150086
  cityscapes_jaccard_macro: 0.46324862122535704
  cityscapes_jaccard_micro: 0.858864550113678

2024-06-30 07:57:31,712 - INFO - Best validation loss: 0.2757004109621048
2024-06-30 07:57:31,872 - INFO - Best model saved to /home/up201905337/exploring-label-efficiency/weights/fixmatch_seg_cityscapes_mobilenet_619l.pth
2024-06-30 07:57:31,872 - INFO - Training took 38490.74530386925 seconds to complete
