2024-06-19 19:51:08,045 - INFO - Loading configuration files...
2024-06-19 19:51:08,532 - INFO - Loading model configuration
args:
  backbone: resnet101
  num_classes: 20
  weights_backbone: DEFAULT
class: DeepLabV3

2024-06-19 19:51:08,543 - INFO - Loading train_dataset configuration
args:
  num_labeled: 35
  root: /data/auto/kitti
  train_val_test_split:
  - 0.7
  - 0.1
  - 0.2
class: SemiSupervisedKittiSeg

2024-06-19 19:51:08,618 - INFO - Loading val_dataset configuration
args:
  root: /data/auto/kitti
  train_val_test_split:
  - 0.7
  - 0.1
  - 0.2
class: KittiSeg

2024-06-19 19:51:08,625 - INFO - Loading optimizer configuration
args:
  lr: 0.001
class: Adam

2024-06-19 19:51:08,626 - INFO - Loading loss configuration
args:
  ignore_index: 0
class: CrossEntropyLoss

2024-06-19 19:51:08,641 - INFO - Loading metrics configuration
kitti_dice:
  args:
    average: micro
    ignore_index: 0
    num_classes: 20
  class: Dice
kitti_jaccard_macro:
  args:
    average: macro
    ignore_index: 0
    num_classes: 20
    task: multiclass
    validate_args: false
  class: JaccardIndex
kitti_jaccard_micro:
  args:
    average: micro
    ignore_index: 0
    num_classes: 20
    task: multiclass
    validate_args: false
  class: JaccardIndex

2024-06-19 19:51:08,641 - INFO - Loading hyperparameters configuration
batch_size: 8
ema_decay: null
epochs: 120
num_workers: 4
save_freq: 5

2024-06-19 19:51:08,650 - INFO - Using device: cuda
2024-06-19 19:51:08,746 - INFO - Training for 120 epochs
2024-06-19 19:51:08,746 - INFO - Epoch 1/120
2024-06-19 19:51:17,417 - INFO - Train Stats
Loss:
  total: 1.8450927019119263
Metrics:
  kitti_dice: 0.499000608921051
  kitti_jaccard_macro: 0.137478007376194
  kitti_jaccard_micro: 0.39819880947470665

2024-06-19 19:51:18,813 - INFO - Validation Stats
Loss:
  total: 1.6716118256251018
Metrics:
  kitti_dice: 0.6829684575398763
  kitti_jaccard_macro: 0.19873986144860586
  kitti_jaccard_micro: 0.533719519774119

2024-06-19 19:51:19,349 - INFO - Epoch 2/120
2024-06-19 19:51:27,497 - INFO - Train Stats
Loss:
  total: 0.8880867481231689
Metrics:
  kitti_dice: 0.75060533285141
  kitti_jaccard_macro: 0.2421545445919037
  kitti_jaccard_micro: 0.6466242671012878

2024-06-19 19:51:28,893 - INFO - Validation Stats
Loss:
  total: 1.1721611420313518
Metrics:
  kitti_dice: 0.7055792609850565
  kitti_jaccard_macro: 0.21153981983661652
  kitti_jaccard_micro: 0.5616788069407145

2024-06-19 19:51:29,711 - INFO - Epoch 3/120
2024-06-19 19:51:37,916 - INFO - Train Stats
Loss:
  total: 0.7512799382209778
Metrics:
  kitti_dice: 0.7814682126045227
  kitti_jaccard_macro: 0.2583556294441223
  kitti_jaccard_micro: 0.6768916249275208

2024-06-19 19:51:39,322 - INFO - Validation Stats
Loss:
  total: 1.0007057189941406
Metrics:
  kitti_dice: 0.724762757619222
  kitti_jaccard_macro: 0.2124106635649999
  kitti_jaccard_micro: 0.5865238904953003

2024-06-19 19:51:40,152 - INFO - Epoch 4/120
2024-06-19 19:51:48,430 - INFO - Train Stats
Loss:
  total: 0.5895596385002136
Metrics:
  kitti_dice: 0.8038772106170654
  kitti_jaccard_macro: 0.28676695823669435
  kitti_jaccard_micro: 0.7240246772766114

2024-06-19 19:51:49,844 - INFO - Validation Stats
Loss:
  total: 0.8506318132082621
Metrics:
  kitti_dice: 0.7513659000396729
  kitti_jaccard_macro: 0.24824754893779755
  kitti_jaccard_micro: 0.6213306784629822

2024-06-19 19:51:50,761 - INFO - Epoch 5/120
2024-06-19 19:51:59,088 - INFO - Train Stats
Loss:
  total: 0.5492381393909455
Metrics:
  kitti_dice: 0.8215440273284912
  kitti_jaccard_macro: 0.3118684470653534
  kitti_jaccard_micro: 0.7314242124557495

2024-06-19 19:52:00,505 - INFO - Validation Stats
Loss:
  total: 0.8123323718706766
Metrics:
  kitti_dice: 0.7616846164067587
  kitti_jaccard_macro: 0.264934778213501
  kitti_jaccard_micro: 0.634691576162974

2024-06-19 19:52:01,947 - INFO - Epoch 6/120
2024-06-19 19:52:10,331 - INFO - Train Stats
Loss:
  total: 0.46595402956008913
Metrics:
  kitti_dice: 0.8478117942810058
  kitti_jaccard_macro: 0.3196943163871765
  kitti_jaccard_micro: 0.7731183052062989

2024-06-19 19:52:11,767 - INFO - Validation Stats
Loss:
  total: 0.730401893456777
Metrics:
  kitti_dice: 0.7823335925738016
  kitti_jaccard_macro: 0.27623922129472095
  kitti_jaccard_micro: 0.6624737977981567

2024-06-19 19:52:12,583 - INFO - Epoch 7/120
2024-06-19 19:52:21,012 - INFO - Train Stats
Loss:
  total: 0.4403345823287964
Metrics:
  kitti_dice: 0.8505085945129395
  kitti_jaccard_macro: 0.3189152717590332
  kitti_jaccard_micro: 0.7776421070098877

2024-06-19 19:52:22,450 - INFO - Validation Stats
Loss:
  total: 0.6998528838157654
Metrics:
  kitti_dice: 0.7931526899337769
  kitti_jaccard_macro: 0.2861363887786865
  kitti_jaccard_micro: 0.6785386403401693

2024-06-19 19:52:23,366 - INFO - Epoch 8/120
2024-06-19 19:52:31,844 - INFO - Train Stats
Loss:
  total: 0.37693746089935304
Metrics:
  kitti_dice: 0.8705803751945496
  kitti_jaccard_macro: 0.3430205941200256
  kitti_jaccard_micro: 0.8092499256134034

2024-06-19 19:52:33,292 - INFO - Validation Stats
Loss:
  total: 0.6725434263547262
Metrics:
  kitti_dice: 0.803358256816864
  kitti_jaccard_macro: 0.28397033115228015
  kitti_jaccard_micro: 0.6931498050689697

2024-06-19 19:52:34,197 - INFO - Epoch 9/120
2024-06-19 19:52:42,719 - INFO - Train Stats
Loss:
  total: 0.3627269685268402
Metrics:
  kitti_dice: 0.871707272529602
  kitti_jaccard_macro: 0.3714435636997223
  kitti_jaccard_micro: 0.8132008194923401

2024-06-19 19:52:44,166 - INFO - Validation Stats
Loss:
  total: 0.6607596079508463
Metrics:
  kitti_dice: 0.8021112680435181
  kitti_jaccard_macro: 0.29259564479192096
  kitti_jaccard_micro: 0.6920914848645529

2024-06-19 19:52:44,992 - INFO - Epoch 10/120
2024-06-19 19:52:53,554 - INFO - Train Stats
Loss:
  total: 0.3173090934753418
Metrics:
  kitti_dice: 0.8696452498435974
  kitti_jaccard_macro: 0.37529921531677246
  kitti_jaccard_micro: 0.831591796875

2024-06-19 19:52:55,003 - INFO - Validation Stats
Loss:
  total: 0.6530202031135559
Metrics:
  kitti_dice: 0.7991218169530233
  kitti_jaccard_macro: 0.29357363780339557
  kitti_jaccard_micro: 0.6878000895182291

2024-06-19 19:52:56,663 - INFO - Epoch 11/120
2024-06-19 19:53:05,262 - INFO - Train Stats
Loss:
  total: 0.2972914159297943
Metrics:
  kitti_dice: 0.8725405812263489
  kitti_jaccard_macro: 0.40577635169029236
  kitti_jaccard_micro: 0.8373435616493226

2024-06-19 19:53:06,722 - INFO - Validation Stats
Loss:
  total: 0.6380919416745504
Metrics:
  kitti_dice: 0.8080831368764242
  kitti_jaccard_macro: 0.3004104693730672
  kitti_jaccard_micro: 0.7009697953859965

2024-06-19 19:53:07,638 - INFO - Epoch 12/120
2024-06-19 19:53:16,268 - INFO - Train Stats
Loss:
  total: 0.27888213396072387
Metrics:
  kitti_dice: 0.8913991928100586
  kitti_jaccard_macro: 0.40864319205284116
  kitti_jaccard_micro: 0.8480956435203553

2024-06-19 19:53:17,726 - INFO - Validation Stats
Loss:
  total: 0.631477028131485
Metrics:
  kitti_dice: 0.813103199005127
  kitti_jaccard_macro: 0.3075247009595235
  kitti_jaccard_micro: 0.7082998156547546

2024-06-19 19:53:18,642 - INFO - Epoch 13/120
2024-06-19 19:53:27,320 - INFO - Train Stats
Loss:
  total: 0.32424913346767426
Metrics:
  kitti_dice: 0.8751822352409363
  kitti_jaccard_macro: 0.42439263463020327
  kitti_jaccard_micro: 0.822665560245514

2024-06-19 19:53:28,785 - INFO - Validation Stats
Loss:
  total: 0.6551351745923361
Metrics:
  kitti_dice: 0.8098457455635071
  kitti_jaccard_macro: 0.3114964763323466
  kitti_jaccard_micro: 0.7032452821731567

2024-06-19 19:53:28,785 - INFO - Epoch 14/120
2024-06-19 19:53:37,457 - INFO - Train Stats
Loss:
  total: 0.26076531410217285
Metrics:
  kitti_dice: 0.8829963326454162
  kitti_jaccard_macro: 0.4414791941642761
  kitti_jaccard_micro: 0.8547739744186401

2024-06-19 19:53:38,918 - INFO - Validation Stats
Loss:
  total: 0.7028973499933878
Metrics:
  kitti_dice: 0.8053502837816874
  kitti_jaccard_macro: 0.30097248156865436
  kitti_jaccard_micro: 0.6961190104484558

2024-06-19 19:53:38,919 - INFO - Epoch 15/120
2024-06-19 19:53:47,647 - INFO - Train Stats
Loss:
  total: 0.2670131385326385
Metrics:
  kitti_dice: 0.8899782061576843
  kitti_jaccard_macro: 0.4842947483062744
  kitti_jaccard_micro: 0.8474110960960388

2024-06-19 19:53:49,127 - INFO - Validation Stats
Loss:
  total: 0.6458448966344198
Metrics:
  kitti_dice: 0.8046780824661255
  kitti_jaccard_macro: 0.3148341278235118
  kitti_jaccard_micro: 0.6956621209780375

2024-06-19 19:53:50,075 - INFO - Epoch 16/120
2024-06-19 19:53:58,817 - INFO - Train Stats
Loss:
  total: 0.2588622570037842
Metrics:
  kitti_dice: 0.89623544216156
  kitti_jaccard_macro: 0.49728758335113527
  kitti_jaccard_micro: 0.8569871664047242

2024-06-19 19:54:00,291 - INFO - Validation Stats
Loss:
  total: 0.5871936480204264
Metrics:
  kitti_dice: 0.8180051644643148
  kitti_jaccard_macro: 0.3398146629333496
  kitti_jaccard_micro: 0.7146281003952026

2024-06-19 19:54:01,131 - INFO - Epoch 17/120
2024-06-19 19:54:09,865 - INFO - Train Stats
Loss:
  total: 0.23746401965618133
Metrics:
  kitti_dice: 0.9017411351203919
  kitti_jaccard_macro: 0.48634395003318787
  kitti_jaccard_micro: 0.8648645281791687

2024-06-19 19:54:11,340 - INFO - Validation Stats
Loss:
  total: 0.6205353339513143
Metrics:
  kitti_dice: 0.8126929998397827
  kitti_jaccard_macro: 0.33204910159111023
  kitti_jaccard_micro: 0.7064408659934998

2024-06-19 19:54:11,340 - INFO - Epoch 18/120
2024-06-19 19:54:20,116 - INFO - Train Stats
Loss:
  total: 0.22801604866981506
Metrics:
  kitti_dice: 0.900642704963684
  kitti_jaccard_macro: 0.5147554039955139
  kitti_jaccard_micro: 0.8655534267425538

2024-06-19 19:54:21,603 - INFO - Validation Stats
Loss:
  total: 0.604743222395579
Metrics:
  kitti_dice: 0.8235892852147421
  kitti_jaccard_macro: 0.3516388237476349
  kitti_jaccard_micro: 0.7228116989135742

2024-06-19 19:54:21,603 - INFO - Epoch 19/120
2024-06-19 19:54:30,409 - INFO - Train Stats
Loss:
  total: 0.20529427826404573
Metrics:
  kitti_dice: 0.9081478476524353
  kitti_jaccard_macro: 0.5182059168815613
  kitti_jaccard_micro: 0.8758732438087463

2024-06-19 19:54:31,894 - INFO - Validation Stats
Loss:
  total: 0.5963913202285767
Metrics:
  kitti_dice: 0.8251109917958578
  kitti_jaccard_macro: 0.3526618580023448
  kitti_jaccard_micro: 0.72540150086085

2024-06-19 19:54:31,894 - INFO - Epoch 20/120
2024-06-19 19:54:40,706 - INFO - Train Stats
Loss:
  total: 0.1994111031293869
Metrics:
  kitti_dice: 0.9068400740623475
  kitti_jaccard_macro: 0.5080527007579804
  kitti_jaccard_micro: 0.8788928389549255

2024-06-19 19:54:42,200 - INFO - Validation Stats
Loss:
  total: 0.6247814098993937
Metrics:
  kitti_dice: 0.8228980302810669
  kitti_jaccard_macro: 0.34411342938741046
  kitti_jaccard_micro: 0.7225053509076437

2024-06-19 19:54:43,020 - INFO - Epoch 21/120
2024-06-19 19:54:51,875 - INFO - Train Stats
Loss:
  total: 0.18577179610729216
Metrics:
  kitti_dice: 0.9102781534194946
  kitti_jaccard_macro: 0.5372724533081055
  kitti_jaccard_micro: 0.8845069885253907

2024-06-19 19:54:53,360 - INFO - Validation Stats
Loss:
  total: 0.5954441626866659
Metrics:
  kitti_dice: 0.8274804751078287
  kitti_jaccard_macro: 0.3481340209643046
  kitti_jaccard_micro: 0.7291363080342611

2024-06-19 19:54:53,360 - INFO - Epoch 22/120
2024-06-19 19:55:02,242 - INFO - Train Stats
Loss:
  total: 0.19078268110752106
Metrics:
  kitti_dice: 0.9105151176452637
  kitti_jaccard_macro: 0.5462294459342957
  kitti_jaccard_micro: 0.881691312789917

2024-06-19 19:55:03,724 - INFO - Validation Stats
Loss:
  total: 0.6042331457138062
Metrics:
  kitti_dice: 0.8262817859649658
  kitti_jaccard_macro: 0.3502330283323924
  kitti_jaccard_micro: 0.7275712887446085

2024-06-19 19:55:03,724 - INFO - Epoch 23/120
2024-06-19 19:55:12,684 - INFO - Train Stats
Loss:
  total: 0.1799385666847229
Metrics:
  kitti_dice: 0.9123012781143188
  kitti_jaccard_macro: 0.5679688930511475
  kitti_jaccard_micro: 0.886709201335907

2024-06-19 19:55:14,176 - INFO - Validation Stats
Loss:
  total: 0.6046481132507324
Metrics:
  kitti_dice: 0.826125423113505
  kitti_jaccard_macro: 0.3459593156973521
  kitti_jaccard_micro: 0.7273626923561096

2024-06-19 19:55:14,176 - INFO - Epoch 24/120
2024-06-19 19:55:23,169 - INFO - Train Stats
Loss:
  total: 0.17237270176410674
Metrics:
  kitti_dice: 0.9150174975395202
  kitti_jaccard_macro: 0.5712524890899658
  kitti_jaccard_micro: 0.8904795169830322

2024-06-19 19:55:24,664 - INFO - Validation Stats
Loss:
  total: 0.6019744873046875
Metrics:
  kitti_dice: 0.8286200761795044
  kitti_jaccard_macro: 0.3400910794734955
  kitti_jaccard_micro: 0.7299948533376058

2024-06-19 19:55:24,664 - INFO - Epoch 25/120
2024-06-19 19:55:33,724 - INFO - Train Stats
Loss:
  total: 0.15968665182590486
Metrics:
  kitti_dice: 0.9177447199821472
  kitti_jaccard_macro: 0.5910100102424621
  kitti_jaccard_micro: 0.8976325154304504

2024-06-19 19:55:35,223 - INFO - Validation Stats
Loss:
  total: 0.6042204896608988
Metrics:
  kitti_dice: 0.8270094792048136
  kitti_jaccard_macro: 0.3454362452030182
  kitti_jaccard_micro: 0.7282599210739136

2024-06-19 19:55:37,994 - INFO - Epoch 26/120
2024-06-19 19:55:46,907 - INFO - Train Stats
Loss:
  total: 0.1676899939775467
Metrics:
  kitti_dice: 0.9138389825820923
  kitti_jaccard_macro: 0.6036687016487121
  kitti_jaccard_micro: 0.8924485445022583

2024-06-19 19:55:48,402 - INFO - Validation Stats
Loss:
  total: 0.6242967247962952
Metrics:
  kitti_dice: 0.8253692984580994
  kitti_jaccard_macro: 0.3544309139251709
  kitti_jaccard_micro: 0.7263705531756083

2024-06-19 19:55:48,402 - INFO - Epoch 27/120
2024-06-19 19:55:57,448 - INFO - Train Stats
Loss:
  total: 0.16893040537834167
Metrics:
  kitti_dice: 0.9139132022857666
  kitti_jaccard_macro: 0.5528666138648987
  kitti_jaccard_micro: 0.8903263568878174

2024-06-19 19:55:58,938 - INFO - Validation Stats
Loss:
  total: 0.6063406864802042
Metrics:
  kitti_dice: 0.8265719811121622
  kitti_jaccard_macro: 0.3523489236831665
  kitti_jaccard_micro: 0.7281032204627991

2024-06-19 19:55:58,938 - INFO - Epoch 28/120
2024-06-19 19:56:07,976 - INFO - Train Stats
Loss:
  total: 0.16355193555355071
Metrics:
  kitti_dice: 0.9188003659248352
  kitti_jaccard_macro: 0.5941693305969238
  kitti_jaccard_micro: 0.8949419498443604

2024-06-19 19:56:09,471 - INFO - Validation Stats
Loss:
  total: 0.6181028683980306
Metrics:
  kitti_dice: 0.8236889044443766
  kitti_jaccard_macro: 0.34707091252009076
  kitti_jaccard_micro: 0.7232731978098551

2024-06-19 19:56:09,471 - INFO - Epoch 29/120
2024-06-19 19:56:18,562 - INFO - Train Stats
Loss:
  total: 0.16059755980968476
Metrics:
  kitti_dice: 0.9172012686729432
  kitti_jaccard_macro: 0.5759558916091919
  kitti_jaccard_micro: 0.8951293110847474

2024-06-19 19:56:20,060 - INFO - Validation Stats
Loss:
  total: 0.6199749708175659
Metrics:
  kitti_dice: 0.8253501256306967
  kitti_jaccard_macro: 0.35685864090919495
  kitti_jaccard_micro: 0.7264361381530762

2024-06-19 19:56:20,060 - INFO - Epoch 30/120
2024-06-19 19:56:29,113 - INFO - Train Stats
Loss:
  total: 0.16039698719978332
Metrics:
  kitti_dice: 0.916582989692688
  kitti_jaccard_macro: 0.5974005103111267
  kitti_jaccard_micro: 0.8930609703063965

2024-06-19 19:56:30,614 - INFO - Validation Stats
Loss:
  total: 0.6106902559598287
Metrics:
  kitti_dice: 0.8292225003242493
  kitti_jaccard_macro: 0.36418213446935016
  kitti_jaccard_micro: 0.731758733590444

2024-06-19 19:56:31,504 - INFO - Epoch 31/120
2024-06-19 19:56:40,521 - INFO - Train Stats
Loss:
  total: 0.14156950116157532
Metrics:
  kitti_dice: 0.9205441474914551
  kitti_jaccard_macro: 0.6206162333488464
  kitti_jaccard_micro: 0.9041244745254516

2024-06-19 19:56:42,018 - INFO - Validation Stats
Loss:
  total: 0.605561097462972
Metrics:
  kitti_dice: 0.8282471299171448
  kitti_jaccard_macro: 0.36263521512349445
  kitti_jaccard_micro: 0.7299857934316

2024-06-19 19:56:42,018 - INFO - Epoch 32/120
2024-06-19 19:56:51,091 - INFO - Train Stats
Loss:
  total: 0.14414263367652894
Metrics:
  kitti_dice: 0.9224706292152405
  kitti_jaccard_macro: 0.6076815128326416
  kitti_jaccard_micro: 0.9023488879203796

2024-06-19 19:56:52,591 - INFO - Validation Stats
Loss:
  total: 0.6023330489794413
Metrics:
  kitti_dice: 0.8324180444081625
  kitti_jaccard_macro: 0.36979126930236816
  kitti_jaccard_micro: 0.7370881835619608

2024-06-19 19:56:52,591 - INFO - Epoch 33/120
2024-06-19 19:57:01,667 - INFO - Train Stats
Loss:
  total: 0.13579268604516984
Metrics:
  kitti_dice: 0.923434031009674
  kitti_jaccard_macro: 0.6105912208557129
  kitti_jaccard_micro: 0.9062913656234741

2024-06-19 19:57:03,168 - INFO - Validation Stats
Loss:
  total: 0.5944671630859375
Metrics:
  kitti_dice: 0.8321536779403687
  kitti_jaccard_macro: 0.35563217600186664
  kitti_jaccard_micro: 0.7367594043413798

2024-06-19 19:57:03,168 - INFO - Epoch 34/120
2024-06-19 19:57:12,291 - INFO - Train Stats
Loss:
  total: 0.1344138890504837
Metrics:
  kitti_dice: 0.9260300159454345
  kitti_jaccard_macro: 0.5993216037750244
  kitti_jaccard_micro: 0.90773503780365

2024-06-19 19:57:13,794 - INFO - Validation Stats
Loss:
  total: 0.6207428177197775
Metrics:
  kitti_dice: 0.8235431909561157
  kitti_jaccard_macro: 0.350095272064209
  kitti_jaccard_micro: 0.7229281862576803

2024-06-19 19:57:13,794 - INFO - Epoch 35/120
2024-06-19 19:57:22,910 - INFO - Train Stats
Loss:
  total: 0.15018981397151948
Metrics:
  kitti_dice: 0.9065078973770142
  kitti_jaccard_macro: 0.6246433019638061
  kitti_jaccard_micro: 0.8986399412155152

2024-06-19 19:57:24,416 - INFO - Validation Stats
Loss:
  total: 0.6229537924130758
Metrics:
  kitti_dice: 0.8259408871332804
  kitti_jaccard_macro: 0.3569167157014211
  kitti_jaccard_micro: 0.7270629008611044

2024-06-19 19:57:26,932 - INFO - Epoch 36/120
2024-06-19 19:57:35,956 - INFO - Train Stats
Loss:
  total: 0.13267229199409486
Metrics:
  kitti_dice: 0.9210194110870361
  kitti_jaccard_macro: 0.646129560470581
  kitti_jaccard_micro: 0.9067423582077027

2024-06-19 19:57:37,451 - INFO - Validation Stats
Loss:
  total: 0.6401139299074808
Metrics:
  kitti_dice: 0.8230910698572794
  kitti_jaccard_macro: 0.34489529331525165
  kitti_jaccard_micro: 0.7225433190663656

2024-06-19 19:57:37,452 - INFO - Epoch 37/120
2024-06-19 19:57:46,493 - INFO - Train Stats
Loss:
  total: 0.1249416783452034
Metrics:
  kitti_dice: 0.9279484152793884
  kitti_jaccard_macro: 0.6160328149795532
  kitti_jaccard_micro: 0.9119895100593567

2024-06-19 19:57:48,014 - INFO - Validation Stats
Loss:
  total: 0.6371899048487345
Metrics:
  kitti_dice: 0.8241620461146036
  kitti_jaccard_macro: 0.3447667360305786
  kitti_jaccard_micro: 0.7239851951599121

2024-06-19 19:57:48,014 - INFO - Epoch 38/120
2024-06-19 19:57:57,080 - INFO - Train Stats
Loss:
  total: 0.12438450902700424
Metrics:
  kitti_dice: 0.9266116857528687
  kitti_jaccard_macro: 0.6455841302871704
  kitti_jaccard_micro: 0.9128437876701355

2024-06-19 19:57:58,582 - INFO - Validation Stats
Loss:
  total: 0.6259004871050516
Metrics:
  kitti_dice: 0.8273483514785767
  kitti_jaccard_macro: 0.36148210366566974
  kitti_jaccard_micro: 0.7289374470710754

2024-06-19 19:57:58,582 - INFO - Epoch 39/120
2024-06-19 19:58:07,679 - INFO - Train Stats
Loss:
  total: 0.12740122973918916
Metrics:
  kitti_dice: 0.9266295194625854
  kitti_jaccard_macro: 0.618707823753357
  kitti_jaccard_micro: 0.9094144940376282

2024-06-19 19:58:09,178 - INFO - Validation Stats
Loss:
  total: 0.6196249524752299
Metrics:
  kitti_dice: 0.8278109033902487
  kitti_jaccard_macro: 0.3657862941424052
  kitti_jaccard_micro: 0.7301233212153116

2024-06-19 19:58:09,178 - INFO - Epoch 40/120
2024-06-19 19:58:18,272 - INFO - Train Stats
Loss:
  total: 0.1271694377064705
Metrics:
  kitti_dice: 0.9255748629570008
  kitti_jaccard_macro: 0.6484164595603943
  kitti_jaccard_micro: 0.9098217964172364

2024-06-19 19:58:19,776 - INFO - Validation Stats
Loss:
  total: 0.6468049883842468
Metrics:
  kitti_dice: 0.8273736635843912
  kitti_jaccard_macro: 0.35596437255541485
  kitti_jaccard_micro: 0.7293803294499716

2024-06-19 19:58:22,541 - INFO - Epoch 41/120
2024-06-19 19:58:31,525 - INFO - Train Stats
Loss:
  total: 0.125729538500309
Metrics:
  kitti_dice: 0.9266337275505065
  kitti_jaccard_macro: 0.701657509803772
  kitti_jaccard_micro: 0.9104557871818543

2024-06-19 19:58:33,021 - INFO - Validation Stats
Loss:
  total: 0.6432062387466431
Metrics:
  kitti_dice: 0.8304588993390402
  kitti_jaccard_macro: 0.36880966027577716
  kitti_jaccard_micro: 0.7342050274213155

2024-06-19 19:58:33,021 - INFO - Epoch 42/120
2024-06-19 19:58:42,074 - INFO - Train Stats
Loss:
  total: 0.12039137333631515
Metrics:
  kitti_dice: 0.9283770561218262
  kitti_jaccard_macro: 0.6808671832084656
  kitti_jaccard_micro: 0.9141326308250427

2024-06-19 19:58:43,570 - INFO - Validation Stats
Loss:
  total: 0.6383617321650187
Metrics:
  kitti_dice: 0.8281178673108419
  kitti_jaccard_macro: 0.35258204738299054
  kitti_jaccard_micro: 0.7302573919296265

2024-06-19 19:58:43,570 - INFO - Epoch 43/120
2024-06-19 19:58:52,648 - INFO - Train Stats
Loss:
  total: 0.1164046123623848
Metrics:
  kitti_dice: 0.9272704243659973
  kitti_jaccard_macro: 0.6756290197372437
  kitti_jaccard_micro: 0.9171475768089294

2024-06-19 19:58:54,146 - INFO - Validation Stats
Loss:
  total: 0.6195612748463949
Metrics:
  kitti_dice: 0.8308455944061279
  kitti_jaccard_macro: 0.35768210887908936
  kitti_jaccard_micro: 0.7349161903063456

2024-06-19 19:58:54,146 - INFO - Epoch 44/120
2024-06-19 19:59:03,202 - INFO - Train Stats
Loss:
  total: 0.11004099696874618
Metrics:
  kitti_dice: 0.9270339846611023
  kitti_jaccard_macro: 0.669455099105835
  kitti_jaccard_micro: 0.9205194354057312

2024-06-19 19:59:04,700 - INFO - Validation Stats
Loss:
  total: 0.627404789129893
Metrics:
  kitti_dice: 0.8316661914189657
  kitti_jaccard_macro: 0.3695753614107768
  kitti_jaccard_micro: 0.7359217405319214

2024-06-19 19:59:04,700 - INFO - Epoch 45/120
2024-06-19 19:59:13,770 - INFO - Train Stats
Loss:
  total: 0.10841394364833831
Metrics:
  kitti_dice: 0.929928970336914
  kitti_jaccard_macro: 0.6696934223175048
  kitti_jaccard_micro: 0.9201855778694152

2024-06-19 19:59:15,261 - INFO - Validation Stats
Loss:
  total: 0.6479573647181193
Metrics:
  kitti_dice: 0.8291150331497192
  kitti_jaccard_macro: 0.3613206346829732
  kitti_jaccard_micro: 0.7313409248987833

2024-06-19 19:59:18,006 - INFO - Epoch 46/120
2024-06-19 19:59:27,029 - INFO - Train Stats
Loss:
  total: 0.11268949061632157
Metrics:
  kitti_dice: 0.930492389202118
  kitti_jaccard_macro: 0.6596888065338135
  kitti_jaccard_micro: 0.9203863382339478

2024-06-19 19:59:28,528 - INFO - Validation Stats
Loss:
  total: 0.6321360866228739
Metrics:
  kitti_dice: 0.831936796506246
  kitti_jaccard_macro: 0.3593321939309438
  kitti_jaccard_micro: 0.7364201744397482

2024-06-19 19:59:28,528 - INFO - Epoch 47/120
2024-06-19 19:59:37,550 - INFO - Train Stats
Loss:
  total: 0.10995816439390182
Metrics:
  kitti_dice: 0.9325036644935608
  kitti_jaccard_macro: 0.6800222396850586
  kitti_jaccard_micro: 0.9199952125549317

2024-06-19 19:59:39,039 - INFO - Validation Stats
Loss:
  total: 0.6381125052769979
Metrics:
  kitti_dice: 0.8317705392837524
  kitti_jaccard_macro: 0.3676009972890218
  kitti_jaccard_micro: 0.7355601588884989

2024-06-19 19:59:39,039 - INFO - Epoch 48/120
2024-06-19 19:59:48,096 - INFO - Train Stats
Loss:
  total: 0.10758855789899827
Metrics:
  kitti_dice: 0.9308694839477539
  kitti_jaccard_macro: 0.6439905524253845
  kitti_jaccard_micro: 0.9202577948570252

2024-06-19 19:59:49,590 - INFO - Validation Stats
Loss:
  total: 0.6396782795588175
Metrics:
  kitti_dice: 0.8306933045387268
  kitti_jaccard_macro: 0.36907249689102173
  kitti_jaccard_micro: 0.7340825001398722

2024-06-19 19:59:49,590 - INFO - Epoch 49/120
2024-06-19 19:59:58,684 - INFO - Train Stats
Loss:
  total: 0.13023044019937516
Metrics:
  kitti_dice: 0.925305187702179
  kitti_jaccard_macro: 0.6763169407844544
  kitti_jaccard_micro: 0.9089436173439026

2024-06-19 20:00:00,185 - INFO - Validation Stats
Loss:
  total: 0.67318727572759
Metrics:
  kitti_dice: 0.8315210938453674
  kitti_jaccard_macro: 0.3688267568747203
  kitti_jaccard_micro: 0.7352586984634399

2024-06-19 20:00:00,185 - INFO - Epoch 50/120
2024-06-19 20:00:09,266 - INFO - Train Stats
Loss:
  total: 0.135401251912117
Metrics:
  kitti_dice: 0.9239105224609375
  kitti_jaccard_macro: 0.6963285326957702
  kitti_jaccard_micro: 0.9069382190704346

2024-06-19 20:00:10,763 - INFO - Validation Stats
Loss:
  total: 0.9322855472564697
Metrics:
  kitti_dice: 0.7556606531143188
  kitti_jaccard_macro: 0.29806675513585407
  kitti_jaccard_micro: 0.6278237501780192

2024-06-19 20:00:11,680 - INFO - Epoch 51/120
2024-06-19 20:00:20,703 - INFO - Train Stats
Loss:
  total: 0.17667289972305297
Metrics:
  kitti_dice: 0.9154294848442077
  kitti_jaccard_macro: 0.640146267414093
  kitti_jaccard_micro: 0.8906316041946412

2024-06-19 20:00:22,200 - INFO - Validation Stats
Loss:
  total: 1.7362886667251587
Metrics:
  kitti_dice: 0.5683240493138632
  kitti_jaccard_macro: 0.2033804456392924
  kitti_jaccard_micro: 0.4090324838956197

2024-06-19 20:00:22,200 - INFO - Epoch 52/120
2024-06-19 20:00:31,278 - INFO - Train Stats
Loss:
  total: 0.19360222518444062
Metrics:
  kitti_dice: 0.9088571190834045
  kitti_jaccard_macro: 0.5939077138900757
  kitti_jaccard_micro: 0.8769709229469299

2024-06-19 20:00:32,776 - INFO - Validation Stats
Loss:
  total: 1.2510384321212769
Metrics:
  kitti_dice: 0.6761724154154459
  kitti_jaccard_macro: 0.2476708193620046
  kitti_jaccard_micro: 0.5270458459854126

2024-06-19 20:00:32,776 - INFO - Epoch 53/120
2024-06-19 20:00:41,827 - INFO - Train Stats
Loss:
  total: 0.21029542684555053
Metrics:
  kitti_dice: 0.9027126789093017
  kitti_jaccard_macro: 0.5739984154701233
  kitti_jaccard_micro: 0.8671693444252014

2024-06-19 20:00:43,323 - INFO - Validation Stats
Loss:
  total: 8.038659254709879
Metrics:
  kitti_dice: 0.07174389064311981
  kitti_jaccard_macro: 0.03744503545264403
  kitti_jaccard_micro: 0.038345133885741234

2024-06-19 20:00:43,323 - INFO - Epoch 54/120
2024-06-19 20:00:52,378 - INFO - Train Stats
Loss:
  total: 0.27125471234321596
Metrics:
  kitti_dice: 0.8862996220588684
  kitti_jaccard_macro: 0.5428756833076477
  kitti_jaccard_micro: 0.8385272741317749

2024-06-19 20:00:53,872 - INFO - Validation Stats
Loss:
  total: 1.728353460629781
Metrics:
  kitti_dice: 0.514613409837087
  kitti_jaccard_macro: 0.16884989043076834
  kitti_jaccard_micro: 0.355396568775177

2024-06-19 20:00:53,872 - INFO - Epoch 55/120
2024-06-19 20:01:02,925 - INFO - Train Stats
Loss:
  total: 0.2996834635734558
Metrics:
  kitti_dice: 0.8771047472953797
  kitti_jaccard_macro: 0.5267143487930298
  kitti_jaccard_micro: 0.8218290090560914

2024-06-19 20:01:04,414 - INFO - Validation Stats
Loss:
  total: 1.0367212096850078
Metrics:
  kitti_dice: 0.7227404514948527
  kitti_jaccard_macro: 0.2605382154385249
  kitti_jaccard_micro: 0.583784838517507

2024-06-19 20:01:07,116 - INFO - Epoch 56/120
2024-06-19 20:01:16,130 - INFO - Train Stats
Loss:
  total: 0.2341174989938736
Metrics:
  kitti_dice: 0.8952270150184631
  kitti_jaccard_macro: 0.5915310502052307
  kitti_jaccard_micro: 0.8520791292190552

2024-06-19 20:01:17,624 - INFO - Validation Stats
Loss:
  total: 1.0659264922142029
Metrics:
  kitti_dice: 0.7369690537452698
  kitti_jaccard_macro: 0.2561073849598567
  kitti_jaccard_micro: 0.601403554280599

2024-06-19 20:01:17,624 - INFO - Epoch 57/120
2024-06-19 20:01:26,648 - INFO - Train Stats
Loss:
  total: 0.25480084121227264
Metrics:
  kitti_dice: 0.8887580275535584
  kitti_jaccard_macro: 0.5177789449691772
  kitti_jaccard_micro: 0.8412125587463379

2024-06-19 20:01:28,146 - INFO - Validation Stats
Loss:
  total: 0.9499169985453287
Metrics:
  kitti_dice: 0.7547449072202047
  kitti_jaccard_macro: 0.2804406036933263
  kitti_jaccard_micro: 0.6251278122266134

2024-06-19 20:01:28,146 - INFO - Epoch 58/120
2024-06-19 20:01:37,160 - INFO - Train Stats
Loss:
  total: 0.2299520641565323
Metrics:
  kitti_dice: 0.8944959998130798
  kitti_jaccard_macro: 0.5287804126739502
  kitti_jaccard_micro: 0.8548592090606689

2024-06-19 20:01:38,650 - INFO - Validation Stats
Loss:
  total: 1.0204546451568604
Metrics:
  kitti_dice: 0.7294510006904602
  kitti_jaccard_macro: 0.2576956848303477
  kitti_jaccard_micro: 0.5917733112970988

2024-06-19 20:01:38,650 - INFO - Epoch 59/120
2024-06-19 20:01:47,640 - INFO - Train Stats
Loss:
  total: 0.2058344691991806
Metrics:
  kitti_dice: 0.9022134304046631
  kitti_jaccard_macro: 0.5704554200172425
  kitti_jaccard_micro: 0.8672138690948487

2024-06-19 20:01:49,130 - INFO - Validation Stats
Loss:
  total: 0.8820825417836508
Metrics:
  kitti_dice: 0.7602054476737976
  kitti_jaccard_macro: 0.2884713610013326
  kitti_jaccard_micro: 0.6325464049975077

2024-06-19 20:01:49,130 - INFO - Epoch 60/120
2024-06-19 20:01:58,147 - INFO - Train Stats
Loss:
  total: 0.1705768197774887
Metrics:
  kitti_dice: 0.9118381619453431
  kitti_jaccard_macro: 0.6067460298538208
  kitti_jaccard_micro: 0.8829152703285217

2024-06-19 20:01:59,640 - INFO - Validation Stats
Loss:
  total: 0.8102366725603739
Metrics:
  kitti_dice: 0.78383336464564
  kitti_jaccard_macro: 0.3106045027573903
  kitti_jaccard_micro: 0.6654797593752543

2024-06-19 20:02:02,276 - INFO - Epoch 61/120
2024-06-19 20:02:11,145 - INFO - Train Stats
Loss:
  total: 0.1518464207649231
Metrics:
  kitti_dice: 0.9184054493904114
  kitti_jaccard_macro: 0.6277302503585815
  kitti_jaccard_micro: 0.8970272421836853

2024-06-19 20:02:12,638 - INFO - Validation Stats
Loss:
  total: 0.7487179239590963
Metrics:
  kitti_dice: 0.7999823093414307
  kitti_jaccard_macro: 0.3332674503326416
  kitti_jaccard_micro: 0.6893785993258158

2024-06-19 20:02:12,638 - INFO - Epoch 62/120
2024-06-19 20:02:21,568 - INFO - Train Stats
Loss:
  total: 0.15756932497024537
Metrics:
  kitti_dice: 0.9164231657981873
  kitti_jaccard_macro: 0.6313954830169678
  kitti_jaccard_micro: 0.8931711554527283

2024-06-19 20:02:23,060 - INFO - Validation Stats
Loss:
  total: 0.7105300029118856
Metrics:
  kitti_dice: 0.8071531653404236
  kitti_jaccard_macro: 0.34590641657511395
  kitti_jaccard_micro: 0.6999109188715616

2024-06-19 20:02:23,060 - INFO - Epoch 63/120
2024-06-19 20:02:32,039 - INFO - Train Stats
Loss:
  total: 0.14428163170814515
Metrics:
  kitti_dice: 0.9190423846244812
  kitti_jaccard_macro: 0.614821982383728
  kitti_jaccard_micro: 0.8992789268493653

2024-06-19 20:02:33,532 - INFO - Validation Stats
Loss:
  total: 0.7165162364641825
Metrics:
  kitti_dice: 0.8099275231361389
  kitti_jaccard_macro: 0.34502582748730976
  kitti_jaccard_micro: 0.7024307250976562

2024-06-19 20:02:33,532 - INFO - Epoch 64/120
2024-06-19 20:02:42,499 - INFO - Train Stats
Loss:
  total: 0.13166728615760803
Metrics:
  kitti_dice: 0.9233219623565674
  kitti_jaccard_macro: 0.6730480313301086
  kitti_jaccard_micro: 0.9064696669578552

2024-06-19 20:02:43,995 - INFO - Validation Stats
Loss:
  total: 0.7346476713816324
Metrics:
  kitti_dice: 0.805575450261434
  kitti_jaccard_macro: 0.33438314994176227
  kitti_jaccard_micro: 0.6972598632176717

2024-06-19 20:02:43,995 - INFO - Epoch 65/120
2024-06-19 20:02:53,039 - INFO - Train Stats
Loss:
  total: 0.13223093003034592
Metrics:
  kitti_dice: 0.9215819001197815
  kitti_jaccard_macro: 0.6670711398124695
  kitti_jaccard_micro: 0.906578254699707

2024-06-19 20:02:54,536 - INFO - Validation Stats
Loss:
  total: 0.691519558429718
Metrics:
  kitti_dice: 0.8134510517120361
  kitti_jaccard_macro: 0.3551640709241231
  kitti_jaccard_micro: 0.7085674007733663

2024-06-19 20:02:55,437 - INFO - Epoch 66/120
2024-06-19 20:03:04,404 - INFO - Train Stats
Loss:
  total: 0.1189003974199295
Metrics:
  kitti_dice: 0.928055214881897
  kitti_jaccard_macro: 0.6641589045524597
  kitti_jaccard_micro: 0.9140305876731872

2024-06-19 20:03:05,901 - INFO - Validation Stats
Loss:
  total: 0.691574494043986
Metrics:
  kitti_dice: 0.8139069875081381
  kitti_jaccard_macro: 0.3601246078809102
  kitti_jaccard_micro: 0.7097963889439901

2024-06-19 20:03:05,902 - INFO - Epoch 67/120
2024-06-19 20:03:14,949 - INFO - Train Stats
Loss:
  total: 0.11837089508771896
Metrics:
  kitti_dice: 0.9283594012260437
  kitti_jaccard_macro: 0.678549301624298
  kitti_jaccard_micro: 0.9147764325141907

2024-06-19 20:03:16,446 - INFO - Validation Stats
Loss:
  total: 0.7182338436444601
Metrics:
  kitti_dice: 0.8108829657236735
  kitti_jaccard_macro: 0.3444809714953105
  kitti_jaccard_micro: 0.7051154971122742

2024-06-19 20:03:16,446 - INFO - Epoch 68/120
2024-06-19 20:03:25,450 - INFO - Train Stats
Loss:
  total: 0.11432892829179764
Metrics:
  kitti_dice: 0.9299054265022277
  kitti_jaccard_macro: 0.6947411298751831
  kitti_jaccard_micro: 0.9169205307960511

2024-06-19 20:03:26,945 - INFO - Validation Stats
Loss:
  total: 0.6807010968526205
Metrics:
  kitti_dice: 0.819755752881368
  kitti_jaccard_macro: 0.36327119668324787
  kitti_jaccard_micro: 0.7180056969324747

2024-06-19 20:03:26,945 - INFO - Epoch 69/120
2024-06-19 20:03:35,952 - INFO - Train Stats
Loss:
  total: 0.11871552169322967
Metrics:
  kitti_dice: 0.9284088850021363
  kitti_jaccard_macro: 0.6799222469329834
  kitti_jaccard_micro: 0.9139592528343201

2024-06-19 20:03:37,454 - INFO - Validation Stats
Loss:
  total: 0.7232117454210917
Metrics:
  kitti_dice: 0.8138419985771179
  kitti_jaccard_macro: 0.35128699739774066
  kitti_jaccard_micro: 0.7091005047162374

2024-06-19 20:03:37,455 - INFO - Epoch 70/120
2024-06-19 20:03:46,511 - INFO - Train Stats
Loss:
  total: 0.11209046989679336
Metrics:
  kitti_dice: 0.9291858434677124
  kitti_jaccard_macro: 0.6836647152900696
  kitti_jaccard_micro: 0.9168264508247376

2024-06-19 20:03:48,010 - INFO - Validation Stats
Loss:
  total: 0.731111486752828
Metrics:
  kitti_dice: 0.8144190708796183
  kitti_jaccard_macro: 0.35167916615804035
  kitti_jaccard_micro: 0.7101892431577047

2024-06-19 20:03:50,417 - INFO - Epoch 71/120
2024-06-19 20:03:59,321 - INFO - Train Stats
Loss:
  total: 0.11408358663320542
Metrics:
  kitti_dice: 0.9290859937667847
  kitti_jaccard_macro: 0.6639116883277894
  kitti_jaccard_micro: 0.9155734777450562

2024-06-19 20:04:00,815 - INFO - Validation Stats
Loss:
  total: 0.7417202194531759
Metrics:
  kitti_dice: 0.812936544418335
  kitti_jaccard_macro: 0.34143099188804626
  kitti_jaccard_micro: 0.7069302995999655

2024-06-19 20:04:00,815 - INFO - Epoch 72/120
2024-06-19 20:04:09,822 - INFO - Train Stats
Loss:
  total: 0.10298646986484528
Metrics:
  kitti_dice: 0.9334821105003357
  kitti_jaccard_macro: 0.7009514331817627
  kitti_jaccard_micro: 0.9234603643417358

2024-06-19 20:04:11,319 - INFO - Validation Stats
Loss:
  total: 0.7572944760322571
Metrics:
  kitti_dice: 0.8120346268018087
  kitti_jaccard_macro: 0.3446950515111287
  kitti_jaccard_micro: 0.7061035434405009

2024-06-19 20:04:11,319 - INFO - Epoch 73/120
2024-06-19 20:04:20,331 - INFO - Train Stats
Loss:
  total: 0.09824938476085662
Metrics:
  kitti_dice: 0.9346546053886413
  kitti_jaccard_macro: 0.6801626801490783
  kitti_jaccard_micro: 0.9265568614006042

2024-06-19 20:04:21,827 - INFO - Validation Stats
Loss:
  total: 0.7477947076161703
Metrics:
  kitti_dice: 0.8162753383318583
  kitti_jaccard_macro: 0.35367827614148456
  kitti_jaccard_micro: 0.7128945589065552

2024-06-19 20:04:21,827 - INFO - Epoch 74/120
2024-06-19 20:04:30,827 - INFO - Train Stats
Loss:
  total: 0.09757122248411179
Metrics:
  kitti_dice: 0.9359183073043823
  kitti_jaccard_macro: 0.7118705153465271
  kitti_jaccard_micro: 0.9278077483177185

2024-06-19 20:04:32,327 - INFO - Validation Stats
Loss:
  total: 0.7284598549207052
Metrics:
  kitti_dice: 0.818936804930369
  kitti_jaccard_macro: 0.3540101945400238
  kitti_jaccard_micro: 0.7169478535652161

2024-06-19 20:04:32,327 - INFO - Epoch 75/120
2024-06-19 20:04:41,381 - INFO - Train Stats
Loss:
  total: 0.099064140021801
Metrics:
  kitti_dice: 0.9342382550239563
  kitti_jaccard_macro: 0.6868279814720154
  kitti_jaccard_micro: 0.9253684163093567

2024-06-19 20:04:42,878 - INFO - Validation Stats
Loss:
  total: 0.7364743947982788
Metrics:
  kitti_dice: 0.8181057373682658
  kitti_jaccard_macro: 0.35089680552482605
  kitti_jaccard_micro: 0.7160619298617045

2024-06-19 20:04:45,811 - INFO - Epoch 76/120
2024-06-19 20:04:54,682 - INFO - Train Stats
Loss:
  total: 0.09372588247060776
Metrics:
  kitti_dice: 0.9335296392440796
  kitti_jaccard_macro: 0.6961221694946289
  kitti_jaccard_micro: 0.9295263409614563

2024-06-19 20:04:56,180 - INFO - Validation Stats
Loss:
  total: 0.761544664700826
Metrics:
  kitti_dice: 0.815318246682485
  kitti_jaccard_macro: 0.34700559576352435
  kitti_jaccard_micro: 0.7112662196159363

2024-06-19 20:04:56,180 - INFO - Epoch 77/120
2024-06-19 20:05:05,149 - INFO - Train Stats
Loss:
  total: 0.10241718143224716
Metrics:
  kitti_dice: 0.9339881300926208
  kitti_jaccard_macro: 0.7103387832641601
  kitti_jaccard_micro: 0.9234044194221497

2024-06-19 20:05:06,645 - INFO - Validation Stats
Loss:
  total: 0.7456455230712891
Metrics:
  kitti_dice: 0.8153666059176127
  kitti_jaccard_macro: 0.3553907374540965
  kitti_jaccard_micro: 0.7118797302246094

2024-06-19 20:05:06,645 - INFO - Epoch 78/120
2024-06-19 20:05:15,623 - INFO - Train Stats
Loss:
  total: 0.09433117657899856
Metrics:
  kitti_dice: 0.9371585607528686
  kitti_jaccard_macro: 0.713833498954773
  kitti_jaccard_micro: 0.9286633372306824

2024-06-19 20:05:17,122 - INFO - Validation Stats
Loss:
  total: 0.7270657420158386
Metrics:
  kitti_dice: 0.8187467058499655
  kitti_jaccard_macro: 0.3518003324667613
  kitti_jaccard_micro: 0.716642419497172

2024-06-19 20:05:17,122 - INFO - Epoch 79/120
2024-06-19 20:05:26,121 - INFO - Train Stats
Loss:
  total: 0.0957336276769638
Metrics:
  kitti_dice: 0.9346152782440186
  kitti_jaccard_macro: 0.6862749338150025
  kitti_jaccard_micro: 0.9268507480621337

2024-06-19 20:05:27,620 - INFO - Validation Stats
Loss:
  total: 0.7488972544670105
Metrics:
  kitti_dice: 0.8163356184959412
  kitti_jaccard_macro: 0.33606478571891785
  kitti_jaccard_micro: 0.713377833366394

2024-06-19 20:05:27,620 - INFO - Epoch 80/120
2024-06-19 20:05:36,592 - INFO - Train Stats
Loss:
  total: 0.09283612817525863
Metrics:
  kitti_dice: 0.9225515723228455
  kitti_jaccard_macro: 0.7005715489387512
  kitti_jaccard_micro: 0.9295616269111633

2024-06-19 20:05:38,088 - INFO - Validation Stats
Loss:
  total: 0.766546626885732
Metrics:
  kitti_dice: 0.8146808544794718
  kitti_jaccard_macro: 0.3518170615037282
  kitti_jaccard_micro: 0.7105240225791931

2024-06-19 20:05:41,131 - INFO - Epoch 81/120
2024-06-19 20:05:50,013 - INFO - Train Stats
Loss:
  total: 0.09203961342573166
Metrics:
  kitti_dice: 0.934471321105957
  kitti_jaccard_macro: 0.7017703175544738
  kitti_jaccard_micro: 0.9292766332626343

2024-06-19 20:05:51,505 - INFO - Validation Stats
Loss:
  total: 0.7535745104153951
Metrics:
  kitti_dice: 0.8172387083371481
  kitti_jaccard_macro: 0.35193363825480145
  kitti_jaccard_micro: 0.713875929514567

2024-06-19 20:05:51,505 - INFO - Epoch 82/120
2024-06-19 20:06:00,487 - INFO - Train Stats
Loss:
  total: 0.08918275237083435
Metrics:
  kitti_dice: 0.9353206157684326
  kitti_jaccard_macro: 0.6894788622856141
  kitti_jaccard_micro: 0.9305012702941895

2024-06-19 20:06:01,980 - INFO - Validation Stats
Loss:
  total: 0.7496171394983927
Metrics:
  kitti_dice: 0.8187365134557089
  kitti_jaccard_macro: 0.3524845739205678
  kitti_jaccard_micro: 0.716546893119812

2024-06-19 20:06:01,980 - INFO - Epoch 83/120
2024-06-19 20:06:10,971 - INFO - Train Stats
Loss:
  total: 0.09462311193346977
Metrics:
  kitti_dice: 0.9366726756095887
  kitti_jaccard_macro: 0.7338005423545837
  kitti_jaccard_micro: 0.927464509010315

2024-06-19 20:06:12,472 - INFO - Validation Stats
Loss:
  total: 0.7632247606913248
Metrics:
  kitti_dice: 0.8155235052108765
  kitti_jaccard_macro: 0.3504149814446767
  kitti_jaccard_micro: 0.7114097277323405

2024-06-19 20:06:12,472 - INFO - Epoch 84/120
2024-06-19 20:06:21,435 - INFO - Train Stats
Loss:
  total: 0.09548912346363067
Metrics:
  kitti_dice: 0.9322175264358521
  kitti_jaccard_macro: 0.7168521642684936
  kitti_jaccard_micro: 0.9268882036209106

2024-06-19 20:06:22,937 - INFO - Validation Stats
Loss:
  total: 0.7612431049346924
Metrics:
  kitti_dice: 0.8130878210067749
  kitti_jaccard_macro: 0.34982285896937054
  kitti_jaccard_micro: 0.7084577679634094

2024-06-19 20:06:22,937 - INFO - Epoch 85/120
2024-06-19 20:06:31,994 - INFO - Train Stats
Loss:
  total: 0.10506960302591324
Metrics:
  kitti_dice: 0.9321766853332519
  kitti_jaccard_macro: 0.7327863097190856
  kitti_jaccard_micro: 0.9222138285636902

2024-06-19 20:06:33,485 - INFO - Validation Stats
Loss:
  total: 0.7611737449963888
Metrics:
  kitti_dice: 0.8134655157725016
  kitti_jaccard_macro: 0.35535503427187604
  kitti_jaccard_micro: 0.7088685234387716

2024-06-19 20:06:34,406 - INFO - Epoch 86/120
2024-06-19 20:06:43,445 - INFO - Train Stats
Loss:
  total: 0.0880384773015976
Metrics:
  kitti_dice: 0.9367469429969788
  kitti_jaccard_macro: 0.7484678626060486
  kitti_jaccard_micro: 0.9315450549125671

2024-06-19 20:06:44,933 - INFO - Validation Stats
Loss:
  total: 0.7415644526481628
Metrics:
  kitti_dice: 0.813461701075236
  kitti_jaccard_macro: 0.35016220808029175
  kitti_jaccard_micro: 0.7089622418085734

2024-06-19 20:06:44,933 - INFO - Epoch 87/120
2024-06-19 20:06:53,987 - INFO - Train Stats
Loss:
  total: 0.09256152659654618
Metrics:
  kitti_dice: 0.934551203250885
  kitti_jaccard_macro: 0.7216624021530151
  kitti_jaccard_micro: 0.928042721748352

2024-06-19 20:06:55,485 - INFO - Validation Stats
Loss:
  total: 0.7726056178410848
Metrics:
  kitti_dice: 0.8112348318099976
  kitti_jaccard_macro: 0.3441488742828369
  kitti_jaccard_micro: 0.7047804594039917

2024-06-19 20:06:55,485 - INFO - Epoch 88/120
2024-06-19 20:07:04,483 - INFO - Train Stats
Loss:
  total: 0.095797199010849
Metrics:
  kitti_dice: 0.9226907253265381
  kitti_jaccard_macro: 0.6997955203056335
  kitti_jaccard_micro: 0.9268861413002014

2024-06-19 20:07:05,979 - INFO - Validation Stats
Loss:
  total: 0.7511991063753763
Metrics:
  kitti_dice: 0.8152968883514404
  kitti_jaccard_macro: 0.34864041209220886
  kitti_jaccard_micro: 0.711263100306193

2024-06-19 20:07:05,979 - INFO - Epoch 89/120
2024-06-19 20:07:15,016 - INFO - Train Stats
Loss:
  total: 0.08385351374745369
Metrics:
  kitti_dice: 0.9382338404655457
  kitti_jaccard_macro: 0.7454612493515015
  kitti_jaccard_micro: 0.9344639778137207

2024-06-19 20:07:16,513 - INFO - Validation Stats
Loss:
  total: 0.7344191670417786
Metrics:
  kitti_dice: 0.8214609225591024
  kitti_jaccard_macro: 0.35935195287068683
  kitti_jaccard_micro: 0.7204641501108805

2024-06-19 20:07:16,513 - INFO - Epoch 90/120
2024-06-19 20:07:25,580 - INFO - Train Stats
Loss:
  total: 0.08767996132373809
Metrics:
  kitti_dice: 0.9380433201789856
  kitti_jaccard_macro: 0.7230581641197205
  kitti_jaccard_micro: 0.9317344665527344

2024-06-19 20:07:27,078 - INFO - Validation Stats
Loss:
  total: 0.7567713658014933
Metrics:
  kitti_dice: 0.8190649350484213
  kitti_jaccard_macro: 0.3498179316520691
  kitti_jaccard_micro: 0.7168704469998678

2024-06-19 20:07:27,928 - INFO - Epoch 91/120
2024-06-19 20:07:36,976 - INFO - Train Stats
Loss:
  total: 0.08971131742000579
Metrics:
  kitti_dice: 0.9345898866653443
  kitti_jaccard_macro: 0.7476179003715515
  kitti_jaccard_micro: 0.9299146413803101

2024-06-19 20:07:38,473 - INFO - Validation Stats
Loss:
  total: 0.7631149291992188
Metrics:
  kitti_dice: 0.8193353414535522
  kitti_jaccard_macro: 0.35510069131851196
  kitti_jaccard_micro: 0.7171754240989685

2024-06-19 20:07:38,473 - INFO - Epoch 92/120
2024-06-19 20:07:47,548 - INFO - Train Stats
Loss:
  total: 0.08584870398044586
Metrics:
  kitti_dice: 0.9383702516555786
  kitti_jaccard_macro: 0.736700963973999
  kitti_jaccard_micro: 0.9333754539489746

2024-06-19 20:07:49,045 - INFO - Validation Stats
Loss:
  total: 0.7649233142534891
Metrics:
  kitti_dice: 0.821398933728536
  kitti_jaccard_macro: 0.3566077947616577
  kitti_jaccard_micro: 0.7209094166755676

2024-06-19 20:07:49,045 - INFO - Epoch 93/120
2024-06-19 20:07:58,127 - INFO - Train Stats
Loss:
  total: 0.08529897183179855
Metrics:
  kitti_dice: 0.9397845983505249
  kitti_jaccard_macro: 0.752498722076416
  kitti_jaccard_micro: 0.9341538310050964

2024-06-19 20:07:59,624 - INFO - Validation Stats
Loss:
  total: 0.7670162717501322
Metrics:
  kitti_dice: 0.8181008895238241
  kitti_jaccard_macro: 0.34782073895136517
  kitti_jaccard_micro: 0.7156524856885275

2024-06-19 20:07:59,624 - INFO - Epoch 94/120
2024-06-19 20:08:08,667 - INFO - Train Stats
Loss:
  total: 0.08153092116117477
Metrics:
  kitti_dice: 0.9394945502281189
  kitti_jaccard_macro: 0.7455057859420776
  kitti_jaccard_micro: 0.9361647009849549

2024-06-19 20:08:10,167 - INFO - Validation Stats
Loss:
  total: 0.7564828395843506
Metrics:
  kitti_dice: 0.8192459344863892
  kitti_jaccard_macro: 0.3504243691762288
  kitti_jaccard_micro: 0.716934065024058

2024-06-19 20:08:10,167 - INFO - Epoch 95/120
2024-06-19 20:08:19,246 - INFO - Train Stats
Loss:
  total: 0.08489998728036881
Metrics:
  kitti_dice: 0.9386199712753296
  kitti_jaccard_macro: 0.7459857583045959
  kitti_jaccard_micro: 0.932994270324707

2024-06-19 20:08:20,747 - INFO - Validation Stats
Loss:
  total: 0.7774680852890015
Metrics:
  kitti_dice: 0.8168240586916605
  kitti_jaccard_macro: 0.337980975707372
  kitti_jaccard_micro: 0.7134333650271097

2024-06-19 20:08:21,654 - INFO - Epoch 96/120
2024-06-19 20:08:30,714 - INFO - Train Stats
Loss:
  total: 0.08424612879753113
Metrics:
  kitti_dice: 0.9377922177314758
  kitti_jaccard_macro: 0.7541253805160523
  kitti_jaccard_micro: 0.9339841842651367

2024-06-19 20:08:32,237 - INFO - Validation Stats
Loss:
  total: 0.7750919063886007
Metrics:
  kitti_dice: 0.8177319169044495
  kitti_jaccard_macro: 0.3524462878704071
  kitti_jaccard_micro: 0.7141812443733215

2024-06-19 20:08:32,238 - INFO - Epoch 97/120
2024-06-19 20:08:41,292 - INFO - Train Stats
Loss:
  total: 0.07989110872149467
Metrics:
  kitti_dice: 0.9234653949737549
  kitti_jaccard_macro: 0.7547555565834045
  kitti_jaccard_micro: 0.9369652390480041

2024-06-19 20:08:42,789 - INFO - Validation Stats
Loss:
  total: 0.7744078636169434
Metrics:
  kitti_dice: 0.8168867429097494
  kitti_jaccard_macro: 0.3504362205664317
  kitti_jaccard_micro: 0.7132786909739176

2024-06-19 20:08:42,789 - INFO - Epoch 98/120
2024-06-19 20:08:51,805 - INFO - Train Stats
Loss:
  total: 0.0793127492070198
Metrics:
  kitti_dice: 0.9418977737426758
  kitti_jaccard_macro: 0.7636515259742737
  kitti_jaccard_micro: 0.9378869891166687

2024-06-19 20:08:53,301 - INFO - Validation Stats
Loss:
  total: 0.785494347413381
Metrics:
  kitti_dice: 0.8158451914787292
  kitti_jaccard_macro: 0.35135581096013385
  kitti_jaccard_micro: 0.7123028635978699

2024-06-19 20:08:53,301 - INFO - Epoch 99/120
2024-06-19 20:09:02,331 - INFO - Train Stats
Loss:
  total: 0.07962439358234405
Metrics:
  kitti_dice: 0.9355645060539246
  kitti_jaccard_macro: 0.7355010867118835
  kitti_jaccard_micro: 0.9369844913482666

2024-06-19 20:09:03,828 - INFO - Validation Stats
Loss:
  total: 0.7703376213709513
Metrics:
  kitti_dice: 0.817262331644694
  kitti_jaccard_macro: 0.3468991319338481
  kitti_jaccard_micro: 0.7145112355550131

2024-06-19 20:09:03,828 - INFO - Epoch 100/120
2024-06-19 20:09:12,828 - INFO - Train Stats
Loss:
  total: 0.0764726720750332
Metrics:
  kitti_dice: 0.9207829236984253
  kitti_jaccard_macro: 0.7504884839057923
  kitti_jaccard_micro: 0.9391156673431397

2024-06-19 20:09:14,331 - INFO - Validation Stats
Loss:
  total: 0.7768411040306091
Metrics:
  kitti_dice: 0.8148444493611654
  kitti_jaccard_macro: 0.35329532623291016
  kitti_jaccard_micro: 0.7112392981847128

2024-06-19 20:09:16,255 - INFO - Epoch 101/120
2024-06-19 20:09:25,225 - INFO - Train Stats
Loss:
  total: 0.08124748319387436
Metrics:
  kitti_dice: 0.9393231511116028
  kitti_jaccard_macro: 0.7681910753250122
  kitti_jaccard_micro: 0.9362131237983704

2024-06-19 20:09:26,719 - INFO - Validation Stats
Loss:
  total: 0.8090206980705261
Metrics:
  kitti_dice: 0.8135629296302795
  kitti_jaccard_macro: 0.34071935216585797
  kitti_jaccard_micro: 0.7083794275919596

2024-06-19 20:09:26,719 - INFO - Epoch 102/120
2024-06-19 20:09:35,697 - INFO - Train Stats
Loss:
  total: 0.08204706385731697
Metrics:
  kitti_dice: 0.9393981456756592
  kitti_jaccard_macro: 0.7379700541496277
  kitti_jaccard_micro: 0.9344557404518128

2024-06-19 20:09:37,192 - INFO - Validation Stats
Loss:
  total: 0.7908985217412313
Metrics:
  kitti_dice: 0.8154293696085612
  kitti_jaccard_macro: 0.3505472739537557
  kitti_jaccard_micro: 0.7113027175267538

2024-06-19 20:09:37,192 - INFO - Epoch 103/120
2024-06-19 20:09:46,200 - INFO - Train Stats
Loss:
  total: 0.07910259664058686
Metrics:
  kitti_dice: 0.9416318416595459
  kitti_jaccard_macro: 0.7428485512733459
  kitti_jaccard_micro: 0.9370672821998596

2024-06-19 20:09:47,703 - INFO - Validation Stats
Loss:
  total: 0.7806228597958883
Metrics:
  kitti_dice: 0.8172192970911661
  kitti_jaccard_macro: 0.3482995827992757
  kitti_jaccard_micro: 0.7142459154129028

2024-06-19 20:09:47,703 - INFO - Epoch 104/120
2024-06-19 20:09:56,709 - INFO - Train Stats
Loss:
  total: 0.07917429059743882
Metrics:
  kitti_dice: 0.940868365764618
  kitti_jaccard_macro: 0.7509417772293091
  kitti_jaccard_micro: 0.9373401284217835

2024-06-19 20:09:58,199 - INFO - Validation Stats
Loss:
  total: 0.7811228632926941
Metrics:
  kitti_dice: 0.8180243968963623
  kitti_jaccard_macro: 0.3534419536590576
  kitti_jaccard_micro: 0.7149393161137899

2024-06-19 20:09:58,199 - INFO - Epoch 105/120
2024-06-19 20:10:07,223 - INFO - Train Stats
Loss:
  total: 0.08414875864982604
Metrics:
  kitti_dice: 0.9382525444030761
  kitti_jaccard_macro: 0.7488675594329834
  kitti_jaccard_micro: 0.9333796501159668

2024-06-19 20:10:08,762 - INFO - Validation Stats
Loss:
  total: 0.7874038815498352
Metrics:
  kitti_dice: 0.8200557629267374
  kitti_jaccard_macro: 0.3506026367346446
  kitti_jaccard_micro: 0.7180684407552084

2024-06-19 20:10:09,585 - INFO - Epoch 106/120
2024-06-19 20:10:18,552 - INFO - Train Stats
Loss:
  total: 0.08204775601625443
Metrics:
  kitti_dice: 0.9381867289543152
  kitti_jaccard_macro: 0.7454906702041626
  kitti_jaccard_micro: 0.9340705156326294

2024-06-19 20:10:20,045 - INFO - Validation Stats
Loss:
  total: 0.7856078147888184
Metrics:
  kitti_dice: 0.8174662788709005
  kitti_jaccard_macro: 0.34671897689501446
  kitti_jaccard_micro: 0.7144184907277426

2024-06-19 20:10:20,045 - INFO - Epoch 107/120
2024-06-19 20:10:29,028 - INFO - Train Stats
Loss:
  total: 0.07812651023268699
Metrics:
  kitti_dice: 0.9390637397766113
  kitti_jaccard_macro: 0.7413047194480896
  kitti_jaccard_micro: 0.9383009314537049

2024-06-19 20:10:30,523 - INFO - Validation Stats
Loss:
  total: 0.8034794330596924
Metrics:
  kitti_dice: 0.8119080861409506
  kitti_jaccard_macro: 0.3386147916316986
  kitti_jaccard_micro: 0.7057968378067017

2024-06-19 20:10:30,524 - INFO - Epoch 108/120
2024-06-19 20:10:39,553 - INFO - Train Stats
Loss:
  total: 0.08327817320823669
Metrics:
  kitti_dice: 0.9391237735748291
  kitti_jaccard_macro: 0.7826091289520264
  kitti_jaccard_micro: 0.9342884540557861

2024-06-19 20:10:41,051 - INFO - Validation Stats
Loss:
  total: 0.7927677631378174
Metrics:
  kitti_dice: 0.8172961076100668
  kitti_jaccard_macro: 0.344496210416158
  kitti_jaccard_micro: 0.713858981927236

2024-06-19 20:10:41,051 - INFO - Epoch 109/120
2024-06-19 20:10:50,091 - INFO - Train Stats
Loss:
  total: 0.07974360957741737
Metrics:
  kitti_dice: 0.9407314896583557
  kitti_jaccard_macro: 0.7353687405586242
  kitti_jaccard_micro: 0.9367855191230774

2024-06-19 20:10:51,639 - INFO - Validation Stats
Loss:
  total: 0.7576352953910828
Metrics:
  kitti_dice: 0.823250412940979
  kitti_jaccard_macro: 0.35558198889096576
  kitti_jaccard_micro: 0.7230653961499532

2024-06-19 20:10:51,639 - INFO - Epoch 110/120
2024-06-19 20:11:00,652 - INFO - Train Stats
Loss:
  total: 0.07937198281288146
Metrics:
  kitti_dice: 0.9394601941108703
  kitti_jaccard_macro: 0.7724877238273621
  kitti_jaccard_micro: 0.9365848183631897

2024-06-19 20:11:02,155 - INFO - Validation Stats
Loss:
  total: 0.7923165957132975
Metrics:
  kitti_dice: 0.8168003559112549
  kitti_jaccard_macro: 0.35126445690790814
  kitti_jaccard_micro: 0.7135304609934489

2024-06-19 20:11:04,730 - INFO - Epoch 111/120
2024-06-19 20:11:13,614 - INFO - Train Stats
Loss:
  total: 0.07973797842860222
Metrics:
  kitti_dice: 0.9406540870666504
  kitti_jaccard_macro: 0.7233891248703003
  kitti_jaccard_micro: 0.9360933661460876

2024-06-19 20:11:15,111 - INFO - Validation Stats
Loss:
  total: 0.796360433101654
Metrics:
  kitti_dice: 0.8172375957171122
  kitti_jaccard_macro: 0.3529870907465617
  kitti_jaccard_micro: 0.7141973574956259

2024-06-19 20:11:15,111 - INFO - Epoch 112/120
2024-06-19 20:11:24,050 - INFO - Train Stats
Loss:
  total: 0.08004013746976853
Metrics:
  kitti_dice: 0.9408325314521789
  kitti_jaccard_macro: 0.7598837733268737
  kitti_jaccard_micro: 0.9367076516151428

2024-06-19 20:11:25,547 - INFO - Validation Stats
Loss:
  total: 0.8160604437192281
Metrics:
  kitti_dice: 0.8174182971318563
  kitti_jaccard_macro: 0.3525404731432597
  kitti_jaccard_micro: 0.7141362229983012

2024-06-19 20:11:25,547 - INFO - Epoch 113/120
2024-06-19 20:11:34,492 - INFO - Train Stats
Loss:
  total: 0.07489976063370704
Metrics:
  kitti_dice: 0.9375376582145691
  kitti_jaccard_macro: 0.7693499207496644
  kitti_jaccard_micro: 0.9399269104003907

2024-06-19 20:11:35,987 - INFO - Validation Stats
Loss:
  total: 0.8078027566274008
Metrics:
  kitti_dice: 0.81779412428538
  kitti_jaccard_macro: 0.35479780038197833
  kitti_jaccard_micro: 0.7146235108375549

2024-06-19 20:11:35,987 - INFO - Epoch 114/120
2024-06-19 20:11:44,973 - INFO - Train Stats
Loss:
  total: 0.07905762642621994
Metrics:
  kitti_dice: 0.9403562426567078
  kitti_jaccard_macro: 0.7427741169929505
  kitti_jaccard_micro: 0.9365051865577698

2024-06-19 20:11:46,463 - INFO - Validation Stats
Loss:
  total: 0.781247079372406
Metrics:
  kitti_dice: 0.818615734577179
  kitti_jaccard_macro: 0.35901549458503723
  kitti_jaccard_micro: 0.7164003451665243

2024-06-19 20:11:46,463 - INFO - Epoch 115/120
2024-06-19 20:11:55,488 - INFO - Train Stats
Loss:
  total: 0.07852132767438888
Metrics:
  kitti_dice: 0.9399615287780761
  kitti_jaccard_macro: 0.7520111441612244
  kitti_jaccard_micro: 0.9369416475296021

2024-06-19 20:11:56,985 - INFO - Validation Stats
Loss:
  total: 0.8089951276779175
Metrics:
  kitti_dice: 0.8155008753140768
  kitti_jaccard_macro: 0.35283040006955463
  kitti_jaccard_micro: 0.7117163936297098

2024-06-19 20:11:59,613 - INFO - Epoch 116/120
2024-06-19 20:12:08,509 - INFO - Train Stats
Loss:
  total: 0.07424286454916
Metrics:
  kitti_dice: 0.9413013339042664
  kitti_jaccard_macro: 0.7593546152114868
  kitti_jaccard_micro: 0.9401407361030578

2024-06-19 20:12:09,990 - INFO - Validation Stats
Loss:
  total: 0.8162330985069275
Metrics:
  kitti_dice: 0.8163957595825195
  kitti_jaccard_macro: 0.35081395506858826
  kitti_jaccard_micro: 0.7136348088582357

2024-06-19 20:12:09,990 - INFO - Epoch 117/120
2024-06-19 20:12:18,965 - INFO - Train Stats
Loss:
  total: 0.07284615561366081
Metrics:
  kitti_dice: 0.9397726774215698
  kitti_jaccard_macro: 0.7690506458282471
  kitti_jaccard_micro: 0.9412603378295898

2024-06-19 20:12:20,463 - INFO - Validation Stats
Loss:
  total: 0.8031560579935709
Metrics:
  kitti_dice: 0.8165987928708395
  kitti_jaccard_macro: 0.35284727811813354
  kitti_jaccard_micro: 0.7128390272458395

2024-06-19 20:12:20,463 - INFO - Epoch 118/120
2024-06-19 20:12:29,433 - INFO - Train Stats
Loss:
  total: 0.07437793239951133
Metrics:
  kitti_dice: 0.9417100310325622
  kitti_jaccard_macro: 0.7671836495399476
  kitti_jaccard_micro: 0.939961564540863

2024-06-19 20:12:30,932 - INFO - Validation Stats
Loss:
  total: 0.7980125745137533
Metrics:
  kitti_dice: 0.818876306215922
  kitti_jaccard_macro: 0.33592445651690167
  kitti_jaccard_micro: 0.7168525656064352

2024-06-19 20:12:30,932 - INFO - Epoch 119/120
2024-06-19 20:12:39,942 - INFO - Train Stats
Loss:
  total: 0.08899610787630081
Metrics:
  kitti_dice: 0.9399540066719055
  kitti_jaccard_macro: 0.7631025552749634
  kitti_jaccard_micro: 0.9345900774002075

2024-06-19 20:12:41,441 - INFO - Validation Stats
Loss:
  total: 0.8083795309066772
Metrics:
  kitti_dice: 0.8132181366284689
  kitti_jaccard_macro: 0.3498171865940094
  kitti_jaccard_micro: 0.7085549831390381

2024-06-19 20:12:41,441 - INFO - Epoch 120/120
2024-06-19 20:12:50,481 - INFO - Train Stats
Loss:
  total: 0.07964227199554444
Metrics:
  kitti_dice: 0.9250745415687561
  kitti_jaccard_macro: 0.7643707752227783
  kitti_jaccard_micro: 0.9366938829421997

2024-06-19 20:12:51,984 - INFO - Validation Stats
Loss:
  total: 0.9008131821950277
Metrics:
  kitti_dice: 0.7970555027325948
  kitti_jaccard_macro: 0.33342888951301575
  kitti_jaccard_micro: 0.6848953167597452

2024-06-19 20:12:54,459 - INFO - Best validation loss: 0.5871936480204264
2024-06-19 20:12:54,890 - INFO - Best model saved to /home/up201905337/exploring-label-efficiency/weights/sl_kitti_deeplabv3_pretrained_35l.pth
2024-06-19 20:12:54,891 - INFO - Training took 1305.7135889530182 seconds to complete
