2024-06-24 16:02:41,507 - INFO - Loading configuration files...
2024-06-24 16:02:41,873 - INFO - Loading model configuration
args:
  backbone: mobilenet_v3_large
  num_classes: 20
class: DeepLabV3

2024-06-24 16:02:41,909 - INFO - Loading train_dataset configuration
args:
  num_labeled: 77
  root: /data/auto/cityscapes
  train_val_split: 2475
class: SemiSupervisedCityscapesSeg

2024-06-24 16:02:42,039 - INFO - Loading val_dataset configuration
args:
  mode: fine
  root: /data/auto/cityscapes
  train_val_split: 2475
class: CityscapesSeg

2024-06-24 16:02:42,050 - INFO - Loading optimizer configuration
args:
  lr: 0.007
  momentum: 0.9
  weight_decay: 0.0005
class: SGD

2024-06-24 16:02:42,052 - INFO - Loading loss configuration
args:
  ignore_index: 0
class: CrossEntropyLoss

2024-06-24 16:02:42,073 - INFO - Loading metrics configuration
cityscapes_dice:
  args:
    average: micro
    ignore_index: 0
    num_classes: 20
  class: Dice
cityscapes_jaccard_macro:
  args:
    average: macro
    ignore_index: 0
    num_classes: 20
    task: multiclass
    validate_args: false
  class: JaccardIndex
cityscapes_jaccard_micro:
  args:
    average: micro
    ignore_index: 0
    num_classes: 20
    task: multiclass
    validate_args: false
  class: JaccardIndex

2024-06-24 16:02:42,078 - INFO - Loading scheduler configuration
args:
  power: 0.9
  total_iters: 120
class: PolynomialLR

2024-06-24 16:02:42,078 - INFO - Loading hyperparameters configuration
batch_size: 16
ema_decay: null
epochs: 120
num_workers: 4
save_freq: 10

2024-06-24 16:02:42,436 - INFO - Using device: cuda
2024-06-24 16:02:42,783 - INFO - Training for 120 epochs
2024-06-24 16:02:42,783 - INFO - Epoch 1/120
2024-06-24 16:02:48,280 - INFO - Train Stats
Loss:
  total: 2.80566201210022
Metrics:
  cityscapes_dice: 0.24816709905862808
  cityscapes_jaccard_macro: 0.03814592286944389
  cityscapes_jaccard_micro: 0.16882335133850573

2024-06-24 16:03:12,120 - INFO - Validation Stats
Loss:
  total: 2.88928734511137
Metrics:
  cityscapes_dice: 0.4952991558238864
  cityscapes_jaccard_macro: 0.057524288655258715
  cityscapes_jaccard_micro: 0.3527937959879637

2024-06-24 16:03:13,726 - INFO - Epoch 2/120
2024-06-24 16:03:19,199 - INFO - Train Stats
Loss:
  total: 1.6692222833633423
Metrics:
  cityscapes_dice: 0.6196943163871765
  cityscapes_jaccard_macro: 0.09045003801584243
  cityscapes_jaccard_micro: 0.48789400458335874

2024-06-24 16:03:43,191 - INFO - Validation Stats
Loss:
  total: 2.290506064891815
Metrics:
  cityscapes_dice: 0.5685921311378479
  cityscapes_jaccard_macro: 0.06954652850981802
  cityscapes_jaccard_micro: 0.427582292817533

2024-06-24 16:03:44,961 - INFO - Epoch 3/120
2024-06-24 16:03:50,240 - INFO - Train Stats
Loss:
  total: 1.1185575127601624
Metrics:
  cityscapes_dice: 0.6691251873970032
  cityscapes_jaccard_macro: 0.10599763840436935
  cityscapes_jaccard_micro: 0.5417299628257751

2024-06-24 16:04:12,758 - INFO - Validation Stats
Loss:
  total: 1.4889163374900818
Metrics:
  cityscapes_dice: 0.6610348373651505
  cityscapes_jaccard_macro: 0.10666107968427241
  cityscapes_jaccard_micro: 0.5324726020917296

2024-06-24 16:04:14,226 - INFO - Epoch 4/120
2024-06-24 16:04:19,610 - INFO - Train Stats
Loss:
  total: 0.9790947914123536
Metrics:
  cityscapes_dice: 0.6998899459838868
  cityscapes_jaccard_macro: 0.12695314288139342
  cityscapes_jaccard_micro: 0.5847210884094238

2024-06-24 16:04:42,368 - INFO - Validation Stats
Loss:
  total: 1.1701908521354198
Metrics:
  cityscapes_dice: 0.7017231546342373
  cityscapes_jaccard_macro: 0.13702744361944497
  cityscapes_jaccard_micro: 0.5846617929637432

2024-06-24 16:04:43,968 - INFO - Epoch 5/120
2024-06-24 16:04:49,321 - INFO - Train Stats
Loss:
  total: 0.8203089952468872
Metrics:
  cityscapes_dice: 0.7293353796005249
  cityscapes_jaccard_macro: 0.14453254044055938
  cityscapes_jaccard_micro: 0.6250582933425903

2024-06-24 16:05:13,196 - INFO - Validation Stats
Loss:
  total: 1.0039638243615627
Metrics:
  cityscapes_dice: 0.7322966456413269
  cityscapes_jaccard_macro: 0.16458469070494175
  cityscapes_jaccard_micro: 0.6269659157842398

2024-06-24 16:05:14,800 - INFO - Epoch 6/120
2024-06-24 16:05:20,394 - INFO - Train Stats
Loss:
  total: 0.7694432020187378
Metrics:
  cityscapes_dice: 0.7543189764022827
  cityscapes_jaccard_macro: 0.1801397204399109
  cityscapes_jaccard_micro: 0.6609592080116272

2024-06-24 16:05:44,123 - INFO - Validation Stats
Loss:
  total: 0.921107042580843
Metrics:
  cityscapes_dice: 0.7271428275853395
  cityscapes_jaccard_macro: 0.1667861402966082
  cityscapes_jaccard_micro: 0.6208945270627737

2024-06-24 16:05:45,676 - INFO - Epoch 7/120
2024-06-24 16:05:51,162 - INFO - Train Stats
Loss:
  total: 0.703356945514679
Metrics:
  cityscapes_dice: 0.7678711414337158
  cityscapes_jaccard_macro: 0.20197702944278717
  cityscapes_jaccard_micro: 0.6777354598045349

2024-06-24 16:06:15,207 - INFO - Validation Stats
Loss:
  total: 0.8496343661099672
Metrics:
  cityscapes_dice: 0.7249934412539005
  cityscapes_jaccard_macro: 0.17240856820717454
  cityscapes_jaccard_micro: 0.6165467128157616

2024-06-24 16:06:16,854 - INFO - Epoch 8/120
2024-06-24 16:06:22,330 - INFO - Train Stats
Loss:
  total: 0.6455843091011048
Metrics:
  cityscapes_dice: 0.7859811305999755
  cityscapes_jaccard_macro: 0.2200777381658554
  cityscapes_jaccard_micro: 0.7046690106391906

2024-06-24 16:06:47,022 - INFO - Validation Stats
Loss:
  total: 0.7731617167592049
Metrics:
  cityscapes_dice: 0.7450890336185694
  cityscapes_jaccard_macro: 0.18911379855126143
  cityscapes_jaccard_micro: 0.6448519732803106

2024-06-24 16:06:48,340 - INFO - Epoch 9/120
2024-06-24 16:06:53,897 - INFO - Train Stats
Loss:
  total: 0.6094107866287232
Metrics:
  cityscapes_dice: 0.7951137542724609
  cityscapes_jaccard_macro: 0.22232589721679688
  cityscapes_jaccard_micro: 0.7214666604995728

2024-06-24 16:07:17,987 - INFO - Validation Stats
Loss:
  total: 0.7131441850215197
Metrics:
  cityscapes_dice: 0.7674595005810261
  cityscapes_jaccard_macro: 0.20469714840874076
  cityscapes_jaccard_micro: 0.6761991828680038

2024-06-24 16:07:20,646 - INFO - Epoch 10/120
2024-06-24 16:07:26,050 - INFO - Train Stats
Loss:
  total: 0.5835729360580444
Metrics:
  cityscapes_dice: 0.7970158576965332
  cityscapes_jaccard_macro: 0.22485024034976958
  cityscapes_jaccard_micro: 0.7252187490463257

2024-06-24 16:07:49,215 - INFO - Validation Stats
Loss:
  total: 0.6815075166523457
Metrics:
  cityscapes_dice: 0.7733898721635342
  cityscapes_jaccard_macro: 0.21155899856239557
  cityscapes_jaccard_micro: 0.6866639591753483

2024-06-24 16:07:51,911 - INFO - Epoch 11/120
2024-06-24 16:07:57,446 - INFO - Train Stats
Loss:
  total: 0.5880022525787354
Metrics:
  cityscapes_dice: 0.7970807433128357
  cityscapes_jaccard_macro: 0.22748318016529084
  cityscapes_jaccard_micro: 0.7267890095710754

2024-06-24 16:08:20,444 - INFO - Validation Stats
Loss:
  total: 0.6834407038986683
Metrics:
  cityscapes_dice: 0.7720043752342463
  cityscapes_jaccard_macro: 0.21114378003403544
  cityscapes_jaccard_micro: 0.683166854083538

2024-06-24 16:08:20,444 - INFO - Epoch 12/120
2024-06-24 16:08:25,919 - INFO - Train Stats
Loss:
  total: 0.5582716286182403
Metrics:
  cityscapes_dice: 0.8043117046356201
  cityscapes_jaccard_macro: 0.23429718613624573
  cityscapes_jaccard_micro: 0.7378448367118835

2024-06-24 16:08:49,319 - INFO - Validation Stats
Loss:
  total: 0.6578497774899006
Metrics:
  cityscapes_dice: 0.7740873694419861
  cityscapes_jaccard_macro: 0.21001611091196537
  cityscapes_jaccard_micro: 0.6852469947189093

2024-06-24 16:08:50,945 - INFO - Epoch 13/120
2024-06-24 16:08:56,422 - INFO - Train Stats
Loss:
  total: 0.5488125443458557
Metrics:
  cityscapes_dice: 0.8024274945259094
  cityscapes_jaccard_macro: 0.23502061069011687
  cityscapes_jaccard_micro: 0.7335023760795594

2024-06-24 16:09:19,697 - INFO - Validation Stats
Loss:
  total: 0.6623670794069767
Metrics:
  cityscapes_dice: 0.7710396219044924
  cityscapes_jaccard_macro: 0.210731937084347
  cityscapes_jaccard_micro: 0.6816973984241486

2024-06-24 16:09:19,697 - INFO - Epoch 14/120
2024-06-24 16:09:25,340 - INFO - Train Stats
Loss:
  total: 0.5490738213062286
Metrics:
  cityscapes_dice: 0.8037616372108459
  cityscapes_jaccard_macro: 0.23268989026546477
  cityscapes_jaccard_micro: 0.7360359787940979

2024-06-24 16:09:48,948 - INFO - Validation Stats
Loss:
  total: 0.6606563646346331
Metrics:
  cityscapes_dice: 0.7703929618000984
  cityscapes_jaccard_macro: 0.2112028133124113
  cityscapes_jaccard_micro: 0.6811121013015509

2024-06-24 16:09:48,948 - INFO - Epoch 15/120
2024-06-24 16:09:54,507 - INFO - Train Stats
Loss:
  total: 0.5001792967319488
Metrics:
  cityscapes_dice: 0.8163434982299804
  cityscapes_jaccard_macro: 0.24275951385498046
  cityscapes_jaccard_micro: 0.7572060227394104

2024-06-24 16:10:18,058 - INFO - Validation Stats
Loss:
  total: 0.6329522840678692
Metrics:
  cityscapes_dice: 0.779192078858614
  cityscapes_jaccard_macro: 0.21452736528590322
  cityscapes_jaccard_micro: 0.6943795774132013

2024-06-24 16:10:19,587 - INFO - Epoch 16/120
2024-06-24 16:10:25,301 - INFO - Train Stats
Loss:
  total: 0.5066275477409363
Metrics:
  cityscapes_dice: 0.8145090818405152
  cityscapes_jaccard_macro: 0.25266232788562776
  cityscapes_jaccard_micro: 0.7526436567306518

2024-06-24 16:10:49,692 - INFO - Validation Stats
Loss:
  total: 0.6140996171161532
Metrics:
  cityscapes_dice: 0.784484414383769
  cityscapes_jaccard_macro: 0.22446563700214028
  cityscapes_jaccard_micro: 0.7025222983211279

2024-06-24 16:10:51,242 - INFO - Epoch 17/120
2024-06-24 16:10:56,861 - INFO - Train Stats
Loss:
  total: 0.5033843338489532
Metrics:
  cityscapes_dice: 0.8152651786804199
  cityscapes_jaccard_macro: 0.2558792531490326
  cityscapes_jaccard_micro: 0.7560291051864624

2024-06-24 16:11:20,677 - INFO - Validation Stats
Loss:
  total: 0.5968813598155975
Metrics:
  cityscapes_dice: 0.79163533821702
  cityscapes_jaccard_macro: 0.22827506018802524
  cityscapes_jaccard_micro: 0.7116895858198404

2024-06-24 16:11:22,102 - INFO - Epoch 18/120
2024-06-24 16:11:27,723 - INFO - Train Stats
Loss:
  total: 0.4659692466259003
Metrics:
  cityscapes_dice: 0.8245558857917785
  cityscapes_jaccard_macro: 0.2618777990341187
  cityscapes_jaccard_micro: 0.7692973732948303

2024-06-24 16:11:50,797 - INFO - Validation Stats
Loss:
  total: 0.577425436116755
Metrics:
  cityscapes_dice: 0.797008203342557
  cityscapes_jaccard_macro: 0.22854221984744072
  cityscapes_jaccard_micro: 0.7220773790031672

2024-06-24 16:11:52,326 - INFO - Epoch 19/120
2024-06-24 16:11:57,964 - INFO - Train Stats
Loss:
  total: 0.49942349791526797
Metrics:
  cityscapes_dice: 0.8171013593673706
  cityscapes_jaccard_macro: 0.2673148661851883
  cityscapes_jaccard_micro: 0.7515212297439575

2024-06-24 16:12:21,716 - INFO - Validation Stats
Loss:
  total: 0.5792639395222068
Metrics:
  cityscapes_dice: 0.7963248174637556
  cityscapes_jaccard_macro: 0.2342722024768591
  cityscapes_jaccard_micro: 0.7201283238828182

2024-06-24 16:12:21,716 - INFO - Epoch 20/120
2024-06-24 16:12:27,894 - INFO - Train Stats
Loss:
  total: 0.47663807272911074
Metrics:
  cityscapes_dice: 0.8211508870124817
  cityscapes_jaccard_macro: 0.2632489323616028
  cityscapes_jaccard_micro: 0.7625347375869751

2024-06-24 16:12:51,827 - INFO - Validation Stats
Loss:
  total: 0.5720948483794928
Metrics:
  cityscapes_dice: 0.7975913714617491
  cityscapes_jaccard_macro: 0.23561583226546645
  cityscapes_jaccard_micro: 0.721831489354372

2024-06-24 16:12:55,021 - INFO - Epoch 21/120
2024-06-24 16:13:00,603 - INFO - Train Stats
Loss:
  total: 0.45966394543647765
Metrics:
  cityscapes_dice: 0.8257784485816956
  cityscapes_jaccard_macro: 0.2717653393745422
  cityscapes_jaccard_micro: 0.772527277469635

2024-06-24 16:13:24,427 - INFO - Validation Stats
Loss:
  total: 0.5650538550689816
Metrics:
  cityscapes_dice: 0.7974887583404779
  cityscapes_jaccard_macro: 0.23739898670464754
  cityscapes_jaccard_micro: 0.7235642224550247

2024-06-24 16:13:25,963 - INFO - Epoch 22/120
2024-06-24 16:13:31,669 - INFO - Train Stats
Loss:
  total: 0.4801336109638214
Metrics:
  cityscapes_dice: 0.8168646335601807
  cityscapes_jaccard_macro: 0.2609649211168289
  cityscapes_jaccard_micro: 0.7586803317070008

2024-06-24 16:13:55,518 - INFO - Validation Stats
Loss:
  total: 0.5382074527442455
Metrics:
  cityscapes_dice: 0.8068448957055807
  cityscapes_jaccard_macro: 0.24185074167326093
  cityscapes_jaccard_micro: 0.735766239464283

2024-06-24 16:13:57,044 - INFO - Epoch 23/120
2024-06-24 16:14:02,640 - INFO - Train Stats
Loss:
  total: 0.4440279722213745
Metrics:
  cityscapes_dice: 0.8298064947128296
  cityscapes_jaccard_macro: 0.2651961386203766
  cityscapes_jaccard_micro: 0.7765532493591308

2024-06-24 16:14:26,311 - INFO - Validation Stats
Loss:
  total: 0.5531413909047842
Metrics:
  cityscapes_dice: 0.8021083474159241
  cityscapes_jaccard_macro: 0.24335774360224605
  cityscapes_jaccard_micro: 0.7287670616060495

2024-06-24 16:14:26,312 - INFO - Epoch 24/120
2024-06-24 16:14:31,799 - INFO - Train Stats
Loss:
  total: 0.4831525802612305
Metrics:
  cityscapes_dice: 0.8162119150161743
  cityscapes_jaccard_macro: 0.2653395891189575
  cityscapes_jaccard_micro: 0.7532104849815369

2024-06-24 16:14:56,189 - INFO - Validation Stats
Loss:
  total: 0.5345471687614918
Metrics:
  cityscapes_dice: 0.8050376903265715
  cityscapes_jaccard_macro: 0.24775520246475935
  cityscapes_jaccard_micro: 0.735150620341301

2024-06-24 16:14:57,679 - INFO - Epoch 25/120
2024-06-24 16:15:03,223 - INFO - Train Stats
Loss:
  total: 0.42533730864524844
Metrics:
  cityscapes_dice: 0.8289343833923339
  cityscapes_jaccard_macro: 0.2873846173286438
  cityscapes_jaccard_micro: 0.7810707211494445

2024-06-24 16:15:26,341 - INFO - Validation Stats
Loss:
  total: 0.5382937956601381
Metrics:
  cityscapes_dice: 0.8049467094242573
  cityscapes_jaccard_macro: 0.25338831590488553
  cityscapes_jaccard_micro: 0.7333448156714439

2024-06-24 16:15:26,341 - INFO - Epoch 26/120
2024-06-24 16:15:32,046 - INFO - Train Stats
Loss:
  total: 0.4463771104812622
Metrics:
  cityscapes_dice: 0.8271484971046448
  cityscapes_jaccard_macro: 0.2792690575122833
  cityscapes_jaccard_micro: 0.7704758882522583

2024-06-24 16:15:56,047 - INFO - Validation Stats
Loss:
  total: 0.5228453064337373
Metrics:
  cityscapes_dice: 0.8107530735433102
  cityscapes_jaccard_macro: 0.2532071745954454
  cityscapes_jaccard_micro: 0.7416368778795004

2024-06-24 16:15:57,639 - INFO - Epoch 27/120
2024-06-24 16:16:03,261 - INFO - Train Stats
Loss:
  total: 0.4310362935066223
Metrics:
  cityscapes_dice: 0.8319453120231628
  cityscapes_jaccard_macro: 0.2824119508266449
  cityscapes_jaccard_micro: 0.7803214073181153

2024-06-24 16:16:27,332 - INFO - Validation Stats
Loss:
  total: 0.5163037786260247
Metrics:
  cityscapes_dice: 0.8132368214428425
  cityscapes_jaccard_macro: 0.25337179098278284
  cityscapes_jaccard_micro: 0.7455446757376194

2024-06-24 16:16:28,927 - INFO - Epoch 28/120
2024-06-24 16:16:34,422 - INFO - Train Stats
Loss:
  total: 0.43038939833641054
Metrics:
  cityscapes_dice: 0.8314254403114318
  cityscapes_jaccard_macro: 0.27568941116333007
  cityscapes_jaccard_micro: 0.7826409697532654

2024-06-24 16:16:58,132 - INFO - Validation Stats
Loss:
  total: 0.5262057650834322
Metrics:
  cityscapes_dice: 0.8072132989764214
  cityscapes_jaccard_macro: 0.25492544611915946
  cityscapes_jaccard_micro: 0.7385432701557875

2024-06-24 16:16:58,132 - INFO - Epoch 29/120
2024-06-24 16:17:03,694 - INFO - Train Stats
Loss:
  total: 0.4117801785469055
Metrics:
  cityscapes_dice: 0.8374367237091065
  cityscapes_jaccard_macro: 0.28573381900787354
  cityscapes_jaccard_micro: 0.7867306232452392

2024-06-24 16:17:27,508 - INFO - Validation Stats
Loss:
  total: 0.5169301126152277
Metrics:
  cityscapes_dice: 0.8113063909113407
  cityscapes_jaccard_macro: 0.25919503811746836
  cityscapes_jaccard_micro: 0.7439947072416544

2024-06-24 16:17:27,508 - INFO - Epoch 30/120
2024-06-24 16:17:33,107 - INFO - Train Stats
Loss:
  total: 0.4238490521907806
Metrics:
  cityscapes_dice: 0.8328964710235596
  cityscapes_jaccard_macro: 0.28973300457000734
  cityscapes_jaccard_micro: 0.7826069474220276

2024-06-24 16:17:57,273 - INFO - Validation Stats
Loss:
  total: 0.5004556346684694
Metrics:
  cityscapes_dice: 0.8148554116487503
  cityscapes_jaccard_macro: 0.2645623688586056
  cityscapes_jaccard_micro: 0.7486409340053797

2024-06-24 16:18:00,420 - INFO - Epoch 31/120
2024-06-24 16:18:06,092 - INFO - Train Stats
Loss:
  total: 0.3974330544471741
Metrics:
  cityscapes_dice: 0.8391778826713562
  cityscapes_jaccard_macro: 0.2862918019294739
  cityscapes_jaccard_micro: 0.792203402519226

2024-06-24 16:18:30,338 - INFO - Validation Stats
Loss:
  total: 0.5017069038003683
Metrics:
  cityscapes_dice: 0.8148490469902754
  cityscapes_jaccard_macro: 0.2649589111097157
  cityscapes_jaccard_micro: 0.74896633438766

2024-06-24 16:18:30,338 - INFO - Epoch 32/120
2024-06-24 16:18:35,815 - INFO - Train Stats
Loss:
  total: 0.41609171628952024
Metrics:
  cityscapes_dice: 0.8319160103797912
  cityscapes_jaccard_macro: 0.2969244599342346
  cityscapes_jaccard_micro: 0.783500862121582

2024-06-24 16:18:59,530 - INFO - Validation Stats
Loss:
  total: 0.5026255743578076
Metrics:
  cityscapes_dice: 0.813416002318263
  cityscapes_jaccard_macro: 0.2652898579835892
  cityscapes_jaccard_micro: 0.7475166190415621

2024-06-24 16:18:59,530 - INFO - Epoch 33/120
2024-06-24 16:19:05,083 - INFO - Train Stats
Loss:
  total: 0.4017046928405762
Metrics:
  cityscapes_dice: 0.8399000883102417
  cityscapes_jaccard_macro: 0.28669293522834777
  cityscapes_jaccard_micro: 0.7902214288711548

2024-06-24 16:19:29,395 - INFO - Validation Stats
Loss:
  total: 0.4944612802937627
Metrics:
  cityscapes_dice: 0.8142766505479813
  cityscapes_jaccard_macro: 0.26525589218363166
  cityscapes_jaccard_micro: 0.751177242025733

2024-06-24 16:19:30,951 - INFO - Epoch 34/120
2024-06-24 16:19:36,648 - INFO - Train Stats
Loss:
  total: 0.38833964467048643
Metrics:
  cityscapes_dice: 0.8393513679504394
  cityscapes_jaccard_macro: 0.2970293700695038
  cityscapes_jaccard_micro: 0.7946318507194519

2024-06-24 16:20:00,899 - INFO - Validation Stats
Loss:
  total: 0.49989283364266157
Metrics:
  cityscapes_dice: 0.8145353998988867
  cityscapes_jaccard_macro: 0.2620309214107692
  cityscapes_jaccard_micro: 0.7494089845567942

2024-06-24 16:20:00,899 - INFO - Epoch 35/120
2024-06-24 16:20:06,494 - INFO - Train Stats
Loss:
  total: 0.4016943991184235
Metrics:
  cityscapes_dice: 0.8385129332542419
  cityscapes_jaccard_macro: 0.2907620221376419
  cityscapes_jaccard_micro: 0.7889606595039368

2024-06-24 16:20:29,808 - INFO - Validation Stats
Loss:
  total: 0.5075438031926751
Metrics:
  cityscapes_dice: 0.8112698942422867
  cityscapes_jaccard_macro: 0.26734204310923815
  cityscapes_jaccard_micro: 0.7451219838112593

2024-06-24 16:20:29,808 - INFO - Epoch 36/120
2024-06-24 16:20:35,579 - INFO - Train Stats
Loss:
  total: 0.40997704267501833
Metrics:
  cityscapes_dice: 0.8346251964569091
  cityscapes_jaccard_macro: 0.31390596032142637
  cityscapes_jaccard_micro: 0.7860550999641418

2024-06-24 16:20:58,890 - INFO - Validation Stats
Loss:
  total: 0.49524982646107674
Metrics:
  cityscapes_dice: 0.8156921286135912
  cityscapes_jaccard_macro: 0.27014537481591105
  cityscapes_jaccard_micro: 0.750445106998086

2024-06-24 16:20:58,891 - INFO - Epoch 37/120
2024-06-24 16:21:04,536 - INFO - Train Stats
Loss:
  total: 0.40896740555763245
Metrics:
  cityscapes_dice: 0.8388940453529358
  cityscapes_jaccard_macro: 0.29777408242225645
  cityscapes_jaccard_micro: 0.7887533903121948

2024-06-24 16:21:28,500 - INFO - Validation Stats
Loss:
  total: 0.4868185883387923
Metrics:
  cityscapes_dice: 0.8195805344730616
  cityscapes_jaccard_macro: 0.27398659521713853
  cityscapes_jaccard_micro: 0.7549524866044521

2024-06-24 16:21:30,099 - INFO - Epoch 38/120
2024-06-24 16:21:35,561 - INFO - Train Stats
Loss:
  total: 0.40432040095329286
Metrics:
  cityscapes_dice: 0.83563791513443
  cityscapes_jaccard_macro: 0.31110645532608033
  cityscapes_jaccard_micro: 0.7882868528366089

2024-06-24 16:21:59,634 - INFO - Validation Stats
Loss:
  total: 0.4834621250629425
Metrics:
  cityscapes_dice: 0.8202533144503832
  cityscapes_jaccard_macro: 0.2720399093814194
  cityscapes_jaccard_micro: 0.7566452007740736

2024-06-24 16:22:01,287 - INFO - Epoch 39/120
2024-06-24 16:22:07,027 - INFO - Train Stats
Loss:
  total: 0.3845498740673065
Metrics:
  cityscapes_dice: 0.8387973546981812
  cityscapes_jaccard_macro: 0.30490326285362246
  cityscapes_jaccard_micro: 0.7968104481697083

2024-06-24 16:22:31,119 - INFO - Validation Stats
Loss:
  total: 0.48279979452490807
Metrics:
  cityscapes_dice: 0.8187791053205729
  cityscapes_jaccard_macro: 0.2738690162077546
  cityscapes_jaccard_micro: 0.7564313896000385

2024-06-24 16:22:32,832 - INFO - Epoch 40/120
2024-06-24 16:22:38,438 - INFO - Train Stats
Loss:
  total: 0.38043526411056516
Metrics:
  cityscapes_dice: 0.8411835670471192
  cityscapes_jaccard_macro: 0.3117614984512329
  cityscapes_jaccard_micro: 0.7977772116661072

2024-06-24 16:23:02,595 - INFO - Validation Stats
Loss:
  total: 0.49019687063992023
Metrics:
  cityscapes_dice: 0.8179995752871037
  cityscapes_jaccard_macro: 0.27474863454699516
  cityscapes_jaccard_micro: 0.7550529967993498

2024-06-24 16:23:04,384 - INFO - Epoch 41/120
2024-06-24 16:23:10,081 - INFO - Train Stats
Loss:
  total: 0.37395758032798765
Metrics:
  cityscapes_dice: 0.8420637726783753
  cityscapes_jaccard_macro: 0.30843119621276854
  cityscapes_jaccard_micro: 0.7998749613761902

2024-06-24 16:23:34,147 - INFO - Validation Stats
Loss:
  total: 0.4763773875311017
Metrics:
  cityscapes_dice: 0.820204846560955
  cityscapes_jaccard_macro: 0.27283452451229095
  cityscapes_jaccard_micro: 0.7588995806872845

2024-06-24 16:23:35,748 - INFO - Epoch 42/120
2024-06-24 16:23:41,333 - INFO - Train Stats
Loss:
  total: 0.3671312630176544
Metrics:
  cityscapes_dice: 0.8455457925796509
  cityscapes_jaccard_macro: 0.3229347884654999
  cityscapes_jaccard_micro: 0.8042560577392578

2024-06-24 16:24:05,040 - INFO - Validation Stats
Loss:
  total: 0.4870446529239416
Metrics:
  cityscapes_dice: 0.8167435377836227
  cityscapes_jaccard_macro: 0.27611189521849155
  cityscapes_jaccard_micro: 0.753509845584631

2024-06-24 16:24:05,041 - INFO - Epoch 43/120
2024-06-24 16:24:10,558 - INFO - Train Stats
Loss:
  total: 0.38728561997413635
Metrics:
  cityscapes_dice: 0.8397270560264587
  cityscapes_jaccard_macro: 0.3090711712837219
  cityscapes_jaccard_micro: 0.7969305396080018

2024-06-24 16:24:34,742 - INFO - Validation Stats
Loss:
  total: 0.47403011471033096
Metrics:
  cityscapes_dice: 0.8203900922089815
  cityscapes_jaccard_macro: 0.27896624989807606
  cityscapes_jaccard_micro: 0.758735490962863

2024-06-24 16:24:36,273 - INFO - Epoch 44/120
2024-06-24 16:24:41,886 - INFO - Train Stats
Loss:
  total: 0.37413617968559265
Metrics:
  cityscapes_dice: 0.8400233745574951
  cityscapes_jaccard_macro: 0.31099033951759336
  cityscapes_jaccard_micro: 0.8001985073089599

2024-06-24 16:25:05,766 - INFO - Validation Stats
Loss:
  total: 0.4713880931958556
Metrics:
  cityscapes_dice: 0.8220596220344305
  cityscapes_jaccard_macro: 0.28043392207473516
  cityscapes_jaccard_micro: 0.7606415953487158

2024-06-24 16:25:07,230 - INFO - Epoch 45/120
2024-06-24 16:25:12,805 - INFO - Train Stats
Loss:
  total: 0.3721739649772644
Metrics:
  cityscapes_dice: 0.8442119240760804
  cityscapes_jaccard_macro: 0.32427082061767576
  cityscapes_jaccard_micro: 0.8028900504112244

2024-06-24 16:25:36,952 - INFO - Validation Stats
Loss:
  total: 0.47241419926285744
Metrics:
  cityscapes_dice: 0.820342106744647
  cityscapes_jaccard_macro: 0.27808115584775805
  cityscapes_jaccard_micro: 0.7607993129640818

2024-06-24 16:25:36,952 - INFO - Epoch 46/120
2024-06-24 16:25:42,645 - INFO - Train Stats
Loss:
  total: 0.3777482271194458
Metrics:
  cityscapes_dice: 0.8420850992202759
  cityscapes_jaccard_macro: 0.32138957977294924
  cityscapes_jaccard_micro: 0.8011616826057434

2024-06-24 16:26:06,893 - INFO - Validation Stats
Loss:
  total: 0.4738540193066001
Metrics:
  cityscapes_dice: 0.8211454004049301
  cityscapes_jaccard_macro: 0.27665152586996555
  cityscapes_jaccard_micro: 0.7600107323378325

2024-06-24 16:26:06,893 - INFO - Epoch 47/120
2024-06-24 16:26:12,572 - INFO - Train Stats
Loss:
  total: 0.37466704845428467
Metrics:
  cityscapes_dice: 0.8428449153900146
  cityscapes_jaccard_macro: 0.31873502731323244
  cityscapes_jaccard_micro: 0.8000826954841613

2024-06-24 16:26:36,275 - INFO - Validation Stats
Loss:
  total: 0.4674382098019123
Metrics:
  cityscapes_dice: 0.8220667727291584
  cityscapes_jaccard_macro: 0.28018946573138237
  cityscapes_jaccard_micro: 0.7609540671110153

2024-06-24 16:26:37,819 - INFO - Epoch 48/120
2024-06-24 16:26:43,356 - INFO - Train Stats
Loss:
  total: 0.37498886585235597
Metrics:
  cityscapes_dice: 0.8408168911933899
  cityscapes_jaccard_macro: 0.3254005193710327
  cityscapes_jaccard_micro: 0.7982565522193908

2024-06-24 16:27:07,555 - INFO - Validation Stats
Loss:
  total: 0.4665835499763489
Metrics:
  cityscapes_dice: 0.8230713848024607
  cityscapes_jaccard_macro: 0.28205100167542696
  cityscapes_jaccard_micro: 0.7622444815933704

2024-06-24 16:27:09,149 - INFO - Epoch 49/120
2024-06-24 16:27:14,926 - INFO - Train Stats
Loss:
  total: 0.3910187065601349
Metrics:
  cityscapes_dice: 0.8350042223930358
  cityscapes_jaccard_macro: 0.3128182590007782
  cityscapes_jaccard_micro: 0.7920194864273071

2024-06-24 16:27:40,048 - INFO - Validation Stats
Loss:
  total: 0.4544497337192297
Metrics:
  cityscapes_dice: 0.8265484794974327
  cityscapes_jaccard_macro: 0.28934636851772666
  cityscapes_jaccard_micro: 0.7671167925000191

2024-06-24 16:27:41,529 - INFO - Epoch 50/120
2024-06-24 16:27:47,057 - INFO - Train Stats
Loss:
  total: 0.37836909890174864
Metrics:
  cityscapes_dice: 0.8404400467872619
  cityscapes_jaccard_macro: 0.3394809067249298
  cityscapes_jaccard_micro: 0.7960048675537109

2024-06-24 16:28:11,365 - INFO - Validation Stats
Loss:
  total: 0.47415515687316656
Metrics:
  cityscapes_dice: 0.8190777990967035
  cityscapes_jaccard_macro: 0.2886872421950102
  cityscapes_jaccard_micro: 0.7571914084255695

2024-06-24 16:28:12,913 - INFO - Epoch 51/120
2024-06-24 16:28:18,622 - INFO - Train Stats
Loss:
  total: 0.34235909581184387
Metrics:
  cityscapes_dice: 0.8512965679168701
  cityscapes_jaccard_macro: 0.34843817353248596
  cityscapes_jaccard_micro: 0.8149080276489258

2024-06-24 16:28:41,933 - INFO - Validation Stats
Loss:
  total: 0.4695560447871685
Metrics:
  cityscapes_dice: 0.8214089293032885
  cityscapes_jaccard_macro: 0.2848608046770096
  cityscapes_jaccard_micro: 0.76076222024858

2024-06-24 16:28:41,933 - INFO - Epoch 52/120
2024-06-24 16:28:47,460 - INFO - Train Stats
Loss:
  total: 0.37772698402404786
Metrics:
  cityscapes_dice: 0.8381999373435974
  cityscapes_jaccard_macro: 0.34399070143699645
  cityscapes_jaccard_micro: 0.7965777158737183

2024-06-24 16:29:11,597 - INFO - Validation Stats
Loss:
  total: 0.4730451153591275
Metrics:
  cityscapes_dice: 0.820476857945323
  cityscapes_jaccard_macro: 0.2865414172410965
  cityscapes_jaccard_micro: 0.7601157054305077

2024-06-24 16:29:11,597 - INFO - Epoch 53/120
2024-06-24 16:29:17,248 - INFO - Train Stats
Loss:
  total: 0.3772416114807129
Metrics:
  cityscapes_dice: 0.8426279902458191
  cityscapes_jaccard_macro: 0.3580166339874268
  cityscapes_jaccard_micro: 0.8005400419235229

2024-06-24 16:29:41,344 - INFO - Validation Stats
Loss:
  total: 0.46094055008143187
Metrics:
  cityscapes_dice: 0.8254434689879417
  cityscapes_jaccard_macro: 0.2966001546010375
  cityscapes_jaccard_micro: 0.7655223589390516

2024-06-24 16:29:41,344 - INFO - Epoch 54/120
2024-06-24 16:29:47,037 - INFO - Train Stats
Loss:
  total: 0.35257187485694885
Metrics:
  cityscapes_dice: 0.8486433386802673
  cityscapes_jaccard_macro: 0.3521609127521515
  cityscapes_jaccard_micro: 0.8126589536666871

2024-06-24 16:30:11,366 - INFO - Validation Stats
Loss:
  total: 0.4613059014081955
Metrics:
  cityscapes_dice: 0.824714669957757
  cityscapes_jaccard_macro: 0.29227046901360154
  cityscapes_jaccard_micro: 0.7646292168647051

2024-06-24 16:30:11,366 - INFO - Epoch 55/120
2024-06-24 16:30:16,984 - INFO - Train Stats
Loss:
  total: 0.35906357765197755
Metrics:
  cityscapes_dice: 0.8481090068817139
  cityscapes_jaccard_macro: 0.3228140532970428
  cityscapes_jaccard_micro: 0.8088723540306091

2024-06-24 16:30:41,392 - INFO - Validation Stats
Loss:
  total: 0.4559025941416621
Metrics:
  cityscapes_dice: 0.825062308460474
  cityscapes_jaccard_macro: 0.2952769757248461
  cityscapes_jaccard_micro: 0.7656421903520823

2024-06-24 16:30:41,392 - INFO - Epoch 56/120
2024-06-24 16:30:47,013 - INFO - Train Stats
Loss:
  total: 0.34384185671806333
Metrics:
  cityscapes_dice: 0.8525226235389709
  cityscapes_jaccard_macro: 0.3352171301841736
  cityscapes_jaccard_micro: 0.8157716155052185

2024-06-24 16:31:11,162 - INFO - Validation Stats
Loss:
  total: 0.4613463981077075
Metrics:
  cityscapes_dice: 0.8233017008751631
  cityscapes_jaccard_macro: 0.2933412496931851
  cityscapes_jaccard_micro: 0.764066256582737

2024-06-24 16:31:11,162 - INFO - Epoch 57/120
2024-06-24 16:31:16,987 - INFO - Train Stats
Loss:
  total: 0.3473925948143005
Metrics:
  cityscapes_dice: 0.8531774401664733
  cityscapes_jaccard_macro: 0.3334888815879822
  cityscapes_jaccard_micro: 0.8135182380676269

2024-06-24 16:31:41,328 - INFO - Validation Stats
Loss:
  total: 0.4667928731068969
Metrics:
  cityscapes_dice: 0.8246902953833342
  cityscapes_jaccard_macro: 0.2930014515295625
  cityscapes_jaccard_micro: 0.764425478875637

2024-06-24 16:31:41,328 - INFO - Epoch 58/120
2024-06-24 16:31:46,856 - INFO - Train Stats
Loss:
  total: 0.3579579293727875
Metrics:
  cityscapes_dice: 0.8464734315872192
  cityscapes_jaccard_macro: 0.3453167676925659
  cityscapes_jaccard_micro: 0.8058978915214539

2024-06-24 16:32:10,245 - INFO - Validation Stats
Loss:
  total: 0.4606719734147191
Metrics:
  cityscapes_dice: 0.82249547354877
  cityscapes_jaccard_macro: 0.3002772070467472
  cityscapes_jaccard_micro: 0.7638473641127348

2024-06-24 16:32:10,245 - INFO - Epoch 59/120
2024-06-24 16:32:16,081 - INFO - Train Stats
Loss:
  total: 0.35074623823165896
Metrics:
  cityscapes_dice: 0.850344467163086
  cityscapes_jaccard_macro: 0.33444141745567324
  cityscapes_jaccard_micro: 0.8127518415451049

2024-06-24 16:32:40,338 - INFO - Validation Stats
Loss:
  total: 0.4615202443674207
Metrics:
  cityscapes_dice: 0.8222523704171181
  cityscapes_jaccard_macro: 0.2941514104604721
  cityscapes_jaccard_micro: 0.7637625765055418

2024-06-24 16:32:40,338 - INFO - Epoch 60/120
2024-06-24 16:32:46,033 - INFO - Train Stats
Loss:
  total: 0.36673794984817504
Metrics:
  cityscapes_dice: 0.8451655626296997
  cityscapes_jaccard_macro: 0.3536635935306549
  cityscapes_jaccard_micro: 0.8022771954536438

2024-06-24 16:33:14,341 - INFO - Validation Stats
Loss:
  total: 0.45877034217119217
Metrics:
  cityscapes_dice: 0.8238980136811733
  cityscapes_jaccard_macro: 0.2948907408863306
  cityscapes_jaccard_micro: 0.7647211141884327

2024-06-24 16:33:15,915 - INFO - Epoch 61/120
2024-06-24 16:33:21,394 - INFO - Train Stats
Loss:
  total: 0.34182361960411073
Metrics:
  cityscapes_dice: 0.8548490643501282
  cityscapes_jaccard_macro: 0.3626207113265991
  cityscapes_jaccard_micro: 0.8163706302642822

2024-06-24 16:33:45,769 - INFO - Validation Stats
Loss:
  total: 0.45535322185605764
Metrics:
  cityscapes_dice: 0.8245941922068596
  cityscapes_jaccard_macro: 0.29625097569078207
  cityscapes_jaccard_micro: 0.7657925840467215

2024-06-24 16:33:45,769 - INFO - Epoch 62/120
2024-06-24 16:33:51,246 - INFO - Train Stats
Loss:
  total: 0.338732647895813
Metrics:
  cityscapes_dice: 0.8543495893478393
  cityscapes_jaccard_macro: 0.3735771834850311
  cityscapes_jaccard_micro: 0.8190288305282593

2024-06-24 16:34:15,987 - INFO - Validation Stats
Loss:
  total: 0.4422680176794529
Metrics:
  cityscapes_dice: 0.8288453202694654
  cityscapes_jaccard_macro: 0.2989301197230816
  cityscapes_jaccard_micro: 0.7724592238664627

2024-06-24 16:34:17,525 - INFO - Epoch 63/120
2024-06-24 16:34:23,150 - INFO - Train Stats
Loss:
  total: 0.3400851100683212
Metrics:
  cityscapes_dice: 0.8543829202651978
  cityscapes_jaccard_macro: 0.3417281687259674
  cityscapes_jaccard_micro: 0.8147062063217163

2024-06-24 16:34:46,881 - INFO - Validation Stats
Loss:
  total: 0.4447881914675236
Metrics:
  cityscapes_dice: 0.826429720968008
  cityscapes_jaccard_macro: 0.30410513281822205
  cityscapes_jaccard_micro: 0.7709447704255581

2024-06-24 16:34:46,881 - INFO - Epoch 64/120
2024-06-24 16:34:52,591 - INFO - Train Stats
Loss:
  total: 0.33118889927864076
Metrics:
  cityscapes_dice: 0.8563541293144226
  cityscapes_jaccard_macro: 0.3481161296367645
  cityscapes_jaccard_micro: 0.8191155672073365

2024-06-24 16:35:17,124 - INFO - Validation Stats
Loss:
  total: 0.4559288825839758
Metrics:
  cityscapes_dice: 0.8223513122648001
  cityscapes_jaccard_macro: 0.2960023246705532
  cityscapes_jaccard_micro: 0.7648215536028147

2024-06-24 16:35:17,124 - INFO - Epoch 65/120
2024-06-24 16:35:22,859 - INFO - Train Stats
Loss:
  total: 0.33819655179977415
Metrics:
  cityscapes_dice: 0.8563071846961975
  cityscapes_jaccard_macro: 0.3568232536315918
  cityscapes_jaccard_micro: 0.8143248081207275

2024-06-24 16:35:46,951 - INFO - Validation Stats
Loss:
  total: 0.46273028664290905
Metrics:
  cityscapes_dice: 0.8221777398139238
  cityscapes_jaccard_macro: 0.30151117593050003
  cityscapes_jaccard_micro: 0.7624987959861755

2024-06-24 16:35:46,951 - INFO - Epoch 66/120
2024-06-24 16:35:52,610 - INFO - Train Stats
Loss:
  total: 0.3354226231575012
Metrics:
  cityscapes_dice: 0.8544699311256408
  cityscapes_jaccard_macro: 0.348062789440155
  cityscapes_jaccard_micro: 0.8178545832633972

2024-06-24 16:36:16,293 - INFO - Validation Stats
Loss:
  total: 0.44921955838799477
Metrics:
  cityscapes_dice: 0.8267441000789404
  cityscapes_jaccard_macro: 0.3030311353504658
  cityscapes_jaccard_micro: 0.767743244767189

2024-06-24 16:36:16,293 - INFO - Epoch 67/120
2024-06-24 16:36:21,779 - INFO - Train Stats
Loss:
  total: 0.3534866750240326
Metrics:
  cityscapes_dice: 0.8468202114105224
  cityscapes_jaccard_macro: 0.3698515176773071
  cityscapes_jaccard_micro: 0.8084380745887756

2024-06-24 16:36:45,995 - INFO - Validation Stats
Loss:
  total: 0.4428936615586281
Metrics:
  cityscapes_dice: 0.826572198420763
  cityscapes_jaccard_macro: 0.30026432778686285
  cityscapes_jaccard_micro: 0.7711381893604994

2024-06-24 16:36:45,995 - INFO - Epoch 68/120
2024-06-24 16:36:51,711 - INFO - Train Stats
Loss:
  total: 0.3456228196620941
Metrics:
  cityscapes_dice: 0.8525789976119995
  cityscapes_jaccard_macro: 0.37617710828781126
  cityscapes_jaccard_micro: 0.8145127534866333

2024-06-24 16:37:15,781 - INFO - Validation Stats
Loss:
  total: 0.44781933911144733
Metrics:
  cityscapes_dice: 0.8258792795240879
  cityscapes_jaccard_macro: 0.3041888913139701
  cityscapes_jaccard_micro: 0.7680239789187908

2024-06-24 16:37:15,782 - INFO - Epoch 69/120
2024-06-24 16:37:21,391 - INFO - Train Stats
Loss:
  total: 0.34667125940322874
Metrics:
  cityscapes_dice: 0.8515672206878662
  cityscapes_jaccard_macro: 0.34603826999664306
  cityscapes_jaccard_micro: 0.8134648919105529

2024-06-24 16:37:45,082 - INFO - Validation Stats
Loss:
  total: 0.4468559939414263
Metrics:
  cityscapes_dice: 0.8276901412755251
  cityscapes_jaccard_macro: 0.3015800854191184
  cityscapes_jaccard_micro: 0.7693712394684553

2024-06-24 16:37:45,082 - INFO - Epoch 70/120
2024-06-24 16:37:50,881 - INFO - Train Stats
Loss:
  total: 0.3302618503570557
Metrics:
  cityscapes_dice: 0.8564146041870118
  cityscapes_jaccard_macro: 0.35437801480293274
  cityscapes_jaccard_micro: 0.8198818683624267

2024-06-24 16:38:14,569 - INFO - Validation Stats
Loss:
  total: 0.457442625425756
Metrics:
  cityscapes_dice: 0.8244697973132133
  cityscapes_jaccard_macro: 0.30640476290136576
  cityscapes_jaccard_micro: 0.7637343425303698

2024-06-24 16:38:16,054 - INFO - Epoch 71/120
2024-06-24 16:38:21,611 - INFO - Train Stats
Loss:
  total: 0.34415448904037477
Metrics:
  cityscapes_dice: 0.8497801184654236
  cityscapes_jaccard_macro: 0.382003116607666
  cityscapes_jaccard_micro: 0.8127480506896972

2024-06-24 16:38:46,793 - INFO - Validation Stats
Loss:
  total: 0.44934870302677155
Metrics:
  cityscapes_dice: 0.8263414110988379
  cityscapes_jaccard_macro: 0.30182102136313915
  cityscapes_jaccard_micro: 0.7686241455376148

2024-06-24 16:38:46,793 - INFO - Epoch 72/120
2024-06-24 16:38:52,354 - INFO - Train Stats
Loss:
  total: 0.3238016664981842
Metrics:
  cityscapes_dice: 0.8556894898414612
  cityscapes_jaccard_macro: 0.37262001633644104
  cityscapes_jaccard_micro: 0.8220561504364013

2024-06-24 16:39:16,102 - INFO - Validation Stats
Loss:
  total: 0.4496038192883134
Metrics:
  cityscapes_dice: 0.8266214374452829
  cityscapes_jaccard_macro: 0.3019968755543232
  cityscapes_jaccard_micro: 0.767779091373086

2024-06-24 16:39:16,102 - INFO - Epoch 73/120
2024-06-24 16:39:21,564 - INFO - Train Stats
Loss:
  total: 0.33690693974494934
Metrics:
  cityscapes_dice: 0.8501566886901856
  cityscapes_jaccard_macro: 0.37834782600402833
  cityscapes_jaccard_micro: 0.8139346718788147

2024-06-24 16:39:45,696 - INFO - Validation Stats
Loss:
  total: 0.44450101256370544
Metrics:
  cityscapes_dice: 0.8263831790536642
  cityscapes_jaccard_macro: 0.3039224473759532
  cityscapes_jaccard_micro: 0.7689660266041756

2024-06-24 16:39:45,696 - INFO - Epoch 74/120
2024-06-24 16:39:51,417 - INFO - Train Stats
Loss:
  total: 0.3324242889881134
Metrics:
  cityscapes_dice: 0.8516059637069702
  cityscapes_jaccard_macro: 0.3763460278511047
  cityscapes_jaccard_micro: 0.8172637820243835

2024-06-24 16:40:15,899 - INFO - Validation Stats
Loss:
  total: 0.4518814953044057
Metrics:
  cityscapes_dice: 0.826250072568655
  cityscapes_jaccard_macro: 0.30820401664823294
  cityscapes_jaccard_micro: 0.7675661705434322

2024-06-24 16:40:15,899 - INFO - Epoch 75/120
2024-06-24 16:40:24,900 - INFO - Train Stats
Loss:
  total: 0.33476053476333617
Metrics:
  cityscapes_dice: 0.852152419090271
  cityscapes_jaccard_macro: 0.37773795127868653
  cityscapes_jaccard_micro: 0.8180140376091003

2024-06-24 16:40:48,979 - INFO - Validation Stats
Loss:
  total: 0.456910309381783
Metrics:
  cityscapes_dice: 0.8263669945299625
  cityscapes_jaccard_macro: 0.30817117262631655
  cityscapes_jaccard_micro: 0.7669045403599739

2024-06-24 16:40:48,980 - INFO - Epoch 76/120
2024-06-24 16:40:54,603 - INFO - Train Stats
Loss:
  total: 0.3320701241493225
Metrics:
  cityscapes_dice: 0.8547760367393493
  cityscapes_jaccard_macro: 0.3833752155303955
  cityscapes_jaccard_micro: 0.8188979148864746

2024-06-24 16:41:18,642 - INFO - Validation Stats
Loss:
  total: 0.4616591539233923
Metrics:
  cityscapes_dice: 0.8243164550513029
  cityscapes_jaccard_macro: 0.3045721910893917
  cityscapes_jaccard_micro: 0.764282027259469

2024-06-24 16:41:18,642 - INFO - Epoch 77/120
2024-06-24 16:41:24,678 - INFO - Train Stats
Loss:
  total: 0.3317382574081421
Metrics:
  cityscapes_dice: 0.8516700148582459
  cityscapes_jaccard_macro: 0.3941667556762695
  cityscapes_jaccard_micro: 0.8171033740043641

2024-06-24 16:41:48,685 - INFO - Validation Stats
Loss:
  total: 0.4345334507524967
Metrics:
  cityscapes_dice: 0.8281865064054728
  cityscapes_jaccard_macro: 0.30555143114179373
  cityscapes_jaccard_micro: 0.772793348878622

2024-06-24 16:41:50,447 - INFO - Epoch 78/120
2024-06-24 16:41:56,105 - INFO - Train Stats
Loss:
  total: 0.329497367143631
Metrics:
  cityscapes_dice: 0.8544914603233338
  cityscapes_jaccard_macro: 0.3765788435935974
  cityscapes_jaccard_micro: 0.8196334958076477

2024-06-24 16:42:20,602 - INFO - Validation Stats
Loss:
  total: 0.44563285540789366
Metrics:
  cityscapes_dice: 0.8278063219040632
  cityscapes_jaccard_macro: 0.3087739637121558
  cityscapes_jaccard_micro: 0.7709013856947422

2024-06-24 16:42:20,602 - INFO - Epoch 79/120
2024-06-24 16:42:26,647 - INFO - Train Stats
Loss:
  total: 0.32485676407814024
Metrics:
  cityscapes_dice: 0.854059386253357
  cityscapes_jaccard_macro: 0.38286588788032533
  cityscapes_jaccard_micro: 0.8214590549468994

2024-06-24 16:42:50,279 - INFO - Validation Stats
Loss:
  total: 0.4466994712129235
Metrics:
  cityscapes_dice: 0.8277038913220167
  cityscapes_jaccard_macro: 0.3114675125107169
  cityscapes_jaccard_micro: 0.7695459108799696

2024-06-24 16:42:50,279 - INFO - Epoch 80/120
2024-06-24 16:42:55,897 - INFO - Train Stats
Loss:
  total: 0.32767964005470274
Metrics:
  cityscapes_dice: 0.8576941132545471
  cityscapes_jaccard_macro: 0.37342907190322877
  cityscapes_jaccard_micro: 0.8204240202903748

2024-06-24 16:43:20,438 - INFO - Validation Stats
Loss:
  total: 0.43365637958049774
Metrics:
  cityscapes_dice: 0.8296126294881105
  cityscapes_jaccard_macro: 0.30833270121365786
  cityscapes_jaccard_micro: 0.7743569761514664

2024-06-24 16:43:23,783 - INFO - Epoch 81/120
2024-06-24 16:43:29,311 - INFO - Train Stats
Loss:
  total: 0.3218241035938263
Metrics:
  cityscapes_dice: 0.8543907880783081
  cityscapes_jaccard_macro: 0.37167086601257326
  cityscapes_jaccard_micro: 0.8198313117027283

2024-06-24 16:43:53,693 - INFO - Validation Stats
Loss:
  total: 0.45125991478562355
Metrics:
  cityscapes_dice: 0.8269787468016148
  cityscapes_jaccard_macro: 0.30658132396638393
  cityscapes_jaccard_micro: 0.7682965211570263

2024-06-24 16:43:53,693 - INFO - Epoch 82/120
2024-06-24 16:43:59,435 - INFO - Train Stats
Loss:
  total: 0.33418099880218505
Metrics:
  cityscapes_dice: 0.8483882546424866
  cityscapes_jaccard_macro: 0.3854478240013123
  cityscapes_jaccard_micro: 0.8163537621498108

2024-06-24 16:44:23,902 - INFO - Validation Stats
Loss:
  total: 0.4549695709720254
Metrics:
  cityscapes_dice: 0.8238255716860294
  cityscapes_jaccard_macro: 0.3107125945389271
  cityscapes_jaccard_micro: 0.7649888303130865

2024-06-24 16:44:23,902 - INFO - Epoch 83/120
2024-06-24 16:44:29,736 - INFO - Train Stats
Loss:
  total: 0.3290096640586853
Metrics:
  cityscapes_dice: 0.8566728711128235
  cityscapes_jaccard_macro: 0.38600030541419983
  cityscapes_jaccard_micro: 0.8198355197906494

2024-06-24 16:44:53,019 - INFO - Validation Stats
Loss:
  total: 0.4427025355398655
Metrics:
  cityscapes_dice: 0.8272174820303917
  cityscapes_jaccard_macro: 0.3079444458708167
  cityscapes_jaccard_micro: 0.7699884064495564

2024-06-24 16:44:53,019 - INFO - Epoch 84/120
2024-06-24 16:44:58,805 - INFO - Train Stats
Loss:
  total: 0.32388201355934143
Metrics:
  cityscapes_dice: 0.8538996934890747
  cityscapes_jaccard_macro: 0.38478556275367737
  cityscapes_jaccard_micro: 0.8213459849357605

2024-06-24 16:45:22,988 - INFO - Validation Stats
Loss:
  total: 0.43183249328285456
Metrics:
  cityscapes_dice: 0.8302807994186878
  cityscapes_jaccard_macro: 0.3140512593090534
  cityscapes_jaccard_micro: 0.776117442175746

2024-06-24 16:45:26,165 - INFO - Epoch 85/120
2024-06-24 16:45:31,857 - INFO - Train Stats
Loss:
  total: 0.3479156792163849
Metrics:
  cityscapes_dice: 0.8515604138374329
  cityscapes_jaccard_macro: 0.3661856114864349
  cityscapes_jaccard_micro: 0.8127529263496399

2024-06-24 16:45:56,346 - INFO - Validation Stats
Loss:
  total: 0.4409526577219367
Metrics:
  cityscapes_dice: 0.8276223633438349
  cityscapes_jaccard_macro: 0.30858401395380497
  cityscapes_jaccard_micro: 0.7701471578329802

2024-06-24 16:45:56,346 - INFO - Epoch 86/120
2024-06-24 16:46:02,124 - INFO - Train Stats
Loss:
  total: 0.3242970585823059
Metrics:
  cityscapes_dice: 0.8589641809463501
  cityscapes_jaccard_macro: 0.39544851183891294
  cityscapes_jaccard_micro: 0.8233588218688965

2024-06-24 16:46:26,559 - INFO - Validation Stats
Loss:
  total: 0.43233941681683064
Metrics:
  cityscapes_dice: 0.8291598111391068
  cityscapes_jaccard_macro: 0.31447516568005085
  cityscapes_jaccard_micro: 0.7732363194227219

2024-06-24 16:46:26,559 - INFO - Epoch 87/120
2024-06-24 16:46:31,992 - INFO - Train Stats
Loss:
  total: 0.3328530192375183
Metrics:
  cityscapes_dice: 0.8524140954017639
  cityscapes_jaccard_macro: 0.3717681348323822
  cityscapes_jaccard_micro: 0.8178613305091857

2024-06-24 16:46:55,636 - INFO - Validation Stats
Loss:
  total: 0.4513961412012577
Metrics:
  cityscapes_dice: 0.8243694864213467
  cityscapes_jaccard_macro: 0.30953175760805607
  cityscapes_jaccard_micro: 0.7663976065814495

2024-06-24 16:46:55,636 - INFO - Epoch 88/120
2024-06-24 16:47:01,187 - INFO - Train Stats
Loss:
  total: 0.31958513855934145
Metrics:
  cityscapes_dice: 0.8563531875610352
  cityscapes_jaccard_macro: 0.3943721354007721
  cityscapes_jaccard_micro: 0.8236067891120911

2024-06-24 16:47:25,900 - INFO - Validation Stats
Loss:
  total: 0.43575327191501856
Metrics:
  cityscapes_dice: 0.8287897892296314
  cityscapes_jaccard_macro: 0.3123701373115182
  cityscapes_jaccard_micro: 0.7723902463912964

2024-06-24 16:47:25,900 - INFO - Epoch 89/120
2024-06-24 16:47:32,004 - INFO - Train Stats
Loss:
  total: 0.3214701175689697
Metrics:
  cityscapes_dice: 0.8582750678062439
  cityscapes_jaccard_macro: 0.3807858884334564
  cityscapes_jaccard_micro: 0.8230825304985047

2024-06-24 16:47:56,378 - INFO - Validation Stats
Loss:
  total: 0.4255490265786648
Metrics:
  cityscapes_dice: 0.8311766739934683
  cityscapes_jaccard_macro: 0.3094996167346835
  cityscapes_jaccard_micro: 0.7773865386843681

2024-06-24 16:47:57,905 - INFO - Epoch 90/120
2024-06-24 16:48:03,508 - INFO - Train Stats
Loss:
  total: 0.3196688950061798
Metrics:
  cityscapes_dice: 0.8574322581291198
  cityscapes_jaccard_macro: 0.39698269963264465
  cityscapes_jaccard_micro: 0.8227267384529113

2024-06-24 16:48:27,659 - INFO - Validation Stats
Loss:
  total: 0.4295009560883045
Metrics:
  cityscapes_dice: 0.8313514348119497
  cityscapes_jaccard_macro: 0.31477869860827923
  cityscapes_jaccard_micro: 0.7781448736786842

2024-06-24 16:48:29,130 - INFO - Epoch 91/120
2024-06-24 16:48:34,751 - INFO - Train Stats
Loss:
  total: 0.32430027723312377
Metrics:
  cityscapes_dice: 0.8535737991333008
  cityscapes_jaccard_macro: 0.38090348839759824
  cityscapes_jaccard_micro: 0.8221196413040162

2024-06-24 16:48:59,315 - INFO - Validation Stats
Loss:
  total: 0.4483915511518717
Metrics:
  cityscapes_dice: 0.8275550361722708
  cityscapes_jaccard_macro: 0.31305464543402195
  cityscapes_jaccard_micro: 0.769964711740613

2024-06-24 16:48:59,315 - INFO - Epoch 92/120
2024-06-24 16:49:05,043 - INFO - Train Stats
Loss:
  total: 0.31000822186470034
Metrics:
  cityscapes_dice: 0.8573856592178345
  cityscapes_jaccard_macro: 0.4005004525184631
  cityscapes_jaccard_micro: 0.827311098575592

2024-06-24 16:49:29,418 - INFO - Validation Stats
Loss:
  total: 0.4460135018453002
Metrics:
  cityscapes_dice: 0.8266681600362062
  cityscapes_jaccard_macro: 0.31157527584582567
  cityscapes_jaccard_micro: 0.7687519378960133

2024-06-24 16:49:29,418 - INFO - Epoch 93/120
2024-06-24 16:49:34,993 - INFO - Train Stats
Loss:
  total: 0.32835392355918885
Metrics:
  cityscapes_dice: 0.8554262161254883
  cityscapes_jaccard_macro: 0.3968943417072296
  cityscapes_jaccard_micro: 0.8180081367492675

2024-06-24 16:49:58,763 - INFO - Validation Stats
Loss:
  total: 0.44684751331806183
Metrics:
  cityscapes_dice: 0.8271874338388443
  cityscapes_jaccard_macro: 0.310406262986362
  cityscapes_jaccard_micro: 0.7688070200383663

2024-06-24 16:49:58,763 - INFO - Epoch 94/120
2024-06-24 16:50:04,520 - INFO - Train Stats
Loss:
  total: 0.3139720857143402
Metrics:
  cityscapes_dice: 0.857168173789978
  cityscapes_jaccard_macro: 0.37779425382614135
  cityscapes_jaccard_micro: 0.8269578695297242

2024-06-24 16:50:28,404 - INFO - Validation Stats
Loss:
  total: 0.446589064784348
Metrics:
  cityscapes_dice: 0.8270691651850939
  cityscapes_jaccard_macro: 0.31244576070457697
  cityscapes_jaccard_micro: 0.7683064583688974

2024-06-24 16:50:28,404 - INFO - Epoch 95/120
2024-06-24 16:50:33,996 - INFO - Train Stats
Loss:
  total: 0.3056996166706085
Metrics:
  cityscapes_dice: 0.8596446752548218
  cityscapes_jaccard_macro: 0.38083821535110474
  cityscapes_jaccard_micro: 0.8318205595016479

2024-06-24 16:50:58,547 - INFO - Validation Stats
Loss:
  total: 0.43456378392875195
Metrics:
  cityscapes_dice: 0.8294736295938492
  cityscapes_jaccard_macro: 0.31226001866161823
  cityscapes_jaccard_micro: 0.7724488507956266

2024-06-24 16:50:58,547 - INFO - Epoch 96/120
2024-06-24 16:51:04,124 - INFO - Train Stats
Loss:
  total: 0.32991611361503603
Metrics:
  cityscapes_dice: 0.8548535108566284
  cityscapes_jaccard_macro: 0.3863975405693054
  cityscapes_jaccard_micro: 0.8168157935142517

2024-06-24 16:51:27,689 - INFO - Validation Stats
Loss:
  total: 0.4337279358878732
Metrics:
  cityscapes_dice: 0.8290848881006241
  cityscapes_jaccard_macro: 0.31709997449070215
  cityscapes_jaccard_micro: 0.7748529519885778

2024-06-24 16:51:27,689 - INFO - Epoch 97/120
2024-06-24 16:51:33,283 - INFO - Train Stats
Loss:
  total: 0.3111849337816238
Metrics:
  cityscapes_dice: 0.8553166031837464
  cityscapes_jaccard_macro: 0.3892254769802094
  cityscapes_jaccard_micro: 0.8286282420158386

2024-06-24 16:51:56,773 - INFO - Validation Stats
Loss:
  total: 0.4386253636330366
Metrics:
  cityscapes_dice: 0.829491326585412
  cityscapes_jaccard_macro: 0.3149530980736017
  cityscapes_jaccard_micro: 0.7725421506911516

2024-06-24 16:51:56,773 - INFO - Epoch 98/120
2024-06-24 16:52:02,301 - INFO - Train Stats
Loss:
  total: 0.30862603783607484
Metrics:
  cityscapes_dice: 0.8564659595489502
  cityscapes_jaccard_macro: 0.3891275942325592
  cityscapes_jaccard_micro: 0.8277711153030396

2024-06-24 16:52:27,073 - INFO - Validation Stats
Loss:
  total: 0.4396205749362707
Metrics:
  cityscapes_dice: 0.8285957593470812
  cityscapes_jaccard_macro: 0.31257165875285864
  cityscapes_jaccard_micro: 0.7721326034516096

2024-06-24 16:52:27,073 - INFO - Epoch 99/120
2024-06-24 16:52:32,584 - INFO - Train Stats
Loss:
  total: 0.32655234932899474
Metrics:
  cityscapes_dice: 0.8561209917068482
  cityscapes_jaccard_macro: 0.3670180797576904
  cityscapes_jaccard_micro: 0.8207531690597534

2024-06-24 16:52:56,467 - INFO - Validation Stats
Loss:
  total: 0.4403000185266137
Metrics:
  cityscapes_dice: 0.828729797154665
  cityscapes_jaccard_macro: 0.30820369347929955
  cityscapes_jaccard_micro: 0.7712513208389282

2024-06-24 16:52:56,467 - INFO - Epoch 100/120
2024-06-24 16:53:02,028 - INFO - Train Stats
Loss:
  total: 0.3059417843818665
Metrics:
  cityscapes_dice: 0.8646024227142334
  cityscapes_jaccard_macro: 0.42285835146903994
  cityscapes_jaccard_micro: 0.8306487917900085

2024-06-24 16:53:26,499 - INFO - Validation Stats
Loss:
  total: 0.4395762253552675
Metrics:
  cityscapes_dice: 0.8274559136480093
  cityscapes_jaccard_macro: 0.3103659376502037
  cityscapes_jaccard_micro: 0.7719940152019262

2024-06-24 16:53:28,091 - INFO - Epoch 101/120
2024-06-24 16:53:33,662 - INFO - Train Stats
Loss:
  total: 0.3228535532951355
Metrics:
  cityscapes_dice: 0.8557228326797486
  cityscapes_jaccard_macro: 0.37447063326835633
  cityscapes_jaccard_micro: 0.8189316987991333

2024-06-24 16:53:57,687 - INFO - Validation Stats
Loss:
  total: 0.43846246879547834
Metrics:
  cityscapes_dice: 0.8285198155790567
  cityscapes_jaccard_macro: 0.3128464422188699
  cityscapes_jaccard_micro: 0.772264851257205

2024-06-24 16:53:57,687 - INFO - Epoch 102/120
2024-06-24 16:54:03,260 - INFO - Train Stats
Loss:
  total: 0.3161948025226593
Metrics:
  cityscapes_dice: 0.8583839416503907
  cityscapes_jaccard_macro: 0.36779225468635557
  cityscapes_jaccard_micro: 0.8256022930145264

2024-06-24 16:54:27,587 - INFO - Validation Stats
Loss:
  total: 0.4256750447675586
Metrics:
  cityscapes_dice: 0.8319587148725986
  cityscapes_jaccard_macro: 0.31766678858548403
  cityscapes_jaccard_micro: 0.7780964113771915

2024-06-24 16:54:27,587 - INFO - Epoch 103/120
2024-06-24 16:54:33,163 - INFO - Train Stats
Loss:
  total: 0.3124027669429779
Metrics:
  cityscapes_dice: 0.8580355167388916
  cityscapes_jaccard_macro: 0.3631334125995636
  cityscapes_jaccard_micro: 0.8259891510009766

2024-06-24 16:54:56,945 - INFO - Validation Stats
Loss:
  total: 0.4227694710716605
Metrics:
  cityscapes_dice: 0.832408532500267
  cityscapes_jaccard_macro: 0.3094588443636894
  cityscapes_jaccard_micro: 0.7777587287127972

2024-06-24 16:54:58,497 - INFO - Epoch 104/120
2024-06-24 16:55:04,296 - INFO - Train Stats
Loss:
  total: 0.3197975277900696
Metrics:
  cityscapes_dice: 0.8584919929504394
  cityscapes_jaccard_macro: 0.36785473823547366
  cityscapes_jaccard_micro: 0.8236472725868225

2024-06-24 16:55:28,104 - INFO - Validation Stats
Loss:
  total: 0.4305202839896083
Metrics:
  cityscapes_dice: 0.8301749508827925
  cityscapes_jaccard_macro: 0.31464273761957884
  cityscapes_jaccard_micro: 0.7750760279595852

2024-06-24 16:55:28,105 - INFO - Epoch 105/120
2024-06-24 16:55:33,626 - INFO - Train Stats
Loss:
  total: 0.30302472710609435
Metrics:
  cityscapes_dice: 0.8600244998931885
  cityscapes_jaccard_macro: 0.3718074977397919
  cityscapes_jaccard_micro: 0.8315296053886414

2024-06-24 16:55:57,125 - INFO - Validation Stats
Loss:
  total: 0.44547803420573473
Metrics:
  cityscapes_dice: 0.8275263588875532
  cityscapes_jaccard_macro: 0.3108821613714099
  cityscapes_jaccard_micro: 0.7696039192378521

2024-06-24 16:55:57,126 - INFO - Epoch 106/120
2024-06-24 16:56:02,999 - INFO - Train Stats
Loss:
  total: 0.3285746395587921
Metrics:
  cityscapes_dice: 0.8539819836616516
  cityscapes_jaccard_macro: 0.3603286147117615
  cityscapes_jaccard_micro: 0.818457567691803

2024-06-24 16:56:27,407 - INFO - Validation Stats
Loss:
  total: 0.430037840269506
Metrics:
  cityscapes_dice: 0.8294171690940857
  cityscapes_jaccard_macro: 0.31615161523222923
  cityscapes_jaccard_micro: 0.7735101003199816

2024-06-24 16:56:27,407 - INFO - Epoch 107/120
2024-06-24 16:56:32,939 - INFO - Train Stats
Loss:
  total: 0.2979730188846588
Metrics:
  cityscapes_dice: 0.8627968788146972
  cityscapes_jaccard_macro: 0.3962870121002197
  cityscapes_jaccard_micro: 0.8359506130218506

2024-06-24 16:56:56,777 - INFO - Validation Stats
Loss:
  total: 0.44312553107738495
Metrics:
  cityscapes_dice: 0.8272885009646416
  cityscapes_jaccard_macro: 0.30885847145691514
  cityscapes_jaccard_micro: 0.7697239499539137

2024-06-24 16:56:56,777 - INFO - Epoch 108/120
2024-06-24 16:57:02,508 - INFO - Train Stats
Loss:
  total: 0.32626444697380064
Metrics:
  cityscapes_dice: 0.8530705690383911
  cityscapes_jaccard_macro: 0.3945263743400574
  cityscapes_jaccard_micro: 0.8203924655914306

2024-06-24 16:57:26,375 - INFO - Validation Stats
Loss:
  total: 0.431650728918612
Metrics:
  cityscapes_dice: 0.830679876729846
  cityscapes_jaccard_macro: 0.3173727295361459
  cityscapes_jaccard_micro: 0.775785842910409

2024-06-24 16:57:26,376 - INFO - Epoch 109/120
2024-06-24 16:57:32,004 - INFO - Train Stats
Loss:
  total: 0.3121828258037567
Metrics:
  cityscapes_dice: 0.8587509989738464
  cityscapes_jaccard_macro: 0.3820005178451538
  cityscapes_jaccard_micro: 0.8268128514289856

2024-06-24 16:57:56,664 - INFO - Validation Stats
Loss:
  total: 0.43497539311647415
Metrics:
  cityscapes_dice: 0.8282452393323183
  cityscapes_jaccard_macro: 0.3149973377585411
  cityscapes_jaccard_micro: 0.7729606796056032

2024-06-24 16:57:56,665 - INFO - Epoch 110/120
2024-06-24 16:58:02,175 - INFO - Train Stats
Loss:
  total: 0.3023906409740448
Metrics:
  cityscapes_dice: 0.85928795337677
  cityscapes_jaccard_macro: 0.37164008617401123
  cityscapes_jaccard_micro: 0.8309891819953918

2024-06-24 16:58:26,215 - INFO - Validation Stats
Loss:
  total: 0.4431014358997345
Metrics:
  cityscapes_dice: 0.8270959816873074
  cityscapes_jaccard_macro: 0.3146542673930526
  cityscapes_jaccard_micro: 0.7686587609350681

2024-06-24 16:58:27,990 - INFO - Epoch 111/120
2024-06-24 16:58:33,583 - INFO - Train Stats
Loss:
  total: 0.30829920172691344
Metrics:
  cityscapes_dice: 0.8601773500442504
  cityscapes_jaccard_macro: 0.37466114163398745
  cityscapes_jaccard_micro: 0.8284910798072815

2024-06-24 16:58:57,415 - INFO - Validation Stats
Loss:
  total: 0.4331777608022094
Metrics:
  cityscapes_dice: 0.8290805425494909
  cityscapes_jaccard_macro: 0.31062466325238347
  cityscapes_jaccard_micro: 0.7737127393484116

2024-06-24 16:58:57,415 - INFO - Epoch 112/120
2024-06-24 16:59:02,907 - INFO - Train Stats
Loss:
  total: 0.31131502985954285
Metrics:
  cityscapes_dice: 0.8533117055892945
  cityscapes_jaccard_macro: 0.37523930668830874
  cityscapes_jaccard_micro: 0.8234843969345093

2024-06-24 16:59:27,257 - INFO - Validation Stats
Loss:
  total: 0.4383080080151558
Metrics:
  cityscapes_dice: 0.8285231851041317
  cityscapes_jaccard_macro: 0.31669115368276834
  cityscapes_jaccard_micro: 0.772460812702775

2024-06-24 16:59:27,257 - INFO - Epoch 113/120
2024-06-24 16:59:32,966 - INFO - Train Stats
Loss:
  total: 0.31734101176261903
Metrics:
  cityscapes_dice: 0.8564419269561767
  cityscapes_jaccard_macro: 0.36593300104141235
  cityscapes_jaccard_micro: 0.8224705219268799

2024-06-24 16:59:56,991 - INFO - Validation Stats
Loss:
  total: 0.4372944599017501
Metrics:
  cityscapes_dice: 0.828742915764451
  cityscapes_jaccard_macro: 0.3179185474291444
  cityscapes_jaccard_micro: 0.7720245607197285

2024-06-24 16:59:56,992 - INFO - Epoch 114/120
2024-06-24 17:00:02,638 - INFO - Train Stats
Loss:
  total: 0.3088513672351837
Metrics:
  cityscapes_dice: 0.8608344316482544
  cityscapes_jaccard_macro: 0.3891679525375366
  cityscapes_jaccard_micro: 0.8270912170410156

2024-06-24 17:00:27,093 - INFO - Validation Stats
Loss:
  total: 0.4275624295696616
Metrics:
  cityscapes_dice: 0.8291965089738369
  cityscapes_jaccard_macro: 0.31486400216817856
  cityscapes_jaccard_micro: 0.7738754414021969

2024-06-24 17:00:27,093 - INFO - Epoch 115/120
2024-06-24 17:00:32,539 - INFO - Train Stats
Loss:
  total: 0.3217391729354858
Metrics:
  cityscapes_dice: 0.8520111918449402
  cityscapes_jaccard_macro: 0.38085206151008605
  cityscapes_jaccard_micro: 0.8173797965049744

2024-06-24 17:00:56,708 - INFO - Validation Stats
Loss:
  total: 0.4400185225531459
Metrics:
  cityscapes_dice: 0.8265729788690805
  cityscapes_jaccard_macro: 0.3166260262951255
  cityscapes_jaccard_micro: 0.7691018395125866

2024-06-24 17:00:56,709 - INFO - Epoch 116/120
2024-06-24 17:01:02,412 - INFO - Train Stats
Loss:
  total: 0.3091784954071045
Metrics:
  cityscapes_dice: 0.8616922259330749
  cityscapes_jaccard_macro: 0.3918148219585419
  cityscapes_jaccard_micro: 0.8274375796318054

2024-06-24 17:01:26,146 - INFO - Validation Stats
Loss:
  total: 0.44164394587278366
Metrics:
  cityscapes_dice: 0.8280537184327841
  cityscapes_jaccard_macro: 0.3130950331687927
  cityscapes_jaccard_micro: 0.7703212928026915

2024-06-24 17:01:26,146 - INFO - Epoch 117/120
2024-06-24 17:01:31,706 - INFO - Train Stats
Loss:
  total: 0.3261047899723053
Metrics:
  cityscapes_dice: 0.8537192106246948
  cityscapes_jaccard_macro: 0.4036047875881195
  cityscapes_jaccard_micro: 0.8182748675346374

2024-06-24 17:01:55,381 - INFO - Validation Stats
Loss:
  total: 0.4402046939358115
Metrics:
  cityscapes_dice: 0.8296695128083229
  cityscapes_jaccard_macro: 0.3135803369805217
  cityscapes_jaccard_micro: 0.7732452489435673

2024-06-24 17:01:55,381 - INFO - Epoch 118/120
2024-06-24 17:02:00,766 - INFO - Train Stats
Loss:
  total: 0.31952294111251833
Metrics:
  cityscapes_dice: 0.8567593097686768
  cityscapes_jaccard_macro: 0.38014973402023317
  cityscapes_jaccard_micro: 0.8211965084075927

2024-06-24 17:02:24,690 - INFO - Validation Stats
Loss:
  total: 0.4471894195303321
Metrics:
  cityscapes_dice: 0.8254160732030869
  cityscapes_jaccard_macro: 0.3116748845204711
  cityscapes_jaccard_micro: 0.7683025412261486

2024-06-24 17:02:24,690 - INFO - Epoch 119/120
2024-06-24 17:02:30,120 - INFO - Train Stats
Loss:
  total: 0.3116143047809601
Metrics:
  cityscapes_dice: 0.8618098735809326
  cityscapes_jaccard_macro: 0.3796647429466248
  cityscapes_jaccard_micro: 0.8270053267478943

2024-06-24 17:02:54,357 - INFO - Validation Stats
Loss:
  total: 0.4250943027436733
Metrics:
  cityscapes_dice: 0.8325323313474655
  cityscapes_jaccard_macro: 0.315442344173789
  cityscapes_jaccard_micro: 0.7774116080254316

2024-06-24 17:02:54,357 - INFO - Epoch 120/120
2024-06-24 17:02:59,959 - INFO - Train Stats
Loss:
  total: 0.3124093234539032
Metrics:
  cityscapes_dice: 0.8585716485977173
  cityscapes_jaccard_macro: 0.381535804271698
  cityscapes_jaccard_micro: 0.8263381123542786

2024-06-24 17:03:24,657 - INFO - Validation Stats
Loss:
  total: 0.4266414549201727
Metrics:
  cityscapes_dice: 0.8309059478342533
  cityscapes_jaccard_macro: 0.3119174810126424
  cityscapes_jaccard_micro: 0.7761958539485931

2024-06-24 17:03:26,197 - INFO - Best validation loss: 0.4227694710716605
2024-06-24 17:03:27,087 - INFO - Best model saved to /home/up201905337/exploring-label-efficiency/weights/sl_cityscapes_mobilenet_77l.pth
2024-06-24 17:03:27,088 - INFO - Training took 3643.414982318878 seconds to complete
