2024-06-05 15:34:02,362 - INFO - Loading configuration files...
2024-06-05 15:34:03,198 - INFO - Loading model configuration
args:
  backbone: resnet101
  num_classes: 20
class: DeepLabV3

2024-06-05 15:34:03,268 - INFO - Loading train_dataset configuration
args:
  mode: coarse
  root: /data/auto/cityscapes
  train_val_split: 2475
class: UnsupervisedCityscapesSeg

2024-06-05 15:34:03,281 - INFO - Loading optimizer configuration
args:
  lr: 0.0003
class: Adam

2024-06-05 15:34:03,288 - INFO - Loading method configuration
args:
  color_jitter_strength: 0.5
  image_size: 512
  representation_size: 2048
class: RotationCityscapes

2024-06-05 15:34:03,403 - INFO - Loading metrics configuration
rotation_top1_accuracy:
  args:
    num_classes: 4
    task: multiclass
    top_k: 1
  class: Accuracy

2024-06-05 15:34:03,403 - INFO - Loading hyperparameters configuration
batch_size: 4
ema_decay: null
epochs: 50
max_num_samples: 10000
num_workers: 4
save_freq: 30

2024-06-05 15:34:03,780 - INFO - Using device: cuda
2024-06-05 15:34:04,088 - INFO - Training for 50 epochs
2024-06-05 15:34:04,091 - INFO - Epoch 1/50
2024-06-05 16:14:00,370 - INFO - Train Stats
Loss:
  total: 0.2769737896206556
Metrics:
  rotation_top1_accuracy: 0.903

2024-06-05 16:14:00,963 - INFO - Epoch 2/50
2024-06-05 16:53:58,852 - INFO - Train Stats
Loss:
  total: 0.18077178851860898
Metrics:
  rotation_top1_accuracy: 0.934575

2024-06-05 16:53:59,718 - INFO - Epoch 3/50
2024-06-05 17:33:56,775 - INFO - Train Stats
Loss:
  total: 0.1462240334257029
Metrics:
  rotation_top1_accuracy: 0.94555

2024-06-05 17:33:57,607 - INFO - Epoch 4/50
2024-06-05 18:13:55,055 - INFO - Train Stats
Loss:
  total: 0.1355173475952556
Metrics:
  rotation_top1_accuracy: 0.950725

2024-06-05 18:13:55,903 - INFO - Epoch 5/50
2024-06-05 18:53:54,126 - INFO - Train Stats
Loss:
  total: 0.12809556712783265
Metrics:
  rotation_top1_accuracy: 0.95195

2024-06-05 18:53:55,011 - INFO - Epoch 6/50
2024-06-05 19:33:54,252 - INFO - Train Stats
Loss:
  total: 0.1118294875792251
Metrics:
  rotation_top1_accuracy: 0.959075

2024-06-05 19:33:55,106 - INFO - Epoch 7/50
2024-06-05 20:13:55,034 - INFO - Train Stats
Loss:
  total: 0.1114161250818063
Metrics:
  rotation_top1_accuracy: 0.959275

2024-06-05 20:13:55,892 - INFO - Epoch 8/50
2024-06-05 20:53:55,116 - INFO - Train Stats
Loss:
  total: 0.09886317556578422
Metrics:
  rotation_top1_accuracy: 0.961875

2024-06-05 20:53:55,940 - INFO - Epoch 9/50
2024-06-05 21:33:55,655 - INFO - Train Stats
Loss:
  total: 0.09977830918770307
Metrics:
  rotation_top1_accuracy: 0.9615

2024-06-05 21:33:55,655 - INFO - Epoch 10/50
2024-06-05 22:13:54,288 - INFO - Train Stats
Loss:
  total: 0.0906743824848156
Metrics:
  rotation_top1_accuracy: 0.966075

2024-06-05 22:13:55,144 - INFO - Epoch 11/50
2024-06-05 22:53:53,106 - INFO - Train Stats
Loss:
  total: 0.08778706913032155
Metrics:
  rotation_top1_accuracy: 0.96745

2024-06-05 22:53:53,920 - INFO - Epoch 12/50
2024-06-05 23:33:50,667 - INFO - Train Stats
Loss:
  total: 0.08928688463927188
Metrics:
  rotation_top1_accuracy: 0.96715

2024-06-05 23:33:50,667 - INFO - Epoch 13/50
2024-06-06 00:13:46,353 - INFO - Train Stats
Loss:
  total: 0.0868426261101972
Metrics:
  rotation_top1_accuracy: 0.966975

2024-06-06 00:13:47,133 - INFO - Epoch 14/50
2024-06-06 00:53:42,189 - INFO - Train Stats
Loss:
  total: 0.07818850614652338
Metrics:
  rotation_top1_accuracy: 0.97045

2024-06-06 00:53:42,966 - INFO - Epoch 15/50
2024-06-06 01:33:38,424 - INFO - Train Stats
Loss:
  total: 0.09085023139907797
Metrics:
  rotation_top1_accuracy: 0.965575

2024-06-06 01:33:38,424 - INFO - Epoch 16/50
2024-06-06 02:13:35,830 - INFO - Train Stats
Loss:
  total: 0.0867794076595231
Metrics:
  rotation_top1_accuracy: 0.966625

2024-06-06 02:13:35,831 - INFO - Epoch 17/50
2024-06-06 02:53:33,199 - INFO - Train Stats
Loss:
  total: 0.08303700475648876
Metrics:
  rotation_top1_accuracy: 0.9677

2024-06-06 02:53:33,200 - INFO - Epoch 18/50
2024-06-06 03:33:31,936 - INFO - Train Stats
Loss:
  total: 0.0694167187855167
Metrics:
  rotation_top1_accuracy: 0.97455

2024-06-06 03:33:32,782 - INFO - Epoch 19/50
2024-06-06 04:13:31,869 - INFO - Train Stats
Loss:
  total: 0.08177981979851903
Metrics:
  rotation_top1_accuracy: 0.969675

2024-06-06 04:13:31,870 - INFO - Epoch 20/50
2024-06-06 04:53:29,903 - INFO - Train Stats
Loss:
  total: 0.07298540135091879
Metrics:
  rotation_top1_accuracy: 0.971325

2024-06-06 04:53:29,903 - INFO - Epoch 21/50
2024-06-06 05:33:27,877 - INFO - Train Stats
Loss:
  total: 0.07065954505972838
Metrics:
  rotation_top1_accuracy: 0.971875

2024-06-06 05:33:27,877 - INFO - Epoch 22/50
2024-06-06 06:13:25,617 - INFO - Train Stats
Loss:
  total: 0.07155975303575163
Metrics:
  rotation_top1_accuracy: 0.97225

2024-06-06 06:13:25,617 - INFO - Epoch 23/50
2024-06-06 06:53:23,970 - INFO - Train Stats
Loss:
  total: 0.06895782757448168
Metrics:
  rotation_top1_accuracy: 0.9729

2024-06-06 06:53:24,777 - INFO - Epoch 24/50
2024-06-06 07:33:23,168 - INFO - Train Stats
Loss:
  total: 0.06079539629977237
Metrics:
  rotation_top1_accuracy: 0.975875

2024-06-06 07:33:24,062 - INFO - Epoch 25/50
2024-06-06 08:13:22,946 - INFO - Train Stats
Loss:
  total: 0.06916928518634838
Metrics:
  rotation_top1_accuracy: 0.972325

2024-06-06 08:13:22,946 - INFO - Epoch 26/50
2024-06-06 08:53:21,089 - INFO - Train Stats
Loss:
  total: 0.07157570600796631
Metrics:
  rotation_top1_accuracy: 0.971975

2024-06-06 08:53:21,089 - INFO - Epoch 27/50
2024-06-06 09:33:19,361 - INFO - Train Stats
Loss:
  total: 0.06400050248401626
Metrics:
  rotation_top1_accuracy: 0.9747

2024-06-06 09:33:19,361 - INFO - Epoch 28/50
2024-06-06 10:13:17,299 - INFO - Train Stats
Loss:
  total: 0.06476315698829464
Metrics:
  rotation_top1_accuracy: 0.974475

2024-06-06 10:13:17,300 - INFO - Epoch 29/50
2024-06-06 10:53:15,998 - INFO - Train Stats
Loss:
  total: 0.06187277957980227
Metrics:
  rotation_top1_accuracy: 0.97655

2024-06-06 10:53:15,998 - INFO - Epoch 30/50
2024-06-06 11:33:12,893 - INFO - Train Stats
Loss:
  total: 0.06524077528684558
Metrics:
  rotation_top1_accuracy: 0.97475

2024-06-06 11:33:13,540 - INFO - Epoch 31/50
2024-06-06 12:13:08,652 - INFO - Train Stats
Loss:
  total: 0.06418160009033108
Metrics:
  rotation_top1_accuracy: 0.974425

2024-06-06 12:13:08,652 - INFO - Epoch 32/50
2024-06-06 12:53:03,266 - INFO - Train Stats
Loss:
  total: 0.07199293511674751
Metrics:
  rotation_top1_accuracy: 0.97205

2024-06-06 12:53:03,266 - INFO - Epoch 33/50
2024-06-06 13:32:57,721 - INFO - Train Stats
Loss:
  total: 0.05799216560945727
Metrics:
  rotation_top1_accuracy: 0.977975

2024-06-06 13:32:58,589 - INFO - Epoch 34/50
2024-06-06 14:12:52,973 - INFO - Train Stats
Loss:
  total: 0.055083129641896746
Metrics:
  rotation_top1_accuracy: 0.97815

2024-06-06 14:12:53,817 - INFO - Epoch 35/50
2024-06-06 14:52:48,947 - INFO - Train Stats
Loss:
  total: 0.06699769507637272
Metrics:
  rotation_top1_accuracy: 0.97395

2024-06-06 14:52:48,948 - INFO - Epoch 36/50
2024-06-06 15:32:43,638 - INFO - Train Stats
Loss:
  total: 0.07246230691404015
Metrics:
  rotation_top1_accuracy: 0.97235

2024-06-06 15:32:43,638 - INFO - Epoch 37/50
2024-06-06 16:12:38,993 - INFO - Train Stats
Loss:
  total: 0.0641257238700807
Metrics:
  rotation_top1_accuracy: 0.974875

2024-06-06 16:12:38,993 - INFO - Epoch 38/50
2024-06-06 16:52:33,064 - INFO - Train Stats
Loss:
  total: 0.059784295783600554
Metrics:
  rotation_top1_accuracy: 0.9773

2024-06-06 16:52:33,064 - INFO - Epoch 39/50
2024-06-06 17:32:27,118 - INFO - Train Stats
Loss:
  total: 0.06096723686839033
Metrics:
  rotation_top1_accuracy: 0.976225

2024-06-06 17:32:27,119 - INFO - Epoch 40/50
2024-06-06 18:12:21,896 - INFO - Train Stats
Loss:
  total: 0.05838162352157003
Metrics:
  rotation_top1_accuracy: 0.976975

2024-06-06 18:12:21,896 - INFO - Epoch 41/50
2024-06-06 18:52:19,202 - INFO - Train Stats
Loss:
  total: 0.06041263344340311
Metrics:
  rotation_top1_accuracy: 0.975825

2024-06-06 18:52:19,202 - INFO - Epoch 42/50
2024-06-06 19:32:16,979 - INFO - Train Stats
Loss:
  total: 0.06361145924069486
Metrics:
  rotation_top1_accuracy: 0.9754

2024-06-06 19:32:16,980 - INFO - Epoch 43/50
2024-06-06 20:12:14,400 - INFO - Train Stats
Loss:
  total: 0.055880685652292005
Metrics:
  rotation_top1_accuracy: 0.978475

2024-06-06 20:12:14,400 - INFO - Epoch 44/50
2024-06-06 20:52:12,040 - INFO - Train Stats
Loss:
  total: 0.056351598639017564
Metrics:
  rotation_top1_accuracy: 0.977425

2024-06-06 20:52:12,040 - INFO - Epoch 45/50
2024-06-06 21:32:10,247 - INFO - Train Stats
Loss:
  total: 0.06136102144710305
Metrics:
  rotation_top1_accuracy: 0.97555

2024-06-06 21:32:10,247 - INFO - Epoch 46/50
2024-06-06 22:12:08,067 - INFO - Train Stats
Loss:
  total: 0.059034011072924546
Metrics:
  rotation_top1_accuracy: 0.976625

2024-06-06 22:12:08,067 - INFO - Epoch 47/50
2024-06-06 22:52:06,252 - INFO - Train Stats
Loss:
  total: 0.060162673901529726
Metrics:
  rotation_top1_accuracy: 0.97685

2024-06-06 22:52:06,252 - INFO - Epoch 48/50
2024-06-06 23:32:03,198 - INFO - Train Stats
Loss:
  total: 0.06046769925553192
Metrics:
  rotation_top1_accuracy: 0.97625

2024-06-06 23:32:03,198 - INFO - Epoch 49/50
2024-06-07 00:12:00,045 - INFO - Train Stats
Loss:
  total: 0.05963112273571887
Metrics:
  rotation_top1_accuracy: 0.97655

2024-06-07 00:12:00,045 - INFO - Epoch 50/50
2024-06-07 00:51:56,618 - INFO - Train Stats
Loss:
  total: 0.05969753387805347
Metrics:
  rotation_top1_accuracy: 0.976375

2024-06-07 00:51:57,405 - INFO - Best train loss: 0.055083129641896746
2024-06-07 00:51:58,195 - INFO - Best model saved to /home/up201905337/exploring-label-efficiency/weights/rotation_cityscapes_deeplabv3_resnet101_pretrained.pth
2024-06-07 00:51:58,196 - INFO - Training took 119873.31763482094 seconds to complete
