2024-03-27 12:05:20,834 - INFO - Loading configuration files...
2024-03-27 12:05:20,885 - INFO - Loading model configuration
args:
  depth: 28
  num_classes: 10
  width: 2
class: WideResNet

2024-03-27 12:05:23,144 - INFO - Loading train_dataset configuration
args:
  force_transform: true
  num_labeled: 500
  root: ./data/
  train_val_split: 0.9
class: SemiSupervisedSVHN

2024-03-27 12:05:25,191 - INFO - Loading val_dataset configuration
args:
  root: ./data/
  train_val_split: 0.9
class: SVHN

2024-03-27 12:05:25,202 - INFO - Loading optimizer configuration
args:
  dampening: 0.0
  lr: 0.1
  momentum: 0.9
  nesterov: true
  weight_decay: 0.0005
class: SGD

2024-03-27 12:05:25,204 - INFO - Loading loss configuration
args: {}
class: CrossEntropyLoss

2024-03-27 12:05:25,216 - INFO - Loading metrics configuration
svhn_top1_accuracy:
  args:
    num_classes: 10
    task: multiclass
    top_k: 1
  class: Accuracy
svhn_top5_accuracy:
  args:
    num_classes: 10
    task: multiclass
    top_k: 5
  class: Accuracy

2024-03-27 12:05:25,225 - INFO - Loading scheduler configuration
args:
  gamma: 0.2
  milestones:
  - 80
  - 120
class: MultiStepLR

2024-03-27 12:05:25,225 - INFO - Loading hyperparameters configuration
batch_size: 128
ema_decay: null
epochs: 200
num_workers: 4
save_freq: 30

2024-03-27 12:05:25,881 - INFO - Using device: cuda
2024-03-27 12:05:26,260 - INFO - Training for 200 epochs
2024-03-27 12:05:26,260 - INFO - Epoch 1/200
2024-03-27 12:05:27,641 - INFO - Train Stats
Loss:
  total: 2.299202620983124
Metrics:
  svhn_top1_accuracy: 0.14466594904661179
  svhn_top5_accuracy: 0.5672817826271057

2024-03-27 12:05:28,436 - INFO - Validation Stats
Loss:
  total: 2.2663595840848725
Metrics:
  svhn_top1_accuracy: 0.17232399433851242
  svhn_top5_accuracy: 0.6088721269163592

2024-03-27 12:05:28,479 - INFO - Epoch 2/200
2024-03-27 12:05:28,772 - INFO - Train Stats
Loss:
  total: 2.2576348781585693
Metrics:
  svhn_top1_accuracy: 0.1571928896009922
  svhn_top5_accuracy: 0.6270204782485962

2024-03-27 12:05:29,514 - INFO - Validation Stats
Loss:
  total: 2.2732386917903504
Metrics:
  svhn_top1_accuracy: 0.17444324724633117
  svhn_top5_accuracy: 0.5848599137931034

2024-03-27 12:05:29,515 - INFO - Epoch 3/200
2024-03-27 12:05:29,799 - INFO - Train Stats
Loss:
  total: 2.240971565246582
Metrics:
  svhn_top1_accuracy: 0.1757139004766941
  svhn_top5_accuracy: 0.6397494673728943

2024-03-27 12:05:30,531 - INFO - Validation Stats
Loss:
  total: 2.2777992158100524
Metrics:
  svhn_top1_accuracy: 0.17888829034977946
  svhn_top5_accuracy: 0.5924030172413793

2024-03-27 12:05:30,532 - INFO - Epoch 4/200
2024-03-27 12:05:30,827 - INFO - Train Stats
Loss:
  total: 2.23157662153244
Metrics:
  svhn_top1_accuracy: 0.16870959103107452
  svhn_top5_accuracy: 0.6375942826271057

2024-03-27 12:05:31,480 - INFO - Validation Stats
Loss:
  total: 2.268228506219798
Metrics:
  svhn_top1_accuracy: 0.17201867828081394
  svhn_top5_accuracy: 0.6120330460112671

2024-03-27 12:05:31,480 - INFO - Epoch 5/200
2024-03-27 12:05:31,758 - INFO - Train Stats
Loss:
  total: 2.2243183255195618
Metrics:
  svhn_top1_accuracy: 0.17530980706214905
  svhn_top5_accuracy: 0.6649380326271057

2024-03-27 12:05:32,500 - INFO - Validation Stats
Loss:
  total: 2.2808584591438033
Metrics:
  svhn_top1_accuracy: 0.17080639379805532
  svhn_top5_accuracy: 0.6095096982758621

2024-03-27 12:05:32,500 - INFO - Epoch 6/200
2024-03-27 12:05:32,819 - INFO - Train Stats
Loss:
  total: 2.205294370651245
Metrics:
  svhn_top1_accuracy: 0.21012930944561958
  svhn_top5_accuracy: 0.6679013967514038

2024-03-27 12:05:33,511 - INFO - Validation Stats
Loss:
  total: 2.2914136442644844
Metrics:
  svhn_top1_accuracy: 0.17242277310840015
  svhn_top5_accuracy: 0.6121048855370489

2024-03-27 12:05:33,512 - INFO - Epoch 7/200
2024-03-27 12:05:33,797 - INFO - Train Stats
Loss:
  total: 2.204510986804962
Metrics:
  svhn_top1_accuracy: 0.1885775849223137
  svhn_top5_accuracy: 0.6563846915960312

2024-03-27 12:05:34,514 - INFO - Validation Stats
Loss:
  total: 2.289906090703504
Metrics:
  svhn_top1_accuracy: 0.1721174569222434
  svhn_top5_accuracy: 0.6129489941843624

2024-03-27 12:05:34,514 - INFO - Epoch 8/200
2024-03-27 12:05:34,814 - INFO - Train Stats
Loss:
  total: 2.1859740018844604
Metrics:
  svhn_top1_accuracy: 0.19800646603107452
  svhn_top5_accuracy: 0.6917430013418198

2024-03-27 12:05:35,540 - INFO - Validation Stats
Loss:
  total: 2.3164823096373985
Metrics:
  svhn_top1_accuracy: 0.1660919541428829
  svhn_top5_accuracy: 0.6165140086206896

2024-03-27 12:05:35,540 - INFO - Epoch 9/200
2024-03-27 12:05:35,857 - INFO - Train Stats
Loss:
  total: 2.1626943349838257
Metrics:
  svhn_top1_accuracy: 0.2157866396009922
  svhn_top5_accuracy: 0.7066271603107452

2024-03-27 12:05:36,564 - INFO - Validation Stats
Loss:
  total: 2.2976124163331657
Metrics:
  svhn_top1_accuracy: 0.17569145123506413
  svhn_top5_accuracy: 0.611871407977466

2024-03-27 12:05:36,564 - INFO - Epoch 10/200
2024-03-27 12:05:36,854 - INFO - Train Stats
Loss:
  total: 2.1315970420837402
Metrics:
  svhn_top1_accuracy: 0.23457704484462738
  svhn_top5_accuracy: 0.7233970910310745

2024-03-27 12:05:37,537 - INFO - Validation Stats
Loss:
  total: 2.3625669438263466
Metrics:
  svhn_top1_accuracy: 0.15369971276357255
  svhn_top5_accuracy: 0.5768857762731355

2024-03-27 12:05:37,537 - INFO - Epoch 11/200
2024-03-27 12:05:37,841 - INFO - Train Stats
Loss:
  total: 2.124527335166931
Metrics:
  svhn_top1_accuracy: 0.24528555944561958
  svhn_top5_accuracy: 0.6882408410310745

2024-03-27 12:05:38,441 - INFO - Validation Stats
Loss:
  total: 2.274483380646541
Metrics:
  svhn_top1_accuracy: 0.18198635069460706
  svhn_top5_accuracy: 0.6219468394230152

2024-03-27 12:05:38,441 - INFO - Epoch 12/200
2024-03-27 12:05:38,701 - INFO - Train Stats
Loss:
  total: 2.1301870942115784
Metrics:
  svhn_top1_accuracy: 0.24353448301553726
  svhn_top5_accuracy: 0.7238011807203293

2024-03-27 12:05:39,418 - INFO - Validation Stats
Loss:
  total: 2.3227779865264893
Metrics:
  svhn_top1_accuracy: 0.17270114966507616
  svhn_top5_accuracy: 0.6374012211273457

2024-03-27 12:05:39,419 - INFO - Epoch 13/200
2024-03-27 12:05:39,689 - INFO - Train Stats
Loss:
  total: 2.1034311056137085
Metrics:
  svhn_top1_accuracy: 0.2314789891242981
  svhn_top5_accuracy: 0.7451508641242981

2024-03-27 12:05:40,368 - INFO - Validation Stats
Loss:
  total: 2.4608218587678055
Metrics:
  svhn_top1_accuracy: 0.1567708333504611
  svhn_top5_accuracy: 0.5868534486869286

2024-03-27 12:05:40,368 - INFO - Epoch 14/200
2024-03-27 12:05:40,699 - INFO - Train Stats
Loss:
  total: 2.0742368400096893
Metrics:
  svhn_top1_accuracy: 0.24663254246115685
  svhn_top5_accuracy: 0.74609375

2024-03-27 12:05:41,437 - INFO - Validation Stats
Loss:
  total: 2.3600081082048088
Metrics:
  svhn_top1_accuracy: 0.20384339089023656
  svhn_top5_accuracy: 0.646632542897915

2024-03-27 12:05:41,438 - INFO - Epoch 15/200
2024-03-27 12:05:41,715 - INFO - Train Stats
Loss:
  total: 2.0329157412052155
Metrics:
  svhn_top1_accuracy: 0.25626347213983536
  svhn_top5_accuracy: 0.7531654089689255

2024-03-27 12:05:42,414 - INFO - Validation Stats
Loss:
  total: 2.3488618957585303
Metrics:
  svhn_top1_accuracy: 0.20239762936172814
  svhn_top5_accuracy: 0.6544091239057738

2024-03-27 12:05:42,415 - INFO - Epoch 16/200
2024-03-27 12:05:42,749 - INFO - Train Stats
Loss:
  total: 2.0012224316596985
Metrics:
  svhn_top1_accuracy: 0.2947871759533882
  svhn_top5_accuracy: 0.7595635801553726

2024-03-27 12:05:43,455 - INFO - Validation Stats
Loss:
  total: 2.546833062994069
Metrics:
  svhn_top1_accuracy: 0.16690014379805532
  svhn_top5_accuracy: 0.6082435342772253

2024-03-27 12:05:43,455 - INFO - Epoch 17/200
2024-03-27 12:05:43,766 - INFO - Train Stats
Loss:
  total: 2.0013018548488617
Metrics:
  svhn_top1_accuracy: 0.3015894368290901
  svhn_top5_accuracy: 0.7456896603107452

2024-03-27 12:05:44,461 - INFO - Validation Stats
Loss:
  total: 2.4433639501703195
Metrics:
  svhn_top1_accuracy: 0.19748563242369685
  svhn_top5_accuracy: 0.6455100579508419

2024-03-27 12:05:44,461 - INFO - Epoch 18/200
2024-03-27 12:05:44,736 - INFO - Train Stats
Loss:
  total: 2.000470131635666
Metrics:
  svhn_top1_accuracy: 0.26953125
  svhn_top5_accuracy: 0.751953125

2024-03-27 12:05:45,418 - INFO - Validation Stats
Loss:
  total: 2.797253674474256
Metrics:
  svhn_top1_accuracy: 0.21257183932024856
  svhn_top5_accuracy: 0.6715427441843624

2024-03-27 12:05:45,418 - INFO - Epoch 19/200
2024-03-27 12:05:45,701 - INFO - Train Stats
Loss:
  total: 2.027431011199951
Metrics:
  svhn_top1_accuracy: 0.2820581868290901
  svhn_top5_accuracy: 0.7681842744350433

2024-03-27 12:05:46,346 - INFO - Validation Stats
Loss:
  total: 2.512172287908094
Metrics:
  svhn_top1_accuracy: 0.17640086212034883
  svhn_top5_accuracy: 0.6260596267108259

2024-03-27 12:05:46,347 - INFO - Epoch 20/200
2024-03-27 12:05:46,665 - INFO - Train Stats
Loss:
  total: 1.9642119109630585
Metrics:
  svhn_top1_accuracy: 0.27485182881355286
  svhn_top5_accuracy: 0.787580817937851

2024-03-27 12:05:47,317 - INFO - Validation Stats
Loss:
  total: 2.3539042513946007
Metrics:
  svhn_top1_accuracy: 0.19862607763759021
  svhn_top5_accuracy: 0.6664601297214113

2024-03-27 12:05:47,317 - INFO - Epoch 21/200
2024-03-27 12:05:47,585 - INFO - Train Stats
Loss:
  total: 1.9105729758739471
Metrics:
  svhn_top1_accuracy: 0.28966864198446274
  svhn_top5_accuracy: 0.8141163736581802

2024-03-27 12:05:48,291 - INFO - Validation Stats
Loss:
  total: 2.394732615043377
Metrics:
  svhn_top1_accuracy: 0.1985632186305934
  svhn_top5_accuracy: 0.6567708336073776

2024-03-27 12:05:48,291 - INFO - Epoch 22/200
2024-03-27 12:05:48,579 - INFO - Train Stats
Loss:
  total: 1.9196308255195618
Metrics:
  svhn_top1_accuracy: 0.3299434259533882
  svhn_top5_accuracy: 0.801252692937851

2024-03-27 12:05:49,245 - INFO - Validation Stats
Loss:
  total: 2.6690936951801696
Metrics:
  svhn_top1_accuracy: 0.15859375020553326
  svhn_top5_accuracy: 0.6235272987135525

2024-03-27 12:05:49,245 - INFO - Epoch 23/200
2024-03-27 12:05:49,540 - INFO - Train Stats
Loss:
  total: 1.9129259288311005
Metrics:
  svhn_top1_accuracy: 0.3279903009533882
  svhn_top5_accuracy: 0.7943830788135529

2024-03-27 12:05:50,280 - INFO - Validation Stats
Loss:
  total: 2.262924946587661
Metrics:
  svhn_top1_accuracy: 0.24728807472977146
  svhn_top5_accuracy: 0.692762212506656

2024-03-27 12:05:50,336 - INFO - Epoch 24/200
2024-03-27 12:05:50,639 - INFO - Train Stats
Loss:
  total: 1.866764098405838
Metrics:
  svhn_top1_accuracy: 0.3145204707980156
  svhn_top5_accuracy: 0.8153286576271057

2024-03-27 12:05:51,276 - INFO - Validation Stats
Loss:
  total: 2.373634646678793
Metrics:
  svhn_top1_accuracy: 0.20566630748839215
  svhn_top5_accuracy: 0.6565014370556536

2024-03-27 12:05:51,276 - INFO - Epoch 25/200
2024-03-27 12:05:51,552 - INFO - Train Stats
Loss:
  total: 1.885138064622879
Metrics:
  svhn_top1_accuracy: 0.33735182881355286
  svhn_top5_accuracy: 0.7830684334039688

2024-03-27 12:05:52,224 - INFO - Validation Stats
Loss:
  total: 2.4514333626319624
Metrics:
  svhn_top1_accuracy: 0.202128232810004
  svhn_top5_accuracy: 0.6744432469894146

2024-03-27 12:05:52,225 - INFO - Epoch 26/200
2024-03-27 12:05:52,513 - INFO - Train Stats
Loss:
  total: 1.8578612506389618
Metrics:
  svhn_top1_accuracy: 0.33351293206214905
  svhn_top5_accuracy: 0.8242861032485962

2024-03-27 12:05:53,186 - INFO - Validation Stats
Loss:
  total: 2.366657520162648
Metrics:
  svhn_top1_accuracy: 0.23317169552219325
  svhn_top5_accuracy: 0.698688936644587

2024-03-27 12:05:53,186 - INFO - Epoch 27/200
2024-03-27 12:05:53,511 - INFO - Train Stats
Loss:
  total: 1.8069036900997162
Metrics:
  svhn_top1_accuracy: 0.34024784713983536
  svhn_top5_accuracy: 0.8412580788135529

2024-03-27 12:05:54,107 - INFO - Validation Stats
Loss:
  total: 2.6636690887911567
Metrics:
  svhn_top1_accuracy: 0.21734913798241778
  svhn_top5_accuracy: 0.6627244969894146

2024-03-27 12:05:54,107 - INFO - Epoch 28/200
2024-03-27 12:05:54,402 - INFO - Train Stats
Loss:
  total: 1.79469895362854
Metrics:
  svhn_top1_accuracy: 0.3487338349223137
  svhn_top5_accuracy: 0.8211880326271057

2024-03-27 12:05:55,024 - INFO - Validation Stats
Loss:
  total: 2.4325170845820985
Metrics:
  svhn_top1_accuracy: 0.20543283069955892
  svhn_top5_accuracy: 0.6899066094694466

2024-03-27 12:05:55,024 - INFO - Epoch 29/200
2024-03-27 12:05:55,320 - INFO - Train Stats
Loss:
  total: 1.7089341282844543
Metrics:
  svhn_top1_accuracy: 0.3858432099223137
  svhn_top5_accuracy: 0.8641567826271057

2024-03-27 12:05:56,050 - INFO - Validation Stats
Loss:
  total: 2.5824974076501253
Metrics:
  svhn_top1_accuracy: 0.20862966955735765
  svhn_top5_accuracy: 0.6397898711007217

2024-03-27 12:05:56,050 - INFO - Epoch 30/200
2024-03-27 12:05:56,338 - INFO - Train Stats
Loss:
  total: 1.7084093391895294
Metrics:
  svhn_top1_accuracy: 0.4073275849223137
  svhn_top5_accuracy: 0.8326373994350433

2024-03-27 12:05:57,018 - INFO - Validation Stats
Loss:
  total: 2.1891603572615264
Metrics:
  svhn_top1_accuracy: 0.26046156626323175
  svhn_top5_accuracy: 0.7282237790781876

2024-03-27 12:05:57,088 - INFO - Epoch 31/200
2024-03-27 12:05:57,377 - INFO - Train Stats
Loss:
  total: 1.6842263042926788
Metrics:
  svhn_top1_accuracy: 0.42025861889123917
  svhn_top5_accuracy: 0.8543911576271057

2024-03-27 12:05:58,101 - INFO - Validation Stats
Loss:
  total: 2.7119947343037047
Metrics:
  svhn_top1_accuracy: 0.22975035936668
  svhn_top5_accuracy: 0.6884877876988773

2024-03-27 12:05:58,102 - INFO - Epoch 32/200
2024-03-27 12:05:58,402 - INFO - Train Stats
Loss:
  total: 1.7193140387535095
Metrics:
  svhn_top1_accuracy: 0.3826104551553726
  svhn_top5_accuracy: 0.858903557062149

2024-03-27 12:05:58,998 - INFO - Validation Stats
Loss:
  total: 2.7950210406862457
Metrics:
  svhn_top1_accuracy: 0.24628232779174014
  svhn_top5_accuracy: 0.6948545256565357

2024-03-27 12:05:58,998 - INFO - Epoch 33/200
2024-03-27 12:05:59,296 - INFO - Train Stats
Loss:
  total: 1.6203482747077942
Metrics:
  svhn_top1_accuracy: 0.44080010801553726
  svhn_top5_accuracy: 0.8788388967514038

2024-03-27 12:06:00,003 - INFO - Validation Stats
Loss:
  total: 2.298347497808522
Metrics:
  svhn_top1_accuracy: 0.2620150863096632
  svhn_top5_accuracy: 0.7287625721816359

2024-03-27 12:06:00,004 - INFO - Epoch 34/200
2024-03-27 12:06:00,294 - INFO - Train Stats
Loss:
  total: 1.568051964044571
Metrics:
  svhn_top1_accuracy: 0.4572332948446274
  svhn_top5_accuracy: 0.8946659415960312

2024-03-27 12:06:00,908 - INFO - Validation Stats
Loss:
  total: 2.234413138751326
Metrics:
  svhn_top1_accuracy: 0.2611440373905774
  svhn_top5_accuracy: 0.7527029452652767

2024-03-27 12:06:00,908 - INFO - Epoch 35/200
2024-03-27 12:06:01,212 - INFO - Train Stats
Loss:
  total: 1.5910800695419312
Metrics:
  svhn_top1_accuracy: 0.42941810190677643
  svhn_top5_accuracy: 0.8934536576271057

2024-03-27 12:06:01,943 - INFO - Validation Stats
Loss:
  total: 2.391110506551019
Metrics:
  svhn_top1_accuracy: 0.2537895117340417
  svhn_top5_accuracy: 0.7282237790781876

2024-03-27 12:06:01,943 - INFO - Epoch 36/200
2024-03-27 12:06:02,252 - INFO - Train Stats
Loss:
  total: 1.554374247789383
Metrics:
  svhn_top1_accuracy: 0.4649784490466118
  svhn_top5_accuracy: 0.905778557062149

2024-03-27 12:06:02,902 - INFO - Validation Stats
Loss:
  total: 2.451529100023467
Metrics:
  svhn_top1_accuracy: 0.2796246409416199
  svhn_top5_accuracy: 0.7315642957029671

2024-03-27 12:06:02,902 - INFO - Epoch 37/200
2024-03-27 12:06:03,219 - INFO - Train Stats
Loss:
  total: 1.5844720602035522
Metrics:
  svhn_top1_accuracy: 0.41143588721752167
  svhn_top5_accuracy: 0.8853044211864471

2024-03-27 12:06:03,975 - INFO - Validation Stats
Loss:
  total: 2.231467014756696
Metrics:
  svhn_top1_accuracy: 0.28326149438989573
  svhn_top5_accuracy: 0.7523078301857258

2024-03-27 12:06:03,975 - INFO - Epoch 38/200
2024-03-27 12:06:04,257 - INFO - Train Stats
Loss:
  total: 1.4552675187587738
Metrics:
  svhn_top1_accuracy: 0.5132677778601646
  svhn_top5_accuracy: 0.9102909415960312

2024-03-27 12:06:04,890 - INFO - Validation Stats
Loss:
  total: 2.273788698788347
Metrics:
  svhn_top1_accuracy: 0.31285919557357655
  svhn_top5_accuracy: 0.7586027301591018

2024-03-27 12:06:04,890 - INFO - Epoch 39/200
2024-03-27 12:06:05,169 - INFO - Train Stats
Loss:
  total: 1.4422836303710938
Metrics:
  svhn_top1_accuracy: 0.5099676698446274
  svhn_top5_accuracy: 0.9114358872175217

2024-03-27 12:06:05,843 - INFO - Validation Stats
Loss:
  total: 2.316233250601538
Metrics:
  svhn_top1_accuracy: 0.29541127897542097
  svhn_top5_accuracy: 0.7497844829641539

2024-03-27 12:06:05,843 - INFO - Epoch 40/200
2024-03-27 12:06:06,144 - INFO - Train Stats
Loss:
  total: 1.508846938610077
Metrics:
  svhn_top1_accuracy: 0.48282596468925476
  svhn_top5_accuracy: 0.9098868519067764

2024-03-27 12:06:06,821 - INFO - Validation Stats
Loss:
  total: 2.4234201003765237
Metrics:
  svhn_top1_accuracy: 0.283800287493344
  svhn_top5_accuracy: 0.7587643676790697

2024-03-27 12:06:06,821 - INFO - Epoch 41/200
2024-03-27 12:06:07,130 - INFO - Train Stats
Loss:
  total: 1.3832477927207947
Metrics:
  svhn_top1_accuracy: 0.5068022608757019
  svhn_top5_accuracy: 0.8983701467514038

2024-03-27 12:06:07,814 - INFO - Validation Stats
Loss:
  total: 2.030877144172274
Metrics:
  svhn_top1_accuracy: 0.3546875001027666
  svhn_top5_accuracy: 0.7955729170092221

2024-03-27 12:06:07,852 - INFO - Epoch 42/200
2024-03-27 12:06:08,144 - INFO - Train Stats
Loss:
  total: 1.4294719398021698
Metrics:
  svhn_top1_accuracy: 0.5379175692796707
  svhn_top5_accuracy: 0.9198545217514038

2024-03-27 12:06:08,810 - INFO - Validation Stats
Loss:
  total: 3.6971752684691856
Metrics:
  svhn_top1_accuracy: 0.23025323296415395
  svhn_top5_accuracy: 0.6958333336073776

2024-03-27 12:06:08,810 - INFO - Epoch 43/200
2024-03-27 12:06:09,076 - INFO - Train Stats
Loss:
  total: 1.3061877489089966
Metrics:
  svhn_top1_accuracy: 0.5646551698446274
  svhn_top5_accuracy: 0.9200565665960312

2024-03-27 12:06:09,776 - INFO - Validation Stats
Loss:
  total: 3.0966156104515337
Metrics:
  svhn_top1_accuracy: 0.24587823296415395
  svhn_top5_accuracy: 0.716945042897915

2024-03-27 12:06:09,777 - INFO - Epoch 44/200
2024-03-27 12:06:10,047 - INFO - Train Stats
Loss:
  total: 1.260588139295578
Metrics:
  svhn_top1_accuracy: 0.5463362038135529
  svhn_top5_accuracy: 0.929216057062149

2024-03-27 12:06:10,650 - INFO - Validation Stats
Loss:
  total: 2.5036649210699675
Metrics:
  svhn_top1_accuracy: 0.2842043823209302
  svhn_top5_accuracy: 0.7506196118634323

2024-03-27 12:06:10,651 - INFO - Epoch 45/200
2024-03-27 12:06:10,963 - INFO - Train Stats
Loss:
  total: 1.241270899772644
Metrics:
  svhn_top1_accuracy: 0.5511853396892548
  svhn_top5_accuracy: 0.9575700461864471

2024-03-27 12:06:11,653 - INFO - Validation Stats
Loss:
  total: 2.449618462858529
Metrics:
  svhn_top1_accuracy: 0.2818426726193264
  svhn_top5_accuracy: 0.7514008622744988

2024-03-27 12:06:11,654 - INFO - Epoch 46/200
2024-03-27 12:06:11,988 - INFO - Train Stats
Loss:
  total: 1.1883307695388794
Metrics:
  svhn_top1_accuracy: 0.6143588423728943
  svhn_top5_accuracy: 0.9476023763418198

2024-03-27 12:06:12,681 - INFO - Validation Stats
Loss:
  total: 1.859003200613219
Metrics:
  svhn_top1_accuracy: 0.4028107040914996
  svhn_top5_accuracy: 0.8405352008753809

2024-03-27 12:06:12,729 - INFO - Epoch 47/200
2024-03-27 12:06:13,044 - INFO - Train Stats
Loss:
  total: 1.166903406381607
Metrics:
  svhn_top1_accuracy: 0.5750269442796707
  svhn_top5_accuracy: 0.9614762961864471

2024-03-27 12:06:13,690 - INFO - Validation Stats
Loss:
  total: 2.514816530819597
Metrics:
  svhn_top1_accuracy: 0.2820851294131115
  svhn_top5_accuracy: 0.7787086922546913

2024-03-27 12:06:13,691 - INFO - Epoch 48/200
2024-03-27 12:06:14,033 - INFO - Train Stats
Loss:
  total: 1.271432250738144
Metrics:
  svhn_top1_accuracy: 0.5641163736581802
  svhn_top5_accuracy: 0.9460533410310745

2024-03-27 12:06:14,641 - INFO - Validation Stats
Loss:
  total: 2.2562718740824996
Metrics:
  svhn_top1_accuracy: 0.39128951163127507
  svhn_top5_accuracy: 0.8175107754510025

2024-03-27 12:06:14,641 - INFO - Epoch 49/200
2024-03-27 12:06:14,924 - INFO - Train Stats
Loss:
  total: 1.0456849485635757
Metrics:
  svhn_top1_accuracy: 0.639143317937851
  svhn_top5_accuracy: 0.9757543057203293

2024-03-27 12:06:15,621 - INFO - Validation Stats
Loss:
  total: 2.2617175722944327
Metrics:
  svhn_top1_accuracy: 0.3351562501027666
  svhn_top5_accuracy: 0.7968929594960706

2024-03-27 12:06:15,621 - INFO - Epoch 50/200
2024-03-27 12:06:15,903 - INFO - Train Stats
Loss:
  total: 1.1430891752243042
Metrics:
  svhn_top1_accuracy: 0.6037850230932236
  svhn_top5_accuracy: 0.9620824307203293

2024-03-27 12:06:16,592 - INFO - Validation Stats
Loss:
  total: 2.3027368434544266
Metrics:
  svhn_top1_accuracy: 0.3486979167009222
  svhn_top5_accuracy: 0.8093570398873297

2024-03-27 12:06:16,592 - INFO - Epoch 51/200
2024-03-27 12:06:16,863 - INFO - Train Stats
Loss:
  total: 1.02206552028656
Metrics:
  svhn_top1_accuracy: 0.6516702622175217
  svhn_top5_accuracy: 0.9659886807203293

2024-03-27 12:06:17,552 - INFO - Validation Stats
Loss:
  total: 2.0934418172671876
Metrics:
  svhn_top1_accuracy: 0.39243893685012027
  svhn_top5_accuracy: 0.8384159484813953

2024-03-27 12:06:17,552 - INFO - Epoch 52/200
2024-03-27 12:06:17,855 - INFO - Train Stats
Loss:
  total: 0.980056881904602
Metrics:
  svhn_top1_accuracy: 0.6543642282485962
  svhn_top5_accuracy: 0.9675377160310745

2024-03-27 12:06:18,540 - INFO - Validation Stats
Loss:
  total: 1.9761793120154019
Metrics:
  svhn_top1_accuracy: 0.4115301725165597
  svhn_top5_accuracy: 0.8343390801857258

2024-03-27 12:06:18,540 - INFO - Epoch 53/200
2024-03-27 12:06:18,835 - INFO - Train Stats
Loss:
  total: 0.9866534024477005
Metrics:
  svhn_top1_accuracy: 0.6704606711864471
  svhn_top5_accuracy: 0.9665948301553726

2024-03-27 12:06:19,553 - INFO - Validation Stats
Loss:
  total: 2.015577114861587
Metrics:
  svhn_top1_accuracy: 0.3977280891147153
  svhn_top5_accuracy: 0.8515894392441059

2024-03-27 12:06:19,553 - INFO - Epoch 54/200
2024-03-27 12:06:19,838 - INFO - Train Stats
Loss:
  total: 0.8934133499860764
Metrics:
  svhn_top1_accuracy: 0.6862877160310745
  svhn_top5_accuracy: 0.9753502160310745

2024-03-27 12:06:20,587 - INFO - Validation Stats
Loss:
  total: 2.069337881844619
Metrics:
  svhn_top1_accuracy: 0.41304777305701684
  svhn_top5_accuracy: 0.8505387933089815

2024-03-27 12:06:20,587 - INFO - Epoch 55/200
2024-03-27 12:06:20,886 - INFO - Train Stats
Loss:
  total: 0.8801847249269485
Metrics:
  svhn_top1_accuracy: 0.6893857717514038
  svhn_top5_accuracy: 0.9761584103107452

2024-03-27 12:06:21,556 - INFO - Validation Stats
Loss:
  total: 2.297387283423851
Metrics:
  svhn_top1_accuracy: 0.4004849138958701
  svhn_top5_accuracy: 0.8199353444165197

2024-03-27 12:06:21,556 - INFO - Epoch 56/200
2024-03-27 12:06:21,842 - INFO - Train Stats
Loss:
  total: 0.8088351637125015
Metrics:
  svhn_top1_accuracy: 0.7345096915960312
  svhn_top5_accuracy: 0.9740032255649567

2024-03-27 12:06:22,580 - INFO - Validation Stats
Loss:
  total: 1.9026738569654267
Metrics:
  svhn_top1_accuracy: 0.43257902305701684
  svhn_top5_accuracy: 0.8488595547347233

2024-03-27 12:06:22,580 - INFO - Epoch 57/200
2024-03-27 12:06:22,869 - INFO - Train Stats
Loss:
  total: 0.7828983515501022
Metrics:
  svhn_top1_accuracy: 0.7517510801553726
  svhn_top5_accuracy: 0.9794585108757019

2024-03-27 12:06:23,553 - INFO - Validation Stats
Loss:
  total: 2.0934044163802574
Metrics:
  svhn_top1_accuracy: 0.4255747127121893
  svhn_top5_accuracy: 0.8329651581829992

2024-03-27 12:06:23,553 - INFO - Epoch 58/200
2024-03-27 12:06:23,831 - INFO - Train Stats
Loss:
  total: 0.8177047967910767
Metrics:
  svhn_top1_accuracy: 0.7228582948446274
  svhn_top5_accuracy: 0.978515625

2024-03-27 12:06:24,524 - INFO - Validation Stats
Loss:
  total: 1.9288059596357674
Metrics:
  svhn_top1_accuracy: 0.44207974137931033
  svhn_top5_accuracy: 0.8558638650795509

2024-03-27 12:06:24,524 - INFO - Epoch 59/200
2024-03-27 12:06:24,840 - INFO - Train Stats
Loss:
  total: 0.6562734991312027
Metrics:
  svhn_top1_accuracy: 0.7803071141242981
  svhn_top5_accuracy: 0.99609375

2024-03-27 12:06:25,584 - INFO - Validation Stats
Loss:
  total: 1.9375548259965305
Metrics:
  svhn_top1_accuracy: 0.4402478450331195
  svhn_top5_accuracy: 0.8635686060477947

2024-03-27 12:06:25,584 - INFO - Epoch 60/200
2024-03-27 12:06:25,862 - INFO - Train Stats
Loss:
  total: 0.6610739082098007
Metrics:
  svhn_top1_accuracy: 0.7621228396892548
  svhn_top5_accuracy: 0.9917834103107452

2024-03-27 12:06:26,530 - INFO - Validation Stats
Loss:
  total: 1.9862595591051826
Metrics:
  svhn_top1_accuracy: 0.4177622127121893
  svhn_top5_accuracy: 0.8559626433356055

2024-03-27 12:06:26,581 - INFO - Epoch 61/200
2024-03-27 12:06:26,871 - INFO - Train Stats
Loss:
  total: 0.7175259739160538
Metrics:
  svhn_top1_accuracy: 0.7755926698446274
  svhn_top5_accuracy: 0.9900323301553726

2024-03-27 12:06:27,561 - INFO - Validation Stats
Loss:
  total: 2.1070584942554604
Metrics:
  svhn_top1_accuracy: 0.43769755753977546
  svhn_top5_accuracy: 0.8651580461140337

2024-03-27 12:06:27,561 - INFO - Epoch 62/200
2024-03-27 12:06:27,837 - INFO - Train Stats
Loss:
  total: 0.7863518297672272
Metrics:
  svhn_top1_accuracy: 0.7308728396892548
  svhn_top5_accuracy: 0.9781115353107452

2024-03-27 12:06:28,539 - INFO - Validation Stats
Loss:
  total: 2.1716191974179497
Metrics:
  svhn_top1_accuracy: 0.4456178165715316
  svhn_top5_accuracy: 0.8650592668303128

2024-03-27 12:06:28,539 - INFO - Epoch 63/200
2024-03-27 12:06:28,836 - INFO - Train Stats
Loss:
  total: 0.6231449395418167
Metrics:
  svhn_top1_accuracy: 0.7783539891242981
  svhn_top5_accuracy: 0.9880792051553726

2024-03-27 12:06:29,577 - INFO - Validation Stats
Loss:
  total: 2.1970278189100068
Metrics:
  svhn_top1_accuracy: 0.47053699760601436
  svhn_top5_accuracy: 0.8658674564854852

2024-03-27 12:06:29,577 - INFO - Epoch 64/200
2024-03-27 12:06:29,859 - INFO - Train Stats
Loss:
  total: 0.5297817215323448
Metrics:
  svhn_top1_accuracy: 0.8203798532485962
  svhn_top5_accuracy: 0.99609375

2024-03-27 12:06:30,604 - INFO - Validation Stats
Loss:
  total: 1.7548496949261632
Metrics:
  svhn_top1_accuracy: 0.5025862069993183
  svhn_top5_accuracy: 0.8845545978381716

2024-03-27 12:06:30,652 - INFO - Epoch 65/200
2024-03-27 12:06:30,998 - INFO - Train Stats
Loss:
  total: 0.4513428583741188
Metrics:
  svhn_top1_accuracy: 0.8606546372175217
  svhn_top5_accuracy: 0.998046875

2024-03-27 12:06:31,717 - INFO - Validation Stats
Loss:
  total: 1.6032361326546505
Metrics:
  svhn_top1_accuracy: 0.5131375717705694
  svhn_top5_accuracy: 0.8871138650795509

2024-03-27 12:06:31,764 - INFO - Epoch 66/200
2024-03-27 12:06:32,059 - INFO - Train Stats
Loss:
  total: 0.3975875899195671
Metrics:
  svhn_top1_accuracy: 0.8799838423728943
  svhn_top5_accuracy: 0.998046875

2024-03-27 12:06:32,781 - INFO - Validation Stats
Loss:
  total: 1.5795175885332042
Metrics:
  svhn_top1_accuracy: 0.4989493535510425
  svhn_top5_accuracy: 0.8839439657227747

2024-03-27 12:06:32,823 - INFO - Epoch 67/200
2024-03-27 12:06:33,141 - INFO - Train Stats
Loss:
  total: 0.461168572306633
Metrics:
  svhn_top1_accuracy: 0.8672548532485962
  svhn_top5_accuracy: 0.9915813505649567

2024-03-27 12:06:33,817 - INFO - Validation Stats
Loss:
  total: 2.00338587678712
Metrics:
  svhn_top1_accuracy: 0.48177981325264635
  svhn_top5_accuracy: 0.8508710491246191

2024-03-27 12:06:33,817 - INFO - Epoch 68/200
2024-03-27 12:06:34,108 - INFO - Train Stats
Loss:
  total: 0.7676907479763031
Metrics:
  svhn_top1_accuracy: 0.7462284415960312
  svhn_top5_accuracy: 0.9771012961864471

2024-03-27 12:06:34,790 - INFO - Validation Stats
Loss:
  total: 3.803164034054197
Metrics:
  svhn_top1_accuracy: 0.39759339083885326
  svhn_top5_accuracy: 0.8067618536538091

2024-03-27 12:06:34,790 - INFO - Epoch 69/200
2024-03-27 12:06:35,076 - INFO - Train Stats
Loss:
  total: 0.7110779881477356
Metrics:
  svhn_top1_accuracy: 0.751953125
  svhn_top5_accuracy: 0.970703125

2024-03-27 12:06:35,736 - INFO - Validation Stats
Loss:
  total: 3.3784586725563837
Metrics:
  svhn_top1_accuracy: 0.42443426724137934
  svhn_top5_accuracy: 0.8414511495623095

2024-03-27 12:06:35,736 - INFO - Epoch 70/200
2024-03-27 12:06:36,024 - INFO - Train Stats
Loss:
  total: 0.567419171333313
Metrics:
  svhn_top1_accuracy: 0.8056977391242981
  svhn_top5_accuracy: 0.9917834103107452

2024-03-27 12:06:36,720 - INFO - Validation Stats
Loss:
  total: 1.5562223381009594
Metrics:
  svhn_top1_accuracy: 0.5856052441843624
  svhn_top5_accuracy: 0.9130836920491581

2024-03-27 12:06:36,759 - INFO - Epoch 71/200
2024-03-27 12:06:37,082 - INFO - Train Stats
Loss:
  total: 0.455218069255352
Metrics:
  svhn_top1_accuracy: 0.8574892282485962
  svhn_top5_accuracy: 0.986328125

2024-03-27 12:06:37,782 - INFO - Validation Stats
Loss:
  total: 1.3949419157258396
Metrics:
  svhn_top1_accuracy: 0.5776221269163592
  svhn_top5_accuracy: 0.904391163382037

2024-03-27 12:06:37,823 - INFO - Epoch 72/200
2024-03-27 12:06:38,127 - INFO - Train Stats
Loss:
  total: 0.3702366352081299
Metrics:
  svhn_top1_accuracy: 0.8923087269067764
  svhn_top5_accuracy: 1.0

2024-03-27 12:06:38,851 - INFO - Validation Stats
Loss:
  total: 1.464148042530849
Metrics:
  svhn_top1_accuracy: 0.5553609913793104
  svhn_top5_accuracy: 0.9025682467838814

2024-03-27 12:06:38,851 - INFO - Epoch 73/200
2024-03-27 12:06:39,151 - INFO - Train Stats
Loss:
  total: 0.3821908086538315
Metrics:
  svhn_top1_accuracy: 0.882341057062149
  svhn_top5_accuracy: 0.99609375

2024-03-27 12:06:39,773 - INFO - Validation Stats
Loss:
  total: 2.050267018120864
Metrics:
  svhn_top1_accuracy: 0.4820492098043705
  svhn_top5_accuracy: 0.8897090513130714

2024-03-27 12:06:39,773 - INFO - Epoch 74/200
2024-03-27 12:06:40,080 - INFO - Train Stats
Loss:
  total: 0.3965725898742676
Metrics:
  svhn_top1_accuracy: 0.8727774769067764
  svhn_top5_accuracy: 0.99609375

2024-03-27 12:06:40,788 - INFO - Validation Stats
Loss:
  total: 1.672204198508427
Metrics:
  svhn_top1_accuracy: 0.5426275144363272
  svhn_top5_accuracy: 0.9116379310344828

2024-03-27 12:06:40,788 - INFO - Epoch 75/200
2024-03-27 12:06:41,081 - INFO - Train Stats
Loss:
  total: 0.30323831737041473
Metrics:
  svhn_top1_accuracy: 0.9100888967514038
  svhn_top5_accuracy: 0.9978448301553726

2024-03-27 12:06:41,760 - INFO - Validation Stats
Loss:
  total: 1.4569877406646465
Metrics:
  svhn_top1_accuracy: 0.6010955459085005
  svhn_top5_accuracy: 0.9291127868767443

2024-03-27 12:06:41,760 - INFO - Epoch 76/200
2024-03-27 12:06:42,047 - INFO - Train Stats
Loss:
  total: 0.26165084168314934
Metrics:
  svhn_top1_accuracy: 0.9218076467514038
  svhn_top5_accuracy: 1.0

2024-03-27 12:06:42,769 - INFO - Validation Stats
Loss:
  total: 1.6314946063633622
Metrics:
  svhn_top1_accuracy: 0.549371407977466
  svhn_top5_accuracy: 0.9039511495623095

2024-03-27 12:06:42,769 - INFO - Epoch 77/200
2024-03-27 12:06:43,045 - INFO - Train Stats
Loss:
  total: 0.24052175506949425
Metrics:
  svhn_top1_accuracy: 0.929216057062149
  svhn_top5_accuracy: 0.998046875

2024-03-27 12:06:43,762 - INFO - Validation Stats
Loss:
  total: 1.4773984777516331
Metrics:
  svhn_top1_accuracy: 0.6037266521618284
  svhn_top5_accuracy: 0.9209590513130714

2024-03-27 12:06:43,762 - INFO - Epoch 78/200
2024-03-27 12:06:44,059 - INFO - Train Stats
Loss:
  total: 0.2068151980638504
Metrics:
  svhn_top1_accuracy: 0.9499595910310745
  svhn_top5_accuracy: 1.0

2024-03-27 12:06:44,755 - INFO - Validation Stats
Loss:
  total: 1.6743077676871727
Metrics:
  svhn_top1_accuracy: 0.5748293821153969
  svhn_top5_accuracy: 0.9168193247811548

2024-03-27 12:06:44,755 - INFO - Epoch 79/200
2024-03-27 12:06:45,039 - INFO - Train Stats
Loss:
  total: 0.16109060309827328
Metrics:
  svhn_top1_accuracy: 0.9622844755649567
  svhn_top5_accuracy: 1.0

2024-03-27 12:06:45,762 - INFO - Validation Stats
Loss:
  total: 1.5271763801574707
Metrics:
  svhn_top1_accuracy: 0.6026131469627907
  svhn_top5_accuracy: 0.9191720547347233

2024-03-27 12:06:45,762 - INFO - Epoch 80/200
2024-03-27 12:06:46,041 - INFO - Train Stats
Loss:
  total: 0.1929977349936962
Metrics:
  svhn_top1_accuracy: 0.9493534415960312
  svhn_top5_accuracy: 1.0

2024-03-27 12:06:46,802 - INFO - Validation Stats
Loss:
  total: 2.0136718626680046
Metrics:
  svhn_top1_accuracy: 0.5523617098043705
  svhn_top5_accuracy: 0.9166487064854852

2024-03-27 12:06:46,802 - INFO - Epoch 81/200
2024-03-27 12:06:47,100 - INFO - Train Stats
Loss:
  total: 0.16296220012009144
Metrics:
  svhn_top1_accuracy: 0.9484105557203293
  svhn_top5_accuracy: 1.0

2024-03-27 12:06:47,845 - INFO - Validation Stats
Loss:
  total: 1.5043103859342377
Metrics:
  svhn_top1_accuracy: 0.6275951872611868
  svhn_top5_accuracy: 0.9272270110146753

2024-03-27 12:06:47,845 - INFO - Epoch 82/200
2024-03-27 12:06:48,143 - INFO - Train Stats
Loss:
  total: 0.10158461332321167
Metrics:
  svhn_top1_accuracy: 0.9798626005649567
  svhn_top5_accuracy: 0.998046875

2024-03-27 12:06:48,886 - INFO - Validation Stats
Loss:
  total: 1.4313738356376517
Metrics:
  svhn_top1_accuracy: 0.6426185348938251
  svhn_top5_accuracy: 0.9268229161870891

2024-03-27 12:06:48,887 - INFO - Epoch 83/200
2024-03-27 12:06:49,200 - INFO - Train Stats
Loss:
  total: 0.1089097112417221
Metrics:
  svhn_top1_accuracy: 0.9657866358757019
  svhn_top5_accuracy: 0.998046875

2024-03-27 12:06:49,936 - INFO - Validation Stats
Loss:
  total: 1.489509101571708
Metrics:
  svhn_top1_accuracy: 0.6369971262997595
  svhn_top5_accuracy: 0.9257453299801925

2024-03-27 12:06:49,936 - INFO - Epoch 84/200
2024-03-27 12:06:50,252 - INFO - Train Stats
Loss:
  total: 0.10147280059754848
Metrics:
  svhn_top1_accuracy: 0.9755522608757019
  svhn_top5_accuracy: 1.0

2024-03-27 12:06:50,933 - INFO - Validation Stats
Loss:
  total: 1.421182195688116
Metrics:
  svhn_top1_accuracy: 0.6449084055834803
  svhn_top5_accuracy: 0.9321120689655172

2024-03-27 12:06:50,933 - INFO - Epoch 85/200
2024-03-27 12:06:51,208 - INFO - Train Stats
Loss:
  total: 0.08155668713152409
Metrics:
  svhn_top1_accuracy: 0.9798626005649567
  svhn_top5_accuracy: 1.0

2024-03-27 12:06:51,898 - INFO - Validation Stats
Loss:
  total: 1.3883056373431766
Metrics:
  svhn_top1_accuracy: 0.6572018676790697
  svhn_top5_accuracy: 0.9357489224137931

2024-03-27 12:06:51,934 - INFO - Epoch 86/200
2024-03-27 12:06:52,277 - INFO - Train Stats
Loss:
  total: 0.07197736483067274
Metrics:
  svhn_top1_accuracy: 0.9822198301553726
  svhn_top5_accuracy: 1.0

2024-03-27 12:06:52,980 - INFO - Validation Stats
Loss:
  total: 1.365106264065052
Metrics:
  svhn_top1_accuracy: 0.6649515084151564
  svhn_top5_accuracy: 0.9365571120689655

2024-03-27 12:06:53,027 - INFO - Epoch 87/200
2024-03-27 12:06:53,325 - INFO - Train Stats
Loss:
  total: 0.07207341026514769
Metrics:
  svhn_top1_accuracy: 0.9880792051553726
  svhn_top5_accuracy: 1.0

2024-03-27 12:06:53,993 - INFO - Validation Stats
Loss:
  total: 1.3644472874444107
Metrics:
  svhn_top1_accuracy: 0.669935344622053
  svhn_top5_accuracy: 0.9366918103448276

2024-03-27 12:06:54,052 - INFO - Epoch 88/200
2024-03-27 12:06:54,399 - INFO - Train Stats
Loss:
  total: 0.06145985517650843
Metrics:
  svhn_top1_accuracy: 0.99609375
  svhn_top5_accuracy: 1.0

2024-03-27 12:06:55,148 - INFO - Validation Stats
Loss:
  total: 1.3731732162935981
Metrics:
  svhn_top1_accuracy: 0.6711476291048115
  svhn_top5_accuracy: 0.9360183189655172

2024-03-27 12:06:55,149 - INFO - Epoch 89/200
2024-03-27 12:06:55,511 - INFO - Train Stats
Loss:
  total: 0.08102547749876976
Metrics:
  svhn_top1_accuracy: 0.9800646603107452
  svhn_top5_accuracy: 1.0

2024-03-27 12:06:56,259 - INFO - Validation Stats
Loss:
  total: 1.3880550768868676
Metrics:
  svhn_top1_accuracy: 0.6714170256565357
  svhn_top5_accuracy: 0.9350754310344828

2024-03-27 12:06:56,259 - INFO - Epoch 90/200
2024-03-27 12:06:56,579 - INFO - Train Stats
Loss:
  total: 0.059996058233082294
Metrics:
  svhn_top1_accuracy: 0.9896282255649567
  svhn_top5_accuracy: 1.0

2024-03-27 12:06:57,311 - INFO - Validation Stats
Loss:
  total: 1.3982249765560544
Metrics:
  svhn_top1_accuracy: 0.6692259342506014
  svhn_top5_accuracy: 0.935479525862069

2024-03-27 12:06:57,354 - INFO - Epoch 91/200
2024-03-27 12:06:57,659 - INFO - Train Stats
Loss:
  total: 0.06016593333333731
Metrics:
  svhn_top1_accuracy: 0.9880792051553726
  svhn_top5_accuracy: 1.0

2024-03-27 12:06:58,360 - INFO - Validation Stats
Loss:
  total: 1.4531493084184055
Metrics:
  svhn_top1_accuracy: 0.6594558193765837
  svhn_top5_accuracy: 0.9334231317043304

2024-03-27 12:06:58,361 - INFO - Epoch 92/200
2024-03-27 12:06:58,660 - INFO - Train Stats
Loss:
  total: 0.04987081699073315
Metrics:
  svhn_top1_accuracy: 0.99609375
  svhn_top5_accuracy: 1.0

2024-03-27 12:06:59,388 - INFO - Validation Stats
Loss:
  total: 1.4556463751299629
Metrics:
  svhn_top1_accuracy: 0.6639727014919807
  svhn_top5_accuracy: 0.9320402299535686

2024-03-27 12:06:59,389 - INFO - Epoch 93/200
2024-03-27 12:06:59,692 - INFO - Train Stats
Loss:
  total: 0.06947809644043446
Metrics:
  svhn_top1_accuracy: 0.9777074307203293
  svhn_top5_accuracy: 1.0

2024-03-27 12:07:00,361 - INFO - Validation Stats
Loss:
  total: 1.4423394264846012
Metrics:
  svhn_top1_accuracy: 0.6686871411471531
  svhn_top5_accuracy: 0.9317708334018444

2024-03-27 12:07:00,362 - INFO - Epoch 94/200
2024-03-27 12:07:00,639 - INFO - Train Stats
Loss:
  total: 0.06630977801978588
Metrics:
  svhn_top1_accuracy: 0.9841729551553726
  svhn_top5_accuracy: 1.0

2024-03-27 12:07:01,365 - INFO - Validation Stats
Loss:
  total: 1.4527339503682892
Metrics:
  svhn_top1_accuracy: 0.668552442871291
  svhn_top5_accuracy: 0.9317708334018444

2024-03-27 12:07:01,365 - INFO - Epoch 95/200
2024-03-27 12:07:01,644 - INFO - Train Stats
Loss:
  total: 0.05984741821885109
Metrics:
  svhn_top1_accuracy: 0.9898302853107452
  svhn_top5_accuracy: 1.0

2024-03-27 12:07:02,330 - INFO - Validation Stats
Loss:
  total: 1.4719896912574768
Metrics:
  svhn_top1_accuracy: 0.6626257187333601
  svhn_top5_accuracy: 0.9313667385742582

2024-03-27 12:07:02,331 - INFO - Epoch 96/200
2024-03-27 12:07:02,608 - INFO - Train Stats
Loss:
  total: 0.051185921765863895
Metrics:
  svhn_top1_accuracy: 0.9937365353107452
  svhn_top5_accuracy: 1.0

2024-03-27 12:07:03,358 - INFO - Validation Stats
Loss:
  total: 1.4554888996584663
Metrics:
  svhn_top1_accuracy: 0.669935344622053
  svhn_top5_accuracy: 0.9338272265319166

2024-03-27 12:07:03,358 - INFO - Epoch 97/200
2024-03-27 12:07:03,649 - INFO - Train Stats
Loss:
  total: 0.045662094838917255
Metrics:
  svhn_top1_accuracy: 0.9956896603107452
  svhn_top5_accuracy: 1.0

2024-03-27 12:07:04,319 - INFO - Validation Stats
Loss:
  total: 1.4547106726416226
Metrics:
  svhn_top1_accuracy: 0.6724946118634323
  svhn_top5_accuracy: 0.9349048127388132

2024-03-27 12:07:04,319 - INFO - Epoch 98/200
2024-03-27 12:07:04,606 - INFO - Train Stats
Loss:
  total: 0.04568322468549013
Metrics:
  svhn_top1_accuracy: 0.9896282255649567
  svhn_top5_accuracy: 1.0

2024-03-27 12:07:05,247 - INFO - Validation Stats
Loss:
  total: 1.455696502636219
Metrics:
  svhn_top1_accuracy: 0.6766702584151564
  svhn_top5_accuracy: 0.9362517954974339

2024-03-27 12:07:05,247 - INFO - Epoch 99/200
2024-03-27 12:07:05,522 - INFO - Train Stats
Loss:
  total: 0.0415155584923923
Metrics:
  svhn_top1_accuracy: 0.9921875
  svhn_top5_accuracy: 1.0

2024-03-27 12:07:06,183 - INFO - Validation Stats
Loss:
  total: 1.4611530509488335
Metrics:
  svhn_top1_accuracy: 0.6721892963195669
  svhn_top5_accuracy: 0.9362517954974339

2024-03-27 12:07:06,184 - INFO - Epoch 100/200
2024-03-27 12:07:06,456 - INFO - Train Stats
Loss:
  total: 0.050632002763450146
Metrics:
  svhn_top1_accuracy: 0.9898302853107452
  svhn_top5_accuracy: 1.0

2024-03-27 12:07:07,173 - INFO - Validation Stats
Loss:
  total: 1.470097332165159
Metrics:
  svhn_top1_accuracy: 0.6692618532427426
  svhn_top5_accuracy: 0.934500717911227

2024-03-27 12:07:07,174 - INFO - Epoch 101/200
2024-03-27 12:07:07,464 - INFO - Train Stats
Loss:
  total: 0.05684969946742058
Metrics:
  svhn_top1_accuracy: 0.98828125
  svhn_top5_accuracy: 1.0

2024-03-27 12:07:08,139 - INFO - Validation Stats
Loss:
  total: 1.4910747347206905
Metrics:
  svhn_top1_accuracy: 0.6669360635609463
  svhn_top5_accuracy: 0.9339619248077787

2024-03-27 12:07:08,139 - INFO - Epoch 102/200
2024-03-27 12:07:08,407 - INFO - Train Stats
Loss:
  total: 0.04495650064200163
Metrics:
  svhn_top1_accuracy: 0.99609375
  svhn_top5_accuracy: 1.0

2024-03-27 12:07:09,106 - INFO - Validation Stats
Loss:
  total: 1.5029441323773614
Metrics:
  svhn_top1_accuracy: 0.665418462506656
  svhn_top5_accuracy: 0.9332525144363272

2024-03-27 12:07:09,106 - INFO - Epoch 103/200
2024-03-27 12:07:09,385 - INFO - Train Stats
Loss:
  total: 0.04469080734997988
Metrics:
  svhn_top1_accuracy: 0.994140625
  svhn_top5_accuracy: 1.0

2024-03-27 12:07:10,009 - INFO - Validation Stats
Loss:
  total: 1.5290561482824128
Metrics:
  svhn_top1_accuracy: 0.6648796694032078
  svhn_top5_accuracy: 0.9332884334284683

2024-03-27 12:07:10,009 - INFO - Epoch 104/200
2024-03-27 12:07:10,287 - INFO - Train Stats
Loss:
  total: 0.036038676742464304
Metrics:
  svhn_top1_accuracy: 0.9921875
  svhn_top5_accuracy: 1.0

2024-03-27 12:07:10,987 - INFO - Validation Stats
Loss:
  total: 1.5336226368772572
Metrics:
  svhn_top1_accuracy: 0.6661278739057738
  svhn_top5_accuracy: 0.9321749282294306

2024-03-27 12:07:10,987 - INFO - Epoch 105/200
2024-03-27 12:07:11,247 - INFO - Train Stats
Loss:
  total: 0.03750980645418167
Metrics:
  svhn_top1_accuracy: 0.9937365353107452
  svhn_top5_accuracy: 1.0

2024-03-27 12:07:11,918 - INFO - Validation Stats
Loss:
  total: 1.5242303733167977
Metrics:
  svhn_top1_accuracy: 0.6701688221816359
  svhn_top5_accuracy: 0.9315014368501203

2024-03-27 12:07:11,918 - INFO - Epoch 106/200
2024-03-27 12:07:12,204 - INFO - Train Stats
Loss:
  total: 0.04703604429960251
Metrics:
  svhn_top1_accuracy: 0.990234375
  svhn_top5_accuracy: 1.0

2024-03-27 12:07:12,860 - INFO - Validation Stats
Loss:
  total: 1.5304640572646568
Metrics:
  svhn_top1_accuracy: 0.6689565376988773
  svhn_top5_accuracy: 0.9320402299535686

2024-03-27 12:07:12,860 - INFO - Epoch 107/200
2024-03-27 12:07:13,136 - INFO - Train Stats
Loss:
  total: 0.040869117714464664
Metrics:
  svhn_top1_accuracy: 0.9958917051553726
  svhn_top5_accuracy: 1.0

2024-03-27 12:07:13,810 - INFO - Validation Stats
Loss:
  total: 1.4854237334481601
Metrics:
  svhn_top1_accuracy: 0.6739403739057738
  svhn_top5_accuracy: 0.9338272265319166

2024-03-27 12:07:13,810 - INFO - Epoch 108/200
2024-03-27 12:07:14,112 - INFO - Train Stats
Loss:
  total: 0.0417229225859046
Metrics:
  svhn_top1_accuracy: 0.994140625
  svhn_top5_accuracy: 1.0

2024-03-27 12:07:14,809 - INFO - Validation Stats
Loss:
  total: 1.485904442852941
Metrics:
  svhn_top1_accuracy: 0.6745510060211708
  svhn_top5_accuracy: 0.9308279454708099

2024-03-27 12:07:14,809 - INFO - Epoch 109/200
2024-03-27 12:07:15,111 - INFO - Train Stats
Loss:
  total: 0.04907766170799732
Metrics:
  svhn_top1_accuracy: 0.9898302853107452
  svhn_top5_accuracy: 1.0

2024-03-27 12:07:15,711 - INFO - Validation Stats
Loss:
  total: 1.4905436429484138
Metrics:
  svhn_top1_accuracy: 0.6769396549668806
  svhn_top5_accuracy: 0.9333872127121893

2024-03-27 12:07:15,711 - INFO - Epoch 110/200
2024-03-27 12:07:15,995 - INFO - Train Stats
Loss:
  total: 0.04141057841479778
Metrics:
  svhn_top1_accuracy: 0.9958917051553726
  svhn_top5_accuracy: 1.0

2024-03-27 12:07:16,633 - INFO - Validation Stats
Loss:
  total: 1.5331912801183503
Metrics:
  svhn_top1_accuracy: 0.6677442532161186
  svhn_top5_accuracy: 0.930962643746672

2024-03-27 12:07:16,634 - INFO - Epoch 111/200
2024-03-27 12:07:16,932 - INFO - Train Stats
Loss:
  total: 0.03435599338263273
Metrics:
  svhn_top1_accuracy: 0.9956896603107452
  svhn_top5_accuracy: 1.0

2024-03-27 12:07:17,577 - INFO - Validation Stats
Loss:
  total: 1.5790494002144912
Metrics:
  svhn_top1_accuracy: 0.6566271555834803
  svhn_top5_accuracy: 0.928942169608741

2024-03-27 12:07:17,577 - INFO - Epoch 112/200
2024-03-27 12:07:17,881 - INFO - Train Stats
Loss:
  total: 0.04185163322836161
Metrics:
  svhn_top1_accuracy: 0.9915813505649567
  svhn_top5_accuracy: 1.0

2024-03-27 12:07:18,574 - INFO - Validation Stats
Loss:
  total: 1.5656286642469208
Metrics:
  svhn_top1_accuracy: 0.6547413797214113
  svhn_top5_accuracy: 0.9302891523673616

2024-03-27 12:07:18,574 - INFO - Epoch 113/200
2024-03-27 12:07:18,867 - INFO - Train Stats
Loss:
  total: 0.028494579251855612
Metrics:
  svhn_top1_accuracy: 1.0
  svhn_top5_accuracy: 1.0

2024-03-27 12:07:19,449 - INFO - Validation Stats
Loss:
  total: 1.541036322199065
Metrics:
  svhn_top1_accuracy: 0.6604705463195669
  svhn_top5_accuracy: 0.9319055316777065

2024-03-27 12:07:19,449 - INFO - Epoch 114/200
2024-03-27 12:07:19,750 - INFO - Train Stats
Loss:
  total: 0.029388642869889736
Metrics:
  svhn_top1_accuracy: 0.9958917051553726
  svhn_top5_accuracy: 1.0

2024-03-27 12:07:20,428 - INFO - Validation Stats
Loss:
  total: 1.549127040238216
Metrics:
  svhn_top1_accuracy: 0.6623204021618284
  svhn_top5_accuracy: 0.932480243773296

2024-03-27 12:07:20,428 - INFO - Epoch 115/200
2024-03-27 12:07:20,709 - INFO - Train Stats
Loss:
  total: 0.03686616336926818
Metrics:
  svhn_top1_accuracy: 0.9939385801553726
  svhn_top5_accuracy: 1.0

2024-03-27 12:07:21,253 - INFO - Validation Stats
Loss:
  total: 1.5396579031286568
Metrics:
  svhn_top1_accuracy: 0.6676095549402565
  svhn_top5_accuracy: 0.930962643746672

2024-03-27 12:07:21,253 - INFO - Epoch 116/200
2024-03-27 12:07:21,529 - INFO - Train Stats
Loss:
  total: 0.04292007768526673
Metrics:
  svhn_top1_accuracy: 0.9898302853107452
  svhn_top5_accuracy: 1.0

2024-03-27 12:07:22,145 - INFO - Validation Stats
Loss:
  total: 1.5005844091546947
Metrics:
  svhn_top1_accuracy: 0.6757273704841219
  svhn_top5_accuracy: 0.9332884334284683

2024-03-27 12:07:22,145 - INFO - Epoch 117/200
2024-03-27 12:07:22,483 - INFO - Train Stats
Loss:
  total: 0.042676396667957306
Metrics:
  svhn_top1_accuracy: 0.9876751005649567
  svhn_top5_accuracy: 1.0

2024-03-27 12:07:23,129 - INFO - Validation Stats
Loss:
  total: 1.5418656488944744
Metrics:
  svhn_top1_accuracy: 0.6730334049668806
  svhn_top5_accuracy: 0.9335578299801925

2024-03-27 12:07:23,129 - INFO - Epoch 118/200
2024-03-27 12:07:23,411 - INFO - Train Stats
Loss:
  total: 0.041213938035070896
Metrics:
  svhn_top1_accuracy: 0.9876751005649567
  svhn_top5_accuracy: 1.0

2024-03-27 12:07:24,015 - INFO - Validation Stats
Loss:
  total: 1.5493807402150384
Metrics:
  svhn_top1_accuracy: 0.6751526583885324
  svhn_top5_accuracy: 0.9343660196353649

2024-03-27 12:07:24,015 - INFO - Epoch 119/200
2024-03-27 12:07:24,288 - INFO - Train Stats
Loss:
  total: 0.025193239096552134
Metrics:
  svhn_top1_accuracy: 0.9958917051553726
  svhn_top5_accuracy: 1.0

2024-03-27 12:07:24,984 - INFO - Validation Stats
Loss:
  total: 1.5593721434987824
Metrics:
  svhn_top1_accuracy: 0.6689206176790697
  svhn_top5_accuracy: 0.9343660196353649

2024-03-27 12:07:24,984 - INFO - Epoch 120/200
2024-03-27 12:07:25,284 - INFO - Train Stats
Loss:
  total: 0.033574245404452085
Metrics:
  svhn_top1_accuracy: 0.9978448301553726
  svhn_top5_accuracy: 1.0

2024-03-27 12:07:25,910 - INFO - Validation Stats
Loss:
  total: 1.5525756026136464
Metrics:
  svhn_top1_accuracy: 0.6701688221816359
  svhn_top5_accuracy: 0.9328843386008822

2024-03-27 12:07:25,952 - INFO - Epoch 121/200
2024-03-27 12:07:26,278 - INFO - Train Stats
Loss:
  total: 0.03235666360706091
Metrics:
  svhn_top1_accuracy: 0.994140625
  svhn_top5_accuracy: 1.0

2024-03-27 12:07:26,897 - INFO - Validation Stats
Loss:
  total: 1.5382401799333507
Metrics:
  svhn_top1_accuracy: 0.6738056756299118
  svhn_top5_accuracy: 0.9327496403250201

2024-03-27 12:07:26,897 - INFO - Epoch 122/200
2024-03-27 12:07:27,180 - INFO - Train Stats
Loss:
  total: 0.03308652015402913
Metrics:
  svhn_top1_accuracy: 0.994140625
  svhn_top5_accuracy: 1.0

2024-03-27 12:07:27,760 - INFO - Validation Stats
Loss:
  total: 1.5400402833675515
Metrics:
  svhn_top1_accuracy: 0.6737068963461909
  svhn_top5_accuracy: 0.931097342022534

2024-03-27 12:07:27,761 - INFO - Epoch 123/200
2024-03-27 12:07:28,047 - INFO - Train Stats
Loss:
  total: 0.02924088668078184
Metrics:
  svhn_top1_accuracy: 0.99609375
  svhn_top5_accuracy: 1.0

2024-03-27 12:07:28,712 - INFO - Validation Stats
Loss:
  total: 1.5433510583022545
Metrics:
  svhn_top1_accuracy: 0.674110991173777
  svhn_top5_accuracy: 0.9317708334018444

2024-03-27 12:07:28,712 - INFO - Epoch 124/200
2024-03-27 12:07:29,013 - INFO - Train Stats
Loss:
  total: 0.025389567017555237
Metrics:
  svhn_top1_accuracy: 0.998046875
  svhn_top5_accuracy: 1.0

2024-03-27 12:07:29,586 - INFO - Validation Stats
Loss:
  total: 1.545821200157034
Metrics:
  svhn_top1_accuracy: 0.6733028015186047
  svhn_top5_accuracy: 0.9316361351259823

2024-03-27 12:07:29,586 - INFO - Epoch 125/200
2024-03-27 12:07:29,852 - INFO - Train Stats
Loss:
  total: 0.042048314586281776
Metrics:
  svhn_top1_accuracy: 0.9894261807203293
  svhn_top5_accuracy: 1.0

2024-03-27 12:07:30,569 - INFO - Validation Stats
Loss:
  total: 1.55581527537313
Metrics:
  svhn_top1_accuracy: 0.6725933911471531
  svhn_top5_accuracy: 0.931097342022534

2024-03-27 12:07:30,570 - INFO - Epoch 126/200
2024-03-27 12:07:30,862 - INFO - Train Stats
Loss:
  total: 0.02214276883751154
Metrics:
  svhn_top1_accuracy: 1.0
  svhn_top5_accuracy: 1.0

2024-03-27 12:07:31,544 - INFO - Validation Stats
Loss:
  total: 1.5523815566095813
Metrics:
  svhn_top1_accuracy: 0.672458692871291
  svhn_top5_accuracy: 0.9313667385742582

2024-03-27 12:07:31,545 - INFO - Epoch 127/200
2024-03-27 12:07:31,838 - INFO - Train Stats
Loss:
  total: 0.030237136408686638
Metrics:
  svhn_top1_accuracy: 0.99609375
  svhn_top5_accuracy: 1.0

2024-03-27 12:07:32,529 - INFO - Validation Stats
Loss:
  total: 1.5601228845530544
Metrics:
  svhn_top1_accuracy: 0.6706716952652767
  svhn_top5_accuracy: 0.9312320402983961

2024-03-27 12:07:32,529 - INFO - Epoch 128/200
2024-03-27 12:07:32,795 - INFO - Train Stats
Loss:
  total: 0.026446552481502295
Metrics:
  svhn_top1_accuracy: 1.0
  svhn_top5_accuracy: 1.0

2024-03-27 12:07:33,505 - INFO - Validation Stats
Loss:
  total: 1.560291904827644
Metrics:
  svhn_top1_accuracy: 0.672323994595429
  svhn_top5_accuracy: 0.9317708334018444

2024-03-27 12:07:33,506 - INFO - Epoch 129/200
2024-03-27 12:07:33,813 - INFO - Train Stats
Loss:
  total: 0.021172265987843275
Metrics:
  svhn_top1_accuracy: 1.0
  svhn_top5_accuracy: 1.0

2024-03-27 12:07:34,427 - INFO - Validation Stats
Loss:
  total: 1.5536689778854107
Metrics:
  svhn_top1_accuracy: 0.6725933911471531
  svhn_top5_accuracy: 0.9319055316777065

2024-03-27 12:07:34,427 - INFO - Epoch 130/200
2024-03-27 12:07:34,721 - INFO - Train Stats
Loss:
  total: 0.024822286795824766
Metrics:
  svhn_top1_accuracy: 0.99609375
  svhn_top5_accuracy: 1.0

2024-03-27 12:07:35,407 - INFO - Validation Stats
Loss:
  total: 1.5548564914999337
Metrics:
  svhn_top1_accuracy: 0.6750538791048115
  svhn_top5_accuracy: 0.9324443247811548

2024-03-27 12:07:35,407 - INFO - Epoch 131/200
2024-03-27 12:07:35,698 - INFO - Train Stats
Loss:
  total: 0.03261059056967497
Metrics:
  svhn_top1_accuracy: 0.9878771603107452
  svhn_top5_accuracy: 1.0

2024-03-27 12:07:36,368 - INFO - Validation Stats
Loss:
  total: 1.5516975789234555
Metrics:
  svhn_top1_accuracy: 0.6766702584151564
  svhn_top5_accuracy: 0.9323096265052927

2024-03-27 12:07:36,368 - INFO - Epoch 132/200
2024-03-27 12:07:36,693 - INFO - Train Stats
Loss:
  total: 0.031085698399692774
Metrics:
  svhn_top1_accuracy: 0.9956896603107452
  svhn_top5_accuracy: 1.0

2024-03-27 12:07:37,349 - INFO - Validation Stats
Loss:
  total: 1.5488213999518032
Metrics:
  svhn_top1_accuracy: 0.678116020457498
  svhn_top5_accuracy: 0.9331178161604651

2024-03-27 12:07:37,349 - INFO - Epoch 133/200
2024-03-27 12:07:37,654 - INFO - Train Stats
Loss:
  total: 0.022429626435041428
Metrics:
  svhn_top1_accuracy: 1.0
  svhn_top5_accuracy: 1.0

2024-03-27 12:07:38,304 - INFO - Validation Stats
Loss:
  total: 1.5437470099021648
Metrics:
  svhn_top1_accuracy: 0.6790589083885324
  svhn_top5_accuracy: 0.9336566092639134

2024-03-27 12:07:38,304 - INFO - Epoch 134/200
2024-03-27 12:07:38,569 - INFO - Train Stats
Loss:
  total: 0.022426115814596415
Metrics:
  svhn_top1_accuracy: 1.0
  svhn_top5_accuracy: 1.0

2024-03-27 12:07:39,295 - INFO - Validation Stats
Loss:
  total: 1.5395657070751847
Metrics:
  svhn_top1_accuracy: 0.6805405894230152
  svhn_top5_accuracy: 0.9336566092639134

2024-03-27 12:07:39,295 - INFO - Epoch 135/200
2024-03-27 12:07:39,587 - INFO - Train Stats
Loss:
  total: 0.025645430199801922
Metrics:
  svhn_top1_accuracy: 0.9939385801553726
  svhn_top5_accuracy: 1.0

2024-03-27 12:07:40,276 - INFO - Validation Stats
Loss:
  total: 1.5396054140452682
Metrics:
  svhn_top1_accuracy: 0.6799030170358461
  svhn_top5_accuracy: 0.9333872127121893

2024-03-27 12:07:40,277 - INFO - Epoch 136/200
2024-03-27 12:07:40,550 - INFO - Train Stats
Loss:
  total: 0.021843564230948687
Metrics:
  svhn_top1_accuracy: 0.998046875
  svhn_top5_accuracy: 1.0

2024-03-27 12:07:41,230 - INFO - Validation Stats
Loss:
  total: 1.5395280266630238
Metrics:
  svhn_top1_accuracy: 0.6793642239323978
  svhn_top5_accuracy: 0.9336566092639134

2024-03-27 12:07:41,231 - INFO - Epoch 137/200
2024-03-27 12:07:41,541 - INFO - Train Stats
Loss:
  total: 0.02284584892913699
Metrics:
  svhn_top1_accuracy: 1.0
  svhn_top5_accuracy: 1.0

2024-03-27 12:07:42,235 - INFO - Validation Stats
Loss:
  total: 1.5333584464829544
Metrics:
  svhn_top1_accuracy: 0.6807112066910185
  svhn_top5_accuracy: 0.9339260058156376

2024-03-27 12:07:42,235 - INFO - Epoch 138/200
2024-03-27 12:07:42,531 - INFO - Train Stats
Loss:
  total: 0.019163134740665555
Metrics:
  svhn_top1_accuracy: 1.0
  svhn_top5_accuracy: 1.0

2024-03-27 12:07:43,236 - INFO - Validation Stats
Loss:
  total: 1.5377873613916595
Metrics:
  svhn_top1_accuracy: 0.6804418101392943
  svhn_top5_accuracy: 0.9336566092639134

2024-03-27 12:07:43,236 - INFO - Epoch 139/200
2024-03-27 12:07:43,532 - INFO - Train Stats
Loss:
  total: 0.02936339285224676
Metrics:
  svhn_top1_accuracy: 0.9978448301553726
  svhn_top5_accuracy: 1.0

2024-03-27 12:07:44,194 - INFO - Validation Stats
Loss:
  total: 1.545585679596868
Metrics:
  svhn_top1_accuracy: 0.6803071118634323
  svhn_top5_accuracy: 0.9337913075397755

2024-03-27 12:07:44,194 - INFO - Epoch 140/200
2024-03-27 12:07:44,473 - INFO - Train Stats
Loss:
  total: 0.019925089552998543
Metrics:
  svhn_top1_accuracy: 1.0
  svhn_top5_accuracy: 1.0

2024-03-27 12:07:45,143 - INFO - Validation Stats
Loss:
  total: 1.543149236975045
Metrics:
  svhn_top1_accuracy: 0.679768318759984
  svhn_top5_accuracy: 0.9347341954708099

2024-03-27 12:07:45,143 - INFO - Epoch 141/200
2024-03-27 12:07:45,423 - INFO - Train Stats
Loss:
  total: 0.025672981049865484
Metrics:
  svhn_top1_accuracy: 1.0
  svhn_top5_accuracy: 1.0

2024-03-27 12:07:46,063 - INFO - Validation Stats
Loss:
  total: 1.5352010891355317
Metrics:
  svhn_top1_accuracy: 0.6808459049668806
  svhn_top5_accuracy: 0.9344647989190858

2024-03-27 12:07:46,063 - INFO - Epoch 142/200
2024-03-27 12:07:46,359 - INFO - Train Stats
Loss:
  total: 0.017110589891672134
Metrics:
  svhn_top1_accuracy: 1.0
  svhn_top5_accuracy: 1.0

2024-03-27 12:07:47,057 - INFO - Validation Stats
Loss:
  total: 1.534999532946225
Metrics:
  svhn_top1_accuracy: 0.6792295256565357
  svhn_top5_accuracy: 0.9333872127121893

2024-03-27 12:07:47,058 - INFO - Epoch 143/200
2024-03-27 12:07:47,359 - INFO - Train Stats
Loss:
  total: 0.02584255626425147
Metrics:
  svhn_top1_accuracy: 1.0
  svhn_top5_accuracy: 1.0

2024-03-27 12:07:48,031 - INFO - Validation Stats
Loss:
  total: 1.5399158761419098
Metrics:
  svhn_top1_accuracy: 0.6785560342772253
  svhn_top5_accuracy: 0.9336566092639134

2024-03-27 12:07:48,031 - INFO - Epoch 144/200
2024-03-27 12:07:48,320 - INFO - Train Stats
Loss:
  total: 0.022287203930318356
Metrics:
  svhn_top1_accuracy: 0.998046875
  svhn_top5_accuracy: 1.0

2024-03-27 12:07:48,986 - INFO - Validation Stats
Loss:
  total: 1.535745670055521
Metrics:
  svhn_top1_accuracy: 0.6793642239323978
  svhn_top5_accuracy: 0.9333872127121893

2024-03-27 12:07:48,986 - INFO - Epoch 145/200
2024-03-27 12:07:49,238 - INFO - Train Stats
Loss:
  total: 0.023397420067340136
Metrics:
  svhn_top1_accuracy: 1.0
  svhn_top5_accuracy: 1.0

2024-03-27 12:07:49,922 - INFO - Validation Stats
Loss:
  total: 1.5350614231208275
Metrics:
  svhn_top1_accuracy: 0.6786907325530874
  svhn_top5_accuracy: 0.9339260058156376

2024-03-27 12:07:49,922 - INFO - Epoch 146/200
2024-03-27 12:07:50,213 - INFO - Train Stats
Loss:
  total: 0.024108412209898233
Metrics:
  svhn_top1_accuracy: 0.998046875
  svhn_top5_accuracy: 1.0

2024-03-27 12:07:50,886 - INFO - Validation Stats
Loss:
  total: 1.5406377521054497
Metrics:
  svhn_top1_accuracy: 0.678017241173777
  svhn_top5_accuracy: 0.9336566092639134

2024-03-27 12:07:50,887 - INFO - Epoch 147/200
2024-03-27 12:07:51,215 - INFO - Train Stats
Loss:
  total: 0.022552136331796646
Metrics:
  svhn_top1_accuracy: 1.0
  svhn_top5_accuracy: 1.0

2024-03-27 12:07:51,888 - INFO - Validation Stats
Loss:
  total: 1.5412682027652347
Metrics:
  svhn_top1_accuracy: 0.6773437497944668
  svhn_top5_accuracy: 0.9333872127121893

2024-03-27 12:07:51,888 - INFO - Epoch 148/200
2024-03-27 12:07:52,169 - INFO - Train Stats
Loss:
  total: 0.021309143863618374
Metrics:
  svhn_top1_accuracy: 1.0
  svhn_top5_accuracy: 1.0

2024-03-27 12:07:52,921 - INFO - Validation Stats
Loss:
  total: 1.5509945832449814
Metrics:
  svhn_top1_accuracy: 0.6769396549668806
  svhn_top5_accuracy: 0.9329831178846031

2024-03-27 12:07:52,921 - INFO - Epoch 149/200
2024-03-27 12:07:53,202 - INFO - Train Stats
Loss:
  total: 0.021705609280616045
Metrics:
  svhn_top1_accuracy: 0.9978448301553726
  svhn_top5_accuracy: 1.0

2024-03-27 12:07:53,883 - INFO - Validation Stats
Loss:
  total: 1.5604420201531772
Metrics:
  svhn_top1_accuracy: 0.6770743532427426
  svhn_top5_accuracy: 0.9319055316777065

2024-03-27 12:07:53,884 - INFO - Epoch 150/200
2024-03-27 12:07:54,170 - INFO - Train Stats
Loss:
  total: 0.020399816101416945
Metrics:
  svhn_top1_accuracy: 0.998046875
  svhn_top5_accuracy: 1.0

2024-03-27 12:07:54,860 - INFO - Validation Stats
Loss:
  total: 1.5584003945876812
Metrics:
  svhn_top1_accuracy: 0.6762661635875702
  svhn_top5_accuracy: 0.9323096265052927

2024-03-27 12:07:54,901 - INFO - Epoch 151/200
2024-03-27 12:07:55,193 - INFO - Train Stats
Loss:
  total: 0.024017537012696266
Metrics:
  svhn_top1_accuracy: 0.998046875
  svhn_top5_accuracy: 1.0

2024-03-27 12:07:55,850 - INFO - Validation Stats
Loss:
  total: 1.5566747928487843
Metrics:
  svhn_top1_accuracy: 0.6754579739323978
  svhn_top5_accuracy: 0.9320402299535686

2024-03-27 12:07:55,850 - INFO - Epoch 152/200
2024-03-27 12:07:56,132 - INFO - Train Stats
Loss:
  total: 0.025420202407985926
Metrics:
  svhn_top1_accuracy: 0.99609375
  svhn_top5_accuracy: 1.0

2024-03-27 12:07:56,831 - INFO - Validation Stats
Loss:
  total: 1.5588050731297196
Metrics:
  svhn_top1_accuracy: 0.6768049566910185
  svhn_top5_accuracy: 0.932848419608741

2024-03-27 12:07:56,831 - INFO - Epoch 153/200
2024-03-27 12:07:57,110 - INFO - Train Stats
Loss:
  total: 0.03001831006258726
Metrics:
  svhn_top1_accuracy: 0.994140625
  svhn_top5_accuracy: 1.0

2024-03-27 12:07:57,786 - INFO - Validation Stats
Loss:
  total: 1.5549399955519314
Metrics:
  svhn_top1_accuracy: 0.6768049566910185
  svhn_top5_accuracy: 0.9329831178846031

2024-03-27 12:07:57,786 - INFO - Epoch 154/200
2024-03-27 12:07:58,080 - INFO - Train Stats
Loss:
  total: 0.03180562378838658
Metrics:
  svhn_top1_accuracy: 0.99609375
  svhn_top5_accuracy: 1.0

2024-03-27 12:07:58,814 - INFO - Validation Stats
Loss:
  total: 1.5596076825569416
Metrics:
  svhn_top1_accuracy: 0.6773437497944668
  svhn_top5_accuracy: 0.9323096265052927

2024-03-27 12:07:58,814 - INFO - Epoch 155/200
2024-03-27 12:07:59,084 - INFO - Train Stats
Loss:
  total: 0.027501945616677403
Metrics:
  svhn_top1_accuracy: 0.998046875
  svhn_top5_accuracy: 1.0

2024-03-27 12:07:59,871 - INFO - Validation Stats
Loss:
  total: 1.5646595872681717
Metrics:
  svhn_top1_accuracy: 0.6751885773806736
  svhn_top5_accuracy: 0.9321749282294306

2024-03-27 12:07:59,871 - INFO - Epoch 156/200
2024-03-27 12:08:00,165 - INFO - Train Stats
Loss:
  total: 0.023123706923797727
Metrics:
  svhn_top1_accuracy: 0.998046875
  svhn_top5_accuracy: 1.0

2024-03-27 12:08:00,835 - INFO - Validation Stats
Loss:
  total: 1.5650930445769737
Metrics:
  svhn_top1_accuracy: 0.6749191808289495
  svhn_top5_accuracy: 0.9323096265052927

2024-03-27 12:08:00,835 - INFO - Epoch 157/200
2024-03-27 12:08:01,100 - INFO - Train Stats
Loss:
  total: 0.022874144138768315
Metrics:
  svhn_top1_accuracy: 0.99609375
  svhn_top5_accuracy: 1.0

2024-03-27 12:08:01,766 - INFO - Validation Stats
Loss:
  total: 1.5572202000124702
Metrics:
  svhn_top1_accuracy: 0.6766702584151564
  svhn_top5_accuracy: 0.9323096265052927

2024-03-27 12:08:01,766 - INFO - Epoch 158/200
2024-03-27 12:08:02,042 - INFO - Train Stats
Loss:
  total: 0.027895741630345583
Metrics:
  svhn_top1_accuracy: 0.99609375
  svhn_top5_accuracy: 1.0

2024-03-27 12:08:02,640 - INFO - Validation Stats
Loss:
  total: 1.559452406291304
Metrics:
  svhn_top1_accuracy: 0.6776131463461909
  svhn_top5_accuracy: 0.931097342022534

2024-03-27 12:08:02,640 - INFO - Epoch 159/200
2024-03-27 12:08:02,964 - INFO - Train Stats
Loss:
  total: 0.02589992363937199
Metrics:
  svhn_top1_accuracy: 0.9958917051553726
  svhn_top5_accuracy: 1.0

2024-03-27 12:08:03,649 - INFO - Validation Stats
Loss:
  total: 1.5562871900098076
Metrics:
  svhn_top1_accuracy: 0.6766343394230152
  svhn_top5_accuracy: 0.930962643746672

2024-03-27 12:08:03,649 - INFO - Epoch 160/200
2024-03-27 12:08:03,945 - INFO - Train Stats
Loss:
  total: 0.02661741804331541
Metrics:
  svhn_top1_accuracy: 0.99609375
  svhn_top5_accuracy: 1.0

2024-03-27 12:08:04,670 - INFO - Validation Stats
Loss:
  total: 1.5530866487272854
Metrics:
  svhn_top1_accuracy: 0.6777119256299118
  svhn_top5_accuracy: 0.9320402299535686

2024-03-27 12:08:04,670 - INFO - Epoch 161/200
2024-03-27 12:08:04,981 - INFO - Train Stats
Loss:
  total: 0.023607732728123665
Metrics:
  svhn_top1_accuracy: 0.99609375
  svhn_top5_accuracy: 1.0

2024-03-27 12:08:05,695 - INFO - Validation Stats
Loss:
  total: 1.5573943647845039
Metrics:
  svhn_top1_accuracy: 0.676230244595429
  svhn_top5_accuracy: 0.9327137213328789

2024-03-27 12:08:05,696 - INFO - Epoch 162/200
2024-03-27 12:08:05,992 - INFO - Train Stats
Loss:
  total: 0.026996202766895294
Metrics:
  svhn_top1_accuracy: 0.99609375
  svhn_top5_accuracy: 1.0

2024-03-27 12:08:06,670 - INFO - Validation Stats
Loss:
  total: 1.5525538859696224
Metrics:
  svhn_top1_accuracy: 0.6769037359747393
  svhn_top5_accuracy: 0.9323096265052927

2024-03-27 12:08:06,670 - INFO - Epoch 163/200
2024-03-27 12:08:06,963 - INFO - Train Stats
Loss:
  total: 0.02399203972890973
Metrics:
  svhn_top1_accuracy: 0.9958917051553726
  svhn_top5_accuracy: 1.0

2024-03-27 12:08:07,614 - INFO - Validation Stats
Loss:
  total: 1.5439512400791562
Metrics:
  svhn_top1_accuracy: 0.6775772273540497
  svhn_top5_accuracy: 0.9325790230570168

2024-03-27 12:08:07,614 - INFO - Epoch 164/200
2024-03-27 12:08:07,886 - INFO - Train Stats
Loss:
  total: 0.02136433939449489
Metrics:
  svhn_top1_accuracy: 0.998046875
  svhn_top5_accuracy: 1.0

2024-03-27 12:08:08,533 - INFO - Validation Stats
Loss:
  total: 1.5431232061879387
Metrics:
  svhn_top1_accuracy: 0.6799030170358461
  svhn_top5_accuracy: 0.9321749282294306

2024-03-27 12:08:08,534 - INFO - Epoch 165/200
2024-03-27 12:08:08,800 - INFO - Train Stats
Loss:
  total: 0.023100723046809435
Metrics:
  svhn_top1_accuracy: 1.0
  svhn_top5_accuracy: 1.0

2024-03-27 12:08:09,523 - INFO - Validation Stats
Loss:
  total: 1.54551028999789
Metrics:
  svhn_top1_accuracy: 0.6794989222082598
  svhn_top5_accuracy: 0.9327137213328789

2024-03-27 12:08:09,523 - INFO - Epoch 166/200
2024-03-27 12:08:09,827 - INFO - Train Stats
Loss:
  total: 0.020568391773849726
Metrics:
  svhn_top1_accuracy: 1.0
  svhn_top5_accuracy: 1.0

2024-03-27 12:08:10,551 - INFO - Validation Stats
Loss:
  total: 1.5490685002557163
Metrics:
  svhn_top1_accuracy: 0.6785560342772253
  svhn_top5_accuracy: 0.9324443247811548

2024-03-27 12:08:10,552 - INFO - Epoch 167/200
2024-03-27 12:08:10,829 - INFO - Train Stats
Loss:
  total: 0.026758196298033
Metrics:
  svhn_top1_accuracy: 0.998046875
  svhn_top5_accuracy: 1.0

2024-03-27 12:08:11,526 - INFO - Validation Stats
Loss:
  total: 1.5492154565350762
Metrics:
  svhn_top1_accuracy: 0.6784213360013633
  svhn_top5_accuracy: 0.9329831178846031

2024-03-27 12:08:11,527 - INFO - Epoch 168/200
2024-03-27 12:08:11,796 - INFO - Train Stats
Loss:
  total: 0.030245553236454725
Metrics:
  svhn_top1_accuracy: 0.9958917051553726
  svhn_top5_accuracy: 1.0

2024-03-27 12:08:12,517 - INFO - Validation Stats
Loss:
  total: 1.5626610599715134
Metrics:
  svhn_top1_accuracy: 0.6767690376988773
  svhn_top5_accuracy: 0.932848419608741

2024-03-27 12:08:12,518 - INFO - Epoch 169/200
2024-03-27 12:08:12,795 - INFO - Train Stats
Loss:
  total: 0.020765886642038822
Metrics:
  svhn_top1_accuracy: 0.99609375
  svhn_top5_accuracy: 1.0

2024-03-27 12:08:13,463 - INFO - Validation Stats
Loss:
  total: 1.562808028582869
Metrics:
  svhn_top1_accuracy: 0.6747485635609463
  svhn_top5_accuracy: 0.9329831178846031

2024-03-27 12:08:13,463 - INFO - Epoch 170/200
2024-03-27 12:08:13,777 - INFO - Train Stats
Loss:
  total: 0.016784403705969453
Metrics:
  svhn_top1_accuracy: 1.0
  svhn_top5_accuracy: 1.0

2024-03-27 12:08:14,440 - INFO - Validation Stats
Loss:
  total: 1.5588434359122967
Metrics:
  svhn_top1_accuracy: 0.676364942871291
  svhn_top5_accuracy: 0.9329831178846031

2024-03-27 12:08:14,441 - INFO - Epoch 171/200
2024-03-27 12:08:14,736 - INFO - Train Stats
Loss:
  total: 0.021780905546620488
Metrics:
  svhn_top1_accuracy: 0.9978448301553726
  svhn_top5_accuracy: 1.0

2024-03-27 12:08:15,381 - INFO - Validation Stats
Loss:
  total: 1.558487331045085
Metrics:
  svhn_top1_accuracy: 0.676364942871291
  svhn_top5_accuracy: 0.9333872127121893

2024-03-27 12:08:15,382 - INFO - Epoch 172/200
2024-03-27 12:08:15,678 - INFO - Train Stats
Loss:
  total: 0.018991710152477026
Metrics:
  svhn_top1_accuracy: 1.0
  svhn_top5_accuracy: 1.0

2024-03-27 12:08:16,345 - INFO - Validation Stats
Loss:
  total: 1.5567293824820683
Metrics:
  svhn_top1_accuracy: 0.6774784480703289
  svhn_top5_accuracy: 0.9332525144363272

2024-03-27 12:08:16,346 - INFO - Epoch 173/200
2024-03-27 12:08:16,623 - INFO - Train Stats
Loss:
  total: 0.02124989265576005
Metrics:
  svhn_top1_accuracy: 0.998046875
  svhn_top5_accuracy: 1.0

2024-03-27 12:08:17,320 - INFO - Validation Stats
Loss:
  total: 1.5469689883034805
Metrics:
  svhn_top1_accuracy: 0.6792295256565357
  svhn_top5_accuracy: 0.9337913075397755

2024-03-27 12:08:17,320 - INFO - Epoch 174/200
2024-03-27 12:08:17,597 - INFO - Train Stats
Loss:
  total: 0.02468499867245555
Metrics:
  svhn_top1_accuracy: 1.0
  svhn_top5_accuracy: 1.0

2024-03-27 12:08:18,281 - INFO - Validation Stats
Loss:
  total: 1.5477101473972714
Metrics:
  svhn_top1_accuracy: 0.6796336204841219
  svhn_top5_accuracy: 0.9335219109880513

2024-03-27 12:08:18,282 - INFO - Epoch 175/200
2024-03-27 12:08:18,552 - INFO - Train Stats
Loss:
  total: 0.019257869804278016
Metrics:
  svhn_top1_accuracy: 0.998046875
  svhn_top5_accuracy: 1.0

2024-03-27 12:08:19,221 - INFO - Validation Stats
Loss:
  total: 1.5484285991767357
Metrics:
  svhn_top1_accuracy: 0.6792295256565357
  svhn_top5_accuracy: 0.9337913075397755

2024-03-27 12:08:19,222 - INFO - Epoch 176/200
2024-03-27 12:08:19,511 - INFO - Train Stats
Loss:
  total: 0.0167233117390424
Metrics:
  svhn_top1_accuracy: 1.0
  svhn_top5_accuracy: 1.0

2024-03-27 12:08:20,221 - INFO - Validation Stats
Loss:
  total: 1.5513907958721291
Metrics:
  svhn_top1_accuracy: 0.6788254308289495
  svhn_top5_accuracy: 0.9337913075397755

2024-03-27 12:08:20,221 - INFO - Epoch 177/200
2024-03-27 12:08:20,506 - INFO - Train Stats
Loss:
  total: 0.01911161793395877
Metrics:
  svhn_top1_accuracy: 0.998046875
  svhn_top5_accuracy: 1.0

2024-03-27 12:08:21,228 - INFO - Validation Stats
Loss:
  total: 1.5524179791582042
Metrics:
  svhn_top1_accuracy: 0.6776131463461909
  svhn_top5_accuracy: 0.9336566092639134

2024-03-27 12:08:21,229 - INFO - Epoch 178/200
2024-03-27 12:08:21,518 - INFO - Train Stats
Loss:
  total: 0.022592498920857906
Metrics:
  svhn_top1_accuracy: 0.998046875
  svhn_top5_accuracy: 1.0

2024-03-27 12:08:22,241 - INFO - Validation Stats
Loss:
  total: 1.5575925029557327
Metrics:
  svhn_top1_accuracy: 0.677882542897915
  svhn_top5_accuracy: 0.9339260058156376

2024-03-27 12:08:22,242 - INFO - Epoch 179/200
2024-03-27 12:08:22,523 - INFO - Train Stats
Loss:
  total: 0.027498675510287285
Metrics:
  svhn_top1_accuracy: 0.9958917051553726
  svhn_top5_accuracy: 1.0

2024-03-27 12:08:23,241 - INFO - Validation Stats
Loss:
  total: 1.557807597620734
Metrics:
  svhn_top1_accuracy: 0.6781519394496391
  svhn_top5_accuracy: 0.9343301006432237

2024-03-27 12:08:23,241 - INFO - Epoch 180/200
2024-03-27 12:08:23,541 - INFO - Train Stats
Loss:
  total: 0.0238545136526227
Metrics:
  svhn_top1_accuracy: 0.9958917051553726
  svhn_top5_accuracy: 1.0

2024-03-27 12:08:24,178 - INFO - Validation Stats
Loss:
  total: 1.5615650970360329
Metrics:
  svhn_top1_accuracy: 0.6782866377255012
  svhn_top5_accuracy: 0.9340607040914995

2024-03-27 12:08:24,217 - INFO - Epoch 181/200
2024-03-27 12:08:24,532 - INFO - Train Stats
Loss:
  total: 0.018895379500463605
Metrics:
  svhn_top1_accuracy: 0.998046875
  svhn_top5_accuracy: 1.0

2024-03-27 12:08:25,245 - INFO - Validation Stats
Loss:
  total: 1.56373595985873
Metrics:
  svhn_top1_accuracy: 0.6782866377255012
  svhn_top5_accuracy: 0.9339260058156376

2024-03-27 12:08:25,245 - INFO - Epoch 182/200
2024-03-27 12:08:25,561 - INFO - Train Stats
Loss:
  total: 0.02136028418317437
Metrics:
  svhn_top1_accuracy: 0.998046875
  svhn_top5_accuracy: 1.0

2024-03-27 12:08:26,273 - INFO - Validation Stats
Loss:
  total: 1.5706047127986777
Metrics:
  svhn_top1_accuracy: 0.6761314653117081
  svhn_top5_accuracy: 0.932848419608741

2024-03-27 12:08:26,273 - INFO - Epoch 183/200
2024-03-27 12:08:26,570 - INFO - Train Stats
Loss:
  total: 0.021899209590628743
Metrics:
  svhn_top1_accuracy: 0.998046875
  svhn_top5_accuracy: 1.0

2024-03-27 12:08:27,311 - INFO - Validation Stats
Loss:
  total: 1.575947173710527
Metrics:
  svhn_top1_accuracy: 0.6750538791048115
  svhn_top5_accuracy: 0.9332525144363272

2024-03-27 12:08:27,312 - INFO - Epoch 184/200
2024-03-27 12:08:27,623 - INFO - Train Stats
Loss:
  total: 0.0181030563544482
Metrics:
  svhn_top1_accuracy: 0.9978448301553726
  svhn_top5_accuracy: 1.0

2024-03-27 12:08:28,245 - INFO - Validation Stats
Loss:
  total: 1.5774633185616855
Metrics:
  svhn_top1_accuracy: 0.6755926722082598
  svhn_top5_accuracy: 0.9331178161604651

2024-03-27 12:08:28,245 - INFO - Epoch 185/200
2024-03-27 12:08:28,522 - INFO - Train Stats
Loss:
  total: 0.01912074349820614
Metrics:
  svhn_top1_accuracy: 1.0
  svhn_top5_accuracy: 1.0

2024-03-27 12:08:29,162 - INFO - Validation Stats
Loss:
  total: 1.589076007234639
Metrics:
  svhn_top1_accuracy: 0.6750538791048115
  svhn_top5_accuracy: 0.9323096265052927

2024-03-27 12:08:29,162 - INFO - Epoch 186/200
2024-03-27 12:08:29,434 - INFO - Train Stats
Loss:
  total: 0.02297249622642994
Metrics:
  svhn_top1_accuracy: 0.9978448301553726
  svhn_top5_accuracy: 1.0

2024-03-27 12:08:30,209 - INFO - Validation Stats
Loss:
  total: 1.5883479570520336
Metrics:
  svhn_top1_accuracy: 0.6750538791048115
  svhn_top5_accuracy: 0.9323096265052927

2024-03-27 12:08:30,210 - INFO - Epoch 187/200
2024-03-27 12:08:30,502 - INFO - Train Stats
Loss:
  total: 0.018789484398439527
Metrics:
  svhn_top1_accuracy: 1.0
  svhn_top5_accuracy: 1.0

2024-03-27 12:08:31,177 - INFO - Validation Stats
Loss:
  total: 1.5866888638200431
Metrics:
  svhn_top1_accuracy: 0.6743803877255012
  svhn_top5_accuracy: 0.9315014368501203

2024-03-27 12:08:31,177 - INFO - Epoch 188/200
2024-03-27 12:08:31,505 - INFO - Train Stats
Loss:
  total: 0.026183870621025562
Metrics:
  svhn_top1_accuracy: 0.99609375
  svhn_top5_accuracy: 1.0

2024-03-27 12:08:32,243 - INFO - Validation Stats
Loss:
  total: 1.5984006359659393
Metrics:
  svhn_top1_accuracy: 0.6724946118634323
  svhn_top5_accuracy: 0.9317708334018444

2024-03-27 12:08:32,243 - INFO - Epoch 189/200
2024-03-27 12:08:32,528 - INFO - Train Stats
Loss:
  total: 0.022348186234012246
Metrics:
  svhn_top1_accuracy: 0.998046875
  svhn_top5_accuracy: 1.0

2024-03-27 12:08:33,217 - INFO - Validation Stats
Loss:
  total: 1.6005570929625939
Metrics:
  svhn_top1_accuracy: 0.6712464083885324
  svhn_top5_accuracy: 0.9320402299535686

2024-03-27 12:08:33,218 - INFO - Epoch 190/200
2024-03-27 12:08:33,507 - INFO - Train Stats
Loss:
  total: 0.017825419548898935
Metrics:
  svhn_top1_accuracy: 1.0
  svhn_top5_accuracy: 1.0

2024-03-27 12:08:34,154 - INFO - Validation Stats
Loss:
  total: 1.6073468697482143
Metrics:
  svhn_top1_accuracy: 0.671955818759984
  svhn_top5_accuracy: 0.931097342022534

2024-03-27 12:08:34,154 - INFO - Epoch 191/200
2024-03-27 12:08:34,431 - INFO - Train Stats
Loss:
  total: 0.01824326440691948
Metrics:
  svhn_top1_accuracy: 1.0
  svhn_top5_accuracy: 1.0

2024-03-27 12:08:35,078 - INFO - Validation Stats
Loss:
  total: 1.6083024349705926
Metrics:
  svhn_top1_accuracy: 0.6700341239057738
  svhn_top5_accuracy: 0.9301544540914995

2024-03-27 12:08:35,078 - INFO - Epoch 192/200
2024-03-27 12:08:35,364 - INFO - Train Stats
Loss:
  total: 0.02373200934380293
Metrics:
  svhn_top1_accuracy: 0.9978448301553726
  svhn_top5_accuracy: 1.0

2024-03-27 12:08:35,962 - INFO - Validation Stats
Loss:
  total: 1.604580897709419
Metrics:
  svhn_top1_accuracy: 0.6722252153117081
  svhn_top5_accuracy: 0.9305585489190858

2024-03-27 12:08:35,962 - INFO - Epoch 193/200
2024-03-27 12:08:36,241 - INFO - Train Stats
Loss:
  total: 0.01902424870058894
Metrics:
  svhn_top1_accuracy: 1.0
  svhn_top5_accuracy: 1.0

2024-03-27 12:08:36,893 - INFO - Validation Stats
Loss:
  total: 1.5983038729634778
Metrics:
  svhn_top1_accuracy: 0.674110991173777
  svhn_top5_accuracy: 0.930962643746672

2024-03-27 12:08:36,893 - INFO - Epoch 194/200
2024-03-27 12:08:37,171 - INFO - Train Stats
Loss:
  total: 0.014304244192317128
Metrics:
  svhn_top1_accuracy: 1.0
  svhn_top5_accuracy: 1.0

2024-03-27 12:08:37,866 - INFO - Validation Stats
Loss:
  total: 1.596175530861164
Metrics:
  svhn_top1_accuracy: 0.6736709773540497
  svhn_top5_accuracy: 0.9313667385742582

2024-03-27 12:08:37,866 - INFO - Epoch 195/200
2024-03-27 12:08:38,135 - INFO - Train Stats
Loss:
  total: 0.019391519017517567
Metrics:
  svhn_top1_accuracy: 0.998046875
  svhn_top5_accuracy: 1.0

2024-03-27 12:08:38,804 - INFO - Validation Stats
Loss:
  total: 1.5955122031014541
Metrics:
  svhn_top1_accuracy: 0.6738056756299118
  svhn_top5_accuracy: 0.9315014368501203

2024-03-27 12:08:38,804 - INFO - Epoch 196/200
2024-03-27 12:08:39,078 - INFO - Train Stats
Loss:
  total: 0.02031417633406818
Metrics:
  svhn_top1_accuracy: 0.998046875
  svhn_top5_accuracy: 1.0

2024-03-27 12:08:39,761 - INFO - Validation Stats
Loss:
  total: 1.5936850227158645
Metrics:
  svhn_top1_accuracy: 0.6736709773540497
  svhn_top5_accuracy: 0.9312320402983961

2024-03-27 12:08:39,761 - INFO - Epoch 197/200
2024-03-27 12:08:40,052 - INFO - Train Stats
Loss:
  total: 0.030070133041590452
Metrics:
  svhn_top1_accuracy: 0.998046875
  svhn_top5_accuracy: 1.0

2024-03-27 12:08:40,790 - INFO - Validation Stats
Loss:
  total: 1.586395463039135
Metrics:
  svhn_top1_accuracy: 0.6769396549668806
  svhn_top5_accuracy: 0.9323096265052927

2024-03-27 12:08:40,790 - INFO - Epoch 198/200
2024-03-27 12:08:41,067 - INFO - Train Stats
Loss:
  total: 0.018306649522855878
Metrics:
  svhn_top1_accuracy: 0.998046875
  svhn_top5_accuracy: 1.0

2024-03-27 12:08:41,773 - INFO - Validation Stats
Loss:
  total: 1.5818727098662277
Metrics:
  svhn_top1_accuracy: 0.6765355601392943
  svhn_top5_accuracy: 0.9324443247811548

2024-03-27 12:08:41,773 - INFO - Epoch 199/200
2024-03-27 12:08:42,058 - INFO - Train Stats
Loss:
  total: 0.02197832753881812
Metrics:
  svhn_top1_accuracy: 0.998046875
  svhn_top5_accuracy: 1.0

2024-03-27 12:08:42,771 - INFO - Validation Stats
Loss:
  total: 1.5786622063866977
Metrics:
  svhn_top1_accuracy: 0.6769396549668806
  svhn_top5_accuracy: 0.9329831178846031

2024-03-27 12:08:42,772 - INFO - Epoch 200/200
2024-03-27 12:08:43,056 - INFO - Train Stats
Loss:
  total: 0.019580412423238158
Metrics:
  svhn_top1_accuracy: 1.0
  svhn_top5_accuracy: 1.0

2024-03-27 12:08:43,765 - INFO - Validation Stats
Loss:
  total: 1.5772020344076485
Metrics:
  svhn_top1_accuracy: 0.6773437497944668
  svhn_top5_accuracy: 0.9332525144363272

2024-03-27 12:08:43,806 - INFO - Best validation loss: 1.3644472874444107
2024-03-27 12:08:43,864 - INFO - Best model saved to /home/up201905337/exploring-label-efficiency/weights/sl_svhn_wideresnet28_2_500l.pth
2024-03-27 12:08:43,864 - INFO - Training took 197.54613208770752 seconds to complete
