2024-05-17 19:05:44,139 - INFO - Loading configuration files...
2024-05-17 19:05:44,800 - INFO - Loading model configuration
args:
  backbone: resnet101
  num_classes: 20
class: DeepLabV3

2024-05-17 19:05:45,276 - INFO - Loading train_dataset configuration
args:
  mode: coarse
  root: /data/auto/cityscapes
  train_val_split: 2475
class: UnsupervisedCityscapesSeg

2024-05-17 19:05:45,286 - INFO - Loading optimizer configuration
args:
  lr: 0.0003
class: Adam

2024-05-17 19:05:45,289 - INFO - Loading method configuration
args:
  color_jitter_strength: 1.0
  projection_dim: 128
  temperature: 0.5
class: SimCLRCityscapes

2024-05-17 19:05:45,301 - INFO - Loading metrics configuration
simclr_deeplabv3_top1_accuracy:
  args:
    num_classes: 104
    task: multiclass
    top_k: 1
  class: Accuracy
simclr_deeplabv3_top5_accuracy:
  args:
    num_classes: 104
    task: multiclass
    top_k: 5
  class: Accuracy

2024-05-17 19:05:45,302 - INFO - Loading hyperparameters configuration
batch_size: 52
ema_decay: null
epochs: 100
max_num_samples: -1
num_workers: 4
save_freq: 30

2024-05-17 19:05:45,668 - INFO - Using device: cuda
2024-05-17 19:05:46,152 - INFO - Training for 100 epochs
2024-05-17 19:05:46,152 - INFO - Epoch 1/100
