2024-05-18 20:12:52,691 - INFO - Loading configuration files...
2024-05-18 20:12:52,923 - INFO - Loading model configuration
args:
  depth: 28
  num_classes: 10
  width: 2
class: WideResNet

2024-05-18 20:13:08,631 - INFO - Loading train_dataset configuration
args:
  root: ./data/
  train_val_split: 0.9
class: UnsupervisedSVHN

2024-05-18 20:13:08,748 - INFO - Loading optimizer configuration
args:
  lr: 0.0003
class: Adam

2024-05-18 20:13:08,782 - INFO - Loading method configuration
args:
  color_jitter_strength: 1
  ema_decay: 0.99
  hidden_size: 2048
  image_size: 224
  prediction_size: 128
  projection_size: 128
  representation_size: 128
class: BYOLSVHN

2024-05-18 20:13:08,783 - INFO - Loading metrics configuration
{}

2024-05-18 20:13:08,785 - INFO - Loading hyperparameters configuration
batch_size: 64
ema_decay: null
epochs: 100
max_num_samples: -1
num_workers: 4
save_freq: 30

2024-05-18 20:13:09,372 - INFO - Using device: cuda
2024-05-18 20:13:12,469 - INFO - Training for 100 epochs
2024-05-18 20:13:12,491 - INFO - Epoch 1/100
2024-05-18 20:25:36,765 - INFO - Train Stats
Loss:
  total: 0.5337941773235798
Metrics: {}

2024-05-18 20:25:37,124 - INFO - Epoch 2/100
2024-05-18 20:37:56,106 - INFO - Train Stats
Loss:
  total: 0.2615067226396313
Metrics: {}

2024-05-18 20:37:56,510 - INFO - Epoch 3/100
2024-05-18 20:50:01,139 - INFO - Train Stats
Loss:
  total: 0.22094404925275773
Metrics: {}

2024-05-18 20:50:01,218 - INFO - Epoch 4/100
2024-05-18 21:02:02,631 - INFO - Train Stats
Loss:
  total: 0.22290452108582826
Metrics: {}

2024-05-18 21:02:02,631 - INFO - Epoch 5/100
2024-05-18 21:14:04,873 - INFO - Train Stats
Loss:
  total: 0.19936884517410716
Metrics: {}

2024-05-18 21:14:04,946 - INFO - Epoch 6/100
2024-05-18 21:26:07,583 - INFO - Train Stats
Loss:
  total: 0.19034252162407903
Metrics: {}

2024-05-18 21:26:07,641 - INFO - Epoch 7/100
2024-05-18 21:38:09,020 - INFO - Train Stats
Loss:
  total: 0.22722128315024007
Metrics: {}

2024-05-18 21:38:09,020 - INFO - Epoch 8/100
2024-05-18 21:50:10,903 - INFO - Train Stats
Loss:
  total: 0.18215883580913533
Metrics: {}

2024-05-18 21:50:10,979 - INFO - Epoch 9/100
2024-05-18 22:02:13,471 - INFO - Train Stats
Loss:
  total: 0.19244922827205901
Metrics: {}

2024-05-18 22:02:13,471 - INFO - Epoch 10/100
2024-05-18 22:14:15,552 - INFO - Train Stats
Loss:
  total: 0.19372661300907726
Metrics: {}

2024-05-18 22:14:15,552 - INFO - Epoch 11/100
2024-05-18 22:26:16,175 - INFO - Train Stats
Loss:
  total: 0.18750494923080924
Metrics: {}

2024-05-18 22:26:16,175 - INFO - Epoch 12/100
2024-05-18 22:38:18,060 - INFO - Train Stats
Loss:
  total: 0.1825203555608982
Metrics: {}

2024-05-18 22:38:18,060 - INFO - Epoch 13/100
2024-05-18 22:50:20,123 - INFO - Train Stats
Loss:
  total: 0.18406587512892428
Metrics: {}

2024-05-18 22:50:20,123 - INFO - Epoch 14/100
2024-05-18 23:02:21,445 - INFO - Train Stats
Loss:
  total: 0.19202464462520138
Metrics: {}

2024-05-18 23:02:21,445 - INFO - Epoch 15/100
2024-05-18 23:14:23,215 - INFO - Train Stats
Loss:
  total: 0.18152416958428413
Metrics: {}

2024-05-18 23:14:23,291 - INFO - Epoch 16/100
2024-05-18 23:26:25,972 - INFO - Train Stats
Loss:
  total: 0.17219373900985835
Metrics: {}

2024-05-18 23:26:26,046 - INFO - Epoch 17/100
2024-05-18 23:38:27,238 - INFO - Train Stats
Loss:
  total: 0.17391633202041526
Metrics: {}

2024-05-18 23:38:27,238 - INFO - Epoch 18/100
2024-05-18 23:50:28,937 - INFO - Train Stats
Loss:
  total: 0.17711062992299065
Metrics: {}

2024-05-18 23:50:28,938 - INFO - Epoch 19/100
2024-05-19 00:02:30,529 - INFO - Train Stats
Loss:
  total: 0.17893365253558727
Metrics: {}

2024-05-19 00:02:30,529 - INFO - Epoch 20/100
2024-05-19 00:14:32,811 - INFO - Train Stats
Loss:
  total: 0.16915062533926617
Metrics: {}

2024-05-19 00:14:32,882 - INFO - Epoch 21/100
2024-05-19 00:26:36,049 - INFO - Train Stats
Loss:
  total: 0.17604793139995592
Metrics: {}

2024-05-19 00:26:36,049 - INFO - Epoch 22/100
2024-05-19 00:38:37,619 - INFO - Train Stats
Loss:
  total: 0.17418131135331774
Metrics: {}

2024-05-19 00:38:37,619 - INFO - Epoch 23/100
2024-05-19 00:50:40,359 - INFO - Train Stats
Loss:
  total: 0.17022607924904928
Metrics: {}

2024-05-19 00:50:40,359 - INFO - Epoch 24/100
2024-05-19 01:02:42,930 - INFO - Train Stats
Loss:
  total: 0.16999397640053218
Metrics: {}

2024-05-19 01:02:42,931 - INFO - Epoch 25/100
2024-05-19 01:14:45,883 - INFO - Train Stats
Loss:
  total: 0.16785176679745173
Metrics: {}

2024-05-19 01:14:45,956 - INFO - Epoch 26/100
2024-05-19 01:26:48,204 - INFO - Train Stats
Loss:
  total: 0.15990887706538717
Metrics: {}

2024-05-19 01:26:48,274 - INFO - Epoch 27/100
2024-05-19 01:38:50,146 - INFO - Train Stats
Loss:
  total: 0.16697604461817198
Metrics: {}

2024-05-19 01:38:50,147 - INFO - Epoch 28/100
2024-05-19 01:50:51,428 - INFO - Train Stats
Loss:
  total: 0.16506213562074795
Metrics: {}

2024-05-19 01:50:51,428 - INFO - Epoch 29/100
2024-05-19 02:02:53,889 - INFO - Train Stats
Loss:
  total: 0.1656420153285404
Metrics: {}

2024-05-19 02:02:53,889 - INFO - Epoch 30/100
2024-05-19 02:14:54,788 - INFO - Train Stats
Loss:
  total: 0.16325791393705075
Metrics: {}

2024-05-19 02:14:54,853 - INFO - Epoch 31/100
2024-05-19 02:26:56,987 - INFO - Train Stats
Loss:
  total: 0.1568017482088463
Metrics: {}

2024-05-19 02:26:57,061 - INFO - Epoch 32/100
2024-05-19 02:38:58,885 - INFO - Train Stats
Loss:
  total: 0.1685914658498272
Metrics: {}

2024-05-19 02:38:58,886 - INFO - Epoch 33/100
2024-05-19 02:51:02,729 - INFO - Train Stats
Loss:
  total: 0.16314675932912862
Metrics: {}

2024-05-19 02:51:02,729 - INFO - Epoch 34/100
2024-05-19 03:03:03,174 - INFO - Train Stats
Loss:
  total: 0.16397792657529844
Metrics: {}

2024-05-19 03:03:03,174 - INFO - Epoch 35/100
2024-05-19 03:15:03,919 - INFO - Train Stats
Loss:
  total: 0.16158711142584825
Metrics: {}

2024-05-19 03:15:03,919 - INFO - Epoch 36/100
2024-05-19 03:27:04,570 - INFO - Train Stats
Loss:
  total: 0.1635198859425569
Metrics: {}

2024-05-19 03:27:04,570 - INFO - Epoch 37/100
2024-05-19 03:39:06,487 - INFO - Train Stats
Loss:
  total: 0.16233324775815877
Metrics: {}

2024-05-19 03:39:06,487 - INFO - Epoch 38/100
2024-05-19 03:51:08,335 - INFO - Train Stats
Loss:
  total: 0.15682440548954368
Metrics: {}

2024-05-19 03:51:08,335 - INFO - Epoch 39/100
2024-05-19 04:03:11,425 - INFO - Train Stats
Loss:
  total: 0.15919296651970125
Metrics: {}

2024-05-19 04:03:11,426 - INFO - Epoch 40/100
2024-05-19 04:15:13,681 - INFO - Train Stats
Loss:
  total: 0.1533538308012688
Metrics: {}

2024-05-19 04:15:13,753 - INFO - Epoch 41/100
2024-05-19 04:27:15,965 - INFO - Train Stats
Loss:
  total: 0.160561335824647
Metrics: {}

2024-05-19 04:27:15,966 - INFO - Epoch 42/100
2024-05-19 04:39:15,127 - INFO - Train Stats
Loss:
  total: 0.15788690096255645
Metrics: {}

2024-05-19 04:39:15,127 - INFO - Epoch 43/100
2024-05-19 04:51:16,092 - INFO - Train Stats
Loss:
  total: 0.16394974203979218
Metrics: {}

2024-05-19 04:51:16,093 - INFO - Epoch 44/100
2024-05-19 05:03:17,011 - INFO - Train Stats
Loss:
  total: 0.15605628200020027
Metrics: {}

2024-05-19 05:03:17,011 - INFO - Epoch 45/100
2024-05-19 05:15:20,955 - INFO - Train Stats
Loss:
  total: 0.1535796146857941
Metrics: {}

2024-05-19 05:15:20,955 - INFO - Epoch 46/100
2024-05-19 05:27:22,235 - INFO - Train Stats
Loss:
  total: 0.1545111022347096
Metrics: {}

2024-05-19 05:27:22,235 - INFO - Epoch 47/100
2024-05-19 05:39:24,215 - INFO - Train Stats
Loss:
  total: 0.1519527394631968
Metrics: {}

2024-05-19 05:39:24,291 - INFO - Epoch 48/100
2024-05-19 05:51:25,976 - INFO - Train Stats
Loss:
  total: 0.15309377805085725
Metrics: {}

2024-05-19 05:51:25,976 - INFO - Epoch 49/100
2024-05-19 06:03:26,760 - INFO - Train Stats
Loss:
  total: 0.1560461171387324
Metrics: {}

2024-05-19 06:03:26,760 - INFO - Epoch 50/100
2024-05-19 06:15:27,360 - INFO - Train Stats
Loss:
  total: 0.15799359926791157
Metrics: {}

2024-05-19 06:15:27,360 - INFO - Epoch 51/100
2024-05-19 06:27:29,643 - INFO - Train Stats
Loss:
  total: 0.1501643951349322
Metrics: {}

2024-05-19 06:27:29,700 - INFO - Epoch 52/100
2024-05-19 06:39:30,820 - INFO - Train Stats
Loss:
  total: 0.1571599865314162
Metrics: {}

2024-05-19 06:39:30,821 - INFO - Epoch 53/100
2024-05-19 06:51:34,233 - INFO - Train Stats
Loss:
  total: 0.15569970400154012
Metrics: {}

2024-05-19 06:51:34,233 - INFO - Epoch 54/100
2024-05-19 07:03:35,296 - INFO - Train Stats
Loss:
  total: 0.15535779199698596
Metrics: {}

2024-05-19 07:03:35,297 - INFO - Epoch 55/100
2024-05-19 07:15:37,077 - INFO - Train Stats
Loss:
  total: 0.1582997318429565
Metrics: {}

2024-05-19 07:15:37,077 - INFO - Epoch 56/100
2024-05-19 07:27:39,101 - INFO - Train Stats
Loss:
  total: 0.15205522174901753
Metrics: {}

2024-05-19 07:27:39,101 - INFO - Epoch 57/100
2024-05-19 07:39:42,498 - INFO - Train Stats
Loss:
  total: 0.14944657968917807
Metrics: {}

2024-05-19 07:39:42,568 - INFO - Epoch 58/100
2024-05-19 07:51:44,933 - INFO - Train Stats
Loss:
  total: 0.15190690311341032
Metrics: {}

2024-05-19 07:51:44,933 - INFO - Epoch 59/100
2024-05-19 08:03:46,378 - INFO - Train Stats
Loss:
  total: 0.14395670941262279
Metrics: {}

2024-05-19 08:03:46,450 - INFO - Epoch 60/100
2024-05-19 08:15:49,604 - INFO - Train Stats
Loss:
  total: 0.1530752037100277
Metrics: {}

2024-05-19 08:15:49,679 - INFO - Epoch 61/100
2024-05-19 08:27:51,432 - INFO - Train Stats
Loss:
  total: 0.15158551254499594
Metrics: {}

2024-05-19 08:27:51,432 - INFO - Epoch 62/100
2024-05-19 08:39:53,126 - INFO - Train Stats
Loss:
  total: 0.1498699423070382
Metrics: {}

2024-05-19 08:39:53,127 - INFO - Epoch 63/100
2024-05-19 08:51:54,858 - INFO - Train Stats
Loss:
  total: 0.15388525446099274
Metrics: {}

2024-05-19 08:51:54,858 - INFO - Epoch 64/100
2024-05-19 09:03:55,829 - INFO - Train Stats
Loss:
  total: 0.1497513279119886
Metrics: {}

2024-05-19 09:03:55,829 - INFO - Epoch 65/100
2024-05-19 09:15:57,332 - INFO - Train Stats
Loss:
  total: 0.15756726628440676
Metrics: {}

2024-05-19 09:15:57,333 - INFO - Epoch 66/100
2024-05-19 09:28:00,193 - INFO - Train Stats
Loss:
  total: 0.1518099277578656
Metrics: {}

2024-05-19 09:28:00,193 - INFO - Epoch 67/100
2024-05-19 09:40:01,634 - INFO - Train Stats
Loss:
  total: 0.1559880543011919
Metrics: {}

2024-05-19 09:40:01,635 - INFO - Epoch 68/100
2024-05-19 09:52:03,019 - INFO - Train Stats
Loss:
  total: 0.16733567827534906
Metrics: {}

2024-05-19 09:52:03,019 - INFO - Epoch 69/100
2024-05-19 10:04:03,096 - INFO - Train Stats
Loss:
  total: 0.16814259068986165
Metrics: {}

2024-05-19 10:04:03,096 - INFO - Epoch 70/100
2024-05-19 10:16:04,429 - INFO - Train Stats
Loss:
  total: 0.1596455162228311
Metrics: {}

2024-05-19 10:16:04,429 - INFO - Epoch 71/100
2024-05-19 10:28:06,243 - INFO - Train Stats
Loss:
  total: 0.16010678632962472
Metrics: {}

2024-05-19 10:28:06,243 - INFO - Epoch 72/100
2024-05-19 10:40:06,906 - INFO - Train Stats
Loss:
  total: 0.15542671665440774
Metrics: {}

2024-05-19 10:40:06,906 - INFO - Epoch 73/100
2024-05-19 10:52:07,222 - INFO - Train Stats
Loss:
  total: 0.14843166697300175
Metrics: {}

2024-05-19 10:52:07,222 - INFO - Epoch 74/100
2024-05-19 11:04:10,096 - INFO - Train Stats
Loss:
  total: 0.14692198818603766
Metrics: {}

2024-05-19 11:04:10,097 - INFO - Epoch 75/100
2024-05-19 11:16:10,910 - INFO - Train Stats
Loss:
  total: 0.16014659890850771
Metrics: {}

2024-05-19 11:16:10,910 - INFO - Epoch 76/100
2024-05-19 11:28:12,062 - INFO - Train Stats
Loss:
  total: 0.14844535830096134
Metrics: {}

2024-05-19 11:28:12,063 - INFO - Epoch 77/100
2024-05-19 11:40:12,387 - INFO - Train Stats
Loss:
  total: 0.15688865090024123
Metrics: {}

2024-05-19 11:40:12,387 - INFO - Epoch 78/100
2024-05-19 11:52:13,054 - INFO - Train Stats
Loss:
  total: 0.15099572208031867
Metrics: {}

2024-05-19 11:52:13,054 - INFO - Epoch 79/100
2024-05-19 12:04:14,241 - INFO - Train Stats
Loss:
  total: 0.14781850173490718
Metrics: {}

2024-05-19 12:04:14,241 - INFO - Epoch 80/100
2024-05-19 12:16:16,041 - INFO - Train Stats
Loss:
  total: 0.15512869371444854
Metrics: {}

2024-05-19 12:16:16,041 - INFO - Epoch 81/100
2024-05-19 12:28:18,040 - INFO - Train Stats
Loss:
  total: 0.1528897202745514
Metrics: {}

2024-05-19 12:28:18,041 - INFO - Epoch 82/100
2024-05-19 12:40:21,025 - INFO - Train Stats
Loss:
  total: 0.14267255018637018
Metrics: {}

2024-05-19 12:40:21,097 - INFO - Epoch 83/100
2024-05-19 12:52:23,084 - INFO - Train Stats
Loss:
  total: 0.14208205611381716
Metrics: {}

2024-05-19 12:52:23,142 - INFO - Epoch 84/100
2024-05-19 13:04:25,165 - INFO - Train Stats
Loss:
  total: 0.14629343710839748
Metrics: {}

2024-05-19 13:04:25,165 - INFO - Epoch 85/100
2024-05-19 13:16:27,974 - INFO - Train Stats
Loss:
  total: 0.14291004235811025
Metrics: {}

2024-05-19 13:16:27,974 - INFO - Epoch 86/100
2024-05-19 13:28:29,384 - INFO - Train Stats
Loss:
  total: 0.14429265042242495
Metrics: {}

2024-05-19 13:28:29,384 - INFO - Epoch 87/100
2024-05-19 13:40:31,769 - INFO - Train Stats
Loss:
  total: 0.14796273860248546
Metrics: {}

2024-05-19 13:40:31,769 - INFO - Epoch 88/100
2024-05-19 13:52:33,454 - INFO - Train Stats
Loss:
  total: 0.14776236583451624
Metrics: {}

2024-05-19 13:52:33,454 - INFO - Epoch 89/100
2024-05-19 14:04:35,682 - INFO - Train Stats
Loss:
  total: 0.14723594159032535
Metrics: {}

2024-05-19 14:04:35,682 - INFO - Epoch 90/100
2024-05-19 14:16:38,721 - INFO - Train Stats
Loss:
  total: 0.1398742855752556
Metrics: {}

2024-05-19 14:16:38,835 - INFO - Epoch 91/100
2024-05-19 14:28:38,942 - INFO - Train Stats
Loss:
  total: 0.1441049512222554
Metrics: {}

2024-05-19 14:28:38,942 - INFO - Epoch 92/100
2024-05-19 14:40:42,130 - INFO - Train Stats
Loss:
  total: 0.14052019613315758
Metrics: {}

2024-05-19 14:40:42,130 - INFO - Epoch 93/100
2024-05-19 14:52:54,558 - INFO - Train Stats
Loss:
  total: 0.14536688886221172
Metrics: {}

2024-05-19 14:52:54,559 - INFO - Epoch 94/100
2024-05-19 15:05:12,224 - INFO - Train Stats
Loss:
  total: 0.145574820338233
Metrics: {}

2024-05-19 15:05:12,225 - INFO - Epoch 95/100
2024-05-19 15:17:15,232 - INFO - Train Stats
Loss:
  total: 0.1438705436089664
Metrics: {}

2024-05-19 15:17:15,232 - INFO - Epoch 96/100
2024-05-19 15:29:15,867 - INFO - Train Stats
Loss:
  total: 0.14532680317614843
Metrics: {}

2024-05-19 15:29:15,867 - INFO - Epoch 97/100
2024-05-19 15:41:32,385 - INFO - Train Stats
Loss:
  total: 0.14670740586606043
Metrics: {}

2024-05-19 15:41:32,386 - INFO - Epoch 98/100
2024-05-19 15:53:49,474 - INFO - Train Stats
Loss:
  total: 0.1397573845985445
Metrics: {}

2024-05-19 15:53:49,864 - INFO - Epoch 99/100
2024-05-19 16:05:52,724 - INFO - Train Stats
Loss:
  total: 0.1399920010233967
Metrics: {}

2024-05-19 16:05:52,724 - INFO - Epoch 100/100
2024-05-19 16:17:54,378 - INFO - Train Stats
Loss:
  total: 0.14672795366315008
Metrics: {}

2024-05-19 16:17:54,436 - INFO - Best train loss: 0.1397573845985445
2024-05-19 16:17:54,501 - INFO - Best model saved to /home/up201905337/exploring-label-efficiency/weights/byol_svhn_wideresnet28_2_pretrained.pth
2024-05-19 16:17:54,502 - INFO - Training took 72281.96738290787 seconds to complete
