2024-06-24 13:15:57,579 - INFO - Loading configuration files...
2024-06-24 13:15:57,681 - INFO - Loading model configuration
args:
  backbone: mobilenet_v3_large
  num_classes: 20
class: DeepLabV3

2024-06-24 13:15:57,692 - INFO - Loading train_dataset configuration
args:
  num_labeled: 70
  root: /data/auto/kitti
  train_val_test_split:
  - 0.7
  - 0.1
  - 0.2
class: SemiSupervisedKittiSeg

2024-06-24 13:15:57,705 - INFO - Loading train_dataset configuration
args:
  num_labeled: 70
  root: /data/auto/kitti
  train_val_test_split:
  - 0.7
  - 0.1
  - 0.2
class: SemiSupervisedKittiSeg

2024-06-24 13:15:57,715 - INFO - Loading val_dataset configuration
args:
  root: /data/auto/kitti
  train_val_test_split:
  - 0.7
  - 0.1
  - 0.2
class: KittiSeg

2024-06-24 13:15:57,787 - INFO - Loading optimizer configuration
args:
  lr: 0.01
  momentum: 0.9
  nesterov: true
  weight_decay: 0.0005
class: SGD

2024-06-24 13:15:57,794 - INFO - Loading method configuration
args:
  alpha: 0.75
  k: 2
  temperature: 0.5
  unsupervised_weight_rampup_length: 60
  w_max: 75.0
class: MixMatchV2KittiSeg

2024-06-24 13:15:57,795 - INFO - Loading loss configuration
args:
  ignore_index: 0
class: CrossEntropyLoss

2024-06-24 13:15:57,810 - INFO - Loading metrics configuration
kitti_dice:
  args:
    average: micro
    ignore_index: 0
    num_classes: 20
  class: Dice
kitti_jaccard_macro:
  args:
    average: macro
    ignore_index: 0
    num_classes: 20
    task: multiclass
    validate_args: false
  class: JaccardIndex
kitti_jaccard_micro:
  args:
    average: micro
    ignore_index: 0
    num_classes: 20
    task: multiclass
    validate_args: false
  class: JaccardIndex

2024-06-24 13:15:57,813 - INFO - Loading scheduler configuration
args:
  T_max: 120
class: CosineAnnealingLR

2024-06-24 13:15:57,813 - INFO - Loading hyperparameters configuration
ema_decay: 0.99
epochs: 120
labeled_batch_size: 2
num_workers: 4
save_freq: 10
unlabeled_batch_size: 6

2024-06-24 13:15:57,823 - INFO - Using device: cuda
2024-06-24 13:15:57,919 - INFO - Training for 120 epochs
2024-06-24 13:15:57,939 - INFO - Epoch 1/120
2024-06-24 13:16:10,926 - INFO - Train Stats
Loss:
  supervised: 1.6155917286872863
  total: 1.6155917286872863
  unsupervised: 0.007646355907698827
  unsupervised_weighted: 0.0
Metrics:
  kitti_dice: 0.5593488456947463
  kitti_jaccard_macro: 0.15297797777290856
  kitti_jaccard_micro: 0.4210458261626107

2024-06-24 13:16:11,438 - INFO - Validation Stats
Loss:
  total: 1.07694278160731
Metrics:
  kitti_dice: 0.691475530465444
  kitti_jaccard_macro: 0.21574697891871134
  kitti_jaccard_micro: 0.543724258740743

2024-06-24 13:16:11,519 - INFO - Epoch 2/120
2024-06-24 13:16:24,005 - INFO - Train Stats
Loss:
  supervised: 1.0481959342956544
  total: 1.0577808703695024
  unsupervised: 0.0076679446335349765
  unsupervised_weighted: 0.009584930831832546
Metrics:
  kitti_dice: 0.7338144166128976
  kitti_jaccard_macro: 0.2622146087033408
  kitti_jaccard_micro: 0.6068884210927146

2024-06-24 13:16:24,435 - INFO - Validation Stats
Loss:
  total: 0.9949218034744263
Metrics:
  kitti_dice: 0.7309263944625854
  kitti_jaccard_macro: 0.22501157224178314
  kitti_jaccard_micro: 0.5922011534372965

2024-06-24 13:16:24,638 - INFO - Epoch 3/120
2024-06-24 13:16:37,247 - INFO - Train Stats
Loss:
  supervised: 0.9939443400927952
  total: 1.0094714198793684
  unsupervised: 0.006210833375475237
  unsupervised_weighted: 0.015527083432035786
Metrics:
  kitti_dice: 0.747329763003758
  kitti_jaccard_macro: 0.2617631162915911
  kitti_jaccard_micro: 0.6217138528823852

2024-06-24 13:16:37,678 - INFO - Validation Stats
Loss:
  total: 1.0119317372639973
Metrics:
  kitti_dice: 0.7300556898117065
  kitti_jaccard_macro: 0.23041757941246033
  kitti_jaccard_micro: 0.5924421151479086

2024-06-24 13:16:37,678 - INFO - Epoch 4/120
2024-06-24 13:16:50,392 - INFO - Train Stats
Loss:
  supervised: 0.9090674264090401
  total: 0.9264176096235003
  unsupervised: 0.00462671564226704
  unsupervised_weighted: 0.017350183533770696
Metrics:
  kitti_dice: 0.750603004864284
  kitti_jaccard_macro: 0.25952465789658685
  kitti_jaccard_micro: 0.6222974845341274

2024-06-24 13:16:50,824 - INFO - Validation Stats
Loss:
  total: 0.8735957940419515
Metrics:
  kitti_dice: 0.7559945185979208
  kitti_jaccard_macro: 0.2518584728240967
  kitti_jaccard_micro: 0.6259867946306864

2024-06-24 13:16:51,014 - INFO - Epoch 5/120
2024-06-24 13:17:03,796 - INFO - Train Stats
Loss:
  supervised: 0.8983635289328439
  total: 0.9199873328208923
  unsupervised: 0.004324761937771524
  unsupervised_weighted: 0.021623809529202325
Metrics:
  kitti_dice: 0.7614418131964548
  kitti_jaccard_macro: 0.2771743301834379
  kitti_jaccard_micro: 0.6412330406052725

2024-06-24 13:17:04,223 - INFO - Validation Stats
Loss:
  total: 0.9328585465749105
Metrics:
  kitti_dice: 0.7607994675636292
  kitti_jaccard_macro: 0.2518025040626526
  kitti_jaccard_micro: 0.6283191839853922

2024-06-24 13:17:04,223 - INFO - Epoch 6/120
2024-06-24 13:17:17,096 - INFO - Train Stats
Loss:
  supervised: 0.874271844114576
  total: 0.8996259416852679
  unsupervised: 0.004056655216429915
  unsupervised_weighted: 0.025354095229080744
Metrics:
  kitti_dice: 0.7691707474844797
  kitti_jaccard_macro: 0.2780622184276581
  kitti_jaccard_micro: 0.6489089233534676

2024-06-24 13:17:17,535 - INFO - Validation Stats
Loss:
  total: 0.9065369566281637
Metrics:
  kitti_dice: 0.7522482474644979
  kitti_jaccard_macro: 0.25250059366226196
  kitti_jaccard_micro: 0.6203660170237223

2024-06-24 13:17:17,535 - INFO - Epoch 7/120
2024-06-24 13:17:30,475 - INFO - Train Stats
Loss:
  supervised: 0.8268484788281577
  total: 0.8543378574507577
  unsupervised: 0.0036652503601674524
  unsupervised_weighted: 0.027489377771105085
Metrics:
  kitti_dice: 0.7780546852520533
  kitti_jaccard_macro: 0.29793770611286163
  kitti_jaccard_micro: 0.6580592240606036

2024-06-24 13:17:30,910 - INFO - Validation Stats
Loss:
  total: 0.8663812875747681
Metrics:
  kitti_dice: 0.7496081193288168
  kitti_jaccard_macro: 0.25758111476898193
  kitti_jaccard_micro: 0.6167032122612

2024-06-24 13:17:31,100 - INFO - Epoch 8/120
2024-06-24 13:17:44,132 - INFO - Train Stats
Loss:
  supervised: 0.8371370971202851
  total: 0.8610909938812256
  unsupervised: 0.002737588751395898
  unsupervised_weighted: 0.023953901523990292
Metrics:
  kitti_dice: 0.7715197835649763
  kitti_jaccard_macro: 0.2903160648686545
  kitti_jaccard_micro: 0.6496323236397334

2024-06-24 13:17:44,561 - INFO - Validation Stats
Loss:
  total: 0.8677164514859518
Metrics:
  kitti_dice: 0.7514118949572245
  kitti_jaccard_macro: 0.2675390640894572
  kitti_jaccard_micro: 0.6177283724149069

2024-06-24 13:17:44,561 - INFO - Epoch 9/120
2024-06-24 13:17:57,605 - INFO - Train Stats
Loss:
  supervised: 0.7431867727211543
  total: 0.7694029552595956
  unsupervised: 0.0026216182192521434
  unsupervised_weighted: 0.026216182112693786
Metrics:
  kitti_dice: 0.7879078286034721
  kitti_jaccard_macro: 0.2992143771478108
  kitti_jaccard_micro: 0.6750073381832667

2024-06-24 13:17:58,040 - INFO - Validation Stats
Loss:
  total: 0.8370328942934672
Metrics:
  kitti_dice: 0.7700676719347636
  kitti_jaccard_macro: 0.2747413367033005
  kitti_jaccard_micro: 0.6401573419570923

2024-06-24 13:17:58,157 - INFO - Epoch 10/120
2024-06-24 13:18:11,250 - INFO - Train Stats
Loss:
  supervised: 0.7578112491539546
  total: 0.7863640001841954
  unsupervised: 0.0025380221561395696
  unsupervised_weighted: 0.028552749274032455
Metrics:
  kitti_dice: 0.7773007750511169
  kitti_jaccard_macro: 0.29791181342942374
  kitti_jaccard_micro: 0.6596963047981262

2024-06-24 13:18:11,684 - INFO - Validation Stats
Loss:
  total: 0.8117517232894897
Metrics:
  kitti_dice: 0.7576943039894104
  kitti_jaccard_macro: 0.25370071828365326
  kitti_jaccard_micro: 0.6246813734372457

2024-06-24 13:18:11,957 - INFO - Epoch 11/120
2024-06-24 13:18:25,116 - INFO - Train Stats
Loss:
  supervised: 0.7103843884808677
  total: 0.7345632135868072
  unsupervised: 0.0019343057414516807
  unsupervised_weighted: 0.02417882164674146
Metrics:
  kitti_dice: 0.8009871636118208
  kitti_jaccard_macro: 0.32147594136851176
  kitti_jaccard_micro: 0.6896006745951516

2024-06-24 13:18:25,561 - INFO - Validation Stats
Loss:
  total: 0.7727194825808207
Metrics:
  kitti_dice: 0.7697278261184692
  kitti_jaccard_macro: 0.27913900713125867
  kitti_jaccard_micro: 0.6410333315531412

2024-06-24 13:18:25,748 - INFO - Epoch 12/120
2024-06-24 13:18:39,075 - INFO - Train Stats
Loss:
  supervised: 0.7049493082932063
  total: 0.7314171186515264
  unsupervised: 0.0019249317069937077
  unsupervised_weighted: 0.02646781105015959
Metrics:
  kitti_dice: 0.7972612925938197
  kitti_jaccard_macro: 0.3204950434820993
  kitti_jaccard_micro: 0.6844153302056449

2024-06-24 13:18:39,510 - INFO - Validation Stats
Loss:
  total: 0.7612627148628235
Metrics:
  kitti_dice: 0.7779293258984884
  kitti_jaccard_macro: 0.2839501102765401
  kitti_jaccard_micro: 0.6527034441630045

2024-06-24 13:18:39,624 - INFO - Epoch 13/120
2024-06-24 13:18:52,973 - INFO - Train Stats
Loss:
  supervised: 0.7101320930889674
  total: 0.7525850466319493
  unsupervised: 0.0028301966576171774
  unsupervised_weighted: 0.042452949870909966
Metrics:
  kitti_dice: 0.7884180307388305
  kitti_jaccard_macro: 0.31788372482572286
  kitti_jaccard_micro: 0.6736421355179378

2024-06-24 13:18:53,407 - INFO - Validation Stats
Loss:
  total: 0.7933958967526754
Metrics:
  kitti_dice: 0.7679198980331421
  kitti_jaccard_macro: 0.2869570155938466
  kitti_jaccard_micro: 0.6386791865030924

2024-06-24 13:18:53,407 - INFO - Epoch 14/120
2024-06-24 13:19:06,855 - INFO - Train Stats
Loss:
  supervised: 0.6884751183646066
  total: 0.7171037146023341
  unsupervised: 0.001761759478332741
  unsupervised_weighted: 0.028628591341631753
Metrics:
  kitti_dice: 0.8053174751145499
  kitti_jaccard_macro: 0.33453731068543024
  kitti_jaccard_micro: 0.6949321550982339

2024-06-24 13:19:07,297 - INFO - Validation Stats
Loss:
  total: 0.8102759122848511
Metrics:
  kitti_dice: 0.7679740985234579
  kitti_jaccard_macro: 0.28240211804707843
  kitti_jaccard_micro: 0.6392467220624288

2024-06-24 13:19:07,297 - INFO - Epoch 15/120
2024-06-24 13:19:20,796 - INFO - Train Stats
Loss:
  supervised: 0.70663731609072
  total: 0.7371918380260467
  unsupervised: 0.0017459726859150187
  unsupervised_weighted: 0.030554521775671414
Metrics:
  kitti_dice: 0.8021201150757926
  kitti_jaccard_macro: 0.3241161516734532
  kitti_jaccard_micro: 0.6904735522610801

2024-06-24 13:19:21,233 - INFO - Validation Stats
Loss:
  total: 0.8267096281051636
Metrics:
  kitti_dice: 0.7517685691515604
  kitti_jaccard_macro: 0.2740887254476547
  kitti_jaccard_micro: 0.6163655916849772

2024-06-24 13:19:21,233 - INFO - Epoch 16/120
2024-06-24 13:19:34,789 - INFO - Train Stats
Loss:
  supervised: 0.6688651757580893
  total: 0.7068642905780247
  unsupervised: 0.0020266192433025156
  unsupervised_weighted: 0.03799911109464509
Metrics:
  kitti_dice: 0.8170590945652553
  kitti_jaccard_macro: 0.3379295596054622
  kitti_jaccard_micro: 0.7096423149108887

2024-06-24 13:19:35,234 - INFO - Validation Stats
Loss:
  total: 0.87773597240448
Metrics:
  kitti_dice: 0.7505336403846741
  kitti_jaccard_macro: 0.26494865119457245
  kitti_jaccard_micro: 0.6125189463297526

2024-06-24 13:19:35,234 - INFO - Epoch 17/120
2024-06-24 13:19:48,752 - INFO - Train Stats
Loss:
  supervised: 0.6570885479450226
  total: 0.6939967913287026
  unsupervised: 0.001845412258990109
  unsupervised_weighted: 0.03690824535276208
Metrics:
  kitti_dice: 0.8261443700109209
  kitti_jaccard_macro: 0.34912549342427934
  kitti_jaccard_micro: 0.7268996170588902

2024-06-24 13:19:49,189 - INFO - Validation Stats
Loss:
  total: 0.8469126224517822
Metrics:
  kitti_dice: 0.7558647990226746
  kitti_jaccard_macro: 0.26941309372584027
  kitti_jaccard_micro: 0.6205287575721741

2024-06-24 13:19:49,189 - INFO - Epoch 18/120
2024-06-24 13:20:02,755 - INFO - Train Stats
Loss:
  supervised: 0.6439703234604427
  total: 0.6755244033677238
  unsupervised: 0.001484898030425289
  unsupervised_weighted: 0.03155408315360546
Metrics:
  kitti_dice: 0.8275823678289141
  kitti_jaccard_macro: 0.3596391201019287
  kitti_jaccard_micro: 0.7280168686594282

2024-06-24 13:20:03,191 - INFO - Validation Stats
Loss:
  total: 0.7955272396405538
Metrics:
  kitti_dice: 0.7633819182713827
  kitti_jaccard_macro: 0.2857470711072286
  kitti_jaccard_micro: 0.6320604284604391

2024-06-24 13:20:03,191 - INFO - Epoch 19/120
2024-06-24 13:20:16,781 - INFO - Train Stats
Loss:
  supervised: 0.6411357219730105
  total: 0.6792759759085519
  unsupervised: 0.0016951223419580076
  unsupervised_weighted: 0.0381402529243912
Metrics:
  kitti_dice: 0.8234021408217294
  kitti_jaccard_macro: 0.355604990039553
  kitti_jaccard_micro: 0.7176547612462725

2024-06-24 13:20:17,217 - INFO - Validation Stats
Loss:
  total: 0.7764537731806437
Metrics:
  kitti_dice: 0.77839195728302
  kitti_jaccard_macro: 0.29211075603961945
  kitti_jaccard_micro: 0.6514593561490377

2024-06-24 13:20:17,217 - INFO - Epoch 20/120
2024-06-24 13:20:30,802 - INFO - Train Stats
Loss:
  supervised: 0.6039165062563759
  total: 0.6425430221217019
  unsupervised: 0.0016263797114204083
  unsupervised_weighted: 0.03862651820693697
Metrics:
  kitti_dice: 0.8405688881874085
  kitti_jaccard_macro: 0.3632166006735393
  kitti_jaccard_micro: 0.7420929261616298

2024-06-24 13:20:31,236 - INFO - Validation Stats
Loss:
  total: 0.7463901241620382
Metrics:
  kitti_dice: 0.7869407335917155
  kitti_jaccard_macro: 0.31040841341018677
  kitti_jaccard_micro: 0.6639739274978638

2024-06-24 13:20:31,546 - INFO - Epoch 21/120
2024-06-24 13:20:45,125 - INFO - Train Stats
Loss:
  supervised: 0.6085431694984436
  total: 0.6480567395687103
  unsupervised: 0.0015805428215701666
  unsupervised_weighted: 0.03951357033635889
Metrics:
  kitti_dice: 0.8270951730864389
  kitti_jaccard_macro: 0.35316649419920787
  kitti_jaccard_micro: 0.7228450894355773

2024-06-24 13:20:45,569 - INFO - Validation Stats
Loss:
  total: 0.7380011876424154
Metrics:
  kitti_dice: 0.782522996266683
  kitti_jaccard_macro: 0.3222111662228902
  kitti_jaccard_micro: 0.6568407813707987

2024-06-24 13:20:45,758 - INFO - Epoch 22/120
2024-06-24 13:20:59,369 - INFO - Train Stats
Loss:
  supervised: 0.5969702737671988
  total: 0.632493839093617
  unsupervised: 0.0013532787095755338
  unsupervised_weighted: 0.03552356591182096
Metrics:
  kitti_dice: 0.8438787545476641
  kitti_jaccard_macro: 0.37467356622219083
  kitti_jaccard_micro: 0.7483723291328975

2024-06-24 13:20:59,806 - INFO - Validation Stats
Loss:
  total: 0.8290244539578756
Metrics:
  kitti_dice: 0.7548800706863403
  kitti_jaccard_macro: 0.2869216700394948
  kitti_jaccard_micro: 0.6189910570780436

2024-06-24 13:20:59,806 - INFO - Epoch 23/120
2024-06-24 13:21:13,386 - INFO - Train Stats
Loss:
  supervised: 0.6332067225660597
  total: 0.6703977695533208
  unsupervised: 0.0013524016165839775
  unsupervised_weighted: 0.03719104480530534
Metrics:
  kitti_dice: 0.8372584240777152
  kitti_jaccard_macro: 0.37124399627958027
  kitti_jaccard_micro: 0.7357438819749015

2024-06-24 13:21:13,824 - INFO - Validation Stats
Loss:
  total: 0.7552429437637329
Metrics:
  kitti_dice: 0.7834990421930949
  kitti_jaccard_macro: 0.304009606440862
  kitti_jaccard_micro: 0.6580233375231425

2024-06-24 13:21:13,824 - INFO - Epoch 24/120
2024-06-24 13:21:27,405 - INFO - Train Stats
Loss:
  supervised: 0.6216586215155465
  total: 0.6583056747913361
  unsupervised: 0.001274680213204452
  unsupervised_weighted: 0.03664705583027431
Metrics:
  kitti_dice: 0.8318403312138148
  kitti_jaccard_macro: 0.36980673159871785
  kitti_jaccard_micro: 0.7337635593754904

2024-06-24 13:21:27,843 - INFO - Validation Stats
Loss:
  total: 0.7797381281852722
Metrics:
  kitti_dice: 0.774504542350769
  kitti_jaccard_macro: 0.3085862547159195
  kitti_jaccard_micro: 0.6459029912948608

2024-06-24 13:21:27,843 - INFO - Epoch 25/120
2024-06-24 13:21:41,420 - INFO - Train Stats
Loss:
  supervised: 0.6191971387181964
  total: 0.65570239509855
  unsupervised: 0.0012168417634841587
  unsupervised_weighted: 0.036505253134029254
Metrics:
  kitti_dice: 0.8236260226794652
  kitti_jaccard_macro: 0.3552865845816476
  kitti_jaccard_micro: 0.7190703800746373

2024-06-24 13:21:41,853 - INFO - Validation Stats
Loss:
  total: 0.7730692227681478
Metrics:
  kitti_dice: 0.7742103139559428
  kitti_jaccard_macro: 0.32123413185278576
  kitti_jaccard_micro: 0.6464714407920837

2024-06-24 13:21:41,854 - INFO - Epoch 26/120
2024-06-24 13:21:55,380 - INFO - Train Stats
Loss:
  supervised: 0.5609938391617366
  total: 0.6002932829516274
  unsupervised: 0.0012575822416692971
  unsupervised_weighted: 0.03929944490747792
Metrics:
  kitti_dice: 0.8514696666172572
  kitti_jaccard_macro: 0.39019747717039927
  kitti_jaccard_micro: 0.7585823127201625

2024-06-24 13:21:55,820 - INFO - Validation Stats
Loss:
  total: 0.7707724769910177
Metrics:
  kitti_dice: 0.7837686340014139
  kitti_jaccard_macro: 0.31365277866522473
  kitti_jaccard_micro: 0.6613122224807739

2024-06-24 13:21:55,821 - INFO - Epoch 27/120
2024-06-24 13:22:09,368 - INFO - Train Stats
Loss:
  supervised: 0.6252265351159232
  total: 0.6696454320635115
  unsupervised: 0.001366735394445381
  unsupervised_weighted: 0.04441890024713108
Metrics:
  kitti_dice: 0.8094875403812953
  kitti_jaccard_macro: 0.3543083940233503
  kitti_jaccard_micro: 0.7016575038433075

2024-06-24 13:22:09,841 - INFO - Validation Stats
Loss:
  total: 0.7614261905352274
Metrics:
  kitti_dice: 0.7939858237902323
  kitti_jaccard_macro: 0.32630151013533276
  kitti_jaccard_micro: 0.6753629644711813

2024-06-24 13:22:09,841 - INFO - Epoch 28/120
2024-06-24 13:22:23,389 - INFO - Train Stats
Loss:
  supervised: 0.6136620240552085
  total: 0.6617130330630712
  unsupervised: 0.0014237336448526807
  unsupervised_weighted: 0.04805101055119719
Metrics:
  kitti_dice: 0.8207002128873553
  kitti_jaccard_macro: 0.3542941212654114
  kitti_jaccard_micro: 0.7173240993704114

2024-06-24 13:22:23,828 - INFO - Validation Stats
Loss:
  total: 0.7832832336425781
Metrics:
  kitti_dice: 0.7778187394142151
  kitti_jaccard_macro: 0.3187938630580902
  kitti_jaccard_micro: 0.6502477924029032

2024-06-24 13:22:23,828 - INFO - Epoch 29/120
2024-06-24 13:22:37,331 - INFO - Train Stats
Loss:
  supervised: 0.6425173997879028
  total: 0.6944089336054665
  unsupervised: 0.0014826153255333857
  unsupervised_weighted: 0.05189153674457755
Metrics:
  kitti_dice: 0.8227530087743486
  kitti_jaccard_macro: 0.3692199170589447
  kitti_jaccard_micro: 0.726502754858562

2024-06-24 13:22:37,772 - INFO - Validation Stats
Loss:
  total: 0.8029142022132874
Metrics:
  kitti_dice: 0.7921297947565714
  kitti_jaccard_macro: 0.3231245279312134
  kitti_jaccard_micro: 0.6683628360430399

2024-06-24 13:22:37,772 - INFO - Epoch 30/120
2024-06-24 13:22:51,229 - INFO - Train Stats
Loss:
  supervised: 0.5797228949410574
  total: 0.6328983451638903
  unsupervised: 0.0014669089977230345
  unsupervised_weighted: 0.05317545128720147
Metrics:
  kitti_dice: 0.8452062640871321
  kitti_jaccard_macro: 0.3810959275279726
  kitti_jaccard_micro: 0.7478547283581325

2024-06-24 13:22:51,669 - INFO - Validation Stats
Loss:
  total: 0.7491199771563212
Metrics:
  kitti_dice: 0.7908705274264017
  kitti_jaccard_macro: 0.3273173967997233
  kitti_jaccard_micro: 0.6663630803426107

2024-06-24 13:22:51,782 - INFO - Epoch 31/120
2024-06-24 13:23:05,174 - INFO - Train Stats
Loss:
  supervised: 0.600606849363872
  total: 0.6460000233990806
  unsupervised: 0.0012104847252235882
  unsupervised_weighted: 0.0453931770154408
Metrics:
  kitti_dice: 0.83633747952325
  kitti_jaccard_macro: 0.37253993110997335
  kitti_jaccard_micro: 0.7374469680445535

2024-06-24 13:23:05,611 - INFO - Validation Stats
Loss:
  total: 0.7821829716364542
Metrics:
  kitti_dice: 0.7842749953269958
  kitti_jaccard_macro: 0.3291018605232239
  kitti_jaccard_micro: 0.6576003034909567

2024-06-24 13:23:05,612 - INFO - Epoch 32/120
2024-06-24 13:23:18,985 - INFO - Train Stats
Loss:
  supervised: 0.5596884412424905
  total: 0.6035844036511012
  unsupervised: 0.0011327989964878985
  unsupervised_weighted: 0.04389596129102366
Metrics:
  kitti_dice: 0.8446428435189384
  kitti_jaccard_macro: 0.3942986573491778
  kitti_jaccard_micro: 0.7497195226805551

2024-06-24 13:23:19,417 - INFO - Validation Stats
Loss:
  total: 0.808780312538147
Metrics:
  kitti_dice: 0.7724504470825195
  kitti_jaccard_macro: 0.31341897944609326
  kitti_jaccard_micro: 0.640653669834137

2024-06-24 13:23:19,417 - INFO - Epoch 33/120
2024-06-24 13:23:32,811 - INFO - Train Stats
Loss:
  supervised: 0.5564600127083915
  total: 0.6085651099681855
  unsupervised: 0.0013026273992311742
  unsupervised_weighted: 0.05210509624864374
Metrics:
  kitti_dice: 0.8531941226550511
  kitti_jaccard_macro: 0.39698713081223624
  kitti_jaccard_micro: 0.759135263306754

2024-06-24 13:23:33,251 - INFO - Validation Stats
Loss:
  total: 0.7712926268577576
Metrics:
  kitti_dice: 0.7826949755350748
  kitti_jaccard_macro: 0.32263967394828796
  kitti_jaccard_micro: 0.6564793586730957

2024-06-24 13:23:33,251 - INFO - Epoch 34/120
2024-06-24 13:23:46,599 - INFO - Train Stats
Loss:
  supervised: 0.5855579623154231
  total: 0.6423915130751473
  unsupervised: 0.0013777831053760434
  unsupervised_weighted: 0.05683355256915092
Metrics:
  kitti_dice: 0.847722293649401
  kitti_jaccard_macro: 0.3918599086148398
  kitti_jaccard_micro: 0.7527355364390782

2024-06-24 13:23:47,032 - INFO - Validation Stats
Loss:
  total: 0.7321238319079081
Metrics:
  kitti_dice: 0.787553052107493
  kitti_jaccard_macro: 0.32871177792549133
  kitti_jaccard_micro: 0.6635357538859049

2024-06-24 13:23:47,152 - INFO - Epoch 35/120
2024-06-24 13:24:00,523 - INFO - Train Stats
Loss:
  supervised: 0.5890943365437644
  total: 0.6457880743912288
  unsupervised: 0.00133397028548643
  unsupervised_weighted: 0.05669373720884323
Metrics:
  kitti_dice: 0.840522187096732
  kitti_jaccard_macro: 0.3842910468578339
  kitti_jaccard_micro: 0.7488073366028922

2024-06-24 13:24:00,961 - INFO - Validation Stats
Loss:
  total: 0.723959485689799
Metrics:
  kitti_dice: 0.7992784976959229
  kitti_jaccard_macro: 0.34104674061139423
  kitti_jaccard_micro: 0.679023802280426

2024-06-24 13:24:01,148 - INFO - Epoch 36/120
2024-06-24 13:24:14,477 - INFO - Train Stats
Loss:
  supervised: 0.5542690030166081
  total: 0.6060328049319131
  unsupervised: 0.0011831726113866483
  unsupervised_weighted: 0.05176380180886814
Metrics:
  kitti_dice: 0.8548343164580209
  kitti_jaccard_macro: 0.3999929453645434
  kitti_jaccard_micro: 0.761354238646371

2024-06-24 13:24:14,916 - INFO - Validation Stats
Loss:
  total: 0.7451412280400594
Metrics:
  kitti_dice: 0.7932546734809875
  kitti_jaccard_macro: 0.3331752121448517
  kitti_jaccard_micro: 0.6710495551427206

2024-06-24 13:24:14,916 - INFO - Epoch 37/120
2024-06-24 13:24:28,275 - INFO - Train Stats
Loss:
  supervised: 0.5511245599814824
  total: 0.6138773441314698
  unsupervised: 0.001394506447416331
  unsupervised_weighted: 0.06275278979114124
Metrics:
  kitti_dice: 0.8451088462557111
  kitti_jaccard_macro: 0.3845803639718464
  kitti_jaccard_micro: 0.7483990362712315

2024-06-24 13:24:28,713 - INFO - Validation Stats
Loss:
  total: 0.7457299629847208
Metrics:
  kitti_dice: 0.7962344487508138
  kitti_jaccard_macro: 0.3387163579463959
  kitti_jaccard_micro: 0.6761192480723063

2024-06-24 13:24:28,713 - INFO - Epoch 38/120
2024-06-24 13:24:42,075 - INFO - Train Stats
Loss:
  supervised: 0.5807134790079934
  total: 0.636738349710192
  unsupervised: 0.001211348467040807
  unsupervised_weighted: 0.056024866391505515
Metrics:
  kitti_dice: 0.8457602671214512
  kitti_jaccard_macro: 0.3955019329275404
  kitti_jaccard_micro: 0.7489078487668719

2024-06-24 13:24:42,510 - INFO - Validation Stats
Loss:
  total: 0.7882547179857889
Metrics:
  kitti_dice: 0.785431444644928
  kitti_jaccard_macro: 0.32611555854479474
  kitti_jaccard_micro: 0.6607429186503092

2024-06-24 13:24:42,510 - INFO - Epoch 39/120
2024-06-24 13:24:55,856 - INFO - Train Stats
Loss:
  supervised: 0.5703805178403855
  total: 0.6275041767529079
  unsupervised: 0.001202603308151343
  unsupervised_weighted: 0.0571236572095326
Metrics:
  kitti_dice: 0.8387472357068743
  kitti_jaccard_macro: 0.3960992421422686
  kitti_jaccard_micro: 0.7456212333270482

2024-06-24 13:24:56,293 - INFO - Validation Stats
Loss:
  total: 0.7311702171961466
Metrics:
  kitti_dice: 0.7894360025723776
  kitti_jaccard_macro: 0.3312447766462962
  kitti_jaccard_micro: 0.6663683454195658

2024-06-24 13:24:56,293 - INFO - Epoch 40/120
2024-06-24 13:25:09,656 - INFO - Train Stats
Loss:
  supervised: 0.5824958460671561
  total: 0.6396220769201006
  unsupervised: 0.0011718201534157353
  unsupervised_weighted: 0.05712623223662376
Metrics:
  kitti_dice: 0.8340157466275352
  kitti_jaccard_macro: 0.3904968202114105
  kitti_jaccard_micro: 0.743063884973526

2024-06-24 13:25:10,090 - INFO - Validation Stats
Loss:
  total: 0.8856701652208964
Metrics:
  kitti_dice: 0.7602628270785013
  kitti_jaccard_macro: 0.31356748938560486
  kitti_jaccard_micro: 0.6257064938545227

2024-06-24 13:25:10,206 - INFO - Epoch 41/120
2024-06-24 13:25:23,588 - INFO - Train Stats
Loss:
  supervised: 0.5777643501758576
  total: 0.6417044469288418
  unsupervised: 0.001278801925946027
  unsupervised_weighted: 0.06394009664654732
Metrics:
  kitti_dice: 0.851109881060464
  kitti_jaccard_macro: 0.3921323107821601
  kitti_jaccard_micro: 0.7581264972686768

2024-06-24 13:25:24,026 - INFO - Validation Stats
Loss:
  total: 0.7425183057785034
Metrics:
  kitti_dice: 0.7915048996607462
  kitti_jaccard_macro: 0.3346186876296997
  kitti_jaccard_micro: 0.6693633596102396

2024-06-24 13:25:24,026 - INFO - Epoch 42/120
2024-06-24 13:25:37,376 - INFO - Train Stats
Loss:
  supervised: 0.5256715783051082
  total: 0.5831798366137914
  unsupervised: 0.0011221123410255782
  unsupervised_weighted: 0.05750825756362506
Metrics:
  kitti_dice: 0.861208302634103
  kitti_jaccard_macro: 0.4107897060258048
  kitti_jaccard_micro: 0.7779451029641288

2024-06-24 13:25:37,815 - INFO - Validation Stats
Loss:
  total: 0.729839046796163
Metrics:
  kitti_dice: 0.7955375909805298
  kitti_jaccard_macro: 0.3286609351634979
  kitti_jaccard_micro: 0.6755580902099609

2024-06-24 13:25:37,815 - INFO - Epoch 43/120
2024-06-24 13:25:51,187 - INFO - Train Stats
Loss:
  supervised: 0.5801901314939771
  total: 0.6459432899951935
  unsupervised: 0.0012524410167575946
  unsupervised_weighted: 0.06575315360512052
Metrics:
  kitti_dice: 0.8279584935733251
  kitti_jaccard_macro: 0.3723469614982605
  kitti_jaccard_micro: 0.7259844345705849

2024-06-24 13:25:51,627 - INFO - Validation Stats
Loss:
  total: 0.7738574345906576
Metrics:
  kitti_dice: 0.7897017995516459
  kitti_jaccard_macro: 0.3343844910462697
  kitti_jaccard_micro: 0.6652178168296814

2024-06-24 13:25:51,628 - INFO - Epoch 44/120
2024-06-24 13:26:04,998 - INFO - Train Stats
Loss:
  supervised: 0.5573186797755105
  total: 0.6284391488347735
  unsupervised: 0.0013231715303845704
  unsupervised_weighted: 0.07112046959144729
Metrics:
  kitti_dice: 0.8399023192269461
  kitti_jaccard_macro: 0.39470462799072265
  kitti_jaccard_micro: 0.7420058335576739

2024-06-24 13:26:05,426 - INFO - Validation Stats
Loss:
  total: 0.7373296022415161
Metrics:
  kitti_dice: 0.7944089770317078
  kitti_jaccard_macro: 0.3359268506368001
  kitti_jaccard_micro: 0.6724883516629537

2024-06-24 13:26:05,426 - INFO - Epoch 45/120
2024-06-24 13:26:18,804 - INFO - Train Stats
Loss:
  supervised: 0.5551822768790381
  total: 0.6190858576978956
  unsupervised: 0.0011618832608551852
  unsupervised_weighted: 0.06390357932874134
Metrics:
  kitti_dice: 0.856569961990629
  kitti_jaccard_macro: 0.42417026587894985
  kitti_jaccard_micro: 0.7686840857778277

2024-06-24 13:26:19,243 - INFO - Validation Stats
Loss:
  total: 0.6743520895640055
Metrics:
  kitti_dice: 0.8077370921770731
  kitti_jaccard_macro: 0.34533752997716266
  kitti_jaccard_micro: 0.6921414534250895

2024-06-24 13:26:19,355 - INFO - Epoch 46/120
2024-06-24 13:26:32,716 - INFO - Train Stats
Loss:
  supervised: 0.5490808691297259
  total: 0.6253273146493095
  unsupervised: 0.0013554922986908683
  unsupervised_weighted: 0.07624644179429327
Metrics:
  kitti_dice: 0.8491292374474662
  kitti_jaccard_macro: 0.39377896615437097
  kitti_jaccard_micro: 0.7542043328285217

2024-06-24 13:26:33,155 - INFO - Validation Stats
Loss:
  total: 0.7320718367894491
Metrics:
  kitti_dice: 0.7943270405133566
  kitti_jaccard_macro: 0.3392607470353444
  kitti_jaccard_micro: 0.6729374925295512

2024-06-24 13:26:33,155 - INFO - Epoch 47/120
2024-06-24 13:26:46,544 - INFO - Train Stats
Loss:
  supervised: 0.5380481298480715
  total: 0.6081358177321298
  unsupervised: 0.0012189162811929626
  unsupervised_weighted: 0.07008768671325274
Metrics:
  kitti_dice: 0.8576551760946002
  kitti_jaccard_macro: 0.4070220934493201
  kitti_jaccard_micro: 0.7697059759071895

2024-06-24 13:26:46,982 - INFO - Validation Stats
Loss:
  total: 0.7912458181381226
Metrics:
  kitti_dice: 0.7809449632962545
  kitti_jaccard_macro: 0.3252318352460861
  kitti_jaccard_micro: 0.6532500187555949

2024-06-24 13:26:46,982 - INFO - Epoch 48/120
2024-06-24 13:27:00,341 - INFO - Train Stats
Loss:
  supervised: 0.5984637669154576
  total: 0.6720895528793335
  unsupervised: 0.00125320486425023
  unsupervised_weighted: 0.07362578575100218
Metrics:
  kitti_dice: 0.8380116752215794
  kitti_jaccard_macro: 0.39651935270854405
  kitti_jaccard_micro: 0.7409212614808763

2024-06-24 13:27:00,775 - INFO - Validation Stats
Loss:
  total: 0.7617939909299215
Metrics:
  kitti_dice: 0.7962388197580973
  kitti_jaccard_macro: 0.3311984141667684
  kitti_jaccard_micro: 0.6759272813796997

2024-06-24 13:27:00,775 - INFO - Epoch 49/120
2024-06-24 13:27:14,144 - INFO - Train Stats
Loss:
  supervised: 0.5241590840475899
  total: 0.5955813893250057
  unsupervised: 0.0011903717980853148
  unsupervised_weighted: 0.071422307406153
Metrics:
  kitti_dice: 0.8615596788270133
  kitti_jaccard_macro: 0.4235811982836042
  kitti_jaccard_micro: 0.7745106850351606

2024-06-24 13:27:14,593 - INFO - Validation Stats
Loss:
  total: 0.7261258959770203
Metrics:
  kitti_dice: 0.8037808934847513
  kitti_jaccard_macro: 0.3456059793631236
  kitti_jaccard_micro: 0.6851849555969238

2024-06-24 13:27:14,593 - INFO - Epoch 50/120
2024-06-24 13:27:28,007 - INFO - Train Stats
Loss:
  supervised: 0.5000103907925743
  total: 0.5751507588795253
  unsupervised: 0.0012267815015677894
  unsupervised_weighted: 0.0751403669161456
Metrics:
  kitti_dice: 0.8718085612569536
  kitti_jaccard_macro: 0.4212533759219306
  kitti_jaccard_micro: 0.7871642453329903

2024-06-24 13:27:28,449 - INFO - Validation Stats
Loss:
  total: 0.7350078423817953
Metrics:
  kitti_dice: 0.8016541997591654
  kitti_jaccard_macro: 0.34903189539909363
  kitti_jaccard_micro: 0.6812098224957784

2024-06-24 13:27:28,612 - INFO - Epoch 51/120
2024-06-24 13:27:41,970 - INFO - Train Stats
Loss:
  supervised: 0.5417612160955156
  total: 0.6207557831491742
  unsupervised: 0.001263912900217942
  unsupervised_weighted: 0.07899455672928266
Metrics:
  kitti_dice: 0.8392229267529079
  kitti_jaccard_macro: 0.3993546511445727
  kitti_jaccard_micro: 0.744044451202665

2024-06-24 13:27:42,403 - INFO - Validation Stats
Loss:
  total: 0.7003242373466492
Metrics:
  kitti_dice: 0.7972846031188965
  kitti_jaccard_macro: 0.3435129423936208
  kitti_jaccard_micro: 0.6780765056610107

2024-06-24 13:27:42,404 - INFO - Epoch 52/120
2024-06-24 13:27:55,774 - INFO - Train Stats
Loss:
  supervised: 0.5073086985519955
  total: 0.5896464696952275
  unsupervised: 0.0012915729062764772
  unsupervised_weighted: 0.08233777305909566
Metrics:
  kitti_dice: 0.871353314604078
  kitti_jaccard_macro: 0.41964919226510183
  kitti_jaccard_micro: 0.7867231692586626

2024-06-24 13:27:56,211 - INFO - Validation Stats
Loss:
  total: 0.7297270894050598
Metrics:
  kitti_dice: 0.8022415439287821
  kitti_jaccard_macro: 0.3481868902842204
  kitti_jaccard_micro: 0.6832248767217001

2024-06-24 13:27:56,212 - INFO - Epoch 53/120
2024-06-24 13:28:09,589 - INFO - Train Stats
Loss:
  supervised: 0.5805778316089085
  total: 0.6783648252487182
  unsupervised: 0.0015044152919602182
  unsupervised_weighted: 0.09778699395912034
Metrics:
  kitti_dice: 0.8504687871251787
  kitti_jaccard_macro: 0.4095799684524536
  kitti_jaccard_micro: 0.7621313682624272

2024-06-24 13:28:10,024 - INFO - Validation Stats
Loss:
  total: 0.7080003619194031
Metrics:
  kitti_dice: 0.8082118233044943
  kitti_jaccard_macro: 0.35084645946820575
  kitti_jaccard_micro: 0.6923580964406332

2024-06-24 13:28:10,024 - INFO - Epoch 54/120
2024-06-24 13:28:23,404 - INFO - Train Stats
Loss:
  supervised: 0.5520214463983263
  total: 0.6401076367923192
  unsupervised: 0.001329602810022022
  unsupervised_weighted: 0.08808618560433387
Metrics:
  kitti_dice: 0.8409150413104466
  kitti_jaccard_macro: 0.40104823197637285
  kitti_jaccard_micro: 0.7499627351760865

2024-06-24 13:28:23,839 - INFO - Validation Stats
Loss:
  total: 0.7750063935915629
Metrics:
  kitti_dice: 0.7992715040842692
  kitti_jaccard_macro: 0.3432052234808604
  kitti_jaccard_micro: 0.6785233616828918

2024-06-24 13:28:23,839 - INFO - Epoch 55/120
2024-06-24 13:28:37,222 - INFO - Train Stats
Loss:
  supervised: 0.5022816973073142
  total: 0.578055283001491
  unsupervised: 0.0011225716643301503
  unsupervised_weighted: 0.07577358718429293
Metrics:
  kitti_dice: 0.8766479083469936
  kitti_jaccard_macro: 0.44740602459226336
  kitti_jaccard_micro: 0.794537159374782

2024-06-24 13:28:37,665 - INFO - Validation Stats
Loss:
  total: 0.6807125806808472
Metrics:
  kitti_dice: 0.8084641098976135
  kitti_jaccard_macro: 0.3510212202866872
  kitti_jaccard_micro: 0.6919941107432047

2024-06-24 13:28:37,665 - INFO - Epoch 56/120
2024-06-24 13:28:51,041 - INFO - Train Stats
Loss:
  supervised: 0.5406811901501247
  total: 0.6263734110764094
  unsupervised: 0.0012464322681937899
  unsupervised_weighted: 0.08569221890398435
Metrics:
  kitti_dice: 0.8545853001730782
  kitti_jaccard_macro: 0.4178898104599544
  kitti_jaccard_micro: 0.7665467670985631

2024-06-24 13:28:51,480 - INFO - Validation Stats
Loss:
  total: 0.7077533404032389
Metrics:
  kitti_dice: 0.8041837612787882
  kitti_jaccard_macro: 0.3459305266539256
  kitti_jaccard_micro: 0.6864805022875468

2024-06-24 13:28:51,480 - INFO - Epoch 57/120
2024-06-24 13:29:04,857 - INFO - Train Stats
Loss:
  supervised: 0.530259360585894
  total: 0.6199671702725547
  unsupervised: 0.0012815401207522622
  unsupervised_weighted: 0.08970780840941837
Metrics:
  kitti_dice: 0.868086542401995
  kitti_jaccard_macro: 0.4218160118375506
  kitti_jaccard_micro: 0.7821024298667908

2024-06-24 13:29:05,295 - INFO - Validation Stats
Loss:
  total: 0.6900330185890198
Metrics:
  kitti_dice: 0.8070449630419413
  kitti_jaccard_macro: 0.3524783154328664
  kitti_jaccard_micro: 0.6891424655914307

2024-06-24 13:29:05,296 - INFO - Epoch 58/120
2024-06-24 13:29:18,694 - INFO - Train Stats
Loss:
  supervised: 0.5238152895654951
  total: 0.6027629239218576
  unsupervised: 0.0011080369419817413
  unsupervised_weighted: 0.07894763222762517
Metrics:
  kitti_dice: 0.8690446666308812
  kitti_jaccard_macro: 0.43758609890937805
  kitti_jaccard_micro: 0.7887125730514526

2024-06-24 13:29:19,135 - INFO - Validation Stats
Loss:
  total: 0.7306066552797953
Metrics:
  kitti_dice: 0.7963191072146097
  kitti_jaccard_macro: 0.34435033798217773
  kitti_jaccard_micro: 0.6746206879615784

2024-06-24 13:29:19,136 - INFO - Epoch 59/120
2024-06-24 13:29:32,501 - INFO - Train Stats
Loss:
  supervised: 0.5271998656647546
  total: 0.6141647117478507
  unsupervised: 0.0011995151023646551
  unsupervised_weighted: 0.08696484491229058
Metrics:
  kitti_dice: 0.8673044511250088
  kitti_jaccard_macro: 0.43086232713290623
  kitti_jaccard_micro: 0.7809679661478315

2024-06-24 13:29:32,936 - INFO - Validation Stats
Loss:
  total: 0.7661325136820475
Metrics:
  kitti_dice: 0.791162927945455
  kitti_jaccard_macro: 0.3348093032836914
  kitti_jaccard_micro: 0.6679820020993551

2024-06-24 13:29:32,936 - INFO - Epoch 60/120
2024-06-24 13:29:46,315 - INFO - Train Stats
Loss:
  supervised: 0.5364447832107544
  total: 0.6301881687981742
  unsupervised: 0.0012710967467033437
  unsupervised_weighted: 0.09374338484236172
Metrics:
  kitti_dice: 0.8606391702379499
  kitti_jaccard_macro: 0.41519913503101896
  kitti_jaccard_micro: 0.7721831364291055

2024-06-24 13:29:46,752 - INFO - Validation Stats
Loss:
  total: 0.7702814737955729
Metrics:
  kitti_dice: 0.7904709180196127
  kitti_jaccard_macro: 0.3285088737805684
  kitti_jaccard_micro: 0.6663812796274821

2024-06-24 13:29:46,863 - INFO - Epoch 61/120
2024-06-24 13:30:00,239 - INFO - Train Stats
Loss:
  supervised: 0.5131035685539246
  total: 0.6029162619795118
  unsupervised: 0.00119750258579318
  unsupervised_weighted: 0.0898126935320241
Metrics:
  kitti_dice: 0.8557065163339888
  kitti_jaccard_macro: 0.419030920948301
  kitti_jaccard_micro: 0.7675666723932538

2024-06-24 13:30:00,682 - INFO - Validation Stats
Loss:
  total: 0.78029332558314
Metrics:
  kitti_dice: 0.7946869134902954
  kitti_jaccard_macro: 0.33648812770843506
  kitti_jaccard_micro: 0.6730808615684509

2024-06-24 13:30:00,682 - INFO - Epoch 62/120
2024-06-24 13:30:14,052 - INFO - Train Stats
Loss:
  supervised: 0.5391474442822592
  total: 0.6298435143062047
  unsupervised: 0.0012092809442297689
  unsupervised_weighted: 0.09069607193980898
Metrics:
  kitti_dice: 0.8591415575572423
  kitti_jaccard_macro: 0.4234959644930703
  kitti_jaccard_micro: 0.7685568468911307

2024-06-24 13:30:14,485 - INFO - Validation Stats
Loss:
  total: 0.7653557658195496
Metrics:
  kitti_dice: 0.7967403332392374
  kitti_jaccard_macro: 0.33968718846638996
  kitti_jaccard_micro: 0.6740182439486185

2024-06-24 13:30:14,485 - INFO - Epoch 63/120
2024-06-24 13:30:27,895 - INFO - Train Stats
Loss:
  supervised: 0.5327640243938991
  total: 0.626241204568318
  unsupervised: 0.0012463624056960854
  unsupervised_weighted: 0.09347718091947692
Metrics:
  kitti_dice: 0.8627068366323198
  kitti_jaccard_macro: 0.42566262313297815
  kitti_jaccard_micro: 0.7749426220144544

2024-06-24 13:30:28,339 - INFO - Validation Stats
Loss:
  total: 0.7481199502944946
Metrics:
  kitti_dice: 0.7914275725682577
  kitti_jaccard_macro: 0.33994199832280475
  kitti_jaccard_micro: 0.6682947675387064

2024-06-24 13:30:28,339 - INFO - Epoch 64/120
2024-06-24 13:30:41,711 - INFO - Train Stats
Loss:
  supervised: 0.5073304963963372
  total: 0.6060596542698996
  unsupervised: 0.0013163887912274472
  unsupervised_weighted: 0.09872915893793106
Metrics:
  kitti_dice: 0.8635178651128497
  kitti_jaccard_macro: 0.42814927101135253
  kitti_jaccard_micro: 0.7772725982325418

2024-06-24 13:30:42,147 - INFO - Validation Stats
Loss:
  total: 0.7272749741872152
Metrics:
  kitti_dice: 0.8034150799115499
  kitti_jaccard_macro: 0.349924772977829
  kitti_jaccard_micro: 0.6842930912971497

2024-06-24 13:30:42,147 - INFO - Epoch 65/120
2024-06-24 13:30:55,522 - INFO - Train Stats
Loss:
  supervised: 0.5282143592834473
  total: 0.6312594362667628
  unsupervised: 0.0013739344198256732
  unsupervised_weighted: 0.1030450810279165
Metrics:
  kitti_dice: 0.863519309248243
  kitti_jaccard_macro: 0.4287368642432349
  kitti_jaccard_micro: 0.7761117049625942

2024-06-24 13:30:55,959 - INFO - Validation Stats
Loss:
  total: 0.7569797039031982
Metrics:
  kitti_dice: 0.7935444712638855
  kitti_jaccard_macro: 0.33580485979715985
  kitti_jaccard_micro: 0.6706336140632629

2024-06-24 13:30:55,959 - INFO - Epoch 66/120
2024-06-24 13:31:09,354 - INFO - Train Stats
Loss:
  supervised: 0.5147240059716361
  total: 0.6124014879976
  unsupervised: 0.001302366450961147
  unsupervised_weighted: 0.09767748383539064
Metrics:
  kitti_dice: 0.8599641714777265
  kitti_jaccard_macro: 0.4342988806111472
  kitti_jaccard_micro: 0.7703997101102557

2024-06-24 13:31:09,791 - INFO - Validation Stats
Loss:
  total: 0.746339758237203
Metrics:
  kitti_dice: 0.8064756194750468
  kitti_jaccard_macro: 0.3450505534807841
  kitti_jaccard_micro: 0.6886301438013712

2024-06-24 13:31:09,791 - INFO - Epoch 67/120
2024-06-24 13:31:23,196 - INFO - Train Stats
Loss:
  supervised: 0.5117057195731571
  total: 0.6033096160207476
  unsupervised: 0.0012213852306428765
  unsupervised_weighted: 0.09160389261586326
Metrics:
  kitti_dice: 0.8639485308102199
  kitti_jaccard_macro: 0.43093276747635434
  kitti_jaccard_micro: 0.7785530533109393

2024-06-24 13:31:23,636 - INFO - Validation Stats
Loss:
  total: 0.7702995936075846
Metrics:
  kitti_dice: 0.7973599235216776
  kitti_jaccard_macro: 0.34022945165634155
  kitti_jaccard_micro: 0.6746753652890524

2024-06-24 13:31:23,636 - INFO - Epoch 68/120
2024-06-24 13:31:37,055 - INFO - Train Stats
Loss:
  supervised: 0.5148209146090916
  total: 0.6119895075048719
  unsupervised: 0.0012955811573192478
  unsupervised_weighted: 0.09716858672244208
Metrics:
  kitti_dice: 0.862964711870466
  kitti_jaccard_macro: 0.42859145275184085
  kitti_jaccard_micro: 0.7762272392000471

2024-06-24 13:31:37,492 - INFO - Validation Stats
Loss:
  total: 0.7815466125806173
Metrics:
  kitti_dice: 0.7959004044532776
  kitti_jaccard_macro: 0.33890968561172485
  kitti_jaccard_micro: 0.6752366622289022

2024-06-24 13:31:37,492 - INFO - Epoch 69/120
2024-06-24 13:31:50,844 - INFO - Train Stats
Loss:
  supervised: 0.4896168853555407
  total: 0.5842112592288426
  unsupervised: 0.0012612582716558661
  unsupervised_weighted: 0.09459437057375908
Metrics:
  kitti_dice: 0.874167013168335
  kitti_jaccard_macro: 0.44908109392438617
  kitti_jaccard_micro: 0.7922307644571577

2024-06-24 13:31:51,287 - INFO - Validation Stats
Loss:
  total: 0.7799439231554667
Metrics:
  kitti_dice: 0.7842926780382792
  kitti_jaccard_macro: 0.3272774815559387
  kitti_jaccard_micro: 0.6581964095433553

2024-06-24 13:31:51,287 - INFO - Epoch 70/120
2024-06-24 13:32:04,648 - INFO - Train Stats
Loss:
  supervised: 0.5794577479362488
  total: 0.6895503836018698
  unsupervised: 0.0014679018507844635
  unsupervised_weighted: 0.11009263875229018
Metrics:
  kitti_dice: 0.8331981352397374
  kitti_jaccard_macro: 0.3869966400521142
  kitti_jaccard_micro: 0.734029849086489

2024-06-24 13:32:05,085 - INFO - Validation Stats
Loss:
  total: 0.7234092354774475
Metrics:
  kitti_dice: 0.7930393815040588
  kitti_jaccard_macro: 0.3428770999113719
  kitti_jaccard_micro: 0.670130173365275

2024-06-24 13:32:05,199 - INFO - Epoch 71/120
2024-06-24 13:32:18,594 - INFO - Train Stats
Loss:
  supervised: 0.5050107717514039
  total: 0.6103412917682103
  unsupervised: 0.0014044068570780966
  unsupervised_weighted: 0.10533051384346825
Metrics:
  kitti_dice: 0.8767407740865435
  kitti_jaccard_macro: 0.4362640287194933
  kitti_jaccard_micro: 0.7947608402797154

2024-06-24 13:32:19,028 - INFO - Validation Stats
Loss:
  total: 0.7354265451431274
Metrics:
  kitti_dice: 0.7922909657160441
  kitti_jaccard_macro: 0.33919182419776917
  kitti_jaccard_micro: 0.668864111105601

2024-06-24 13:32:19,028 - INFO - Epoch 72/120
2024-06-24 13:32:32,394 - INFO - Train Stats
Loss:
  supervised: 0.5160742091281073
  total: 0.6147000312805175
  unsupervised: 0.0013150109493705842
  unsupervised_weighted: 0.09862582119447845
Metrics:
  kitti_dice: 0.8646625178200859
  kitti_jaccard_macro: 0.435113536460059
  kitti_jaccard_micro: 0.7850419368062701

2024-06-24 13:32:32,834 - INFO - Validation Stats
Loss:
  total: 0.7078553239504496
Metrics:
  kitti_dice: 0.8080673615137736
  kitti_jaccard_macro: 0.35367530584335327
  kitti_jaccard_micro: 0.6915063460667928

2024-06-24 13:32:32,834 - INFO - Epoch 73/120
2024-06-24 13:32:46,242 - INFO - Train Stats
Loss:
  supervised: 0.5147121838160924
  total: 0.622703869002206
  unsupervised: 0.0014398891029746405
  unsupervised_weighted: 0.10799168241875512
Metrics:
  kitti_dice: 0.8666312030383518
  kitti_jaccard_macro: 0.43369728113923756
  kitti_jaccard_micro: 0.7813779660633632

2024-06-24 13:32:46,679 - INFO - Validation Stats
Loss:
  total: 0.7398323814074198
Metrics:
  kitti_dice: 0.7977551221847534
  kitti_jaccard_macro: 0.3393262227376302
  kitti_jaccard_micro: 0.6761493881543478

2024-06-24 13:32:46,680 - INFO - Epoch 74/120
2024-06-24 13:33:00,060 - INFO - Train Stats
Loss:
  supervised: 0.47611283234187535
  total: 0.5740622001034873
  unsupervised: 0.0013059916274089898
  unsupervised_weighted: 0.09794937201908656
Metrics:
  kitti_dice: 0.872866644178118
  kitti_jaccard_macro: 0.4372545693601881
  kitti_jaccard_micro: 0.7911600453513009

2024-06-24 13:33:00,497 - INFO - Validation Stats
Loss:
  total: 0.8036000927289327
Metrics:
  kitti_dice: 0.7841121753056844
  kitti_jaccard_macro: 0.33073424299558
  kitti_jaccard_micro: 0.657715360323588

2024-06-24 13:33:00,497 - INFO - Epoch 75/120
2024-06-24 13:33:13,868 - INFO - Train Stats
Loss:
  supervised: 0.5273436316422053
  total: 0.6334675048078809
  unsupervised: 0.0014149849552528135
  unsupervised_weighted: 0.10612387082406453
Metrics:
  kitti_dice: 0.868353225503649
  kitti_jaccard_macro: 0.4321393144982202
  kitti_jaccard_micro: 0.785335876260485

2024-06-24 13:33:14,305 - INFO - Validation Stats
Loss:
  total: 0.7199737032254537
Metrics:
  kitti_dice: 0.8010822733243307
  kitti_jaccard_macro: 0.35368937253952026
  kitti_jaccard_micro: 0.6818687717119852

2024-06-24 13:33:14,305 - INFO - Epoch 76/120
2024-06-24 13:33:27,683 - INFO - Train Stats
Loss:
  supervised: 0.5114091596433095
  total: 0.6099858377661024
  unsupervised: 0.0013143557040686054
  unsupervised_weighted: 0.09857667876141411
Metrics:
  kitti_dice: 0.8672361476080758
  kitti_jaccard_macro: 0.43595516511372157
  kitti_jaccard_micro: 0.7821282369749887

2024-06-24 13:33:28,119 - INFO - Validation Stats
Loss:
  total: 0.7012215654055277
Metrics:
  kitti_dice: 0.8034635782241821
  kitti_jaccard_macro: 0.34939441084861755
  kitti_jaccard_micro: 0.6849321325620016

2024-06-24 13:33:28,120 - INFO - Epoch 77/120
2024-06-24 13:33:41,496 - INFO - Train Stats
Loss:
  supervised: 0.5296661747353417
  total: 0.6318417191505432
  unsupervised: 0.0013623406611649052
  unsupervised_weighted: 0.10217554973704475
Metrics:
  kitti_dice: 0.8585708132811956
  kitti_jaccard_macro: 0.42538234463759833
  kitti_jaccard_micro: 0.770689616884504

2024-06-24 13:33:41,936 - INFO - Validation Stats
Loss:
  total: 0.6792983611424764
Metrics:
  kitti_dice: 0.8187448978424072
  kitti_jaccard_macro: 0.3577740589777629
  kitti_jaccard_micro: 0.7074061036109924

2024-06-24 13:33:41,936 - INFO - Epoch 78/120
2024-06-24 13:33:55,356 - INFO - Train Stats
Loss:
  supervised: 0.48722927783216746
  total: 0.584322999204908
  unsupervised: 0.0012945829391745585
  unsupervised_weighted: 0.09709372020193509
Metrics:
  kitti_dice: 0.8872876065117973
  kitti_jaccard_macro: 0.4631073466369084
  kitti_jaccard_micro: 0.811149559702192

2024-06-24 13:33:55,797 - INFO - Validation Stats
Loss:
  total: 0.7335015137990316
Metrics:
  kitti_dice: 0.8014965256055196
  kitti_jaccard_macro: 0.34464362263679504
  kitti_jaccard_micro: 0.6814821163813273

2024-06-24 13:33:55,797 - INFO - Epoch 79/120
2024-06-24 13:34:09,179 - INFO - Train Stats
Loss:
  supervised: 0.5046090794461114
  total: 0.6160610113825117
  unsupervised: 0.0014860257489739785
  unsupervised_weighted: 0.11145193151065282
Metrics:
  kitti_dice: 0.8723522731236049
  kitti_jaccard_macro: 0.451602851493018
  kitti_jaccard_micro: 0.7916011963571821

2024-06-24 13:34:09,615 - INFO - Validation Stats
Loss:
  total: 0.7410303950309753
Metrics:
  kitti_dice: 0.7992523113886515
  kitti_jaccard_macro: 0.34359509746233624
  kitti_jaccard_micro: 0.6786273320515951

2024-06-24 13:34:09,615 - INFO - Epoch 80/120
2024-06-24 13:34:23,017 - INFO - Train Stats
Loss:
  supervised: 0.5101589185850961
  total: 0.6314348195280347
  unsupervised: 0.0016170119983144105
  unsupervised_weighted: 0.12127589966569628
Metrics:
  kitti_dice: 0.8724559698786054
  kitti_jaccard_macro: 0.4364110963685172
  kitti_jaccard_micro: 0.7901682870728629

2024-06-24 13:34:23,455 - INFO - Validation Stats
Loss:
  total: 0.7001430988311768
Metrics:
  kitti_dice: 0.8134302298227946
  kitti_jaccard_macro: 0.3542697827021281
  kitti_jaccard_micro: 0.699318528175354

2024-06-24 13:34:23,645 - INFO - Epoch 81/120
2024-06-24 13:34:37,030 - INFO - Train Stats
Loss:
  supervised: 0.4754521493400846
  total: 0.5850070033754621
  unsupervised: 0.0014607313887349197
  unsupervised_weighted: 0.10955485446112496
Metrics:
  kitti_dice: 0.8752683350018092
  kitti_jaccard_macro: 0.4506159863301686
  kitti_jaccard_micro: 0.7954188925879342

2024-06-24 13:34:37,464 - INFO - Validation Stats
Loss:
  total: 0.6998141606648763
Metrics:
  kitti_dice: 0.8105892340342203
  kitti_jaccard_macro: 0.35490121444066364
  kitti_jaccard_micro: 0.6946526567141215

2024-06-24 13:34:37,464 - INFO - Epoch 82/120
2024-06-24 13:34:50,850 - INFO - Train Stats
Loss:
  supervised: 0.5276535221508571
  total: 0.6445118052618845
  unsupervised: 0.0015581104638321059
  unsupervised_weighted: 0.11685828417539597
Metrics:
  kitti_dice: 0.8701143639428275
  kitti_jaccard_macro: 0.4333020039967128
  kitti_jaccard_micro: 0.7853156021663121

2024-06-24 13:34:51,287 - INFO - Validation Stats
Loss:
  total: 0.7254472970962524
Metrics:
  kitti_dice: 0.8061730265617371
  kitti_jaccard_macro: 0.35107503334681195
  kitti_jaccard_micro: 0.6888713836669922

2024-06-24 13:34:51,287 - INFO - Epoch 83/120
2024-06-24 13:35:04,647 - INFO - Train Stats
Loss:
  supervised: 0.5069054016045161
  total: 0.612598363842283
  unsupervised: 0.0014092394849285483
  unsupervised_weighted: 0.10569296202489308
Metrics:
  kitti_dice: 0.8818264705794198
  kitti_jaccard_macro: 0.4515687337943486
  kitti_jaccard_micro: 0.801063883304596

2024-06-24 13:35:05,079 - INFO - Validation Stats
Loss:
  total: 0.7032760381698608
Metrics:
  kitti_dice: 0.8104813496271769
  kitti_jaccard_macro: 0.35122443238894147
  kitti_jaccard_micro: 0.6955688198407491

2024-06-24 13:35:05,079 - INFO - Epoch 84/120
2024-06-24 13:35:18,408 - INFO - Train Stats
Loss:
  supervised: 0.48697138258389067
  total: 0.6032637809004102
  unsupervised: 0.0015505653406892503
  unsupervised_weighted: 0.11629240044525692
Metrics:
  kitti_dice: 0.875581647668566
  kitti_jaccard_macro: 0.4511699501957212
  kitti_jaccard_micro: 0.7933786647660391

2024-06-24 13:35:18,847 - INFO - Validation Stats
Loss:
  total: 0.7446322441101074
Metrics:
  kitti_dice: 0.8041161894798279
  kitti_jaccard_macro: 0.3440258701642354
  kitti_jaccard_micro: 0.6848301291465759

2024-06-24 13:35:18,847 - INFO - Epoch 85/120
2024-06-24 13:35:32,254 - INFO - Train Stats
Loss:
  supervised: 0.5312190396445138
  total: 0.6456373759678432
  unsupervised: 0.001525577824629311
  unsupervised_weighted: 0.11441833674907684
Metrics:
  kitti_dice: 0.8741906336375646
  kitti_jaccard_macro: 0.4345097243785858
  kitti_jaccard_micro: 0.7896667957305908

2024-06-24 13:35:32,687 - INFO - Validation Stats
Loss:
  total: 0.6878800789515177
Metrics:
  kitti_dice: 0.8147627313931783
  kitti_jaccard_macro: 0.35809383789698285
  kitti_jaccard_micro: 0.701199491818746

2024-06-24 13:35:32,687 - INFO - Epoch 86/120
2024-06-24 13:35:46,087 - INFO - Train Stats
Loss:
  supervised: 0.5295287089688437
  total: 0.6471182150500161
  unsupervised: 0.0015678600640967489
  unsupervised_weighted: 0.11758950565542493
Metrics:
  kitti_dice: 0.8642993663038526
  kitti_jaccard_macro: 0.4356429887669427
  kitti_jaccard_micro: 0.7812745315687997

2024-06-24 13:35:46,525 - INFO - Validation Stats
Loss:
  total: 0.7138868570327759
Metrics:
  kitti_dice: 0.80980916817983
  kitti_jaccard_macro: 0.3538462320963542
  kitti_jaccard_micro: 0.693295975526174

2024-06-24 13:35:46,525 - INFO - Epoch 87/120
2024-06-24 13:35:59,940 - INFO - Train Stats
Loss:
  supervised: 0.47000412770680017
  total: 0.5622393837996892
  unsupervised: 0.0012298034188071533
  unsupervised_weighted: 0.09223525619932584
Metrics:
  kitti_dice: 0.8874787909643991
  kitti_jaccard_macro: 0.46019759348460604
  kitti_jaccard_micro: 0.8114490287644522

2024-06-24 13:36:00,380 - INFO - Validation Stats
Loss:
  total: 0.7353317936261495
Metrics:
  kitti_dice: 0.8017789324124655
  kitti_jaccard_macro: 0.35008100668589276
  kitti_jaccard_micro: 0.6826853156089783

2024-06-24 13:36:00,380 - INFO - Epoch 88/120
2024-06-24 13:36:13,758 - INFO - Train Stats
Loss:
  supervised: 0.5269081162554877
  total: 0.6346221983432769
  unsupervised: 0.001436187741014042
  unsupervised_weighted: 0.10771407985261508
Metrics:
  kitti_dice: 0.8743608781269618
  kitti_jaccard_macro: 0.4408542079584939
  kitti_jaccard_micro: 0.791395023890904

2024-06-24 13:36:14,196 - INFO - Validation Stats
Loss:
  total: 0.7327237327893575
Metrics:
  kitti_dice: 0.8049715360005697
  kitti_jaccard_macro: 0.34330612421035767
  kitti_jaccard_micro: 0.6869528690973917

2024-06-24 13:36:14,197 - INFO - Epoch 89/120
2024-06-24 13:36:27,562 - INFO - Train Stats
Loss:
  supervised: 0.48949003134455
  total: 0.6015780121088028
  unsupervised: 0.0014945064105891756
  unsupervised_weighted: 0.11208798033850534
Metrics:
  kitti_dice: 0.8654084239687239
  kitti_jaccard_macro: 0.43891457745007106
  kitti_jaccard_micro: 0.779976224899292

2024-06-24 13:36:27,997 - INFO - Validation Stats
Loss:
  total: 0.7491818269093832
Metrics:
  kitti_dice: 0.7985860904057821
  kitti_jaccard_macro: 0.3457464675108592
  kitti_jaccard_micro: 0.677949329217275

2024-06-24 13:36:27,997 - INFO - Epoch 90/120
2024-06-24 13:36:41,367 - INFO - Train Stats
Loss:
  supervised: 0.5294649056025914
  total: 0.6383756560938699
  unsupervised: 0.0014521432724515242
  unsupervised_weighted: 0.10891074474368777
Metrics:
  kitti_dice: 0.8756864326340812
  kitti_jaccard_macro: 0.4420342309134347
  kitti_jaccard_micro: 0.7932228224618094

2024-06-24 13:36:41,806 - INFO - Validation Stats
Loss:
  total: 0.7354493737220764
Metrics:
  kitti_dice: 0.8017024199167887
  kitti_jaccard_macro: 0.34507254759470624
  kitti_jaccard_micro: 0.6811234951019287

2024-06-24 13:36:42,000 - INFO - Epoch 91/120
2024-06-24 13:36:55,388 - INFO - Train Stats
Loss:
  supervised: 0.5058131413800376
  total: 0.6193297301019941
  unsupervised: 0.0015135545067356101
  unsupervised_weighted: 0.113516587551151
Metrics:
  kitti_dice: 0.8632826924324035
  kitti_jaccard_macro: 0.42967765757015774
  kitti_jaccard_micro: 0.7776780801159995

2024-06-24 13:36:55,823 - INFO - Validation Stats
Loss:
  total: 0.6896199584007263
Metrics:
  kitti_dice: 0.8095906178156534
  kitti_jaccard_macro: 0.35355767607688904
  kitti_jaccard_micro: 0.6941443483034769

2024-06-24 13:36:55,823 - INFO - Epoch 92/120
2024-06-24 13:37:09,200 - INFO - Train Stats
Loss:
  supervised: 0.48305872082710266
  total: 0.5965602576732636
  unsupervised: 0.00151335378177464
  unsupervised_weighted: 0.11350153386592865
Metrics:
  kitti_dice: 0.8775472896439689
  kitti_jaccard_macro: 0.4473989090749196
  kitti_jaccard_micro: 0.7966329404285976

2024-06-24 13:37:09,633 - INFO - Validation Stats
Loss:
  total: 0.7214043339093527
Metrics:
  kitti_dice: 0.8098425070444742
  kitti_jaccard_macro: 0.35262847940127057
  kitti_jaccard_micro: 0.6936460932095846

2024-06-24 13:37:09,634 - INFO - Epoch 93/120
2024-06-24 13:37:23,000 - INFO - Train Stats
Loss:
  supervised: 0.541415502343859
  total: 0.6563603792871747
  unsupervised: 0.0015325983437443418
  unsupervised_weighted: 0.11494487651756831
Metrics:
  kitti_dice: 0.8629686628069196
  kitti_jaccard_macro: 0.4239037437098367
  kitti_jaccard_micro: 0.776722914831979

2024-06-24 13:37:23,438 - INFO - Validation Stats
Loss:
  total: 0.7301850517590841
Metrics:
  kitti_dice: 0.8039915959040324
  kitti_jaccard_macro: 0.34918318192164105
  kitti_jaccard_micro: 0.6850268642107645

2024-06-24 13:37:23,438 - INFO - Epoch 94/120
2024-06-24 13:37:36,838 - INFO - Train Stats
Loss:
  supervised: 0.5416113385132381
  total: 0.6545603709561484
  unsupervised: 0.0015059871249832213
  unsupervised_weighted: 0.11294903372015272
Metrics:
  kitti_dice: 0.868722368989672
  kitti_jaccard_macro: 0.4338381064789636
  kitti_jaccard_micro: 0.7843630765165601

2024-06-24 13:37:37,277 - INFO - Validation Stats
Loss:
  total: 0.7156258622805277
Metrics:
  kitti_dice: 0.8013908465703329
  kitti_jaccard_macro: 0.34493308266003925
  kitti_jaccard_micro: 0.6819014151891073

2024-06-24 13:37:37,277 - INFO - Epoch 95/120
2024-06-24 13:37:50,681 - INFO - Train Stats
Loss:
  supervised: 0.5025191153798785
  total: 0.6118779582636696
  unsupervised: 0.0014581178181937763
  unsupervised_weighted: 0.10935883596539497
Metrics:
  kitti_dice: 0.8548718631267548
  kitti_jaccard_macro: 0.4221339396068028
  kitti_jaccard_micro: 0.7683149133409772

2024-06-24 13:37:51,120 - INFO - Validation Stats
Loss:
  total: 0.738629142443339
Metrics:
  kitti_dice: 0.8004577159881592
  kitti_jaccard_macro: 0.3463122844696045
  kitti_jaccard_micro: 0.6799821456273397

2024-06-24 13:37:51,120 - INFO - Epoch 96/120
2024-06-24 13:38:04,492 - INFO - Train Stats
Loss:
  supervised: 0.5114196355853762
  total: 0.6212052379335676
  unsupervised: 0.0014638080311539983
  unsupervised_weighted: 0.10978560192244394
Metrics:
  kitti_dice: 0.87521778685706
  kitti_jaccard_macro: 0.435734532560621
  kitti_jaccard_micro: 0.7949804850987026

2024-06-24 13:38:04,934 - INFO - Validation Stats
Loss:
  total: 0.7385002573331197
Metrics:
  kitti_dice: 0.8019097844759623
  kitti_jaccard_macro: 0.35024001200993854
  kitti_jaccard_micro: 0.6824564337730408

2024-06-24 13:38:04,934 - INFO - Epoch 97/120
2024-06-24 13:38:18,301 - INFO - Train Stats
Loss:
  supervised: 0.4700290262699127
  total: 0.5722737388951438
  unsupervised: 0.0013632628285059972
  unsupervised_weighted: 0.10224471177373613
Metrics:
  kitti_dice: 0.8882358925683158
  kitti_jaccard_macro: 0.4716915019920894
  kitti_jaccard_micro: 0.812628207887922

2024-06-24 13:38:18,738 - INFO - Validation Stats
Loss:
  total: 0.7063569029172262
Metrics:
  kitti_dice: 0.8069940408070883
  kitti_jaccard_macro: 0.3502124448617299
  kitti_jaccard_micro: 0.6906342307726542

2024-06-24 13:38:18,738 - INFO - Epoch 98/120
2024-06-24 13:38:32,102 - INFO - Train Stats
Loss:
  supervised: 0.5302758463791438
  total: 0.6384052310671126
  unsupervised: 0.0014417251289289977
  unsupervised_weighted: 0.10812938436865807
Metrics:
  kitti_dice: 0.8829691256795611
  kitti_jaccard_macro: 0.45705569131033763
  kitti_jaccard_micro: 0.8045240998268127

2024-06-24 13:38:32,541 - INFO - Validation Stats
Loss:
  total: 0.7363349199295044
Metrics:
  kitti_dice: 0.8007754882176717
  kitti_jaccard_macro: 0.34787784020106
  kitti_jaccard_micro: 0.6803256074587504

2024-06-24 13:38:32,541 - INFO - Epoch 99/120
2024-06-24 13:38:45,949 - INFO - Train Stats
Loss:
  supervised: 0.4562292286327907
  total: 0.560907747064318
  unsupervised: 0.001395713572856039
  unsupervised_weighted: 0.10467851736715862
Metrics:
  kitti_dice: 0.886291549886976
  kitti_jaccard_macro: 0.46118891068867274
  kitti_jaccard_micro: 0.8105754154069084

2024-06-24 13:38:46,384 - INFO - Validation Stats
Loss:
  total: 0.7725157737731934
Metrics:
  kitti_dice: 0.7949104507764181
  kitti_jaccard_macro: 0.3417462408542633
  kitti_jaccard_micro: 0.6734681526819865

2024-06-24 13:38:46,384 - INFO - Epoch 100/120
2024-06-24 13:38:59,770 - INFO - Train Stats
Loss:
  supervised: 0.5187496474811009
  total: 0.6300663709640503
  unsupervised: 0.001484222972898611
  unsupervised_weighted: 0.1113167228443282
Metrics:
  kitti_dice: 0.8692156859806606
  kitti_jaccard_macro: 0.44144101653780254
  kitti_jaccard_micro: 0.7869027708257947

2024-06-24 13:39:00,210 - INFO - Validation Stats
Loss:
  total: 0.7177377740542094
Metrics:
  kitti_dice: 0.8044151465098063
  kitti_jaccard_macro: 0.3518577814102173
  kitti_jaccard_micro: 0.6865503589312235

2024-06-24 13:39:00,326 - INFO - Epoch 101/120
2024-06-24 13:39:13,703 - INFO - Train Stats
Loss:
  supervised: 0.5173434789691652
  total: 0.633341075692858
  unsupervised: 0.00154663457901084
  unsupervised_weighted: 0.11599759416920798
Metrics:
  kitti_dice: 0.8790018337113517
  kitti_jaccard_macro: 0.4546132607119424
  kitti_jaccard_micro: 0.800149849482945

2024-06-24 13:39:14,139 - INFO - Validation Stats
Loss:
  total: 0.7438563704490662
Metrics:
  kitti_dice: 0.7979703545570374
  kitti_jaccard_macro: 0.3442036807537079
  kitti_jaccard_micro: 0.6767256259918213

2024-06-24 13:39:14,139 - INFO - Epoch 102/120
2024-06-24 13:39:27,515 - INFO - Train Stats
Loss:
  supervised: 0.525295181785311
  total: 0.6447150681700026
  unsupervised: 0.0015922651210400676
  unsupervised_weighted: 0.11941988244652749
Metrics:
  kitti_dice: 0.8777594617434911
  kitti_jaccard_macro: 0.4426122316292354
  kitti_jaccard_micro: 0.8022092819213867

2024-06-24 13:39:27,947 - INFO - Validation Stats
Loss:
  total: 0.7424148718516032
Metrics:
  kitti_dice: 0.8004273374875387
  kitti_jaccard_macro: 0.3465605874856313
  kitti_jaccard_micro: 0.680591344833374

2024-06-24 13:39:27,947 - INFO - Epoch 103/120
2024-06-24 13:39:41,319 - INFO - Train Stats
Loss:
  supervised: 0.5419450870582035
  total: 0.6573410306658064
  unsupervised: 0.0015386125621651965
  unsupervised_weighted: 0.11539594233036041
Metrics:
  kitti_dice: 0.8731984972953797
  kitti_jaccard_macro: 0.4395280522959573
  kitti_jaccard_micro: 0.7894182290349688

2024-06-24 13:39:41,753 - INFO - Validation Stats
Loss:
  total: 0.7589443325996399
Metrics:
  kitti_dice: 0.7951159477233887
  kitti_jaccard_macro: 0.3360240658124288
  kitti_jaccard_micro: 0.6725840171178182

2024-06-24 13:39:41,753 - INFO - Epoch 104/120
2024-06-24 13:39:55,145 - INFO - Train Stats
Loss:
  supervised: 0.503729339156832
  total: 0.6094265503542764
  unsupervised: 0.0014092961076780089
  unsupervised_weighted: 0.10569720821721214
Metrics:
  kitti_dice: 0.8736671022006444
  kitti_jaccard_macro: 0.4536486600126539
  kitti_jaccard_micro: 0.7937043624264853

2024-06-24 13:39:55,578 - INFO - Validation Stats
Loss:
  total: 0.7452889283498129
Metrics:
  kitti_dice: 0.7960666418075562
  kitti_jaccard_macro: 0.34057868520418805
  kitti_jaccard_micro: 0.6740641792615255

2024-06-24 13:39:55,578 - INFO - Epoch 105/120
2024-06-24 13:40:08,952 - INFO - Train Stats
Loss:
  supervised: 0.4989373526402882
  total: 0.6138556505952563
  unsupervised: 0.0015322439588739403
  unsupervised_weighted: 0.11491829731634685
Metrics:
  kitti_dice: 0.8713161196027484
  kitti_jaccard_macro: 0.4417883336544037
  kitti_jaccard_micro: 0.7903573325702122

2024-06-24 13:40:09,389 - INFO - Validation Stats
Loss:
  total: 0.7731223106384277
Metrics:
  kitti_dice: 0.7948979735374451
  kitti_jaccard_macro: 0.3358677625656128
  kitti_jaccard_micro: 0.6718729337056478

2024-06-24 13:40:09,390 - INFO - Epoch 106/120
2024-06-24 13:40:22,793 - INFO - Train Stats
Loss:
  supervised: 0.5520375898906162
  total: 0.6628781769956861
  unsupervised: 0.0014778744828488146
  unsupervised_weighted: 0.11084058604070118
Metrics:
  kitti_dice: 0.8747481754847936
  kitti_jaccard_macro: 0.4363302980150495
  kitti_jaccard_micro: 0.7917032667568752

2024-06-24 13:40:23,233 - INFO - Validation Stats
Loss:
  total: 0.754642923672994
Metrics:
  kitti_dice: 0.7955374717712402
  kitti_jaccard_macro: 0.3379584153493245
  kitti_jaccard_micro: 0.6738637685775757

2024-06-24 13:40:23,233 - INFO - Epoch 107/120
2024-06-24 13:40:36,618 - INFO - Train Stats
Loss:
  supervised: 0.5048425461564745
  total: 0.6140924905027662
  unsupervised: 0.0014566659228876233
  unsupervised_weighted: 0.10924994498491288
Metrics:
  kitti_dice: 0.8716108322143554
  kitti_jaccard_macro: 0.43332138913018364
  kitti_jaccard_micro: 0.7880059003829956

2024-06-24 13:40:37,056 - INFO - Validation Stats
Loss:
  total: 0.7781273325284322
Metrics:
  kitti_dice: 0.788061261177063
  kitti_jaccard_macro: 0.33547715346018475
  kitti_jaccard_micro: 0.6626513600349426

2024-06-24 13:40:37,056 - INFO - Epoch 108/120
2024-06-24 13:40:50,420 - INFO - Train Stats
Loss:
  supervised: 0.49838594666549135
  total: 0.6043192156723567
  unsupervised: 0.001412443572189659
  unsupervised_weighted: 0.1059332679424967
Metrics:
  kitti_dice: 0.8750757728304182
  kitti_jaccard_macro: 0.43586152706827436
  kitti_jaccard_micro: 0.7938491744654519

2024-06-24 13:40:50,863 - INFO - Validation Stats
Loss:
  total: 0.7394836147626241
Metrics:
  kitti_dice: 0.8007665475209554
  kitti_jaccard_macro: 0.34263468782107037
  kitti_jaccard_micro: 0.6802566051483154

2024-06-24 13:40:50,864 - INFO - Epoch 109/120
2024-06-24 13:41:04,261 - INFO - Train Stats
Loss:
  supervised: 0.5222994812897274
  total: 0.6405820897647313
  unsupervised: 0.0015771014549370323
  unsupervised_weighted: 0.11828260943293571
Metrics:
  kitti_dice: 0.8699793577194214
  kitti_jaccard_macro: 0.4538591410432543
  kitti_jaccard_micro: 0.7876997802938733

2024-06-24 13:41:04,700 - INFO - Validation Stats
Loss:
  total: 0.7717063228289286
Metrics:
  kitti_dice: 0.7951024572054545
  kitti_jaccard_macro: 0.33935801188151044
  kitti_jaccard_micro: 0.6724748810132345

2024-06-24 13:41:04,700 - INFO - Epoch 110/120
2024-06-24 13:41:18,060 - INFO - Train Stats
Loss:
  supervised: 0.5264871967690331
  total: 0.6374772999967847
  unsupervised: 0.0014798680869197206
  unsupervised_weighted: 0.1109901059951101
Metrics:
  kitti_dice: 0.865560097353799
  kitti_jaccard_macro: 0.43161886845316205
  kitti_jaccard_micro: 0.778500315121242

2024-06-24 13:41:18,500 - INFO - Validation Stats
Loss:
  total: 0.7300072908401489
Metrics:
  kitti_dice: 0.7985881169637045
  kitti_jaccard_macro: 0.3474257290363312
  kitti_jaccard_micro: 0.6770016551017761

2024-06-24 13:41:18,689 - INFO - Epoch 111/120
2024-06-24 13:41:32,046 - INFO - Train Stats
Loss:
  supervised: 0.5275813771145684
  total: 0.6407612059797559
  unsupervised: 0.0015090644575788507
  unsupervised_weighted: 0.11317983333553587
Metrics:
  kitti_dice: 0.8832981535366603
  kitti_jaccard_macro: 0.45539762207439966
  kitti_jaccard_micro: 0.8048604556492397

2024-06-24 13:41:32,481 - INFO - Validation Stats
Loss:
  total: 0.7649902502695719
Metrics:
  kitti_dice: 0.7956333955128988
  kitti_jaccard_macro: 0.34520678718884784
  kitti_jaccard_micro: 0.6732711791992188

2024-06-24 13:41:32,481 - INFO - Epoch 112/120
2024-06-24 13:41:45,857 - INFO - Train Stats
Loss:
  supervised: 0.5088130069630487
  total: 0.6199751240866525
  unsupervised: 0.0014821615053473838
  unsupervised_weighted: 0.11116211350475039
Metrics:
  kitti_dice: 0.8690659420830863
  kitti_jaccard_macro: 0.4375117804322924
  kitti_jaccard_micro: 0.7875223653657096

2024-06-24 13:41:46,287 - INFO - Validation Stats
Loss:
  total: 0.7693857153256735
Metrics:
  kitti_dice: 0.7952518264452616
  kitti_jaccard_macro: 0.3426865041255951
  kitti_jaccard_micro: 0.6727115710576376

2024-06-24 13:41:46,287 - INFO - Epoch 113/120
2024-06-24 13:41:59,676 - INFO - Train Stats
Loss:
  supervised: 0.5254112077610833
  total: 0.6317529235567365
  unsupervised: 0.0014178895191954714
  unsupervised_weighted: 0.10634171430553709
Metrics:
  kitti_dice: 0.8781790239470345
  kitti_jaccard_macro: 0.454260676247733
  kitti_jaccard_micro: 0.7986071756907872

2024-06-24 13:42:00,112 - INFO - Validation Stats
Loss:
  total: 0.7758013010025024
Metrics:
  kitti_dice: 0.7905717293421427
  kitti_jaccard_macro: 0.3361691137154897
  kitti_jaccard_micro: 0.6661636233329773

2024-06-24 13:42:00,112 - INFO - Epoch 114/120
2024-06-24 13:42:13,504 - INFO - Train Stats
Loss:
  supervised: 0.5368453979492187
  total: 0.6521423527172634
  unsupervised: 0.0015372927117693637
  unsupervised_weighted: 0.11529695306505476
Metrics:
  kitti_dice: 0.8534740780081068
  kitti_jaccard_macro: 0.4340176514216832
  kitti_jaccard_micro: 0.7683156967163086

2024-06-24 13:42:13,940 - INFO - Validation Stats
Loss:
  total: 0.7554877400398254
Metrics:
  kitti_dice: 0.7938018043835958
  kitti_jaccard_macro: 0.33900073170661926
  kitti_jaccard_micro: 0.6702957153320312

2024-06-24 13:42:13,940 - INFO - Epoch 115/120
2024-06-24 13:42:27,289 - INFO - Train Stats
Loss:
  supervised: 0.5389372672353472
  total: 0.6523933904511588
  unsupervised: 0.0015127482607827656
  unsupervised_weighted: 0.11345611980983189
Metrics:
  kitti_dice: 0.8642959134919302
  kitti_jaccard_macro: 0.43126949667930603
  kitti_jaccard_micro: 0.7786715797015599

2024-06-24 13:42:27,725 - INFO - Validation Stats
Loss:
  total: 0.8015472094217936
Metrics:
  kitti_dice: 0.7865088979403178
  kitti_jaccard_macro: 0.33172402779261273
  kitti_jaccard_micro: 0.6600721081097921

2024-06-24 13:42:27,725 - INFO - Epoch 116/120
2024-06-24 13:42:41,121 - INFO - Train Stats
Loss:
  supervised: 0.5452610569340842
  total: 0.6713345791612353
  unsupervised: 0.001680980293479349
  unsupervised_weighted: 0.1260735226528985
Metrics:
  kitti_dice: 0.8676517537661961
  kitti_jaccard_macro: 0.4411792082445962
  kitti_jaccard_micro: 0.7828737599509102

2024-06-24 13:42:41,554 - INFO - Validation Stats
Loss:
  total: 0.8004507223765055
Metrics:
  kitti_dice: 0.7857949535051981
  kitti_jaccard_macro: 0.33008986711502075
  kitti_jaccard_micro: 0.6593299508094788

2024-06-24 13:42:41,554 - INFO - Epoch 117/120
2024-06-24 13:42:55,009 - INFO - Train Stats
Loss:
  supervised: 0.4959316145096506
  total: 0.606543265070234
  unsupervised: 0.0014748220348597637
  unsupervised_weighted: 0.11061165226357324
Metrics:
  kitti_dice: 0.8753557409558977
  kitti_jaccard_macro: 0.4511927268334797
  kitti_jaccard_micro: 0.7943901964596339

2024-06-24 13:42:55,452 - INFO - Validation Stats
Loss:
  total: 0.7509988149007162
Metrics:
  kitti_dice: 0.7983089884122213
  kitti_jaccard_macro: 0.3417886793613434
  kitti_jaccard_micro: 0.6768129467964172

2024-06-24 13:42:55,452 - INFO - Epoch 118/120
2024-06-24 13:43:08,843 - INFO - Train Stats
Loss:
  supervised: 0.5574132067816598
  total: 0.6745713336127145
  unsupervised: 0.001562108302355877
  unsupervised_weighted: 0.11715812236070633
Metrics:
  kitti_dice: 0.8680919851575579
  kitti_jaccard_macro: 0.4318393954208919
  kitti_jaccard_micro: 0.7833702308791024

2024-06-24 13:43:09,282 - INFO - Validation Stats
Loss:
  total: 0.787858804066976
Metrics:
  kitti_dice: 0.7895659804344177
  kitti_jaccard_macro: 0.3321049114068349
  kitti_jaccard_micro: 0.6650803685188293

2024-06-24 13:43:09,282 - INFO - Epoch 119/120
2024-06-24 13:43:22,669 - INFO - Train Stats
Loss:
  supervised: 0.48821024213518416
  total: 0.590927347115108
  unsupervised: 0.0013695613630781216
  unsupervised_weighted: 0.10271710178681782
Metrics:
  kitti_dice: 0.8804030333246503
  kitti_jaccard_macro: 0.4526818224361965
  kitti_jaccard_micro: 0.8025115932737078

2024-06-24 13:43:23,107 - INFO - Validation Stats
Loss:
  total: 0.7865420778592428
Metrics:
  kitti_dice: 0.7897936105728149
  kitti_jaccard_macro: 0.33668988943099976
  kitti_jaccard_micro: 0.6654033064842224

2024-06-24 13:43:23,107 - INFO - Epoch 120/120
2024-06-24 13:43:36,463 - INFO - Train Stats
Loss:
  supervised: 0.4803136089018413
  total: 0.5905892406191144
  unsupervised: 0.00147034178454695
  unsupervised_weighted: 0.11027563363313675
Metrics:
  kitti_dice: 0.8810188123158046
  kitti_jaccard_macro: 0.4587478697299957
  kitti_jaccard_micro: 0.8014861021723066

2024-06-24 13:43:36,898 - INFO - Validation Stats
Loss:
  total: 0.7581558227539062
Metrics:
  kitti_dice: 0.7967690428098043
  kitti_jaccard_macro: 0.3411969443162282
  kitti_jaccard_micro: 0.6745633482933044

2024-06-24 13:43:37,711 - INFO - Best validation loss: 0.6743520895640055
2024-06-24 13:43:37,799 - INFO - Best model saved to /home/up201905337/exploring-label-efficiency/weights/mixmatch_seg_kitti_mobilenet_70l.pth
2024-06-24 13:43:37,799 - INFO - Training took 1659.7921323776245 seconds to complete
