2024-05-29 15:56:20,644 - INFO - Loading configuration files...
2024-05-29 15:56:20,915 - INFO - Loading model configuration
args:
  num_classes: 10
class: ResNet50

2024-05-29 15:56:21,705 - INFO - Loading train_dataset configuration
args:
  root: ./data/
  train_val_split: 0.9
class: UnsupervisedCIFAR10

2024-05-29 15:56:21,718 - INFO - Loading optimizer configuration
args:
  lr: 0.0003
class: Adam

2024-05-29 15:56:21,760 - INFO - Loading method configuration
args:
  color_jitter_strength: 0.5
  ema_decay: 0.999
  hidden_size: 512
  image_size: 224
  projection_size: 128
  queue_size: 65536
  representation_size: 2048
  temperature: 0.07
class: MoCoCIFAR10

2024-05-29 15:56:21,760 - INFO - Loading metrics configuration
{}

2024-05-29 15:56:21,760 - INFO - Loading hyperparameters configuration
batch_size: 256
ema_decay: null
epochs: 200
max_num_samples: -1
num_workers: 4
save_freq: 30

2024-05-29 15:56:22,167 - INFO - Using device: cuda
2024-05-29 15:56:22,414 - INFO - Training for 200 epochs
2024-05-29 15:56:22,457 - INFO - Epoch 1/200
2024-05-29 15:57:24,357 - INFO - Train Stats
Loss:
  total: 11.194937488010952
Metrics: {}

2024-05-29 15:57:24,784 - INFO - Epoch 2/200
2024-05-29 15:58:26,591 - INFO - Train Stats
Loss:
  total: 10.654030729021345
Metrics: {}

2024-05-29 15:58:27,063 - INFO - Epoch 3/200
2024-05-29 15:59:28,858 - INFO - Train Stats
Loss:
  total: 10.435064618246896
Metrics: {}

2024-05-29 15:59:29,320 - INFO - Epoch 4/200
2024-05-29 16:00:30,645 - INFO - Train Stats
Loss:
  total: 10.05668525150844
Metrics: {}

2024-05-29 16:00:31,064 - INFO - Epoch 5/200
2024-05-29 16:01:32,530 - INFO - Train Stats
Loss:
  total: 9.711561350141253
Metrics: {}

2024-05-29 16:01:32,997 - INFO - Epoch 6/200
2024-05-29 16:02:34,086 - INFO - Train Stats
Loss:
  total: 8.88161847795759
Metrics: {}

2024-05-29 16:02:34,524 - INFO - Epoch 7/200
2024-05-29 16:03:35,801 - INFO - Train Stats
Loss:
  total: 8.97348320552281
Metrics: {}

2024-05-29 16:03:35,802 - INFO - Epoch 8/200
2024-05-29 16:04:36,901 - INFO - Train Stats
Loss:
  total: 8.699672639029366
Metrics: {}

2024-05-29 16:04:37,340 - INFO - Epoch 9/200
2024-05-29 16:05:39,190 - INFO - Train Stats
Loss:
  total: 8.723752978188651
Metrics: {}

2024-05-29 16:05:39,190 - INFO - Epoch 10/200
2024-05-29 16:06:40,424 - INFO - Train Stats
Loss:
  total: 8.421197651454381
Metrics: {}

2024-05-29 16:06:40,859 - INFO - Epoch 11/200
2024-05-29 16:07:42,422 - INFO - Train Stats
Loss:
  total: 8.394113766806466
Metrics: {}

2024-05-29 16:07:42,859 - INFO - Epoch 12/200
2024-05-29 16:08:44,300 - INFO - Train Stats
Loss:
  total: 8.262585751669748
Metrics: {}

2024-05-29 16:08:44,739 - INFO - Epoch 13/200
2024-05-29 16:09:46,088 - INFO - Train Stats
Loss:
  total: 8.309111973898752
Metrics: {}

2024-05-29 16:09:46,089 - INFO - Epoch 14/200
2024-05-29 16:10:47,682 - INFO - Train Stats
Loss:
  total: 8.172388529096331
Metrics: {}

2024-05-29 16:10:48,103 - INFO - Epoch 15/200
2024-05-29 16:11:49,608 - INFO - Train Stats
Loss:
  total: 7.885400747571673
Metrics: {}

2024-05-29 16:11:50,086 - INFO - Epoch 16/200
2024-05-29 16:12:51,943 - INFO - Train Stats
Loss:
  total: 7.9517861529759
Metrics: {}

2024-05-29 16:12:51,943 - INFO - Epoch 17/200
2024-05-29 16:13:53,146 - INFO - Train Stats
Loss:
  total: 7.785168154580252
Metrics: {}

2024-05-29 16:13:53,567 - INFO - Epoch 18/200
2024-05-29 16:14:55,505 - INFO - Train Stats
Loss:
  total: 7.694800880977086
Metrics: {}

2024-05-29 16:14:55,927 - INFO - Epoch 19/200
2024-05-29 16:15:57,370 - INFO - Train Stats
Loss:
  total: 7.441190332685198
Metrics: {}

2024-05-29 16:15:57,797 - INFO - Epoch 20/200
2024-05-29 16:16:59,519 - INFO - Train Stats
Loss:
  total: 7.500160293579102
Metrics: {}

2024-05-29 16:16:59,519 - INFO - Epoch 21/200
2024-05-29 16:18:01,071 - INFO - Train Stats
Loss:
  total: 7.411917743682861
Metrics: {}

2024-05-29 16:18:01,494 - INFO - Epoch 22/200
2024-05-29 16:19:03,379 - INFO - Train Stats
Loss:
  total: 7.497718173435756
Metrics: {}

2024-05-29 16:19:03,380 - INFO - Epoch 23/200
2024-05-29 16:20:05,488 - INFO - Train Stats
Loss:
  total: 7.5340308053152905
Metrics: {}

2024-05-29 16:20:05,488 - INFO - Epoch 24/200
2024-05-29 16:21:06,939 - INFO - Train Stats
Loss:
  total: 7.112524419512067
Metrics: {}

2024-05-29 16:21:07,380 - INFO - Epoch 25/200
2024-05-29 16:22:09,216 - INFO - Train Stats
Loss:
  total: 7.19709272657122
Metrics: {}

2024-05-29 16:22:09,216 - INFO - Epoch 26/200
2024-05-29 16:23:10,398 - INFO - Train Stats
Loss:
  total: 6.994260575430734
Metrics: {}

2024-05-29 16:23:10,863 - INFO - Epoch 27/200
2024-05-29 16:24:12,183 - INFO - Train Stats
Loss:
  total: 6.998983009883336
Metrics: {}

2024-05-29 16:24:12,183 - INFO - Epoch 28/200
2024-05-29 16:25:14,098 - INFO - Train Stats
Loss:
  total: 6.888224648066929
Metrics: {}

2024-05-29 16:25:14,530 - INFO - Epoch 29/200
2024-05-29 16:26:16,067 - INFO - Train Stats
Loss:
  total: 6.949081728799002
Metrics: {}

2024-05-29 16:26:16,067 - INFO - Epoch 30/200
2024-05-29 16:27:17,297 - INFO - Train Stats
Loss:
  total: 6.786691755567278
Metrics: {}

2024-05-29 16:27:18,108 - INFO - Epoch 31/200
2024-05-29 16:28:19,842 - INFO - Train Stats
Loss:
  total: 6.748319497789655
Metrics: {}

2024-05-29 16:28:20,285 - INFO - Epoch 32/200
2024-05-29 16:29:21,682 - INFO - Train Stats
Loss:
  total: 6.560661404473441
Metrics: {}

2024-05-29 16:29:22,103 - INFO - Epoch 33/200
2024-05-29 16:30:23,386 - INFO - Train Stats
Loss:
  total: 6.783362996237619
Metrics: {}

2024-05-29 16:30:23,386 - INFO - Epoch 34/200
2024-05-29 16:31:24,852 - INFO - Train Stats
Loss:
  total: 6.603166506631034
Metrics: {}

2024-05-29 16:31:24,852 - INFO - Epoch 35/200
2024-05-29 16:32:26,149 - INFO - Train Stats
Loss:
  total: 6.288733422415597
Metrics: {}

2024-05-29 16:32:26,578 - INFO - Epoch 36/200
2024-05-29 16:33:28,185 - INFO - Train Stats
Loss:
  total: 6.490414567674909
Metrics: {}

2024-05-29 16:33:28,185 - INFO - Epoch 37/200
2024-05-29 16:34:29,213 - INFO - Train Stats
Loss:
  total: 6.303044053486415
Metrics: {}

2024-05-29 16:34:29,213 - INFO - Epoch 38/200
2024-05-29 16:35:30,037 - INFO - Train Stats
Loss:
  total: 6.518612444741385
Metrics: {}

2024-05-29 16:35:30,037 - INFO - Epoch 39/200
2024-05-29 16:36:31,420 - INFO - Train Stats
Loss:
  total: 6.453283508845738
Metrics: {}

2024-05-29 16:36:31,420 - INFO - Epoch 40/200
2024-05-29 16:37:33,117 - INFO - Train Stats
Loss:
  total: 6.521808423995972
Metrics: {}

2024-05-29 16:37:33,117 - INFO - Epoch 41/200
2024-05-29 16:38:34,400 - INFO - Train Stats
Loss:
  total: 6.081166456767491
Metrics: {}

2024-05-29 16:38:34,853 - INFO - Epoch 42/200
2024-05-29 16:39:36,113 - INFO - Train Stats
Loss:
  total: 5.804461675371442
Metrics: {}

2024-05-29 16:39:36,535 - INFO - Epoch 43/200
2024-05-29 16:40:38,477 - INFO - Train Stats
Loss:
  total: 5.870512015478951
Metrics: {}

2024-05-29 16:40:38,477 - INFO - Epoch 44/200
2024-05-29 16:41:40,655 - INFO - Train Stats
Loss:
  total: 6.102160843440465
Metrics: {}

2024-05-29 16:41:40,655 - INFO - Epoch 45/200
2024-05-29 16:42:42,412 - INFO - Train Stats
Loss:
  total: 5.766261850084577
Metrics: {}

2024-05-29 16:42:42,839 - INFO - Epoch 46/200
2024-05-29 16:43:44,273 - INFO - Train Stats
Loss:
  total: 6.047197741099766
Metrics: {}

2024-05-29 16:43:44,273 - INFO - Epoch 47/200
2024-05-29 16:44:45,698 - INFO - Train Stats
Loss:
  total: 5.710132146562849
Metrics: {}

2024-05-29 16:44:46,118 - INFO - Epoch 48/200
2024-05-29 16:45:47,503 - INFO - Train Stats
Loss:
  total: 5.7403541210719515
Metrics: {}

2024-05-29 16:45:47,503 - INFO - Epoch 49/200
2024-05-29 16:46:49,146 - INFO - Train Stats
Loss:
  total: 5.885444281441825
Metrics: {}

2024-05-29 16:46:49,146 - INFO - Epoch 50/200
2024-05-29 16:47:50,555 - INFO - Train Stats
Loss:
  total: 5.392276056834629
Metrics: {}

2024-05-29 16:47:50,993 - INFO - Epoch 51/200
2024-05-29 16:48:52,230 - INFO - Train Stats
Loss:
  total: 5.783545778819493
Metrics: {}

2024-05-29 16:48:52,230 - INFO - Epoch 52/200
2024-05-29 16:49:53,460 - INFO - Train Stats
Loss:
  total: 5.485013888222831
Metrics: {}

2024-05-29 16:49:53,461 - INFO - Epoch 53/200
2024-05-29 16:50:55,500 - INFO - Train Stats
Loss:
  total: 5.4707554599217
Metrics: {}

2024-05-29 16:50:55,500 - INFO - Epoch 54/200
2024-05-29 16:51:57,331 - INFO - Train Stats
Loss:
  total: 5.541083371298654
Metrics: {}

2024-05-29 16:51:57,331 - INFO - Epoch 55/200
2024-05-29 16:52:59,001 - INFO - Train Stats
Loss:
  total: 5.877409099851336
Metrics: {}

2024-05-29 16:52:59,001 - INFO - Epoch 56/200
2024-05-29 16:54:00,875 - INFO - Train Stats
Loss:
  total: 5.207331897190639
Metrics: {}

2024-05-29 16:54:01,312 - INFO - Epoch 57/200
2024-05-29 16:55:02,885 - INFO - Train Stats
Loss:
  total: 5.399170097623553
Metrics: {}

2024-05-29 16:55:02,885 - INFO - Epoch 58/200
2024-05-29 16:56:04,306 - INFO - Train Stats
Loss:
  total: 5.332596552712577
Metrics: {}

2024-05-29 16:56:04,306 - INFO - Epoch 59/200
2024-05-29 16:57:06,031 - INFO - Train Stats
Loss:
  total: 5.198864312853132
Metrics: {}

2024-05-29 16:57:06,495 - INFO - Epoch 60/200
2024-05-29 16:58:08,289 - INFO - Train Stats
Loss:
  total: 5.061281161989484
Metrics: {}

2024-05-29 16:58:09,149 - INFO - Epoch 61/200
2024-05-29 16:59:10,508 - INFO - Train Stats
Loss:
  total: 5.137855721882412
Metrics: {}

2024-05-29 16:59:10,508 - INFO - Epoch 62/200
2024-05-29 17:00:11,840 - INFO - Train Stats
Loss:
  total: 5.310162605558123
Metrics: {}

2024-05-29 17:00:11,840 - INFO - Epoch 63/200
2024-05-29 17:01:13,465 - INFO - Train Stats
Loss:
  total: 4.834476323808943
Metrics: {}

2024-05-29 17:01:13,909 - INFO - Epoch 64/200
2024-05-29 17:02:15,314 - INFO - Train Stats
Loss:
  total: 5.225710250990732
Metrics: {}

2024-05-29 17:02:15,314 - INFO - Epoch 65/200
2024-05-29 17:03:16,829 - INFO - Train Stats
Loss:
  total: 4.811031615393502
Metrics: {}

2024-05-29 17:03:17,299 - INFO - Epoch 66/200
2024-05-29 17:04:18,887 - INFO - Train Stats
Loss:
  total: 4.754616099766323
Metrics: {}

2024-05-29 17:04:19,307 - INFO - Epoch 67/200
2024-05-29 17:05:20,665 - INFO - Train Stats
Loss:
  total: 5.239696723393031
Metrics: {}

2024-05-29 17:05:20,665 - INFO - Epoch 68/200
2024-05-29 17:06:22,645 - INFO - Train Stats
Loss:
  total: 4.845106934819903
Metrics: {}

2024-05-29 17:06:22,645 - INFO - Epoch 69/200
2024-05-29 17:07:24,387 - INFO - Train Stats
Loss:
  total: 5.061197448457991
Metrics: {}

2024-05-29 17:07:24,387 - INFO - Epoch 70/200
2024-05-29 17:08:25,954 - INFO - Train Stats
Loss:
  total: 4.99360256263188
Metrics: {}

2024-05-29 17:08:25,954 - INFO - Epoch 71/200
2024-05-29 17:09:27,279 - INFO - Train Stats
Loss:
  total: 4.584361345427377
Metrics: {}

2024-05-29 17:09:27,752 - INFO - Epoch 72/200
2024-05-29 17:10:29,303 - INFO - Train Stats
Loss:
  total: 4.89979509966714
Metrics: {}

2024-05-29 17:10:29,303 - INFO - Epoch 73/200
2024-05-29 17:11:31,248 - INFO - Train Stats
Loss:
  total: 4.78785043988909
Metrics: {}

2024-05-29 17:11:31,249 - INFO - Epoch 74/200
2024-05-29 17:12:33,031 - INFO - Train Stats
Loss:
  total: 5.0068966000420705
Metrics: {}

2024-05-29 17:12:33,031 - INFO - Epoch 75/200
2024-05-29 17:13:35,122 - INFO - Train Stats
Loss:
  total: 4.749198065485273
Metrics: {}

2024-05-29 17:13:35,122 - INFO - Epoch 76/200
2024-05-29 17:14:36,677 - INFO - Train Stats
Loss:
  total: 4.532531637464251
Metrics: {}

2024-05-29 17:14:37,108 - INFO - Epoch 77/200
2024-05-29 17:15:38,965 - INFO - Train Stats
Loss:
  total: 4.594719931738717
Metrics: {}

2024-05-29 17:15:38,965 - INFO - Epoch 78/200
2024-05-29 17:16:41,003 - INFO - Train Stats
Loss:
  total: 4.68022769178663
Metrics: {}

2024-05-29 17:16:41,003 - INFO - Epoch 79/200
2024-05-29 17:17:42,598 - INFO - Train Stats
Loss:
  total: 4.621485125677927
Metrics: {}

2024-05-29 17:17:42,598 - INFO - Epoch 80/200
2024-05-29 17:18:44,490 - INFO - Train Stats
Loss:
  total: 4.634442225864955
Metrics: {}

2024-05-29 17:18:44,490 - INFO - Epoch 81/200
2024-05-29 17:19:46,294 - INFO - Train Stats
Loss:
  total: 4.948862285614013
Metrics: {}

2024-05-29 17:19:46,294 - INFO - Epoch 82/200
2024-05-29 17:20:48,155 - INFO - Train Stats
Loss:
  total: 4.590025207655771
Metrics: {}

2024-05-29 17:20:48,155 - INFO - Epoch 83/200
2024-05-29 17:21:49,646 - INFO - Train Stats
Loss:
  total: 4.60565290246691
Metrics: {}

2024-05-29 17:21:49,647 - INFO - Epoch 84/200
2024-05-29 17:22:51,475 - INFO - Train Stats
Loss:
  total: 4.133022191183907
Metrics: {}

2024-05-29 17:22:51,906 - INFO - Epoch 85/200
2024-05-29 17:23:53,055 - INFO - Train Stats
Loss:
  total: 4.34851316860744
Metrics: {}

2024-05-29 17:23:53,055 - INFO - Epoch 86/200
2024-05-29 17:24:54,756 - INFO - Train Stats
Loss:
  total: 4.594848658016749
Metrics: {}

2024-05-29 17:24:54,756 - INFO - Epoch 87/200
2024-05-29 17:25:56,508 - INFO - Train Stats
Loss:
  total: 4.2826264830998015
Metrics: {}

2024-05-29 17:25:56,508 - INFO - Epoch 88/200
2024-05-29 17:26:58,389 - INFO - Train Stats
Loss:
  total: 4.448226477759225
Metrics: {}

2024-05-29 17:26:58,390 - INFO - Epoch 89/200
2024-05-29 17:27:59,479 - INFO - Train Stats
Loss:
  total: 4.378708635738918
Metrics: {}

2024-05-29 17:27:59,479 - INFO - Epoch 90/200
2024-05-29 17:29:00,972 - INFO - Train Stats
Loss:
  total: 4.336714987073626
Metrics: {}

2024-05-29 17:29:01,404 - INFO - Epoch 91/200
2024-05-29 17:30:03,399 - INFO - Train Stats
Loss:
  total: 4.340815159933908
Metrics: {}

2024-05-29 17:30:03,399 - INFO - Epoch 92/200
2024-05-29 17:31:04,919 - INFO - Train Stats
Loss:
  total: 4.497725712912423
Metrics: {}

2024-05-29 17:31:04,919 - INFO - Epoch 93/200
2024-05-29 17:32:06,330 - INFO - Train Stats
Loss:
  total: 4.8687240580150055
Metrics: {}

2024-05-29 17:32:06,330 - INFO - Epoch 94/200
2024-05-29 17:33:07,790 - INFO - Train Stats
Loss:
  total: 4.3867282363346645
Metrics: {}

2024-05-29 17:33:07,790 - INFO - Epoch 95/200
2024-05-29 17:34:09,611 - INFO - Train Stats
Loss:
  total: 3.90934914452689
Metrics: {}

2024-05-29 17:34:10,041 - INFO - Epoch 96/200
2024-05-29 17:35:12,163 - INFO - Train Stats
Loss:
  total: 4.619136432920183
Metrics: {}

2024-05-29 17:35:12,163 - INFO - Epoch 97/200
2024-05-29 17:36:13,635 - INFO - Train Stats
Loss:
  total: 4.273694549969265
Metrics: {}

2024-05-29 17:36:13,635 - INFO - Epoch 98/200
2024-05-29 17:37:15,513 - INFO - Train Stats
Loss:
  total: 4.376706051145281
Metrics: {}

2024-05-29 17:37:15,513 - INFO - Epoch 99/200
2024-05-29 17:38:16,922 - INFO - Train Stats
Loss:
  total: 4.210499869755337
Metrics: {}

2024-05-29 17:38:16,922 - INFO - Epoch 100/200
2024-05-29 17:39:18,646 - INFO - Train Stats
Loss:
  total: 4.125738979067121
Metrics: {}

2024-05-29 17:39:18,646 - INFO - Epoch 101/200
2024-05-29 17:40:20,194 - INFO - Train Stats
Loss:
  total: 4.174433888707842
Metrics: {}

2024-05-29 17:40:20,194 - INFO - Epoch 102/200
2024-05-29 17:41:21,522 - INFO - Train Stats
Loss:
  total: 4.1595239789145335
Metrics: {}

2024-05-29 17:41:21,523 - INFO - Epoch 103/200
2024-05-29 17:42:23,480 - INFO - Train Stats
Loss:
  total: 4.273568316187178
Metrics: {}

2024-05-29 17:42:23,480 - INFO - Epoch 104/200
2024-05-29 17:43:25,009 - INFO - Train Stats
Loss:
  total: 4.351436449800219
Metrics: {}

2024-05-29 17:43:25,009 - INFO - Epoch 105/200
2024-05-29 17:44:26,560 - INFO - Train Stats
Loss:
  total: 4.114226078987121
Metrics: {}

2024-05-29 17:44:26,560 - INFO - Epoch 106/200
2024-05-29 17:45:28,644 - INFO - Train Stats
Loss:
  total: 4.249025235176086
Metrics: {}

2024-05-29 17:45:28,644 - INFO - Epoch 107/200
2024-05-29 17:46:30,137 - INFO - Train Stats
Loss:
  total: 3.7646659524100166
Metrics: {}

2024-05-29 17:46:30,564 - INFO - Epoch 108/200
2024-05-29 17:47:32,399 - INFO - Train Stats
Loss:
  total: 3.931138428279332
Metrics: {}

2024-05-29 17:47:32,399 - INFO - Epoch 109/200
2024-05-29 17:48:34,102 - INFO - Train Stats
Loss:
  total: 3.9668270335878644
Metrics: {}

2024-05-29 17:48:34,102 - INFO - Epoch 110/200
2024-05-29 17:49:35,224 - INFO - Train Stats
Loss:
  total: 3.5918890946252007
Metrics: {}

2024-05-29 17:49:35,664 - INFO - Epoch 111/200
2024-05-29 17:50:37,598 - INFO - Train Stats
Loss:
  total: 3.8235735940933226
Metrics: {}

2024-05-29 17:50:37,598 - INFO - Epoch 112/200
2024-05-29 17:51:39,125 - INFO - Train Stats
Loss:
  total: 3.7768791573388234
Metrics: {}

2024-05-29 17:51:39,125 - INFO - Epoch 113/200
2024-05-29 17:52:40,942 - INFO - Train Stats
Loss:
  total: 4.121505622182574
Metrics: {}

2024-05-29 17:52:40,942 - INFO - Epoch 114/200
2024-05-29 17:53:42,289 - INFO - Train Stats
Loss:
  total: 3.6304981626783097
Metrics: {}

2024-05-29 17:53:42,289 - INFO - Epoch 115/200
2024-05-29 17:54:43,849 - INFO - Train Stats
Loss:
  total: 3.984045728274754
Metrics: {}

2024-05-29 17:54:43,849 - INFO - Epoch 116/200
2024-05-29 17:55:45,668 - INFO - Train Stats
Loss:
  total: 3.808216555459159
Metrics: {}

2024-05-29 17:55:45,668 - INFO - Epoch 117/200
2024-05-29 17:56:47,481 - INFO - Train Stats
Loss:
  total: 4.181178349767412
Metrics: {}

2024-05-29 17:56:47,481 - INFO - Epoch 118/200
2024-05-29 17:57:49,317 - INFO - Train Stats
Loss:
  total: 3.7955355170794896
Metrics: {}

2024-05-29 17:57:49,317 - INFO - Epoch 119/200
2024-05-29 17:58:51,204 - INFO - Train Stats
Loss:
  total: 3.829340279442923
Metrics: {}

2024-05-29 17:58:51,205 - INFO - Epoch 120/200
2024-05-29 17:59:52,699 - INFO - Train Stats
Loss:
  total: 3.7403950595855715
Metrics: {}

2024-05-29 17:59:53,146 - INFO - Epoch 121/200
2024-05-29 18:00:55,063 - INFO - Train Stats
Loss:
  total: 3.340271770954132
Metrics: {}

2024-05-29 18:00:55,530 - INFO - Epoch 122/200
2024-05-29 18:01:57,281 - INFO - Train Stats
Loss:
  total: 3.8348792713029045
Metrics: {}

2024-05-29 18:01:57,281 - INFO - Epoch 123/200
2024-05-29 18:02:59,336 - INFO - Train Stats
Loss:
  total: 3.9487692444665092
Metrics: {}

2024-05-29 18:02:59,337 - INFO - Epoch 124/200
2024-05-29 18:04:01,037 - INFO - Train Stats
Loss:
  total: 3.8114021975653514
Metrics: {}

2024-05-29 18:04:01,037 - INFO - Epoch 125/200
2024-05-29 18:05:02,856 - INFO - Train Stats
Loss:
  total: 3.4892706254550387
Metrics: {}

2024-05-29 18:05:02,856 - INFO - Epoch 126/200
2024-05-29 18:06:04,060 - INFO - Train Stats
Loss:
  total: 3.677070472240448
Metrics: {}

2024-05-29 18:06:04,060 - INFO - Epoch 127/200
2024-05-29 18:07:06,248 - INFO - Train Stats
Loss:
  total: 4.077891720363072
Metrics: {}

2024-05-29 18:07:06,249 - INFO - Epoch 128/200
2024-05-29 18:08:08,072 - INFO - Train Stats
Loss:
  total: 3.9235818498475212
Metrics: {}

2024-05-29 18:08:08,072 - INFO - Epoch 129/200
2024-05-29 18:09:09,829 - INFO - Train Stats
Loss:
  total: 3.685004242828914
Metrics: {}

2024-05-29 18:09:09,829 - INFO - Epoch 130/200
2024-05-29 18:10:11,279 - INFO - Train Stats
Loss:
  total: 3.1552196853501457
Metrics: {}

2024-05-29 18:10:11,743 - INFO - Epoch 131/200
2024-05-29 18:11:13,824 - INFO - Train Stats
Loss:
  total: 4.014727559430258
Metrics: {}

2024-05-29 18:11:13,824 - INFO - Epoch 132/200
2024-05-29 18:12:16,250 - INFO - Train Stats
Loss:
  total: 3.5366412843976702
Metrics: {}

2024-05-29 18:12:16,250 - INFO - Epoch 133/200
2024-05-29 18:13:18,349 - INFO - Train Stats
Loss:
  total: 3.4668700112615314
Metrics: {}

2024-05-29 18:13:18,349 - INFO - Epoch 134/200
2024-05-29 18:14:20,045 - INFO - Train Stats
Loss:
  total: 3.35854738507952
Metrics: {}

2024-05-29 18:14:20,046 - INFO - Epoch 135/200
2024-05-29 18:15:22,173 - INFO - Train Stats
Loss:
  total: 3.65857362304415
Metrics: {}

2024-05-29 18:15:22,173 - INFO - Epoch 136/200
2024-05-29 18:16:23,595 - INFO - Train Stats
Loss:
  total: 3.6127095317840574
Metrics: {}

2024-05-29 18:16:23,595 - INFO - Epoch 137/200
2024-05-29 18:17:25,507 - INFO - Train Stats
Loss:
  total: 3.610892889159066
Metrics: {}

2024-05-29 18:17:25,507 - INFO - Epoch 138/200
2024-05-29 18:18:27,446 - INFO - Train Stats
Loss:
  total: 3.674882378578186
Metrics: {}

2024-05-29 18:18:27,446 - INFO - Epoch 139/200
2024-05-29 18:19:29,444 - INFO - Train Stats
Loss:
  total: 3.558466190951211
Metrics: {}

2024-05-29 18:19:29,444 - INFO - Epoch 140/200
2024-05-29 18:20:31,373 - INFO - Train Stats
Loss:
  total: 3.4413576102256775
Metrics: {}

2024-05-29 18:20:31,373 - INFO - Epoch 141/200
2024-05-29 18:21:32,944 - INFO - Train Stats
Loss:
  total: 3.5961088953699383
Metrics: {}

2024-05-29 18:21:32,944 - INFO - Epoch 142/200
2024-05-29 18:22:34,517 - INFO - Train Stats
Loss:
  total: 3.501253947530474
Metrics: {}

2024-05-29 18:22:34,517 - INFO - Epoch 143/200
2024-05-29 18:23:36,897 - INFO - Train Stats
Loss:
  total: 3.411692568915231
Metrics: {}

2024-05-29 18:23:36,898 - INFO - Epoch 144/200
2024-05-29 18:24:38,221 - INFO - Train Stats
Loss:
  total: 3.440354410920824
Metrics: {}

2024-05-29 18:24:38,221 - INFO - Epoch 145/200
2024-05-29 18:25:40,388 - INFO - Train Stats
Loss:
  total: 3.2665783609662737
Metrics: {}

2024-05-29 18:25:40,388 - INFO - Epoch 146/200
2024-05-29 18:26:42,601 - INFO - Train Stats
Loss:
  total: 3.580053503172738
Metrics: {}

2024-05-29 18:26:42,601 - INFO - Epoch 147/200
2024-05-29 18:27:44,208 - INFO - Train Stats
Loss:
  total: 3.3595445718084065
Metrics: {}

2024-05-29 18:27:44,208 - INFO - Epoch 148/200
2024-05-29 18:28:45,912 - INFO - Train Stats
Loss:
  total: 3.6768181007249017
Metrics: {}

2024-05-29 18:28:45,912 - INFO - Epoch 149/200
2024-05-29 18:29:47,552 - INFO - Train Stats
Loss:
  total: 3.81358087846211
Metrics: {}

2024-05-29 18:29:47,552 - INFO - Epoch 150/200
2024-05-29 18:30:49,429 - INFO - Train Stats
Loss:
  total: 3.7263589927128384
Metrics: {}

2024-05-29 18:30:49,889 - INFO - Epoch 151/200
2024-05-29 18:31:51,666 - INFO - Train Stats
Loss:
  total: 3.526878434249333
Metrics: {}

2024-05-29 18:31:51,666 - INFO - Epoch 152/200
2024-05-29 18:32:53,747 - INFO - Train Stats
Loss:
  total: 3.451167315074376
Metrics: {}

2024-05-29 18:32:53,747 - INFO - Epoch 153/200
2024-05-29 18:33:55,597 - INFO - Train Stats
Loss:
  total: 3.527583734648568
Metrics: {}

2024-05-29 18:33:55,597 - INFO - Epoch 154/200
2024-05-29 18:34:58,035 - INFO - Train Stats
Loss:
  total: 3.4419832519122533
Metrics: {}

2024-05-29 18:34:58,035 - INFO - Epoch 155/200
2024-05-29 18:36:00,417 - INFO - Train Stats
Loss:
  total: 3.4005820202827453
Metrics: {}

2024-05-29 18:36:00,417 - INFO - Epoch 156/200
2024-05-29 18:37:02,457 - INFO - Train Stats
Loss:
  total: 3.333185077394758
Metrics: {}

2024-05-29 18:37:02,458 - INFO - Epoch 157/200
2024-05-29 18:38:04,235 - INFO - Train Stats
Loss:
  total: 3.4855687553542003
Metrics: {}

2024-05-29 18:38:04,235 - INFO - Epoch 158/200
2024-05-29 18:39:05,755 - INFO - Train Stats
Loss:
  total: 3.2355400483948844
Metrics: {}

2024-05-29 18:39:05,756 - INFO - Epoch 159/200
2024-05-29 18:40:07,525 - INFO - Train Stats
Loss:
  total: 3.2772292378970556
Metrics: {}

2024-05-29 18:40:07,525 - INFO - Epoch 160/200
2024-05-29 18:41:09,594 - INFO - Train Stats
Loss:
  total: 3.200170340878623
Metrics: {}

2024-05-29 18:41:09,594 - INFO - Epoch 161/200
2024-05-29 18:42:11,173 - INFO - Train Stats
Loss:
  total: 3.448751639979226
Metrics: {}

2024-05-29 18:42:11,173 - INFO - Epoch 162/200
2024-05-29 18:43:12,401 - INFO - Train Stats
Loss:
  total: 3.3104427698680334
Metrics: {}

2024-05-29 18:43:12,401 - INFO - Epoch 163/200
2024-05-29 18:44:14,268 - INFO - Train Stats
Loss:
  total: 3.068044600827353
Metrics: {}

2024-05-29 18:44:14,710 - INFO - Epoch 164/200
2024-05-29 18:45:16,682 - INFO - Train Stats
Loss:
  total: 3.1097010707855226
Metrics: {}

2024-05-29 18:45:16,682 - INFO - Epoch 165/200
2024-05-29 18:46:18,706 - INFO - Train Stats
Loss:
  total: 3.2140944031306677
Metrics: {}

2024-05-29 18:46:18,706 - INFO - Epoch 166/200
2024-05-29 18:47:20,630 - INFO - Train Stats
Loss:
  total: 3.125168970312391
Metrics: {}

2024-05-29 18:47:20,630 - INFO - Epoch 167/200
2024-05-29 18:48:22,753 - INFO - Train Stats
Loss:
  total: 3.265461528301239
Metrics: {}

2024-05-29 18:48:22,753 - INFO - Epoch 168/200
2024-05-29 18:49:24,682 - INFO - Train Stats
Loss:
  total: 3.1380652369771687
Metrics: {}

2024-05-29 18:49:24,683 - INFO - Epoch 169/200
2024-05-29 18:50:26,724 - INFO - Train Stats
Loss:
  total: 3.3776361407552447
Metrics: {}

2024-05-29 18:50:26,724 - INFO - Epoch 170/200
2024-05-29 18:51:28,476 - INFO - Train Stats
Loss:
  total: 3.2216196513175963
Metrics: {}

2024-05-29 18:51:28,476 - INFO - Epoch 171/200
2024-05-29 18:52:30,310 - INFO - Train Stats
Loss:
  total: 3.3244376495906285
Metrics: {}

2024-05-29 18:52:30,310 - INFO - Epoch 172/200
2024-05-29 18:53:32,148 - INFO - Train Stats
Loss:
  total: 3.158732577051435
Metrics: {}

2024-05-29 18:53:32,148 - INFO - Epoch 173/200
2024-05-29 18:54:33,828 - INFO - Train Stats
Loss:
  total: 3.462077601637159
Metrics: {}

2024-05-29 18:54:33,828 - INFO - Epoch 174/200
2024-05-29 18:55:35,833 - INFO - Train Stats
Loss:
  total: 3.0468352001053947
Metrics: {}

2024-05-29 18:55:36,280 - INFO - Epoch 175/200
2024-05-29 18:56:38,544 - INFO - Train Stats
Loss:
  total: 3.4435168736321584
Metrics: {}

2024-05-29 18:56:38,544 - INFO - Epoch 176/200
2024-05-29 18:57:39,996 - INFO - Train Stats
Loss:
  total: 3.5701868653297426
Metrics: {}

2024-05-29 18:57:39,996 - INFO - Epoch 177/200
2024-05-29 18:58:41,603 - INFO - Train Stats
Loss:
  total: 2.7884464856556486
Metrics: {}

2024-05-29 18:58:42,029 - INFO - Epoch 178/200
2024-05-29 18:59:43,766 - INFO - Train Stats
Loss:
  total: 3.0931946042605807
Metrics: {}

2024-05-29 18:59:43,766 - INFO - Epoch 179/200
2024-05-29 19:00:45,693 - INFO - Train Stats
Loss:
  total: 3.0367485880851746
Metrics: {}

2024-05-29 19:00:45,693 - INFO - Epoch 180/200
2024-05-29 19:01:47,655 - INFO - Train Stats
Loss:
  total: 3.1099569497789656
Metrics: {}

2024-05-29 19:01:48,096 - INFO - Epoch 181/200
2024-05-29 19:02:49,796 - INFO - Train Stats
Loss:
  total: 3.1560022514207025
Metrics: {}

2024-05-29 19:02:49,796 - INFO - Epoch 182/200
2024-05-29 19:03:51,889 - INFO - Train Stats
Loss:
  total: 2.991337854181017
Metrics: {}

2024-05-29 19:03:51,890 - INFO - Epoch 183/200
2024-05-29 19:04:53,551 - INFO - Train Stats
Loss:
  total: 3.030786785398211
Metrics: {}

2024-05-29 19:04:53,551 - INFO - Epoch 184/200
2024-05-29 19:05:54,947 - INFO - Train Stats
Loss:
  total: 3.2543840687615533
Metrics: {}

2024-05-29 19:05:54,947 - INFO - Epoch 185/200
2024-05-29 19:06:56,876 - INFO - Train Stats
Loss:
  total: 3.489853606905256
Metrics: {}

2024-05-29 19:06:56,876 - INFO - Epoch 186/200
2024-05-29 19:07:58,543 - INFO - Train Stats
Loss:
  total: 3.094847445147378
Metrics: {}

2024-05-29 19:07:58,543 - INFO - Epoch 187/200
2024-05-29 19:09:00,293 - INFO - Train Stats
Loss:
  total: 2.92462940624782
Metrics: {}

2024-05-29 19:09:00,293 - INFO - Epoch 188/200
2024-05-29 19:10:02,319 - INFO - Train Stats
Loss:
  total: 3.1703146965163094
Metrics: {}

2024-05-29 19:10:02,319 - INFO - Epoch 189/200
2024-05-29 19:11:03,822 - INFO - Train Stats
Loss:
  total: 3.495334745475224
Metrics: {}

2024-05-29 19:11:03,822 - INFO - Epoch 190/200
2024-05-29 19:12:06,057 - INFO - Train Stats
Loss:
  total: 2.8856677774020603
Metrics: {}

2024-05-29 19:12:06,057 - INFO - Epoch 191/200
2024-05-29 19:13:07,572 - INFO - Train Stats
Loss:
  total: 2.969263071673257
Metrics: {}

2024-05-29 19:13:07,572 - INFO - Epoch 192/200
2024-05-29 19:14:09,844 - INFO - Train Stats
Loss:
  total: 3.1760208208220346
Metrics: {}

2024-05-29 19:14:09,844 - INFO - Epoch 193/200
2024-05-29 19:15:11,779 - INFO - Train Stats
Loss:
  total: 3.0388636779785156
Metrics: {}

2024-05-29 19:15:11,779 - INFO - Epoch 194/200
2024-05-29 19:16:13,747 - INFO - Train Stats
Loss:
  total: 3.1022371019635884
Metrics: {}

2024-05-29 19:16:13,748 - INFO - Epoch 195/200
2024-05-29 19:17:15,824 - INFO - Train Stats
Loss:
  total: 3.3154874042102267
Metrics: {}

2024-05-29 19:17:15,824 - INFO - Epoch 196/200
2024-05-29 19:18:17,664 - INFO - Train Stats
Loss:
  total: 3.140659669126783
Metrics: {}

2024-05-29 19:18:17,665 - INFO - Epoch 197/200
2024-05-29 19:19:19,458 - INFO - Train Stats
Loss:
  total: 3.5147512970651897
Metrics: {}

2024-05-29 19:19:19,458 - INFO - Epoch 198/200
2024-05-29 19:20:20,870 - INFO - Train Stats
Loss:
  total: 2.868038568156106
Metrics: {}

2024-05-29 19:20:20,870 - INFO - Epoch 199/200
2024-05-29 19:21:22,499 - INFO - Train Stats
Loss:
  total: 3.4456873944827486
Metrics: {}

2024-05-29 19:21:22,499 - INFO - Epoch 200/200
2024-05-29 19:22:25,136 - INFO - Train Stats
Loss:
  total: 3.259742799145835
Metrics: {}

2024-05-29 19:22:30,778 - INFO - Best train loss: 2.7884464856556486
2024-05-29 19:22:31,029 - INFO - Best model saved to /home/up201905337/exploring-label-efficiency/weights/moco_cifar10_resnet50_pretrained.pth
2024-05-29 19:22:31,030 - INFO - Training took 12368.36414217949 seconds to complete
