2024-02-22 21:15:17,208 - INFO - Loading configuration files...
2024-02-22 21:15:17,247 - INFO - Loading model configuration
args:
  depth: 28
  num_classes: 10
  widen_factor: 2
class: WideResNet

2024-02-22 21:15:18,964 - INFO - Loading train_dataset configuration
args:
  root: ./data/
  train_val_split: 0.9
class: SVHN

2024-02-22 21:15:20,571 - INFO - Loading val_dataset configuration
args:
  root: ./data/
  train_val_split: 0.9
class: SVHN

2024-02-22 21:15:20,576 - INFO - Loading optimizer configuration
args:
  dampening: 0.0
  lr: 0.01
  momentum: 0.9
  nesterov: true
  weight_decay: 0.0005
class: SGD

2024-02-22 21:15:20,577 - INFO - Loading loss configuration
args: {}
class: CrossEntropyLoss

2024-02-22 21:15:20,586 - INFO - Loading metrics configuration
svhn_top1_accuracy:
  args:
    num_classes: 10
    task: multiclass
    top_k: 1
  class: Accuracy
svhn_top5_accuracy:
  args:
    num_classes: 10
    task: multiclass
    top_k: 5
  class: Accuracy

2024-02-22 21:15:20,589 - INFO - Loading scheduler configuration
args:
  gamma: 0.1
  milestones:
  - 80
  - 120
class: MultiStepLR

2024-02-22 21:15:20,589 - INFO - Loading hyperparameters configuration
batch_size: 128
epochs: 160
num_workers: 4
save_freq: 30

2024-02-22 21:15:20,974 - INFO - Using device: cuda
2024-02-22 21:15:21,238 - INFO - Training for 160 epochs
2024-02-22 21:15:21,238 - INFO - Epoch 1/160
2024-02-22 21:15:45,069 - INFO - Train Stats
Loss:
  total: 1.9792676274628602
Metrics:
  svhn_top1_accuracy: 0.2954738151657489
  svhn_top5_accuracy: 0.732906371124031

2024-02-22 21:15:45,818 - INFO - Validation Stats
Loss:
  total: 1.3691556946984653
Metrics:
  svhn_top1_accuracy: 0.5193606322181636
  svhn_top5_accuracy: 0.9194145110146753

2024-02-22 21:15:45,847 - INFO - Epoch 2/160
2024-02-22 21:16:09,114 - INFO - Train Stats
Loss:
  total: 0.6967367749343547
Metrics:
  svhn_top1_accuracy: 0.7803677215363628
  svhn_top5_accuracy: 0.9710720027833022

2024-02-22 21:16:09,679 - INFO - Validation Stats
Loss:
  total: 0.5692535525765913
Metrics:
  svhn_top1_accuracy: 0.817977729542502
  svhn_top5_accuracy: 0.9789511489457098

2024-02-22 21:16:09,711 - INFO - Epoch 3/160
2024-02-22 21:16:19,160 - INFO - Train Stats
Loss:
  total: 0.37229457070199096
Metrics:
  svhn_top1_accuracy: 0.8876230509937272
  svhn_top5_accuracy: 0.9862827034883721

2024-02-22 21:16:19,698 - INFO - Validation Stats
Loss:
  total: 0.32441341106233923
Metrics:
  svhn_top1_accuracy: 0.9048311782294306
  svhn_top5_accuracy: 0.9881106317043304

2024-02-22 21:16:19,730 - INFO - Epoch 4/160
2024-02-22 21:16:29,731 - INFO - Train Stats
Loss:
  total: 0.3122632129825363
Metrics:
  svhn_top1_accuracy: 0.9069726149472155
  svhn_top5_accuracy: 0.9886446220930233

2024-02-22 21:16:30,454 - INFO - Validation Stats
Loss:
  total: 0.33423997102112607
Metrics:
  svhn_top1_accuracy: 0.8995061064588612
  svhn_top5_accuracy: 0.990167025862069

2024-02-22 21:16:30,454 - INFO - Epoch 5/160
2024-02-22 21:16:53,351 - INFO - Train Stats
Loss:
  total: 0.28202927668485067
Metrics:
  svhn_top1_accuracy: 0.9160968332096587
  svhn_top5_accuracy: 0.9907945736434108

2024-02-22 21:16:54,382 - INFO - Validation Stats
Loss:
  total: 0.251649841409305
Metrics:
  svhn_top1_accuracy: 0.9247665230570168
  svhn_top5_accuracy: 0.9920528017241379

2024-02-22 21:16:54,414 - INFO - Epoch 6/160
2024-02-22 21:17:18,528 - INFO - Train Stats
Loss:
  total: 0.26112312621386474
Metrics:
  svhn_top1_accuracy: 0.9233849211487659
  svhn_top5_accuracy: 0.9917938468992248

2024-02-22 21:17:21,734 - INFO - Validation Stats
Loss:
  total: 0.23474713980123915
Metrics:
  svhn_top1_accuracy: 0.9329831178846031
  svhn_top5_accuracy: 0.9927262931034483

2024-02-22 21:17:21,771 - INFO - Epoch 7/160
2024-02-22 21:17:32,580 - INFO - Train Stats
Loss:
  total: 0.24766973283344
Metrics:
  svhn_top1_accuracy: 0.9280027748309365
  svhn_top5_accuracy: 0.9918846899224806

2024-02-22 21:17:33,127 - INFO - Validation Stats
Loss:
  total: 0.2667641703938616
Metrics:
  svhn_top1_accuracy: 0.9238595541181236
  svhn_top5_accuracy: 0.9913793103448276

2024-02-22 21:17:33,127 - INFO - Epoch 8/160
2024-02-22 21:17:42,520 - INFO - Train Stats
Loss:
  total: 0.23350384174449038
Metrics:
  svhn_top1_accuracy: 0.9315704281708991
  svhn_top5_accuracy: 0.9924751695736435

2024-02-22 21:17:43,042 - INFO - Validation Stats
Loss:
  total: 0.2189123609970356
Metrics:
  svhn_top1_accuracy: 0.9362517954974339
  svhn_top5_accuracy: 0.9939385775862069

2024-02-22 21:17:43,073 - INFO - Epoch 9/160
2024-02-22 21:17:52,772 - INFO - Train Stats
Loss:
  total: 0.2211171386315841
Metrics:
  svhn_top1_accuracy: 0.936057522892952
  svhn_top5_accuracy: 0.9930202277131783

2024-02-22 21:17:53,433 - INFO - Validation Stats
Loss:
  total: 0.20701590630001035
Metrics:
  svhn_top1_accuracy: 0.9369252868767443
  svhn_top5_accuracy: 0.9943426724137931

2024-02-22 21:17:53,464 - INFO - Epoch 10/160
2024-02-22 21:18:03,303 - INFO - Train Stats
Loss:
  total: 0.21289778275545254
Metrics:
  svhn_top1_accuracy: 0.9386465490557426
  svhn_top5_accuracy: 0.9935804263565892

2024-02-22 21:18:06,093 - INFO - Validation Stats
Loss:
  total: 0.21693789239587455
Metrics:
  svhn_top1_accuracy: 0.9358477006698477
  svhn_top5_accuracy: 0.9943426724137931

2024-02-22 21:18:06,094 - INFO - Epoch 11/160
2024-02-22 21:18:16,152 - INFO - Train Stats
Loss:
  total: 0.20571607881940382
Metrics:
  svhn_top1_accuracy: 0.9411392266205115
  svhn_top5_accuracy: 0.9939135174418605

2024-02-22 21:18:19,387 - INFO - Validation Stats
Loss:
  total: 0.22074730167615003
Metrics:
  svhn_top1_accuracy: 0.9373293817043304
  svhn_top5_accuracy: 0.994073275862069

2024-02-22 21:18:19,388 - INFO - Epoch 12/160
2024-02-22 21:18:30,103 - INFO - Train Stats
Loss:
  total: 0.1964465575653684
Metrics:
  svhn_top1_accuracy: 0.9432382509689923
  svhn_top5_accuracy: 0.9940800629844961

2024-02-22 21:18:30,860 - INFO - Validation Stats
Loss:
  total: 0.19250802002076445
Metrics:
  svhn_top1_accuracy: 0.9446030886008822
  svhn_top5_accuracy: 0.994207974137931

2024-02-22 21:18:30,895 - INFO - Epoch 13/160
2024-02-22 21:18:40,411 - INFO - Train Stats
Loss:
  total: 0.18840657163035962
Metrics:
  svhn_top1_accuracy: 0.9452271626670231
  svhn_top5_accuracy: 0.9944585755813954

2024-02-22 21:18:41,643 - INFO - Validation Stats
Loss:
  total: 0.20267947560882774
Metrics:
  svhn_top1_accuracy: 0.9415409482758621
  svhn_top5_accuracy: 0.9935344827586207

2024-02-22 21:18:41,643 - INFO - Epoch 14/160
2024-02-22 21:18:51,698 - INFO - Train Stats
Loss:
  total: 0.18584983989365342
Metrics:
  svhn_top1_accuracy: 0.9465843023255814
  svhn_top5_accuracy: 0.9944434350775194

2024-02-22 21:18:54,606 - INFO - Validation Stats
Loss:
  total: 0.19976664925443716
Metrics:
  svhn_top1_accuracy: 0.9435255023939856
  svhn_top5_accuracy: 0.9939385775862069

2024-02-22 21:18:54,607 - INFO - Epoch 15/160
2024-02-22 21:19:03,891 - INFO - Train Stats
Loss:
  total: 0.17986145009857046
Metrics:
  svhn_top1_accuracy: 0.9487796753875969
  svhn_top5_accuracy: 0.9942617490310077

2024-02-22 21:19:04,456 - INFO - Validation Stats
Loss:
  total: 0.18706764820320854
Metrics:
  svhn_top1_accuracy: 0.9468929592905373
  svhn_top5_accuracy: 0.9940373558422615

2024-02-22 21:19:04,487 - INFO - Epoch 16/160
2024-02-22 21:19:14,089 - INFO - Train Stats
Loss:
  total: 0.1749483255467327
Metrics:
  svhn_top1_accuracy: 0.9494720093270604
  svhn_top5_accuracy: 0.9947063293336897

2024-02-22 21:19:16,807 - INFO - Validation Stats
Loss:
  total: 0.18838879209140252
Metrics:
  svhn_top1_accuracy: 0.9455459765319166
  svhn_top5_accuracy: 0.9944773706896551

2024-02-22 21:19:16,807 - INFO - Epoch 17/160
2024-02-22 21:19:26,791 - INFO - Train Stats
Loss:
  total: 0.1759228865478852
Metrics:
  svhn_top1_accuracy: 0.9496536953735721
  svhn_top5_accuracy: 0.9953518653100775

2024-02-22 21:19:28,543 - INFO - Validation Stats
Loss:
  total: 0.19886579313154878
Metrics:
  svhn_top1_accuracy: 0.9412356317043304
  svhn_top5_accuracy: 0.9947467672413793

2024-02-22 21:19:28,543 - INFO - Epoch 18/160
2024-02-22 21:19:52,159 - INFO - Train Stats
Loss:
  total: 0.16897441357980633
Metrics:
  svhn_top1_accuracy: 0.9523583399926046
  svhn_top5_accuracy: 0.9952761627906976

2024-02-22 21:19:55,070 - INFO - Validation Stats
Loss:
  total: 0.20440742604691406
Metrics:
  svhn_top1_accuracy: 0.9416756465517241
  svhn_top5_accuracy: 0.9939385775862069

2024-02-22 21:19:55,070 - INFO - Epoch 19/160
2024-02-22 21:20:18,271 - INFO - Train Stats
Loss:
  total: 0.16820804546623266
Metrics:
  svhn_top1_accuracy: 0.9523376937984496
  svhn_top5_accuracy: 0.9953367248062015

2024-02-22 21:20:20,717 - INFO - Validation Stats
Loss:
  total: 0.17787917028984118
Metrics:
  svhn_top1_accuracy: 0.9476652299535686
  svhn_top5_accuracy: 0.9950161637931034

2024-02-22 21:20:20,948 - INFO - Epoch 20/160
2024-02-22 21:20:47,495 - INFO - Train Stats
Loss:
  total: 0.1592570497336718
Metrics:
  svhn_top1_accuracy: 0.9545179263565892
  svhn_top5_accuracy: 0.9957757994186046

2024-02-22 21:20:50,321 - INFO - Validation Stats
Loss:
  total: 0.18016234534824715
Metrics:
  svhn_top1_accuracy: 0.9482040230570168
  svhn_top5_accuracy: 0.9935344827586207

2024-02-22 21:20:50,321 - INFO - Epoch 21/160
2024-02-22 21:21:12,882 - INFO - Train Stats
Loss:
  total: 0.15450156228291953
Metrics:
  svhn_top1_accuracy: 0.9565921753875969
  svhn_top5_accuracy: 0.9957909399224806

2024-02-22 21:21:13,430 - INFO - Validation Stats
Loss:
  total: 0.1829946593477808
Metrics:
  svhn_top1_accuracy: 0.9483746403250201
  svhn_top5_accuracy: 0.9950161637931034

2024-02-22 21:21:13,430 - INFO - Epoch 22/160
2024-02-22 21:21:22,878 - INFO - Train Stats
Loss:
  total: 0.15263099216155765
Metrics:
  svhn_top1_accuracy: 0.9567890019379846
  svhn_top5_accuracy: 0.9960180474806202

2024-02-22 21:21:23,579 - INFO - Validation Stats
Loss:
  total: 0.174886764123522
Metrics:
  svhn_top1_accuracy: 0.9507992092905373
  svhn_top5_accuracy: 0.9946120689655172

2024-02-22 21:21:23,614 - INFO - Epoch 23/160
2024-02-22 21:21:33,028 - INFO - Train Stats
Loss:
  total: 0.14995026726333438
Metrics:
  svhn_top1_accuracy: 0.9577125726744186
  svhn_top5_accuracy: 0.9963057170542635

2024-02-22 21:21:33,564 - INFO - Validation Stats
Loss:
  total: 0.17764109039101109
Metrics:
  svhn_top1_accuracy: 0.9503951144629511
  svhn_top5_accuracy: 0.9952855603448276

2024-02-22 21:21:33,565 - INFO - Epoch 24/160
2024-02-22 21:21:43,056 - INFO - Train Stats
Loss:
  total: 0.14906512668659522
Metrics:
  svhn_top1_accuracy: 0.9578240618918293
  svhn_top5_accuracy: 0.9960483284883721

2024-02-22 21:21:43,602 - INFO - Validation Stats
Loss:
  total: 0.19055314651080246
Metrics:
  svhn_top1_accuracy: 0.9471623558422615
  svhn_top5_accuracy: 0.9938038793103449

2024-02-22 21:21:43,602 - INFO - Epoch 25/160
2024-02-22 21:21:53,304 - INFO - Train Stats
Loss:
  total: 0.14721690169571675
Metrics:
  svhn_top1_accuracy: 0.9585301598837209
  svhn_top5_accuracy: 0.9963057170542635

2024-02-22 21:21:55,133 - INFO - Validation Stats
Loss:
  total: 0.17584046226894035
Metrics:
  svhn_top1_accuracy: 0.9512033041181236
  svhn_top5_accuracy: 0.9936691810344828

2024-02-22 21:21:55,133 - INFO - Epoch 26/160
2024-02-22 21:22:16,608 - INFO - Train Stats
Loss:
  total: 0.1430125689827079
Metrics:
  svhn_top1_accuracy: 0.9593986742949301
  svhn_top5_accuracy: 0.9963662790697675

2024-02-22 21:22:18,679 - INFO - Validation Stats
Loss:
  total: 0.18953609010525818
Metrics:
  svhn_top1_accuracy: 0.948105243773296
  svhn_top5_accuracy: 0.9948814655172413

2024-02-22 21:22:18,679 - INFO - Epoch 27/160
2024-02-22 21:22:41,509 - INFO - Train Stats
Loss:
  total: 0.1433162957262031
Metrics:
  svhn_top1_accuracy: 0.9592417635658915
  svhn_top5_accuracy: 0.9964117005813954

2024-02-22 21:22:42,107 - INFO - Validation Stats
Loss:
  total: 0.17465807317659773
Metrics:
  svhn_top1_accuracy: 0.9498204023673616
  svhn_top5_accuracy: 0.9933997844827587

2024-02-22 21:22:42,138 - INFO - Epoch 28/160
2024-02-22 21:22:51,484 - INFO - Train Stats
Loss:
  total: 0.1364213938557709
Metrics:
  svhn_top1_accuracy: 0.9611150568076806
  svhn_top5_accuracy: 0.9968961967054264

2024-02-22 21:22:52,098 - INFO - Validation Stats
Loss:
  total: 0.19086598290194726
Metrics:
  svhn_top1_accuracy: 0.9458782323475542
  svhn_top5_accuracy: 0.9938038793103449

2024-02-22 21:22:52,098 - INFO - Epoch 29/160
2024-02-22 21:23:14,477 - INFO - Train Stats
Loss:
  total: 0.13955900771904362
Metrics:
  svhn_top1_accuracy: 0.9601006430479907
  svhn_top5_accuracy: 0.9964777682871782

2024-02-22 21:23:16,933 - INFO - Validation Stats
Loss:
  total: 0.17571500868632875
Metrics:
  svhn_top1_accuracy: 0.9521461920491581
  svhn_top5_accuracy: 0.994073275862069

2024-02-22 21:23:16,933 - INFO - Epoch 30/160
2024-02-22 21:23:38,737 - INFO - Train Stats
Loss:
  total: 0.13610773846911367
Metrics:
  svhn_top1_accuracy: 0.9616697498763255
  svhn_top5_accuracy: 0.996563105620155

2024-02-22 21:23:41,693 - INFO - Validation Stats
Loss:
  total: 0.20004086967172294
Metrics:
  svhn_top1_accuracy: 0.9450071834284683
  svhn_top5_accuracy: 0.9929597696353649

2024-02-22 21:23:41,724 - INFO - Epoch 31/160
2024-02-22 21:24:04,745 - INFO - Train Stats
Loss:
  total: 0.13228476200209455
Metrics:
  svhn_top1_accuracy: 0.9624873370856277
  svhn_top5_accuracy: 0.9967902131782945

2024-02-22 21:24:05,895 - INFO - Validation Stats
Loss:
  total: 0.1778140601798378
Metrics:
  svhn_top1_accuracy: 0.9497575431034483
  svhn_top5_accuracy: 0.9938038793103449

2024-02-22 21:24:05,896 - INFO - Epoch 32/160
2024-02-22 21:24:19,733 - INFO - Train Stats
Loss:
  total: 0.12753390181492003
Metrics:
  svhn_top1_accuracy: 0.9641073710003565
  svhn_top5_accuracy: 0.9973352713178295

2024-02-22 21:24:20,297 - INFO - Validation Stats
Loss:
  total: 0.19688437814856397
Metrics:
  svhn_top1_accuracy: 0.9439295972215718
  svhn_top5_accuracy: 0.9936691810344828

2024-02-22 21:24:20,297 - INFO - Epoch 33/160
2024-02-22 21:24:29,911 - INFO - Train Stats
Loss:
  total: 0.13549288686783623
Metrics:
  svhn_top1_accuracy: 0.9616945251937985
  svhn_top5_accuracy: 0.9970173207364341

2024-02-22 21:24:31,042 - INFO - Validation Stats
Loss:
  total: 0.1843601401638368
Metrics:
  svhn_top1_accuracy: 0.9507992092905373
  svhn_top5_accuracy: 0.994073275862069

2024-02-22 21:24:31,042 - INFO - Epoch 34/160
2024-02-22 21:24:40,751 - INFO - Train Stats
Loss:
  total: 0.12468223816303667
Metrics:
  svhn_top1_accuracy: 0.9651617005813954
  svhn_top5_accuracy: 0.9973049903100775

2024-02-22 21:24:41,294 - INFO - Validation Stats
Loss:
  total: 0.17792458742343145
Metrics:
  svhn_top1_accuracy: 0.9521102730570168
  svhn_top5_accuracy: 0.9935344827586207

2024-02-22 21:24:41,294 - INFO - Epoch 35/160
2024-02-22 21:24:50,635 - INFO - Train Stats
Loss:
  total: 0.12408354760746854
Metrics:
  svhn_top1_accuracy: 0.964858890503876
  svhn_top5_accuracy: 0.9974261143410853

2024-02-22 21:24:51,420 - INFO - Validation Stats
Loss:
  total: 0.18013370139845486
Metrics:
  svhn_top1_accuracy: 0.9498563213595028
  svhn_top5_accuracy: 0.9947467672413793

2024-02-22 21:24:51,421 - INFO - Epoch 36/160
2024-02-22 21:25:01,160 - INFO - Train Stats
Loss:
  total: 0.11866387325995999
Metrics:
  svhn_top1_accuracy: 0.9662476876216342
  svhn_top5_accuracy: 0.997562378875969

2024-02-22 21:25:03,979 - INFO - Validation Stats
Loss:
  total: 0.19938322773267483
Metrics:
  svhn_top1_accuracy: 0.9485093386008822
  svhn_top5_accuracy: 0.994207974137931

2024-02-22 21:25:03,979 - INFO - Epoch 37/160
2024-02-22 21:25:27,981 - INFO - Train Stats
Loss:
  total: 0.12253762584165201
Metrics:
  svhn_top1_accuracy: 0.964359253875969
  svhn_top5_accuracy: 0.9976078003875969

2024-02-22 21:25:30,948 - INFO - Validation Stats
Loss:
  total: 0.1840523754985168
Metrics:
  svhn_top1_accuracy: 0.9505298127388132
  svhn_top5_accuracy: 0.994073275862069

2024-02-22 21:25:30,948 - INFO - Epoch 38/160
2024-02-22 21:25:53,996 - INFO - Train Stats
Loss:
  total: 0.11696836773248374
Metrics:
  svhn_top1_accuracy: 0.9674024951550387
  svhn_top5_accuracy: 0.9979257509689923

2024-02-22 21:25:54,752 - INFO - Validation Stats
Loss:
  total: 0.17430764411030145
Metrics:
  svhn_top1_accuracy: 0.9551095541181236
  svhn_top5_accuracy: 0.9959590517241379

2024-02-22 21:25:54,783 - INFO - Epoch 39/160
2024-02-22 21:26:04,276 - INFO - Train Stats
Loss:
  total: 0.11443962061113512
Metrics:
  svhn_top1_accuracy: 0.967781007751938
  svhn_top5_accuracy: 0.9978954699612403

2024-02-22 21:26:04,817 - INFO - Validation Stats
Loss:
  total: 0.19968647355663366
Metrics:
  svhn_top1_accuracy: 0.9466235627388132
  svhn_top5_accuracy: 0.9925915948275862

2024-02-22 21:26:04,817 - INFO - Epoch 40/160
2024-02-22 21:26:14,500 - INFO - Train Stats
Loss:
  total: 0.11837834501350226
Metrics:
  svhn_top1_accuracy: 0.9665394864341085
  svhn_top5_accuracy: 0.9978197674418605

2024-02-22 21:26:15,040 - INFO - Validation Stats
Loss:
  total: 0.18706390531412487
Metrics:
  svhn_top1_accuracy: 0.950125717911227
  svhn_top5_accuracy: 0.9939385775862069

2024-02-22 21:26:15,040 - INFO - Epoch 41/160
2024-02-22 21:26:24,308 - INFO - Train Stats
Loss:
  total: 0.11377368053031522
Metrics:
  svhn_top1_accuracy: 0.9669744318076806
  svhn_top5_accuracy: 0.9976380813953488

2024-02-22 21:26:25,805 - INFO - Validation Stats
Loss:
  total: 0.20305846618681117
Metrics:
  svhn_top1_accuracy: 0.944198993773296
  svhn_top5_accuracy: 0.9939385775862069

2024-02-22 21:26:25,805 - INFO - Epoch 42/160
2024-02-22 21:26:35,231 - INFO - Train Stats
Loss:
  total: 0.11466279082982116
Metrics:
  svhn_top1_accuracy: 0.9671203312716743
  svhn_top5_accuracy: 0.9979106104651163

2024-02-22 21:26:35,783 - INFO - Validation Stats
Loss:
  total: 0.19138043585779338
Metrics:
  svhn_top1_accuracy: 0.9472252151061749
  svhn_top5_accuracy: 0.9936691810344828

2024-02-22 21:26:35,783 - INFO - Epoch 43/160
2024-02-22 21:26:45,678 - INFO - Train Stats
Loss:
  total: 0.1137017439942547
Metrics:
  svhn_top1_accuracy: 0.9674933381782945
  svhn_top5_accuracy: 0.9978349079457365

2024-02-22 21:26:46,206 - INFO - Validation Stats
Loss:
  total: 0.17807545320227228
Metrics:
  svhn_top1_accuracy: 0.9506645110146753
  svhn_top5_accuracy: 0.9952855603448276

2024-02-22 21:26:46,207 - INFO - Epoch 44/160
2024-02-22 21:26:55,852 - INFO - Train Stats
Loss:
  total: 0.11326917276046304
Metrics:
  svhn_top1_accuracy: 0.9679227779771007
  svhn_top5_accuracy: 0.9981225775193798

2024-02-22 21:26:56,365 - INFO - Validation Stats
Loss:
  total: 0.20483871356680475
Metrics:
  svhn_top1_accuracy: 0.9406968386008822
  svhn_top5_accuracy: 0.9927262931034483

2024-02-22 21:26:56,365 - INFO - Epoch 45/160
2024-02-22 21:27:05,789 - INFO - Train Stats
Loss:
  total: 0.11425996884024998
Metrics:
  svhn_top1_accuracy: 0.967241455302682
  svhn_top5_accuracy: 0.9977289244186046

2024-02-22 21:27:08,885 - INFO - Validation Stats
Loss:
  total: 0.1841299646887286
Metrics:
  svhn_top1_accuracy: 0.9514727006698477
  svhn_top5_accuracy: 0.9946120689655172

2024-02-22 21:27:08,886 - INFO - Epoch 46/160
2024-02-22 21:27:26,658 - INFO - Train Stats
Loss:
  total: 0.1104365671017431
Metrics:
  svhn_top1_accuracy: 0.9676653894112092
  svhn_top5_accuracy: 0.9978349079457365

2024-02-22 21:27:29,620 - INFO - Validation Stats
Loss:
  total: 0.18488512239579497
Metrics:
  svhn_top1_accuracy: 0.9486799568965517
  svhn_top5_accuracy: 0.994207974137931

2024-02-22 21:27:29,620 - INFO - Epoch 47/160
2024-02-22 21:27:52,670 - INFO - Train Stats
Loss:
  total: 0.11033732594756135
Metrics:
  svhn_top1_accuracy: 0.9685380329457365
  svhn_top5_accuracy: 0.998062015503876

2024-02-22 21:27:53,287 - INFO - Validation Stats
Loss:
  total: 0.18098926916718483
Metrics:
  svhn_top1_accuracy: 0.9529184627121893
  svhn_top5_accuracy: 0.9946120689655172

2024-02-22 21:27:53,288 - INFO - Epoch 48/160
2024-02-22 21:28:02,758 - INFO - Train Stats
Loss:
  total: 0.10594045551667033
Metrics:
  svhn_top1_accuracy: 0.969714863009231
  svhn_top5_accuracy: 0.998031734496124

2024-02-22 21:28:03,321 - INFO - Validation Stats
Loss:
  total: 0.2161125294093428
Metrics:
  svhn_top1_accuracy: 0.9424479161870891
  svhn_top5_accuracy: 0.994207974137931

2024-02-22 21:28:03,322 - INFO - Epoch 49/160
2024-02-22 21:28:12,937 - INFO - Train Stats
Loss:
  total: 0.11356685090405766
Metrics:
  svhn_top1_accuracy: 0.967796148255814
  svhn_top5_accuracy: 0.9980771560077519

2024-02-22 21:28:13,470 - INFO - Validation Stats
Loss:
  total: 0.1776202042940362
Metrics:
  svhn_top1_accuracy: 0.9514727006698477
  svhn_top5_accuracy: 0.9943426724137931

2024-02-22 21:28:13,470 - INFO - Epoch 50/160
2024-02-22 21:28:22,971 - INFO - Train Stats
Loss:
  total: 0.10437694269542892
Metrics:
  svhn_top1_accuracy: 0.9695125308840774
  svhn_top5_accuracy: 0.9983496850775194

2024-02-22 21:28:23,496 - INFO - Validation Stats
Loss:
  total: 0.20251962394806847
Metrics:
  svhn_top1_accuracy: 0.9463541661870891
  svhn_top5_accuracy: 0.994073275862069

2024-02-22 21:28:23,496 - INFO - Epoch 51/160
2024-02-22 21:28:33,245 - INFO - Train Stats
Loss:
  total: 0.10969641462849207
Metrics:
  svhn_top1_accuracy: 0.9684169089147286
  svhn_top5_accuracy: 0.9983496850775194

2024-02-22 21:28:34,362 - INFO - Validation Stats
Loss:
  total: 0.18137665606778244
Metrics:
  svhn_top1_accuracy: 0.9518767954974339
  svhn_top5_accuracy: 0.9948814655172413

2024-02-22 21:28:34,363 - INFO - Epoch 52/160
2024-02-22 21:28:57,165 - INFO - Train Stats
Loss:
  total: 0.10310930096681496
Metrics:
  svhn_top1_accuracy: 0.9703397529069767
  svhn_top5_accuracy: 0.9983648255813954

2024-02-22 21:29:00,161 - INFO - Validation Stats
Loss:
  total: 0.18340464694232778
Metrics:
  svhn_top1_accuracy: 0.9510686058422615
  svhn_top5_accuracy: 0.9948814655172413

2024-02-22 21:29:00,161 - INFO - Epoch 53/160
2024-02-22 21:29:23,085 - INFO - Train Stats
Loss:
  total: 0.10285873154120505
Metrics:
  svhn_top1_accuracy: 0.9707898387844248
  svhn_top5_accuracy: 0.9984708091085271

2024-02-22 21:29:24,116 - INFO - Validation Stats
Loss:
  total: 0.21095370777465147
Metrics:
  svhn_top1_accuracy: 0.9424838362068966
  svhn_top5_accuracy: 0.9938038793103449

2024-02-22 21:29:24,117 - INFO - Epoch 54/160
2024-02-22 21:29:34,325 - INFO - Train Stats
Loss:
  total: 0.10762201793592914
Metrics:
  svhn_top1_accuracy: 0.9685834544573644
  svhn_top5_accuracy: 0.9982134205426356

2024-02-22 21:29:37,139 - INFO - Validation Stats
Loss:
  total: 0.18563495223121396
Metrics:
  svhn_top1_accuracy: 0.948473419608741
  svhn_top5_accuracy: 0.9950161637931034

2024-02-22 21:29:37,139 - INFO - Epoch 55/160
2024-02-22 21:29:47,180 - INFO - Train Stats
Loss:
  total: 0.09993282658798808
Metrics:
  svhn_top1_accuracy: 0.9715207122093024
  svhn_top5_accuracy: 0.9984102470930233

2024-02-22 21:29:47,708 - INFO - Validation Stats
Loss:
  total: 0.1762398631022922
Metrics:
  svhn_top1_accuracy: 0.954031967911227
  svhn_top5_accuracy: 0.9944773706896551

2024-02-22 21:29:47,708 - INFO - Epoch 56/160
2024-02-22 21:29:56,896 - INFO - Train Stats
Loss:
  total: 0.10045432338902596
Metrics:
  svhn_top1_accuracy: 0.9712234078220618
  svhn_top5_accuracy: 0.9984859496124031

2024-02-22 21:29:57,442 - INFO - Validation Stats
Loss:
  total: 0.18285004794597626
Metrics:
  svhn_top1_accuracy: 0.9512033041181236
  svhn_top5_accuracy: 0.9948814655172413

2024-02-22 21:29:57,443 - INFO - Epoch 57/160
2024-02-22 21:30:07,149 - INFO - Train Stats
Loss:
  total: 0.09986294520831154
Metrics:
  svhn_top1_accuracy: 0.9709261033193085
  svhn_top5_accuracy: 0.998516230620155

2024-02-22 21:30:08,006 - INFO - Validation Stats
Loss:
  total: 0.1992595706391951
Metrics:
  svhn_top1_accuracy: 0.9459500713595028
  svhn_top5_accuracy: 0.994207974137931

2024-02-22 21:30:08,006 - INFO - Epoch 58/160
2024-02-22 21:30:17,300 - INFO - Train Stats
Loss:
  total: 0.10472827877979292
Metrics:
  svhn_top1_accuracy: 0.9693859011627907
  svhn_top5_accuracy: 0.9983345445736435

2024-02-22 21:30:20,118 - INFO - Validation Stats
Loss:
  total: 0.17207085713744164
Metrics:
  svhn_top1_accuracy: 0.9536278730836408
  svhn_top5_accuracy: 0.9951508620689655

2024-02-22 21:30:20,152 - INFO - Epoch 59/160
2024-02-22 21:30:29,832 - INFO - Train Stats
Loss:
  total: 0.09569108831631236
Metrics:
  svhn_top1_accuracy: 0.9730650436046512
  svhn_top5_accuracy: 0.9984405281007752

2024-02-22 21:30:32,811 - INFO - Validation Stats
Loss:
  total: 0.18081038875569558
Metrics:
  svhn_top1_accuracy: 0.9537625713595028
  svhn_top5_accuracy: 0.994073275862069

2024-02-22 21:30:32,811 - INFO - Epoch 60/160
2024-02-22 21:30:42,318 - INFO - Train Stats
Loss:
  total: 0.09825220558604644
Metrics:
  svhn_top1_accuracy: 0.9714353748763255
  svhn_top5_accuracy: 0.998546511627907

2024-02-22 21:30:42,869 - INFO - Validation Stats
Loss:
  total: 0.19647062903848186
Metrics:
  svhn_top1_accuracy: 0.9466235627388132
  svhn_top5_accuracy: 0.9929956896551724

2024-02-22 21:30:42,899 - INFO - Epoch 61/160
2024-02-22 21:30:52,555 - INFO - Train Stats
Loss:
  total: 0.10111044137919134
Metrics:
  svhn_top1_accuracy: 0.9710720027833022
  svhn_top5_accuracy: 0.9985919331395349

2024-02-22 21:30:55,463 - INFO - Validation Stats
Loss:
  total: 0.17837565841859784
Metrics:
  svhn_top1_accuracy: 0.954031967911227
  svhn_top5_accuracy: 0.994073275862069

2024-02-22 21:30:55,464 - INFO - Epoch 62/160
2024-02-22 21:31:18,541 - INFO - Train Stats
Loss:
  total: 0.099803159962762
Metrics:
  svhn_top1_accuracy: 0.9715716394112092
  svhn_top5_accuracy: 0.9983799660852714

2024-02-22 21:31:21,614 - INFO - Validation Stats
Loss:
  total: 0.19799859969523445
Metrics:
  svhn_top1_accuracy: 0.946722342022534
  svhn_top5_accuracy: 0.9932650862068966

2024-02-22 21:31:21,614 - INFO - Epoch 63/160
2024-02-22 21:31:31,263 - INFO - Train Stats
Loss:
  total: 0.09786012527070824
Metrics:
  svhn_top1_accuracy: 0.9712784641472868
  svhn_top5_accuracy: 0.9985919331395349

2024-02-22 21:31:32,243 - INFO - Validation Stats
Loss:
  total: 0.1847987801221938
Metrics:
  svhn_top1_accuracy: 0.9512033041181236
  svhn_top5_accuracy: 0.9948814655172413

2024-02-22 21:31:32,243 - INFO - Epoch 64/160
2024-02-22 21:31:41,704 - INFO - Train Stats
Loss:
  total: 0.09668179065017968
Metrics:
  svhn_top1_accuracy: 0.9722928779069767
  svhn_top5_accuracy: 0.998531371124031

2024-02-22 21:31:42,288 - INFO - Validation Stats
Loss:
  total: 0.19386834484235993
Metrics:
  svhn_top1_accuracy: 0.947198275862069
  svhn_top5_accuracy: 0.9943426724137931

2024-02-22 21:31:42,289 - INFO - Epoch 65/160
2024-02-22 21:31:51,853 - INFO - Train Stats
Loss:
  total: 0.09410586027616216
Metrics:
  svhn_top1_accuracy: 0.9723988614341085
  svhn_top5_accuracy: 0.9986373546511628

2024-02-22 21:31:52,403 - INFO - Validation Stats
Loss:
  total: 0.19882674117026658
Metrics:
  svhn_top1_accuracy: 0.9459500713595028
  svhn_top5_accuracy: 0.9938038793103449

2024-02-22 21:31:52,403 - INFO - Epoch 66/160
2024-02-22 21:32:02,071 - INFO - Train Stats
Loss:
  total: 0.09615814693763043
Metrics:
  svhn_top1_accuracy: 0.972167624637138
  svhn_top5_accuracy: 0.998546511627907

2024-02-22 21:32:02,601 - INFO - Validation Stats
Loss:
  total: 0.20209911979477982
Metrics:
  svhn_top1_accuracy: 0.9479346265052927
  svhn_top5_accuracy: 0.9928609913793104

2024-02-22 21:32:02,601 - INFO - Epoch 67/160
2024-02-22 21:32:12,175 - INFO - Train Stats
Loss:
  total: 0.09863143862232335
Metrics:
  svhn_top1_accuracy: 0.9708146142174107
  svhn_top5_accuracy: 0.9985010901162791

2024-02-22 21:32:12,971 - INFO - Validation Stats
Loss:
  total: 0.1887996866014497
Metrics:
  svhn_top1_accuracy: 0.9486440368767443
  svhn_top5_accuracy: 0.9936691810344828

2024-02-22 21:32:12,971 - INFO - Epoch 68/160
2024-02-22 21:32:25,192 - INFO - Train Stats
Loss:
  total: 0.095878282679216
Metrics:
  svhn_top1_accuracy: 0.9720313601022543
  svhn_top5_accuracy: 0.9986979166666666

2024-02-22 21:32:28,108 - INFO - Validation Stats
Loss:
  total: 0.18460478903404598
Metrics:
  svhn_top1_accuracy: 0.9521461920491581
  svhn_top5_accuracy: 0.9948814655172413

2024-02-22 21:32:28,108 - INFO - Epoch 69/160
2024-02-22 21:32:51,383 - INFO - Train Stats
Loss:
  total: 0.09564034037414736
Metrics:
  svhn_top1_accuracy: 0.9721111918604651
  svhn_top5_accuracy: 0.9988796027131783

2024-02-22 21:32:52,857 - INFO - Validation Stats
Loss:
  total: 0.20016203865665813
Metrics:
  svhn_top1_accuracy: 0.9469917385742582
  svhn_top5_accuracy: 0.9928609913793104

2024-02-22 21:32:52,858 - INFO - Epoch 70/160
2024-02-22 21:33:02,708 - INFO - Train Stats
Loss:
  total: 0.09590502466840395
Metrics:
  svhn_top1_accuracy: 0.9715771449859752
  svhn_top5_accuracy: 0.9987584786821705

2024-02-22 21:33:03,249 - INFO - Validation Stats
Loss:
  total: 0.2645618260420602
Metrics:
  svhn_top1_accuracy: 0.9279992816777065
  svhn_top5_accuracy: 0.9917474851526064

2024-02-22 21:33:03,249 - INFO - Epoch 71/160
2024-02-22 21:33:12,532 - INFO - Train Stats
Loss:
  total: 0.10478059448077987
Metrics:
  svhn_top1_accuracy: 0.9698249757751938
  svhn_top5_accuracy: 0.9984253875968992

2024-02-22 21:33:13,093 - INFO - Validation Stats
Loss:
  total: 0.1734406280748803
Metrics:
  svhn_top1_accuracy: 0.9551095541181236
  svhn_top5_accuracy: 0.9951508620689655

2024-02-22 21:33:13,093 - INFO - Epoch 72/160
2024-02-22 21:33:22,477 - INFO - Train Stats
Loss:
  total: 0.09506800125692358
Metrics:
  svhn_top1_accuracy: 0.9725007157224094
  svhn_top5_accuracy: 0.9988039001937985

2024-02-22 21:33:25,509 - INFO - Validation Stats
Loss:
  total: 0.19785089521058674
Metrics:
  svhn_top1_accuracy: 0.9463541661870891
  svhn_top5_accuracy: 0.9935344827586207

2024-02-22 21:33:25,509 - INFO - Epoch 73/160
2024-02-22 21:33:35,452 - INFO - Train Stats
Loss:
  total: 0.09874289474529467
Metrics:
  svhn_top1_accuracy: 0.9711270591085271
  svhn_top5_accuracy: 0.9988039001937985

2024-02-22 21:33:38,656 - INFO - Validation Stats
Loss:
  total: 0.1850227030829109
Metrics:
  svhn_top1_accuracy: 0.9514727006698477
  svhn_top5_accuracy: 0.994207974137931

2024-02-22 21:33:38,657 - INFO - Epoch 74/160
2024-02-22 21:34:01,988 - INFO - Train Stats
Loss:
  total: 0.0903152232094444
Metrics:
  svhn_top1_accuracy: 0.9741303845662479
  svhn_top5_accuracy: 0.9989250242248062

2024-02-22 21:34:04,562 - INFO - Validation Stats
Loss:
  total: 0.2045194903581307
Metrics:
  svhn_top1_accuracy: 0.9459500713595028
  svhn_top5_accuracy: 0.9929956896551724

2024-02-22 21:34:04,562 - INFO - Epoch 75/160
2024-02-22 21:34:27,426 - INFO - Train Stats
Loss:
  total: 0.09494843486472676
Metrics:
  svhn_top1_accuracy: 0.9724594234496124
  svhn_top5_accuracy: 0.9989250242248062

2024-02-22 21:34:29,304 - INFO - Validation Stats
Loss:
  total: 0.182113082501395
Metrics:
  svhn_top1_accuracy: 0.9533584765319166
  svhn_top5_accuracy: 0.9944773706896551

2024-02-22 21:34:29,304 - INFO - Epoch 76/160
2024-02-22 21:34:38,756 - INFO - Train Stats
Loss:
  total: 0.08956682972082969
Metrics:
  svhn_top1_accuracy: 0.9737972934809767
  svhn_top5_accuracy: 0.9986979166666666

2024-02-22 21:34:39,310 - INFO - Validation Stats
Loss:
  total: 0.21945263297650322
Metrics:
  svhn_top1_accuracy: 0.9433908041181236
  svhn_top5_accuracy: 0.9929956896551724

2024-02-22 21:34:39,311 - INFO - Epoch 77/160
2024-02-22 21:34:49,525 - INFO - Train Stats
Loss:
  total: 0.0941145232690917
Metrics:
  svhn_top1_accuracy: 0.9721263323643411
  svhn_top5_accuracy: 0.9988190406976745

2024-02-22 21:34:50,807 - INFO - Validation Stats
Loss:
  total: 0.17240380906853184
Metrics:
  svhn_top1_accuracy: 0.9557830454974339
  svhn_top5_accuracy: 0.9954202586206896

2024-02-22 21:34:50,808 - INFO - Epoch 78/160
2024-02-22 21:35:07,981 - INFO - Train Stats
Loss:
  total: 0.09029322767507487
Metrics:
  svhn_top1_accuracy: 0.9733678536821705
  svhn_top5_accuracy: 0.9990915697674418

2024-02-22 21:35:10,354 - INFO - Validation Stats
Loss:
  total: 0.19623321847155176
Metrics:
  svhn_top1_accuracy: 0.9489134334284683
  svhn_top5_accuracy: 0.9936691810344828

2024-02-22 21:35:10,354 - INFO - Epoch 79/160
2024-02-22 21:35:34,469 - INFO - Train Stats
Loss:
  total: 0.0881819651343015
Metrics:
  svhn_top1_accuracy: 0.9742212275895037
  svhn_top5_accuracy: 0.999031007751938

2024-02-22 21:35:38,007 - INFO - Validation Stats
Loss:
  total: 0.1937970470251708
Metrics:
  svhn_top1_accuracy: 0.9485093386008822
  svhn_top5_accuracy: 0.9943426724137931

2024-02-22 21:35:38,007 - INFO - Epoch 80/160
2024-02-22 21:36:00,227 - INFO - Train Stats
Loss:
  total: 0.09110320046861735
Metrics:
  svhn_top1_accuracy: 0.973155886627907
  svhn_top5_accuracy: 0.9989401647286822

2024-02-22 21:36:01,790 - INFO - Validation Stats
Loss:
  total: 0.19389504496136617
Metrics:
  svhn_top1_accuracy: 0.9502963362068966
  svhn_top5_accuracy: 0.9936691810344828

2024-02-22 21:36:01,790 - INFO - Epoch 81/160
2024-02-22 21:36:14,188 - INFO - Train Stats
Loss:
  total: 0.05858211769350595
Metrics:
  svhn_top1_accuracy: 0.9837900260391161
  svhn_top5_accuracy: 0.999515503875969

2024-02-22 21:36:17,026 - INFO - Validation Stats
Loss:
  total: 0.16684177537159672
Metrics:
  svhn_top1_accuracy: 0.9591505023939856
  svhn_top5_accuracy: 0.9951508620689655

2024-02-22 21:36:17,056 - INFO - Epoch 82/160
2024-02-22 21:36:26,890 - INFO - Train Stats
Loss:
  total: 0.04592505944603982
Metrics:
  svhn_top1_accuracy: 0.9873026229383409
  svhn_top5_accuracy: 0.9996366279069767

2024-02-22 21:36:29,538 - INFO - Validation Stats
Loss:
  total: 0.16877398505036173
Metrics:
  svhn_top1_accuracy: 0.9595905172413793
  svhn_top5_accuracy: 0.9952855603448276

2024-02-22 21:36:29,539 - INFO - Epoch 83/160
2024-02-22 21:36:38,899 - INFO - Train Stats
Loss:
  total: 0.0422784862263749
Metrics:
  svhn_top1_accuracy: 0.9887065605599751
  svhn_top5_accuracy: 0.9996366279069767

2024-02-22 21:36:41,845 - INFO - Validation Stats
Loss:
  total: 0.16922761316828686
Metrics:
  svhn_top1_accuracy: 0.9599946120689655
  svhn_top5_accuracy: 0.9948814655172413

2024-02-22 21:36:41,845 - INFO - Epoch 84/160
2024-02-22 21:36:51,141 - INFO - Train Stats
Loss:
  total: 0.03920795113054039
Metrics:
  svhn_top1_accuracy: 0.9899769864341085
  svhn_top5_accuracy: 0.9997426114341085

2024-02-22 21:36:51,889 - INFO - Validation Stats
Loss:
  total: 0.1701746429798418
Metrics:
  svhn_top1_accuracy: 0.9602640086206896
  svhn_top5_accuracy: 0.9948814655172413

2024-02-22 21:36:51,890 - INFO - Epoch 85/160
2024-02-22 21:37:15,118 - INFO - Train Stats
Loss:
  total: 0.035588347320553174
Metrics:
  svhn_top1_accuracy: 0.9908551356589147
  svhn_top5_accuracy: 0.9998183139534884

2024-02-22 21:37:16,730 - INFO - Validation Stats
Loss:
  total: 0.17006320095267788
Metrics:
  svhn_top1_accuracy: 0.9595545972215718
  svhn_top5_accuracy: 0.9946120689655172

2024-02-22 21:37:16,730 - INFO - Epoch 86/160
2024-02-22 21:37:26,667 - INFO - Train Stats
Loss:
  total: 0.03353059545336219
Metrics:
  svhn_top1_accuracy: 0.991188226744186
  svhn_top5_accuracy: 0.9997274709302325

2024-02-22 21:37:29,830 - INFO - Validation Stats
Loss:
  total: 0.17251554799490962
Metrics:
  svhn_top1_accuracy: 0.9594558189655172
  svhn_top5_accuracy: 0.9948814655172413

2024-02-22 21:37:29,830 - INFO - Epoch 87/160
2024-02-22 21:37:39,703 - INFO - Train Stats
Loss:
  total: 0.03245261509617603
Metrics:
  svhn_top1_accuracy: 0.9914456153100775
  svhn_top5_accuracy: 0.9998183139534884

2024-02-22 21:37:42,416 - INFO - Validation Stats
Loss:
  total: 0.1757924073729022
Metrics:
  svhn_top1_accuracy: 0.959051724137931
  svhn_top5_accuracy: 0.9946120689655172

2024-02-22 21:37:42,416 - INFO - Epoch 88/160
2024-02-22 21:38:04,977 - INFO - Train Stats
Loss:
  total: 0.03018130089585893
Metrics:
  svhn_top1_accuracy: 0.9922480620155039
  svhn_top5_accuracy: 0.9998788759689923

2024-02-22 21:38:07,707 - INFO - Validation Stats
Loss:
  total: 0.17590649030974198
Metrics:
  svhn_top1_accuracy: 0.9591864224137931
  svhn_top5_accuracy: 0.9948814655172413

2024-02-22 21:38:07,707 - INFO - Epoch 89/160
2024-02-22 21:38:30,726 - INFO - Train Stats
Loss:
  total: 0.03140326156172642
Metrics:
  svhn_top1_accuracy: 0.9919507576282635
  svhn_top5_accuracy: 0.9997329766205115

2024-02-22 21:38:33,707 - INFO - Validation Stats
Loss:
  total: 0.177625786673663
Metrics:
  svhn_top1_accuracy: 0.9594558189655172
  svhn_top5_accuracy: 0.9950161637931034

2024-02-22 21:38:33,707 - INFO - Epoch 90/160
2024-02-22 21:38:53,979 - INFO - Train Stats
Loss:
  total: 0.029813559744831953
Metrics:
  svhn_top1_accuracy: 0.9924903100775194
  svhn_top5_accuracy: 0.9998334544573644

2024-02-22 21:38:56,618 - INFO - Validation Stats
Loss:
  total: 0.17871343280220853
Metrics:
  svhn_top1_accuracy: 0.9594198989457098
  svhn_top5_accuracy: 0.9951508620689655

2024-02-22 21:38:56,673 - INFO - Epoch 91/160
2024-02-22 21:39:06,112 - INFO - Train Stats
Loss:
  total: 0.027941355837306888
Metrics:
  svhn_top1_accuracy: 0.9927380638298138
  svhn_top5_accuracy: 0.9998940164728682

2024-02-22 21:39:09,109 - INFO - Validation Stats
Loss:
  total: 0.18415592456686086
Metrics:
  svhn_top1_accuracy: 0.9598599137931034
  svhn_top5_accuracy: 0.9951508620689655

2024-02-22 21:39:09,109 - INFO - Epoch 92/160
2024-02-22 21:39:18,840 - INFO - Train Stats
Loss:
  total: 0.027993084881328362
Metrics:
  svhn_top1_accuracy: 0.9927683448375657
  svhn_top5_accuracy: 0.9998637354651163

2024-02-22 21:39:19,403 - INFO - Validation Stats
Loss:
  total: 0.1797215599117094
Metrics:
  svhn_top1_accuracy: 0.9601293103448276
  svhn_top5_accuracy: 0.9947467672413793

2024-02-22 21:39:19,403 - INFO - Epoch 93/160
2024-02-22 21:39:28,763 - INFO - Train Stats
Loss:
  total: 0.027358823438723708
Metrics:
  svhn_top1_accuracy: 0.9928894688685735
  svhn_top5_accuracy: 0.9997880329457365

2024-02-22 21:39:30,188 - INFO - Validation Stats
Loss:
  total: 0.18245645760205284
Metrics:
  svhn_top1_accuracy: 0.9584770110146753
  svhn_top5_accuracy: 0.9946120689655172

2024-02-22 21:39:30,188 - INFO - Epoch 94/160
2024-02-22 21:39:39,509 - INFO - Train Stats
Loss:
  total: 0.026269967443501043
Metrics:
  svhn_top1_accuracy: 0.9932321947674418
  svhn_top5_accuracy: 0.9998940164728682

2024-02-22 21:39:40,024 - INFO - Validation Stats
Loss:
  total: 0.18315578611760303
Metrics:
  svhn_top1_accuracy: 0.9599946120689655
  svhn_top5_accuracy: 0.9946120689655172

2024-02-22 21:39:40,024 - INFO - Epoch 95/160
2024-02-22 21:39:49,707 - INFO - Train Stats
Loss:
  total: 0.024574220150279588
Metrics:
  svhn_top1_accuracy: 0.9940952034883721
  svhn_top5_accuracy: 0.9999242974806202

2024-02-22 21:39:50,286 - INFO - Validation Stats
Loss:
  total: 0.1851816143647864
Metrics:
  svhn_top1_accuracy: 0.9584770110146753
  svhn_top5_accuracy: 0.9950161637931034

2024-02-22 21:39:50,287 - INFO - Epoch 96/160
2024-02-22 21:40:03,362 - INFO - Train Stats
Loss:
  total: 0.024862830217137154
Metrics:
  svhn_top1_accuracy: 0.9935955668604651
  svhn_top5_accuracy: 0.9998788759689923

2024-02-22 21:40:04,295 - INFO - Validation Stats
Loss:
  total: 0.18329359841500892
Metrics:
  svhn_top1_accuracy: 0.9613415948275862
  svhn_top5_accuracy: 0.9950161637931034

2024-02-22 21:40:04,295 - INFO - Epoch 97/160
2024-02-22 21:40:13,694 - INFO - Train Stats
Loss:
  total: 0.023112744694871668
Metrics:
  svhn_top1_accuracy: 0.9943525920542635
  svhn_top5_accuracy: 0.9999091569767442

2024-02-22 21:40:14,215 - INFO - Validation Stats
Loss:
  total: 0.18654458168572907
Metrics:
  svhn_top1_accuracy: 0.9595545972215718
  svhn_top5_accuracy: 0.9950161637931034

2024-02-22 21:40:14,216 - INFO - Epoch 98/160
2024-02-22 21:40:23,884 - INFO - Train Stats
Loss:
  total: 0.022766492353001423
Metrics:
  svhn_top1_accuracy: 0.9939286579457365
  svhn_top5_accuracy: 0.9999394379844961

2024-02-22 21:40:24,441 - INFO - Validation Stats
Loss:
  total: 0.18492699189689651
Metrics:
  svhn_top1_accuracy: 0.9592852006698477
  svhn_top5_accuracy: 0.9946120689655172

2024-02-22 21:40:24,441 - INFO - Epoch 99/160
2024-02-22 21:40:33,792 - INFO - Train Stats
Loss:
  total: 0.02301377421759372
Metrics:
  svhn_top1_accuracy: 0.9938226744186046
  svhn_top5_accuracy: 0.9999394379844961

2024-02-22 21:40:34,554 - INFO - Validation Stats
Loss:
  total: 0.18841609137196993
Metrics:
  svhn_top1_accuracy: 0.9584770110146753
  svhn_top5_accuracy: 0.9952855603448276

2024-02-22 21:40:34,554 - INFO - Epoch 100/160
2024-02-22 21:40:58,610 - INFO - Train Stats
Loss:
  total: 0.02189285133680141
Metrics:
  svhn_top1_accuracy: 0.9946705426356589
  svhn_top5_accuracy: 0.9999242974806202

2024-02-22 21:41:01,510 - INFO - Validation Stats
Loss:
  total: 0.18805147195234895
Metrics:
  svhn_top1_accuracy: 0.9584770110146753
  svhn_top5_accuracy: 0.9954202586206896

2024-02-22 21:41:01,511 - INFO - Epoch 101/160
2024-02-22 21:41:11,126 - INFO - Train Stats
Loss:
  total: 0.02255520301639976
Metrics:
  svhn_top1_accuracy: 0.9940497819767442
  svhn_top5_accuracy: 0.9999242974806202

2024-02-22 21:41:12,763 - INFO - Validation Stats
Loss:
  total: 0.18666892588652415
Metrics:
  svhn_top1_accuracy: 0.9602640086206896
  svhn_top5_accuracy: 0.9951508620689655

2024-02-22 21:41:12,764 - INFO - Epoch 102/160
2024-02-22 21:41:36,625 - INFO - Train Stats
Loss:
  total: 0.021236420511141735
Metrics:
  svhn_top1_accuracy: 0.9946554021317829
  svhn_top5_accuracy: 0.9999091569767442

2024-02-22 21:41:39,765 - INFO - Validation Stats
Loss:
  total: 0.18734298206480413
Metrics:
  svhn_top1_accuracy: 0.9604974851526064
  svhn_top5_accuracy: 0.9948814655172413

2024-02-22 21:41:39,765 - INFO - Epoch 103/160
2024-02-22 21:42:04,028 - INFO - Train Stats
Loss:
  total: 0.021921294422769674
Metrics:
  svhn_top1_accuracy: 0.9942617490310077
  svhn_top5_accuracy: 0.9999394379844961

2024-02-22 21:42:06,004 - INFO - Validation Stats
Loss:
  total: 0.19000276630937024
Metrics:
  svhn_top1_accuracy: 0.9597252155172413
  svhn_top5_accuracy: 0.9952855603448276

2024-02-22 21:42:06,005 - INFO - Epoch 104/160
2024-02-22 21:42:29,116 - INFO - Train Stats
Loss:
  total: 0.020524626739445873
Metrics:
  svhn_top1_accuracy: 0.9947159641472868
  svhn_top5_accuracy: 0.9999394379844961

2024-02-22 21:42:30,798 - INFO - Validation Stats
Loss:
  total: 0.1901248512500576
Metrics:
  svhn_top1_accuracy: 0.9603987068965517
  svhn_top5_accuracy: 0.9947467672413793

2024-02-22 21:42:30,799 - INFO - Epoch 105/160
2024-02-22 21:42:40,728 - INFO - Train Stats
Loss:
  total: 0.020299773371792867
Metrics:
  svhn_top1_accuracy: 0.9945246432871782
  svhn_top5_accuracy: 0.9999545784883721

2024-02-22 21:42:42,429 - INFO - Validation Stats
Loss:
  total: 0.18664648997244135
Metrics:
  svhn_top1_accuracy: 0.959823993773296
  svhn_top5_accuracy: 0.9950161637931034

2024-02-22 21:42:42,430 - INFO - Epoch 106/160
2024-02-22 21:42:56,387 - INFO - Train Stats
Loss:
  total: 0.019782156266124066
Metrics:
  svhn_top1_accuracy: 0.9946705426356589
  svhn_top5_accuracy: 0.9999242974806202

2024-02-22 21:42:58,566 - INFO - Validation Stats
Loss:
  total: 0.18846121374196534
Metrics:
  svhn_top1_accuracy: 0.9587464075663994
  svhn_top5_accuracy: 0.9946120689655172

2024-02-22 21:42:58,566 - INFO - Epoch 107/160
2024-02-22 21:43:18,259 - INFO - Train Stats
Loss:
  total: 0.01992952643962245
Metrics:
  svhn_top1_accuracy: 0.9948522286821705
  svhn_top5_accuracy: 0.9999697189922481

2024-02-22 21:43:19,071 - INFO - Validation Stats
Loss:
  total: 0.18788859214441017
Metrics:
  svhn_top1_accuracy: 0.9596892954974339
  svhn_top5_accuracy: 0.9943426724137931

2024-02-22 21:43:19,072 - INFO - Epoch 108/160
2024-02-22 21:43:29,087 - INFO - Train Stats
Loss:
  total: 0.019291233813729453
Metrics:
  svhn_top1_accuracy: 0.9949733527131783
  svhn_top5_accuracy: 0.9999697189922481

2024-02-22 21:43:30,626 - INFO - Validation Stats
Loss:
  total: 0.18943077321003737
Metrics:
  svhn_top1_accuracy: 0.9590158041181236
  svhn_top5_accuracy: 0.994073275862069

2024-02-22 21:43:30,626 - INFO - Epoch 109/160
2024-02-22 21:43:40,280 - INFO - Train Stats
Loss:
  total: 0.016946887537880345
Metrics:
  svhn_top1_accuracy: 0.9955638323643411
  svhn_top5_accuracy: 0.9999697189922481

2024-02-22 21:43:43,200 - INFO - Validation Stats
Loss:
  total: 0.18991410669645872
Metrics:
  svhn_top1_accuracy: 0.9602280886008822
  svhn_top5_accuracy: 0.9947467672413793

2024-02-22 21:43:43,200 - INFO - Epoch 110/160
2024-02-22 21:44:06,117 - INFO - Train Stats
Loss:
  total: 0.017461067102145577
Metrics:
  svhn_top1_accuracy: 0.9955486918604651
  svhn_top5_accuracy: 0.9999242974806202

2024-02-22 21:44:08,827 - INFO - Validation Stats
Loss:
  total: 0.19559989132565156
Metrics:
  svhn_top1_accuracy: 0.9587823275862069
  svhn_top5_accuracy: 0.9947467672413793

2024-02-22 21:44:08,828 - INFO - Epoch 111/160
2024-02-22 21:44:31,839 - INFO - Train Stats
Loss:
  total: 0.017709136137363406
Metrics:
  svhn_top1_accuracy: 0.9953064437984496
  svhn_top5_accuracy: 0.9999697189922481

2024-02-22 21:44:34,386 - INFO - Validation Stats
Loss:
  total: 0.19544096901242075
Metrics:
  svhn_top1_accuracy: 0.9608028017241379
  svhn_top5_accuracy: 0.9944773706896551

2024-02-22 21:44:34,387 - INFO - Epoch 112/160
2024-02-22 21:44:43,904 - INFO - Train Stats
Loss:
  total: 0.017453140383784826
Metrics:
  svhn_top1_accuracy: 0.9951853197674418
  svhn_top5_accuracy: 0.9999545784883721

2024-02-22 21:44:44,463 - INFO - Validation Stats
Loss:
  total: 0.19517159611307855
Metrics:
  svhn_top1_accuracy: 0.9584770110146753
  svhn_top5_accuracy: 0.9950161637931034

2024-02-22 21:44:44,463 - INFO - Epoch 113/160
2024-02-22 21:44:54,204 - INFO - Train Stats
Loss:
  total: 0.0170281249962119
Metrics:
  svhn_top1_accuracy: 0.9955032703488372
  svhn_top5_accuracy: 0.9999545784883721

2024-02-22 21:44:54,977 - INFO - Validation Stats
Loss:
  total: 0.19117920335125307
Metrics:
  svhn_top1_accuracy: 0.9594198989457098
  svhn_top5_accuracy: 0.9946120689655172

2024-02-22 21:44:54,978 - INFO - Epoch 114/160
2024-02-22 21:45:04,450 - INFO - Train Stats
Loss:
  total: 0.01644367754979189
Metrics:
  svhn_top1_accuracy: 0.9958817829457365
  svhn_top5_accuracy: 0.999984859496124

2024-02-22 21:45:04,997 - INFO - Validation Stats
Loss:
  total: 0.1950570986734639
Metrics:
  svhn_top1_accuracy: 0.9603987068965517
  svhn_top5_accuracy: 0.994073275862069

2024-02-22 21:45:04,997 - INFO - Epoch 115/160
2024-02-22 21:45:14,344 - INFO - Train Stats
Loss:
  total: 0.017017932156599018
Metrics:
  svhn_top1_accuracy: 0.9953064437984496
  svhn_top5_accuracy: 0.9999394379844961

2024-02-22 21:45:14,949 - INFO - Validation Stats
Loss:
  total: 0.19201960430705342
Metrics:
  svhn_top1_accuracy: 0.9598599137931034
  svhn_top5_accuracy: 0.9951508620689655

2024-02-22 21:45:14,949 - INFO - Epoch 116/160
2024-02-22 21:45:24,995 - INFO - Train Stats
Loss:
  total: 0.016360965695470398
Metrics:
  svhn_top1_accuracy: 0.9957909399224806
  svhn_top5_accuracy: 0.9999697189922481

2024-02-22 21:45:27,947 - INFO - Validation Stats
Loss:
  total: 0.1961819351458087
Metrics:
  svhn_top1_accuracy: 0.9603987068965517
  svhn_top5_accuracy: 0.9944773706896551

2024-02-22 21:45:27,947 - INFO - Epoch 117/160
2024-02-22 21:45:43,409 - INFO - Train Stats
Loss:
  total: 0.0173409315910869
Metrics:
  svhn_top1_accuracy: 0.9952665279771007
  svhn_top5_accuracy: 0.999984859496124

2024-02-22 21:45:46,092 - INFO - Validation Stats
Loss:
  total: 0.1958814083983929
Metrics:
  svhn_top1_accuracy: 0.9598599137931034
  svhn_top5_accuracy: 0.9946120689655172

2024-02-22 21:45:46,092 - INFO - Epoch 118/160
2024-02-22 21:46:09,017 - INFO - Train Stats
Loss:
  total: 0.015950728742073674
Metrics:
  svhn_top1_accuracy: 0.9959120639534884
  svhn_top5_accuracy: 0.9999697189922481

2024-02-22 21:46:10,572 - INFO - Validation Stats
Loss:
  total: 0.19348428115762514
Metrics:
  svhn_top1_accuracy: 0.9600933903250201
  svhn_top5_accuracy: 0.994207974137931

2024-02-22 21:46:10,572 - INFO - Epoch 119/160
2024-02-22 21:46:33,776 - INFO - Train Stats
Loss:
  total: 0.015166667687107427
Metrics:
  svhn_top1_accuracy: 0.9962148740310077
  svhn_top5_accuracy: 0.999984859496124

2024-02-22 21:46:34,394 - INFO - Validation Stats
Loss:
  total: 0.19499975500692582
Metrics:
  svhn_top1_accuracy: 0.9602640086206896
  svhn_top5_accuracy: 0.9936691810344828

2024-02-22 21:46:34,394 - INFO - Epoch 120/160
2024-02-22 21:46:55,914 - INFO - Train Stats
Loss:
  total: 0.01467321339233006
Metrics:
  svhn_top1_accuracy: 0.996078609496124
  svhn_top5_accuracy: 0.9999697189922481

2024-02-22 21:46:56,991 - INFO - Validation Stats
Loss:
  total: 0.19626006734525336
Metrics:
  svhn_top1_accuracy: 0.9587823275862069
  svhn_top5_accuracy: 0.9943426724137931

2024-02-22 21:46:57,026 - INFO - Epoch 121/160
2024-02-22 21:47:20,000 - INFO - Train Stats
Loss:
  total: 0.01426760235358239
Metrics:
  svhn_top1_accuracy: 0.9962754360465116
  svhn_top5_accuracy: 0.999984859496124

2024-02-22 21:47:22,417 - INFO - Validation Stats
Loss:
  total: 0.19638026862180438
Metrics:
  svhn_top1_accuracy: 0.9597252155172413
  svhn_top5_accuracy: 0.9944773706896551

2024-02-22 21:47:22,418 - INFO - Epoch 122/160
2024-02-22 21:47:44,948 - INFO - Train Stats
Loss:
  total: 0.013427645648927103
Metrics:
  svhn_top1_accuracy: 0.9967902131782945
  svhn_top5_accuracy: 0.999984859496124

2024-02-22 21:47:47,955 - INFO - Validation Stats
Loss:
  total: 0.198232666492976
Metrics:
  svhn_top1_accuracy: 0.9594198989457098
  svhn_top5_accuracy: 0.9943426724137931

2024-02-22 21:47:47,955 - INFO - Epoch 123/160
2024-02-22 21:47:57,622 - INFO - Train Stats
Loss:
  total: 0.014110462270792603
Metrics:
  svhn_top1_accuracy: 0.9962148740310077
  svhn_top5_accuracy: 0.999984859496124

2024-02-22 21:48:00,696 - INFO - Validation Stats
Loss:
  total: 0.1973740955300886
Metrics:
  svhn_top1_accuracy: 0.9598599137931034
  svhn_top5_accuracy: 0.994073275862069

2024-02-22 21:48:00,697 - INFO - Epoch 124/160
2024-02-22 21:48:12,295 - INFO - Train Stats
Loss:
  total: 0.013896537280024225
Metrics:
  svhn_top1_accuracy: 0.9965025436046512
  svhn_top5_accuracy: 0.9999697189922481

2024-02-22 21:48:14,776 - INFO - Validation Stats
Loss:
  total: 0.19592893521847396
Metrics:
  svhn_top1_accuracy: 0.9601293103448276
  svhn_top5_accuracy: 0.9944773706896551

2024-02-22 21:48:14,777 - INFO - Epoch 125/160
2024-02-22 21:48:38,485 - INFO - Train Stats
Loss:
  total: 0.013434007915698872
Metrics:
  svhn_top1_accuracy: 0.9965025436046512
  svhn_top5_accuracy: 0.9999697189922481

2024-02-22 21:48:41,117 - INFO - Validation Stats
Loss:
  total: 0.19661397069435696
Metrics:
  svhn_top1_accuracy: 0.9590158041181236
  svhn_top5_accuracy: 0.9943426724137931

2024-02-22 21:48:41,117 - INFO - Epoch 126/160
2024-02-22 21:49:03,633 - INFO - Train Stats
Loss:
  total: 0.013512150042684922
Metrics:
  svhn_top1_accuracy: 0.9965080492949301
  svhn_top5_accuracy: 0.9999697189922481

2024-02-22 21:49:04,259 - INFO - Validation Stats
Loss:
  total: 0.19536070894963783
Metrics:
  svhn_top1_accuracy: 0.9605334051724138
  svhn_top5_accuracy: 0.994073275862069

2024-02-22 21:49:04,259 - INFO - Epoch 127/160
2024-02-22 21:49:13,707 - INFO - Train Stats
Loss:
  total: 0.012791232922016968
Metrics:
  svhn_top1_accuracy: 0.9968053536821705
  svhn_top5_accuracy: 0.999984859496124

2024-02-22 21:49:14,267 - INFO - Validation Stats
Loss:
  total: 0.19775849302973728
Metrics:
  svhn_top1_accuracy: 0.9599946120689655
  svhn_top5_accuracy: 0.9939385775862069

2024-02-22 21:49:14,267 - INFO - Epoch 128/160
2024-02-22 21:49:36,863 - INFO - Train Stats
Loss:
  total: 0.012992714990387028
Metrics:
  svhn_top1_accuracy: 0.9967145106589147
  svhn_top5_accuracy: 0.9999545784883721

2024-02-22 21:49:39,843 - INFO - Validation Stats
Loss:
  total: 0.19563670628222413
Metrics:
  svhn_top1_accuracy: 0.9593211206896551
  svhn_top5_accuracy: 0.9948814655172413

2024-02-22 21:49:39,844 - INFO - Epoch 129/160
2024-02-22 21:49:49,574 - INFO - Train Stats
Loss:
  total: 0.012840433859775319
Metrics:
  svhn_top1_accuracy: 0.9968356346899225
  svhn_top5_accuracy: 0.999984859496124

2024-02-22 21:49:52,534 - INFO - Validation Stats
Loss:
  total: 0.1964808896440884
Metrics:
  svhn_top1_accuracy: 0.9596892954974339
  svhn_top5_accuracy: 0.994207974137931

2024-02-22 21:49:52,535 - INFO - Epoch 130/160
2024-02-22 21:50:15,621 - INFO - Train Stats
Loss:
  total: 0.012953724475692987
Metrics:
  svhn_top1_accuracy: 0.9968714213879534
  svhn_top5_accuracy: 0.999984859496124

2024-02-22 21:50:16,269 - INFO - Validation Stats
Loss:
  total: 0.1963545948202754
Metrics:
  svhn_top1_accuracy: 0.9602280886008822
  svhn_top5_accuracy: 0.9943426724137931

2024-02-22 21:50:16,269 - INFO - Epoch 131/160
2024-02-22 21:50:39,406 - INFO - Train Stats
Loss:
  total: 0.013060951926483766
Metrics:
  svhn_top1_accuracy: 0.9967296511627907
  svhn_top5_accuracy: 0.9999697189922481

2024-02-22 21:50:40,028 - INFO - Validation Stats
Loss:
  total: 0.19638836139748836
Metrics:
  svhn_top1_accuracy: 0.9613415948275862
  svhn_top5_accuracy: 0.994207974137931

2024-02-22 21:50:40,028 - INFO - Epoch 132/160
2024-02-22 21:50:49,837 - INFO - Train Stats
Loss:
  total: 0.012661684066907307
Metrics:
  svhn_top1_accuracy: 0.9966842296511628
  svhn_top5_accuracy: 0.999984859496124

2024-02-22 21:50:50,391 - INFO - Validation Stats
Loss:
  total: 0.19586991737114973
Metrics:
  svhn_top1_accuracy: 0.9600933903250201
  svhn_top5_accuracy: 0.994207974137931

2024-02-22 21:50:50,391 - INFO - Epoch 133/160
2024-02-22 21:50:59,448 - INFO - Train Stats
Loss:
  total: 0.012614642798064941
Metrics:
  svhn_top1_accuracy: 0.9969113372093024
  svhn_top5_accuracy: 0.9999697189922481

2024-02-22 21:51:00,023 - INFO - Validation Stats
Loss:
  total: 0.19589390796769796
Metrics:
  svhn_top1_accuracy: 0.9603627868767443
  svhn_top5_accuracy: 0.994073275862069

2024-02-22 21:51:00,023 - INFO - Epoch 134/160
2024-02-22 21:51:23,193 - INFO - Train Stats
Loss:
  total: 0.013434916759287043
Metrics:
  svhn_top1_accuracy: 0.996578246124031
  svhn_top5_accuracy: 0.999984859496124

2024-02-22 21:51:26,087 - INFO - Validation Stats
Loss:
  total: 0.19743308373566332
Metrics:
  svhn_top1_accuracy: 0.9599946120689655
  svhn_top5_accuracy: 0.9939385775862069

2024-02-22 21:51:26,088 - INFO - Epoch 135/160
2024-02-22 21:51:50,688 - INFO - Train Stats
Loss:
  total: 0.012208816084817643
Metrics:
  svhn_top1_accuracy: 0.9970021802325582
  svhn_top5_accuracy: 0.999984859496124

2024-02-22 21:51:51,230 - INFO - Validation Stats
Loss:
  total: 0.19778059956071706
Metrics:
  svhn_top1_accuracy: 0.9604974851526064
  svhn_top5_accuracy: 0.9946120689655172

2024-02-22 21:51:51,230 - INFO - Epoch 136/160
2024-02-22 21:52:01,261 - INFO - Train Stats
Loss:
  total: 0.01265499827360857
Metrics:
  svhn_top1_accuracy: 0.9969264777131783
  svhn_top5_accuracy: 0.999984859496124

2024-02-22 21:52:01,884 - INFO - Validation Stats
Loss:
  total: 0.1996153629995112
Metrics:
  svhn_top1_accuracy: 0.9591864224137931
  svhn_top5_accuracy: 0.9948814655172413

2024-02-22 21:52:01,884 - INFO - Epoch 137/160
2024-02-22 21:52:11,299 - INFO - Train Stats
Loss:
  total: 0.011963513218427741
Metrics:
  svhn_top1_accuracy: 0.9971081637596899
  svhn_top5_accuracy: 0.9999697189922481

2024-02-22 21:52:12,248 - INFO - Validation Stats
Loss:
  total: 0.19645075816339974
Metrics:
  svhn_top1_accuracy: 0.9606681034482759
  svhn_top5_accuracy: 0.9939385775862069

2024-02-22 21:52:12,248 - INFO - Epoch 138/160
2024-02-22 21:52:22,270 - INFO - Train Stats
Loss:
  total: 0.011717203921726869
Metrics:
  svhn_top1_accuracy: 0.9973806928294574
  svhn_top5_accuracy: 0.999984859496124

2024-02-22 21:52:22,826 - INFO - Validation Stats
Loss:
  total: 0.19697199081038608
Metrics:
  svhn_top1_accuracy: 0.9612068965517241
  svhn_top5_accuracy: 0.994073275862069

2024-02-22 21:52:22,827 - INFO - Epoch 139/160
2024-02-22 21:52:45,293 - INFO - Train Stats
Loss:
  total: 0.012351344833637826
Metrics:
  svhn_top1_accuracy: 0.9969567587209303
  svhn_top5_accuracy: 0.9999697189922481

2024-02-22 21:52:47,281 - INFO - Validation Stats
Loss:
  total: 0.19608057553655114
Metrics:
  svhn_top1_accuracy: 0.9608028017241379
  svhn_top5_accuracy: 0.9950161637931034

2024-02-22 21:52:47,281 - INFO - Epoch 140/160
2024-02-22 21:52:57,039 - INFO - Train Stats
Loss:
  total: 0.011491420725495879
Metrics:
  svhn_top1_accuracy: 0.9971838662790697
  svhn_top5_accuracy: 0.9999697189922481

2024-02-22 21:52:59,801 - INFO - Validation Stats
Loss:
  total: 0.19607309624552727
Metrics:
  svhn_top1_accuracy: 0.9603627868767443
  svhn_top5_accuracy: 0.9944773706896551

2024-02-22 21:52:59,801 - INFO - Epoch 141/160
2024-02-22 21:53:09,180 - INFO - Train Stats
Loss:
  total: 0.011880888854281601
Metrics:
  svhn_top1_accuracy: 0.9969774049150851
  svhn_top5_accuracy: 0.999984859496124

2024-02-22 21:53:10,161 - INFO - Validation Stats
Loss:
  total: 0.1972301667235021
Metrics:
  svhn_top1_accuracy: 0.9606681034482759
  svhn_top5_accuracy: 0.9938038793103449

2024-02-22 21:53:10,161 - INFO - Epoch 142/160
2024-02-22 21:53:19,611 - INFO - Train Stats
Loss:
  total: 0.012532939064783918
Metrics:
  svhn_top1_accuracy: 0.9966498194045799
  svhn_top5_accuracy: 0.9999697189922481

2024-02-22 21:53:20,180 - INFO - Validation Stats
Loss:
  total: 0.19866481583950849
Metrics:
  svhn_top1_accuracy: 0.9608028017241379
  svhn_top5_accuracy: 0.9948814655172413

2024-02-22 21:53:20,180 - INFO - Epoch 143/160
2024-02-22 21:53:29,559 - INFO - Train Stats
Loss:
  total: 0.012073519289973661
Metrics:
  svhn_top1_accuracy: 0.997077882751938
  svhn_top5_accuracy: 0.999984859496124

2024-02-22 21:53:30,403 - INFO - Validation Stats
Loss:
  total: 0.19773250092463246
Metrics:
  svhn_top1_accuracy: 0.9605334051724138
  svhn_top5_accuracy: 0.994073275862069

2024-02-22 21:53:30,403 - INFO - Epoch 144/160
2024-02-22 21:53:40,000 - INFO - Train Stats
Loss:
  total: 0.01234514932707674
Metrics:
  svhn_top1_accuracy: 0.9968810562015504
  svhn_top5_accuracy: 0.999984859496124

2024-02-22 21:53:40,824 - INFO - Validation Stats
Loss:
  total: 0.19507007811475416
Metrics:
  svhn_top1_accuracy: 0.9603627868767443
  svhn_top5_accuracy: 0.9939385775862069

2024-02-22 21:53:40,824 - INFO - Epoch 145/160
2024-02-22 21:54:00,216 - INFO - Train Stats
Loss:
  total: 0.012382366584862994
Metrics:
  svhn_top1_accuracy: 0.9970021802325582
  svhn_top5_accuracy: 0.999984859496124

2024-02-22 21:54:02,959 - INFO - Validation Stats
Loss:
  total: 0.19602970383932877
Metrics:
  svhn_top1_accuracy: 0.9606681034482759
  svhn_top5_accuracy: 0.994207974137931

2024-02-22 21:54:02,959 - INFO - Epoch 146/160
2024-02-22 21:54:12,993 - INFO - Train Stats
Loss:
  total: 0.011439404134952659
Metrics:
  svhn_top1_accuracy: 0.9972747093023255
  svhn_top5_accuracy: 0.9999697189922481

2024-02-22 21:54:13,950 - INFO - Validation Stats
Loss:
  total: 0.19636140249926468
Metrics:
  svhn_top1_accuracy: 0.9609015799801925
  svhn_top5_accuracy: 0.9939385775862069

2024-02-22 21:54:13,950 - INFO - Epoch 147/160
2024-02-22 21:54:36,949 - INFO - Train Stats
Loss:
  total: 0.011605506561842725
Metrics:
  svhn_top1_accuracy: 0.9971990067829457
  svhn_top5_accuracy: 0.999984859496124

2024-02-22 21:54:39,622 - INFO - Validation Stats
Loss:
  total: 0.196422820605723
Metrics:
  svhn_top1_accuracy: 0.9602280886008822
  svhn_top5_accuracy: 0.994207974137931

2024-02-22 21:54:39,622 - INFO - Epoch 148/160
2024-02-22 21:55:00,462 - INFO - Train Stats
Loss:
  total: 0.01293741013807815
Metrics:
  svhn_top1_accuracy: 0.9966594543336897
  svhn_top5_accuracy: 0.999984859496124

2024-02-22 21:55:03,261 - INFO - Validation Stats
Loss:
  total: 0.20062408811444865
Metrics:
  svhn_top1_accuracy: 0.9602640086206896
  svhn_top5_accuracy: 0.9943426724137931

2024-02-22 21:55:03,262 - INFO - Epoch 149/160
2024-02-22 21:55:27,027 - INFO - Train Stats
Loss:
  total: 0.011462961191125574
Metrics:
  svhn_top1_accuracy: 0.9972595687984496
  svhn_top5_accuracy: 0.9999394379844961

2024-02-22 21:55:29,721 - INFO - Validation Stats
Loss:
  total: 0.20057473175934162
Metrics:
  svhn_top1_accuracy: 0.9609375
  svhn_top5_accuracy: 0.9946120689655172

2024-02-22 21:55:29,721 - INFO - Epoch 150/160
2024-02-22 21:55:51,562 - INFO - Train Stats
Loss:
  total: 0.011856234283637718
Metrics:
  svhn_top1_accuracy: 0.9972292877906976
  svhn_top5_accuracy: 0.999984859496124

2024-02-22 21:55:52,389 - INFO - Validation Stats
Loss:
  total: 0.19920240050374433
Metrics:
  svhn_top1_accuracy: 0.9613415948275862
  svhn_top5_accuracy: 0.994207974137931

2024-02-22 21:55:52,419 - INFO - Epoch 151/160
2024-02-22 21:56:01,652 - INFO - Train Stats
Loss:
  total: 0.0116377214293353
Metrics:
  svhn_top1_accuracy: 0.997053107434465
  svhn_top5_accuracy: 0.999984859496124

2024-02-22 21:56:04,471 - INFO - Validation Stats
Loss:
  total: 0.19746485450465617
Metrics:
  svhn_top1_accuracy: 0.9602640086206896
  svhn_top5_accuracy: 0.994207974137931

2024-02-22 21:56:04,472 - INFO - Epoch 152/160
2024-02-22 21:56:18,214 - INFO - Train Stats
Loss:
  total: 0.011967304437475408
Metrics:
  svhn_top1_accuracy: 0.9970173207364341
  svhn_top5_accuracy: 0.9999697189922481

2024-02-22 21:56:21,064 - INFO - Validation Stats
Loss:
  total: 0.1994496371500708
Metrics:
  svhn_top1_accuracy: 0.9600933903250201
  svhn_top5_accuracy: 0.9944773706896551

2024-02-22 21:56:21,064 - INFO - Epoch 153/160
2024-02-22 21:56:43,894 - INFO - Train Stats
Loss:
  total: 0.011723639061105936
Metrics:
  svhn_top1_accuracy: 0.9969774049150851
  svhn_top5_accuracy: 0.999984859496124

2024-02-22 21:56:46,692 - INFO - Validation Stats
Loss:
  total: 0.20082124757805261
Metrics:
  svhn_top1_accuracy: 0.9596892954974339
  svhn_top5_accuracy: 0.9944773706896551

2024-02-22 21:56:46,692 - INFO - Epoch 154/160
2024-02-22 21:56:55,971 - INFO - Train Stats
Loss:
  total: 0.011913206355417032
Metrics:
  svhn_top1_accuracy: 0.9968204941860465
  svhn_top5_accuracy: 0.999984859496124

2024-02-22 21:56:58,660 - INFO - Validation Stats
Loss:
  total: 0.19955375443758636
Metrics:
  svhn_top1_accuracy: 0.9608028017241379
  svhn_top5_accuracy: 0.994073275862069

2024-02-22 21:56:58,660 - INFO - Epoch 155/160
2024-02-22 21:57:08,513 - INFO - Train Stats
Loss:
  total: 0.011840601196528824
Metrics:
  svhn_top1_accuracy: 0.9968961967054264
  svhn_top5_accuracy: 0.9999697189922481

2024-02-22 21:57:09,044 - INFO - Validation Stats
Loss:
  total: 0.19852102226738272
Metrics:
  svhn_top1_accuracy: 0.9600933903250201
  svhn_top5_accuracy: 0.9947467672413793

2024-02-22 21:57:09,045 - INFO - Epoch 156/160
2024-02-22 21:57:18,425 - INFO - Train Stats
Loss:
  total: 0.011953219930666621
Metrics:
  svhn_top1_accuracy: 0.9970173207364341
  svhn_top5_accuracy: 0.999984859496124

2024-02-22 21:57:18,959 - INFO - Validation Stats
Loss:
  total: 0.1986215796867578
Metrics:
  svhn_top1_accuracy: 0.959823993773296
  svhn_top5_accuracy: 0.9943426724137931

2024-02-22 21:57:18,959 - INFO - Epoch 157/160
2024-02-22 21:57:28,120 - INFO - Train Stats
Loss:
  total: 0.011413809546682797
Metrics:
  svhn_top1_accuracy: 0.9971990067829457
  svhn_top5_accuracy: 0.999984859496124

2024-02-22 21:57:28,660 - INFO - Validation Stats
Loss:
  total: 0.2001724475031269
Metrics:
  svhn_top1_accuracy: 0.9595545972215718
  svhn_top5_accuracy: 0.9946120689655172

2024-02-22 21:57:28,660 - INFO - Epoch 158/160
2024-02-22 21:57:38,045 - INFO - Train Stats
Loss:
  total: 0.011681059651778895
Metrics:
  svhn_top1_accuracy: 0.9969264777131783
  svhn_top5_accuracy: 0.999984859496124

2024-02-22 21:57:38,598 - INFO - Validation Stats
Loss:
  total: 0.1990948610393138
Metrics:
  svhn_top1_accuracy: 0.9603987068965517
  svhn_top5_accuracy: 0.994207974137931

2024-02-22 21:57:38,598 - INFO - Epoch 159/160
2024-02-22 21:57:47,962 - INFO - Train Stats
Loss:
  total: 0.011279002182607994
Metrics:
  svhn_top1_accuracy: 0.9972141472868217
  svhn_top5_accuracy: 0.999984859496124

2024-02-22 21:57:48,647 - INFO - Validation Stats
Loss:
  total: 0.2001686528774685
Metrics:
  svhn_top1_accuracy: 0.9601293103448276
  svhn_top5_accuracy: 0.9943426724137931

2024-02-22 21:57:48,648 - INFO - Epoch 160/160
2024-02-22 21:57:57,948 - INFO - Train Stats
Loss:
  total: 0.011981468663059984
Metrics:
  svhn_top1_accuracy: 0.9967351568530697
  svhn_top5_accuracy: 0.999984859496124

2024-02-22 21:57:58,500 - INFO - Validation Stats
Loss:
  total: 0.1984986744114551
Metrics:
  svhn_top1_accuracy: 0.9596892954974339
  svhn_top5_accuracy: 0.9943426724137931

2024-02-22 21:57:58,533 - INFO - Best validation loss: 0.16684177537159672
2024-02-22 21:57:58,579 - INFO - Best model saved to /home/up201905337/exploring-label-efficiency/weights/sl_svhn_wideresnet28_2.pth
2024-02-22 21:57:58,579 - INFO - Training took 2557.295274734497 seconds to complete
