2024-05-22 14:30:35,663 - INFO - Loading configuration files...
2024-05-22 14:30:37,883 - INFO - Loading model configuration
args:
  num_classes: 10
class: ResNet50

2024-05-22 14:30:53,978 - INFO - Loading train_dataset configuration
args:
  force_transform: true
  num_labeled: 250
  root: ./data/
  train_val_split: 0.9
class: SemiSupervisedSVHN

2024-05-22 14:31:09,255 - INFO - Loading val_dataset configuration
args:
  root: ./data/
  train_val_split: 0.9
class: SVHN

2024-05-22 14:31:09,376 - INFO - Loading optimizer configuration
args:
  lr: 0.001
class: Adam

2024-05-22 14:31:09,387 - INFO - Loading loss configuration
args: {}
class: CrossEntropyLoss

2024-05-22 14:31:09,515 - INFO - Loading metrics configuration
svhn_top1_accuracy:
  args:
    num_classes: 10
    task: multiclass
    top_k: 1
  class: Accuracy
svhn_top5_accuracy:
  args:
    num_classes: 10
    task: multiclass
    top_k: 5
  class: Accuracy

2024-05-22 14:31:09,518 - INFO - Loading hyperparameters configuration
batch_size: 128
ema_decay: null
epochs: 100
num_workers: 4
save_freq: 30

2024-05-22 14:31:10,052 - INFO - Using device: cuda
2024-05-22 14:31:10,903 - INFO - Training for 100 epochs
2024-05-22 14:31:10,903 - INFO - Epoch 1/100
2024-05-22 14:31:16,521 - INFO - Train Stats
Loss:
  total: 2.967225193977356
Metrics:
  svhn_top1_accuracy: 0.09663166105747223
  svhn_top5_accuracy: 0.5753714144229889

2024-05-22 14:31:21,278 - INFO - Validation Stats
Loss:
  total: 2.276312153914879
Metrics:
  svhn_top1_accuracy: 0.18529094832724538
  svhn_top5_accuracy: 0.5844288797214113

2024-05-22 14:31:24,072 - INFO - Epoch 2/100
2024-05-22 14:31:25,273 - INFO - Train Stats
Loss:
  total: 3.4690462350845337
Metrics:
  svhn_top1_accuracy: 0.17981557548046112
  svhn_top5_accuracy: 0.6116803288459778

2024-05-22 14:31:29,394 - INFO - Validation Stats
Loss:
  total: 2.2902750722293197
Metrics:
  svhn_top1_accuracy: 0.10544181037051924
  svhn_top5_accuracy: 0.5688038797214113

2024-05-22 14:31:29,395 - INFO - Epoch 3/100
2024-05-22 14:31:30,555 - INFO - Train Stats
Loss:
  total: 3.0076935291290283
Metrics:
  svhn_top1_accuracy: 0.16809682548046112
  svhn_top5_accuracy: 0.6235911846160889

2024-05-22 14:31:34,888 - INFO - Validation Stats
Loss:
  total: 2.330999781345499
Metrics:
  svhn_top1_accuracy: 0.07315014379805532
  svhn_top5_accuracy: 0.432318606253328

2024-05-22 14:31:34,889 - INFO - Epoch 4/100
2024-05-22 14:31:36,083 - INFO - Train Stats
Loss:
  total: 2.6454594135284424
Metrics:
  svhn_top1_accuracy: 0.1643826812505722
  svhn_top5_accuracy: 0.6233990788459778

2024-05-22 14:31:40,277 - INFO - Validation Stats
Loss:
  total: 2.343494567377814
Metrics:
  svhn_top1_accuracy: 0.08099856330402966
  svhn_top5_accuracy: 0.5087284486869286

2024-05-22 14:31:40,278 - INFO - Epoch 5/100
2024-05-22 14:31:41,376 - INFO - Train Stats
Loss:
  total: 2.7436907291412354
Metrics:
  svhn_top1_accuracy: 0.13530993834137917
  svhn_top5_accuracy: 0.6153944730758667

2024-05-22 14:31:45,691 - INFO - Validation Stats
Loss:
  total: 2.3458057724196335
Metrics:
  svhn_top1_accuracy: 0.06907327588776062
  svhn_top5_accuracy: 0.5497485635609463

2024-05-22 14:31:45,692 - INFO - Epoch 6/100
2024-05-22 14:31:46,863 - INFO - Train Stats
Loss:
  total: 2.4055126905441284
Metrics:
  svhn_top1_accuracy: 0.20677509903907776
  svhn_top5_accuracy: 0.6753329932689667

2024-05-22 14:31:51,296 - INFO - Validation Stats
Loss:
  total: 2.3458164765917022
Metrics:
  svhn_top1_accuracy: 0.07388649431282077
  svhn_top5_accuracy: 0.5548311780238974

2024-05-22 14:31:51,297 - INFO - Epoch 7/100
2024-05-22 14:31:52,399 - INFO - Train Stats
Loss:
  total: 2.17134952545166
Metrics:
  svhn_top1_accuracy: 0.2758709043264389
  svhn_top5_accuracy: 0.7628073692321777

2024-05-22 14:31:56,771 - INFO - Validation Stats
Loss:
  total: 2.3605248517003554
Metrics:
  svhn_top1_accuracy: 0.07775682474261728
  svhn_top5_accuracy: 0.5515984194032078

2024-05-22 14:31:56,772 - INFO - Epoch 8/100
2024-05-22 14:31:57,954 - INFO - Train Stats
Loss:
  total: 2.2141082286834717
Metrics:
  svhn_top1_accuracy: 0.25070440769195557
  svhn_top5_accuracy: 0.7745261192321777

2024-05-22 14:32:02,328 - INFO - Validation Stats
Loss:
  total: 2.3761808748902946
Metrics:
  svhn_top1_accuracy: 0.07627514370813451
  svhn_top5_accuracy: 0.542438936644587

2024-05-22 14:32:02,329 - INFO - Epoch 9/100
2024-05-22 14:32:03,600 - INFO - Train Stats
Loss:
  total: 2.1438509225845337
Metrics:
  svhn_top1_accuracy: 0.2485271543264389
  svhn_top5_accuracy: 0.7565317749977112

2024-05-22 14:32:08,327 - INFO - Validation Stats
Loss:
  total: 2.4199596355701316
Metrics:
  svhn_top1_accuracy: 0.07883441094951384
  svhn_top5_accuracy: 0.546210488368725

2024-05-22 14:32:08,328 - INFO - Epoch 10/100
2024-05-22 14:32:09,491 - INFO - Train Stats
Loss:
  total: 2.0200753211975098
Metrics:
  svhn_top1_accuracy: 0.3108350336551666
  svhn_top5_accuracy: 0.7911116778850555

2024-05-22 14:32:13,643 - INFO - Validation Stats
Loss:
  total: 2.454361393533904
Metrics:
  svhn_top1_accuracy: 0.08179777301847935
  svhn_top5_accuracy: 0.5607219831696872

2024-05-22 14:32:13,644 - INFO - Epoch 11/100
2024-05-22 14:32:14,906 - INFO - Train Stats
Loss:
  total: 1.9863969683647156
Metrics:
  svhn_top1_accuracy: 0.3279969245195389
  svhn_top5_accuracy: 0.7872054278850555

2024-05-22 14:32:19,147 - INFO - Validation Stats
Loss:
  total: 2.5222500151601333
Metrics:
  svhn_top1_accuracy: 0.08779633623258822
  svhn_top5_accuracy: 0.547988506226704

2024-05-22 14:32:19,148 - INFO - Epoch 12/100
2024-05-22 14:32:20,278 - INFO - Train Stats
Loss:
  total: 1.9618979096412659
Metrics:
  svhn_top1_accuracy: 0.3563012331724167
  svhn_top5_accuracy: 0.8404841125011444

2024-05-22 14:32:24,696 - INFO - Validation Stats
Loss:
  total: 2.6092302264838385
Metrics:
  svhn_top1_accuracy: 0.10311602017488973
  svhn_top5_accuracy: 0.5502783769163592

2024-05-22 14:32:24,697 - INFO - Epoch 13/100
2024-05-22 14:32:25,991 - INFO - Train Stats
Loss:
  total: 1.8319239616394043
Metrics:
  svhn_top1_accuracy: 0.3926101475954056
  svhn_top5_accuracy: 0.836962103843689

2024-05-22 14:32:30,300 - INFO - Validation Stats
Loss:
  total: 2.6028253168895326
Metrics:
  svhn_top1_accuracy: 0.12143498569213111
  svhn_top5_accuracy: 0.5587284482758621

2024-05-22 14:32:30,301 - INFO - Epoch 14/100
2024-05-22 14:32:31,619 - INFO - Train Stats
Loss:
  total: 1.7766739130020142
Metrics:
  svhn_top1_accuracy: 0.42815060913562775
  svhn_top5_accuracy: 0.8596311509609222

2024-05-22 14:32:36,148 - INFO - Validation Stats
Loss:
  total: 2.6695153631013016
Metrics:
  svhn_top1_accuracy: 0.13224676726707096
  svhn_top5_accuracy: 0.5692349137931034

2024-05-22 14:32:36,149 - INFO - Epoch 15/100
2024-05-22 14:32:37,360 - INFO - Train Stats
Loss:
  total: 1.659033179283142
Metrics:
  svhn_top1_accuracy: 0.43577100336551666
  svhn_top5_accuracy: 0.9080430269241333

2024-05-22 14:32:41,783 - INFO - Validation Stats
Loss:
  total: 2.7838720370983254
Metrics:
  svhn_top1_accuracy: 0.13157327588776063
  svhn_top5_accuracy: 0.563245330391259

2024-05-22 14:32:41,784 - INFO - Epoch 16/100
2024-05-22 14:32:43,021 - INFO - Train Stats
Loss:
  total: 1.5871716141700745
Metrics:
  svhn_top1_accuracy: 0.47617827355861664
  svhn_top5_accuracy: 0.9236680269241333

2024-05-22 14:32:47,554 - INFO - Validation Stats
Loss:
  total: 2.8041651536678445
Metrics:
  svhn_top1_accuracy: 0.13713182483253808
  svhn_top5_accuracy: 0.5736530176524458

2024-05-22 14:32:47,555 - INFO - Epoch 17/100
2024-05-22 14:32:48,726 - INFO - Train Stats
Loss:
  total: 1.3862916231155396
Metrics:
  svhn_top1_accuracy: 0.5388703942298889
  svhn_top5_accuracy: 0.9474897682666779

2024-05-22 14:32:53,102 - INFO - Validation Stats
Loss:
  total: 2.7545687617926764
Metrics:
  svhn_top1_accuracy: 0.14753951157989173
  svhn_top5_accuracy: 0.5926724137931034

2024-05-22 14:32:53,103 - INFO - Epoch 18/100
2024-05-22 14:32:54,262 - INFO - Train Stats
Loss:
  total: 1.3331265449523926
Metrics:
  svhn_top1_accuracy: 0.5802382230758667
  svhn_top5_accuracy: 0.9277663826942444

2024-05-22 14:32:58,474 - INFO - Validation Stats
Loss:
  total: 2.709535763181489
Metrics:
  svhn_top1_accuracy: 0.15033225586702084
  svhn_top5_accuracy: 0.6000538797214113

2024-05-22 14:32:58,475 - INFO - Epoch 19/100
2024-05-22 14:32:59,682 - INFO - Train Stats
Loss:
  total: 1.152295172214508
Metrics:
  svhn_top1_accuracy: 0.6397925317287445
  svhn_top5_accuracy: 0.9396772682666779

2024-05-22 14:33:04,291 - INFO - Validation Stats
Loss:
  total: 2.742315469117
Metrics:
  svhn_top1_accuracy: 0.1491828305197173
  svhn_top5_accuracy: 0.5810524425629912

2024-05-22 14:33:04,292 - INFO - Epoch 20/100
2024-05-22 14:33:05,491 - INFO - Train Stats
Loss:
  total: 1.1726649403572083
Metrics:
  svhn_top1_accuracy: 0.6124487817287445
  svhn_top5_accuracy: 0.9523565471172333

2024-05-22 14:33:10,006 - INFO - Validation Stats
Loss:
  total: 2.8251488660943918
Metrics:
  svhn_top1_accuracy: 0.14823994258868284
  svhn_top5_accuracy: 0.5808189655172413

2024-05-22 14:33:10,007 - INFO - Epoch 21/100
2024-05-22 14:33:11,174 - INFO - Train Stats
Loss:
  total: 1.0390335321426392
Metrics:
  svhn_top1_accuracy: 0.6355020403862
  svhn_top5_accuracy: 0.9599769413471222

2024-05-22 14:33:15,659 - INFO - Validation Stats
Loss:
  total: 2.8585775186275613
Metrics:
  svhn_top1_accuracy: 0.16087464089023656
  svhn_top5_accuracy: 0.5869881469627907

2024-05-22 14:33:15,660 - INFO - Epoch 22/100
2024-05-22 14:33:16,763 - INFO - Train Stats
Loss:
  total: 0.990159422159195
Metrics:
  svhn_top1_accuracy: 0.6589395403862
  svhn_top5_accuracy: 0.9560706913471222

2024-05-22 14:33:21,231 - INFO - Validation Stats
Loss:
  total: 3.0476985183255425
Metrics:
  svhn_top1_accuracy: 0.16141343399368482
  svhn_top5_accuracy: 0.5905172413793104

2024-05-22 14:33:21,232 - INFO - Epoch 23/100
2024-05-22 14:33:22,517 - INFO - Train Stats
Loss:
  total: 0.9442752301692963
Metrics:
  svhn_top1_accuracy: 0.6907658874988556
  svhn_top5_accuracy: 0.9763703942298889

2024-05-22 14:33:26,835 - INFO - Validation Stats
Loss:
  total: 3.1465201172335395
Metrics:
  svhn_top1_accuracy: 0.16909123571782275
  svhn_top5_accuracy: 0.595528017344146

2024-05-22 14:33:26,835 - INFO - Epoch 24/100
2024-05-22 14:33:27,965 - INFO - Train Stats
Loss:
  total: 0.971833735704422
Metrics:
  svhn_top1_accuracy: 0.6964011192321777
  svhn_top5_accuracy: 0.9720799326896667

2024-05-22 14:33:32,415 - INFO - Validation Stats
Loss:
  total: 3.3174581979883127
Metrics:
  svhn_top1_accuracy: 0.1678430317290898
  svhn_top5_accuracy: 0.6015625

2024-05-22 14:33:32,416 - INFO - Epoch 25/100
2024-05-22 14:33:33,582 - INFO - Train Stats
Loss:
  total: 0.912627786397934
Metrics:
  svhn_top1_accuracy: 0.6782786846160889
  svhn_top5_accuracy: 0.9802766442298889

2024-05-22 14:33:38,015 - INFO - Validation Stats
Loss:
  total: 3.341249708471627
Metrics:
  svhn_top1_accuracy: 0.16841774433851242
  svhn_top5_accuracy: 0.5938846982758621

2024-05-22 14:33:38,016 - INFO - Epoch 26/100
2024-05-22 14:33:39,253 - INFO - Train Stats
Loss:
  total: 0.909056544303894
Metrics:
  svhn_top1_accuracy: 0.7311731576919556
  svhn_top5_accuracy: 0.9599769413471222

2024-05-22 14:33:43,896 - INFO - Validation Stats
Loss:
  total: 3.3405527698582618
Metrics:
  svhn_top1_accuracy: 0.1734375000513833
  svhn_top5_accuracy: 0.6072288073342422

2024-05-22 14:33:43,897 - INFO - Epoch 27/100
2024-05-22 14:33:45,081 - INFO - Train Stats
Loss:
  total: 0.8007140457630157
Metrics:
  svhn_top1_accuracy: 0.7553791105747223
  svhn_top5_accuracy: 0.9674052298069

2024-05-22 14:33:49,527 - INFO - Validation Stats
Loss:
  total: 3.4250596062890413
Metrics:
  svhn_top1_accuracy: 0.17663433916609864
  svhn_top5_accuracy: 0.604804238368725

2024-05-22 14:33:49,528 - INFO - Epoch 28/100
2024-05-22 14:33:50,685 - INFO - Train Stats
Loss:
  total: 0.8309491574764252
Metrics:
  svhn_top1_accuracy: 0.7512807250022888
  svhn_top5_accuracy: 0.9841828942298889

2024-05-22 14:33:55,028 - INFO - Validation Stats
Loss:
  total: 3.6807106815535446
Metrics:
  svhn_top1_accuracy: 0.16443965519810544
  svhn_top5_accuracy: 0.5909303159549318

2024-05-22 14:33:55,029 - INFO - Epoch 29/100
2024-05-22 14:33:56,191 - INFO - Train Stats
Loss:
  total: 0.6617040932178497
Metrics:
  svhn_top1_accuracy: 0.8205686509609222
  svhn_top5_accuracy: 0.9919953942298889

2024-05-22 14:34:00,841 - INFO - Validation Stats
Loss:
  total: 3.5961511751701094
Metrics:
  svhn_top1_accuracy: 0.16632543106017442
  svhn_top5_accuracy: 0.5970545976326384

2024-05-22 14:34:00,842 - INFO - Epoch 30/100
2024-05-22 14:34:01,971 - INFO - Train Stats
Loss:
  total: 0.5575951933860779
Metrics:
  svhn_top1_accuracy: 0.8477202951908112
  svhn_top5_accuracy: 0.9841828942298889

2024-05-22 14:34:06,574 - INFO - Validation Stats
Loss:
  total: 3.641422353941819
Metrics:
  svhn_top1_accuracy: 0.1641073995109262
  svhn_top5_accuracy: 0.6028196842506014

2024-05-22 14:34:09,408 - INFO - Epoch 31/100
2024-05-22 14:34:10,599 - INFO - Train Stats
Loss:
  total: 0.5474053621292114
Metrics:
  svhn_top1_accuracy: 0.8278048038482666
  svhn_top5_accuracy: 0.9919953942298889

2024-05-22 14:34:15,004 - INFO - Validation Stats
Loss:
  total: 3.7811463125820817
Metrics:
  svhn_top1_accuracy: 0.16575969832724538
  svhn_top5_accuracy: 0.5970545976326384

2024-05-22 14:34:15,005 - INFO - Epoch 32/100
2024-05-22 14:34:16,242 - INFO - Train Stats
Loss:
  total: 0.5338366329669952
Metrics:
  svhn_top1_accuracy: 0.8201844394207001
  svhn_top5_accuracy: 0.9921875

2024-05-22 14:34:20,673 - INFO - Validation Stats
Loss:
  total: 3.7125904930048974
Metrics:
  svhn_top1_accuracy: 0.16822018679873696
  svhn_top5_accuracy: 0.6063487786671211

2024-05-22 14:34:20,674 - INFO - Epoch 33/100
2024-05-22 14:34:22,001 - INFO - Train Stats
Loss:
  total: 0.710286945104599
Metrics:
  svhn_top1_accuracy: 0.7911116778850555
  svhn_top5_accuracy: 0.9800845384597778

2024-05-22 14:34:26,350 - INFO - Validation Stats
Loss:
  total: 4.042315409101289
Metrics:
  svhn_top1_accuracy: 0.16135057472977146
  svhn_top5_accuracy: 0.6005567528050522

2024-05-22 14:34:26,352 - INFO - Epoch 34/100
2024-05-22 14:34:27,598 - INFO - Train Stats
Loss:
  total: 0.6209503412246704
Metrics:
  svhn_top1_accuracy: 0.7792008221149445
  svhn_top5_accuracy: 0.9919953942298889

2024-05-22 14:34:32,065 - INFO - Validation Stats
Loss:
  total: 3.961042654925379
Metrics:
  svhn_top1_accuracy: 0.16454741384448676
  svhn_top5_accuracy: 0.6007632900928629

2024-05-22 14:34:32,066 - INFO - Epoch 35/100
2024-05-22 14:34:33,374 - INFO - Train Stats
Loss:
  total: 0.5131790339946747
Metrics:
  svhn_top1_accuracy: 0.8279969394207001
  svhn_top5_accuracy: 0.99609375

2024-05-22 14:34:37,871 - INFO - Validation Stats
Loss:
  total: 4.075308392787802
Metrics:
  svhn_top1_accuracy: 0.1771102730056335
  svhn_top5_accuracy: 0.6055405890119487

2024-05-22 14:34:37,872 - INFO - Epoch 36/100
2024-05-22 14:34:39,134 - INFO - Train Stats
Loss:
  total: 0.6966045498847961
Metrics:
  svhn_top1_accuracy: 0.7998847365379333
  svhn_top5_accuracy: 0.99609375

2024-05-22 14:34:43,925 - INFO - Validation Stats
Loss:
  total: 3.982562361092403
Metrics:
  svhn_top1_accuracy: 0.1829382186305934
  svhn_top5_accuracy: 0.6036548131498797

2024-05-22 14:34:43,926 - INFO - Epoch 37/100
2024-05-22 14:34:45,175 - INFO - Train Stats
Loss:
  total: 0.4692932516336441
Metrics:
  svhn_top1_accuracy: 0.8319031894207001
  svhn_top5_accuracy: 0.9959016442298889

2024-05-22 14:34:49,398 - INFO - Validation Stats
Loss:
  total: 4.077373743057251
Metrics:
  svhn_top1_accuracy: 0.17572737074103847
  svhn_top5_accuracy: 0.6058728448275862

2024-05-22 14:34:49,398 - INFO - Epoch 38/100
2024-05-22 14:34:50,593 - INFO - Train Stats
Loss:
  total: 0.494079053401947
Metrics:
  svhn_top1_accuracy: 0.8276126980781555
  svhn_top5_accuracy: 1.0

2024-05-22 14:34:54,781 - INFO - Validation Stats
Loss:
  total: 4.108445019557558
Metrics:
  svhn_top1_accuracy: 0.170878232810004
  svhn_top5_accuracy: 0.6079292389853247

2024-05-22 14:34:54,783 - INFO - Epoch 39/100
2024-05-22 14:34:56,075 - INFO - Train Stats
Loss:
  total: 0.539915457367897
Metrics:
  svhn_top1_accuracy: 0.8157018423080444
  svhn_top5_accuracy: 0.9959016442298889

2024-05-22 14:35:00,747 - INFO - Validation Stats
Loss:
  total: 4.277284231679193
Metrics:
  svhn_top1_accuracy: 0.1596264369015036
  svhn_top5_accuracy: 0.6178969113991178

2024-05-22 14:35:00,748 - INFO - Epoch 40/100
2024-05-22 14:35:02,046 - INFO - Train Stats
Loss:
  total: 0.388220876455307
Metrics:
  svhn_top1_accuracy: 0.8767930269241333
  svhn_top5_accuracy: 0.99609375

2024-05-22 14:35:06,550 - INFO - Validation Stats
Loss:
  total: 4.084419484796195
Metrics:
  svhn_top1_accuracy: 0.16575969832724538
  svhn_top5_accuracy: 0.6161099137931034

2024-05-22 14:35:06,551 - INFO - Epoch 41/100
2024-05-22 14:35:07,897 - INFO - Train Stats
Loss:
  total: 0.5247038304805756
Metrics:
  svhn_top1_accuracy: 0.8020619750022888
  svhn_top5_accuracy: 1.0

2024-05-22 14:35:12,411 - INFO - Validation Stats
Loss:
  total: 4.1224982944028135
Metrics:
  svhn_top1_accuracy: 0.18057650867207298
  svhn_top5_accuracy: 0.6244971269163592

2024-05-22 14:35:12,412 - INFO - Epoch 42/100
2024-05-22 14:35:13,695 - INFO - Train Stats
Loss:
  total: 0.32731159031391144
Metrics:
  svhn_top1_accuracy: 0.8801229596138
  svhn_top5_accuracy: 0.99609375

2024-05-22 14:35:18,309 - INFO - Validation Stats
Loss:
  total: 4.112433898037877
Metrics:
  svhn_top1_accuracy: 0.17747844832724538
  svhn_top5_accuracy: 0.6271192529078188

2024-05-22 14:35:18,310 - INFO - Epoch 43/100
2024-05-22 14:35:19,591 - INFO - Train Stats
Loss:
  total: 0.26840436458587646
Metrics:
  svhn_top1_accuracy: 0.9236680269241333
  svhn_top5_accuracy: 0.9919953942298889

2024-05-22 14:35:24,265 - INFO - Validation Stats
Loss:
  total: 4.358343075061667
Metrics:
  svhn_top1_accuracy: 0.1680136495109262
  svhn_top5_accuracy: 0.6258441096749799

2024-05-22 14:35:24,266 - INFO - Epoch 44/100
2024-05-22 14:35:25,540 - INFO - Train Stats
Loss:
  total: 0.3407351076602936
Metrics:
  svhn_top1_accuracy: 0.883837103843689
  svhn_top5_accuracy: 1.0

2024-05-22 14:35:29,964 - INFO - Validation Stats
Loss:
  total: 4.513737641531845
Metrics:
  svhn_top1_accuracy: 0.15979705468334002
  svhn_top5_accuracy: 0.6234195407094627

2024-05-22 14:35:29,965 - INFO - Epoch 45/100
2024-05-22 14:35:31,305 - INFO - Train Stats
Loss:
  total: 0.3779657930135727
Metrics:
  svhn_top1_accuracy: 0.8873591125011444
  svhn_top5_accuracy: 0.99609375

2024-05-22 14:35:35,723 - INFO - Validation Stats
Loss:
  total: 4.436054620249518
Metrics:
  svhn_top1_accuracy: 0.17609554606265035
  svhn_top5_accuracy: 0.6276939655172413

2024-05-22 14:35:35,723 - INFO - Epoch 46/100
2024-05-22 14:35:37,001 - INFO - Train Stats
Loss:
  total: 0.31174136698246
Metrics:
  svhn_top1_accuracy: 0.8918417096138
  svhn_top5_accuracy: 1.0

2024-05-22 14:35:41,607 - INFO - Validation Stats
Loss:
  total: 4.460187977757947
Metrics:
  svhn_top1_accuracy: 0.1824263650281676
  svhn_top5_accuracy: 0.6289421700198075

2024-05-22 14:35:41,609 - INFO - Epoch 47/100
2024-05-22 14:35:42,998 - INFO - Train Stats
Loss:
  total: 0.3706314414739609
Metrics:
  svhn_top1_accuracy: 0.8988857567310333
  svhn_top5_accuracy: 0.9959016442298889

2024-05-22 14:35:47,602 - INFO - Validation Stats
Loss:
  total: 4.435344116441135
Metrics:
  svhn_top1_accuracy: 0.17990301729276262
  svhn_top5_accuracy: 0.6322108476326384

2024-05-22 14:35:47,603 - INFO - Epoch 48/100
2024-05-22 14:35:48,849 - INFO - Train Stats
Loss:
  total: 0.486261323094368
Metrics:
  svhn_top1_accuracy: 0.8680199682712555
  svhn_top5_accuracy: 0.9839907884597778

2024-05-22 14:35:53,264 - INFO - Validation Stats
Loss:
  total: 4.3667822213008485
Metrics:
  svhn_top1_accuracy: 0.18488685349965917
  svhn_top5_accuracy: 0.6295168821153969

2024-05-22 14:35:53,265 - INFO - Epoch 49/100
2024-05-22 14:35:54,526 - INFO - Train Stats
Loss:
  total: 0.35151493549346924
Metrics:
  svhn_top1_accuracy: 0.8551485538482666
  svhn_top5_accuracy: 1.0

2024-05-22 14:35:59,166 - INFO - Validation Stats
Loss:
  total: 4.415975862535937
Metrics:
  svhn_top1_accuracy: 0.18057650867207298
  svhn_top5_accuracy: 0.6330190372878107

2024-05-22 14:35:59,167 - INFO - Epoch 50/100
2024-05-22 14:36:00,530 - INFO - Train Stats
Loss:
  total: 0.32419587671756744
Metrics:
  svhn_top1_accuracy: 0.8965163826942444
  svhn_top5_accuracy: 0.99609375

2024-05-22 14:36:04,877 - INFO - Validation Stats
Loss:
  total: 4.801628918483339
Metrics:
  svhn_top1_accuracy: 0.1732668822695469
  svhn_top5_accuracy: 0.6241379308289495

2024-05-22 14:36:04,878 - INFO - Epoch 51/100
2024-05-22 14:36:06,164 - INFO - Train Stats
Loss:
  total: 0.36269843578338623
Metrics:
  svhn_top1_accuracy: 0.895555853843689
  svhn_top5_accuracy: 0.9959016442298889

2024-05-22 14:36:11,135 - INFO - Validation Stats
Loss:
  total: 4.952731880648383
Metrics:
  svhn_top1_accuracy: 0.17232399433851242
  svhn_top5_accuracy: 0.6152747848938251

2024-05-22 14:36:11,136 - INFO - Epoch 52/100
2024-05-22 14:36:12,513 - INFO - Train Stats
Loss:
  total: 0.3353895843029022
Metrics:
  svhn_top1_accuracy: 0.8881275653839111
  svhn_top5_accuracy: 0.99609375

2024-05-22 14:36:16,990 - INFO - Validation Stats
Loss:
  total: 4.765699748335214
Metrics:
  svhn_top1_accuracy: 0.17815193970655574
  svhn_top5_accuracy: 0.6242726291048115

2024-05-22 14:36:16,991 - INFO - Epoch 53/100
2024-05-22 14:36:18,178 - INFO - Train Stats
Loss:
  total: 0.17795509099960327
Metrics:
  svhn_top1_accuracy: 0.9437756240367889
  svhn_top5_accuracy: 1.0

2024-05-22 14:36:22,688 - INFO - Validation Stats
Loss:
  total: 5.065942887602182
Metrics:
  svhn_top1_accuracy: 0.1856950431548316
  svhn_top5_accuracy: 0.6188487790781876

2024-05-22 14:36:22,689 - INFO - Epoch 54/100
2024-05-22 14:36:24,016 - INFO - Train Stats
Loss:
  total: 0.2882290333509445
Metrics:
  svhn_top1_accuracy: 0.922899603843689
  svhn_top5_accuracy: 1.0

2024-05-22 14:36:28,625 - INFO - Validation Stats
Loss:
  total: 4.950777070275668
Metrics:
  svhn_top1_accuracy: 0.185865660936668
  svhn_top5_accuracy: 0.6133171700198075

2024-05-22 14:36:28,626 - INFO - Epoch 55/100
2024-05-22 14:36:29,888 - INFO - Train Stats
Loss:
  total: 0.2497672364115715
Metrics:
  svhn_top1_accuracy: 0.9279585182666779
  svhn_top5_accuracy: 1.0

2024-05-22 14:36:34,732 - INFO - Validation Stats
Loss:
  total: 5.132433932403038
Metrics:
  svhn_top1_accuracy: 0.17138110640747795
  svhn_top5_accuracy: 0.6093480607558941

2024-05-22 14:36:34,732 - INFO - Epoch 56/100
2024-05-22 14:36:35,989 - INFO - Train Stats
Loss:
  total: 0.3047470971941948
Metrics:
  svhn_top1_accuracy: 0.9236680269241333
  svhn_top5_accuracy: 1.0

2024-05-22 14:36:40,323 - INFO - Validation Stats
Loss:
  total: 5.259997318530905
Metrics:
  svhn_top1_accuracy: 0.1753232759134523
  svhn_top5_accuracy: 0.6061512211273457

2024-05-22 14:36:40,324 - INFO - Epoch 57/100
2024-05-22 14:36:41,559 - INFO - Train Stats
Loss:
  total: 0.33369462192058563
Metrics:
  svhn_top1_accuracy: 0.891649603843689
  svhn_top5_accuracy: 0.99609375

2024-05-22 14:36:46,267 - INFO - Validation Stats
Loss:
  total: 5.076509516814659
Metrics:
  svhn_top1_accuracy: 0.17778376438494387
  svhn_top5_accuracy: 0.6254130745756215

2024-05-22 14:36:46,268 - INFO - Epoch 58/100
2024-05-22 14:36:47,506 - INFO - Train Stats
Loss:
  total: 0.1728057935833931
Metrics:
  svhn_top1_accuracy: 0.9478739798069
  svhn_top5_accuracy: 1.0

2024-05-22 14:36:51,800 - INFO - Validation Stats
Loss:
  total: 5.189784041766463
Metrics:
  svhn_top1_accuracy: 0.1749551005918404
  svhn_top5_accuracy: 0.6296875004110665

2024-05-22 14:36:51,801 - INFO - Epoch 59/100
2024-05-22 14:36:53,100 - INFO - Train Stats
Loss:
  total: 0.33675517141819
Metrics:
  svhn_top1_accuracy: 0.8881275653839111
  svhn_top5_accuracy: 1.0

2024-05-22 14:36:57,635 - INFO - Validation Stats
Loss:
  total: 5.077574236639615
Metrics:
  svhn_top1_accuracy: 0.18111530177552124
  svhn_top5_accuracy: 0.6281070400928629

2024-05-22 14:36:57,636 - INFO - Epoch 60/100
2024-05-22 14:36:58,936 - INFO - Train Stats
Loss:
  total: 0.27381183952093124
Metrics:
  svhn_top1_accuracy: 0.9082351326942444
  svhn_top5_accuracy: 0.99609375

2024-05-22 14:37:03,441 - INFO - Validation Stats
Loss:
  total: 5.012790244201134
Metrics:
  svhn_top1_accuracy: 0.18950251438494387
  svhn_top5_accuracy: 0.6205998566643945

2024-05-22 14:37:06,463 - INFO - Epoch 61/100
2024-05-22 14:37:07,786 - INFO - Train Stats
Loss:
  total: 0.2543314918875694
Metrics:
  svhn_top1_accuracy: 0.9238601326942444
  svhn_top5_accuracy: 0.99609375

2024-05-22 14:37:12,570 - INFO - Validation Stats
Loss:
  total: 5.380105092607695
Metrics:
  svhn_top1_accuracy: 0.18192349143069367
  svhn_top5_accuracy: 0.6152029458818764

2024-05-22 14:37:12,570 - INFO - Epoch 62/100
2024-05-22 14:37:13,835 - INFO - Train Stats
Loss:
  total: 0.18362263590097427
Metrics:
  svhn_top1_accuracy: 0.9320568740367889
  svhn_top5_accuracy: 1.0

2024-05-22 14:37:18,336 - INFO - Validation Stats
Loss:
  total: 5.240633101298891
Metrics:
  svhn_top1_accuracy: 0.18030711212034883
  svhn_top5_accuracy: 0.6198545262731355

2024-05-22 14:37:18,337 - INFO - Epoch 63/100
2024-05-22 14:37:19,602 - INFO - Train Stats
Loss:
  total: 0.1230354905128479
Metrics:
  svhn_top1_accuracy: 0.9677894413471222
  svhn_top5_accuracy: 1.0

2024-05-22 14:37:24,293 - INFO - Validation Stats
Loss:
  total: 5.14390949134169
Metrics:
  svhn_top1_accuracy: 0.1833063936952887
  svhn_top5_accuracy: 0.62079741420417

2024-05-22 14:37:24,294 - INFO - Epoch 64/100
2024-05-22 14:37:25,557 - INFO - Train Stats
Loss:
  total: 0.3006260320544243
Metrics:
  svhn_top1_accuracy: 0.8957479596138
  svhn_top5_accuracy: 0.9959016442298889

2024-05-22 14:37:30,285 - INFO - Validation Stats
Loss:
  total: 5.157354432961037
Metrics:
  svhn_top1_accuracy: 0.18678160936668
  svhn_top5_accuracy: 0.6288164514919807

2024-05-22 14:37:30,286 - INFO - Epoch 65/100
2024-05-22 14:37:31,563 - INFO - Train Stats
Loss:
  total: 0.2953895628452301
Metrics:
  svhn_top1_accuracy: 0.9197617769241333
  svhn_top5_accuracy: 1.0

2024-05-22 14:37:36,513 - INFO - Validation Stats
Loss:
  total: 5.281427728718724
Metrics:
  svhn_top1_accuracy: 0.1810255030105854
  svhn_top5_accuracy: 0.6344378590583801

2024-05-22 14:37:36,514 - INFO - Epoch 66/100
2024-05-22 14:37:37,781 - INFO - Train Stats
Loss:
  total: 0.2901257947087288
Metrics:
  svhn_top1_accuracy: 0.9031762182712555
  svhn_top5_accuracy: 0.9959016442298889

2024-05-22 14:37:42,738 - INFO - Validation Stats
Loss:
  total: 5.406135337106113
Metrics:
  svhn_top1_accuracy: 0.17869971281495586
  svhn_top5_accuracy: 0.6277029452652767

2024-05-22 14:37:42,739 - INFO - Epoch 67/100
2024-05-22 14:37:44,044 - INFO - Train Stats
Loss:
  total: 0.44903644919395447
Metrics:
  svhn_top1_accuracy: 0.8600153625011444
  svhn_top5_accuracy: 0.9877049326896667

2024-05-22 14:37:48,685 - INFO - Validation Stats
Loss:
  total: 5.278567182606664
Metrics:
  svhn_top1_accuracy: 0.17033943970655574
  svhn_top5_accuracy: 0.6342403015186047

2024-05-22 14:37:48,686 - INFO - Epoch 68/100
2024-05-22 14:37:49,975 - INFO - Train Stats
Loss:
  total: 0.250796414911747
Metrics:
  svhn_top1_accuracy: 0.9115650653839111
  svhn_top5_accuracy: 1.0

2024-05-22 14:37:54,584 - INFO - Validation Stats
Loss:
  total: 5.37029479289877
Metrics:
  svhn_top1_accuracy: 0.16299389379805532
  svhn_top5_accuracy: 0.6276041670092221

2024-05-22 14:37:54,585 - INFO - Epoch 69/100
2024-05-22 14:37:55,827 - INFO - Train Stats
Loss:
  total: 0.269876092672348
Metrics:
  svhn_top1_accuracy: 0.9275742769241333
  svhn_top5_accuracy: 0.99609375

2024-05-22 14:38:00,192 - INFO - Validation Stats
Loss:
  total: 5.355943470165648
Metrics:
  svhn_top1_accuracy: 0.16485272990218525
  svhn_top5_accuracy: 0.6237966952652767

2024-05-22 14:38:00,193 - INFO - Epoch 70/100
2024-05-22 14:38:01,539 - INFO - Train Stats
Loss:
  total: 0.30864542722702026
Metrics:
  svhn_top1_accuracy: 0.9004226326942444
  svhn_top5_accuracy: 1.0

2024-05-22 14:38:06,064 - INFO - Validation Stats
Loss:
  total: 5.221717665935385
Metrics:
  svhn_top1_accuracy: 0.1737428161090818
  svhn_top5_accuracy: 0.627101292897915

2024-05-22 14:38:06,065 - INFO - Epoch 71/100
2024-05-22 14:38:07,364 - INFO - Train Stats
Loss:
  total: 0.3054739683866501
Metrics:
  svhn_top1_accuracy: 0.8959400653839111
  svhn_top5_accuracy: 1.0

2024-05-22 14:38:12,115 - INFO - Validation Stats
Loss:
  total: 5.246489200098761
Metrics:
  svhn_top1_accuracy: 0.17310524449266237
  svhn_top5_accuracy: 0.6330280170358461

2024-05-22 14:38:12,116 - INFO - Epoch 72/100
2024-05-22 14:38:13,352 - INFO - Train Stats
Loss:
  total: 0.2841227650642395
Metrics:
  svhn_top1_accuracy: 0.903368353843689
  svhn_top5_accuracy: 1.0

2024-05-22 14:38:17,778 - INFO - Validation Stats
Loss:
  total: 5.063126621575191
Metrics:
  svhn_top1_accuracy: 0.17266522990218525
  svhn_top5_accuracy: 0.6324263646684843

2024-05-22 14:38:17,779 - INFO - Epoch 73/100
2024-05-22 14:38:19,051 - INFO - Train Stats
Loss:
  total: 0.21774327754974365
Metrics:
  svhn_top1_accuracy: 0.9201460182666779
  svhn_top5_accuracy: 1.0

2024-05-22 14:38:23,633 - INFO - Validation Stats
Loss:
  total: 5.004034576744869
Metrics:
  svhn_top1_accuracy: 0.17913074714356456
  svhn_top5_accuracy: 0.6348150146418604

2024-05-22 14:38:23,634 - INFO - Epoch 74/100
2024-05-22 14:38:24,947 - INFO - Train Stats
Loss:
  total: 0.1830010712146759
Metrics:
  svhn_top1_accuracy: 0.9519723355770111
  svhn_top5_accuracy: 1.0

2024-05-22 14:38:29,587 - INFO - Validation Stats
Loss:
  total: 4.969682389292224
Metrics:
  svhn_top1_accuracy: 0.18424928162632317
  svhn_top5_accuracy: 0.6395294542970329

2024-05-22 14:38:29,588 - INFO - Epoch 75/100
2024-05-22 14:38:30,930 - INFO - Train Stats
Loss:
  total: 0.24936701357364655
Metrics:
  svhn_top1_accuracy: 0.9158555269241333
  svhn_top5_accuracy: 1.0

2024-05-22 14:38:35,448 - INFO - Validation Stats
Loss:
  total: 4.987798559254613
Metrics:
  svhn_top1_accuracy: 0.18090876448771048
  svhn_top5_accuracy: 0.6395653732891741

2024-05-22 14:38:35,449 - INFO - Epoch 76/100
2024-05-22 14:38:36,731 - INFO - Train Stats
Loss:
  total: 0.24521243572235107
Metrics:
  svhn_top1_accuracy: 0.915087103843689
  svhn_top5_accuracy: 1.0

2024-05-22 14:38:41,452 - INFO - Validation Stats
Loss:
  total: 4.9209202897959745
Metrics:
  svhn_top1_accuracy: 0.18579382192471933
  svhn_top5_accuracy: 0.6426275146418604

2024-05-22 14:38:41,453 - INFO - Epoch 77/100
2024-05-22 14:38:42,734 - INFO - Train Stats
Loss:
  total: 0.23550360649824142
Metrics:
  svhn_top1_accuracy: 0.9236680269241333
  svhn_top5_accuracy: 0.9959016442298889

2024-05-22 14:38:47,197 - INFO - Validation Stats
Loss:
  total: 4.848167218011001
Metrics:
  svhn_top1_accuracy: 0.19172054606265035
  svhn_top5_accuracy: 0.6331986353315157

2024-05-22 14:38:47,198 - INFO - Epoch 78/100
2024-05-22 14:38:48,466 - INFO - Train Stats
Loss:
  total: 0.13665159791707993
Metrics:
  svhn_top1_accuracy: 0.9597848355770111
  svhn_top5_accuracy: 1.0

2024-05-22 14:38:52,859 - INFO - Validation Stats
Loss:
  total: 4.891629362928456
Metrics:
  svhn_top1_accuracy: 0.18775143679873696
  svhn_top5_accuracy: 0.6207704739323978

2024-05-22 14:38:52,860 - INFO - Epoch 79/100
2024-05-22 14:38:54,152 - INFO - Train Stats
Loss:
  total: 0.13053211942315102
Metrics:
  svhn_top1_accuracy: 0.9681736826896667
  svhn_top5_accuracy: 1.0

2024-05-22 14:38:58,552 - INFO - Validation Stats
Loss:
  total: 5.156044392750181
Metrics:
  svhn_top1_accuracy: 0.19031070404011627
  svhn_top5_accuracy: 0.6193606319098637

2024-05-22 14:38:58,553 - INFO - Epoch 80/100
2024-05-22 14:38:59,770 - INFO - Train Stats
Loss:
  total: 0.23057782649993896
Metrics:
  svhn_top1_accuracy: 0.9316726326942444
  svhn_top5_accuracy: 1.0

2024-05-22 14:39:04,352 - INFO - Validation Stats
Loss:
  total: 5.289575617888878
Metrics:
  svhn_top1_accuracy: 0.19340876438494387
  svhn_top5_accuracy: 0.617025862480032

2024-05-22 14:39:04,353 - INFO - Epoch 81/100
2024-05-22 14:39:05,716 - INFO - Train Stats
Loss:
  total: 0.08567005023360252
Metrics:
  svhn_top1_accuracy: 0.9800845384597778
  svhn_top5_accuracy: 0.99609375

2024-05-22 14:39:10,175 - INFO - Validation Stats
Loss:
  total: 5.365355039465016
Metrics:
  svhn_top1_accuracy: 0.18956537364885725
  svhn_top5_accuracy: 0.6175017963195669

2024-05-22 14:39:10,176 - INFO - Epoch 82/100
2024-05-22 14:39:11,390 - INFO - Train Stats
Loss:
  total: 0.1092444360256195
Metrics:
  svhn_top1_accuracy: 0.9640752971172333
  svhn_top5_accuracy: 1.0

2024-05-22 14:39:15,942 - INFO - Validation Stats
Loss:
  total: 5.371134018075877
Metrics:
  svhn_top1_accuracy: 0.18565912364885725
  svhn_top5_accuracy: 0.619423491173777

2024-05-22 14:39:15,943 - INFO - Epoch 83/100
2024-05-22 14:39:17,199 - INFO - Train Stats
Loss:
  total: 0.22772332653403282
Metrics:
  svhn_top1_accuracy: 0.9211065471172333
  svhn_top5_accuracy: 1.0

2024-05-22 14:39:21,736 - INFO - Validation Stats
Loss:
  total: 5.142334600974774
Metrics:
  svhn_top1_accuracy: 0.19381285921253008
  svhn_top5_accuracy: 0.6292564653117081

2024-05-22 14:39:21,737 - INFO - Epoch 84/100
2024-05-22 14:39:23,014 - INFO - Train Stats
Loss:
  total: 0.13115358352661133
Metrics:
  svhn_top1_accuracy: 0.9679815471172333
  svhn_top5_accuracy: 1.0

2024-05-22 14:39:27,320 - INFO - Validation Stats
Loss:
  total: 4.897066605502162
Metrics:
  svhn_top1_accuracy: 0.2042205462168003
  svhn_top5_accuracy: 0.6357219825530874

2024-05-22 14:39:27,322 - INFO - Epoch 85/100
2024-05-22 14:39:28,614 - INFO - Train Stats
Loss:
  total: 0.3257026933133602
Metrics:
  svhn_top1_accuracy: 0.9594006240367889
  svhn_top5_accuracy: 0.9959016442298889

2024-05-22 14:39:32,954 - INFO - Validation Stats
Loss:
  total: 4.742491549458997
Metrics:
  svhn_top1_accuracy: 0.209473778975421
  svhn_top5_accuracy: 0.6399964083885324

2024-05-22 14:39:32,954 - INFO - Epoch 86/100
2024-05-22 14:39:34,255 - INFO - Train Stats
Loss:
  total: 0.1401582770049572
Metrics:
  svhn_top1_accuracy: 0.9525486826896667
  svhn_top5_accuracy: 1.0

2024-05-22 14:39:38,665 - INFO - Validation Stats
Loss:
  total: 4.866025801362662
Metrics:
  svhn_top1_accuracy: 0.20243354886770248
  svhn_top5_accuracy: 0.6435704025728949

2024-05-22 14:39:38,666 - INFO - Epoch 87/100
2024-05-22 14:39:39,948 - INFO - Train Stats
Loss:
  total: 0.10697957873344421
Metrics:
  svhn_top1_accuracy: 0.9681736826896667
  svhn_top5_accuracy: 0.99609375

2024-05-22 14:39:44,114 - INFO - Validation Stats
Loss:
  total: 5.225040509782988
Metrics:
  svhn_top1_accuracy: 0.1930316093152967
  svhn_top5_accuracy: 0.6415499284349638

2024-05-22 14:39:44,115 - INFO - Epoch 88/100
2024-05-22 14:39:45,465 - INFO - Train Stats
Loss:
  total: 0.2606571614742279
Metrics:
  svhn_top1_accuracy: 0.9363473355770111
  svhn_top5_accuracy: 0.9959016442298889

2024-05-22 14:39:49,766 - INFO - Validation Stats
Loss:
  total: 5.246560154290035
Metrics:
  svhn_top1_accuracy: 0.19233117817804732
  svhn_top5_accuracy: 0.642860991173777

2024-05-22 14:39:49,767 - INFO - Epoch 89/100
2024-05-22 14:39:51,061 - INFO - Train Stats
Loss:
  total: 0.11421888321638107
Metrics:
  svhn_top1_accuracy: 0.9562627971172333
  svhn_top5_accuracy: 1.0

2024-05-22 14:39:55,518 - INFO - Validation Stats
Loss:
  total: 5.123467708456105
Metrics:
  svhn_top1_accuracy: 0.19785380748839215
  svhn_top5_accuracy: 0.6378771549668806

2024-05-22 14:39:55,519 - INFO - Epoch 90/100
2024-05-22 14:39:56,796 - INFO - Train Stats
Loss:
  total: 0.12961182370781898
Metrics:
  svhn_top1_accuracy: 0.9515881240367889
  svhn_top5_accuracy: 1.0

2024-05-22 14:40:01,285 - INFO - Validation Stats
Loss:
  total: 5.038072290091679
Metrics:
  svhn_top1_accuracy: 0.2046246410443865
  svhn_top5_accuracy: 0.6340696842506014

2024-05-22 14:40:04,286 - INFO - Epoch 91/100
2024-05-22 14:40:05,668 - INFO - Train Stats
Loss:
  total: 0.07811359688639641
Metrics:
  svhn_top1_accuracy: 0.9679815471172333
  svhn_top5_accuracy: 1.0

2024-05-22 14:40:10,257 - INFO - Validation Stats
Loss:
  total: 4.978950146971078
Metrics:
  svhn_top1_accuracy: 0.20991379330898152
  svhn_top5_accuracy: 0.6335668101392943

2024-05-22 14:40:10,258 - INFO - Epoch 92/100
2024-05-22 14:40:11,582 - INFO - Train Stats
Loss:
  total: 0.1215038001537323
Metrics:
  svhn_top1_accuracy: 0.9556864798069
  svhn_top5_accuracy: 1.0

2024-05-22 14:40:16,120 - INFO - Validation Stats
Loss:
  total: 5.081035877096242
Metrics:
  svhn_top1_accuracy: 0.21058728468829188
  svhn_top5_accuracy: 0.642860991173777

2024-05-22 14:40:16,121 - INFO - Epoch 93/100
2024-05-22 14:40:17,467 - INFO - Train Stats
Loss:
  total: 0.1919369325041771
Metrics:
  svhn_top1_accuracy: 0.9283427298069
  svhn_top5_accuracy: 1.0

2024-05-22 14:40:22,304 - INFO - Validation Stats
Loss:
  total: 5.09897478284507
Metrics:
  svhn_top1_accuracy: 0.21149425311335202
  svhn_top5_accuracy: 0.6490930318832397

2024-05-22 14:40:22,305 - INFO - Epoch 94/100
2024-05-22 14:40:23,554 - INFO - Train Stats
Loss:
  total: 0.08558329939842224
Metrics:
  svhn_top1_accuracy: 0.9759861826896667
  svhn_top5_accuracy: 1.0

2024-05-22 14:40:28,064 - INFO - Validation Stats
Loss:
  total: 5.137646560011239
Metrics:
  svhn_top1_accuracy: 0.20516343414783478
  svhn_top5_accuracy: 0.6532327584151564

2024-05-22 14:40:28,065 - INFO - Epoch 95/100
2024-05-22 14:40:29,250 - INFO - Train Stats
Loss:
  total: 0.10514291375875473
Metrics:
  svhn_top1_accuracy: 0.9679815471172333
  svhn_top5_accuracy: 1.0

2024-05-22 14:40:33,823 - INFO - Validation Stats
Loss:
  total: 5.303980120297136
Metrics:
  svhn_top1_accuracy: 0.20125718414783478
  svhn_top5_accuracy: 0.6568696118634323

2024-05-22 14:40:33,824 - INFO - Epoch 96/100
2024-05-22 14:40:35,011 - INFO - Train Stats
Loss:
  total: 0.12748847901821136
Metrics:
  svhn_top1_accuracy: 0.9513960182666779
  svhn_top5_accuracy: 1.0

2024-05-22 14:40:39,430 - INFO - Validation Stats
Loss:
  total: 5.362200046407765
Metrics:
  svhn_top1_accuracy: 0.19912895123506413
  svhn_top5_accuracy: 0.6552173135609463

2024-05-22 14:40:39,431 - INFO - Epoch 97/100
2024-05-22 14:40:40,753 - INFO - Train Stats
Loss:
  total: 0.1380770280957222
Metrics:
  svhn_top1_accuracy: 0.9597848355770111
  svhn_top5_accuracy: 1.0

2024-05-22 14:40:45,455 - INFO - Validation Stats
Loss:
  total: 5.501305703459115
Metrics:
  svhn_top1_accuracy: 0.2042115662118484
  svhn_top5_accuracy: 0.6544719831696872

2024-05-22 14:40:45,456 - INFO - Epoch 98/100
2024-05-22 14:40:46,752 - INFO - Train Stats
Loss:
  total: 0.16131363809108734
Metrics:
  svhn_top1_accuracy: 0.9484502971172333
  svhn_top5_accuracy: 0.9959016442298889

2024-05-22 14:40:51,362 - INFO - Validation Stats
Loss:
  total: 5.101179229802098
Metrics:
  svhn_top1_accuracy: 0.20781250002569165
  svhn_top5_accuracy: 0.6579112790781876

2024-05-22 14:40:51,363 - INFO - Epoch 99/100
2024-05-22 14:40:52,685 - INFO - Train Stats
Loss:
  total: 0.1588439755141735
Metrics:
  svhn_top1_accuracy: 0.9599769413471222
  svhn_top5_accuracy: 1.0

2024-05-22 14:40:57,370 - INFO - Validation Stats
Loss:
  total: 4.935568834173268
Metrics:
  svhn_top1_accuracy: 0.20713900864638132
  svhn_top5_accuracy: 0.6535739939788292

2024-05-22 14:40:57,371 - INFO - Epoch 100/100
2024-05-22 14:40:58,553 - INFO - Train Stats
Loss:
  total: 0.14375032484531403
Metrics:
  svhn_top1_accuracy: 0.9517802298069
  svhn_top5_accuracy: 1.0

2024-05-22 14:41:03,171 - INFO - Validation Stats
Loss:
  total: 5.003396067126044
Metrics:
  svhn_top1_accuracy: 0.20272988517736568
  svhn_top5_accuracy: 0.6556573273806736

2024-05-22 14:41:06,092 - INFO - Best validation loss: 2.276312153914879
2024-05-22 14:41:08,042 - INFO - Best model saved to /home/up201905337/exploring-label-efficiency/weights/sl_svhn_resnet50_250l.pth
2024-05-22 14:41:08,046 - INFO - Training took 595.1910843849182 seconds to complete
