2024-06-25 14:55:48,913 - INFO - Loading configuration files...
2024-06-25 14:55:49,322 - INFO - Loading model configuration
args:
  backbone: mobilenet_v3_large
  num_classes: 20
class: DeepLabV3

2024-06-25 14:55:49,474 - INFO - Loading train_dataset configuration
args:
  mode: coarse
  root: /data/auto/cityscapes
  train_val_split: 2475
class: UnsupervisedCityscapesSeg

2024-06-25 14:55:49,485 - INFO - Loading optimizer configuration
args:
  lr: 0.0003
class: Adam

2024-06-25 14:55:49,492 - INFO - Loading method configuration
args:
  color_jitter_strength: 1.0
  projection_dim: 128
  temperature: 0.5
class: SimCLRCityscapes

2024-06-25 14:55:49,508 - INFO - Loading metrics configuration
simclr_deeplabv3_top1_accuracy:
  args:
    num_classes: 16
    task: multiclass
    top_k: 1
  class: Accuracy
simclr_deeplabv3_top5_accuracy:
  args:
    num_classes: 16
    task: multiclass
    top_k: 5
  class: Accuracy

2024-06-25 14:55:49,508 - INFO - Loading hyperparameters configuration
batch_size: 8
ema_decay: null
epochs: 50
max_num_samples: 10000
num_workers: 4
save_freq: 30

2024-06-25 14:55:50,054 - INFO - Using device: cuda
2024-06-25 14:55:50,664 - INFO - Training for 50 epochs
2024-06-25 14:55:50,664 - INFO - Epoch 1/50
2024-06-25 15:03:56,815 - INFO - Train Stats
Loss:
  total: .nan
Metrics:
  simclr_deeplabv3_top1_accuracy: 0.4061
  simclr_deeplabv3_top5_accuracy: 0.66525

2024-06-25 15:03:56,816 - INFO - Epoch 2/50
2024-06-25 15:11:26,746 - INFO - Train Stats
Loss:
  total: .nan
Metrics:
  simclr_deeplabv3_top1_accuracy: 0.125
  simclr_deeplabv3_top5_accuracy: 0.375

2024-06-25 15:11:26,749 - INFO - Epoch 3/50
2024-06-25 15:18:52,318 - INFO - Train Stats
Loss:
  total: .nan
Metrics:
  simclr_deeplabv3_top1_accuracy: 0.125
  simclr_deeplabv3_top5_accuracy: 0.375

2024-06-25 15:18:52,319 - INFO - Epoch 4/50
2024-06-25 15:26:42,975 - INFO - Train Stats
Loss:
  total: .nan
Metrics:
  simclr_deeplabv3_top1_accuracy: 0.125
  simclr_deeplabv3_top5_accuracy: 0.375

2024-06-25 15:26:42,976 - INFO - Epoch 5/50
2024-06-25 15:34:22,771 - INFO - Train Stats
Loss:
  total: .nan
Metrics:
  simclr_deeplabv3_top1_accuracy: 0.125
  simclr_deeplabv3_top5_accuracy: 0.375

2024-06-25 15:34:22,778 - INFO - Epoch 6/50
2024-06-25 15:41:52,514 - INFO - Train Stats
Loss:
  total: .nan
Metrics:
  simclr_deeplabv3_top1_accuracy: 0.125
  simclr_deeplabv3_top5_accuracy: 0.375

2024-06-25 15:41:52,514 - INFO - Epoch 7/50
2024-06-25 15:49:06,216 - INFO - Train Stats
Loss:
  total: .nan
Metrics:
  simclr_deeplabv3_top1_accuracy: 0.125
  simclr_deeplabv3_top5_accuracy: 0.375

2024-06-25 15:49:06,216 - INFO - Epoch 8/50
2024-06-25 15:56:35,817 - INFO - Train Stats
Loss:
  total: .nan
Metrics:
  simclr_deeplabv3_top1_accuracy: 0.125
  simclr_deeplabv3_top5_accuracy: 0.375

2024-06-25 15:56:35,827 - INFO - Epoch 9/50
2024-06-25 16:04:08,845 - INFO - Train Stats
Loss:
  total: .nan
Metrics:
  simclr_deeplabv3_top1_accuracy: 0.125
  simclr_deeplabv3_top5_accuracy: 0.375

2024-06-25 16:04:08,845 - INFO - Epoch 10/50
2024-06-25 16:12:00,204 - INFO - Train Stats
Loss:
  total: .nan
Metrics:
  simclr_deeplabv3_top1_accuracy: 0.125
  simclr_deeplabv3_top5_accuracy: 0.375

2024-06-25 16:12:00,205 - INFO - Epoch 11/50
2024-06-25 16:19:31,433 - INFO - Train Stats
Loss:
  total: .nan
Metrics:
  simclr_deeplabv3_top1_accuracy: 0.125
  simclr_deeplabv3_top5_accuracy: 0.375

2024-06-25 16:19:31,434 - INFO - Epoch 12/50
2024-06-25 16:27:01,262 - INFO - Train Stats
Loss:
  total: .nan
Metrics:
  simclr_deeplabv3_top1_accuracy: 0.125
  simclr_deeplabv3_top5_accuracy: 0.375

2024-06-25 16:27:01,262 - INFO - Epoch 13/50
2024-06-25 16:34:32,950 - INFO - Train Stats
Loss:
  total: .nan
Metrics:
  simclr_deeplabv3_top1_accuracy: 0.125
  simclr_deeplabv3_top5_accuracy: 0.375

2024-06-25 16:34:32,950 - INFO - Epoch 14/50
2024-06-25 16:41:57,990 - INFO - Train Stats
Loss:
  total: .nan
Metrics:
  simclr_deeplabv3_top1_accuracy: 0.125
  simclr_deeplabv3_top5_accuracy: 0.375

2024-06-25 16:41:57,990 - INFO - Epoch 15/50
2024-06-25 16:49:52,986 - INFO - Train Stats
Loss:
  total: .nan
Metrics:
  simclr_deeplabv3_top1_accuracy: 0.125
  simclr_deeplabv3_top5_accuracy: 0.375

2024-06-25 16:49:52,987 - INFO - Epoch 16/50
2024-06-25 16:57:32,630 - INFO - Train Stats
Loss:
  total: .nan
Metrics:
  simclr_deeplabv3_top1_accuracy: 0.125
  simclr_deeplabv3_top5_accuracy: 0.375

2024-06-25 16:57:32,630 - INFO - Epoch 17/50
2024-06-25 17:05:11,941 - INFO - Train Stats
Loss:
  total: .nan
Metrics:
  simclr_deeplabv3_top1_accuracy: 0.125
  simclr_deeplabv3_top5_accuracy: 0.375

2024-06-25 17:05:11,942 - INFO - Epoch 18/50
