2024-05-06 15:05:53,320 - INFO - Loading configuration files...
2024-05-06 15:05:55,495 - INFO - Loading model configuration
args:
  num_classes: 10
class: ResNet50

2024-05-06 15:06:01,551 - INFO - Loading train_dataset configuration
args:
  root: ./data/
  train_val_split: 0.9
class: UnsupervisedCIFAR10

2024-05-06 15:06:01,645 - INFO - Loading optimizer configuration
args:
  lr: 0.0003
class: Adam

2024-05-06 15:06:01,655 - INFO - Loading method configuration
args:
  color_jitter_strength: 1.0
  projection_dim: 64
  temperature: 0.5
class: SimCLRCIFAR10

2024-05-06 15:06:01,737 - INFO - Loading metrics configuration
simclr_top1_accuracy:
  args:
    num_classes: 256
    task: multiclass
    top_k: 1
  class: Accuracy
simclr_top5_accuracy:
  args:
    num_classes: 256
    task: multiclass
    top_k: 5
  class: Accuracy

2024-05-06 15:06:01,740 - INFO - Loading hyperparameters configuration
batch_size: 128
ema_decay: null
epochs: 200
max_num_samples: -1
num_workers: 4
save_freq: 30

2024-05-06 15:06:02,200 - INFO - Using device: cuda
2024-05-06 15:06:02,903 - INFO - Training for 200 epochs
2024-05-06 15:06:02,903 - INFO - Epoch 1/200
2024-05-06 15:08:32,901 - INFO - Train Stats
Loss:
  total: 4.911136523950473
Metrics:
  simclr_top1_accuracy: 0.04785434472934473
  simclr_top5_accuracy: 0.16188123219373218

2024-05-06 15:08:35,879 - INFO - Epoch 2/200
2024-05-06 15:10:56,107 - INFO - Train Stats
Loss:
  total: 4.5754086339575615
Metrics:
  simclr_top1_accuracy: 0.1479255698005698
  simclr_top5_accuracy: 0.3570713141025641

2024-05-06 15:10:59,065 - INFO - Epoch 3/200
2024-05-06 15:13:08,664 - INFO - Train Stats
Loss:
  total: 4.484454821317624
Metrics:
  simclr_top1_accuracy: 0.20836672008547008
  simclr_top5_accuracy: 0.43831241096866097

2024-05-06 15:13:09,160 - INFO - Epoch 4/200
2024-05-06 15:15:18,440 - INFO - Train Stats
Loss:
  total: 4.419483379760699
Metrics:
  simclr_top1_accuracy: 0.24446892806267806
  simclr_top5_accuracy: 0.49554843304843305

2024-05-06 15:15:18,904 - INFO - Epoch 5/200
2024-05-06 15:17:26,669 - INFO - Train Stats
Loss:
  total: 4.355871517773707
Metrics:
  simclr_top1_accuracy: 0.30249510327635326
  simclr_top5_accuracy: 0.5540420227920227

2024-05-06 15:17:27,141 - INFO - Epoch 6/200
2024-05-06 15:19:36,762 - INFO - Train Stats
Loss:
  total: 4.371211104243569
Metrics:
  simclr_top1_accuracy: 0.31222177706552706
  simclr_top5_accuracy: 0.5520610754985755

2024-05-06 15:19:36,762 - INFO - Epoch 7/200
2024-05-06 15:21:45,428 - INFO - Train Stats
Loss:
  total: 4.307519466449053
Metrics:
  simclr_top1_accuracy: 0.369480056980057
  simclr_top5_accuracy: 0.6216168091168092

2024-05-06 15:21:45,894 - INFO - Epoch 8/200
2024-05-06 15:23:58,708 - INFO - Train Stats
Loss:
  total: 4.3369250345094255
Metrics:
  simclr_top1_accuracy: 0.36828926282051283
  simclr_top5_accuracy: 0.6018184650997151

2024-05-06 15:23:58,709 - INFO - Epoch 9/200
2024-05-06 15:26:07,978 - INFO - Train Stats
Loss:
  total: 4.282501284553115
Metrics:
  simclr_top1_accuracy: 0.4111912393162393
  simclr_top5_accuracy: 0.6541688924501424

2024-05-06 15:26:08,462 - INFO - Epoch 10/200
2024-05-06 15:28:15,939 - INFO - Train Stats
Loss:
  total: 4.262985239681016
Metrics:
  simclr_top1_accuracy: 0.4374554843304843
  simclr_top5_accuracy: 0.6716969373219374

2024-05-06 15:28:16,404 - INFO - Epoch 11/200
2024-05-06 15:30:25,517 - INFO - Train Stats
Loss:
  total: 4.250398432087694
Metrics:
  simclr_top1_accuracy: 0.44655893874643876
  simclr_top5_accuracy: 0.681701834045584

2024-05-06 15:30:25,992 - INFO - Epoch 12/200
2024-05-06 15:32:35,316 - INFO - Train Stats
Loss:
  total: 4.202462362088369
Metrics:
  simclr_top1_accuracy: 0.4977519586894587
  simclr_top5_accuracy: 0.7238359152421653

2024-05-06 15:32:35,773 - INFO - Epoch 13/200
2024-05-06 15:34:44,083 - INFO - Train Stats
Loss:
  total: 4.203333313988145
Metrics:
  simclr_top1_accuracy: 0.5033052884615384
  simclr_top5_accuracy: 0.7264512108262108

2024-05-06 15:34:44,083 - INFO - Epoch 14/200
2024-05-06 15:36:51,201 - INFO - Train Stats
Loss:
  total: 4.1867811937957065
Metrics:
  simclr_top1_accuracy: 0.5234152421652422
  simclr_top5_accuracy: 0.7413417022792023

2024-05-06 15:36:51,679 - INFO - Epoch 15/200
2024-05-06 15:38:59,177 - INFO - Train Stats
Loss:
  total: 4.187292698781375
Metrics:
  simclr_top1_accuracy: 0.5241497507122507
  simclr_top5_accuracy: 0.7391381766381766

2024-05-06 15:38:59,177 - INFO - Epoch 16/200
2024-05-06 15:41:07,391 - INFO - Train Stats
Loss:
  total: 4.185798523432848
Metrics:
  simclr_top1_accuracy: 0.5330751424501424
  simclr_top5_accuracy: 0.7383368945868946

2024-05-06 15:41:07,857 - INFO - Epoch 17/200
2024-05-06 15:43:14,628 - INFO - Train Stats
Loss:
  total: 4.174444526688665
Metrics:
  simclr_top1_accuracy: 0.5458733974358975
  simclr_top5_accuracy: 0.7498887108262108

2024-05-06 15:43:15,100 - INFO - Epoch 18/200
2024-05-06 15:45:21,854 - INFO - Train Stats
Loss:
  total: 4.1616454925971835
Metrics:
  simclr_top1_accuracy: 0.5581152065527065
  simclr_top5_accuracy: 0.7623530982905983

2024-05-06 15:45:22,324 - INFO - Epoch 19/200
2024-05-06 15:47:30,231 - INFO - Train Stats
Loss:
  total: 4.1516069870049455
Metrics:
  simclr_top1_accuracy: 0.5680088141025641
  simclr_top5_accuracy: 0.7692196403133903

2024-05-06 15:47:30,707 - INFO - Epoch 20/200
2024-05-06 15:49:39,337 - INFO - Train Stats
Loss:
  total: 4.166158956679863
Metrics:
  simclr_top1_accuracy: 0.5623664529914529
  simclr_top5_accuracy: 0.7557759081196581

2024-05-06 15:49:39,338 - INFO - Epoch 21/200
2024-05-06 15:51:45,873 - INFO - Train Stats
Loss:
  total: 4.1383938429362415
Metrics:
  simclr_top1_accuracy: 0.5857928240740741
  simclr_top5_accuracy: 0.7805822649572649

2024-05-06 15:51:46,343 - INFO - Epoch 22/200
2024-05-06 15:53:53,408 - INFO - Train Stats
Loss:
  total: 4.134092976225068
Metrics:
  simclr_top1_accuracy: 0.5971888354700855
  simclr_top5_accuracy: 0.7870036502849003

2024-05-06 15:53:53,875 - INFO - Epoch 23/200
2024-05-06 15:56:01,068 - INFO - Train Stats
Loss:
  total: 4.118782925130295
Metrics:
  simclr_top1_accuracy: 0.6091412927350427
  simclr_top5_accuracy: 0.7952279202279202

2024-05-06 15:56:01,533 - INFO - Epoch 24/200
2024-05-06 15:58:09,092 - INFO - Train Stats
Loss:
  total: 4.131385685711504
Metrics:
  simclr_top1_accuracy: 0.6058471331908832
  simclr_top5_accuracy: 0.7870259081196581

2024-05-06 15:58:09,092 - INFO - Epoch 25/200
2024-05-06 16:00:17,473 - INFO - Train Stats
Loss:
  total: 4.109565332064941
Metrics:
  simclr_top1_accuracy: 0.6213831018518519
  simclr_top5_accuracy: 0.8077479522792023

2024-05-06 16:00:17,950 - INFO - Epoch 26/200
2024-05-06 16:02:27,578 - INFO - Train Stats
Loss:
  total: 4.13209376851378
Metrics:
  simclr_top1_accuracy: 0.6040219907407407
  simclr_top5_accuracy: 0.7839877136752137

2024-05-06 16:02:27,578 - INFO - Epoch 27/200
2024-05-06 16:04:35,349 - INFO - Train Stats
Loss:
  total: 4.113042167109302
Metrics:
  simclr_top1_accuracy: 0.6215277777777778
  simclr_top5_accuracy: 0.8035412215099715

2024-05-06 16:04:35,349 - INFO - Epoch 28/200
2024-05-06 16:06:43,561 - INFO - Train Stats
Loss:
  total: 4.114830745930686
Metrics:
  simclr_top1_accuracy: 0.6278823896011396
  simclr_top5_accuracy: 0.7983106303418803

2024-05-06 16:06:43,561 - INFO - Epoch 29/200
2024-05-06 16:08:51,367 - INFO - Train Stats
Loss:
  total: 4.102756296467577
Metrics:
  simclr_top1_accuracy: 0.6362847222222222
  simclr_top5_accuracy: 0.8065015135327636

2024-05-06 16:08:51,903 - INFO - Epoch 30/200
2024-05-06 16:10:59,596 - INFO - Train Stats
Loss:
  total: 4.083235961419565
Metrics:
  simclr_top1_accuracy: 0.6486044337606838
  simclr_top5_accuracy: 0.8221821581196581

2024-05-06 16:11:00,582 - INFO - Epoch 31/200
2024-05-06 16:13:07,738 - INFO - Train Stats
Loss:
  total: 4.113350606711841
Metrics:
  simclr_top1_accuracy: 0.6247217770655271
  simclr_top5_accuracy: 0.7991452991452992

2024-05-06 16:13:07,739 - INFO - Epoch 32/200
2024-05-06 16:15:17,650 - INFO - Train Stats
Loss:
  total: 4.110607613865127
Metrics:
  simclr_top1_accuracy: 0.6212272970085471
  simclr_top5_accuracy: 0.8037971866096866

2024-05-06 16:15:17,650 - INFO - Epoch 33/200
2024-05-06 16:17:28,002 - INFO - Train Stats
Loss:
  total: 4.083156505541244
Metrics:
  simclr_top1_accuracy: 0.6464788105413105
  simclr_top5_accuracy: 0.8189547720797721

2024-05-06 16:17:28,504 - INFO - Epoch 34/200
2024-05-06 16:19:38,416 - INFO - Train Stats
Loss:
  total: 4.100743832411589
Metrics:
  simclr_top1_accuracy: 0.6342370014245015
  simclr_top5_accuracy: 0.8066795762108262

2024-05-06 16:19:38,416 - INFO - Epoch 35/200
2024-05-06 16:21:45,667 - INFO - Train Stats
Loss:
  total: 4.113258791105699
Metrics:
  simclr_top1_accuracy: 0.6215834223646723
  simclr_top5_accuracy: 0.7990451388888888

2024-05-06 16:21:45,667 - INFO - Epoch 36/200
2024-05-06 16:23:53,465 - INFO - Train Stats
Loss:
  total: 4.056290827585421
Metrics:
  simclr_top1_accuracy: 0.6775952635327636
  simclr_top5_accuracy: 0.8379629629629629

2024-05-06 16:23:54,016 - INFO - Epoch 37/200
2024-05-06 16:26:04,480 - INFO - Train Stats
Loss:
  total: 4.064539378864473
Metrics:
  simclr_top1_accuracy: 0.6646857193732194
  simclr_top5_accuracy: 0.8347912215099715

2024-05-06 16:26:04,481 - INFO - Epoch 38/200
2024-05-06 16:28:14,152 - INFO - Train Stats
Loss:
  total: 4.0723768326631635
Metrics:
  simclr_top1_accuracy: 0.6615918803418803
  simclr_top5_accuracy: 0.8258547008547008

2024-05-06 16:28:14,152 - INFO - Epoch 39/200
2024-05-06 16:30:32,133 - INFO - Train Stats
Loss:
  total: 4.095559355200526
Metrics:
  simclr_top1_accuracy: 0.6383658297720798
  simclr_top5_accuracy: 0.8079260149572649

2024-05-06 16:30:32,134 - INFO - Epoch 40/200
2024-05-06 16:32:53,333 - INFO - Train Stats
Loss:
  total: 4.1076145151741486
Metrics:
  simclr_top1_accuracy: 0.6316662215099715
  simclr_top5_accuracy: 0.7986890135327636

2024-05-06 16:32:53,334 - INFO - Epoch 41/200
2024-05-06 16:35:03,221 - INFO - Train Stats
Loss:
  total: 4.081076361854532
Metrics:
  simclr_top1_accuracy: 0.6599336716524217
  simclr_top5_accuracy: 0.8176749465811965

2024-05-06 16:35:03,221 - INFO - Epoch 42/200
2024-05-06 16:37:10,471 - INFO - Train Stats
Loss:
  total: 4.08701449649626
Metrics:
  simclr_top1_accuracy: 0.6509860220797721
  simclr_top5_accuracy: 0.8153712606837606

2024-05-06 16:37:10,471 - INFO - Epoch 43/200
2024-05-06 16:39:18,291 - INFO - Train Stats
Loss:
  total: 4.0843530733700835
Metrics:
  simclr_top1_accuracy: 0.6477808938746439
  simclr_top5_accuracy: 0.8183871972934473

2024-05-06 16:39:18,291 - INFO - Epoch 44/200
2024-05-06 16:41:28,807 - INFO - Train Stats
Loss:
  total: 4.076083387065138
Metrics:
  simclr_top1_accuracy: 0.6577746616809117
  simclr_top5_accuracy: 0.8255764779202279

2024-05-06 16:41:28,808 - INFO - Epoch 45/200
2024-05-06 16:43:37,589 - INFO - Train Stats
Loss:
  total: 4.0401484606272815
Metrics:
  simclr_top1_accuracy: 0.6959023326210826
  simclr_top5_accuracy: 0.853042646011396

2024-05-06 16:43:38,107 - INFO - Epoch 46/200
2024-05-06 16:45:47,827 - INFO - Train Stats
Loss:
  total: 4.0422463444223435
Metrics:
  simclr_top1_accuracy: 0.6894809472934473
  simclr_top5_accuracy: 0.8471777065527065

2024-05-06 16:45:47,828 - INFO - Epoch 47/200
2024-05-06 16:47:58,549 - INFO - Train Stats
Loss:
  total: 4.076761793886495
Metrics:
  simclr_top1_accuracy: 0.6583311075498576
  simclr_top5_accuracy: 0.8204794337606838

2024-05-06 16:47:58,549 - INFO - Epoch 48/200
2024-05-06 16:50:05,523 - INFO - Train Stats
Loss:
  total: 4.0449813621336235
Metrics:
  simclr_top1_accuracy: 0.6918959223646723
  simclr_top5_accuracy: 0.8408342236467237

2024-05-06 16:50:05,523 - INFO - Epoch 49/200
2024-05-06 16:52:13,353 - INFO - Train Stats
Loss:
  total: 4.009816861220575
Metrics:
  simclr_top1_accuracy: 0.7327390491452992
  simclr_top5_accuracy: 0.8696692485754985

2024-05-06 16:52:13,826 - INFO - Epoch 50/200
2024-05-06 16:54:25,448 - INFO - Train Stats
Loss:
  total: 3.9982390369784797
Metrics:
  simclr_top1_accuracy: 0.7399283297720798
  simclr_top5_accuracy: 0.8761574074074074

2024-05-06 16:54:25,956 - INFO - Epoch 51/200
2024-05-06 16:56:33,891 - INFO - Train Stats
Loss:
  total: 4.039501145354703
Metrics:
  simclr_top1_accuracy: 0.6960358796296297
  simclr_top5_accuracy: 0.8425035612535613

2024-05-06 16:56:33,891 - INFO - Epoch 52/200
2024-05-06 16:58:45,016 - INFO - Train Stats
Loss:
  total: 4.022897472408762
Metrics:
  simclr_top1_accuracy: 0.7144542378917379
  simclr_top5_accuracy: 0.8597533831908832

2024-05-06 16:58:45,017 - INFO - Epoch 53/200
2024-05-06 17:00:53,833 - INFO - Train Stats
Loss:
  total: 4.051669452265117
Metrics:
  simclr_top1_accuracy: 0.6909722222222222
  simclr_top5_accuracy: 0.8346020299145299

2024-05-06 17:00:53,834 - INFO - Epoch 54/200
2024-05-06 17:03:04,579 - INFO - Train Stats
Loss:
  total: 4.027724635567081
Metrics:
  simclr_top1_accuracy: 0.7091791310541311
  simclr_top5_accuracy: 0.8545895655270656

2024-05-06 17:03:04,579 - INFO - Epoch 55/200
2024-05-06 17:05:14,633 - INFO - Train Stats
Loss:
  total: 4.076627625359429
Metrics:
  simclr_top1_accuracy: 0.6588764245014245
  simclr_top5_accuracy: 0.8203125

2024-05-06 17:05:14,633 - INFO - Epoch 56/200
2024-05-06 17:07:32,869 - INFO - Train Stats
Loss:
  total: 4.031379458571431
Metrics:
  simclr_top1_accuracy: 0.7055844907407407
  simclr_top5_accuracy: 0.8497930021367521

2024-05-06 17:07:32,870 - INFO - Epoch 57/200
2024-05-06 17:09:45,845 - INFO - Train Stats
Loss:
  total: 4.039743430933721
Metrics:
  simclr_top1_accuracy: 0.7025574252136753
  simclr_top5_accuracy: 0.8421585648148148

2024-05-06 17:09:45,845 - INFO - Epoch 58/200
2024-05-06 17:11:55,918 - INFO - Train Stats
Loss:
  total: 4.00414759209353
Metrics:
  simclr_top1_accuracy: 0.7324608262108262
  simclr_top5_accuracy: 0.8683115206552706

2024-05-06 17:11:55,918 - INFO - Epoch 59/200
2024-05-06 17:14:04,587 - INFO - Train Stats
Loss:
  total: 4.021384773091373
Metrics:
  simclr_top1_accuracy: 0.7213319088319088
  simclr_top5_accuracy: 0.8542779558404558

2024-05-06 17:14:04,587 - INFO - Epoch 60/200
2024-05-06 17:16:12,753 - INFO - Train Stats
Loss:
  total: 4.051309655534576
Metrics:
  simclr_top1_accuracy: 0.6903267450142451
  simclr_top5_accuracy: 0.8320757656695157

2024-05-06 17:16:13,220 - INFO - Epoch 61/200
2024-05-06 17:18:20,112 - INFO - Train Stats
Loss:
  total: 4.0271221300815245
Metrics:
  simclr_top1_accuracy: 0.7097467058404558
  simclr_top5_accuracy: 0.8555466524216524

2024-05-06 17:18:20,112 - INFO - Epoch 62/200
2024-05-06 17:20:27,525 - INFO - Train Stats
Loss:
  total: 4.008397741535111
Metrics:
  simclr_top1_accuracy: 0.7323161502849003
  simclr_top5_accuracy: 0.8633814102564102

2024-05-06 17:20:27,525 - INFO - Epoch 63/200
2024-05-06 17:22:34,852 - INFO - Train Stats
Loss:
  total: 4.016357944222257
Metrics:
  simclr_top1_accuracy: 0.7251268696581197
  simclr_top5_accuracy: 0.8608440170940171

2024-05-06 17:22:34,852 - INFO - Epoch 64/200
2024-05-06 17:24:43,382 - INFO - Train Stats
Loss:
  total: 4.045888489807433
Metrics:
  simclr_top1_accuracy: 0.6939770299145299
  simclr_top5_accuracy: 0.8394542378917379

2024-05-06 17:24:43,383 - INFO - Epoch 65/200
2024-05-06 17:26:51,977 - INFO - Train Stats
Loss:
  total: 4.012348770076393
Metrics:
  simclr_top1_accuracy: 0.7281316773504274
  simclr_top5_accuracy: 0.8649951032763533

2024-05-06 17:26:51,978 - INFO - Epoch 66/200
2024-05-06 17:29:01,273 - INFO - Train Stats
Loss:
  total: 4.027373851873936
Metrics:
  simclr_top1_accuracy: 0.7128628027065527
  simclr_top5_accuracy: 0.8534655448717948

2024-05-06 17:29:01,274 - INFO - Epoch 67/200
2024-05-06 17:31:08,121 - INFO - Train Stats
Loss:
  total: 3.988098501140236
Metrics:
  simclr_top1_accuracy: 0.7489761396011396
  simclr_top5_accuracy: 0.8760906339031339

2024-05-06 17:31:08,588 - INFO - Epoch 68/200
2024-05-06 17:33:16,929 - INFO - Train Stats
Loss:
  total: 4.004441482049447
Metrics:
  simclr_top1_accuracy: 0.7308026175213675
  simclr_top5_accuracy: 0.8624465811965812

2024-05-06 17:33:16,929 - INFO - Epoch 69/200
2024-05-06 17:35:25,786 - INFO - Train Stats
Loss:
  total: 4.000455312239818
Metrics:
  simclr_top1_accuracy: 0.7333956552706553
  simclr_top5_accuracy: 0.8695690883190883

2024-05-06 17:35:25,787 - INFO - Epoch 70/200
2024-05-06 17:37:32,478 - INFO - Train Stats
Loss:
  total: 4.000767758089593
Metrics:
  simclr_top1_accuracy: 0.7439903846153846
  simclr_top5_accuracy: 0.8718171296296297

2024-05-06 17:37:32,479 - INFO - Epoch 71/200
2024-05-06 17:39:39,660 - INFO - Train Stats
Loss:
  total: 4.009401171295731
Metrics:
  simclr_top1_accuracy: 0.7221109330484331
  simclr_top5_accuracy: 0.866241542022792

2024-05-06 17:39:39,660 - INFO - Epoch 72/200
2024-05-06 17:41:48,411 - INFO - Train Stats
Loss:
  total: 3.973327369771452
Metrics:
  simclr_top1_accuracy: 0.7669493411680912
  simclr_top5_accuracy: 0.8894008190883191

2024-05-06 17:41:48,927 - INFO - Epoch 73/200
2024-05-06 17:43:57,235 - INFO - Train Stats
Loss:
  total: 4.037007130788602
Metrics:
  simclr_top1_accuracy: 0.7098913817663818
  simclr_top5_accuracy: 0.8475449608262108

2024-05-06 17:43:57,236 - INFO - Epoch 74/200
2024-05-06 17:46:04,935 - INFO - Train Stats
Loss:
  total: 4.000766790830172
Metrics:
  simclr_top1_accuracy: 0.735320957977208
  simclr_top5_accuracy: 0.8698027955840456

2024-05-06 17:46:04,935 - INFO - Epoch 75/200
2024-05-06 17:48:11,457 - INFO - Train Stats
Loss:
  total: 3.9803695033418487
Metrics:
  simclr_top1_accuracy: 0.7549412393162394
  simclr_top5_accuracy: 0.879173344017094

2024-05-06 17:48:11,457 - INFO - Epoch 76/200
2024-05-06 17:50:19,337 - INFO - Train Stats
Loss:
  total: 3.9992116400998543
Metrics:
  simclr_top1_accuracy: 0.7341969373219374
  simclr_top5_accuracy: 0.8699586004273504

2024-05-06 17:50:19,337 - INFO - Epoch 77/200
2024-05-06 17:52:26,831 - INFO - Train Stats
Loss:
  total: 3.9960876937605376
Metrics:
  simclr_top1_accuracy: 0.7435786146723646
  simclr_top5_accuracy: 0.86934650997151

2024-05-06 17:52:26,832 - INFO - Epoch 78/200
2024-05-06 17:54:39,268 - INFO - Train Stats
Loss:
  total: 3.996227898149409
Metrics:
  simclr_top1_accuracy: 0.7478632478632479
  simclr_top5_accuracy: 0.8676883012820513

2024-05-06 17:54:39,269 - INFO - Epoch 79/200
2024-05-06 17:56:52,213 - INFO - Train Stats
Loss:
  total: 3.9963671678831094
Metrics:
  simclr_top1_accuracy: 0.7391493055555556
  simclr_top5_accuracy: 0.8695690883190883

2024-05-06 17:56:52,213 - INFO - Epoch 80/200
2024-05-06 17:58:59,584 - INFO - Train Stats
Loss:
  total: 4.0068717070794175
Metrics:
  simclr_top1_accuracy: 0.7340300035612536
  simclr_top5_accuracy: 0.8600093482905983

2024-05-06 17:58:59,585 - INFO - Epoch 81/200
2024-05-06 18:01:10,176 - INFO - Train Stats
Loss:
  total: 3.99454044344758
Metrics:
  simclr_top1_accuracy: 0.7477408297720798
  simclr_top5_accuracy: 0.8720063212250713

2024-05-06 18:01:10,176 - INFO - Epoch 82/200
2024-05-06 18:03:20,091 - INFO - Train Stats
Loss:
  total: 3.98666645590736
Metrics:
  simclr_top1_accuracy: 0.7558092948717948
  simclr_top5_accuracy: 0.8777711004273504

2024-05-06 18:03:20,091 - INFO - Epoch 83/200
2024-05-06 18:05:29,523 - INFO - Train Stats
Loss:
  total: 3.977541939145819
Metrics:
  simclr_top1_accuracy: 0.7635884081196581
  simclr_top5_accuracy: 0.883613782051282

2024-05-06 18:05:29,524 - INFO - Epoch 84/200
2024-05-06 18:07:43,560 - INFO - Train Stats
Loss:
  total: 3.9871846997839775
Metrics:
  simclr_top1_accuracy: 0.7573116987179487
  simclr_top5_accuracy: 0.8734642094017094

2024-05-06 18:07:43,560 - INFO - Epoch 85/200
2024-05-06 18:09:54,153 - INFO - Train Stats
Loss:
  total: 3.999030831192973
Metrics:
  simclr_top1_accuracy: 0.7371127136752137
  simclr_top5_accuracy: 0.8716613247863247

2024-05-06 18:09:54,153 - INFO - Epoch 86/200
2024-05-06 18:12:01,976 - INFO - Train Stats
Loss:
  total: 3.9887682603635
Metrics:
  simclr_top1_accuracy: 0.7517027243589743
  simclr_top5_accuracy: 0.8739761396011396

2024-05-06 18:12:01,976 - INFO - Epoch 87/200
2024-05-06 18:14:12,196 - INFO - Train Stats
Loss:
  total: 3.985881685871005
Metrics:
  simclr_top1_accuracy: 0.7483529202279202
  simclr_top5_accuracy: 0.8738203347578347

2024-05-06 18:14:12,196 - INFO - Epoch 88/200
2024-05-06 18:16:20,350 - INFO - Train Stats
Loss:
  total: 3.9814258613477747
Metrics:
  simclr_top1_accuracy: 0.7563212250712251
  simclr_top5_accuracy: 0.8785167378917379

2024-05-06 18:16:20,350 - INFO - Epoch 89/200
2024-05-06 18:18:28,313 - INFO - Train Stats
Loss:
  total: 3.9776991812931506
Metrics:
  simclr_top1_accuracy: 0.7543625356125356
  simclr_top5_accuracy: 0.8874755163817664

2024-05-06 18:18:28,313 - INFO - Epoch 90/200
2024-05-06 18:20:36,071 - INFO - Train Stats
Loss:
  total: 3.9815364658323107
Metrics:
  simclr_top1_accuracy: 0.7574563746438746
  simclr_top5_accuracy: 0.875534188034188

2024-05-06 18:20:36,555 - INFO - Epoch 91/200
2024-05-06 18:22:43,811 - INFO - Train Stats
Loss:
  total: 3.9718329138905233
Metrics:
  simclr_top1_accuracy: 0.7701655982905983
  simclr_top5_accuracy: 0.890625

2024-05-06 18:22:44,313 - INFO - Epoch 92/200
2024-05-06 18:24:55,110 - INFO - Train Stats
Loss:
  total: 3.9599597617092295
Metrics:
  simclr_top1_accuracy: 0.7765313390313391
  simclr_top5_accuracy: 0.8909699964387464

2024-05-06 18:24:55,598 - INFO - Epoch 93/200
2024-05-06 18:27:03,182 - INFO - Train Stats
Loss:
  total: 4.002454030208098
Metrics:
  simclr_top1_accuracy: 0.7369569088319088
  simclr_top5_accuracy: 0.8643718839031339

2024-05-06 18:27:03,182 - INFO - Epoch 94/200
2024-05-06 18:29:11,142 - INFO - Train Stats
Loss:
  total: 4.0184111880441
Metrics:
  simclr_top1_accuracy: 0.7218660968660968
  simclr_top5_accuracy: 0.8543892450142451

2024-05-06 18:29:11,142 - INFO - Epoch 95/200
2024-05-06 18:31:18,549 - INFO - Train Stats
Loss:
  total: 3.9681538958155533
Metrics:
  simclr_top1_accuracy: 0.767639334045584
  simclr_top5_accuracy: 0.8895343660968661

2024-05-06 18:31:18,549 - INFO - Epoch 96/200
2024-05-06 18:33:27,940 - INFO - Train Stats
Loss:
  total: 3.9845270465242217
Metrics:
  simclr_top1_accuracy: 0.7539285078347578
  simclr_top5_accuracy: 0.8785056089743589

2024-05-06 18:33:27,940 - INFO - Epoch 97/200
2024-05-06 18:35:35,201 - INFO - Train Stats
Loss:
  total: 3.9955705237864088
Metrics:
  simclr_top1_accuracy: 0.7442129629629629
  simclr_top5_accuracy: 0.8705818198005698

2024-05-06 18:35:35,201 - INFO - Epoch 98/200
2024-05-06 18:37:42,406 - INFO - Train Stats
Loss:
  total: 3.9619475769521166
Metrics:
  simclr_top1_accuracy: 0.7739049145299145
  simclr_top5_accuracy: 0.8925725605413105

2024-05-06 18:37:42,406 - INFO - Epoch 99/200
2024-05-06 18:39:49,578 - INFO - Train Stats
Loss:
  total: 3.9834623316414337
Metrics:
  simclr_top1_accuracy: 0.7488759793447294
  simclr_top5_accuracy: 0.8767694978632479

2024-05-06 18:39:49,578 - INFO - Epoch 100/200
2024-05-06 18:41:57,418 - INFO - Train Stats
Loss:
  total: 3.9887497839425023
Metrics:
  simclr_top1_accuracy: 0.7411636396011396
  simclr_top5_accuracy: 0.8741542022792023

2024-05-06 18:41:57,418 - INFO - Epoch 101/200
2024-05-06 18:44:08,023 - INFO - Train Stats
Loss:
  total: 3.9842867925975396
Metrics:
  simclr_top1_accuracy: 0.7511574074074074
  simclr_top5_accuracy: 0.8772257834757835

2024-05-06 18:44:08,024 - INFO - Epoch 102/200
2024-05-06 18:46:17,094 - INFO - Train Stats
Loss:
  total: 3.992532987540264
Metrics:
  simclr_top1_accuracy: 0.7479300213675214
  simclr_top5_accuracy: 0.869079415954416

2024-05-06 18:46:17,094 - INFO - Epoch 103/200
2024-05-06 18:48:24,754 - INFO - Train Stats
Loss:
  total: 3.978658367765595
Metrics:
  simclr_top1_accuracy: 0.759292646011396
  simclr_top5_accuracy: 0.8769809472934473

2024-05-06 18:48:24,755 - INFO - Epoch 104/200
2024-05-06 18:50:33,696 - INFO - Train Stats
Loss:
  total: 3.953638677243833
Metrics:
  simclr_top1_accuracy: 0.7808604878917379
  simclr_top5_accuracy: 0.8939636752136753

2024-05-06 18:50:36,706 - INFO - Epoch 105/200
2024-05-06 18:52:57,583 - INFO - Train Stats
Loss:
  total: 3.9988565920424937
Metrics:
  simclr_top1_accuracy: 0.7384370548433048
  simclr_top5_accuracy: 0.8681445868945868

2024-05-06 18:52:57,584 - INFO - Epoch 106/200
2024-05-06 18:55:18,882 - INFO - Train Stats
Loss:
  total: 3.968304388883107
Metrics:
  simclr_top1_accuracy: 0.7641114672364673
  simclr_top5_accuracy: 0.8861956908831908

2024-05-06 18:55:18,883 - INFO - Epoch 107/200
2024-05-06 18:57:38,423 - INFO - Train Stats
Loss:
  total: 3.9599480717270463
Metrics:
  simclr_top1_accuracy: 0.7747284544159544
  simclr_top5_accuracy: 0.891570957977208

2024-05-06 18:57:38,424 - INFO - Epoch 108/200
2024-05-06 18:59:58,720 - INFO - Train Stats
Loss:
  total: 3.9896011773677293
Metrics:
  simclr_top1_accuracy: 0.7506232193732194
  simclr_top5_accuracy: 0.8709156873219374

2024-05-06 18:59:58,721 - INFO - Epoch 109/200
2024-05-06 19:02:10,412 - INFO - Train Stats
Loss:
  total: 3.9666949513970615
Metrics:
  simclr_top1_accuracy: 0.7690415776353277
  simclr_top5_accuracy: 0.8852831196581197

2024-05-06 19:02:10,413 - INFO - Epoch 110/200
2024-05-06 19:04:27,518 - INFO - Train Stats
Loss:
  total: 3.99082632282181
Metrics:
  simclr_top1_accuracy: 0.7500556445868946
  simclr_top5_accuracy: 0.8726295405982906

2024-05-06 19:04:27,519 - INFO - Epoch 111/200
2024-05-06 19:06:45,455 - INFO - Train Stats
Loss:
  total: 3.948219934420029
Metrics:
  simclr_top1_accuracy: 0.7877159009971509
  simclr_top5_accuracy: 0.8976028311965812

2024-05-06 19:06:48,639 - INFO - Epoch 112/200
2024-05-06 19:09:07,704 - INFO - Train Stats
Loss:
  total: 3.9660739110745595
Metrics:
  simclr_top1_accuracy: 0.7651575854700855
  simclr_top5_accuracy: 0.8929620726495726

2024-05-06 19:09:07,705 - INFO - Epoch 113/200
2024-05-06 19:11:27,519 - INFO - Train Stats
Loss:
  total: 3.944874355256388
Metrics:
  simclr_top1_accuracy: 0.7891292735042735
  simclr_top5_accuracy: 0.8981592770655271

2024-05-06 19:11:30,613 - INFO - Epoch 114/200
2024-05-06 19:13:51,668 - INFO - Train Stats
Loss:
  total: 3.982042771798593
Metrics:
  simclr_top1_accuracy: 0.7575342770655271
  simclr_top5_accuracy: 0.8789173789173789

2024-05-06 19:13:51,669 - INFO - Epoch 115/200
2024-05-06 19:16:12,596 - INFO - Train Stats
Loss:
  total: 3.9948841839434412
Metrics:
  simclr_top1_accuracy: 0.7425881410256411
  simclr_top5_accuracy: 0.8637820512820513

2024-05-06 19:16:12,597 - INFO - Epoch 116/200
2024-05-06 19:18:33,310 - INFO - Train Stats
Loss:
  total: 3.9505465777850897
Metrics:
  simclr_top1_accuracy: 0.7860131766381766
  simclr_top5_accuracy: 0.8959001068376068

2024-05-06 19:18:33,311 - INFO - Epoch 117/200
2024-05-06 19:20:53,901 - INFO - Train Stats
Loss:
  total: 3.978057176638872
Metrics:
  simclr_top1_accuracy: 0.7555755876068376
  simclr_top5_accuracy: 0.8813768696581197

2024-05-06 19:20:53,902 - INFO - Epoch 118/200
2024-05-06 19:23:12,373 - INFO - Train Stats
Loss:
  total: 3.9743150149994766
Metrics:
  simclr_top1_accuracy: 0.7611734330484331
  simclr_top5_accuracy: 0.8841813568376068

2024-05-06 19:23:12,374 - INFO - Epoch 119/200
2024-05-06 19:25:21,373 - INFO - Train Stats
Loss:
  total: 3.963091857073314
Metrics:
  simclr_top1_accuracy: 0.7765313390313391
  simclr_top5_accuracy: 0.8878872863247863

2024-05-06 19:25:21,374 - INFO - Epoch 120/200
2024-05-06 19:27:31,349 - INFO - Train Stats
Loss:
  total: 3.962802270199159
Metrics:
  simclr_top1_accuracy: 0.7723246082621082
  simclr_top5_accuracy: 0.8914374109686609

2024-05-06 19:27:31,853 - INFO - Epoch 121/200
2024-05-06 19:29:40,122 - INFO - Train Stats
Loss:
  total: 3.9682321426195974
Metrics:
  simclr_top1_accuracy: 0.7665932158119658
  simclr_top5_accuracy: 0.8881321225071225

2024-05-06 19:29:40,123 - INFO - Epoch 122/200
2024-05-06 19:31:47,774 - INFO - Train Stats
Loss:
  total: 3.9703306988773184
Metrics:
  simclr_top1_accuracy: 0.764411948005698
  simclr_top5_accuracy: 0.8818220263532763

2024-05-06 19:31:47,774 - INFO - Epoch 123/200
2024-05-06 19:33:54,491 - INFO - Train Stats
Loss:
  total: 3.956748513414649
Metrics:
  simclr_top1_accuracy: 0.7802706552706553
  simclr_top5_accuracy: 0.8912037037037037

2024-05-06 19:33:54,491 - INFO - Epoch 124/200
2024-05-06 19:36:02,258 - INFO - Train Stats
Loss:
  total: 3.985863542964316
Metrics:
  simclr_top1_accuracy: 0.7492654914529915
  simclr_top5_accuracy: 0.8728187321937322

2024-05-06 19:36:02,258 - INFO - Epoch 125/200
2024-05-06 19:38:09,567 - INFO - Train Stats
Loss:
  total: 3.932251160640662
Metrics:
  simclr_top1_accuracy: 0.7996015847578347
  simclr_top5_accuracy: 0.9085536858974359

2024-05-06 19:38:10,043 - INFO - Epoch 126/200
2024-05-06 19:40:27,886 - INFO - Train Stats
Loss:
  total: 3.95109821181012
Metrics:
  simclr_top1_accuracy: 0.7850338319088319
  simclr_top5_accuracy: 0.895065438034188

2024-05-06 19:40:27,886 - INFO - Epoch 127/200
2024-05-06 19:42:42,588 - INFO - Train Stats
Loss:
  total: 3.9593293823068296
Metrics:
  simclr_top1_accuracy: 0.772491542022792
  simclr_top5_accuracy: 0.892516915954416

2024-05-06 19:42:42,588 - INFO - Epoch 128/200
2024-05-06 19:44:52,355 - INFO - Train Stats
Loss:
  total: 3.9701173889670955
Metrics:
  simclr_top1_accuracy: 0.7689748041310541
  simclr_top5_accuracy: 0.8825342770655271

2024-05-06 19:44:52,355 - INFO - Epoch 129/200
2024-05-06 19:47:04,421 - INFO - Train Stats
Loss:
  total: 3.947326248527592
Metrics:
  simclr_top1_accuracy: 0.7874376780626781
  simclr_top5_accuracy: 0.8994947471509972

2024-05-06 19:47:04,421 - INFO - Epoch 130/200
2024-05-06 19:49:20,112 - INFO - Train Stats
Loss:
  total: 3.9463671707359813
Metrics:
  simclr_top1_accuracy: 0.7860799501424501
  simclr_top5_accuracy: 0.8986155626780626

2024-05-06 19:49:20,113 - INFO - Epoch 131/200
2024-05-06 19:51:30,822 - INFO - Train Stats
Loss:
  total: 3.9657302439382613
Metrics:
  simclr_top1_accuracy: 0.7678841702279202
  simclr_top5_accuracy: 0.8878316417378918

2024-05-06 19:51:30,823 - INFO - Epoch 132/200
2024-05-06 19:53:37,847 - INFO - Train Stats
Loss:
  total: 3.9552877540262337
Metrics:
  simclr_top1_accuracy: 0.7827857905982906
  simclr_top5_accuracy: 0.8898793625356125

2024-05-06 19:53:37,848 - INFO - Epoch 133/200
2024-05-06 19:55:50,235 - INFO - Train Stats
Loss:
  total: 3.9517414685328123
Metrics:
  simclr_top1_accuracy: 0.7826856303418803
  simclr_top5_accuracy: 0.8949541488603988

2024-05-06 19:55:50,235 - INFO - Epoch 134/200
2024-05-06 19:57:57,750 - INFO - Train Stats
Loss:
  total: 3.9561721456696164
Metrics:
  simclr_top1_accuracy: 0.7736266915954416
  simclr_top5_accuracy: 0.8898793625356125

2024-05-06 19:57:57,750 - INFO - Epoch 135/200
2024-05-06 20:00:09,865 - INFO - Train Stats
Loss:
  total: 3.9342377355635336
Metrics:
  simclr_top1_accuracy: 0.8010594729344729
  simclr_top5_accuracy: 0.9034677706552706

2024-05-06 20:00:09,866 - INFO - Epoch 136/200
2024-05-06 20:02:21,490 - INFO - Train Stats
Loss:
  total: 3.95422126832511
Metrics:
  simclr_top1_accuracy: 0.7782229344729344
  simclr_top5_accuracy: 0.8909699964387464

2024-05-06 20:02:21,491 - INFO - Epoch 137/200
2024-05-06 20:04:30,404 - INFO - Train Stats
Loss:
  total: 3.958276286763683
Metrics:
  simclr_top1_accuracy: 0.7755297364672364
  simclr_top5_accuracy: 0.8923165954415955

2024-05-06 20:04:30,404 - INFO - Epoch 138/200
2024-05-06 20:06:37,787 - INFO - Train Stats
Loss:
  total: 3.9736447028624706
Metrics:
  simclr_top1_accuracy: 0.7593928062678063
  simclr_top5_accuracy: 0.8812210648148148

2024-05-06 20:06:37,787 - INFO - Epoch 139/200
2024-05-06 20:08:45,202 - INFO - Train Stats
Loss:
  total: 3.965128118156368
Metrics:
  simclr_top1_accuracy: 0.7701099537037037
  simclr_top5_accuracy: 0.8882211538461539

2024-05-06 20:08:45,202 - INFO - Epoch 140/200
2024-05-06 20:10:55,762 - INFO - Train Stats
Loss:
  total: 3.927143595497153
Metrics:
  simclr_top1_accuracy: 0.8084935897435898
  simclr_top5_accuracy: 0.9097333511396012

2024-05-06 20:10:58,803 - INFO - Epoch 141/200
2024-05-06 20:13:08,157 - INFO - Train Stats
Loss:
  total: 3.9637699385314247
Metrics:
  simclr_top1_accuracy: 0.7745726495726496
  simclr_top5_accuracy: 0.8862068198005698

2024-05-06 20:13:08,157 - INFO - Epoch 142/200
2024-05-06 20:15:15,710 - INFO - Train Stats
Loss:
  total: 3.946345384983595
Metrics:
  simclr_top1_accuracy: 0.783943198005698
  simclr_top5_accuracy: 0.8950320512820513

2024-05-06 20:15:15,710 - INFO - Epoch 143/200
2024-05-06 20:17:24,108 - INFO - Train Stats
Loss:
  total: 3.928825436833917
Metrics:
  simclr_top1_accuracy: 0.8027510683760684
  simclr_top5_accuracy: 0.9091991631054132

2024-05-06 20:17:24,108 - INFO - Epoch 144/200
2024-05-06 20:19:30,889 - INFO - Train Stats
Loss:
  total: 3.9443585974538427
Metrics:
  simclr_top1_accuracy: 0.7877715455840456
  simclr_top5_accuracy: 0.8952323717948718

2024-05-06 20:19:30,890 - INFO - Epoch 145/200
2024-05-06 20:21:38,536 - INFO - Train Stats
Loss:
  total: 3.9873798491268757
Metrics:
  simclr_top1_accuracy: 0.7543514066951567
  simclr_top5_accuracy: 0.8689569978632479

2024-05-06 20:21:38,537 - INFO - Epoch 146/200
2024-05-06 20:23:45,679 - INFO - Train Stats
Loss:
  total: 3.9546794205309657
Metrics:
  simclr_top1_accuracy: 0.7835425569800569
  simclr_top5_accuracy: 0.8925280448717948

2024-05-06 20:23:45,679 - INFO - Epoch 147/200
2024-05-06 20:25:54,185 - INFO - Train Stats
Loss:
  total: 3.988092777056572
Metrics:
  simclr_top1_accuracy: 0.7506343482905983
  simclr_top5_accuracy: 0.8719840633903134

2024-05-06 20:25:54,185 - INFO - Epoch 148/200
2024-05-06 20:28:02,554 - INFO - Train Stats
Loss:
  total: 3.9485700680659366
Metrics:
  simclr_top1_accuracy: 0.7851117343304843
  simclr_top5_accuracy: 0.8965900997150997

2024-05-06 20:28:02,554 - INFO - Epoch 149/200
2024-05-06 20:30:09,431 - INFO - Train Stats
Loss:
  total: 3.951265125872403
Metrics:
  simclr_top1_accuracy: 0.7842436787749287
  simclr_top5_accuracy: 0.8962228454415955

2024-05-06 20:30:09,431 - INFO - Epoch 150/200
2024-05-06 20:32:18,078 - INFO - Train Stats
Loss:
  total: 3.953017228009694
Metrics:
  simclr_top1_accuracy: 0.7770098824786325
  simclr_top5_accuracy: 0.8944978632478633

2024-05-06 20:32:18,621 - INFO - Epoch 151/200
2024-05-06 20:34:26,827 - INFO - Train Stats
Loss:
  total: 3.9429177232617327
Metrics:
  simclr_top1_accuracy: 0.7932024572649573
  simclr_top5_accuracy: 0.8989049145299145

2024-05-06 20:34:26,828 - INFO - Epoch 152/200
2024-05-06 20:36:46,967 - INFO - Train Stats
Loss:
  total: 3.9450389123030876
Metrics:
  simclr_top1_accuracy: 0.7852007656695157
  simclr_top5_accuracy: 0.8957776887464387

2024-05-06 20:36:46,967 - INFO - Epoch 153/200
2024-05-06 20:39:02,636 - INFO - Train Stats
Loss:
  total: 3.972050170952778
Metrics:
  simclr_top1_accuracy: 0.7661480591168092
  simclr_top5_accuracy: 0.8780270655270656

2024-05-06 20:39:02,636 - INFO - Epoch 154/200
2024-05-06 20:41:08,713 - INFO - Train Stats
Loss:
  total: 3.932850269850163
Metrics:
  simclr_top1_accuracy: 0.8010149572649573
  simclr_top5_accuracy: 0.9033676103988604

2024-05-06 20:41:08,713 - INFO - Epoch 155/200
2024-05-06 20:43:15,574 - INFO - Train Stats
Loss:
  total: 3.9490577142123144
Metrics:
  simclr_top1_accuracy: 0.7841101317663818
  simclr_top5_accuracy: 0.8946314102564102

2024-05-06 20:43:15,574 - INFO - Epoch 156/200
2024-05-06 20:45:30,131 - INFO - Train Stats
Loss:
  total: 3.956492526578767
Metrics:
  simclr_top1_accuracy: 0.7720575142450142
  simclr_top5_accuracy: 0.8913595085470085

2024-05-06 20:45:30,132 - INFO - Epoch 157/200
2024-05-06 20:47:49,493 - INFO - Train Stats
Loss:
  total: 3.9562766463668257
Metrics:
  simclr_top1_accuracy: 0.7780671296296297
  simclr_top5_accuracy: 0.891426282051282

2024-05-06 20:47:49,494 - INFO - Epoch 158/200
2024-05-06 20:50:11,004 - INFO - Train Stats
Loss:
  total: 3.95030335483388
Metrics:
  simclr_top1_accuracy: 0.7832309472934473
  simclr_top5_accuracy: 0.8933070690883191

2024-05-06 20:50:11,005 - INFO - Epoch 159/200
2024-05-06 20:52:20,485 - INFO - Train Stats
Loss:
  total: 3.94122988478071
Metrics:
  simclr_top1_accuracy: 0.7975427350427351
  simclr_top5_accuracy: 0.8994947471509972

2024-05-06 20:52:20,485 - INFO - Epoch 160/200
2024-05-06 20:54:27,847 - INFO - Train Stats
Loss:
  total: 3.962011123314882
Metrics:
  simclr_top1_accuracy: 0.7746282941595442
  simclr_top5_accuracy: 0.8837028133903134

2024-05-06 20:54:27,848 - INFO - Epoch 161/200
2024-05-06 20:56:34,708 - INFO - Train Stats
Loss:
  total: 3.916587282789399
Metrics:
  simclr_top1_accuracy: 0.8171407585470085
  simclr_top5_accuracy: 0.9115696225071225

2024-05-06 20:56:35,217 - INFO - Epoch 162/200
2024-05-06 20:58:42,980 - INFO - Train Stats
Loss:
  total: 3.9703208401671843
Metrics:
  simclr_top1_accuracy: 0.7672053062678063
  simclr_top5_accuracy: 0.8850827991452992

2024-05-06 20:58:42,980 - INFO - Epoch 163/200
2024-05-06 21:00:52,418 - INFO - Train Stats
Loss:
  total: 3.9782956556716877
Metrics:
  simclr_top1_accuracy: 0.7594595797720798
  simclr_top5_accuracy: 0.8753227386039886

2024-05-06 21:00:52,419 - INFO - Epoch 164/200
2024-05-06 21:03:01,266 - INFO - Train Stats
Loss:
  total: 3.9411171318119407
Metrics:
  simclr_top1_accuracy: 0.7910879629629629
  simclr_top5_accuracy: 0.8946759259259259

2024-05-06 21:03:01,266 - INFO - Epoch 165/200
2024-05-06 21:05:09,717 - INFO - Train Stats
Loss:
  total: 3.942619613772444
Metrics:
  simclr_top1_accuracy: 0.7922676282051282
  simclr_top5_accuracy: 0.8941862535612536

2024-05-06 21:05:09,717 - INFO - Epoch 166/200
2024-05-06 21:07:17,388 - INFO - Train Stats
Loss:
  total: 3.952620087865411
Metrics:
  simclr_top1_accuracy: 0.7780560007122507
  simclr_top5_accuracy: 0.8900796830484331

2024-05-06 21:07:17,388 - INFO - Epoch 167/200
2024-05-06 21:09:24,749 - INFO - Train Stats
Loss:
  total: 3.945008238496264
Metrics:
  simclr_top1_accuracy: 0.7883613782051282
  simclr_top5_accuracy: 0.8987602386039886

2024-05-06 21:09:24,749 - INFO - Epoch 168/200
2024-05-06 21:11:31,256 - INFO - Train Stats
Loss:
  total: 3.9610320489291113
Metrics:
  simclr_top1_accuracy: 0.7740384615384616
  simclr_top5_accuracy: 0.8882211538461539

2024-05-06 21:11:31,256 - INFO - Epoch 169/200
2024-05-06 21:13:38,173 - INFO - Train Stats
Loss:
  total: 3.938668705459334
Metrics:
  simclr_top1_accuracy: 0.7953392094017094
  simclr_top5_accuracy: 0.9037793803418803

2024-05-06 21:13:38,173 - INFO - Epoch 170/200
2024-05-06 21:15:47,970 - INFO - Train Stats
Loss:
  total: 3.9393050650246124
Metrics:
  simclr_top1_accuracy: 0.7912326388888888
  simclr_top5_accuracy: 0.8984375

2024-05-06 21:15:47,970 - INFO - Epoch 171/200
2024-05-06 21:17:55,167 - INFO - Train Stats
Loss:
  total: 3.9182833606361323
Metrics:
  simclr_top1_accuracy: 0.8118990384615384
  simclr_top5_accuracy: 0.9110243055555556

2024-05-06 21:17:55,167 - INFO - Epoch 172/200
2024-05-06 21:20:03,393 - INFO - Train Stats
Loss:
  total: 3.9658292807065525
Metrics:
  simclr_top1_accuracy: 0.7639556623931624
  simclr_top5_accuracy: 0.8812210648148148

2024-05-06 21:20:03,393 - INFO - Epoch 173/200
2024-05-06 21:22:10,897 - INFO - Train Stats
Loss:
  total: 3.927952115691965
Metrics:
  simclr_top1_accuracy: 0.8028289707977208
  simclr_top5_accuracy: 0.9038795405982906

2024-05-06 21:22:10,897 - INFO - Epoch 174/200
2024-05-06 21:24:18,044 - INFO - Train Stats
Loss:
  total: 3.9510876276554208
Metrics:
  simclr_top1_accuracy: 0.7820957977207977
  simclr_top5_accuracy: 0.8917378917378918

2024-05-06 21:24:18,044 - INFO - Epoch 175/200
2024-05-06 21:26:23,962 - INFO - Train Stats
Loss:
  total: 3.9343498310132583
Metrics:
  simclr_top1_accuracy: 0.7928797186609686
  simclr_top5_accuracy: 0.8994057158119658

2024-05-06 21:26:23,962 - INFO - Epoch 176/200
2024-05-06 21:28:31,210 - INFO - Train Stats
Loss:
  total: 3.920842785441298
Metrics:
  simclr_top1_accuracy: 0.8112201745014245
  simclr_top5_accuracy: 0.9120815527065527

2024-05-06 21:28:31,210 - INFO - Epoch 177/200
2024-05-06 21:30:39,101 - INFO - Train Stats
Loss:
  total: 3.930778682062089
Metrics:
  simclr_top1_accuracy: 0.7986444978632479
  simclr_top5_accuracy: 0.9032785790598291

2024-05-06 21:30:39,101 - INFO - Epoch 178/200
2024-05-06 21:32:46,841 - INFO - Train Stats
Loss:
  total: 3.930537298533991
Metrics:
  simclr_top1_accuracy: 0.8016604344729344
  simclr_top5_accuracy: 0.9030003561253561

2024-05-06 21:32:46,841 - INFO - Epoch 179/200
2024-05-06 21:34:53,603 - INFO - Train Stats
Loss:
  total: 3.9346520269018974
Metrics:
  simclr_top1_accuracy: 0.8007367343304843
  simclr_top5_accuracy: 0.9059050035612536

2024-05-06 21:34:53,604 - INFO - Epoch 180/200
2024-05-06 21:37:01,119 - INFO - Train Stats
Loss:
  total: 3.9159182782186743
Metrics:
  simclr_top1_accuracy: 0.8198339565527065
  simclr_top5_accuracy: 0.9119702635327636

2024-05-06 21:37:02,083 - INFO - Epoch 181/200
2024-05-06 21:39:08,498 - INFO - Train Stats
Loss:
  total: 3.948629694446879
Metrics:
  simclr_top1_accuracy: 0.7853231837606838
  simclr_top5_accuracy: 0.8894564636752137

2024-05-06 21:39:08,498 - INFO - Epoch 182/200
2024-05-06 21:41:16,300 - INFO - Train Stats
Loss:
  total: 3.9226590119875393
Metrics:
  simclr_top1_accuracy: 0.8073473112535613
  simclr_top5_accuracy: 0.908264334045584

2024-05-06 21:41:16,300 - INFO - Epoch 183/200
2024-05-06 21:43:23,848 - INFO - Train Stats
Loss:
  total: 3.963014525905294
Metrics:
  simclr_top1_accuracy: 0.7716012286324786
  simclr_top5_accuracy: 0.8831908831908832

2024-05-06 21:43:23,848 - INFO - Epoch 184/200
2024-05-06 21:45:31,404 - INFO - Train Stats
Loss:
  total: 3.9320941372135088
Metrics:
  simclr_top1_accuracy: 0.8022391381766382
  simclr_top5_accuracy: 0.8998397435897436

2024-05-06 21:45:31,404 - INFO - Epoch 185/200
2024-05-06 21:47:37,577 - INFO - Train Stats
Loss:
  total: 3.9335880279541016
Metrics:
  simclr_top1_accuracy: 0.8046095975783476
  simclr_top5_accuracy: 0.9015202101139601

2024-05-06 21:47:37,577 - INFO - Epoch 186/200
2024-05-06 21:49:44,798 - INFO - Train Stats
Loss:
  total: 3.954542581851666
Metrics:
  simclr_top1_accuracy: 0.7803708155270656
  simclr_top5_accuracy: 0.8932625534188035

2024-05-06 21:49:44,798 - INFO - Epoch 187/200
2024-05-06 21:51:53,260 - INFO - Train Stats
Loss:
  total: 3.94247447799074
Metrics:
  simclr_top1_accuracy: 0.7877715455840456
  simclr_top5_accuracy: 0.8942418981481481

2024-05-06 21:51:53,260 - INFO - Epoch 188/200
2024-05-06 21:54:01,343 - INFO - Train Stats
Loss:
  total: 3.9108433397407207
Metrics:
  simclr_top1_accuracy: 0.8176415598290598
  simclr_top5_accuracy: 0.9107460826210826

2024-05-06 21:54:01,891 - INFO - Epoch 189/200
2024-05-06 21:56:09,341 - INFO - Train Stats
Loss:
  total: 3.9462643661390344
Metrics:
  simclr_top1_accuracy: 0.789863782051282
  simclr_top5_accuracy: 0.8951767272079773

2024-05-06 21:56:09,341 - INFO - Epoch 190/200
2024-05-06 21:58:16,214 - INFO - Train Stats
Loss:
  total: 3.926056666931196
Metrics:
  simclr_top1_accuracy: 0.8067574786324786
  simclr_top5_accuracy: 0.9064391915954416

2024-05-06 21:58:16,214 - INFO - Epoch 191/200
2024-05-06 22:00:23,593 - INFO - Train Stats
Loss:
  total: 3.9567511523211443
Metrics:
  simclr_top1_accuracy: 0.7752292556980057
  simclr_top5_accuracy: 0.8864850427350427

2024-05-06 22:00:23,593 - INFO - Epoch 192/200
2024-05-06 22:02:30,961 - INFO - Train Stats
Loss:
  total: 3.912519990209161
Metrics:
  simclr_top1_accuracy: 0.8154046474358975
  simclr_top5_accuracy: 0.9129050925925926

2024-05-06 22:02:30,962 - INFO - Epoch 193/200
2024-05-06 22:04:38,442 - INFO - Train Stats
Loss:
  total: 3.9566881874008395
Metrics:
  simclr_top1_accuracy: 0.7788461538461539
  simclr_top5_accuracy: 0.8855390847578347

2024-05-06 22:04:38,442 - INFO - Epoch 194/200
2024-05-06 22:06:45,754 - INFO - Train Stats
Loss:
  total: 3.9391764962775078
Metrics:
  simclr_top1_accuracy: 0.7929464921652422
  simclr_top5_accuracy: 0.9020432692307693

2024-05-06 22:06:45,755 - INFO - Epoch 195/200
2024-05-06 22:08:53,280 - INFO - Train Stats
Loss:
  total: 3.937017561703326
Metrics:
  simclr_top1_accuracy: 0.7952279202279202
  simclr_top5_accuracy: 0.902076655982906

2024-05-06 22:08:53,280 - INFO - Epoch 196/200
2024-05-06 22:10:59,822 - INFO - Train Stats
Loss:
  total: 3.912181600885853
Metrics:
  simclr_top1_accuracy: 0.8138799857549858
  simclr_top5_accuracy: 0.9175903668091168

2024-05-06 22:10:59,823 - INFO - Epoch 197/200
2024-05-06 22:13:07,735 - INFO - Train Stats
Loss:
  total: 3.9275053607092962
Metrics:
  simclr_top1_accuracy: 0.8063902243589743
  simclr_top5_accuracy: 0.9038684116809117

2024-05-06 22:13:07,735 - INFO - Epoch 198/200
2024-05-06 22:15:16,459 - INFO - Train Stats
Loss:
  total: 3.950315622862248
Metrics:
  simclr_top1_accuracy: 0.7838875534188035
  simclr_top5_accuracy: 0.8929286858974359

2024-05-06 22:15:16,459 - INFO - Epoch 199/200
2024-05-06 22:17:25,799 - INFO - Train Stats
Loss:
  total: 3.9182052354187706
Metrics:
  simclr_top1_accuracy: 0.8127448361823362
  simclr_top5_accuracy: 0.9058493589743589

2024-05-06 22:17:25,799 - INFO - Epoch 200/200
2024-05-06 22:19:33,568 - INFO - Train Stats
Loss:
  total: 3.9487442379323845
Metrics:
  simclr_top1_accuracy: 0.7813724180911681
  simclr_top5_accuracy: 0.8923277243589743

2024-05-06 22:19:34,084 - INFO - Best train loss: 3.9108433397407207
2024-05-06 22:19:34,453 - INFO - Best model saved to /home/up201905337/exploring-label-efficiency/weights/simclr_cifar10_resnet50_pretrained.pth
2024-05-06 22:19:34,454 - INFO - Training took 26011.18123960495 seconds to complete
