2024-06-24 14:37:36,342 - INFO - Loading configuration files...
2024-06-24 14:37:36,453 - INFO - Loading model configuration
args:
  backbone: mobilenet_v3_large
  num_classes: 20
class: DeepLabV3

2024-06-24 14:37:36,464 - INFO - Loading train_dataset configuration
args:
  num_labeled: 70
  root: /data/auto/kitti
  train_val_test_split:
  - 0.7
  - 0.1
  - 0.2
class: SemiSupervisedKittiSeg

2024-06-24 14:37:36,477 - INFO - Loading train_dataset configuration
args:
  num_labeled: 70
  root: /data/auto/kitti
  train_val_test_split:
  - 0.7
  - 0.1
  - 0.2
class: SemiSupervisedKittiSeg

2024-06-24 14:37:36,488 - INFO - Loading val_dataset configuration
args:
  root: /data/auto/kitti
  train_val_test_split:
  - 0.7
  - 0.1
  - 0.2
class: KittiSeg

2024-06-24 14:37:36,559 - INFO - Loading optimizer configuration
args:
  lr: 0.01
  momentum: 0.9
  nesterov: true
  weight_decay: 0.0005
class: SGD

2024-06-24 14:37:36,566 - INFO - Loading method configuration
args:
  confidence: 0.5
  wu: 1
class: FixMatchV2KittiSeg

2024-06-24 14:37:36,567 - INFO - Loading loss configuration
args:
  ignore_index: 0
class: CrossEntropyLoss

2024-06-24 14:37:36,582 - INFO - Loading metrics configuration
kitti_dice:
  args:
    average: micro
    ignore_index: 0
    num_classes: 20
  class: Dice
kitti_jaccard_macro:
  args:
    average: macro
    ignore_index: 0
    num_classes: 20
    task: multiclass
    validate_args: false
  class: JaccardIndex
kitti_jaccard_micro:
  args:
    average: micro
    ignore_index: 0
    num_classes: 20
    task: multiclass
    validate_args: false
  class: JaccardIndex

2024-06-24 14:37:36,585 - INFO - Loading scheduler configuration
args:
  T_max: 120
class: CosineAnnealingLR

2024-06-24 14:37:36,585 - INFO - Loading hyperparameters configuration
ema_decay: 0.99
epochs: 120
labeled_batch_size: 2
num_workers: 4
save_freq: 10
unlabeled_batch_size: 6

2024-06-24 14:37:36,595 - INFO - Using device: cuda
2024-06-24 14:37:36,682 - INFO - Training for 120 epochs
2024-06-24 14:37:36,709 - INFO - Epoch 1/120
2024-06-24 14:37:46,216 - INFO - Train Stats
Loss:
  supervised: 1.4741603476660592
  total: 1.7302400248391288
  unsupervised: 0.25607968283579147
  unsupervised_weighted: 0.25607968283579147
Metrics:
  kitti_dice: 0.5840571057583605
  kitti_jaccard_macro: 0.17275697046092578
  kitti_jaccard_micro: 0.44369061536022597

2024-06-24 14:37:46,727 - INFO - Validation Stats
Loss:
  total: 1.244334618250529
Metrics:
  kitti_dice: 0.6370401382446289
  kitti_jaccard_macro: 0.1735396683216095
  kitti_jaccard_micro: 0.4814823865890503

2024-06-24 14:37:46,807 - INFO - Epoch 2/120
2024-06-24 14:37:55,752 - INFO - Train Stats
Loss:
  supervised: 0.9679064699581691
  total: 1.2814295189721243
  unsupervised: 0.3135230507169451
  unsupervised_weighted: 0.3135230507169451
Metrics:
  kitti_dice: 0.7327463490622385
  kitti_jaccard_macro: 0.2582215381520135
  kitti_jaccard_micro: 0.6061647866453443

2024-06-24 14:37:56,186 - INFO - Validation Stats
Loss:
  total: 1.0577367941538494
Metrics:
  kitti_dice: 0.6951429843902588
  kitti_jaccard_macro: 0.20693575839201608
  kitti_jaccard_micro: 0.5488584041595459

2024-06-24 14:37:56,391 - INFO - Epoch 3/120
2024-06-24 14:38:05,348 - INFO - Train Stats
Loss:
  supervised: 0.8585747105734689
  total: 1.155649447441101
  unsupervised: 0.29707473516464233
  unsupervised_weighted: 0.29707473516464233
Metrics:
  kitti_dice: 0.7580996760300227
  kitti_jaccard_macro: 0.27874125710555486
  kitti_jaccard_micro: 0.6352877804211208

2024-06-24 14:38:05,783 - INFO - Validation Stats
Loss:
  total: 0.9118886788686117
Metrics:
  kitti_dice: 0.7458487153053284
  kitti_jaccard_macro: 0.23658898969491324
  kitti_jaccard_micro: 0.6128802100817362

2024-06-24 14:38:05,972 - INFO - Epoch 4/120
2024-06-24 14:38:14,925 - INFO - Train Stats
Loss:
  supervised: 0.7677270804132734
  total: 1.0275234409740992
  unsupervised: 0.2597963635410581
  unsupervised_weighted: 0.2597963635410581
Metrics:
  kitti_dice: 0.786357159273965
  kitti_jaccard_macro: 0.3026958759341921
  kitti_jaccard_micro: 0.6746293715068272

2024-06-24 14:38:15,361 - INFO - Validation Stats
Loss:
  total: 0.8641650080680847
Metrics:
  kitti_dice: 0.7613701621691386
  kitti_jaccard_macro: 0.256324181954066
  kitti_jaccard_micro: 0.6311293045679728

2024-06-24 14:38:15,547 - INFO - Epoch 5/120
2024-06-24 14:38:24,579 - INFO - Train Stats
Loss:
  supervised: 0.7304296399865832
  total: 1.021863760266985
  unsupervised: 0.29143413049834116
  unsupervised_weighted: 0.29143413049834116
Metrics:
  kitti_dice: 0.7947983196803502
  kitti_jaccard_macro: 0.3091682438339506
  kitti_jaccard_micro: 0.6843929929392678

2024-06-24 14:38:25,007 - INFO - Validation Stats
Loss:
  total: 0.8246765534083048
Metrics:
  kitti_dice: 0.7674396435419718
  kitti_jaccard_macro: 0.25810303290685016
  kitti_jaccard_micro: 0.6401970187822977

2024-06-24 14:38:25,121 - INFO - Epoch 6/120
2024-06-24 14:38:34,252 - INFO - Train Stats
Loss:
  supervised: 0.6859435456139701
  total: 0.9667773791721889
  unsupervised: 0.28083383440971377
  unsupervised_weighted: 0.28083383440971377
Metrics:
  kitti_dice: 0.8045039228030614
  kitti_jaccard_macro: 0.3162837475538254
  kitti_jaccard_micro: 0.6933218700545175

2024-06-24 14:38:34,679 - INFO - Validation Stats
Loss:
  total: 0.8703786730766296
Metrics:
  kitti_dice: 0.7724960843722025
  kitti_jaccard_macro: 0.2544840673605601
  kitti_jaccard_micro: 0.6457573572794596

2024-06-24 14:38:34,679 - INFO - Epoch 7/120
2024-06-24 14:38:43,815 - INFO - Train Stats
Loss:
  supervised: 0.6336707787854331
  total: 0.917827422278268
  unsupervised: 0.28415664391858236
  unsupervised_weighted: 0.28415664391858236
Metrics:
  kitti_dice: 0.8172549639429365
  kitti_jaccard_macro: 0.3289515742233821
  kitti_jaccard_micro: 0.7083923476082938

2024-06-24 14:38:44,252 - INFO - Validation Stats
Loss:
  total: 0.8194260001182556
Metrics:
  kitti_dice: 0.7779870629310608
  kitti_jaccard_macro: 0.2670210848251979
  kitti_jaccard_micro: 0.6517544786135355

2024-06-24 14:38:44,370 - INFO - Epoch 8/120
2024-06-24 14:38:53,606 - INFO - Train Stats
Loss:
  supervised: 0.6032172126429421
  total: 0.8638186284473964
  unsupervised: 0.26060141154697963
  unsupervised_weighted: 0.26060141154697963
Metrics:
  kitti_dice: 0.8233845370156424
  kitti_jaccard_macro: 0.3341683489935739
  kitti_jaccard_micro: 0.7176741310528346

2024-06-24 14:38:54,037 - INFO - Validation Stats
Loss:
  total: 0.8099099000295004
Metrics:
  kitti_dice: 0.7864965399106344
  kitti_jaccard_macro: 0.2692410349845886
  kitti_jaccard_micro: 0.6643823782602946

2024-06-24 14:38:54,151 - INFO - Epoch 9/120
2024-06-24 14:39:03,410 - INFO - Train Stats
Loss:
  supervised: 0.5761330493858883
  total: 0.8469514693532672
  unsupervised: 0.2708184284823281
  unsupervised_weighted: 0.2708184284823281
Metrics:
  kitti_dice: 0.8283655745642525
  kitti_jaccard_macro: 0.33993163534573145
  kitti_jaccard_micro: 0.7244110413960048

2024-06-24 14:39:03,847 - INFO - Validation Stats
Loss:
  total: 0.8028199871381124
Metrics:
  kitti_dice: 0.7865366141001383
  kitti_jaccard_macro: 0.27820831537246704
  kitti_jaccard_micro: 0.6641196211179098

2024-06-24 14:39:03,963 - INFO - Epoch 10/120
2024-06-24 14:39:13,252 - INFO - Train Stats
Loss:
  supervised: 0.5609132749693734
  total: 0.8498053959437779
  unsupervised: 0.28889212012290955
  unsupervised_weighted: 0.28889212012290955
Metrics:
  kitti_dice: 0.8336741975375584
  kitti_jaccard_macro: 0.35011912414005825
  kitti_jaccard_micro: 0.7303308572087969

2024-06-24 14:39:13,707 - INFO - Validation Stats
Loss:
  total: 0.7794476548830668
Metrics:
  kitti_dice: 0.7955157160758972
  kitti_jaccard_macro: 0.2839251607656479
  kitti_jaccard_micro: 0.6771382093429565

2024-06-24 14:39:13,894 - INFO - Epoch 11/120
2024-06-24 14:39:23,204 - INFO - Train Stats
Loss:
  supervised: 0.5415591137749808
  total: 0.815226251738412
  unsupervised: 0.2736671371119363
  unsupervised_weighted: 0.2736671371119363
Metrics:
  kitti_dice: 0.8376409820147923
  kitti_jaccard_macro: 0.3580698703016554
  kitti_jaccard_micro: 0.7357098766735621

2024-06-24 14:39:23,640 - INFO - Validation Stats
Loss:
  total: 0.791024406750997
Metrics:
  kitti_dice: 0.7947113116582235
  kitti_jaccard_macro: 0.272395317753156
  kitti_jaccard_micro: 0.6747625668843588

2024-06-24 14:39:23,640 - INFO - Epoch 12/120
2024-06-24 14:39:32,944 - INFO - Train Stats
Loss:
  supervised: 0.5165196401732308
  total: 0.7940149596759252
  unsupervised: 0.2774953212056841
  unsupervised_weighted: 0.2774953212056841
Metrics:
  kitti_dice: 0.8493328741618565
  kitti_jaccard_macro: 0.3579055573259081
  kitti_jaccard_micro: 0.7525578158242362

2024-06-24 14:39:33,386 - INFO - Validation Stats
Loss:
  total: 0.8132868607838949
Metrics:
  kitti_dice: 0.7942332029342651
  kitti_jaccard_macro: 0.2788864076137543
  kitti_jaccard_micro: 0.6740321318308512

2024-06-24 14:39:33,386 - INFO - Epoch 13/120
2024-06-24 14:39:42,709 - INFO - Train Stats
Loss:
  supervised: 0.49885965500559126
  total: 0.7764063239097595
  unsupervised: 0.27754666422094615
  unsupervised_weighted: 0.27754666422094615
Metrics:
  kitti_dice: 0.8537980232919965
  kitti_jaccard_macro: 0.3582437174660819
  kitti_jaccard_micro: 0.7593772700854711

2024-06-24 14:39:43,145 - INFO - Validation Stats
Loss:
  total: 0.7809675137201945
Metrics:
  kitti_dice: 0.7922939856847128
  kitti_jaccard_macro: 0.278108408053716
  kitti_jaccard_micro: 0.6713834206263224

2024-06-24 14:39:43,145 - INFO - Epoch 14/120
2024-06-24 14:39:52,465 - INFO - Train Stats
Loss:
  supervised: 0.48355154650551935
  total: 0.7508967399597168
  unsupervised: 0.2673451900482178
  unsupervised_weighted: 0.2673451900482178
Metrics:
  kitti_dice: 0.8571539572307042
  kitti_jaccard_macro: 0.3748007323060717
  kitti_jaccard_micro: 0.7632731335503714

2024-06-24 14:39:52,901 - INFO - Validation Stats
Loss:
  total: 0.7517196536064148
Metrics:
  kitti_dice: 0.7973453601201376
  kitti_jaccard_macro: 0.2796304523944855
  kitti_jaccard_micro: 0.677626391251882

2024-06-24 14:39:53,089 - INFO - Epoch 15/120
2024-06-24 14:40:02,400 - INFO - Train Stats
Loss:
  supervised: 0.45793680122920444
  total: 0.7374045678547451
  unsupervised: 0.2794677632195609
  unsupervised_weighted: 0.2794677632195609
Metrics:
  kitti_dice: 0.8632217509405954
  kitti_jaccard_macro: 0.37783547639846804
  kitti_jaccard_micro: 0.7731148838996887

2024-06-24 14:40:02,836 - INFO - Validation Stats
Loss:
  total: 0.81129918495814
Metrics:
  kitti_dice: 0.7957829435666403
  kitti_jaccard_macro: 0.28168139855066937
  kitti_jaccard_micro: 0.6756973663965861

2024-06-24 14:40:02,836 - INFO - Epoch 16/120
2024-06-24 14:40:12,176 - INFO - Train Stats
Loss:
  supervised: 0.4603274405002594
  total: 0.7340003422328404
  unsupervised: 0.27367290428706575
  unsupervised_weighted: 0.27367290428706575
Metrics:
  kitti_dice: 0.8644146748951503
  kitti_jaccard_macro: 0.3860731261117118
  kitti_jaccard_micro: 0.7761455178260803

2024-06-24 14:40:12,612 - INFO - Validation Stats
Loss:
  total: 0.7372796734174093
Metrics:
  kitti_dice: 0.8032045165697733
  kitti_jaccard_macro: 0.2820784002542496
  kitti_jaccard_micro: 0.686416486899058

2024-06-24 14:40:12,723 - INFO - Epoch 17/120
2024-06-24 14:40:22,028 - INFO - Train Stats
Loss:
  supervised: 0.4587600827217102
  total: 0.7121344719614301
  unsupervised: 0.25337439456156324
  unsupervised_weighted: 0.25337439456156324
Metrics:
  kitti_dice: 0.8642107588904244
  kitti_jaccard_macro: 0.380960271188191
  kitti_jaccard_micro: 0.7751541478293282

2024-06-24 14:40:22,462 - INFO - Validation Stats
Loss:
  total: 0.7187015215555826
Metrics:
  kitti_dice: 0.8075605034828186
  kitti_jaccard_macro: 0.3077578544616699
  kitti_jaccard_micro: 0.6920067071914673

2024-06-24 14:40:22,574 - INFO - Epoch 18/120
2024-06-24 14:40:31,919 - INFO - Train Stats
Loss:
  supervised: 0.43557562146868023
  total: 0.703292419229235
  unsupervised: 0.2677167941417013
  unsupervised_weighted: 0.2677167941417013
Metrics:
  kitti_dice: 0.8681813240051269
  kitti_jaccard_macro: 0.3920345153127398
  kitti_jaccard_micro: 0.779523549761091

2024-06-24 14:40:32,374 - INFO - Validation Stats
Loss:
  total: 0.7303939263025919
Metrics:
  kitti_dice: 0.8080659508705139
  kitti_jaccard_macro: 0.3063900868097941
  kitti_jaccard_micro: 0.6928698221842448

2024-06-24 14:40:32,374 - INFO - Epoch 19/120
2024-06-24 14:40:41,702 - INFO - Train Stats
Loss:
  supervised: 0.43580418825149536
  total: 0.7023961441857475
  unsupervised: 0.2665919563599995
  unsupervised_weighted: 0.2665919563599995
Metrics:
  kitti_dice: 0.8693121143749782
  kitti_jaccard_macro: 0.38183743400233133
  kitti_jaccard_micro: 0.7827168277331761

2024-06-24 14:40:42,142 - INFO - Validation Stats
Loss:
  total: 0.7388959725697836
Metrics:
  kitti_dice: 0.8077345291773478
  kitti_jaccard_macro: 0.29942508538564044
  kitti_jaccard_micro: 0.6926212509473165

2024-06-24 14:40:42,142 - INFO - Epoch 20/120
2024-06-24 14:40:51,475 - INFO - Train Stats
Loss:
  supervised: 0.4145491953407015
  total: 0.6525528396878923
  unsupervised: 0.23800364754029682
  unsupervised_weighted: 0.23800364754029682
Metrics:
  kitti_dice: 0.8754050953047616
  kitti_jaccard_macro: 0.40762450865336824
  kitti_jaccard_micro: 0.7916462421417236

2024-06-24 14:40:51,903 - INFO - Validation Stats
Loss:
  total: 0.6942060987154642
Metrics:
  kitti_dice: 0.8178839286168417
  kitti_jaccard_macro: 0.310104896624883
  kitti_jaccard_micro: 0.7080763777097067

2024-06-24 14:40:52,209 - INFO - Epoch 21/120
2024-06-24 14:41:01,514 - INFO - Train Stats
Loss:
  supervised: 0.405183749965259
  total: 0.6572566245283399
  unsupervised: 0.25207287477595464
  unsupervised_weighted: 0.25207287477595464
Metrics:
  kitti_dice: 0.87775890316282
  kitti_jaccard_macro: 0.40681519167763847
  kitti_jaccard_micro: 0.7944953049932207

2024-06-24 14:41:01,954 - INFO - Validation Stats
Loss:
  total: 0.7297427256902059
Metrics:
  kitti_dice: 0.8088918328285217
  kitti_jaccard_macro: 0.3069325437148412
  kitti_jaccard_micro: 0.6942263841629028

2024-06-24 14:41:01,954 - INFO - Epoch 22/120
2024-06-24 14:41:11,265 - INFO - Train Stats
Loss:
  supervised: 0.3955608555248806
  total: 0.6520717365401132
  unsupervised: 0.25651087995086397
  unsupervised_weighted: 0.25651087995086397
Metrics:
  kitti_dice: 0.8803834114755903
  kitti_jaccard_macro: 0.410867885180882
  kitti_jaccard_micro: 0.7994030560765948

2024-06-24 14:41:11,696 - INFO - Validation Stats
Loss:
  total: 0.7409043510754904
Metrics:
  kitti_dice: 0.808771808942159
  kitti_jaccard_macro: 0.3091386755307515
  kitti_jaccard_micro: 0.6941460371017456

2024-06-24 14:41:11,696 - INFO - Epoch 23/120
2024-06-24 14:41:21,014 - INFO - Train Stats
Loss:
  supervised: 0.38532632121018
  total: 0.6552814722061158
  unsupervised: 0.26995515057018826
  unsupervised_weighted: 0.26995515057018826
Metrics:
  kitti_dice: 0.8841211829866682
  kitti_jaccard_macro: 0.4191160602228982
  kitti_jaccard_micro: 0.8058626924242293

2024-06-24 14:41:21,445 - INFO - Validation Stats
Loss:
  total: 0.7099500695864359
Metrics:
  kitti_dice: 0.8108137249946594
  kitti_jaccard_macro: 0.3094840844472249
  kitti_jaccard_micro: 0.6972440282503763

2024-06-24 14:41:21,445 - INFO - Epoch 24/120
2024-06-24 14:41:30,768 - INFO - Train Stats
Loss:
  supervised: 0.38651618659496306
  total: 0.640360529933657
  unsupervised: 0.25384435036352704
  unsupervised_weighted: 0.25384435036352704
Metrics:
  kitti_dice: 0.8822406240871974
  kitti_jaccard_macro: 0.4041861798082079
  kitti_jaccard_micro: 0.8022792765072414

2024-06-24 14:41:31,206 - INFO - Validation Stats
Loss:
  total: 0.7156895399093628
Metrics:
  kitti_dice: 0.8142252564430237
  kitti_jaccard_macro: 0.3204035659631093
  kitti_jaccard_micro: 0.7017110387484232

2024-06-24 14:41:31,206 - INFO - Epoch 25/120
2024-06-24 14:41:40,536 - INFO - Train Stats
Loss:
  supervised: 0.3833876324551446
  total: 0.6593751771109445
  unsupervised: 0.2759875380567142
  unsupervised_weighted: 0.2759875380567142
Metrics:
  kitti_dice: 0.882952174118587
  kitti_jaccard_macro: 0.4212552836963109
  kitti_jaccard_micro: 0.8029289722442627

2024-06-24 14:41:40,968 - INFO - Validation Stats
Loss:
  total: 0.718344489733378
Metrics:
  kitti_dice: 0.8166204690933228
  kitti_jaccard_macro: 0.31658591826756793
  kitti_jaccard_micro: 0.7056587139765421

2024-06-24 14:41:40,969 - INFO - Epoch 26/120
2024-06-24 14:41:50,258 - INFO - Train Stats
Loss:
  supervised: 0.37549153779234207
  total: 0.62647739308221
  unsupervised: 0.25098585869584766
  unsupervised_weighted: 0.25098585869584766
Metrics:
  kitti_dice: 0.8856184244155884
  kitti_jaccard_macro: 0.4187980217593057
  kitti_jaccard_micro: 0.8074386545589992

2024-06-24 14:41:50,694 - INFO - Validation Stats
Loss:
  total: 0.7300525108973185
Metrics:
  kitti_dice: 0.8140344023704529
  kitti_jaccard_macro: 0.31880541642506915
  kitti_jaccard_micro: 0.7010423938433329

2024-06-24 14:41:50,694 - INFO - Epoch 27/120
2024-06-24 14:41:59,955 - INFO - Train Stats
Loss:
  supervised: 0.366567810518401
  total: 0.6089548809187753
  unsupervised: 0.24238706869738444
  unsupervised_weighted: 0.24238706869738444
Metrics:
  kitti_dice: 0.8874179022652763
  kitti_jaccard_macro: 0.43029057128088816
  kitti_jaccard_micro: 0.8102135011128017

2024-06-24 14:42:00,394 - INFO - Validation Stats
Loss:
  total: 0.7029558618863424
Metrics:
  kitti_dice: 0.8197413484255472
  kitti_jaccard_macro: 0.32371944189071655
  kitti_jaccard_micro: 0.7103411157925924

2024-06-24 14:42:00,394 - INFO - Epoch 28/120
2024-06-24 14:42:09,657 - INFO - Train Stats
Loss:
  supervised: 0.35940124818256924
  total: 0.5935169237000602
  unsupervised: 0.23411567509174347
  unsupervised_weighted: 0.23411567509174347
Metrics:
  kitti_dice: 0.88943783726011
  kitti_jaccard_macro: 0.43514503921781267
  kitti_jaccard_micro: 0.8128202642713275

2024-06-24 14:42:10,095 - INFO - Validation Stats
Loss:
  total: 0.7364469567934672
Metrics:
  kitti_dice: 0.816512664159139
  kitti_jaccard_macro: 0.3233598669370015
  kitti_jaccard_micro: 0.7051022052764893

2024-06-24 14:42:10,095 - INFO - Epoch 29/120
2024-06-24 14:42:19,337 - INFO - Train Stats
Loss:
  supervised: 0.36175648399761745
  total: 0.6110748427254813
  unsupervised: 0.24931835468326297
  unsupervised_weighted: 0.24931835468326297
Metrics:
  kitti_dice: 0.8883390750203813
  kitti_jaccard_macro: 0.43370695880481175
  kitti_jaccard_micro: 0.8112487060683115

2024-06-24 14:42:19,771 - INFO - Validation Stats
Loss:
  total: 0.7327593564987183
Metrics:
  kitti_dice: 0.8174238403638204
  kitti_jaccard_macro: 0.33034080266952515
  kitti_jaccard_micro: 0.7068121035893759

2024-06-24 14:42:19,772 - INFO - Epoch 30/120
2024-06-24 14:42:29,009 - INFO - Train Stats
Loss:
  supervised: 0.3499383670943124
  total: 0.5960305196898324
  unsupervised: 0.24609215259552003
  unsupervised_weighted: 0.24609215259552003
Metrics:
  kitti_dice: 0.8917013525962829
  kitti_jaccard_macro: 0.4373821880136217
  kitti_jaccard_micro: 0.8165293863841465

2024-06-24 14:42:29,445 - INFO - Validation Stats
Loss:
  total: 0.6963295936584473
Metrics:
  kitti_dice: 0.8189007441202799
  kitti_jaccard_macro: 0.31289305289586383
  kitti_jaccard_micro: 0.7092534502347311

2024-06-24 14:42:29,634 - INFO - Epoch 31/120
2024-06-24 14:42:38,892 - INFO - Train Stats
Loss:
  supervised: 0.35102645073618205
  total: 0.6051169514656067
  unsupervised: 0.2540905047740255
  unsupervised_weighted: 0.2540905047740255
Metrics:
  kitti_dice: 0.8909465074539185
  kitti_jaccard_macro: 0.44001701133591786
  kitti_jaccard_micro: 0.8162705830165318

2024-06-24 14:42:39,324 - INFO - Validation Stats
Loss:
  total: 0.7163255413373312
Metrics:
  kitti_dice: 0.8232844074567159
  kitti_jaccard_macro: 0.33517898122469586
  kitti_jaccard_micro: 0.7154276569684347

2024-06-24 14:42:39,324 - INFO - Epoch 32/120
2024-06-24 14:42:48,541 - INFO - Train Stats
Loss:
  supervised: 0.3447226558412824
  total: 0.5857570256505694
  unsupervised: 0.24103436576468604
  unsupervised_weighted: 0.24103436576468604
Metrics:
  kitti_dice: 0.8922565187726702
  kitti_jaccard_macro: 0.43584639089448113
  kitti_jaccard_micro: 0.8170973573412214

2024-06-24 14:42:48,966 - INFO - Validation Stats
Loss:
  total: 0.6894745826721191
Metrics:
  kitti_dice: 0.8270294070243835
  kitti_jaccard_macro: 0.3481927712758382
  kitti_jaccard_micro: 0.7203013896942139

2024-06-24 14:42:49,157 - INFO - Epoch 33/120
2024-06-24 14:42:58,384 - INFO - Train Stats
Loss:
  supervised: 0.3380777903965541
  total: 0.5809490612574986
  unsupervised: 0.24287126575197493
  unsupervised_weighted: 0.24287126575197493
Metrics:
  kitti_dice: 0.8946074332509723
  kitti_jaccard_macro: 0.4493971654347011
  kitti_jaccard_micro: 0.8216995477676392

2024-06-24 14:42:58,819 - INFO - Validation Stats
Loss:
  total: 0.7049092650413513
Metrics:
  kitti_dice: 0.8237467010815939
  kitti_jaccard_macro: 0.33337510625521344
  kitti_jaccard_micro: 0.7164263327916464

2024-06-24 14:42:58,819 - INFO - Epoch 34/120
2024-06-24 14:43:08,011 - INFO - Train Stats
Loss:
  supervised: 0.33671099713870456
  total: 0.5795238196849823
  unsupervised: 0.2428128242492676
  unsupervised_weighted: 0.2428128242492676
Metrics:
  kitti_dice: 0.8961248976843698
  kitti_jaccard_macro: 0.44902580465589254
  kitti_jaccard_micro: 0.8245253648076739

2024-06-24 14:43:08,448 - INFO - Validation Stats
Loss:
  total: 0.6775566736857096
Metrics:
  kitti_dice: 0.8281306028366089
  kitti_jaccard_macro: 0.3475581407546997
  kitti_jaccard_micro: 0.7220151821772257

2024-06-24 14:43:08,642 - INFO - Epoch 35/120
2024-06-24 14:43:17,805 - INFO - Train Stats
Loss:
  supervised: 0.33023641705513
  total: 0.592872588123594
  unsupervised: 0.26263617085559027
  unsupervised_weighted: 0.26263617085559027
Metrics:
  kitti_dice: 0.8962373716490609
  kitti_jaccard_macro: 0.4461432763508388
  kitti_jaccard_micro: 0.8237522057124547

2024-06-24 14:43:18,244 - INFO - Validation Stats
Loss:
  total: 0.706565241018931
Metrics:
  kitti_dice: 0.823084314664205
  kitti_jaccard_macro: 0.34051140149434406
  kitti_jaccard_micro: 0.7145180304845175

2024-06-24 14:43:18,245 - INFO - Epoch 36/120
2024-06-24 14:43:27,449 - INFO - Train Stats
Loss:
  supervised: 0.32835218182631903
  total: 0.5656404163156237
  unsupervised: 0.2372882304447038
  unsupervised_weighted: 0.2372882304447038
Metrics:
  kitti_dice: 0.8988640325410026
  kitti_jaccard_macro: 0.4472465651375907
  kitti_jaccard_micro: 0.8275793841906957

2024-06-24 14:43:27,886 - INFO - Validation Stats
Loss:
  total: 0.7111058235168457
Metrics:
  kitti_dice: 0.8262004256248474
  kitti_jaccard_macro: 0.35088809331258136
  kitti_jaccard_micro: 0.7199056148529053

2024-06-24 14:43:27,886 - INFO - Epoch 37/120
2024-06-24 14:43:37,071 - INFO - Train Stats
Loss:
  supervised: 0.32184891189847675
  total: 0.5638408201081412
  unsupervised: 0.24199190608092716
  unsupervised_weighted: 0.24199190608092716
Metrics:
  kitti_dice: 0.8993123139653887
  kitti_jaccard_macro: 0.4639265707560948
  kitti_jaccard_micro: 0.8282360315322876

2024-06-24 14:43:37,507 - INFO - Validation Stats
Loss:
  total: 0.6730049252510071
Metrics:
  kitti_dice: 0.8273073633511862
  kitti_jaccard_macro: 0.34806983669598895
  kitti_jaccard_micro: 0.7208061019579569

2024-06-24 14:43:37,623 - INFO - Epoch 38/120
2024-06-24 14:43:46,830 - INFO - Train Stats
Loss:
  supervised: 0.317338080065591
  total: 0.5658578217029572
  unsupervised: 0.24851974121161868
  unsupervised_weighted: 0.24851974121161868
Metrics:
  kitti_dice: 0.8996486680848258
  kitti_jaccard_macro: 0.4567674398422241
  kitti_jaccard_micro: 0.829271560055869

2024-06-24 14:43:47,263 - INFO - Validation Stats
Loss:
  total: 0.6976490616798401
Metrics:
  kitti_dice: 0.8272689779599508
  kitti_jaccard_macro: 0.36251355210940045
  kitti_jaccard_micro: 0.7215303579966227

2024-06-24 14:43:47,264 - INFO - Epoch 39/120
2024-06-24 14:43:56,464 - INFO - Train Stats
Loss:
  supervised: 0.3173148698040417
  total: 0.5361679903098515
  unsupervised: 0.21885311880281993
  unsupervised_weighted: 0.21885311880281993
Metrics:
  kitti_dice: 0.9011574864387513
  kitti_jaccard_macro: 0.46527811373983113
  kitti_jaccard_micro: 0.831169741494315

2024-06-24 14:43:56,901 - INFO - Validation Stats
Loss:
  total: 0.7057894865671793
Metrics:
  kitti_dice: 0.8250019351641337
  kitti_jaccard_macro: 0.3538851837317149
  kitti_jaccard_micro: 0.7184795141220093

2024-06-24 14:43:56,901 - INFO - Epoch 40/120
2024-06-24 14:44:06,091 - INFO - Train Stats
Loss:
  supervised: 0.32134341171809605
  total: 0.5676706501415798
  unsupervised: 0.24632724055222102
  unsupervised_weighted: 0.24632724055222102
Metrics:
  kitti_dice: 0.8979751569884163
  kitti_jaccard_macro: 0.4599762635571616
  kitti_jaccard_micro: 0.8263435193470546

2024-06-24 14:44:06,527 - INFO - Validation Stats
Loss:
  total: 0.6776222983996073
Metrics:
  kitti_dice: 0.8307622869809469
  kitti_jaccard_macro: 0.3511349658171336
  kitti_jaccard_micro: 0.7261993090311686

2024-06-24 14:44:06,717 - INFO - Epoch 41/120
2024-06-24 14:44:15,902 - INFO - Train Stats
Loss:
  supervised: 0.30908241186823165
  total: 0.5475405880383083
  unsupervised: 0.2384581778730665
  unsupervised_weighted: 0.2384581778730665
Metrics:
  kitti_dice: 0.901792139666421
  kitti_jaccard_macro: 0.46851882338523865
  kitti_jaccard_micro: 0.8331499866076878

2024-06-24 14:44:16,339 - INFO - Validation Stats
Loss:
  total: 0.6897789835929871
Metrics:
  kitti_dice: 0.8282002607981364
  kitti_jaccard_macro: 0.35139769315719604
  kitti_jaccard_micro: 0.7217900554339091

2024-06-24 14:44:16,339 - INFO - Epoch 42/120
2024-06-24 14:44:25,535 - INFO - Train Stats
Loss:
  supervised: 0.3096863031387329
  total: 0.5241748997143336
  unsupervised: 0.2144885914666312
  unsupervised_weighted: 0.2144885914666312
Metrics:
  kitti_dice: 0.9013134837150574
  kitti_jaccard_macro: 0.45881590928350174
  kitti_jaccard_micro: 0.8321213637079511

2024-06-24 14:44:25,969 - INFO - Validation Stats
Loss:
  total: 0.7008565068244934
Metrics:
  kitti_dice: 0.8301136096318563
  kitti_jaccard_macro: 0.35929269591967267
  kitti_jaccard_micro: 0.7244669596354166

2024-06-24 14:44:25,970 - INFO - Epoch 43/120
2024-06-24 14:44:35,134 - INFO - Train Stats
Loss:
  supervised: 0.30763428424085887
  total: 0.5107731699943543
  unsupervised: 0.2031388840505055
  unsupervised_weighted: 0.2031388840505055
Metrics:
  kitti_dice: 0.9022734999656677
  kitti_jaccard_macro: 0.4637723275593349
  kitti_jaccard_micro: 0.8327909060886928

2024-06-24 14:44:35,565 - INFO - Validation Stats
Loss:
  total: 0.7137338121732076
Metrics:
  kitti_dice: 0.828047513961792
  kitti_jaccard_macro: 0.35207098722457886
  kitti_jaccard_micro: 0.7220954696337382

2024-06-24 14:44:35,565 - INFO - Epoch 44/120
2024-06-24 14:44:44,734 - INFO - Train Stats
Loss:
  supervised: 0.3004507030759539
  total: 0.5250372196946825
  unsupervised: 0.22458651661872864
  unsupervised_weighted: 0.22458651661872864
Metrics:
  kitti_dice: 0.9041950872966221
  kitti_jaccard_macro: 0.4667271852493286
  kitti_jaccard_micro: 0.8359313249588013

2024-06-24 14:44:45,165 - INFO - Validation Stats
Loss:
  total: 0.7357559402783712
Metrics:
  kitti_dice: 0.8293429811795553
  kitti_jaccard_macro: 0.3598473072052002
  kitti_jaccard_micro: 0.7240535219510397

2024-06-24 14:44:45,165 - INFO - Epoch 45/120
2024-06-24 14:44:54,349 - INFO - Train Stats
Loss:
  supervised: 0.30226166759218487
  total: 0.5293774706976754
  unsupervised: 0.22711580438273293
  unsupervised_weighted: 0.22711580438273293
Metrics:
  kitti_dice: 0.9025703872953142
  kitti_jaccard_macro: 0.47250499044145855
  kitti_jaccard_micro: 0.833686762196677

2024-06-24 14:44:54,779 - INFO - Validation Stats
Loss:
  total: 0.7406848669052124
Metrics:
  kitti_dice: 0.8274821440378824
  kitti_jaccard_macro: 0.35411479075749713
  kitti_jaccard_micro: 0.7216781973838806

2024-06-24 14:44:54,779 - INFO - Epoch 46/120
2024-06-24 14:45:03,930 - INFO - Train Stats
Loss:
  supervised: 0.2967103251389095
  total: 0.5288025208881924
  unsupervised: 0.23209219574928283
  unsupervised_weighted: 0.23209219574928283
Metrics:
  kitti_dice: 0.9048490558351789
  kitti_jaccard_macro: 0.4607646346092224
  kitti_jaccard_micro: 0.8372829130717686

2024-06-24 14:45:04,361 - INFO - Validation Stats
Loss:
  total: 0.7266406615575155
Metrics:
  kitti_dice: 0.831449290116628
  kitti_jaccard_macro: 0.3636011878649394
  kitti_jaccard_micro: 0.7277801632881165

2024-06-24 14:45:04,361 - INFO - Epoch 47/120
2024-06-24 14:45:13,522 - INFO - Train Stats
Loss:
  supervised: 0.2952835214989526
  total: 0.5337259650230408
  unsupervised: 0.23844244735581535
  unsupervised_weighted: 0.23844244735581535
Metrics:
  kitti_dice: 0.9051300065858023
  kitti_jaccard_macro: 0.46887452602386476
  kitti_jaccard_micro: 0.8375396030289787

2024-06-24 14:45:13,956 - INFO - Validation Stats
Loss:
  total: 0.6996921499570211
Metrics:
  kitti_dice: 0.8334471980730692
  kitti_jaccard_macro: 0.3717823922634125
  kitti_jaccard_micro: 0.7298827568689982

2024-06-24 14:45:13,956 - INFO - Epoch 48/120
2024-06-24 14:45:23,153 - INFO - Train Stats
Loss:
  supervised: 0.29725257882050105
  total: 0.5079955543790545
  unsupervised: 0.21074297683579582
  unsupervised_weighted: 0.21074297683579582
Metrics:
  kitti_dice: 0.9046937261308943
  kitti_jaccard_macro: 0.46819343311446054
  kitti_jaccard_micro: 0.8368541819708688

2024-06-24 14:45:23,589 - INFO - Validation Stats
Loss:
  total: 0.7268310785293579
Metrics:
  kitti_dice: 0.8292718728383383
  kitti_jaccard_macro: 0.3603168527285258
  kitti_jaccard_micro: 0.7238979935646057

2024-06-24 14:45:23,589 - INFO - Epoch 49/120
2024-06-24 14:45:32,799 - INFO - Train Stats
Loss:
  supervised: 0.2938726076057979
  total: 0.5078787130968911
  unsupervised: 0.21400610272373471
  unsupervised_weighted: 0.21400610272373471
Metrics:
  kitti_dice: 0.9061614104679653
  kitti_jaccard_macro: 0.474629077741078
  kitti_jaccard_micro: 0.8394345930644445

2024-06-24 14:45:33,241 - INFO - Validation Stats
Loss:
  total: 0.7256388465563456
Metrics:
  kitti_dice: 0.8286710381507874
  kitti_jaccard_macro: 0.36412255962689716
  kitti_jaccard_micro: 0.7238066991170248

2024-06-24 14:45:33,241 - INFO - Epoch 50/120
2024-06-24 14:45:42,433 - INFO - Train Stats
Loss:
  supervised: 0.2896681721721377
  total: 0.5088181453091758
  unsupervised: 0.21914997888462884
  unsupervised_weighted: 0.21914997888462884
Metrics:
  kitti_dice: 0.9078311477388654
  kitti_jaccard_macro: 0.4814413973263332
  kitti_jaccard_micro: 0.8423813632556371

2024-06-24 14:45:42,878 - INFO - Validation Stats
Loss:
  total: 0.7176763017972311
Metrics:
  kitti_dice: 0.8316958745320638
  kitti_jaccard_macro: 0.3676397204399109
  kitti_jaccard_micro: 0.7277184128761292

2024-06-24 14:45:43,067 - INFO - Epoch 51/120
2024-06-24 14:45:52,227 - INFO - Train Stats
Loss:
  supervised: 0.29060919667993274
  total: 0.530959620646068
  unsupervised: 0.2403504282236099
  unsupervised_weighted: 0.2403504282236099
Metrics:
  kitti_dice: 0.9062892913818359
  kitti_jaccard_macro: 0.4813664708818708
  kitti_jaccard_micro: 0.8391713959830148

2024-06-24 14:45:52,663 - INFO - Validation Stats
Loss:
  total: 0.715074896812439
Metrics:
  kitti_dice: 0.832053005695343
  kitti_jaccard_macro: 0.3617235819498698
  kitti_jaccard_micro: 0.728149930636088

2024-06-24 14:45:52,663 - INFO - Epoch 52/120
2024-06-24 14:46:01,857 - INFO - Train Stats
Loss:
  supervised: 0.28265296135629925
  total: 0.5039586024624961
  unsupervised: 0.22130564217056548
  unsupervised_weighted: 0.22130564217056548
Metrics:
  kitti_dice: 0.9092959608350482
  kitti_jaccard_macro: 0.48118106637682234
  kitti_jaccard_micro: 0.8441181216921125

2024-06-24 14:46:02,298 - INFO - Validation Stats
Loss:
  total: 0.7524733344713846
Metrics:
  kitti_dice: 0.8300777872403463
  kitti_jaccard_macro: 0.36291303237279254
  kitti_jaccard_micro: 0.7242993116378784

2024-06-24 14:46:02,298 - INFO - Epoch 53/120
2024-06-24 14:46:11,502 - INFO - Train Stats
Loss:
  supervised: 0.2881214026893888
  total: 0.5324100911617279
  unsupervised: 0.2442886859178543
  unsupervised_weighted: 0.2442886859178543
Metrics:
  kitti_dice: 0.9077051384108407
  kitti_jaccard_macro: 0.4831038977418627
  kitti_jaccard_micro: 0.8413170916693551

2024-06-24 14:46:11,935 - INFO - Validation Stats
Loss:
  total: 0.7083075245221456
Metrics:
  kitti_dice: 0.8307831287384033
  kitti_jaccard_macro: 0.36704616745313007
  kitti_jaccard_micro: 0.7270578344662985

2024-06-24 14:46:11,935 - INFO - Epoch 54/120
2024-06-24 14:46:21,110 - INFO - Train Stats
Loss:
  supervised: 0.2797843477555684
  total: 0.49853876318250384
  unsupervised: 0.21875440989221845
  unsupervised_weighted: 0.21875440989221845
Metrics:
  kitti_dice: 0.9091259922300067
  kitti_jaccard_macro: 0.4864197952406747
  kitti_jaccard_micro: 0.8437362108911787

2024-06-24 14:46:21,545 - INFO - Validation Stats
Loss:
  total: 0.7528774539629618
Metrics:
  kitti_dice: 0.8291797041893005
  kitti_jaccard_macro: 0.3651246825853984
  kitti_jaccard_micro: 0.7234640916188558

2024-06-24 14:46:21,545 - INFO - Epoch 55/120
2024-06-24 14:46:30,733 - INFO - Train Stats
Loss:
  supervised: 0.2827696110521044
  total: 0.5013705321720668
  unsupervised: 0.21860092175858362
  unsupervised_weighted: 0.21860092175858362
Metrics:
  kitti_dice: 0.9079934409686498
  kitti_jaccard_macro: 0.4800438753196171
  kitti_jaccard_micro: 0.8419540115765163

2024-06-24 14:46:31,167 - INFO - Validation Stats
Loss:
  total: 0.7127881248792013
Metrics:
  kitti_dice: 0.8323464194933573
  kitti_jaccard_macro: 0.3654903173446655
  kitti_jaccard_micro: 0.7289045850435892

2024-06-24 14:46:31,167 - INFO - Epoch 56/120
2024-06-24 14:46:40,399 - INFO - Train Stats
Loss:
  supervised: 0.2850869012730462
  total: 0.4960793495178223
  unsupervised: 0.21099244675465992
  unsupervised_weighted: 0.21099244675465992
Metrics:
  kitti_dice: 0.9070007256099156
  kitti_jaccard_macro: 0.48375510913985115
  kitti_jaccard_micro: 0.8401783279010228

2024-06-24 14:46:40,832 - INFO - Validation Stats
Loss:
  total: 0.6915779511133829
Metrics:
  kitti_dice: 0.8334620793660482
  kitti_jaccard_macro: 0.3730065127213796
  kitti_jaccard_micro: 0.72901451587677

2024-06-24 14:46:40,832 - INFO - Epoch 57/120
2024-06-24 14:46:50,036 - INFO - Train Stats
Loss:
  supervised: 0.2771459375108991
  total: 0.5002965228898185
  unsupervised: 0.22315058410167693
  unsupervised_weighted: 0.22315058410167693
Metrics:
  kitti_dice: 0.9099765283720834
  kitti_jaccard_macro: 0.4935425647667476
  kitti_jaccard_micro: 0.8451011981282915

2024-06-24 14:46:50,475 - INFO - Validation Stats
Loss:
  total: 0.7403708895047506
Metrics:
  kitti_dice: 0.8329452276229858
  kitti_jaccard_macro: 0.3737967014312744
  kitti_jaccard_micro: 0.7292025883992513

2024-06-24 14:46:50,475 - INFO - Epoch 58/120
2024-06-24 14:46:59,682 - INFO - Train Stats
Loss:
  supervised: 0.2725041261741093
  total: 0.5004428310053689
  unsupervised: 0.2279387069599969
  unsupervised_weighted: 0.2279387069599969
Metrics:
  kitti_dice: 0.9121675968170166
  kitti_jaccard_macro: 0.5037265803132739
  kitti_jaccard_micro: 0.8486363683428083

2024-06-24 14:47:00,117 - INFO - Validation Stats
Loss:
  total: 0.722830573717753
Metrics:
  kitti_dice: 0.8320923646291097
  kitti_jaccard_macro: 0.3713520367940267
  kitti_jaccard_micro: 0.7280887762705485

2024-06-24 14:47:00,117 - INFO - Epoch 59/120
2024-06-24 14:47:09,333 - INFO - Train Stats
Loss:
  supervised: 0.27864823043346404
  total: 0.4783081471920013
  unsupervised: 0.19965992080313819
  unsupervised_weighted: 0.19965992080313819
Metrics:
  kitti_dice: 0.9093145557812282
  kitti_jaccard_macro: 0.48326875056539265
  kitti_jaccard_micro: 0.8446000252451216

2024-06-24 14:47:09,773 - INFO - Validation Stats
Loss:
  total: 0.728199323018392
Metrics:
  kitti_dice: 0.8352168401082357
  kitti_jaccard_macro: 0.3689008851846059
  kitti_jaccard_micro: 0.7324050267537435

2024-06-24 14:47:09,773 - INFO - Epoch 60/120
2024-06-24 14:47:18,970 - INFO - Train Stats
Loss:
  supervised: 0.27220259606838226
  total: 0.5090050467423031
  unsupervised: 0.23680244854518345
  unsupervised_weighted: 0.23680244854518345
Metrics:
  kitti_dice: 0.9105790598051888
  kitti_jaccard_macro: 0.4936812477452414
  kitti_jaccard_micro: 0.8462414349828448

2024-06-24 14:47:19,400 - INFO - Validation Stats
Loss:
  total: 0.7522592743237814
Metrics:
  kitti_dice: 0.8336189786593119
  kitti_jaccard_macro: 0.36953965822855633
  kitti_jaccard_micro: 0.7296470204989115

2024-06-24 14:47:19,594 - INFO - Epoch 61/120
2024-06-24 14:47:28,792 - INFO - Train Stats
Loss:
  supervised: 0.27161404405321393
  total: 0.48986639550754
  unsupervised: 0.21825234975133623
  unsupervised_weighted: 0.21825234975133623
Metrics:
  kitti_dice: 0.9120687093053546
  kitti_jaccard_macro: 0.4983383851391929
  kitti_jaccard_micro: 0.8486227648598808

2024-06-24 14:47:29,217 - INFO - Validation Stats
Loss:
  total: 0.6984800895055135
Metrics:
  kitti_dice: 0.8381604154904684
  kitti_jaccard_macro: 0.37197760740915936
  kitti_jaccard_micro: 0.7375516494115194

2024-06-24 14:47:29,217 - INFO - Epoch 62/120
2024-06-24 14:47:38,456 - INFO - Train Stats
Loss:
  supervised: 0.2699567620243345
  total: 0.4837173180920737
  unsupervised: 0.2137605552162443
  unsupervised_weighted: 0.2137605552162443
Metrics:
  kitti_dice: 0.9120400769369943
  kitti_jaccard_macro: 0.5087901438985553
  kitti_jaccard_micro: 0.8490507176944188

2024-06-24 14:47:38,890 - INFO - Validation Stats
Loss:
  total: 0.7261266509691874
Metrics:
  kitti_dice: 0.8353517254193624
  kitti_jaccard_macro: 0.3706206977367401
  kitti_jaccard_micro: 0.7326633930206299

2024-06-24 14:47:38,890 - INFO - Epoch 63/120
2024-06-24 14:47:48,094 - INFO - Train Stats
Loss:
  supervised: 0.27337312613214765
  total: 0.48553019080843246
  unsupervised: 0.212157065314906
  unsupervised_weighted: 0.212157065314906
Metrics:
  kitti_dice: 0.9100061229297093
  kitti_jaccard_macro: 0.48413821969713483
  kitti_jaccard_micro: 0.8450719714164734

2024-06-24 14:47:48,525 - INFO - Validation Stats
Loss:
  total: 0.7416935563087463
Metrics:
  kitti_dice: 0.8317972421646118
  kitti_jaccard_macro: 0.3668782711029053
  kitti_jaccard_micro: 0.7270810604095459

2024-06-24 14:47:48,526 - INFO - Epoch 64/120
2024-06-24 14:47:57,740 - INFO - Train Stats
Loss:
  supervised: 0.26732604673930577
  total: 0.48931809152875627
  unsupervised: 0.22199204564094543
  unsupervised_weighted: 0.22199204564094543
Metrics:
  kitti_dice: 0.9123477986880711
  kitti_jaccard_macro: 0.5060214826038906
  kitti_jaccard_micro: 0.8488624777112689

2024-06-24 14:47:58,172 - INFO - Validation Stats
Loss:
  total: 0.7556147972742716
Metrics:
  kitti_dice: 0.8326623241106669
  kitti_jaccard_macro: 0.3670765161514282
  kitti_jaccard_micro: 0.7279442151387533

2024-06-24 14:47:58,172 - INFO - Epoch 65/120
2024-06-24 14:48:07,385 - INFO - Train Stats
Loss:
  supervised: 0.26646489735160556
  total: 0.49626402514321466
  unsupervised: 0.2297991252371243
  unsupervised_weighted: 0.2297991252371243
Metrics:
  kitti_dice: 0.9129600984709604
  kitti_jaccard_macro: 0.49973647168704444
  kitti_jaccard_micro: 0.8501656804765974

2024-06-24 14:48:07,820 - INFO - Validation Stats
Loss:
  total: 0.7340173721313477
Metrics:
  kitti_dice: 0.8339290022850037
  kitti_jaccard_macro: 0.37122081716855365
  kitti_jaccard_micro: 0.7305965423583984

2024-06-24 14:48:07,820 - INFO - Epoch 66/120
2024-06-24 14:48:17,050 - INFO - Train Stats
Loss:
  supervised: 0.2635209070784705
  total: 0.4785890451499394
  unsupervised: 0.21506813913583755
  unsupervised_weighted: 0.21506813913583755
Metrics:
  kitti_dice: 0.9138061250959124
  kitti_jaccard_macro: 0.49722485286848883
  kitti_jaccard_micro: 0.8516155191830226

2024-06-24 14:48:17,481 - INFO - Validation Stats
Loss:
  total: 0.749954084555308
Metrics:
  kitti_dice: 0.8338602582613627
  kitti_jaccard_macro: 0.36992643276850384
  kitti_jaccard_micro: 0.7302272915840149

2024-06-24 14:48:17,481 - INFO - Epoch 67/120
2024-06-24 14:48:26,665 - INFO - Train Stats
Loss:
  supervised: 0.2645236815725054
  total: 0.468736241544996
  unsupervised: 0.20421256103685925
  unsupervised_weighted: 0.20421256103685925
Metrics:
  kitti_dice: 0.9135171515601022
  kitti_jaccard_macro: 0.5033217217241015
  kitti_jaccard_micro: 0.8510972516877311

2024-06-24 14:48:27,101 - INFO - Validation Stats
Loss:
  total: 0.7210704684257507
Metrics:
  kitti_dice: 0.8368871013323466
  kitti_jaccard_macro: 0.3756970961888631
  kitti_jaccard_micro: 0.7341548204421997

2024-06-24 14:48:27,101 - INFO - Epoch 68/120
2024-06-24 14:48:36,301 - INFO - Train Stats
Loss:
  supervised: 0.259852666088513
  total: 0.480631183726447
  unsupervised: 0.22077851891517639
  unsupervised_weighted: 0.22077851891517639
Metrics:
  kitti_dice: 0.9148705039705549
  kitti_jaccard_macro: 0.5049995601177215
  kitti_jaccard_micro: 0.8532646707126073

2024-06-24 14:48:36,733 - INFO - Validation Stats
Loss:
  total: 0.7252498666445414
Metrics:
  kitti_dice: 0.83509894212087
  kitti_jaccard_macro: 0.37274007002512616
  kitti_jaccard_micro: 0.7324694395065308

2024-06-24 14:48:36,733 - INFO - Epoch 69/120
2024-06-24 14:48:45,936 - INFO - Train Stats
Loss:
  supervised: 0.25920448090348924
  total: 0.48571135572024754
  unsupervised: 0.2265068735395159
  unsupervised_weighted: 0.2265068735395159
Metrics:
  kitti_dice: 0.9148189340318952
  kitti_jaccard_macro: 0.5011084735393524
  kitti_jaccard_micro: 0.8530890379633222

2024-06-24 14:48:46,369 - INFO - Validation Stats
Loss:
  total: 0.7111909588177999
Metrics:
  kitti_dice: 0.8355823159217834
  kitti_jaccard_macro: 0.37231673796971637
  kitti_jaccard_micro: 0.7325222690900167

2024-06-24 14:48:46,369 - INFO - Epoch 70/120
2024-06-24 14:48:55,527 - INFO - Train Stats
Loss:
  supervised: 0.2613038192902293
  total: 0.48840022512844633
  unsupervised: 0.2270964081798281
  unsupervised_weighted: 0.2270964081798281
Metrics:
  kitti_dice: 0.9136795401573181
  kitti_jaccard_macro: 0.49814523203032357
  kitti_jaccard_micro: 0.8510053430284773

2024-06-24 14:48:55,965 - INFO - Validation Stats
Loss:
  total: 0.7181522250175476
Metrics:
  kitti_dice: 0.8357839981714884
  kitti_jaccard_macro: 0.3741006056467692
  kitti_jaccard_micro: 0.7328246831893921

2024-06-24 14:48:56,078 - INFO - Epoch 71/120
2024-06-24 14:49:05,304 - INFO - Train Stats
Loss:
  supervised: 0.2619864155139242
  total: 0.473614211167608
  unsupervised: 0.21162779075758797
  unsupervised_weighted: 0.21162779075758797
Metrics:
  kitti_dice: 0.9128031952040536
  kitti_jaccard_macro: 0.5015480705669948
  kitti_jaccard_micro: 0.8496714523860387

2024-06-24 14:49:05,739 - INFO - Validation Stats
Loss:
  total: 0.7317564090092977
Metrics:
  kitti_dice: 0.8315482934316
  kitti_jaccard_macro: 0.3695448438326518
  kitti_jaccard_micro: 0.7280486027399699

2024-06-24 14:49:05,739 - INFO - Epoch 72/120
2024-06-24 14:49:14,970 - INFO - Train Stats
Loss:
  supervised: 0.2573566781623023
  total: 0.47731648087501527
  unsupervised: 0.21995980377708163
  unsupervised_weighted: 0.21995980377708163
Metrics:
  kitti_dice: 0.9153258902685982
  kitti_jaccard_macro: 0.5115773064749581
  kitti_jaccard_micro: 0.8537385804312569

2024-06-24 14:49:15,400 - INFO - Validation Stats
Loss:
  total: 0.7542341351509094
Metrics:
  kitti_dice: 0.8322916825612386
  kitti_jaccard_macro: 0.37065862615903217
  kitti_jaccard_micro: 0.7278426885604858

2024-06-24 14:49:15,400 - INFO - Epoch 73/120
2024-06-24 14:49:24,634 - INFO - Train Stats
Loss:
  supervised: 0.25890875096832006
  total: 0.4612161108425685
  unsupervised: 0.20230735625539506
  unsupervised_weighted: 0.20230735625539506
Metrics:
  kitti_dice: 0.9148953744343349
  kitti_jaccard_macro: 0.502958254303251
  kitti_jaccard_micro: 0.8534919449261257

2024-06-24 14:49:25,073 - INFO - Validation Stats
Loss:
  total: 0.7483343482017517
Metrics:
  kitti_dice: 0.8341113924980164
  kitti_jaccard_macro: 0.3672327796618144
  kitti_jaccard_micro: 0.7302485108375549

2024-06-24 14:49:25,073 - INFO - Epoch 74/120
2024-06-24 14:49:34,267 - INFO - Train Stats
Loss:
  supervised: 0.256688486465386
  total: 0.4814411972250257
  unsupervised: 0.2247527043734278
  unsupervised_weighted: 0.2247527043734278
Metrics:
  kitti_dice: 0.9149191209248134
  kitti_jaccard_macro: 0.49936421087809973
  kitti_jaccard_micro: 0.8528000984873091

2024-06-24 14:49:34,704 - INFO - Validation Stats
Loss:
  total: 0.7367516160011292
Metrics:
  kitti_dice: 0.8351963758468628
  kitti_jaccard_macro: 0.3695169687271118
  kitti_jaccard_micro: 0.7320520083109537

2024-06-24 14:49:34,704 - INFO - Epoch 75/120
2024-06-24 14:49:43,897 - INFO - Train Stats
Loss:
  supervised: 0.2576702854463032
  total: 0.4668627100331443
  unsupervised: 0.20919242756707326
  unsupervised_weighted: 0.20919242756707326
Metrics:
  kitti_dice: 0.9149966682706561
  kitti_jaccard_macro: 0.4998309178011758
  kitti_jaccard_micro: 0.8529390573501587

2024-06-24 14:49:44,329 - INFO - Validation Stats
Loss:
  total: 0.7489879329999288
Metrics:
  kitti_dice: 0.8341870506604513
  kitti_jaccard_macro: 0.37565435965855914
  kitti_jaccard_micro: 0.7305527726809183

2024-06-24 14:49:44,329 - INFO - Epoch 76/120
2024-06-24 14:49:53,521 - INFO - Train Stats
Loss:
  supervised: 0.25326216838189536
  total: 0.47432211680071695
  unsupervised: 0.2210599475673267
  unsupervised_weighted: 0.2210599475673267
Metrics:
  kitti_dice: 0.916315656048911
  kitti_jaccard_macro: 0.5041311774935041
  kitti_jaccard_micro: 0.8556295752525329

2024-06-24 14:49:53,958 - INFO - Validation Stats
Loss:
  total: 0.7638489206631979
Metrics:
  kitti_dice: 0.8349127769470215
  kitti_jaccard_macro: 0.3685913582642873
  kitti_jaccard_micro: 0.73139621814092

2024-06-24 14:49:53,958 - INFO - Epoch 77/120
2024-06-24 14:50:03,152 - INFO - Train Stats
Loss:
  supervised: 0.25314299634524756
  total: 0.4858263790607452
  unsupervised: 0.23268338122538157
  unsupervised_weighted: 0.23268338122538157
Metrics:
  kitti_dice: 0.9162005492619105
  kitti_jaccard_macro: 0.5044844550745827
  kitti_jaccard_micro: 0.8554827553885324

2024-06-24 14:50:03,583 - INFO - Validation Stats
Loss:
  total: 0.7149290839831034
Metrics:
  kitti_dice: 0.8360292911529541
  kitti_jaccard_macro: 0.37300771474838257
  kitti_jaccard_micro: 0.7341281175613403

2024-06-24 14:50:03,583 - INFO - Epoch 78/120
2024-06-24 14:50:12,799 - INFO - Train Stats
Loss:
  supervised: 0.26073079875537325
  total: 0.4747314052922385
  unsupervised: 0.21400060611111776
  unsupervised_weighted: 0.21400060611111776
Metrics:
  kitti_dice: 0.9148423705782209
  kitti_jaccard_macro: 0.5064017994063241
  kitti_jaccard_micro: 0.8528984597751073

2024-06-24 14:50:13,236 - INFO - Validation Stats
Loss:
  total: 0.7619069417317709
Metrics:
  kitti_dice: 0.8342104355494181
  kitti_jaccard_macro: 0.37301990389823914
  kitti_jaccard_micro: 0.7302498817443848

2024-06-24 14:50:13,236 - INFO - Epoch 79/120
2024-06-24 14:50:22,435 - INFO - Train Stats
Loss:
  supervised: 0.2553924124155726
  total: 0.4568222114018032
  unsupervised: 0.20142980175358907
  unsupervised_weighted: 0.20142980175358907
Metrics:
  kitti_dice: 0.9157159226281303
  kitti_jaccard_macro: 0.5110281918730054
  kitti_jaccard_micro: 0.8546087690762111

2024-06-24 14:50:22,876 - INFO - Validation Stats
Loss:
  total: 0.7687724431355795
Metrics:
  kitti_dice: 0.8341423273086548
  kitti_jaccard_macro: 0.36839596430460614
  kitti_jaccard_micro: 0.7307637135187784

2024-06-24 14:50:22,876 - INFO - Epoch 80/120
2024-06-24 14:50:32,097 - INFO - Train Stats
Loss:
  supervised: 0.25234688137258804
  total: 0.444455087184906
  unsupervised: 0.19210820836680276
  unsupervised_weighted: 0.19210820836680276
Metrics:
  kitti_dice: 0.916503243786948
  kitti_jaccard_macro: 0.5056642515318734
  kitti_jaccard_micro: 0.8554221766335623

2024-06-24 14:50:32,533 - INFO - Validation Stats
Loss:
  total: 0.7438652714093527
Metrics:
  kitti_dice: 0.836255153020223
  kitti_jaccard_macro: 0.3713554839293162
  kitti_jaccard_micro: 0.7334678173065186

2024-06-24 14:50:32,648 - INFO - Epoch 81/120
2024-06-24 14:50:41,831 - INFO - Train Stats
Loss:
  supervised: 0.25076995364257265
  total: 0.45137385385377066
  unsupervised: 0.20060389786958693
  unsupervised_weighted: 0.20060389786958693
Metrics:
  kitti_dice: 0.9169997913496835
  kitti_jaccard_macro: 0.5079736394541604
  kitti_jaccard_micro: 0.8567711319242205

2024-06-24 14:50:42,264 - INFO - Validation Stats
Loss:
  total: 0.7599725723266602
Metrics:
  kitti_dice: 0.835303525129954
  kitti_jaccard_macro: 0.3723753293355306
  kitti_jaccard_micro: 0.7327507734298706

2024-06-24 14:50:42,264 - INFO - Epoch 82/120
2024-06-24 14:50:51,450 - INFO - Train Stats
Loss:
  supervised: 0.2516025613461222
  total: 0.47693876198359897
  unsupervised: 0.22533620063747678
  unsupervised_weighted: 0.22533620063747678
Metrics:
  kitti_dice: 0.9164433121681214
  kitti_jaccard_macro: 0.5097327632563454
  kitti_jaccard_micro: 0.8552215950829642

2024-06-24 14:50:51,886 - INFO - Validation Stats
Loss:
  total: 0.7686029672622681
Metrics:
  kitti_dice: 0.8352733453114828
  kitti_jaccard_macro: 0.3696023225784302
  kitti_jaccard_micro: 0.7328084309895834

2024-06-24 14:50:51,886 - INFO - Epoch 83/120
2024-06-24 14:51:01,050 - INFO - Train Stats
Loss:
  supervised: 0.24850173933165415
  total: 0.44568416816847667
  unsupervised: 0.19718242926256999
  unsupervised_weighted: 0.19718242926256999
Metrics:
  kitti_dice: 0.9178040061678205
  kitti_jaccard_macro: 0.5163874932697841
  kitti_jaccard_micro: 0.8575363057000297

2024-06-24 14:51:01,484 - INFO - Validation Stats
Loss:
  total: 0.7751838366190592
Metrics:
  kitti_dice: 0.8346039652824402
  kitti_jaccard_macro: 0.3690597017606099
  kitti_jaccard_micro: 0.7310899694760641

2024-06-24 14:51:01,484 - INFO - Epoch 84/120
2024-06-24 14:51:10,690 - INFO - Train Stats
Loss:
  supervised: 0.2511462424482618
  total: 0.4619219166891915
  unsupervised: 0.21077566998345512
  unsupervised_weighted: 0.21077566998345512
Metrics:
  kitti_dice: 0.9175446442195347
  kitti_jaccard_macro: 0.517219546011516
  kitti_jaccard_micro: 0.8573675462177821

2024-06-24 14:51:11,141 - INFO - Validation Stats
Loss:
  total: 0.7561923464139303
Metrics:
  kitti_dice: 0.8368717630704244
  kitti_jaccard_macro: 0.3746573825677236
  kitti_jaccard_micro: 0.7342493534088135

2024-06-24 14:51:11,141 - INFO - Epoch 85/120
2024-06-24 14:51:20,341 - INFO - Train Stats
Loss:
  supervised: 0.24927274733781815
  total: 0.4570320997919355
  unsupervised: 0.2077593545828547
  unsupervised_weighted: 0.2077593545828547
Metrics:
  kitti_dice: 0.9174187541007995
  kitti_jaccard_macro: 0.5190576612949371
  kitti_jaccard_micro: 0.8577000822339739

2024-06-24 14:51:20,776 - INFO - Validation Stats
Loss:
  total: 0.7548459966977438
Metrics:
  kitti_dice: 0.83761594692866
  kitti_jaccard_macro: 0.37125056982040405
  kitti_jaccard_micro: 0.7344009081522623

2024-06-24 14:51:20,777 - INFO - Epoch 86/120
2024-06-24 14:51:29,939 - INFO - Train Stats
Loss:
  supervised: 0.24762854959283556
  total: 0.4669070090566363
  unsupervised: 0.21927845967667445
  unsupervised_weighted: 0.21927845967667445
Metrics:
  kitti_dice: 0.9177302428654261
  kitti_jaccard_macro: 0.5216251713888985
  kitti_jaccard_micro: 0.8575583798544747

2024-06-24 14:51:30,405 - INFO - Validation Stats
Loss:
  total: 0.7351266344388326
Metrics:
  kitti_dice: 0.8398513396581014
  kitti_jaccard_macro: 0.37502267956733704
  kitti_jaccard_micro: 0.7389510075251261

2024-06-24 14:51:30,405 - INFO - Epoch 87/120
2024-06-24 14:51:39,568 - INFO - Train Stats
Loss:
  supervised: 0.2461660744888442
  total: 0.4605450528008597
  unsupervised: 0.214378978737763
  unsupervised_weighted: 0.214378978737763
Metrics:
  kitti_dice: 0.9184540118489947
  kitti_jaccard_macro: 0.5168736713273184
  kitti_jaccard_micro: 0.8586020231246948

2024-06-24 14:51:40,009 - INFO - Validation Stats
Loss:
  total: 0.7438765565554301
Metrics:
  kitti_dice: 0.8378402988115946
  kitti_jaccard_macro: 0.3722071448961894
  kitti_jaccard_micro: 0.7360130151112875

2024-06-24 14:51:40,009 - INFO - Epoch 88/120
2024-06-24 14:51:49,199 - INFO - Train Stats
Loss:
  supervised: 0.2500911237938063
  total: 0.47126726295266835
  unsupervised: 0.22117613809449332
  unsupervised_weighted: 0.22117613809449332
Metrics:
  kitti_dice: 0.917024918964931
  kitti_jaccard_macro: 0.5107089928218297
  kitti_jaccard_micro: 0.8566263403211322

2024-06-24 14:51:49,638 - INFO - Validation Stats
Loss:
  total: 0.7661723891894022
Metrics:
  kitti_dice: 0.8360735575358073
  kitti_jaccard_macro: 0.3703678250312805
  kitti_jaccard_micro: 0.733253022034963

2024-06-24 14:51:49,638 - INFO - Epoch 89/120
2024-06-24 14:51:58,836 - INFO - Train Stats
Loss:
  supervised: 0.24690878646714345
  total: 0.44742838995797296
  unsupervised: 0.20051959987197604
  unsupervised_weighted: 0.20051959987197604
Metrics:
  kitti_dice: 0.9179762755121503
  kitti_jaccard_macro: 0.5186713865825108
  kitti_jaccard_micro: 0.8576266765594482

2024-06-24 14:51:59,270 - INFO - Validation Stats
Loss:
  total: 0.7704765399297079
Metrics:
  kitti_dice: 0.8355216185251871
  kitti_jaccard_macro: 0.3738291064898173
  kitti_jaccard_micro: 0.7316030065218607

2024-06-24 14:51:59,270 - INFO - Epoch 90/120
2024-06-24 14:52:08,476 - INFO - Train Stats
Loss:
  supervised: 0.24741351050989968
  total: 0.4577276340552739
  unsupervised: 0.21031412205525807
  unsupervised_weighted: 0.21031412205525807
Metrics:
  kitti_dice: 0.9172640970775059
  kitti_jaccard_macro: 0.5098989358970097
  kitti_jaccard_micro: 0.8564705559185573

2024-06-24 14:52:08,910 - INFO - Validation Stats
Loss:
  total: 0.7471514940261841
Metrics:
  kitti_dice: 0.8407055139541626
  kitti_jaccard_macro: 0.3761948545773824
  kitti_jaccard_micro: 0.7398541768391927

2024-06-24 14:52:09,102 - INFO - Epoch 91/120
2024-06-24 14:52:18,313 - INFO - Train Stats
Loss:
  supervised: 0.2466725902897971
  total: 0.4546871278967176
  unsupervised: 0.2080145376069205
  unsupervised_weighted: 0.2080145376069205
Metrics:
  kitti_dice: 0.918561497756413
  kitti_jaccard_macro: 0.5159148318426949
  kitti_jaccard_micro: 0.859366181918553

2024-06-24 14:52:18,743 - INFO - Validation Stats
Loss:
  total: 0.7529451052347819
Metrics:
  kitti_dice: 0.8386433323224386
  kitti_jaccard_macro: 0.3728235562642415
  kitti_jaccard_micro: 0.7370252807935079

2024-06-24 14:52:18,743 - INFO - Epoch 92/120
2024-06-24 14:52:27,965 - INFO - Train Stats
Loss:
  supervised: 0.24765064056430544
  total: 0.4575398257800511
  unsupervised: 0.20988918606724058
  unsupervised_weighted: 0.20988918606724058
Metrics:
  kitti_dice: 0.917949332509722
  kitti_jaccard_macro: 0.5188261015074593
  kitti_jaccard_micro: 0.8577485271862575

2024-06-24 14:52:28,397 - INFO - Validation Stats
Loss:
  total: 0.7575115164120992
Metrics:
  kitti_dice: 0.8380946318308512
  kitti_jaccard_macro: 0.37444300452868146
  kitti_jaccard_micro: 0.7361207207043966

2024-06-24 14:52:28,397 - INFO - Epoch 93/120
2024-06-24 14:52:37,600 - INFO - Train Stats
Loss:
  supervised: 0.2457220754453114
  total: 0.44647433502333506
  unsupervised: 0.20075226596423557
  unsupervised_weighted: 0.20075226596423557
Metrics:
  kitti_dice: 0.9185056226594107
  kitti_jaccard_macro: 0.508410586629595
  kitti_jaccard_micro: 0.8590844988822937

2024-06-24 14:52:38,037 - INFO - Validation Stats
Loss:
  total: 0.7511609395345052
Metrics:
  kitti_dice: 0.8374273379643759
  kitti_jaccard_macro: 0.37593987584114075
  kitti_jaccard_micro: 0.7354506850242615

2024-06-24 14:52:38,037 - INFO - Epoch 94/120
2024-06-24 14:52:47,294 - INFO - Train Stats
Loss:
  supervised: 0.24685573620455606
  total: 0.441610734803336
  unsupervised: 0.19475500030176982
  unsupervised_weighted: 0.19475500030176982
Metrics:
  kitti_dice: 0.9173192075320653
  kitti_jaccard_macro: 0.5129746607371739
  kitti_jaccard_micro: 0.8570865869522095

2024-06-24 14:52:47,730 - INFO - Validation Stats
Loss:
  total: 0.7586083014806112
Metrics:
  kitti_dice: 0.8379591703414917
  kitti_jaccard_macro: 0.3745421767234802
  kitti_jaccard_micro: 0.7356424927711487

2024-06-24 14:52:47,730 - INFO - Epoch 95/120
2024-06-24 14:52:56,967 - INFO - Train Stats
Loss:
  supervised: 0.24765135667153768
  total: 0.4529225128037589
  unsupervised: 0.2052711593253272
  unsupervised_weighted: 0.2052711593253272
Metrics:
  kitti_dice: 0.9168884566852025
  kitti_jaccard_macro: 0.5131986882005419
  kitti_jaccard_micro: 0.8560747163636344

2024-06-24 14:52:57,400 - INFO - Validation Stats
Loss:
  total: 0.7651530106862386
Metrics:
  kitti_dice: 0.8367671370506287
  kitti_jaccard_macro: 0.3687351544698079
  kitti_jaccard_micro: 0.7341458002726237

2024-06-24 14:52:57,400 - INFO - Epoch 96/120
2024-06-24 14:53:06,655 - INFO - Train Stats
Loss:
  supervised: 0.24244913033076695
  total: 0.4507056168147496
  unsupervised: 0.20825648712260383
  unsupervised_weighted: 0.20825648712260383
Metrics:
  kitti_dice: 0.9192785944257463
  kitti_jaccard_macro: 0.5235213731016432
  kitti_jaccard_micro: 0.8597661307879857

2024-06-24 14:53:07,085 - INFO - Validation Stats
Loss:
  total: 0.7876688639322916
Metrics:
  kitti_dice: 0.8361934026082357
  kitti_jaccard_macro: 0.3707192043463389
  kitti_jaccard_micro: 0.7335814833641052

2024-06-24 14:53:07,085 - INFO - Epoch 97/120
2024-06-24 14:53:16,245 - INFO - Train Stats
Loss:
  supervised: 0.24386702350207737
  total: 0.44354909317834035
  unsupervised: 0.19968206648315703
  unsupervised_weighted: 0.19968206648315703
Metrics:
  kitti_dice: 0.918516651221684
  kitti_jaccard_macro: 0.5107940784522466
  kitti_jaccard_micro: 0.8590149470738002

2024-06-24 14:53:16,678 - INFO - Validation Stats
Loss:
  total: 0.7732901175816854
Metrics:
  kitti_dice: 0.8362058599789938
  kitti_jaccard_macro: 0.3723158041636149
  kitti_jaccard_micro: 0.7344727317492167

2024-06-24 14:53:16,678 - INFO - Epoch 98/120
2024-06-24 14:53:25,857 - INFO - Train Stats
Loss:
  supervised: 0.2460276701620647
  total: 0.4517171791621617
  unsupervised: 0.20568951091596058
  unsupervised_weighted: 0.20568951091596058
Metrics:
  kitti_dice: 0.9184475779533386
  kitti_jaccard_macro: 0.5150326941694532
  kitti_jaccard_micro: 0.859017048563276

2024-06-24 14:53:26,294 - INFO - Validation Stats
Loss:
  total: 0.7339314222335815
Metrics:
  kitti_dice: 0.8396094838778178
  kitti_jaccard_macro: 0.3766677677631378
  kitti_jaccard_micro: 0.7384949922561646

2024-06-24 14:53:26,294 - INFO - Epoch 99/120
2024-06-24 14:53:35,482 - INFO - Train Stats
Loss:
  supervised: 0.24198075532913207
  total: 0.4515953898429871
  unsupervised: 0.20961463706833974
  unsupervised_weighted: 0.20961463706833974
Metrics:
  kitti_dice: 0.9194885849952698
  kitti_jaccard_macro: 0.519353130034038
  kitti_jaccard_micro: 0.860729239668165

2024-06-24 14:53:35,916 - INFO - Validation Stats
Loss:
  total: 0.7525448203086853
Metrics:
  kitti_dice: 0.837668796380361
  kitti_jaccard_macro: 0.3736441632111867
  kitti_jaccard_micro: 0.7354398965835571

2024-06-24 14:53:35,916 - INFO - Epoch 100/120
2024-06-24 14:53:45,129 - INFO - Train Stats
Loss:
  supervised: 0.24421099573373795
  total: 0.44739228316715784
  unsupervised: 0.20318128849778858
  unsupervised_weighted: 0.20318128849778858
Metrics:
  kitti_dice: 0.9185508149010795
  kitti_jaccard_macro: 0.5114506500107902
  kitti_jaccard_micro: 0.8592990568705967

2024-06-24 14:53:45,569 - INFO - Validation Stats
Loss:
  total: 0.7641689976056417
Metrics:
  kitti_dice: 0.8387208779652914
  kitti_jaccard_macro: 0.3727419078350067
  kitti_jaccard_micro: 0.7371142307917277

2024-06-24 14:53:45,766 - INFO - Epoch 101/120
2024-06-24 14:53:54,972 - INFO - Train Stats
Loss:
  supervised: 0.24165427748646054
  total: 0.44995237972055163
  unsupervised: 0.20829810202121735
  unsupervised_weighted: 0.20829810202121735
Metrics:
  kitti_dice: 0.9193808197975158
  kitti_jaccard_macro: 0.5281181463173458
  kitti_jaccard_micro: 0.8598927276475089

2024-06-24 14:53:55,421 - INFO - Validation Stats
Loss:
  total: 0.7779225707054138
Metrics:
  kitti_dice: 0.8359454274177551
  kitti_jaccard_macro: 0.37462788820266724
  kitti_jaccard_micro: 0.7332907319068909

2024-06-24 14:53:55,421 - INFO - Epoch 102/120
2024-06-24 14:54:04,614 - INFO - Train Stats
Loss:
  supervised: 0.2436957665852138
  total: 0.4495968793119703
  unsupervised: 0.20590111506836756
  unsupervised_weighted: 0.20590111506836756
Metrics:
  kitti_dice: 0.9190920659473965
  kitti_jaccard_macro: 0.5189367915902819
  kitti_jaccard_micro: 0.8599688717297145

2024-06-24 14:54:05,046 - INFO - Validation Stats
Loss:
  total: 0.7645125190416971
Metrics:
  kitti_dice: 0.8384724259376526
  kitti_jaccard_macro: 0.3747338056564331
  kitti_jaccard_micro: 0.7362684408823649

2024-06-24 14:54:05,046 - INFO - Epoch 103/120
2024-06-24 14:54:14,267 - INFO - Train Stats
Loss:
  supervised: 0.2435745371239526
  total: 0.46814811868327005
  unsupervised: 0.2245735817721912
  unsupervised_weighted: 0.2245735817721912
Metrics:
  kitti_dice: 0.9190451741218567
  kitti_jaccard_macro: 0.5238628906863076
  kitti_jaccard_micro: 0.8596052936145238

2024-06-24 14:54:14,701 - INFO - Validation Stats
Loss:
  total: 0.7646555304527283
Metrics:
  kitti_dice: 0.8385544220606486
  kitti_jaccard_macro: 0.3711870809396108
  kitti_jaccard_micro: 0.7370897531509399

2024-06-24 14:54:14,702 - INFO - Epoch 104/120
2024-06-24 14:54:23,885 - INFO - Train Stats
Loss:
  supervised: 0.24186232558318546
  total: 0.43923417329788206
  unsupervised: 0.1973718502691814
  unsupervised_weighted: 0.1973718502691814
Metrics:
  kitti_dice: 0.9194902215685163
  kitti_jaccard_macro: 0.5150709995201656
  kitti_jaccard_micro: 0.8603054387228829

2024-06-24 14:54:24,319 - INFO - Validation Stats
Loss:
  total: 0.7715691725413004
Metrics:
  kitti_dice: 0.8377859393755595
  kitti_jaccard_macro: 0.3719218571980794
  kitti_jaccard_micro: 0.7351775368054708

2024-06-24 14:54:24,319 - INFO - Epoch 105/120
2024-06-24 14:54:33,497 - INFO - Train Stats
Loss:
  supervised: 0.2419548436999321
  total: 0.4544862364019666
  unsupervised: 0.212531393127782
  unsupervised_weighted: 0.212531393127782
Metrics:
  kitti_dice: 0.9186477524893625
  kitti_jaccard_macro: 0.535296939100538
  kitti_jaccard_micro: 0.858870141846793

2024-06-24 14:54:33,932 - INFO - Validation Stats
Loss:
  total: 0.7696136037508646
Metrics:
  kitti_dice: 0.8373172283172607
  kitti_jaccard_macro: 0.37331069509188336
  kitti_jaccard_micro: 0.7350601553916931

2024-06-24 14:54:33,932 - INFO - Epoch 106/120
2024-06-24 14:54:43,162 - INFO - Train Stats
Loss:
  supervised: 0.24453270265034266
  total: 0.43459315512861524
  unsupervised: 0.19006045205252511
  unsupervised_weighted: 0.19006045205252511
Metrics:
  kitti_dice: 0.9190370508602688
  kitti_jaccard_macro: 0.5165334837777275
  kitti_jaccard_micro: 0.8601205638476781

2024-06-24 14:54:43,601 - INFO - Validation Stats
Loss:
  total: 0.7735701600710551
Metrics:
  kitti_dice: 0.8371246059735616
  kitti_jaccard_macro: 0.3697020510832469
  kitti_jaccard_micro: 0.7350523273150126

2024-06-24 14:54:43,601 - INFO - Epoch 107/120
2024-06-24 14:54:52,802 - INFO - Train Stats
Loss:
  supervised: 0.2444423530782972
  total: 0.4544051698275975
  unsupervised: 0.20996281653642654
  unsupervised_weighted: 0.20996281653642654
Metrics:
  kitti_dice: 0.9186844399997166
  kitti_jaccard_macro: 0.5139815509319305
  kitti_jaccard_micro: 0.8585992063794817

2024-06-24 14:54:53,241 - INFO - Validation Stats
Loss:
  total: 0.7675473491350809
Metrics:
  kitti_dice: 0.8376413782437643
  kitti_jaccard_macro: 0.37379444638888043
  kitti_jaccard_micro: 0.7354917327562968

2024-06-24 14:54:53,241 - INFO - Epoch 108/120
2024-06-24 14:55:02,436 - INFO - Train Stats
Loss:
  supervised: 0.24527342298201152
  total: 0.4338300364358085
  unsupervised: 0.18855661217655453
  unsupervised_weighted: 0.18855661217655453
Metrics:
  kitti_dice: 0.9183981997626168
  kitti_jaccard_macro: 0.5160786943776267
  kitti_jaccard_micro: 0.8583003963742938

2024-06-24 14:55:02,875 - INFO - Validation Stats
Loss:
  total: 0.7789347767829895
Metrics:
  kitti_dice: 0.8365974823633829
  kitti_jaccard_macro: 0.3727146585782369
  kitti_jaccard_micro: 0.734250525633494

2024-06-24 14:55:02,875 - INFO - Epoch 109/120
2024-06-24 14:55:12,072 - INFO - Train Stats
Loss:
  supervised: 0.24108546461377825
  total: 0.4404582049165453
  unsupervised: 0.19937274008989334
  unsupervised_weighted: 0.19937274008989334
Metrics:
  kitti_dice: 0.9193592957087926
  kitti_jaccard_macro: 0.5238325382981982
  kitti_jaccard_micro: 0.8596703631537301

2024-06-24 14:55:12,503 - INFO - Validation Stats
Loss:
  total: 0.7487735152244568
Metrics:
  kitti_dice: 0.8383298317591349
  kitti_jaccard_macro: 0.372964084148407
  kitti_jaccard_micro: 0.7373703718185425

2024-06-24 14:55:12,503 - INFO - Epoch 110/120
2024-06-24 14:55:21,710 - INFO - Train Stats
Loss:
  supervised: 0.2392680219241551
  total: 0.4582551547459194
  unsupervised: 0.21898713026727948
  unsupervised_weighted: 0.21898713026727948
Metrics:
  kitti_dice: 0.9196078504834856
  kitti_jaccard_macro: 0.5166013998644693
  kitti_jaccard_micro: 0.8607718416622707

2024-06-24 14:55:22,142 - INFO - Validation Stats
Loss:
  total: 0.754727840423584
Metrics:
  kitti_dice: 0.8384143710136414
  kitti_jaccard_macro: 0.37452178200085956
  kitti_jaccard_micro: 0.7364019354184469

2024-06-24 14:55:22,254 - INFO - Epoch 111/120
2024-06-24 14:55:31,483 - INFO - Train Stats
Loss:
  supervised: 0.24059458885874066
  total: 0.42602720601218086
  unsupervised: 0.1854326171534402
  unsupervised_weighted: 0.1854326171534402
Metrics:
  kitti_dice: 0.9204650231770106
  kitti_jaccard_macro: 0.518089462178094
  kitti_jaccard_micro: 0.8618802172797067

2024-06-24 14:55:31,918 - INFO - Validation Stats
Loss:
  total: 0.7623990376790365
Metrics:
  kitti_dice: 0.8382377823193868
  kitti_jaccard_macro: 0.3739766776561737
  kitti_jaccard_micro: 0.7364373207092285

2024-06-24 14:55:31,918 - INFO - Epoch 112/120
2024-06-24 14:55:41,126 - INFO - Train Stats
Loss:
  supervised: 0.24063195373330798
  total: 0.4569472725902285
  unsupervised: 0.2163153194955417
  unsupervised_weighted: 0.2163153194955417
Metrics:
  kitti_dice: 0.9198012692587716
  kitti_jaccard_macro: 0.5310814269951412
  kitti_jaccard_micro: 0.8612880621637616

2024-06-24 14:55:41,559 - INFO - Validation Stats
Loss:
  total: 0.7799206376075745
Metrics:
  kitti_dice: 0.837320347627004
  kitti_jaccard_macro: 0.373714804649353
  kitti_jaccard_micro: 0.735363225142161

2024-06-24 14:55:41,559 - INFO - Epoch 113/120
2024-06-24 14:55:50,744 - INFO - Train Stats
Loss:
  supervised: 0.24214243058647428
  total: 0.41548420531409125
  unsupervised: 0.17334177557911193
  unsupervised_weighted: 0.17334177557911193
Metrics:
  kitti_dice: 0.9194629669189454
  kitti_jaccard_macro: 0.517160599572318
  kitti_jaccard_micro: 0.8608048183577401

2024-06-24 14:55:51,180 - INFO - Validation Stats
Loss:
  total: 0.7690515518188477
Metrics:
  kitti_dice: 0.8380997180938721
  kitti_jaccard_macro: 0.37325740853945416
  kitti_jaccard_micro: 0.735835591952006

2024-06-24 14:55:51,181 - INFO - Epoch 114/120
2024-06-24 14:56:00,391 - INFO - Train Stats
Loss:
  supervised: 0.2436193457671574
  total: 0.4497418190751757
  unsupervised: 0.2061224726693971
  unsupervised_weighted: 0.2061224726693971
Metrics:
  kitti_dice: 0.9180028455598014
  kitti_jaccard_macro: 0.5206457146576473
  kitti_jaccard_micro: 0.8579869491713388

2024-06-24 14:56:00,830 - INFO - Validation Stats
Loss:
  total: 0.7900750239690145
Metrics:
  kitti_dice: 0.8365519841512045
  kitti_jaccard_macro: 0.3713080982367198
  kitti_jaccard_micro: 0.7344794074694315

2024-06-24 14:56:00,830 - INFO - Epoch 115/120
2024-06-24 14:56:10,036 - INFO - Train Stats
Loss:
  supervised: 0.24199057796171733
  total: 0.4277989276817867
  unsupervised: 0.18580834993294307
  unsupervised_weighted: 0.18580834993294307
Metrics:
  kitti_dice: 0.9196416922977992
  kitti_jaccard_macro: 0.5182597143309456
  kitti_jaccard_micro: 0.8606548224176679

2024-06-24 14:56:10,477 - INFO - Validation Stats
Loss:
  total: 0.7589740753173828
Metrics:
  kitti_dice: 0.8383110165596008
  kitti_jaccard_macro: 0.375390887260437
  kitti_jaccard_micro: 0.735640307267507

2024-06-24 14:56:10,477 - INFO - Epoch 116/120
2024-06-24 14:56:19,686 - INFO - Train Stats
Loss:
  supervised: 0.2407321035861969
  total: 0.4397786783320563
  unsupervised: 0.19904657304286957
  unsupervised_weighted: 0.19904657304286957
Metrics:
  kitti_dice: 0.9200145210538592
  kitti_jaccard_macro: 0.5348146455628532
  kitti_jaccard_micro: 0.8617514048303877

2024-06-24 14:56:20,121 - INFO - Validation Stats
Loss:
  total: 0.762874702612559
Metrics:
  kitti_dice: 0.8383554021517435
  kitti_jaccard_macro: 0.3736018141110738
  kitti_jaccard_micro: 0.7361183762550354

2024-06-24 14:56:20,122 - INFO - Epoch 117/120
2024-06-24 14:56:29,338 - INFO - Train Stats
Loss:
  supervised: 0.24140020906925203
  total: 0.4447680447782789
  unsupervised: 0.2033678378377642
  unsupervised_weighted: 0.2033678378377642
Metrics:
  kitti_dice: 0.919950042452131
  kitti_jaccard_macro: 0.5164386561938694
  kitti_jaccard_micro: 0.8611791917255947

2024-06-24 14:56:29,771 - INFO - Validation Stats
Loss:
  total: 0.8075608611106873
Metrics:
  kitti_dice: 0.8351986805597941
  kitti_jaccard_macro: 0.3717703620592753
  kitti_jaccard_micro: 0.731320341428121

2024-06-24 14:56:29,771 - INFO - Epoch 118/120
2024-06-24 14:56:39,010 - INFO - Train Stats
Loss:
  supervised: 0.24024939749922072
  total: 0.43043266747679026
  unsupervised: 0.19018327104193825
  unsupervised_weighted: 0.19018327104193825
Metrics:
  kitti_dice: 0.9196332676070077
  kitti_jaccard_macro: 0.5118365424019949
  kitti_jaccard_micro: 0.8606717024530683

2024-06-24 14:56:39,442 - INFO - Validation Stats
Loss:
  total: 0.7763634125391642
Metrics:
  kitti_dice: 0.8367780049641927
  kitti_jaccard_macro: 0.37301304936408997
  kitti_jaccard_micro: 0.7343223690986633

2024-06-24 14:56:39,443 - INFO - Epoch 119/120
2024-06-24 14:56:48,646 - INFO - Train Stats
Loss:
  supervised: 0.2451415070465633
  total: 0.4321602897984641
  unsupervised: 0.18701878296477453
  unsupervised_weighted: 0.18701878296477453
Metrics:
  kitti_dice: 0.9194362248693194
  kitti_jaccard_macro: 0.5121182782309396
  kitti_jaccard_micro: 0.860660285609109

2024-06-24 14:56:49,081 - INFO - Validation Stats
Loss:
  total: 0.7564680377642313
Metrics:
  kitti_dice: 0.8385437925656637
  kitti_jaccard_macro: 0.37594061096509296
  kitti_jaccard_micro: 0.7368782162666321

2024-06-24 14:56:49,082 - INFO - Epoch 120/120
2024-06-24 14:56:58,285 - INFO - Train Stats
Loss:
  supervised: 0.240517629470144
  total: 0.44247082131249565
  unsupervised: 0.20195319120373045
  unsupervised_weighted: 0.20195319120373045
Metrics:
  kitti_dice: 0.9201587387493678
  kitti_jaccard_macro: 0.5305142819881439
  kitti_jaccard_micro: 0.8614433595112392

2024-06-24 14:56:58,724 - INFO - Validation Stats
Loss:
  total: 0.77765820423762
Metrics:
  kitti_dice: 0.8361157973607382
  kitti_jaccard_macro: 0.3717637260754903
  kitti_jaccard_micro: 0.7329539060592651

2024-06-24 14:56:59,519 - INFO - Best validation loss: 0.6730049252510071
2024-06-24 14:56:59,604 - INFO - Best model saved to /home/up201905337/exploring-label-efficiency/weights/fixmatch_seg_kitti_mobilenet_70l.pth
2024-06-24 14:56:59,604 - INFO - Training took 1162.8364453315735 seconds to complete
